Log file open, 12/12/17 14:27:15
LogInit:Display: Running engine for game: SR_Prototype_V3
LogPlatformFile: Not using cached read wrapper
LogInit:Display: RandInit(2097145225) SRandInit(2097145225).
LogTaskGraph: Started task graph with 5 named threads and 8 total threads with 1 sets of task threads.
LogStats: Stats thread started at 0.073454
LogInit: Using libcurl 7.47.1
LogInit:  - built for x86_64-pc-win32
LogInit:  - supports SSL with OpenSSL/1.0.2g
LogInit:  - supports HTTP deflate (compression) using libz 1.2.8
LogInit:  - other features:
LogInit:      CURL_VERSION_SSL
LogInit:      CURL_VERSION_LIBZ
LogInit:      CURL_VERSION_IPV6
LogInit:      CURL_VERSION_ASYNCHDNS
LogInit:      CURL_VERSION_LARGEFILE
LogInit:      CURL_VERSION_IDN
LogInit:  CurlRequestOptions (configurable via config and command line):
LogInit:  - bVerifyPeer = false  - Libcurl will NOT verify peer certificate
LogInit:  - bUseHttpProxy = false  - Libcurl will NOT use HTTP proxy
LogInit:  - bDontReuseConnections = false  - Libcurl will reuse connections
LogInit:  - CertBundlePath = nullptr  - Libcurl will use whatever was configured at build time.
LogInit: Build: ++UE4+Release-4.16-CL-3561208
LogInit: Engine Version: 4.16.3-3561208+++UE4+Release-4.16
LogInit: Compatible Engine Version: 4.16.0-3452394+++UE4+Release-4.16
LogInit: Net CL: 3452394
LogDevObjectVersion: Number of dev versions registered: 16
LogDevObjectVersion:   Dev-Blueprints (B0D832E4-1F89-4F0D-ACCF-7EB736FD4AA2): 9
LogDevObjectVersion:   Dev-Build (E1C64328-A22C-4D53-A36C-8E866417BD8C): 0
LogDevObjectVersion:   Dev-Core (375EC13C-06E4-48FB-B500-84F0262A717E): 2
LogDevObjectVersion:   Dev-Editor (E4B068ED-F494-42E9-A231-DA0B2E46BB41): 17
LogDevObjectVersion:   Dev-Framework (CFFC743F-43B0-4480-9391-14DF171D2073): 23
LogDevObjectVersion:   Dev-Mobile (B02B49B5-BB20-44E9-A304-32B752E40360): 0
LogDevObjectVersion:   Dev-Networking (A4E4105C-59A1-49B5-A7C5-40C4547EDFEE): 0
LogDevObjectVersion:   Dev-Online (39C831C9-5AE6-47DC-9A44-9C173E1C8E7C): 0
LogDevObjectVersion:   Dev-Physics (78F01B33-EBEA-4F98-B9B4-84EACCB95AA2): 0
LogDevObjectVersion:   Dev-Platform (6631380F-2D4D-43E0-8009-CF276956A95A): 0
LogDevObjectVersion:   Dev-Rendering (12F88B9F-8875-4AFC-A67C-D90C383ABD29): 15
LogDevObjectVersion:   Dev-Sequencer (7B5AE74C-D270-4C10-A958-57980B212A5A): 4
LogDevObjectVersion:   Dev-VR (D7296918-1DD6-4BDD-9DE2-64A83CC13884): 0
LogDevObjectVersion:   Dev-LoadTimes (C2A15278-BFE7-4AFE-6C17-90FF531DF755): 1
LogDevObjectVersion:   Private-Geometry (6EACA3D4-40EC-4CC1-B786-8BED09428FC5): 1
LogDevObjectVersion:   Dev-AnimPhys (29E575DD-E0A3-4627-9D10-D276232CDCEA): 3
LogInit: Compiled (64-bit): Jul 28 2017 11:49:47
LogInit: Compiled with Visual C++: 19.00.24215.01
LogInit: Build Configuration: Development
LogInit: Branch Name: ++UE4+Release-4.16
LogInit: Command line:  
LogInit: Base directory: C:/Program Files/Epic Games/UE_4.16/Engine/Binaries/Win64/
LogInit: Installed Engine Build: 1
LogInit: Presizing for max 8388607 objects, including 0 objects not considered by GC, pre-allocating 0 bytes for permanent pool.
LogInit: Object subsystem initialized
[2017.12.12-13.27.16:253][  0]LogInit: Selected Device Profile: [Windows]
[2017.12.12-13.27.16:253][  0]LogInit: Applying CVar settings loaded from the selected device profile: [Windows]
[2017.12.12-13.27.16:269][  0]LogInit: Computer: WINDOWS-EUOFFC3
[2017.12.12-13.27.16:269][  0]LogInit: User: Bendick
[2017.12.12-13.27.16:269][  0]LogInit: CPU Page size=4096, Cores=4
[2017.12.12-13.27.16:269][  0]LogInit: High frequency timer resolution =3.914064 MHz
[2017.12.12-13.27.16:270][  0]LogMemory: Memory total: Physical=15.9GB (16GB approx)
[2017.12.12-13.27.16:270][  0]LogMemory: Platform Memory Stats for Windows
[2017.12.12-13.27.16:270][  0]LogMemory: Process Physical Memory: 273.93 MB used, 273.93 MB peak
[2017.12.12-13.27.16:270][  0]LogMemory: Process Virtual Memory: 265.00 MB used, 265.00 MB peak
[2017.12.12-13.27.16:270][  0]LogMemory: Physical Memory: 5653.67 MB used,  10669.31 MB free, 16322.98 MB total
[2017.12.12-13.27.16:270][  0]LogMemory: Virtual Memory: 676.00 MB used,  10669.31 MB free, 134217728.00 MB total
[2017.12.12-13.27.16:337][  0]LogInit: Using OS detected language (en-US).
[2017.12.12-13.27.16:337][  0]LogInit: Using OS detected locale (en-GB).
[2017.12.12-13.27.16:339][  0]LogTextLocalizationManager: No specific localization for 'en-US' exists, so the 'en' localization will be used.
[2017.12.12-13.27.16:959][  0]LogD3D11RHI: D3D11 adapters:
[2017.12.12-13.27.16:989][  0]LogD3D11RHI:    0. 'NVIDIA GeForce GTX 1070' (Feature Level 11_0)
[2017.12.12-13.27.16:989][  0]LogD3D11RHI:       8096/0/8161 MB DedicatedVideo/DedicatedSystem/SharedSystem, Outputs:2, VendorId:0x10de
[2017.12.12-13.27.16:990][  0]LogD3D11RHI:    1. 'Microsoft Basic Render Driver' (Feature Level 11_0)
[2017.12.12-13.27.16:990][  0]LogD3D11RHI:       0/0/8161 MB DedicatedVideo/DedicatedSystem/SharedSystem, Outputs:0, VendorId:0x1414
[2017.12.12-13.27.16:990][  0]LogD3D11RHI: Chosen D3D11 Adapter: 0
[2017.12.12-13.27.16:995][  0]LogD3D11RHI: Creating new Direct3DDevice
[2017.12.12-13.27.16:995][  0]LogD3D11RHI:     GPU DeviceId: 0x1b81 (for the marketing name, search the web for "GPU Device Id")
[2017.12.12-13.27.16:995][  0]LogWindows: EnumDisplayDevices:
[2017.12.12-13.27.16:995][  0]LogWindows:    0. 'NVIDIA GeForce GTX 1070' (P:1 D:1)
[2017.12.12-13.27.16:995][  0]LogWindows:    1. 'NVIDIA GeForce GTX 1070' (P:0 D:1)
[2017.12.12-13.27.16:995][  0]LogWindows:    2. 'NVIDIA GeForce GTX 1070' (P:0 D:0)
[2017.12.12-13.27.16:995][  0]LogWindows:    3. 'NVIDIA GeForce GTX 1070' (P:0 D:0)
[2017.12.12-13.27.16:995][  0]LogWindows: DebugString: GetVideoDriverDetailsInvalid PrimaryIsNotTheChoosenAdapter GetVideoDriverDetailsInvalid PrimaryIsNotTheChoosenAdapter GetVideoDriverDetailsInvalid PrimaryIsNotTheChoosenAdapter GetVideoDriverDetailsInvalid PrimaryIsNotTheChoosenAdapter FoundDriverCount:0 
[2017.12.12-13.27.16:995][  0]LogD3D11RHI:     Adapter Name: NVIDIA GeForce GTX 1070
[2017.12.12-13.27.16:995][  0]LogD3D11RHI:   Driver Version: Unknown (internal:Unknown, unified:Unknown)
[2017.12.12-13.27.16:995][  0]LogD3D11RHI:      Driver Date: Unknown
[2017.12.12-13.27.16:995][  0]LogRHI: Texture pool is 1361 MB (70% of 1945 MB)
[2017.12.12-13.27.17:013][  0]LogD3D11RHI: Async texture creation enabled
[2017.12.12-13.27.17:078][  0]LogD3D11RHI: GPU Timing Frequency: 1000.000000 (Debug: 2 1)
[2017.12.12-13.27.17:168][  0]LogShaderCompilers: Guid format shader working directory is -32 characters bigger than the processId version (../../../../../../Users/Bendick/Documents/GitHub/SR_Prototype_V3/SR_Prototype_V3/Intermediate/Shaders/WorkingDirectory/7464/).
[2017.12.12-13.27.17:168][  0]LogShaderCompilers: Cleaned the shader compiler working directory 'C:/Users/Bendick/AppData/Local/Temp/UnrealShaderWorkingDir/B8E39AA049F729B8D28E7C9683DD3A02/'.
[2017.12.12-13.27.17:168][  0]LogShaderCompilers:Display: Using Local Shader Compiler.
[2017.12.12-13.27.17:860][  0]LogTemp:Display: Loaded TP AllDesktopTargetPlatform
[2017.12.12-13.27.17:893][  0]LogTemp:Display: Loaded TP MacClientTargetPlatform
[2017.12.12-13.27.17:927][  0]LogTemp:Display: Loaded TP MacNoEditorTargetPlatform
[2017.12.12-13.27.17:961][  0]LogTemp:Display: Loaded TP MacServerTargetPlatform
[2017.12.12-13.27.17:995][  0]LogTemp:Display: Loaded TP MacTargetPlatform
[2017.12.12-13.27.18:029][  0]LogTemp:Display: Loaded TP WindowsClientTargetPlatform
[2017.12.12-13.27.18:064][  0]LogTemp:Display: Loaded TP WindowsNoEditorTargetPlatform
[2017.12.12-13.27.18:098][  0]LogTemp:Display: Loaded TP WindowsServerTargetPlatform
[2017.12.12-13.27.18:128][  0]LogTemp:Display: Loaded TP WindowsTargetPlatform
[2017.12.12-13.27.18:160][  0]LogTemp:Display: Loaded TP AndroidTargetPlatform
[2017.12.12-13.27.18:194][  0]LogTemp:Display: Loaded TP Android_ASTCTargetPlatform
[2017.12.12-13.27.18:227][  0]LogTemp:Display: Loaded TP Android_ATCTargetPlatform
[2017.12.12-13.27.18:261][  0]LogTemp:Display: Loaded TP Android_DXTTargetPlatform
[2017.12.12-13.27.18:294][  0]LogTemp:Display: Loaded TP Android_ETC1TargetPlatform
[2017.12.12-13.27.18:327][  0]LogTemp:Display: Loaded TP Android_ETC2TargetPlatform
[2017.12.12-13.27.18:393][  0]LogTemp:Display: Loaded TP Android_MultiTargetPlatform
[2017.12.12-13.27.18:393][  0]LogTemp:Display: Loaded TP Android_PVRTCTargetPlatform
[2017.12.12-13.27.18:421][  0]LogTemp:Display: Loaded TP HTML5TargetPlatform
[2017.12.12-13.27.18:491][  0]LogTemp:Display: Loaded TP IOSTargetPlatform
[2017.12.12-13.27.18:513][  0]LogTemp:Display: Loaded TP TVOSTargetPlatform
[2017.12.12-13.27.18:548][  0]LogTemp:Display: Loaded TP LinuxClientTargetPlatform
[2017.12.12-13.27.18:581][  0]LogTemp:Display: Loaded TP LinuxNoEditorTargetPlatform
[2017.12.12-13.27.18:615][  0]LogTemp:Display: Loaded TP LinuxServerTargetPlatform
[2017.12.12-13.27.18:648][  0]LogTemp:Display: Loaded TP LinuxTargetPlatform
[2017.12.12-13.27.18:648][  0]LogTargetPlatformManager:Display: Building Assets For Windows
[2017.12.12-13.27.18:974][  0]LogDerivedDataCache:Display: Max Cache Size: 512 MB
[2017.12.12-13.27.19:037][  0]LogDerivedDataCache: Loaded boot cache 0.06s 111MB C:/Users/Bendick/AppData/Local/UnrealEngine/4.16/DerivedDataCache/Boot.ddc.
[2017.12.12-13.27.19:037][  0]LogDerivedDataCache:Display: Loaded Boot cache: C:/Users/Bendick/AppData/Local/UnrealEngine/4.16/DerivedDataCache/Boot.ddc
[2017.12.12-13.27.19:037][  0]LogDerivedDataCache: FDerivedDataBackendGraph:  Pak pak cache file ../../../../../../Users/Bendick/Documents/GitHub/SR_Prototype_V3/SR_Prototype_V3/DerivedDataCache/DDC.ddp not found, will not use a pak cache.
[2017.12.12-13.27.19:037][  0]LogDerivedDataCache: Unable to find inner node Pak for hierarchical cache Hierarchy.
[2017.12.12-13.27.19:037][  0]LogDerivedDataCache: FDerivedDataBackendGraph:  CompressedPak pak cache file ../../../../../../Users/Bendick/Documents/GitHub/SR_Prototype_V3/SR_Prototype_V3/DerivedDataCache/Compressed.ddp not found, will not use a pak cache.
[2017.12.12-13.27.19:037][  0]LogDerivedDataCache: Unable to find inner node CompressedPak for hierarchical cache Hierarchy.
[2017.12.12-13.27.19:048][  0]LogDerivedDataCache:Display: Pak cache opened for reading ../../../Engine/DerivedDataCache/Compressed.ddp.
[2017.12.12-13.27.19:060][  0]LogDerivedDataCache: Using Local data cache path C:/Users/Bendick/AppData/Local/UnrealEngine/Common/DerivedDataCache: Writable
[2017.12.12-13.27.19:066][  0]LogMaterial: Verifying Global Shaders for PCD3D_SM5
[2017.12.12-13.27.19:066][  0]LogSlate: Using Freetype 2.6.0
[2017.12.12-13.27.19:067][  0]LogSlate: SlateFontCache - WITH_FREETYPE: 1, WITH_HARFBUZZ: 1
[2017.12.12-13.27.19:067][  0]LogSlate: SlateFontCache - WITH_FREETYPE: 1, WITH_HARFBUZZ: 1
[2017.12.12-13.27.19:271][  0]LogInit: Selected Device Profile: [Windows]
[2017.12.12-13.27.19:413][  0]LogMeshUtilities: Using QuadricMeshReduction for automatic static mesh reduction
[2017.12.12-13.27.19:444][  0]LogSimplygon: Simplygon DLL not present - disabling.
[2017.12.12-13.27.19:474][  0]LogMeshUtilities: Using SimplygonSwarm for distributed automatic mesh merging
[2017.12.12-13.27.19:474][  0]LogMeshUtilities: No automatic skeletal mesh reduction module available
[2017.12.12-13.27.19:474][  0]LogMeshUtilities: No automatic mesh merging module available
[2017.12.12-13.27.19:842][  0]LogNetVersion: SR_Prototype_V3 , NetCL: 3452394, EngineNetVer: 2, GameNetVer: 0 (Checksum: 2708348065)
[2017.12.12-13.27.19:892][  0]LogAssetRegistry: FAssetRegistry took 0.0250 seconds to start up
[2017.12.12-13.27.19:933][  0]LogPackageLocalizationCache: Processed 4 localized package path(s) for 2 prioritized culture(s) in 0.025525 seconds
[2017.12.12-13.27.19:936][  0]LogUObjectArray: 34194 objects as part of root set at end of initial load.
[2017.12.12-13.27.19:936][  0]LogUObjectAllocator: 7260416 out of 0 bytes used by permanent object pool.
[2017.12.12-13.27.19:936][  0]LogUObjectArray: CloseDisregardForGC: 0/0 objects in disregard for GC pool
[2017.12.12-13.27.19:980][  0]LogInit: WinSock: version 1.1 (2.2), MaxSocks=32767, MaxUdp=65467
[2017.12.12-13.27.21:584][  0]LogTcpMessaging: Initializing TcpMessaging bridge
[2017.12.12-13.27.21:613][  0]LogUdpMessaging: Initializing bridge on interface 0.0.0.0:0 to multicast group 230.0.0.1:6666.
[2017.12.12-13.27.21:968][  0]LogMaterial: Uniform references updated for custom material expression Custom.
[2017.12.12-13.27.22:226][  0]SourceControl: Info Source control is disabled
[2017.12.12-13.27.22:254][  0]SourceControl: Info Source control is disabled
[2017.12.12-13.27.22:285][  0]SourceControl: Info Source control is disabled
[2017.12.12-13.27.22:316][  0]SourceControl: Info Source control is disabled
[2017.12.12-13.27.22:757][  0]LogAndroidPermission: UAndroidPermissionCallbackProxy::GetInstance
[2017.12.12-13.27.23:142][  0]LogEngine: Initializing Engine...
[2017.12.12-13.27.23:143][  0]LogHMD: Failed to initialize OpenVR with code 110
[2017.12.12-13.27.23:263][  0]LogStats: UGameplayTagsManager::ConstructGameplayTagTree: Construct from data asset -  0.000 s
[2017.12.12-13.27.23:263][  0]LogStats: UGameplayTagsManager::ConstructGameplayTagTree: GameplayTagTreeChangedEvent.Broadcast -  0.000 s
[2017.12.12-13.27.23:350][  0]LogAIModule: Creating AISystem for world Untitled
[2017.12.12-13.27.23:356][  0]LogInit: XAudio2 using 'Speakers (Logitech G933 Gaming Headset)' : 6 channels at 48 kHz using 16 bits per sample (channel mask 0x3f)
[2017.12.12-13.27.23:368][  0]LogInit: FAudioDevice initialized.
[2017.12.12-13.27.23:404][  0]LogDerivedDataCache: Saved boot cache 0.04s 111MB C:/Users/Bendick/AppData/Local/UnrealEngine/4.16/DerivedDataCache/Boot.ddc.
[2017.12.12-13.27.23:414][  0]LogInit: Texture streaming: Disabled
[2017.12.12-13.27.23:480][  0]LogEngineSessionManager: EngineSessionManager initialized
[2017.12.12-13.27.23:622][  0]LogInit: Transaction tracking system initialized
[2017.12.12-13.27.23:828][  0]BlueprintLog: New page: Editor Load
[2017.12.12-13.27.24:444][  0]LocalizationService: Info Localization service is disabled
[2017.12.12-13.27.24:892][  0]LogConsoleResponse:Display: 
[2017.12.12-13.27.24:992][  0]LogCook:Display: Max memory allowance for cook 16384mb min free memory 0mb
[2017.12.12-13.27.24:992][  0]LogCook:Display: Mobile HDR setting 1
[2017.12.12-13.27.25:007][  0]LogFileCache: Scanning file cache for directory 'C:/Users/Bendick/Documents/GitHub/SR_Prototype_V3/SR_Prototype_V3/Content/' took 0.01s
[2017.12.12-13.27.25:652][  0]SourceControl: Info Source control is disabled
[2017.12.12-13.27.25:652][  0]Cmd: MAP LOAD FILE="../../../../../../Users/Bendick/Documents/GitHub/SR_Prototype_V3/SR_Prototype_V3/Content/ScanReach.umap" TEMPLATE=0 SHOWPROGRESS=1 FEATURELEVEL=3
[2017.12.12-13.27.25:652][  0]LightingResults: New page: Lighting Build
[2017.12.12-13.27.25:679][  0]MapCheck: New page: Map Check
[2017.12.12-13.27.25:679][  0]LightingResults: New page: Lighting Build
[2017.12.12-13.27.26:146][  0]LogAIModule: Creating AISystem for world ScanReach
[2017.12.12-13.27.26:152][  0]LogEditorServer: Finished looking for orphan Actors (0.000 secs)
[2017.12.12-13.27.26:162][  0]Cmd: MAP CHECKDEP NOCLEARLOG
[2017.12.12-13.27.26:194][  0]MapCheck: Info Map check complete: 0 Error(s), 0 Warning(s), took 32.562ms to complete.
[2017.12.12-13.27.26:194][  0]LogFileHelpers: Loading map 'ScanReach' took 0.542
[2017.12.12-13.27.26:306][  0]LogCollectionManager: Loaded 0 collections in 0.000936 seconds
[2017.12.12-13.27.26:373][  0]LogFileCache: Scanning file cache for directory 'C:/Users/Bendick/Documents/GitHub/SR_Prototype_V3/SR_Prototype_V3/Saved/Collections/' took 0.01s
[2017.12.12-13.27.26:373][  0]LogFileCache: Scanning file cache for directory 'C:/Users/Bendick/Documents/GitHub/SR_Prototype_V3/SR_Prototype_V3/Content/Developers/Bendick/Collections/' took 0.01s
[2017.12.12-13.27.26:373][  0]LogFileCache: Scanning file cache for directory 'C:/Users/Bendick/Documents/GitHub/SR_Prototype_V3/SR_Prototype_V3/Content/Collections/' took 0.01s
[2017.12.12-13.27.26:373][  0]LogCollectionManager: Rebuilt the GUID cache for 0 collections in 0.000001 seconds
[2017.12.12-13.27.26:379][  0]LogContentBrowser: Native class hierarchy populated in 0.0059 seconds. Added 2329 classes and 491 folders.
[2017.12.12-13.27.26:422][  0]LogContentBrowser: Native class hierarchy updated for 'WidgetCarousel' in 0.0004 seconds. Added 0 classes and 0 folders.
[2017.12.12-13.27.26:445][  0]LogContentBrowser: Native class hierarchy updated for 'AddContentDialog' in 0.0004 seconds. Added 0 classes and 0 folders.
[2017.12.12-13.27.26:473][  0]LogContentBrowser: Native class hierarchy updated for 'SceneOutliner' in 0.0004 seconds. Added 1 classes and 2 folders.
[2017.12.12-13.27.26:530][  0]LogCrashTracker: Crashtracker disabled due to settings.
[2017.12.12-13.27.26:534][  0]LogSlate: Took 0.000114 seconds to synchronously load lazily loaded font '../../../Engine/Content/Slate/Fonts/Roboto-Regular.ttf' (155K)
[2017.12.12-13.27.26:536][  0]LogSlate: Took 0.000155 seconds to synchronously load lazily loaded font '../../../Engine/Content/Slate/Fonts/Roboto-Bold.ttf' (160K)
[2017.12.12-13.27.26:539][  0]LogSlate: Took 0.000145 seconds to synchronously load lazily loaded font '../../../Engine/Content/Editor/Slate/Fonts/FontAwesome.ttf' (139K)
[2017.12.12-13.27.26:599][  0]LogRenderer: Reallocating scene render targets to support 1276x604 NumSamples 1 (Frame:1).
[2017.12.12-13.27.26:629][  0]LogSlate: Took 0.000082 seconds to synchronously load lazily loaded font '../../../Engine/Content/Slate/Fonts/Roboto-Light.ttf' (159K)
[2017.12.12-13.27.26:693][  0]LogUObjectGlobals:Warning: Failed to find object 'Class None.'
[2017.12.12-13.27.26:742][  0]LogContentBrowser: Native class hierarchy updated for 'HierarchicalLODOutliner' in 0.0004 seconds. Added 1 classes and 2 folders.
[2017.12.12-13.27.26:742][  0]LogLoad: (Engine Initialization) Total time: 11.59 seconds
[2017.12.12-13.27.26:742][  0]LogLoad: (Engine Initialization) Total Blueprint compile time: 0.14 seconds
[2017.12.12-13.27.26:742][  0]LogExternalProfiler: Found external profiler: VSPerf
[2017.12.12-13.27.26:742][  0]LogExternalProfiler: Using external profiler: VSPerf
[2017.12.12-13.27.27:082][  0]LogOcInput: OculusInput pre-init called
[2017.12.12-13.27.27:082][  0]LogHMD: Starting GearVRController plugin
[2017.12.12-13.27.27:093][  0]LogAssetRegistry: Asset discovery search completed in 7.2237 seconds
[2017.12.12-13.27.27:094][  0]LogCollectionManager: Rebuilt the object cache for 0 collections in 0.000001 seconds (found 0 objects)
[2017.12.12-13.27.27:094][  0]LogCollectionManager: Fixed up redirectors for 0 collections in 0.000014 seconds (updated 0 objects)
[2017.12.12-13.27.27:132][  0]LogRenderer: Reallocating scene render targets to support 1276x624 NumSamples 1 (Frame:2).
[2017.12.12-13.27.28:083][  3]LogSlate: Took 0.000165 seconds to synchronously load lazily loaded font '../../../Engine/Content/Slate/Fonts/Roboto-Light.ttf' (159K)
[2017.12.12-13.27.36:816][150]LogSlate: Took 0.000111 seconds to synchronously load lazily loaded font '../../../Engine/Content/Slate/Fonts/Roboto-Light.ttf' (159K)
[2017.12.12-13.27.36:856][150]LogMaterial: Missing cached shader map for material BackgroundMaterial, compiling. 
[2017.12.12-13.27.36:981][150]LogMaterial: Missing cached shader map for material BackgroundMaterial, compiling. 
[2017.12.12-13.27.36:992][150]LogMaterial: Missing cached shader map for material BackgroundMaterial, compiling. 
[2017.12.12-13.27.37:025][150]LogMaterial: Missing cached shader map for material FMatExpressionPreview MaterialExpressionTextureSample_1, compiling. 
[2017.12.12-13.27.37:043][150]LogSlate: Took 0.000127 seconds to synchronously load lazily loaded font '../../../Engine/Content/Editor/Slate/Fonts/Roboto-BoldCondensed.ttf' (158K)
[2017.12.12-13.27.43:109][448]LogMaterial: Missing cached shader map for material BackgroundMaterial, compiling. 
[2017.12.12-13.27.43:115][448]LogMaterial: Missing cached shader map for material BackgroundMaterial, compiling. 
[2017.12.12-13.27.44:448][590]LogEditorViewport: Clicking on Actor (LMB): StaticMeshActor (Floor)
[2017.12.12-13.27.44:690][611]Cmd: OBJ SAVEPACKAGE PACKAGE="/Game/ScanReach" FILE="../../../../../../Users/Bendick/Documents/GitHub/SR_Prototype_V3/SR_Prototype_V3/Content/ScanReach.umap" SILENT=true AUTOSAVING=false KEEPDIRTY=false
[2017.12.12-13.27.44:792][611]LogSavePackage: Save=77.47ms
[2017.12.12-13.27.44:792][611]LogSavePackage: Moving '../../../../../../Users/Bendick/Documents/GitHub/SR_Prototype_V3/SR_Prototype_V3/Saved/ScanReach654712ED401376C8797207A8762AF331.tmp' to '../../../../../../Users/Bendick/Documents/GitHub/SR_Prototype_V3/SR_Prototype_V3/Content/ScanReach.umap'
[2017.12.12-13.27.44:793][611]LogSavePackage:Display: Finished SavePackage ../../../../../../Users/Bendick/Documents/GitHub/SR_Prototype_V3/SR_Prototype_V3/Content/ScanReach.umap
[2017.12.12-13.27.44:821][611]Cmd: OBJ SAVEPACKAGE PACKAGE="/Game/ScanReach_BuiltData" FILE="../../../../../../Users/Bendick/Documents/GitHub/SR_Prototype_V3/SR_Prototype_V3/Content/ScanReach_BuiltData.uasset" SILENT=true
[2017.12.12-13.27.44:849][611]LogSavePackage: Save=11.46ms
[2017.12.12-13.27.44:849][611]LogSavePackage: Moving '../../../../../../Users/Bendick/Documents/GitHub/SR_Prototype_V3/SR_Prototype_V3/Saved/ScanReach_BuiltDataB77197F14BCBDF01946AB69E83390362.tmp' to '../../../../../../Users/Bendick/Documents/GitHub/SR_Prototype_V3/SR_Prototype_V3/Content/ScanReach_BuiltData.uasset'
[2017.12.12-13.27.44:850][611]LogSavePackage:Display: Finished SavePackage ../../../../../../Users/Bendick/Documents/GitHub/SR_Prototype_V3/SR_Prototype_V3/Content/ScanReach_BuiltData.uasset
[2017.12.12-13.27.46:195][724]LogMaterialEditor: Applying material BackgroundMaterial
[2017.12.12-13.27.46:578][724]LogMaterial: Missing cached shader map for material BackgroundMaterial, compiling. 
[2017.12.12-13.27.46:611][724]LogMaterial: Missing cached shader map for material BackgroundMaterial, compiling. 
[2017.12.12-13.27.46:619][724]LogMaterial: Missing cached shader map for material BackgroundMaterial, compiling. 
[2017.12.12-13.27.46:636][724]LogMaterial: Missing cached shader map for material FDebugViewModeMaterialProxy BackgroundMaterial, compiling. 
[2017.12.12-13.27.46:772][724]TextureStreamingBuild:Display: Compiling optional shaders took 0.141 seconds.
[2017.12.12-13.27.53:757][496]LogMaterial: Missing cached shader map for material BackgroundMaterial, compiling. 
[2017.12.12-13.27.54:782][556]LogMaterial: Missing cached shader map for material BackgroundMaterial, compiling. 
[2017.12.12-13.27.54:789][556]LogMaterial: Missing cached shader map for material FMatExpressionPreview MaterialExpressionTextureSample_1, compiling. 
[2017.12.12-13.27.55:861][650]LogMaterialEditor: Applying material BackgroundMaterial
[2017.12.12-13.27.56:244][650]LogMaterial: Missing cached shader map for material BackgroundMaterial, compiling. 
[2017.12.12-13.27.56:274][650]LogMaterial: Missing cached shader map for material BackgroundMaterial, compiling. 
[2017.12.12-13.27.56:280][650]LogMaterial: Missing cached shader map for material BackgroundMaterial, compiling. 
[2017.12.12-13.27.56:295][650]LogMaterial: Missing cached shader map for material FDebugViewModeMaterialProxy BackgroundMaterial, compiling. 
[2017.12.12-13.27.56:471][650]TextureStreamingBuild:Display: Compiling optional shaders took 0.180 seconds.
[2017.12.12-13.27.58:565][878]LogEditorViewport: Clicking on Actor (LMB): BP_Sky_Sphere_C (Sky Sphere)
[2017.12.12-13.28.37:522][736]LogTemp: Repeting last play command: New Editor Window (PIE)
[2017.12.12-13.28.37:551][736]LogBlueprintUserMessages: Early PlayInEditor Detection: Level '/Game/ScanReach.ScanReach:PersistentLevel' has LevelScriptBlueprint '/Game/ScanReach.ScanReach:PersistentLevel.ScanReach' with GeneratedClass '/Game/ScanReach.ScanReach_C' with ClassGeneratedBy '/Game/ScanReach.ScanReach:PersistentLevel.ScanReach'
[2017.12.12-13.28.37:552][736]LogPlayLevel: PlayLevel: No blueprints needed recompiling
[2017.12.12-13.28.37:552][736]PIE: New page: PIE session: ScanReach (12 Dec 2017 15:28:37)
[2017.12.12-13.28.37:552][736]LogPlayLevel: Creating play world package: /Game/UEDPIE_0_ScanReach
[2017.12.12-13.28.37:554][736]LogPlayLevel: PIE: StaticDuplicateObject took: (0.002239s)
[2017.12.12-13.28.37:554][736]LogAIModule: Creating AISystem for world ScanReach
[2017.12.12-13.28.37:555][736]LogPlayLevel: PIE: World Init took: (0.000580s)
[2017.12.12-13.28.37:555][736]LogPlayLevel: PIE: Created PIE world by copying editor world from /Game/ScanReach.ScanReach to /Game/UEDPIE_0_ScanReach.ScanReach (0.002953s)
[2017.12.12-13.28.37:563][736]LogInit: XAudio2 using 'Speakers (Logitech G933 Gaming Headset)' : 6 channels at 48 kHz using 16 bits per sample (channel mask 0x3f)
[2017.12.12-13.28.37:574][736]LogInit: FAudioDevice initialized.
[2017.12.12-13.28.37:650][736]LogLoad: Game class is 'ScanReach_GM_C'
[2017.12.12-13.28.37:652][736]LogWorld: Bringing World /Game/UEDPIE_0_ScanReach.ScanReach up for play (max tick rate 0) at 2017.12.12-14.28.37
[2017.12.12-13.28.37:652][736]LogWorld: Bringing up level for play took: 0.001282
[2017.12.12-13.28.37:681][736]LogContentBrowser: Native class hierarchy updated for 'MovieSceneCapture' in 0.0004 seconds. Added 11 classes and 0 folders.
[2017.12.12-13.28.37:686][736]PIE: Info Play in editor start time for /Game/UEDPIE_0_ScanReach -0.373
[2017.12.12-13.28.37:687][736]LogBlueprintUserMessages: Late PlayInEditor Detection: Level '/Game/ScanReach.ScanReach:PersistentLevel' has LevelScriptBlueprint '/Game/ScanReach.ScanReach:PersistentLevel.ScanReach' with GeneratedClass '/Game/ScanReach.ScanReach_C' with ClassGeneratedBy '/Game/ScanReach.ScanReach:PersistentLevel.ScanReach'
[2017.12.12-13.28.37:690][736]MaterialEditorStats: Info Base pass shader without light map: 31 instructions
[2017.12.12-13.28.37:690][736]MaterialEditorStats: Info Vertex shader: 31 instructions
[2017.12.12-13.28.37:690][736]MaterialEditorStats: Info Texture samplers: 1/16
[2017.12.12-13.28.37:690][736]MaterialEditorStats: Info User interpolators: 2/4 Scalars (1/4 Vectors) (TexCoords: 2, Custom: 0)
[2017.12.12-13.28.37:716][736]LogRenderer: Reallocating scene render targets to support 1292x756 NumSamples 1 (Frame:1).
[2017.12.12-13.28.55:494][665]LogBlueprintUserMessages: Early EndPlayMap Detection: Level '/Game/ScanReach.ScanReach:PersistentLevel' has LevelScriptBlueprint '/Game/ScanReach.ScanReach:PersistentLevel.ScanReach' with GeneratedClass '/Game/ScanReach.ScanReach_C' with ClassGeneratedBy '/Game/ScanReach.ScanReach:PersistentLevel.ScanReach'
[2017.12.12-13.28.55:527][665]LogBlueprintUserMessages: Late EndPlayMap Detection: Level '/Game/ScanReach.ScanReach:PersistentLevel' has LevelScriptBlueprint '/Game/ScanReach.ScanReach:PersistentLevel.ScanReach' with GeneratedClass '/Game/ScanReach.ScanReach_C' with ClassGeneratedBy '/Game/ScanReach.ScanReach:PersistentLevel.ScanReach'
[2017.12.12-13.28.55:955][712]LogEditorViewport: Clicking on Actor (LMB): bp_Ship_C (bp_Ship)
[2017.12.12-13.28.57:048][835]LogEditorViewport: Clicking on Actor (LMB): bp_Ship_C (bp_Ship)
[2017.12.12-13.28.57:328][867]LogEditorViewport: Clicking on Actor (LMB): StaticMeshActor (Floor)
[2017.12.12-13.29.04:352][661]LogEditorViewport: Clicking on Actor (LMB): bp_Ship_C (bp_Ship)
[2017.12.12-13.29.05:446][760]LogEditorViewport: Clicking on Actor (LMB): StaticMeshActor (Floor)
[2017.12.12-13.29.05:817][791]Cmd: OBJ SAVEPACKAGE PACKAGE="/Game/ScanReach" FILE="../../../../../../Users/Bendick/Documents/GitHub/SR_Prototype_V3/SR_Prototype_V3/Content/ScanReach.umap" SILENT=true AUTOSAVING=false KEEPDIRTY=false
[2017.12.12-13.29.05:911][791]LogSavePackage: Save=73.64ms
[2017.12.12-13.29.05:911][791]LogSavePackage: Moving '../../../../../../Users/Bendick/Documents/GitHub/SR_Prototype_V3/SR_Prototype_V3/Saved/ScanReach4E6E987A4668622CCDA2269449975726.tmp' to '../../../../../../Users/Bendick/Documents/GitHub/SR_Prototype_V3/SR_Prototype_V3/Content/ScanReach.umap'
[2017.12.12-13.29.05:912][791]LogSavePackage:Display: Finished SavePackage ../../../../../../Users/Bendick/Documents/GitHub/SR_Prototype_V3/SR_Prototype_V3/Content/ScanReach.umap
[2017.12.12-13.29.05:936][791]Cmd: OBJ SAVEPACKAGE PACKAGE="/Game/ScanReach_BuiltData" FILE="../../../../../../Users/Bendick/Documents/GitHub/SR_Prototype_V3/SR_Prototype_V3/Content/ScanReach_BuiltData.uasset" SILENT=true
[2017.12.12-13.29.05:957][791]LogSavePackage: Save=8.46ms
[2017.12.12-13.29.05:957][791]LogSavePackage: Moving '../../../../../../Users/Bendick/Documents/GitHub/SR_Prototype_V3/SR_Prototype_V3/Saved/ScanReach_BuiltData467752074755A744AB0980B78E723821.tmp' to '../../../../../../Users/Bendick/Documents/GitHub/SR_Prototype_V3/SR_Prototype_V3/Content/ScanReach_BuiltData.uasset'
[2017.12.12-13.29.05:958][791]LogSavePackage:Display: Finished SavePackage ../../../../../../Users/Bendick/Documents/GitHub/SR_Prototype_V3/SR_Prototype_V3/Content/ScanReach_BuiltData.uasset
[2017.12.12-13.29.07:018][910]LogEditorViewport: Clicking on Actor (LMB): bp_Ship_C (bp_Ship)
[2017.12.12-13.29.07:533][964]LogEditorViewport: Clicking on Actor (LMB): bp_Ship_C (bp_Ship)
[2017.12.12-13.29.07:596][969]LogEditorViewport: Clicking on Component (LMB): ChildActorComponent (NODE_AddChildActorComponent-0_2)
[2017.12.12-13.29.08:503][ 55]LogTemp: Repeting last play command: New Editor Window (PIE)
[2017.12.12-13.29.08:516][ 55]LogBlueprintUserMessages: Early PlayInEditor Detection: Level '/Game/ScanReach.ScanReach:PersistentLevel' has LevelScriptBlueprint '/Game/ScanReach.ScanReach:PersistentLevel.ScanReach' with GeneratedClass '/Game/ScanReach.ScanReach_C' with ClassGeneratedBy '/Game/ScanReach.ScanReach:PersistentLevel.ScanReach'
[2017.12.12-13.29.08:516][ 55]LogPlayLevel: PlayLevel: No blueprints needed recompiling
[2017.12.12-13.29.08:516][ 55]PIE: New page: PIE session: ScanReach (12 Dec 2017 15:29:08)
[2017.12.12-13.29.08:516][ 55]LogPlayLevel: Creating play world package: /Game/UEDPIE_0_ScanReach
[2017.12.12-13.29.08:518][ 55]LogPlayLevel: PIE: StaticDuplicateObject took: (0.002039s)
[2017.12.12-13.29.08:518][ 55]LogAIModule: Creating AISystem for world ScanReach
[2017.12.12-13.29.08:518][ 55]LogPlayLevel: PIE: World Init took: (0.000491s)
[2017.12.12-13.29.08:518][ 55]LogPlayLevel: PIE: Created PIE world by copying editor world from /Game/ScanReach.ScanReach to /Game/UEDPIE_0_ScanReach.ScanReach (0.002659s)
[2017.12.12-13.29.08:527][ 55]LogInit: XAudio2 using 'Speakers (Logitech G933 Gaming Headset)' : 6 channels at 48 kHz using 16 bits per sample (channel mask 0x3f)
[2017.12.12-13.29.08:536][ 55]LogInit: FAudioDevice initialized.
[2017.12.12-13.29.08:591][ 55]LogLoad: Game class is 'ScanReach_GM_C'
[2017.12.12-13.29.08:593][ 55]LogWorld: Bringing World /Game/UEDPIE_0_ScanReach.ScanReach up for play (max tick rate 0) at 2017.12.12-14.29.08
[2017.12.12-13.29.08:593][ 55]LogWorld: Bringing up level for play took: 0.001070
[2017.12.12-13.29.08:599][ 55]PIE: Info Play in editor start time for /Game/UEDPIE_0_ScanReach 0.54
[2017.12.12-13.29.08:599][ 55]LogBlueprintUserMessages: Late PlayInEditor Detection: Level '/Game/ScanReach.ScanReach:PersistentLevel' has LevelScriptBlueprint '/Game/ScanReach.ScanReach:PersistentLevel.ScanReach' with GeneratedClass '/Game/ScanReach.ScanReach_C' with ClassGeneratedBy '/Game/ScanReach.ScanReach:PersistentLevel.ScanReach'
[2017.12.12-13.29.20:870][985]LogBlueprintUserMessages: Early EndPlayMap Detection: Level '/Game/ScanReach.ScanReach:PersistentLevel' has LevelScriptBlueprint '/Game/ScanReach.ScanReach:PersistentLevel.ScanReach' with GeneratedClass '/Game/ScanReach.ScanReach_C' with ClassGeneratedBy '/Game/ScanReach.ScanReach:PersistentLevel.ScanReach'
[2017.12.12-13.29.20:913][985]LogBlueprintUserMessages: Late EndPlayMap Detection: Level '/Game/ScanReach.ScanReach:PersistentLevel' has LevelScriptBlueprint '/Game/ScanReach.ScanReach:PersistentLevel.ScanReach' with GeneratedClass '/Game/ScanReach.ScanReach_C' with ClassGeneratedBy '/Game/ScanReach.ScanReach:PersistentLevel.ScanReach'
[2017.12.12-13.29.21:225][ 17]LogEditorViewport: Clicking on Actor (LMB): StaticMeshActor (Floor)
[2017.12.12-13.30.26:237][878]LogSlate: Took 0.000142 seconds to synchronously load lazily loaded font '../../../Engine/Content/Editor/Slate/Fonts/Roboto-Italic.ttf' (157K)
[2017.12.12-13.30.30:737][207]Cmd: OBJ SAVEPACKAGE PACKAGE="/Game/ScanReach" FILE="../../../../../../Users/Bendick/Documents/GitHub/SR_Prototype_V3/SR_Prototype_V3/Content/ScanReach.umap" SILENT=true AUTOSAVING=false KEEPDIRTY=false
[2017.12.12-13.30.30:844][207]LogSavePackage: Save=86.91ms
[2017.12.12-13.30.30:844][207]LogSavePackage: Moving '../../../../../../Users/Bendick/Documents/GitHub/SR_Prototype_V3/SR_Prototype_V3/Saved/ScanReach82F06B854ED49173A24ED19FB48BD02D.tmp' to '../../../../../../Users/Bendick/Documents/GitHub/SR_Prototype_V3/SR_Prototype_V3/Content/ScanReach.umap'
[2017.12.12-13.30.30:845][207]LogSavePackage:Display: Finished SavePackage ../../../../../../Users/Bendick/Documents/GitHub/SR_Prototype_V3/SR_Prototype_V3/Content/ScanReach.umap
[2017.12.12-13.30.30:870][207]Cmd: OBJ SAVEPACKAGE PACKAGE="/Game/ScanReach_BuiltData" FILE="../../../../../../Users/Bendick/Documents/GitHub/SR_Prototype_V3/SR_Prototype_V3/Content/ScanReach_BuiltData.uasset" SILENT=true
[2017.12.12-13.30.30:893][207]LogSavePackage: Save=8.69ms
[2017.12.12-13.30.30:893][207]LogSavePackage: Moving '../../../../../../Users/Bendick/Documents/GitHub/SR_Prototype_V3/SR_Prototype_V3/Saved/ScanReach_BuiltData0CBBCDD8498B551D843C5B9117F96A51.tmp' to '../../../../../../Users/Bendick/Documents/GitHub/SR_Prototype_V3/SR_Prototype_V3/Content/ScanReach_BuiltData.uasset'
[2017.12.12-13.30.30:894][207]LogSavePackage:Display: Finished SavePackage ../../../../../../Users/Bendick/Documents/GitHub/SR_Prototype_V3/SR_Prototype_V3/Content/ScanReach_BuiltData.uasset
[2017.12.12-13.30.34:150][317]LogSavePackage: Save=10.83ms
[2017.12.12-13.30.34:150][317]LogSavePackage: Moving '../../../../../../Users/Bendick/Documents/GitHub/SR_Prototype_V3/SR_Prototype_V3/Saved/BackgroundMaterial84C9715B48B3EA557859DB8A69FA9B23.tmp' to '../../../../../../Users/Bendick/Documents/GitHub/SR_Prototype_V3/SR_Prototype_V3/Content/Materials/BackgroundMaterial.uasset'
[2017.12.12-13.30.34:152][317]LogSavePackage:Display: Finished SavePackage ../../../../../../Users/Bendick/Documents/GitHub/SR_Prototype_V3/SR_Prototype_V3/Content/Materials/BackgroundMaterial.uasset
[2017.12.12-13.30.34:220][317]LogWindowsTextInputMethodSystem:Display: IME system now deactivated.
[2017.12.12-13.30.34:220][317]LogWindowsTextInputMethodSystem:Display: IME system now deactivated.
[2017.12.12-13.30.34:375][318]Cmd: QUIT_EDITOR
[2017.12.12-13.30.35:266][318]LogExit: Preparing to exit.
[2017.12.12-13.30.35:763][318]LogDirectoryWatcher: A directory notification for 'C:/Users/Bendick/Documents/GitHub/SR_Prototype_V3/SR_Prototype_V3/Content/' was aborted.
[2017.12.12-13.30.35:773][318]LogExit: Editor shut down
[2017.12.12-13.30.35:775][318]LogExit: Transaction tracking system shut down
[2017.12.12-13.30.35:810][318]LogObj: Freed 0b from 0 cluster array pools.
[2017.12.12-13.30.35:810][318]LogExit: Object subsystem successfully closed.
[2017.12.12-13.30.35:825][318]LogD3D11RHI: Shutdown
[2017.12.12-13.30.35:825][318]LogD3D11RHI: CleanupD3DDevice
[2017.12.12-13.30.36:044][318]LogD3D11RHI: ~FD3D11DynamicRHI
[2017.12.12-13.30.36:054][318]LogModuleManager: Shutting down and abandoning module MovieSceneCapture (528)
[2017.12.12-13.30.36:054][318]LogModuleManager: Shutting down and abandoning module MaterialEditor (526)
[2017.12.12-13.30.36:054][318]LogModuleManager: Shutting down and abandoning module HierarchicalLODOutliner (524)
[2017.12.12-13.30.36:054][318]LogModuleManager: Shutting down and abandoning module CrashTracker (522)
[2017.12.12-13.30.36:054][318]LogModuleManager: Shutting down and abandoning module SceneOutliner (520)
[2017.12.12-13.30.36:054][318]LogModuleManager: Shutting down and abandoning module AddContentDialog (518)
[2017.12.12-13.30.36:054][318]LogDirectoryWatcher: A directory notification for 'C:/Program Files/Epic Games/UE_4.16/FeaturePacks/' was aborted.
[2017.12.12-13.30.36:055][318]LogModuleManager: Shutting down and abandoning module WidgetCarousel (517)
[2017.12.12-13.30.36:055][318]LogModuleManager: Shutting down and abandoning module EditorWidgets (514)
[2017.12.12-13.30.36:055][318]LogModuleManager: Shutting down and abandoning module CollectionManager (512)
[2017.12.12-13.30.36:055][318]LogDirectoryWatcher: A directory notification for 'C:/Users/Bendick/Documents/GitHub/SR_Prototype_V3/SR_Prototype_V3/Content/Collections/' was aborted.
[2017.12.12-13.30.36:055][318]LogDirectoryWatcher: A directory notification for 'C:/Users/Bendick/Documents/GitHub/SR_Prototype_V3/SR_Prototype_V3/Content/Developers/Bendick/Collections/' was aborted.
[2017.12.12-13.30.36:055][318]LogDirectoryWatcher: A directory notification for 'C:/Users/Bendick/Documents/GitHub/SR_Prototype_V3/SR_Prototype_V3/Saved/Collections/' was aborted.
[2017.12.12-13.30.36:055][318]LogModuleManager: Shutting down and abandoning module StatsViewer (510)
[2017.12.12-13.30.36:055][318]LogModuleManager: Shutting down and abandoning module FoliageEdit (508)
[2017.12.12-13.30.36:055][318]LogModuleManager: Shutting down and abandoning module LandscapeEditor (506)
[2017.12.12-13.30.36:055][318]LogModuleManager: Shutting down and abandoning module MeshPaintMode (504)
[2017.12.12-13.30.36:055][318]LogModuleManager: Shutting down and abandoning module SceneDepthPickerMode (502)
[2017.12.12-13.30.36:055][318]LogModuleManager: Shutting down and abandoning module ActorPickerMode (500)
[2017.12.12-13.30.36:055][318]LogModuleManager: Shutting down and abandoning module GeometryMode (498)
[2017.12.12-13.30.36:055][318]LogModuleManager: Shutting down and abandoning module TextureAlignMode (496)
[2017.12.12-13.30.36:055][318]LogModuleManager: Shutting down and abandoning module BspMode (494)
[2017.12.12-13.30.36:055][318]LogModuleManager: Shutting down and abandoning module HardwareSurvey (492)
[2017.12.12-13.30.36:055][318]LogModuleManager: Shutting down and abandoning module SequenceRecorderSections (490)
[2017.12.12-13.30.36:055][318]LogModuleManager: Shutting down and abandoning module AutomationWorker (488)
[2017.12.12-13.30.36:055][318]LogModuleManager: Shutting down and abandoning module MatineeToLevelSequence (486)
[2017.12.12-13.30.36:055][318]LogModuleManager: Shutting down and abandoning module LevelSequenceEditor (484)
[2017.12.12-13.30.36:055][318]LogModuleManager: Shutting down and abandoning module PlacementMode (483)
[2017.12.12-13.30.36:055][318]LogModuleManager: Shutting down and abandoning module WmfMediaFactory (480)
[2017.12.12-13.30.36:055][318]LogModuleManager: Shutting down and abandoning module WmfMediaEditor (478)
[2017.12.12-13.30.36:055][318]LogModuleManager: Shutting down and abandoning module AvfMediaFactory (476)
[2017.12.12-13.30.36:055][318]LogModuleManager: Shutting down and abandoning module AvfMediaEditor (474)
[2017.12.12-13.30.36:055][318]LogModuleManager: Shutting down and abandoning module AndroidMediaFactory (472)
[2017.12.12-13.30.36:055][318]LogModuleManager: Shutting down and abandoning module Media (471)
[2017.12.12-13.30.36:055][318]LogModuleManager: Shutting down and abandoning module AndroidMediaEditor (468)
[2017.12.12-13.30.36:055][318]LogModuleManager: Shutting down and abandoning module CharacterAI (466)
[2017.12.12-13.30.36:055][318]LogModuleManager: Shutting down and abandoning module AudioCapture (464)
[2017.12.12-13.30.36:056][318]LogModuleManager: Shutting down and abandoning module SequenceRecorder (463)
[2017.12.12-13.30.36:056][318]LogModuleManager: Shutting down and abandoning module SmartSnapping (460)
[2017.12.12-13.30.36:056][318]LogModuleManager: Shutting down and abandoning module SessionServices (458)
[2017.12.12-13.30.36:056][318]LogModuleManager: Shutting down and abandoning module ViewportSnapping (456)
[2017.12.12-13.30.36:056][318]LogModuleManager: Shutting down and abandoning module ViewportInteraction (454)
[2017.12.12-13.30.36:056][318]LogModuleManager: Shutting down and abandoning module ClothPainter (452)
[2017.12.12-13.30.36:056][318]LogModuleManager: Shutting down and abandoning module LogVisualizer (450)
[2017.12.12-13.30.36:056][318]LogModuleManager: Shutting down and abandoning module IntroTutorials (448)
[2017.12.12-13.30.36:056][318]LogModuleManager: Shutting down and abandoning module GameProjectGeneration (447)
[2017.12.12-13.30.36:056][318]LogModuleManager: Shutting down and abandoning module EditorLiveStreaming (444)
[2017.12.12-13.30.36:056][318]LogModuleManager: Shutting down and abandoning module IOSPlatformEditor (442)
[2017.12.12-13.30.36:056][318]LogModuleManager: Shutting down and abandoning module HTML5PlatformEditor (440)
[2017.12.12-13.30.36:056][318]LogModuleManager: Shutting down and abandoning module AndroidPlatformEditor (438)
[2017.12.12-13.30.36:056][318]LogModuleManager: Shutting down and abandoning module AndroidDeviceDetection (437)
[2017.12.12-13.30.36:699][318]LogModuleManager: Shutting down and abandoning module IOSRuntimeSettings (434)
[2017.12.12-13.30.36:699][318]LogModuleManager: Shutting down and abandoning module AndroidRuntimeSettings (432)
[2017.12.12-13.30.36:699][318]LogModuleManager: Shutting down and abandoning module InputBindingEditor (430)
[2017.12.12-13.30.36:699][318]LogModuleManager: Shutting down and abandoning module MergeActors (428)
[2017.12.12-13.30.36:699][318]LogModuleManager: Shutting down and abandoning module SizeMap (426)
[2017.12.12-13.30.36:699][318]LogModuleManager: Shutting down and abandoning module TreeMap (424)
[2017.12.12-13.30.36:699][318]LogModuleManager: Shutting down and abandoning module ReferenceViewer (422)
[2017.12.12-13.30.36:699][318]LogModuleManager: Shutting down and abandoning module LocalizationDashboard (420)
[2017.12.12-13.30.36:699][318]LogModuleManager: Shutting down and abandoning module LocalizationService (419)
[2017.12.12-13.30.36:699][318]LogModuleManager: Shutting down and abandoning module HardwareTargeting (416)
[2017.12.12-13.30.36:699][318]LogModuleManager: Shutting down and abandoning module DeviceProfileEditor (414)
[2017.12.12-13.30.36:699][318]LogModuleManager: Shutting down and abandoning module UndoHistory (412)
[2017.12.12-13.30.36:699][318]LogModuleManager: Shutting down and abandoning module UserFeedback (410)
[2017.12.12-13.30.36:699][318]LogModuleManager: Shutting down and abandoning module XmlParser (408)
[2017.12.12-13.30.36:699][318]LogModuleManager: Shutting down and abandoning module Blutility (406)
[2017.12.12-13.30.36:699][318]LogModuleManager: Shutting down and abandoning module ProjectSettingsViewer (404)
[2017.12.12-13.30.36:699][318]LogModuleManager: Shutting down and abandoning module ProjectTargetPlatformEditor (403)
[2017.12.12-13.30.36:699][318]LogModuleManager: Shutting down and abandoning module EditorSettingsViewer (400)
[2017.12.12-13.30.36:699][318]LogModuleManager: Shutting down and abandoning module SettingsEditor (398)
[2017.12.12-13.30.36:699][318]LogModuleManager: Shutting down and abandoning module ProjectLauncher (396)
[2017.12.12-13.30.36:699][318]LogModuleManager: Shutting down and abandoning module SessionFrontend (394)
[2017.12.12-13.30.36:699][318]LogModuleManager: Shutting down and abandoning module ProfilerClient (392)
[2017.12.12-13.30.36:699][318]LogModuleManager: Shutting down and abandoning module DeviceManager (390)
[2017.12.12-13.30.36:699][318]LogModuleManager: Shutting down and abandoning module TargetDeviceServices (389)
[2017.12.12-13.30.36:751][318]LogModuleManager: Shutting down and abandoning module AutomationController (386)
[2017.12.12-13.30.36:751][318]LogModuleManager: Shutting down and abandoning module AutomationWindow (384)
[2017.12.12-13.30.36:751][318]LogModuleManager: Shutting down and abandoning module Layers (382)
[2017.12.12-13.30.36:751][318]LogModuleManager: Shutting down and abandoning module ComponentVisualizers (380)
[2017.12.12-13.30.36:751][318]LogModuleManager: Shutting down and abandoning module DetailCustomizations (378)
[2017.12.12-13.30.36:751][318]LogModuleManager: Shutting down and abandoning module PackagesDialog (376)
[2017.12.12-13.30.36:751][318]LogModuleManager: Shutting down and abandoning module Persona (374)
[2017.12.12-13.30.36:751][318]LogModuleManager: Shutting down and abandoning module AdvancedPreviewScene (373)
[2017.12.12-13.30.36:751][318]LogModuleManager: Shutting down and abandoning module AnimGraph (371)
[2017.12.12-13.30.36:751][318]LogModuleManager: Shutting down and abandoning module Kismet (368)
[2017.12.12-13.30.36:751][318]LogModuleManager: Shutting down and abandoning module ClassViewer (366)
[2017.12.12-13.30.36:751][318]LogModuleManager: Shutting down and abandoning module Toolbox (364)
[2017.12.12-13.30.36:751][318]LogModuleManager: Shutting down and abandoning module ModuleUI (362)
[2017.12.12-13.30.36:751][318]LogModuleManager: Shutting down and abandoning module MovieSceneTools (360)
[2017.12.12-13.30.36:751][318]LogModuleManager: Shutting down and abandoning module OutputLog (358)
[2017.12.12-13.30.36:751][318]LogModuleManager: Shutting down and abandoning module GammaUI (356)
[2017.12.12-13.30.36:751][318]LogModuleManager: Shutting down and abandoning module Documentation (354)
[2017.12.12-13.30.36:751][318]LogModuleManager: Shutting down and abandoning module MovieSceneTracks (352)
[2017.12.12-13.30.36:751][318]LogModuleManager: Shutting down and abandoning module MovieScene (350)
[2017.12.12-13.30.36:751][318]LogModuleManager: Shutting down and abandoning module Niagara (348)
[2017.12.12-13.30.36:751][318]LogModuleManager: Shutting down and abandoning module NiagaraEditor (347)
[2017.12.12-13.30.36:751][318]LogModuleManager: Shutting down and abandoning module StreamingPauseRendering (344)
[2017.12.12-13.30.36:751][318]LogModuleManager: Shutting down and abandoning module AnalyticsET (342)
[2017.12.12-13.30.36:751][318]LogModuleManager: Shutting down and abandoning module PortalServices (340)
[2017.12.12-13.30.36:751][318]LogModuleManager: Shutting down and abandoning module PortalRpc (338)
[2017.12.12-13.30.36:751][318]LogModuleManager: Shutting down and abandoning module MessagingRpc (336)
[2017.12.12-13.30.36:751][318]LogModuleManager: Shutting down and abandoning module AIModule (334)
[2017.12.12-13.30.36:751][318]LogModuleManager: Shutting down and abandoning module GameplayDebugger (333)
[2017.12.12-13.30.36:751][318]LogModuleManager: Shutting down and abandoning module AITestSuite (331)
[2017.12.12-13.30.36:751][318]LogModuleManager: Shutting down and abandoning module ProfilerService (328)
[2017.12.12-13.30.36:760][318]LogModuleManager: Shutting down and abandoning module TaskGraph (326)
[2017.12.12-13.30.36:760][318]LogModuleManager: Shutting down and abandoning module SteamVRController (324)
[2017.12.12-13.30.36:760][318]LogModuleManager: Shutting down and abandoning module SteamVR (322)
[2017.12.12-13.30.36:760][318]LogModuleManager: Shutting down and abandoning module ProceduralMeshComponentEditor (320)
[2017.12.12-13.30.36:760][318]LogModuleManager: Shutting down and abandoning module ProceduralMeshComponent (318)
[2017.12.12-13.30.36:760][318]LogModuleManager: Shutting down and abandoning module OculusLibrary (316)
[2017.12.12-13.30.36:760][318]LogModuleManager: Shutting down and abandoning module OculusInput (314)
[2017.12.12-13.30.36:760][318]LogModuleManager: Shutting down and abandoning module MobilePatchingUtils (312)
[2017.12.12-13.30.36:760][318]LogModuleManager: Shutting down and abandoning module CustomMeshComponent (310)
[2017.12.12-13.30.36:760][318]LogModuleManager: Shutting down and abandoning module CableComponent (308)
[2017.12.12-13.30.36:760][318]LogModuleManager: Shutting down and abandoning module ArchVisCharacter (306)
[2017.12.12-13.30.36:760][318]LogModuleManager: Shutting down and abandoning module AndroidPermission (304)
[2017.12.12-13.30.36:760][318]LogModuleManager: Shutting down and abandoning module MediaPlayerEditor (300)
[2017.12.12-13.30.36:760][318]LogModuleManager: Shutting down and abandoning module HTML5Networking (298)
[2017.12.12-13.30.36:761][318]LogModuleManager: Shutting down and abandoning module AlembicImporter (296)
[2017.12.12-13.30.36:761][318]LogModuleManager: Shutting down and abandoning module AlembicLibrary (295)
[2017.12.12-13.30.36:761][318]LogModuleManager: Shutting down and abandoning module GeometryCache (294)
[2017.12.12-13.30.36:761][318]LogModuleManager: Shutting down and abandoning module GeometryCacheEd (293)
[2017.12.12-13.30.36:761][318]LogModuleManager: Shutting down and abandoning module SuperSearchEditor (288)
[2017.12.12-13.30.36:761][318]LogModuleManager: Shutting down and abandoning module SuperSearch (287)
[2017.12.12-13.30.36:761][318]LogModuleManager: Shutting down and abandoning module SpeedTreeImporter (284)
[2017.12.12-13.30.36:761][318]LogModuleManager: Shutting down and abandoning module PluginBrowser (282)
[2017.12.12-13.30.36:761][318]LogModuleManager: Shutting down and abandoning module MobileLauncherProfileWizard (280)
[2017.12.12-13.30.36:761][318]LogModuleManager: Shutting down and abandoning module VisualStudioSourceCodeAccess (278)
[2017.12.12-13.30.36:761][318]LogModuleManager: Shutting down and abandoning module DesktopPlatform (277)
[2017.12.12-13.30.36:761][318]LogModuleManager: Shutting down and abandoning module UObjectPlugin (274)
[2017.12.12-13.30.36:761][318]LogModuleManager: Shutting down and abandoning module SubversionSourceControl (272)
[2017.12.12-13.30.36:761][318]LogModuleManager: Shutting down and abandoning module PerforceSourceControl (270)
[2017.12.12-13.30.36:761][318]LogModuleManager: Shutting down and abandoning module GitSourceControl (268)
[2017.12.12-13.30.36:761][318]LogModuleManager: Shutting down and abandoning module SourceControl (267)
[2017.12.12-13.30.36:761][318]LogModuleManager: Shutting down and abandoning module LightPropagationVolumeEditor (264)
[2017.12.12-13.30.36:761][318]LogModuleManager: Shutting down and abandoning module PaperTiledImporter (262)
[2017.12.12-13.30.36:761][318]LogModuleManager: Shutting down and abandoning module PaperSpriteSheetImporter (260)
[2017.12.12-13.30.36:761][318]LogModuleManager: Shutting down and abandoning module Paper2DEditor (258)
[2017.12.12-13.30.36:761][318]LogModuleManager: Shutting down and abandoning module MeshPaint (257)
[2017.12.12-13.30.36:761][318]LogModuleManager: Shutting down and abandoning module LevelEditor (255)
[2017.12.12-13.30.36:761][318]LogModuleManager: Shutting down and abandoning module PixelInspectorModule (254)
[2017.12.12-13.30.36:761][318]LogModuleManager: Shutting down and abandoning module MainFrame (252)
[2017.12.12-13.30.36:761][318]LogModuleManager: Shutting down and abandoning module HotReload (251)
[2017.12.12-13.30.36:761][318]LogModuleManager: Shutting down and abandoning module PhysXVehiclesEditor (246)
[2017.12.12-13.30.36:761][318]LogModuleManager: Shutting down and abandoning module PhysXVehicles (244)
[2017.12.12-13.30.36:761][318]LogModuleManager: Shutting down and abandoning module LocationServicesBPLibrary (242)
[2017.12.12-13.30.36:761][318]LogModuleManager: Shutting down and abandoning module ImmediatePhysicsEditor (240)
[2017.12.12-13.30.36:761][318]LogModuleManager: Shutting down and abandoning module ImmediatePhysics (238)
[2017.12.12-13.30.36:761][318]LogModuleManager: Shutting down and abandoning module UdpMessaging (236)
[2017.12.12-13.30.36:862][318]LogModuleManager: Shutting down and abandoning module TcpMessaging (234)
[2017.12.12-13.30.36:962][318]LogModuleManager: Shutting down and abandoning module GameplayTagsEditor (232)
[2017.12.12-13.30.36:962][318]LogModuleManager: Shutting down and abandoning module FacialAnimationEditor (230)
[2017.12.12-13.30.36:962][318]LogModuleManager: Shutting down and abandoning module FacialAnimation (228)
[2017.12.12-13.30.36:962][318]LogModuleManager: Shutting down and abandoning module AssetManagerEditor (226)
[2017.12.12-13.30.36:962][318]LogModuleManager: Shutting down and abandoning module GraphEditor (225)
[2017.12.12-13.30.36:962][318]LogModuleManager: Shutting down and abandoning module ContentBrowser (223)
[2017.12.12-13.30.36:963][318]LogModuleManager: Shutting down and abandoning module LightPropagationVolumeRuntime (220)
[2017.12.12-13.30.36:963][318]LogModuleManager: Shutting down and abandoning module Paper2D (218)
[2017.12.12-13.30.36:963][318]LogModuleManager: Shutting down and abandoning module WindowsMoviePlayer (216)
[2017.12.12-13.30.36:963][318]LogModuleManager: Shutting down and abandoning module WmfMedia (214)
[2017.12.12-13.30.36:963][318]LogModuleManager: Shutting down and abandoning module ClothingSystemEditor (212)
[2017.12.12-13.30.36:963][318]LogModuleManager: Shutting down and abandoning module ClothingSystemRuntime (210)
[2017.12.12-13.30.36:963][318]LogModuleManager: Shutting down and abandoning module MediaAssets (208)
[2017.12.12-13.30.36:963][318]LogModuleManager: Shutting down and abandoning module GameLiveStreaming (206)
[2017.12.12-13.30.36:963][318]LogModuleManager: Shutting down and abandoning module VREditor (204)
[2017.12.12-13.30.36:963][318]LogModuleManager: Shutting down and abandoning module StringTableEditor (202)
[2017.12.12-13.30.36:963][318]LogModuleManager: Shutting down and abandoning module GameplayTasksEditor (200)
[2017.12.12-13.30.36:963][318]LogModuleManager: Shutting down and abandoning module BehaviorTreeEditor (198)
[2017.12.12-13.30.36:963][318]LogModuleManager: Shutting down and abandoning module FunctionalTesting (196)
[2017.12.12-13.30.36:963][318]LogModuleManager: Shutting down and abandoning module CollisionAnalyzer (194)
[2017.12.12-13.30.36:963][318]LogModuleManager: Shutting down and abandoning module UMG (192)
[2017.12.12-13.30.36:963][318]LogModuleManager: Shutting down and abandoning module UMGEditor (191)
[2017.12.12-13.30.36:963][318]LogModuleManager: Shutting down and abandoning module Sequencer (190)
[2017.12.12-13.30.36:963][318]LogModuleManager: Shutting down and abandoning module AssetTools (188)
[2017.12.12-13.30.36:963][318]LogModuleManager: Shutting down and abandoning module MessageLog (187)
[2017.12.12-13.30.36:963][318]LogModuleManager: Shutting down and abandoning module WorkspaceMenuStructure (186)
[2017.12.12-13.30.36:964][318]LogModuleManager: Shutting down and abandoning module SlateReflector (180)
[2017.12.12-13.30.36:964][318]LogModuleManager: Shutting down and abandoning module Slate (178)
[2017.12.12-13.30.36:964][318]LogModuleManager: Shutting down and abandoning module EditorStyle (176)
[2017.12.12-13.30.36:965][318]LogModuleManager: Shutting down and abandoning module SourceCodeAccess (174)
[2017.12.12-13.30.36:965][318]LogModuleManager: Shutting down and abandoning module HeadMountedDisplay (172)
[2017.12.12-13.30.36:965][318]LogModuleManager: Shutting down and abandoning module XAudio2 (170)
[2017.12.12-13.30.36:965][318]LogModuleManager: Shutting down and abandoning module Networking (168)
[2017.12.12-13.30.36:965][318]LogModuleManager: Shutting down and abandoning module Core (164)
[2017.12.12-13.30.36:965][318]LogModuleManager: Shutting down and abandoning module AssetRegistry (162)
[2017.12.12-13.30.37:071][318]LogDirectoryWatcher: A directory notification for '../../../Engine/Content/' was aborted.
[2017.12.12-13.30.37:071][318]LogDirectoryWatcher: A directory notification for '../../../../../../Users/Bendick/Documents/GitHub/SR_Prototype_V3/SR_Prototype_V3/Content/' was aborted.
[2017.12.12-13.30.37:071][318]LogDirectoryWatcher: A directory notification for '../../../Engine/Plugins/2D/Paper2D/Content/' was aborted.
[2017.12.12-13.30.37:071][318]LogDirectoryWatcher: A directory notification for '../../../Engine/Plugins/Runtime/GearVR/Content/' was aborted.
[2017.12.12-13.30.37:073][318]LogModuleManager: Shutting down and abandoning module DirectoryWatcher (161)
[2017.12.12-13.30.37:073][318]LogModuleManager: Shutting down and abandoning module KismetCompiler (158)
[2017.12.12-13.30.37:073][318]LogModuleManager: Shutting down and abandoning module LevelSequence (156)
[2017.12.12-13.30.37:073][318]LogModuleManager: Shutting down and abandoning module PhysXFormats (154)
[2017.12.12-13.30.37:073][318]LogModuleManager: Shutting down and abandoning module MeshUtilities (152)
[2017.12.12-13.30.37:073][318]LogModuleManager: Shutting down and abandoning module SimplygonSwarm (151)
[2017.12.12-13.30.37:073][318]LogModuleManager: Shutting down and abandoning module SimplygonMeshReduction (149)
[2017.12.12-13.30.37:073][318]LogModuleManager: Shutting down and abandoning module QuadricMeshReduction (147)
[2017.12.12-13.30.37:073][318]LogModuleManager: Shutting down and abandoning module DerivedDataCache (144)
[2017.12.12-13.30.37:112][318]LogDerivedDataCache: Shutdown
[2017.12.12-13.30.37:112][318]LogModuleManager: Shutting down and abandoning module TargetPlatform (142)
[2017.12.12-13.30.37:112][318]LogModuleManager: Shutting down and abandoning module VulkanShaderFormat (141)
[2017.12.12-13.30.37:112][318]LogModuleManager: Shutting down and abandoning module ShaderFormatVectorVM (139)
[2017.12.12-13.30.37:112][318]LogModuleManager: Shutting down and abandoning module ShaderFormatOpenGL (137)
[2017.12.12-13.30.37:112][318]LogModuleManager: Shutting down and abandoning module ShaderFormatD3D (135)
[2017.12.12-13.30.37:112][318]LogModuleManager: Shutting down and abandoning module MetalShaderFormat (133)
[2017.12.12-13.30.37:112][318]LogModuleManager: Shutting down and abandoning module TextureFormatUncompressed (131)
[2017.12.12-13.30.37:112][318]LogModuleManager: Shutting down and abandoning module TextureFormatPVR (129)
[2017.12.12-13.30.37:112][318]LogModuleManager: Shutting down and abandoning module TextureFormatDXT (127)
[2017.12.12-13.30.37:112][318]LogModuleManager: Shutting down and abandoning module TextureFormatIntelISPCTexComp (125)
[2017.12.12-13.30.37:113][318]LogModuleManager: Shutting down and abandoning module TextureFormatASTC (123)
[2017.12.12-13.30.37:113][318]LogModuleManager: Shutting down and abandoning module ImageWrapper (122)
[2017.12.12-13.30.37:113][318]LogModuleManager: Shutting down and abandoning module TextureFormatAndroid (119)
[2017.12.12-13.30.37:113][318]LogModuleManager: Shutting down and abandoning module AudioFormatOpus (117)
[2017.12.12-13.30.37:113][318]LogModuleManager: Shutting down and abandoning module AudioFormatOgg (115)
[2017.12.12-13.30.37:113][318]LogModuleManager: Shutting down and abandoning module AudioFormatADPCM (113)
[2017.12.12-13.30.37:113][318]LogModuleManager: Shutting down and abandoning module LinuxTargetPlatform (111)
[2017.12.12-13.30.37:113][318]LogModuleManager: Shutting down and abandoning module LinuxServerTargetPlatform (109)
[2017.12.12-13.30.37:113][318]LogModuleManager: Shutting down and abandoning module LinuxNoEditorTargetPlatform (107)
[2017.12.12-13.30.37:113][318]LogModuleManager: Shutting down and abandoning module LinuxClientTargetPlatform (105)
[2017.12.12-13.30.37:113][318]LogModuleManager: Shutting down and abandoning module TVOSTargetPlatform (103)
[2017.12.12-13.30.37:113][318]LogModuleManager: Shutting down and abandoning module Messaging (101)
[2017.12.12-13.30.37:113][318]LogModuleManager: Shutting down and abandoning module IOSTargetPlatform (99)
[2017.12.12-13.30.37:113][318]LogModuleManager: Shutting down and abandoning module HTML5TargetPlatform (97)
[2017.12.12-13.30.37:113][318]LogModuleManager: Shutting down and abandoning module Android_PVRTCTargetPlatform (95)
[2017.12.12-13.30.37:113][318]LogModuleManager: Shutting down and abandoning module Android_MultiTargetPlatform (93)
[2017.12.12-13.30.37:113][318]LogModuleManager: Shutting down and abandoning module Android_ETC2TargetPlatform (91)
[2017.12.12-13.30.37:113][318]LogModuleManager: Shutting down and abandoning module Android_ETC1TargetPlatform (89)
[2017.12.12-13.30.37:113][318]LogModuleManager: Shutting down and abandoning module Android_DXTTargetPlatform (87)
[2017.12.12-13.30.37:113][318]LogModuleManager: Shutting down and abandoning module Android_ATCTargetPlatform (85)
[2017.12.12-13.30.37:113][318]LogModuleManager: Shutting down and abandoning module Android_ASTCTargetPlatform (83)
[2017.12.12-13.30.37:113][318]LogModuleManager: Shutting down and abandoning module AndroidTargetPlatform (81)
[2017.12.12-13.30.37:113][318]LogModuleManager: Shutting down and abandoning module WindowsTargetPlatform (79)
[2017.12.12-13.30.37:113][318]LogModuleManager: Shutting down and abandoning module WindowsServerTargetPlatform (77)
[2017.12.12-13.30.37:113][318]LogModuleManager: Shutting down and abandoning module WindowsNoEditorTargetPlatform (75)
[2017.12.12-13.30.37:113][318]LogModuleManager: Shutting down and abandoning module WindowsClientTargetPlatform (73)
[2017.12.12-13.30.37:113][318]LogModuleManager: Shutting down and abandoning module MacTargetPlatform (71)
[2017.12.12-13.30.37:113][318]LogModuleManager: Shutting down and abandoning module MacServerTargetPlatform (69)
[2017.12.12-13.30.37:113][318]LogModuleManager: Shutting down and abandoning module MacNoEditorTargetPlatform (67)
[2017.12.12-13.30.37:113][318]LogModuleManager: Shutting down and abandoning module MacClientTargetPlatform (65)
[2017.12.12-13.30.37:113][318]LogModuleManager: Shutting down and abandoning module AllDesktopTargetPlatform (63)
[2017.12.12-13.30.37:113][318]LogModuleManager: Shutting down and abandoning module InputCore (60)
[2017.12.12-13.30.37:113][318]LogModuleManager: Shutting down and abandoning module Settings (58)
[2017.12.12-13.30.37:113][318]LogModuleManager: Shutting down and abandoning module OculusRift (56)
[2017.12.12-13.30.37:113][318]LogModuleManager: Shutting down and abandoning module GearVRController (54)
[2017.12.12-13.30.37:113][318]LogModuleManager: Shutting down and abandoning module GearVR (52)
[2017.12.12-13.30.37:113][318]LogModuleManager: Shutting down and abandoning module ExampleDeviceProfileSelector (50)
[2017.12.12-13.30.37:113][318]LogModuleManager: Shutting down and abandoning module OnlineBlueprintSupport (48)
[2017.12.12-13.30.37:113][318]LogModuleManager: Shutting down and abandoning module OnlineSubsystem (44)
[2017.12.12-13.30.37:113][318]LogOnline:Display: Unloading online subsystem: NULL
[2017.12.12-13.30.37:113][318]LogModuleManager: Shutting down and abandoning module XMPP (43)
[2017.12.12-13.30.37:113][318]LogModuleManager: Shutting down and abandoning module HTTP (41)
[2017.12.12-13.30.37:113][318]LogHttp:Display: Http module shutting down, but needs to wait on 1 outstanding Http requests:
[2017.12.12-13.30.37:113][318]LogHttp:Display: 	verb=[POST] url=[https://datarouter.ol.epicgames.com/datarouter/api/v1/public/data?SessionID=%7B2C4121E2-4D5C-C307-33B2-83B92B17A4CE%7D&AppID=UEEditor.Rocket.Release&AppVersion=4.16.3-3561208%2B%2B%2BUE4%2BRelease-4.16&UserID=0c75b627499df609a8813c9ced46962c%7Cfebaf0232e0e4e628b45a2bec753bbbc%7C408adb04-e8c0-4c29-a1fb-4d7ed05dedd7&AppEnvironment=datacollector-binary&UploadType=eteventstream] status=Processing
[2017.12.12-13.30.37:139][318]LogModuleManager: Shutting down and abandoning module SSL (40)
[2017.12.12-13.30.37:140][318]LogModuleManager: Shutting down and abandoning module HTTPChunkInstaller (36)
[2017.12.12-13.30.37:140][318]LogModuleManager: Shutting down and abandoning module AnimationModifiers (34)
[2017.12.12-13.30.37:140][318]LogModuleManager: Shutting down and abandoning module PropertyEditor (33)
[2017.12.12-13.30.37:140][318]LogModuleManager: Shutting down and abandoning module AudioEditor (30)
[2017.12.12-13.30.37:140][318]LogModuleManager: Shutting down and abandoning module TextureCompressor (28)
[2017.12.12-13.30.37:140][318]LogModuleManager: Shutting down and abandoning module ShaderCore (26)
[2017.12.12-13.30.37:140][318]LogModuleManager: Shutting down and abandoning module Landscape (24)
[2017.12.12-13.30.37:140][318]LogModuleManager: Shutting down and abandoning module SlateRHIRenderer (22)
[2017.12.12-13.30.37:141][318]LogModuleManager: Shutting down and abandoning module OpenGLDrv (20)
[2017.12.12-13.30.37:141][318]LogModuleManager: Shutting down and abandoning module D3D11RHI (18)
[2017.12.12-13.30.37:141][318]LogModuleManager: Shutting down and abandoning module AnimGraphRuntime (16)
[2017.12.12-13.30.37:141][318]LogModuleManager: Shutting down and abandoning module Renderer (14)
[2017.12.12-13.30.37:141][318]LogModuleManager: Shutting down and abandoning module Engine (12)
[2017.12.12-13.30.37:141][318]LogModuleManager: Shutting down and abandoning module CoreUObject (10)
[2017.12.12-13.30.37:141][318]LogModuleManager: Shutting down and abandoning module NetworkFile (8)
[2017.12.12-13.30.37:141][318]LogModuleManager: Shutting down and abandoning module StreamingFile (6)
[2017.12.12-13.30.37:141][318]LogModuleManager: Shutting down and abandoning module SandboxFile (4)
[2017.12.12-13.30.37:141][318]LogModuleManager: Shutting down and abandoning module PakFile (2)
[2017.12.12-13.30.37:142][318]LogExit: Exiting.
[2017.12.12-13.30.37:153][318]Log file closed, 12/12/17 14:30:37
