Log file open, 11/08/17 12:42:52
LogInit:Display: Running engine for game: SR_Prototype_V3
LogPlatformFile: Not using cached read wrapper
LogInit:Display: RandInit(1568919041) SRandInit(1568919041).
LogTaskGraph: Started task graph with 5 named threads and 8 total threads with 1 sets of task threads.
LogStats: Stats thread started at 0.079876
LogConfig:Warning: Failed to saved backup for config[Input]
LogConfig:Warning: Failed to saved backup for config[Editor]
LogConfig:Warning: Failed to saved backup for config[EditorPerProjectUserSettings]
LogConfig:Warning: Failed to saved backup for config[EditorSettings]
LogConfig:Warning: Failed to saved backup for config[EditorKeyBindings]
LogConfig:Warning: Failed to saved backup for config[Compat]
LogConfig:Warning: Failed to saved backup for config[Lightmass]
LogConfig:Warning: Failed to saved backup for config[PerforceSourceControl]
LogConfig:Warning: Failed to saved backup for config[SubversionSourceControl]
LogConfig:Warning: Failed to saved backup for config[PluginBrowser]
LogConfig:Warning: Failed to saved backup for config[SuperSearchEditor]
LogConfig:Warning: Failed to saved backup for config[CharacterAI]
LogConfig:Warning: Failed to saved backup for config[HTML5Networking]
LogConfig:Warning: Failed to saved backup for config[HTTPChunkInstaller]
LogConfig:Warning: Failed to saved backup for config[CustomMeshComponent]
LogConfig:Warning: Failed to saved backup for config[WindowsMoviePlayer]
LogInit: Using libcurl 7.47.1
LogInit:  - built for x86_64-pc-win32
LogInit:  - supports SSL with OpenSSL/1.0.2g
LogInit:  - supports HTTP deflate (compression) using libz 1.2.8
LogInit:  - other features:
LogInit:      CURL_VERSION_SSL
LogInit:      CURL_VERSION_LIBZ
LogInit:      CURL_VERSION_IPV6
LogInit:      CURL_VERSION_ASYNCHDNS
LogInit:      CURL_VERSION_LARGEFILE
LogInit:      CURL_VERSION_IDN
LogInit:  CurlRequestOptions (configurable via config and command line):
LogInit:  - bVerifyPeer = false  - Libcurl will NOT verify peer certificate
LogInit:  - bUseHttpProxy = false  - Libcurl will NOT use HTTP proxy
LogInit:  - bDontReuseConnections = false  - Libcurl will reuse connections
LogInit:  - CertBundlePath = nullptr  - Libcurl will use whatever was configured at build time.
LogInit: Build: ++UE4+Release-4.16-CL-3561208
LogInit: Engine Version: 4.16.3-3561208+++UE4+Release-4.16
LogInit: Compatible Engine Version: 4.16.0-3452394+++UE4+Release-4.16
LogInit: Net CL: 3452394
LogDevObjectVersion: Number of dev versions registered: 16
LogDevObjectVersion:   Dev-Blueprints (B0D832E4-1F89-4F0D-ACCF-7EB736FD4AA2): 9
LogDevObjectVersion:   Dev-Build (E1C64328-A22C-4D53-A36C-8E866417BD8C): 0
LogDevObjectVersion:   Dev-Core (375EC13C-06E4-48FB-B500-84F0262A717E): 2
LogDevObjectVersion:   Dev-Editor (E4B068ED-F494-42E9-A231-DA0B2E46BB41): 17
LogDevObjectVersion:   Dev-Framework (CFFC743F-43B0-4480-9391-14DF171D2073): 23
LogDevObjectVersion:   Dev-Mobile (B02B49B5-BB20-44E9-A304-32B752E40360): 0
LogDevObjectVersion:   Dev-Networking (A4E4105C-59A1-49B5-A7C5-40C4547EDFEE): 0
LogDevObjectVersion:   Dev-Online (39C831C9-5AE6-47DC-9A44-9C173E1C8E7C): 0
LogDevObjectVersion:   Dev-Physics (78F01B33-EBEA-4F98-B9B4-84EACCB95AA2): 0
LogDevObjectVersion:   Dev-Platform (6631380F-2D4D-43E0-8009-CF276956A95A): 0
LogDevObjectVersion:   Dev-Rendering (12F88B9F-8875-4AFC-A67C-D90C383ABD29): 15
LogDevObjectVersion:   Dev-Sequencer (7B5AE74C-D270-4C10-A958-57980B212A5A): 4
LogDevObjectVersion:   Dev-VR (D7296918-1DD6-4BDD-9DE2-64A83CC13884): 0
LogDevObjectVersion:   Dev-LoadTimes (C2A15278-BFE7-4AFE-6C17-90FF531DF755): 1
LogDevObjectVersion:   Private-Geometry (6EACA3D4-40EC-4CC1-B786-8BED09428FC5): 1
LogDevObjectVersion:   Dev-AnimPhys (29E575DD-E0A3-4627-9D10-D276232CDCEA): 3
LogInit: Compiled (64-bit): Jul 28 2017 11:49:47
LogInit: Compiled with Visual C++: 19.00.24215.01
LogInit: Build Configuration: Development
LogInit: Branch Name: ++UE4+Release-4.16
LogInit: Command line:  
LogInit: Base directory: E:/Unreal Engine Versions/UE_4.16/Engine/Binaries/Win64/
LogInit: Installed Engine Build: 1
LogInit: Presizing for max 8388607 objects, including 0 objects not considered by GC, pre-allocating 0 bytes for permanent pool.
LogInit: Object subsystem initialized
[2017.11.08-11.43.26:405][  0]LogInit: Selected Device Profile: [Windows]
[2017.11.08-11.43.26:405][  0]LogInit: Applying CVar settings loaded from the selected device profile: [Windows]
[2017.11.08-11.43.26:494][  0]LogConfig:Warning: Failed to saved backup for config[DeviceProfiles]
[2017.11.08-11.43.26:953][  0]LogInit: Computer: DESKTOP-IUT1OKO
[2017.11.08-11.43.26:953][  0]LogInit: User: Steffen
[2017.11.08-11.43.26:953][  0]LogInit: CPU Page size=4096, Cores=4
[2017.11.08-11.43.26:953][  0]LogInit: High frequency timer resolution =3.906247 MHz
[2017.11.08-11.43.26:994][  0]LogMemory: Memory total: Physical=15.9GB (16GB approx)
[2017.11.08-11.43.26:994][  0]LogMemory: Platform Memory Stats for Windows
[2017.11.08-11.43.26:994][  0]LogMemory: Process Physical Memory: 274.33 MB used, 274.33 MB peak
[2017.11.08-11.43.26:994][  0]LogMemory: Process Virtual Memory: 264.88 MB used, 264.88 MB peak
[2017.11.08-11.43.26:994][  0]LogMemory: Physical Memory: 7785.12 MB used,  8539.22 MB free, 16324.34 MB total
[2017.11.08-11.43.26:994][  0]LogMemory: Virtual Memory: 642.34 MB used,  8539.22 MB free, 134217728.00 MB total
[2017.11.08-11.43.34:112][  0]LogInit: Using OS detected language (nb-NO).
[2017.11.08-11.43.34:112][  0]LogInit: Using OS detected locale (nb-NO).
[2017.11.08-11.43.35:171][  0]LogTextLocalizationManager: No localization for 'nb-NO' exists, so 'en' will be used for the language.
[2017.11.08-11.43.35:171][  0]LogTextLocalizationManager: No localization for 'nb-NO' exists, so 'en' will be used for the locale.
[2017.11.08-11.43.49:376][  0]LogD3D11RHI: D3D11 adapters:
[2017.11.08-11.43.49:960][  0]LogD3D11RHI:    0. 'NVIDIA GeForce GTX 1080 Ti' (Feature Level 11_0)
[2017.11.08-11.43.49:960][  0]LogD3D11RHI:       11124/0/8162 MB DedicatedVideo/DedicatedSystem/SharedSystem, Outputs:3, VendorId:0x10de
[2017.11.08-11.43.49:963][  0]LogD3D11RHI:    1. 'Microsoft Basic Render Driver' (Feature Level 11_0)
[2017.11.08-11.43.49:963][  0]LogD3D11RHI:       0/0/8162 MB DedicatedVideo/DedicatedSystem/SharedSystem, Outputs:0, VendorId:0x1414
[2017.11.08-11.43.49:963][  0]LogD3D11RHI: Chosen D3D11 Adapter: 0
[2017.11.08-11.43.50:025][  0]LogD3D11RHI: Creating new Direct3DDevice
[2017.11.08-11.43.50:025][  0]LogD3D11RHI:     GPU DeviceId: 0x1b06 (for the marketing name, search the web for "GPU Device Id")
[2017.11.08-11.43.50:025][  0]LogWindows: EnumDisplayDevices:
[2017.11.08-11.43.50:025][  0]LogWindows:    0. 'NVIDIA GeForce GTX 1080 Ti' (P:1 D:1)
[2017.11.08-11.43.50:025][  0]LogWindows:    1. 'NVIDIA GeForce GTX 1080 Ti' (P:0 D:1)
[2017.11.08-11.43.50:025][  0]LogWindows:    2. 'NVIDIA GeForce GTX 1080 Ti' (P:0 D:1)
[2017.11.08-11.43.50:026][  0]LogWindows:    3. 'NVIDIA GeForce GTX 1080 Ti' (P:0 D:0)
[2017.11.08-11.43.50:026][  0]LogWindows: DebugString: FoundDriverCount:4 
[2017.11.08-11.43.50:026][  0]LogD3D11RHI:     Adapter Name: NVIDIA GeForce GTX 1080 Ti
[2017.11.08-11.43.50:026][  0]LogD3D11RHI:   Driver Version: 384.94 (internal:22.21.13.8494, unified:384.94)
[2017.11.08-11.43.50:026][  0]LogD3D11RHI:      Driver Date: 7-18-2017
[2017.11.08-11.43.50:026][  0]LogRHI: Texture pool is 1361 MB (70% of 1945 MB)
[2017.11.08-11.43.50:558][  0]LogD3D11RHI: Async texture creation enabled
[2017.11.08-11.43.51:613][  0]LogD3D11RHI: GPU Timing Frequency: 1000.000000 (Debug: 2 1)
[2017.11.08-11.43.52:624][  0]LogShaderCompilers: Guid format shader working directory is -13 characters bigger than the processId version (../../../../../GitHubProjects/SR_Prototype_V3/SR_Prototype_V3/Intermediate/Shaders/WorkingDirectory/4144/).
[2017.11.08-11.43.52:624][  0]LogShaderCompilers: Cleaned the shader compiler working directory 'C:/Users/Steffen/AppData/Local/Temp/UnrealShaderWorkingDir/ADE098034D4CB4BB4459A4BA28E685C6/'.
[2017.11.08-11.43.52:746][  0]LogShaderCompilers:Display: Using Local Shader Compiler.
[2017.11.08-11.44.14:867][  0]LogTemp:Display: Loaded TP AllDesktopTargetPlatform
[2017.11.08-11.44.14:901][  0]LogTemp:Display: Loaded TP MacClientTargetPlatform
[2017.11.08-11.44.14:933][  0]LogTemp:Display: Loaded TP MacNoEditorTargetPlatform
[2017.11.08-11.44.14:964][  0]LogTemp:Display: Loaded TP MacServerTargetPlatform
[2017.11.08-11.44.15:042][  0]LogTemp:Display: Loaded TP MacTargetPlatform
[2017.11.08-11.44.15:078][  0]LogTemp:Display: Loaded TP WindowsClientTargetPlatform
[2017.11.08-11.44.15:112][  0]LogTemp:Display: Loaded TP WindowsNoEditorTargetPlatform
[2017.11.08-11.44.15:143][  0]LogTemp:Display: Loaded TP WindowsServerTargetPlatform
[2017.11.08-11.44.15:215][  0]LogTemp:Display: Loaded TP WindowsTargetPlatform
[2017.11.08-11.44.15:331][  0]LogTemp:Display: Loaded TP AndroidTargetPlatform
[2017.11.08-11.44.15:374][  0]LogTemp:Display: Loaded TP Android_ASTCTargetPlatform
[2017.11.08-11.44.15:407][  0]LogTemp:Display: Loaded TP Android_ATCTargetPlatform
[2017.11.08-11.44.15:438][  0]LogTemp:Display: Loaded TP Android_DXTTargetPlatform
[2017.11.08-11.44.15:470][  0]LogTemp:Display: Loaded TP Android_ETC1TargetPlatform
[2017.11.08-11.44.15:499][  0]LogTemp:Display: Loaded TP Android_ETC2TargetPlatform
[2017.11.08-11.44.15:751][  0]LogTemp:Display: Loaded TP Android_MultiTargetPlatform
[2017.11.08-11.44.15:752][  0]LogTemp:Display: Loaded TP Android_PVRTCTargetPlatform
[2017.11.08-11.44.15:815][  0]LogTemp:Display: Loaded TP HTML5TargetPlatform
[2017.11.08-11.44.16:306][  0]LogTemp:Display: Loaded TP IOSTargetPlatform
[2017.11.08-11.44.16:327][  0]LogTemp:Display: Loaded TP TVOSTargetPlatform
[2017.11.08-11.44.16:359][  0]LogTemp:Display: Loaded TP LinuxClientTargetPlatform
[2017.11.08-11.44.16:396][  0]LogTemp:Display: Loaded TP LinuxNoEditorTargetPlatform
[2017.11.08-11.44.16:429][  0]LogTemp:Display: Loaded TP LinuxServerTargetPlatform
[2017.11.08-11.44.16:586][  0]LogTemp:Display: Loaded TP LinuxTargetPlatform
[2017.11.08-11.44.16:586][  0]LogTargetPlatformManager:Display: Building Assets For Windows
[2017.11.08-11.44.26:937][  0]LogDerivedDataCache:Display: Max Cache Size: 512 MB
[2017.11.08-11.44.27:571][  0]LogDerivedDataCache: Loaded boot cache 0.63s 111MB C:/Users/Steffen/AppData/Local/UnrealEngine/4.16/DerivedDataCache/Boot.ddc.
[2017.11.08-11.44.27:571][  0]LogDerivedDataCache:Display: Loaded Boot cache: C:/Users/Steffen/AppData/Local/UnrealEngine/4.16/DerivedDataCache/Boot.ddc
[2017.11.08-11.44.27:571][  0]LogDerivedDataCache: FDerivedDataBackendGraph:  Pak pak cache file ../../../../../GitHubProjects/SR_Prototype_V3/SR_Prototype_V3/DerivedDataCache/DDC.ddp not found, will not use a pak cache.
[2017.11.08-11.44.27:571][  0]LogDerivedDataCache: Unable to find inner node Pak for hierarchical cache Hierarchy.
[2017.11.08-11.44.27:571][  0]LogDerivedDataCache: FDerivedDataBackendGraph:  CompressedPak pak cache file ../../../../../GitHubProjects/SR_Prototype_V3/SR_Prototype_V3/DerivedDataCache/Compressed.ddp not found, will not use a pak cache.
[2017.11.08-11.44.27:571][  0]LogDerivedDataCache: Unable to find inner node CompressedPak for hierarchical cache Hierarchy.
[2017.11.08-11.44.28:036][  0]LogDerivedDataCache:Display: Pak cache opened for reading ../../../Engine/DerivedDataCache/Compressed.ddp.
[2017.11.08-11.44.28:049][  0]LogDerivedDataCache: Using Local data cache path C:/Users/Steffen/AppData/Local/UnrealEngine/Common/DerivedDataCache: Writable
[2017.11.08-11.44.28:626][  0]LogMaterial: Verifying Global Shaders for PCD3D_SM5
[2017.11.08-11.44.30:027][  0]LogSlate: Using Freetype 2.6.0
[2017.11.08-11.44.30:798][  0]LogSlate: SlateFontCache - WITH_FREETYPE: 1, WITH_HARFBUZZ: 1
[2017.11.08-11.44.30:798][  0]LogSlate: SlateFontCache - WITH_FREETYPE: 1, WITH_HARFBUZZ: 1
[2017.11.08-11.45.55:185][  0]LogInit: Selected Device Profile: [Windows]
[2017.11.08-11.46.08:152][  0]LogMeshUtilities: Using QuadricMeshReduction for automatic static mesh reduction
[2017.11.08-11.46.09:564][  0]LogSimplygon: Simplygon DLL not present - disabling.
[2017.11.08-11.46.10:541][  0]LogMeshUtilities: Using SimplygonSwarm for distributed automatic mesh merging
[2017.11.08-11.46.10:541][  0]LogMeshUtilities: No automatic skeletal mesh reduction module available
[2017.11.08-11.46.10:541][  0]LogMeshUtilities: No automatic mesh merging module available
[2017.11.08-11.46.50:937][  0]LogNetVersion: SR_Prototype_V3 , NetCL: 3452394, EngineNetVer: 2, GameNetVer: 0 (Checksum: 2708348065)
[2017.11.08-11.46.54:912][  0]LogAssetRegistry: FAssetRegistry took 0.7079 seconds to start up
[2017.11.08-11.46.55:976][  0]LogAssetRegistry:Error: Failed to open file for write ../../../../../GitHubProjects/SR_Prototype_V3/SR_Prototype_V3/Intermediate/AssetRegistryCache/2657c409.bin
[2017.11.08-11.46.56:510][  0]LogAssetRegistry:Error: Failed to open file for write ../../../../../GitHubProjects/SR_Prototype_V3/SR_Prototype_V3/Intermediate/AssetRegistryCache/866581fd.bin
[2017.11.08-11.46.56:558][  0]LogAssetRegistry:Error: Failed to open file for write ../../../../../GitHubProjects/SR_Prototype_V3/SR_Prototype_V3/Intermediate/AssetRegistryCache/8c0e1344.bin
[2017.11.08-11.46.56:566][  0]LogAssetRegistry:Error: Failed to open file for write ../../../../../GitHubProjects/SR_Prototype_V3/SR_Prototype_V3/Intermediate/AssetRegistryCache/5eb44d7c.bin
[2017.11.08-11.46.56:571][  0]LogAssetRegistry:Error: Failed to open file for write ../../../../../GitHubProjects/SR_Prototype_V3/SR_Prototype_V3/Intermediate/AssetRegistryCache/5b6d4343.bin
[2017.11.08-11.46.56:575][  0]LogPackageLocalizationCache: Processed 5 localized package path(s) for 1 prioritized culture(s) in 0.604961 seconds
[2017.11.08-11.46.56:737][  0]LogUObjectArray: 34194 objects as part of root set at end of initial load.
[2017.11.08-11.46.56:737][  0]LogUObjectAllocator: 7260416 out of 0 bytes used by permanent object pool.
[2017.11.08-11.46.56:786][  0]LogUObjectArray: CloseDisregardForGC: 0/0 objects in disregard for GC pool
[2017.11.08-11.46.56:991][  0]LogInit: WinSock: version 1.1 (2.2), MaxSocks=32767, MaxUdp=65467
[2017.11.08-11.48.18:722][  0]LogAssetRegistry:Error: Failed to open file for write ../../../../../GitHubProjects/SR_Prototype_V3/SR_Prototype_V3/Intermediate/CachedAssetRegistry.bin
[2017.11.08-11.48.23:558][  0]LogTcpMessaging: Initializing TcpMessaging bridge
[2017.11.08-11.48.24:078][  0]LogUdpMessaging: Initializing bridge on interface 0.0.0.0:0 to multicast group 230.0.0.1:6666.
[2017.11.08-11.48.31:493][  0]LogConfig:Warning: Failed to saved backup for config[InternationalizationExport]
[2017.11.08-11.48.34:259][  0]LogMaterial: Uniform references updated for custom material expression Custom.
[2017.11.08-11.48.39:097][  0]SourceControl: Info Source control is disabled
[2017.11.08-11.48.39:175][  0]SourceControl: Info Source control is disabled
[2017.11.08-11.48.39:649][  0]SourceControl: Info Source control is disabled
[2017.11.08-11.48.40:021][  0]SourceControl: Info Source control is disabled
[2017.11.08-11.48.49:118][  0]LogAndroidPermission: UAndroidPermissionCallbackProxy::GetInstance
[2017.11.08-11.48.58:058][  0]LogEngine: Initializing Engine...
[2017.11.08-11.48.58:344][  0]LogHMD: Failed to initialize OpenVR with code 110
[2017.11.08-11.48.59:559][  0]LogStats: UGameplayTagsManager::ConstructGameplayTagTree: Construct from data asset -  0.000 s
[2017.11.08-11.48.59:626][  0]LogStats: UGameplayTagsManager::ConstructGameplayTagTree: GameplayTagTreeChangedEvent.Broadcast -  0.021 s
[2017.11.08-11.49.05:546][  0]LogAIModule: Creating AISystem for world Untitled
[2017.11.08-11.49.09:847][  0]LogInit: XAudio2 using 'SPDIF Interface (FiiO USB DAC-E10)' : 2 channels at 48 kHz using 16 bits per sample (channel mask 0x3)
[2017.11.08-11.49.10:104][  0]LogInit: FAudioDevice initialized.
[2017.11.08-11.49.10:426][  0]LogDerivedDataCache: Saved boot cache 0.08s 111MB C:/Users/Steffen/AppData/Local/UnrealEngine/4.16/DerivedDataCache/Boot.ddc.
[2017.11.08-11.49.10:442][  0]LogInit: Texture streaming: Disabled
[2017.11.08-11.49.11:735][  0]LogEngineSessionManager: EngineSessionManager initialized
[2017.11.08-11.49.17:344][  0]LogInit: Transaction tracking system initialized
[2017.11.08-11.49.19:973][  0]BlueprintLog: New page: Editor Load
[2017.11.08-11.49.35:694][  0]LocalizationService: Info Localization service is disabled
[2017.11.08-11.49.43:234][  0]LogConsoleResponse:Display: 
[2017.11.08-11.49.52:031][  0]LogFileCache: Scanning file cache for directory 'E:/GitHubProjects/SR_Prototype_V3/SR_Prototype_V3/Content/' took 0.07s
[2017.11.08-11.49.52:031][  0]LogCook:Display: Max memory allowance for cook 16384mb min free memory 0mb
[2017.11.08-11.49.52:095][  0]LogCook:Display: Mobile HDR setting 1
[2017.11.08-11.50.06:283][  0]SourceControl: Info Source control is disabled
[2017.11.08-11.50.06:390][  0]Cmd: MAP LOAD FILE="../../../../../GitHubProjects/SR_Prototype_V3/SR_Prototype_V3/Content/ScanReach.umap" TEMPLATE=0 SHOWPROGRESS=1 FEATURELEVEL=3
[2017.11.08-11.50.06:405][  0]LightingResults: New page: Lighting Build
[2017.11.08-11.50.07:636][  0]MapCheck: New page: Map Check
[2017.11.08-11.50.07:636][  0]LightingResults: New page: Lighting Build
[2017.11.08-11.50.21:474][  0]LogMaterial: Missing cached shader map for material BackgroundMaterial, compiling. 
[2017.11.08-11.50.22:529][  0]LogAIModule: Creating AISystem for world ScanReach
[2017.11.08-11.50.28:154][  0]LogEditorServer: Finished looking for orphan Actors (0.000 secs)
[2017.11.08-11.50.29:559][  0]Cmd: MAP CHECKDEP NOCLEARLOG
[2017.11.08-11.50.29:700][  0]MapCheck: Info Map check complete: 0 Error(s), 0 Warning(s), took 126.325ms to complete.
[2017.11.08-11.50.29:700][  0]LogFileHelpers: Loading map 'ScanReach' took 23.389
[2017.11.08-11.50.45:219][  0]LogCollectionManager: Loaded 0 collections in 0.000659 seconds
[2017.11.08-11.50.47:211][  0]LogFileCache: Scanning file cache for directory 'E:/GitHubProjects/SR_Prototype_V3/SR_Prototype_V3/Saved/Collections/' took 0.01s
[2017.11.08-11.50.47:211][  0]LogFileCache: Scanning file cache for directory 'E:/GitHubProjects/SR_Prototype_V3/SR_Prototype_V3/Content/Developers/Steffen/Collections/' took 0.01s
[2017.11.08-11.50.47:211][  0]LogFileCache: Scanning file cache for directory 'E:/GitHubProjects/SR_Prototype_V3/SR_Prototype_V3/Content/Collections/' took 0.01s
[2017.11.08-11.50.47:211][  0]LogCollectionManager: Rebuilt the GUID cache for 0 collections in 0.000008 seconds
[2017.11.08-11.50.47:288][  0]LogContentBrowser: Native class hierarchy populated in 0.0766 seconds. Added 2334 classes and 495 folders.
[2017.11.08-11.50.47:878][  0]LogContentBrowser: Native class hierarchy updated for 'WidgetCarousel' in 0.0022 seconds. Added 0 classes and 0 folders.
[2017.11.08-11.50.56:089][  0]LogContentBrowser: Native class hierarchy updated for 'AddContentDialog' in 0.0018 seconds. Added 0 classes and 0 folders.
[2017.11.08-11.50.56:390][  0]LogContentBrowser: Native class hierarchy updated for 'SceneOutliner' in 0.0009 seconds. Added 1 classes and 2 folders.
[2017.11.08-11.51.00:339][  0]LogCrashTracker: Crashtracker disabled due to settings.
[2017.11.08-11.51.02:475][  0]LogSlate: Took 0.096481 seconds to synchronously load lazily loaded font '../../../Engine/Content/Slate/Fonts/Roboto-Regular.ttf' (155K)
[2017.11.08-11.51.02:664][  0]LogSlate: Took 0.017643 seconds to synchronously load lazily loaded font '../../../Engine/Content/Slate/Fonts/Roboto-Bold.ttf' (160K)
[2017.11.08-11.51.02:802][  0]LogSlate: Took 0.033687 seconds to synchronously load lazily loaded font '../../../Engine/Content/Editor/Slate/Fonts/FontAwesome.ttf' (139K)
[2017.11.08-11.51.06:151][  0]LogRenderer: Reallocating scene render targets to support 1168x580 NumSamples 1 (Frame:1).
[2017.11.08-11.51.10:213][  0]LogSlate: Took 0.016343 seconds to synchronously load lazily loaded font '../../../Engine/Content/Slate/Fonts/Roboto-Light.ttf' (159K)
[2017.11.08-11.51.10:930][  0]LogUObjectGlobals:Warning: Failed to find object 'Class None.'
[2017.11.08-11.51.11:262][  0]LogContentBrowser: Native class hierarchy updated for 'HierarchicalLODOutliner' in 0.0015 seconds. Added 1 classes and 2 folders.
[2017.11.08-11.51.11:263][  0]LogLoad: (Engine Initialization) Total time: 538.70 seconds
[2017.11.08-11.51.11:263][  0]LogLoad: (Engine Initialization) Total Blueprint compile time: 5.97 seconds
[2017.11.08-11.51.11:263][  0]LogExternalProfiler: No external profilers were discovered.  External profiling features will not be available.
[2017.11.08-11.51.11:713][  0]LogOcInput: OculusInput pre-init called
[2017.11.08-11.51.11:725][  0]LogHMD: Starting GearVRController plugin
[2017.11.08-11.51.12:431][  0]LogDerivedDataCache: FFileSystemDerivedDataBackend: Move collision, attempt at redundant update, OK C:/Users/Steffen/AppData/Local/UnrealEngine/Common/DerivedDataCache/1/5/9/MATSM_9415B3AB201F4D66BC34969101289C60_PCD3D_SM5_7__BC5N_NOCCBN_DEV_SL_DBUF_UN__F03C04C0F49746E9029352F72087339947E00D26.udd.
[2017.11.08-11.51.14:483][  2]LogAssetRegistry: Asset discovery search completed in 259.5999 seconds
[2017.11.08-11.51.14:518][  2]LogCollectionManager: Rebuilt the object cache for 0 collections in 0.000000 seconds (found 0 objects)
[2017.11.08-11.51.14:518][  2]LogCollectionManager: Fixed up redirectors for 0 collections in 0.010574 seconds (updated 0 objects)
[2017.11.08-11.51.14:584][  2]LogSlate: Took 0.000253 seconds to synchronously load lazily loaded font '../../../Engine/Content/Slate/Fonts/Roboto-Light.ttf' (159K)
[2017.11.08-11.51.20:658][ 28]LogWindowsTextInputMethodSystem:Display: IME system now deactivated.
[2017.11.08-11.51.20:810][ 29]Cmd: QUIT_EDITOR
[2017.11.08-11.51.20:826][ 29]LogExit: Preparing to exit.
[2017.11.08-11.51.22:148][ 29]LogDirectoryWatcher: A directory notification for 'E:/GitHubProjects/SR_Prototype_V3/SR_Prototype_V3/Content/' was aborted.
[2017.11.08-11.51.22:888][ 29]LogExit: Editor shut down
[2017.11.08-11.51.22:897][ 29]LogExit: Transaction tracking system shut down
[2017.11.08-11.51.25:836][ 29]LogObj: Freed 0b from 0 cluster array pools.
[2017.11.08-11.51.25:836][ 29]LogExit: Object subsystem successfully closed.
[2017.11.08-11.51.26:047][ 29]LogD3D11RHI: Shutdown
[2017.11.08-11.51.26:047][ 29]LogD3D11RHI: CleanupD3DDevice
[2017.11.08-11.51.26:197][ 29]LogD3D11RHI: ~FD3D11DynamicRHI
[2017.11.08-11.51.28:233][ 29]LogModuleManager: Shutting down and abandoning module HierarchicalLODOutliner (528)
[2017.11.08-11.51.28:259][ 29]LogModuleManager: Shutting down and abandoning module CrashTracker (526)
[2017.11.08-11.51.28:259][ 29]LogModuleManager: Shutting down and abandoning module SceneOutliner (524)
[2017.11.08-11.51.28:267][ 29]LogModuleManager: Shutting down and abandoning module AddContentDialog (522)
[2017.11.08-11.51.28:284][ 29]LogDirectoryWatcher: A directory notification for 'E:/Unreal Engine Versions/UE_4.16/FeaturePacks/' was aborted.
[2017.11.08-11.51.28:295][ 29]LogModuleManager: Shutting down and abandoning module WidgetCarousel (521)
[2017.11.08-11.51.28:295][ 29]LogModuleManager: Shutting down and abandoning module EditorWidgets (518)
[2017.11.08-11.51.28:295][ 29]LogModuleManager: Shutting down and abandoning module CollectionManager (516)
[2017.11.08-11.51.28:296][ 29]LogDirectoryWatcher: A directory notification for 'E:/GitHubProjects/SR_Prototype_V3/SR_Prototype_V3/Content/Collections/' was aborted.
[2017.11.08-11.51.28:296][ 29]LogDirectoryWatcher: A directory notification for 'E:/GitHubProjects/SR_Prototype_V3/SR_Prototype_V3/Content/Developers/Steffen/Collections/' was aborted.
[2017.11.08-11.51.28:296][ 29]LogDirectoryWatcher: A directory notification for 'E:/GitHubProjects/SR_Prototype_V3/SR_Prototype_V3/Saved/Collections/' was aborted.
[2017.11.08-11.51.28:296][ 29]LogModuleManager: Shutting down and abandoning module StatsViewer (514)
[2017.11.08-11.51.28:312][ 29]LogModuleManager: Shutting down and abandoning module FoliageEdit (512)
[2017.11.08-11.51.28:312][ 29]LogModuleManager: Shutting down and abandoning module LandscapeEditor (510)
[2017.11.08-11.51.28:344][ 29]LogModuleManager: Shutting down and abandoning module MeshPaintMode (508)
[2017.11.08-11.51.28:344][ 29]LogModuleManager: Shutting down and abandoning module SceneDepthPickerMode (506)
[2017.11.08-11.51.28:344][ 29]LogModuleManager: Shutting down and abandoning module ActorPickerMode (504)
[2017.11.08-11.51.28:344][ 29]LogModuleManager: Shutting down and abandoning module GeometryMode (502)
[2017.11.08-11.51.28:344][ 29]LogModuleManager: Shutting down and abandoning module TextureAlignMode (500)
[2017.11.08-11.51.28:344][ 29]LogModuleManager: Shutting down and abandoning module BspMode (498)
[2017.11.08-11.51.28:356][ 29]LogModuleManager: Shutting down and abandoning module HardwareSurvey (496)
[2017.11.08-11.51.28:356][ 29]LogModuleManager: Shutting down and abandoning module SequenceRecorderSections (494)
[2017.11.08-11.51.28:356][ 29]LogModuleManager: Shutting down and abandoning module AutomationWorker (492)
[2017.11.08-11.51.28:363][ 29]LogModuleManager: Shutting down and abandoning module MatineeToLevelSequence (490)
[2017.11.08-11.51.28:379][ 29]LogModuleManager: Shutting down and abandoning module LevelSequenceEditor (488)
[2017.11.08-11.51.28:466][ 29]LogModuleManager: Shutting down and abandoning module PlacementMode (487)
[2017.11.08-11.51.28:466][ 29]LogModuleManager: Shutting down and abandoning module WmfMediaFactory (484)
[2017.11.08-11.51.28:466][ 29]LogModuleManager: Shutting down and abandoning module WmfMediaEditor (482)
[2017.11.08-11.51.28:466][ 29]LogModuleManager: Shutting down and abandoning module AvfMediaFactory (480)
[2017.11.08-11.51.28:466][ 29]LogModuleManager: Shutting down and abandoning module AvfMediaEditor (478)
[2017.11.08-11.51.28:466][ 29]LogModuleManager: Shutting down and abandoning module AndroidMediaFactory (476)
[2017.11.08-11.51.28:466][ 29]LogModuleManager: Shutting down and abandoning module Media (475)
[2017.11.08-11.51.28:466][ 29]LogModuleManager: Shutting down and abandoning module AndroidMediaEditor (472)
[2017.11.08-11.51.28:466][ 29]LogModuleManager: Shutting down and abandoning module CharacterAI (470)
[2017.11.08-11.51.28:466][ 29]LogModuleManager: Shutting down and abandoning module AudioCapture (468)
[2017.11.08-11.51.28:470][ 29]LogModuleManager: Shutting down and abandoning module SequenceRecorder (467)
[2017.11.08-11.51.28:497][ 29]LogModuleManager: Shutting down and abandoning module SmartSnapping (464)
[2017.11.08-11.51.28:497][ 29]LogModuleManager: Shutting down and abandoning module SessionServices (462)
[2017.11.08-11.51.28:497][ 29]LogModuleManager: Shutting down and abandoning module ViewportSnapping (460)
[2017.11.08-11.51.28:497][ 29]LogModuleManager: Shutting down and abandoning module ViewportInteraction (458)
[2017.11.08-11.51.28:497][ 29]LogModuleManager: Shutting down and abandoning module ClothPainter (456)
[2017.11.08-11.51.28:522][ 29]LogModuleManager: Shutting down and abandoning module LogVisualizer (454)
[2017.11.08-11.51.28:528][ 29]LogModuleManager: Shutting down and abandoning module IntroTutorials (452)
[2017.11.08-11.51.28:570][ 29]LogModuleManager: Shutting down and abandoning module GameProjectGeneration (451)
[2017.11.08-11.51.28:584][ 29]LogModuleManager: Shutting down and abandoning module EditorLiveStreaming (448)
[2017.11.08-11.51.28:584][ 29]LogModuleManager: Shutting down and abandoning module IOSPlatformEditor (446)
[2017.11.08-11.51.28:612][ 29]LogModuleManager: Shutting down and abandoning module HTML5PlatformEditor (444)
[2017.11.08-11.51.28:612][ 29]LogModuleManager: Shutting down and abandoning module AndroidPlatformEditor (442)
[2017.11.08-11.51.28:612][ 29]LogModuleManager: Shutting down and abandoning module AndroidDeviceDetection (441)
[2017.11.08-11.51.29:524][ 29]LogModuleManager: Shutting down and abandoning module IOSRuntimeSettings (438)
[2017.11.08-11.51.29:524][ 29]LogModuleManager: Shutting down and abandoning module AndroidRuntimeSettings (436)
[2017.11.08-11.51.29:524][ 29]LogModuleManager: Shutting down and abandoning module InputBindingEditor (434)
[2017.11.08-11.51.29:553][ 29]LogModuleManager: Shutting down and abandoning module MergeActors (432)
[2017.11.08-11.51.29:587][ 29]LogModuleManager: Shutting down and abandoning module SizeMap (430)
[2017.11.08-11.51.29:587][ 29]LogModuleManager: Shutting down and abandoning module TreeMap (428)
[2017.11.08-11.51.29:615][ 29]LogModuleManager: Shutting down and abandoning module ReferenceViewer (426)
[2017.11.08-11.51.29:684][ 29]LogModuleManager: Shutting down and abandoning module LocalizationDashboard (424)
[2017.11.08-11.51.29:758][ 29]LogModuleManager: Shutting down and abandoning module LocalizationService (423)
[2017.11.08-11.51.29:810][ 29]LogModuleManager: Shutting down and abandoning module HardwareTargeting (420)
[2017.11.08-11.51.29:810][ 29]LogModuleManager: Shutting down and abandoning module DeviceProfileEditor (418)
[2017.11.08-11.51.29:857][ 29]LogModuleManager: Shutting down and abandoning module UndoHistory (416)
[2017.11.08-11.51.29:874][ 29]LogModuleManager: Shutting down and abandoning module UserFeedback (414)
[2017.11.08-11.51.29:874][ 29]LogModuleManager: Shutting down and abandoning module XmlParser (412)
[2017.11.08-11.51.29:874][ 29]LogModuleManager: Shutting down and abandoning module Blutility (410)
[2017.11.08-11.51.29:886][ 29]LogModuleManager: Shutting down and abandoning module ProjectSettingsViewer (408)
[2017.11.08-11.51.29:887][ 29]LogModuleManager: Shutting down and abandoning module ProjectTargetPlatformEditor (407)
[2017.11.08-11.51.29:887][ 29]LogModuleManager: Shutting down and abandoning module EditorSettingsViewer (404)
[2017.11.08-11.51.29:887][ 29]LogModuleManager: Shutting down and abandoning module SettingsEditor (402)
[2017.11.08-11.51.29:962][ 29]LogModuleManager: Shutting down and abandoning module ProjectLauncher (400)
[2017.11.08-11.51.29:993][ 29]LogModuleManager: Shutting down and abandoning module SessionFrontend (398)
[2017.11.08-11.51.30:156][ 29]LogModuleManager: Shutting down and abandoning module ProfilerClient (396)
[2017.11.08-11.51.30:207][ 29]LogModuleManager: Shutting down and abandoning module DeviceManager (394)
[2017.11.08-11.51.30:280][ 29]LogModuleManager: Shutting down and abandoning module TargetDeviceServices (393)
[2017.11.08-11.51.30:395][ 29]LogModuleManager: Shutting down and abandoning module AutomationController (390)
[2017.11.08-11.51.30:594][ 29]LogModuleManager: Shutting down and abandoning module AutomationWindow (388)
[2017.11.08-11.51.30:710][ 29]LogModuleManager: Shutting down and abandoning module Layers (386)
[2017.11.08-11.51.30:942][ 29]LogModuleManager: Shutting down and abandoning module ComponentVisualizers (384)
[2017.11.08-11.51.30:942][ 29]LogModuleManager: Shutting down and abandoning module DetailCustomizations (382)
[2017.11.08-11.51.31:094][ 29]LogModuleManager: Shutting down and abandoning module PackagesDialog (380)
[2017.11.08-11.51.31:095][ 29]LogModuleManager: Shutting down and abandoning module Persona (378)
[2017.11.08-11.51.31:257][ 29]LogModuleManager: Shutting down and abandoning module AdvancedPreviewScene (377)
[2017.11.08-11.51.31:257][ 29]LogModuleManager: Shutting down and abandoning module AnimGraph (375)
[2017.11.08-11.51.31:257][ 29]LogModuleManager: Shutting down and abandoning module Kismet (372)
[2017.11.08-11.51.31:308][ 29]LogModuleManager: Shutting down and abandoning module ClassViewer (370)
[2017.11.08-11.51.31:308][ 29]LogModuleManager: Shutting down and abandoning module Toolbox (368)
[2017.11.08-11.51.31:308][ 29]LogModuleManager: Shutting down and abandoning module ModuleUI (366)
[2017.11.08-11.51.31:318][ 29]LogModuleManager: Shutting down and abandoning module MovieSceneTools (364)
[2017.11.08-11.51.31:357][ 29]LogModuleManager: Shutting down and abandoning module OutputLog (362)
[2017.11.08-11.51.31:419][ 29]LogModuleManager: Shutting down and abandoning module GammaUI (360)
[2017.11.08-11.51.31:442][ 29]LogModuleManager: Shutting down and abandoning module Documentation (358)
[2017.11.08-11.51.31:442][ 29]LogModuleManager: Shutting down and abandoning module MovieSceneTracks (356)
[2017.11.08-11.51.31:442][ 29]LogModuleManager: Shutting down and abandoning module MovieScene (354)
[2017.11.08-11.51.31:442][ 29]LogModuleManager: Shutting down and abandoning module Niagara (352)
[2017.11.08-11.51.31:442][ 29]LogModuleManager: Shutting down and abandoning module NiagaraEditor (351)
[2017.11.08-11.51.31:681][ 29]LogModuleManager: Shutting down and abandoning module StreamingPauseRendering (348)
[2017.11.08-11.51.31:681][ 29]LogModuleManager: Shutting down and abandoning module AnalyticsET (346)
[2017.11.08-11.51.31:681][ 29]LogModuleManager: Shutting down and abandoning module PortalServices (344)
[2017.11.08-11.51.31:681][ 29]LogModuleManager: Shutting down and abandoning module PortalRpc (342)
[2017.11.08-11.51.31:681][ 29]LogModuleManager: Shutting down and abandoning module MessagingRpc (340)
[2017.11.08-11.51.31:681][ 29]LogModuleManager: Shutting down and abandoning module AIModule (338)
[2017.11.08-11.51.31:681][ 29]LogModuleManager: Shutting down and abandoning module GameplayDebugger (337)
[2017.11.08-11.51.32:080][ 29]LogModuleManager: Shutting down and abandoning module AITestSuite (335)
[2017.11.08-11.51.32:235][ 29]LogModuleManager: Shutting down and abandoning module ProfilerService (332)
[2017.11.08-11.51.32:365][ 29]LogModuleManager: Shutting down and abandoning module TaskGraph (330)
[2017.11.08-11.51.32:439][ 29]LogModuleManager: Shutting down and abandoning module WebSocket (328)
[2017.11.08-11.51.32:439][ 29]LogModuleManager: Shutting down and abandoning module SteamVRController (326)
[2017.11.08-11.51.32:439][ 29]LogModuleManager: Shutting down and abandoning module SteamVR (324)
[2017.11.08-11.51.32:439][ 29]LogModuleManager: Shutting down and abandoning module ProceduralMeshComponentEditor (322)
[2017.11.08-11.51.32:439][ 29]LogModuleManager: Shutting down and abandoning module ProceduralMeshComponent (320)
[2017.11.08-11.51.32:499][ 29]LogModuleManager: Shutting down and abandoning module OculusLibrary (318)
[2017.11.08-11.51.32:499][ 29]LogModuleManager: Shutting down and abandoning module OculusInput (316)
[2017.11.08-11.51.32:499][ 29]LogModuleManager: Shutting down and abandoning module MobilePatchingUtils (314)
[2017.11.08-11.51.32:499][ 29]LogModuleManager: Shutting down and abandoning module CustomMeshComponent (312)
[2017.11.08-11.51.32:499][ 29]LogModuleManager: Shutting down and abandoning module CableComponent (310)
[2017.11.08-11.51.32:499][ 29]LogModuleManager: Shutting down and abandoning module ArchVisCharacter (308)
[2017.11.08-11.51.32:499][ 29]LogModuleManager: Shutting down and abandoning module AndroidPermission (306)
[2017.11.08-11.51.32:499][ 29]LogModuleManager: Shutting down and abandoning module MediaPlayerEditor (302)
[2017.11.08-11.51.32:923][ 29]LogModuleManager: Shutting down and abandoning module HTML5Networking (300)
[2017.11.08-11.51.32:923][ 29]LogModuleManager: Shutting down and abandoning module AlembicImporter (298)
[2017.11.08-11.51.32:987][ 29]LogModuleManager: Shutting down and abandoning module AlembicLibrary (297)
[2017.11.08-11.51.32:987][ 29]LogModuleManager: Shutting down and abandoning module GeometryCache (296)
[2017.11.08-11.51.32:987][ 29]LogModuleManager: Shutting down and abandoning module GeometryCacheEd (295)
[2017.11.08-11.51.32:987][ 29]LogModuleManager: Shutting down and abandoning module SuperSearchEditor (290)
[2017.11.08-11.51.32:987][ 29]LogModuleManager: Shutting down and abandoning module SuperSearch (289)
[2017.11.08-11.51.32:987][ 29]LogModuleManager: Shutting down and abandoning module SpeedTreeImporter (286)
[2017.11.08-11.51.32:987][ 29]LogModuleManager: Shutting down and abandoning module PluginBrowser (284)
[2017.11.08-11.51.33:334][ 29]LogModuleManager: Shutting down and abandoning module MobileLauncherProfileWizard (282)
[2017.11.08-11.51.33:396][ 29]LogModuleManager: Shutting down and abandoning module VisualStudioSourceCodeAccess (280)
[2017.11.08-11.51.33:396][ 29]LogModuleManager: Shutting down and abandoning module DesktopPlatform (279)
[2017.11.08-11.51.33:475][ 29]LogModuleManager: Shutting down and abandoning module UObjectPlugin (276)
[2017.11.08-11.51.33:475][ 29]LogModuleManager: Shutting down and abandoning module SubversionSourceControl (274)
[2017.11.08-11.51.33:588][ 29]LogModuleManager: Shutting down and abandoning module PerforceSourceControl (272)
[2017.11.08-11.51.33:655][ 29]LogModuleManager: Shutting down and abandoning module GitSourceControl (270)
[2017.11.08-11.51.33:679][ 29]LogModuleManager: Shutting down and abandoning module SourceControl (269)
[2017.11.08-11.51.33:715][ 29]LogModuleManager: Shutting down and abandoning module LightPropagationVolumeEditor (266)
[2017.11.08-11.51.33:715][ 29]LogModuleManager: Shutting down and abandoning module PaperTiledImporter (264)
[2017.11.08-11.51.33:715][ 29]LogModuleManager: Shutting down and abandoning module PaperSpriteSheetImporter (262)
[2017.11.08-11.51.33:715][ 29]LogModuleManager: Shutting down and abandoning module Paper2DEditor (260)
[2017.11.08-11.51.33:746][ 29]LogModuleManager: Shutting down and abandoning module MeshPaint (259)
[2017.11.08-11.51.33:810][ 29]LogModuleManager: Shutting down and abandoning module LevelEditor (257)
[2017.11.08-11.51.33:857][ 29]LogModuleManager: Shutting down and abandoning module PixelInspectorModule (256)
[2017.11.08-11.51.33:915][ 29]LogModuleManager: Shutting down and abandoning module MainFrame (254)
[2017.11.08-11.51.33:934][ 29]LogModuleManager: Shutting down and abandoning module HotReload (253)
[2017.11.08-11.51.34:030][ 29]LogDirectoryWatcher: A directory notification for 'E:/GitHubProjects/SR_Prototype_V3/SR_Prototype_V3/Binaries/Win64' was aborted.
[2017.11.08-11.51.34:030][ 29]LogDirectoryWatcher: A directory notification for 'E:/GitHubProjects/SR_Prototype_V3/SR_Prototype_V3/Plugins/WebSocket/Binaries/Win64' was aborted.
[2017.11.08-11.51.34:118][ 29]LogModuleManager: Shutting down and abandoning module SR_Prototype_V3 (248)
[2017.11.08-11.51.34:118][ 29]LogModuleManager: Shutting down and abandoning module PhysXVehiclesEditor (246)
[2017.11.08-11.51.34:145][ 29]LogModuleManager: Shutting down and abandoning module PhysXVehicles (244)
[2017.11.08-11.51.34:145][ 29]LogModuleManager: Shutting down and abandoning module LocationServicesBPLibrary (242)
[2017.11.08-11.51.34:145][ 29]LogModuleManager: Shutting down and abandoning module ImmediatePhysicsEditor (240)
[2017.11.08-11.51.34:145][ 29]LogModuleManager: Shutting down and abandoning module ImmediatePhysics (238)
[2017.11.08-11.51.34:163][ 29]LogModuleManager: Shutting down and abandoning module UdpMessaging (236)
[2017.11.08-11.51.34:264][ 29]LogModuleManager: Shutting down and abandoning module TcpMessaging (234)
[2017.11.08-11.51.34:383][ 29]LogModuleManager: Shutting down and abandoning module GameplayTagsEditor (232)
[2017.11.08-11.51.34:786][ 29]LogModuleManager: Shutting down and abandoning module FacialAnimationEditor (230)
[2017.11.08-11.51.34:920][ 29]LogModuleManager: Shutting down and abandoning module FacialAnimation (228)
[2017.11.08-11.51.34:920][ 29]LogModuleManager: Shutting down and abandoning module AssetManagerEditor (226)
[2017.11.08-11.51.35:128][ 29]LogModuleManager: Shutting down and abandoning module GraphEditor (225)
[2017.11.08-11.51.35:305][ 29]LogModuleManager: Shutting down and abandoning module ContentBrowser (223)
[2017.11.08-11.51.35:306][ 29]LogModuleManager: Shutting down and abandoning module LightPropagationVolumeRuntime (220)
[2017.11.08-11.51.35:306][ 29]LogModuleManager: Shutting down and abandoning module Paper2D (218)
[2017.11.08-11.51.35:327][ 29]LogModuleManager: Shutting down and abandoning module WindowsMoviePlayer (216)
[2017.11.08-11.51.35:327][ 29]LogModuleManager: Shutting down and abandoning module WmfMedia (214)
[2017.11.08-11.51.35:409][ 29]LogModuleManager: Shutting down and abandoning module ClothingSystemEditor (212)
[2017.11.08-11.51.35:409][ 29]LogModuleManager: Shutting down and abandoning module ClothingSystemRuntime (210)
[2017.11.08-11.51.35:534][ 29]LogModuleManager: Shutting down and abandoning module MediaAssets (208)
[2017.11.08-11.51.35:534][ 29]LogModuleManager: Shutting down and abandoning module GameLiveStreaming (206)
[2017.11.08-11.51.35:583][ 29]LogModuleManager: Shutting down and abandoning module VREditor (204)
[2017.11.08-11.51.35:593][ 29]LogModuleManager: Shutting down and abandoning module StringTableEditor (202)
[2017.11.08-11.51.35:691][ 29]LogModuleManager: Shutting down and abandoning module GameplayTasksEditor (200)
[2017.11.08-11.51.35:691][ 29]LogModuleManager: Shutting down and abandoning module BehaviorTreeEditor (198)
[2017.11.08-11.51.35:967][ 29]LogModuleManager: Shutting down and abandoning module FunctionalTesting (196)
[2017.11.08-11.51.35:967][ 29]LogModuleManager: Shutting down and abandoning module CollisionAnalyzer (194)
[2017.11.08-11.51.36:006][ 29]LogModuleManager: Shutting down and abandoning module UMG (192)
[2017.11.08-11.51.36:045][ 29]LogModuleManager: Shutting down and abandoning module UMGEditor (191)
[2017.11.08-11.51.36:109][ 29]LogModuleManager: Shutting down and abandoning module Sequencer (190)
[2017.11.08-11.51.36:207][ 29]LogModuleManager: Shutting down and abandoning module AssetTools (188)
[2017.11.08-11.51.36:380][ 29]LogModuleManager: Shutting down and abandoning module MessageLog (187)
[2017.11.08-11.51.36:409][ 29]LogModuleManager: Shutting down and abandoning module WorkspaceMenuStructure (186)
[2017.11.08-11.51.36:409][ 29]LogModuleManager: Shutting down and abandoning module SlateReflector (180)
[2017.11.08-11.51.36:642][ 29]LogModuleManager: Shutting down and abandoning module Slate (178)
[2017.11.08-11.51.36:642][ 29]LogModuleManager: Shutting down and abandoning module EditorStyle (176)
[2017.11.08-11.51.36:644][ 29]LogModuleManager: Shutting down and abandoning module SourceCodeAccess (174)
[2017.11.08-11.51.36:644][ 29]LogModuleManager: Shutting down and abandoning module HeadMountedDisplay (172)
[2017.11.08-11.51.36:644][ 29]LogModuleManager: Shutting down and abandoning module XAudio2 (170)
[2017.11.08-11.51.36:644][ 29]LogModuleManager: Shutting down and abandoning module Networking (168)
[2017.11.08-11.51.36:644][ 29]LogModuleManager: Shutting down and abandoning module Core (164)
[2017.11.08-11.51.36:644][ 29]LogModuleManager: Shutting down and abandoning module AssetRegistry (162)
[2017.11.08-11.51.36:762][ 29]LogDirectoryWatcher: A directory notification for '../../../Engine/Content/' was aborted.
[2017.11.08-11.51.36:762][ 29]LogDirectoryWatcher: A directory notification for '../../../../../GitHubProjects/SR_Prototype_V3/SR_Prototype_V3/Content/' was aborted.
[2017.11.08-11.51.36:762][ 29]LogDirectoryWatcher: A directory notification for '../../../Engine/Plugins/2D/Paper2D/Content/' was aborted.
[2017.11.08-11.51.36:762][ 29]LogDirectoryWatcher: A directory notification for '../../../Engine/Plugins/Runtime/GearVR/Content/' was aborted.
[2017.11.08-11.51.36:783][ 29]LogModuleManager: Shutting down and abandoning module DirectoryWatcher (161)
[2017.11.08-11.51.36:783][ 29]LogModuleManager: Shutting down and abandoning module KismetCompiler (158)
[2017.11.08-11.51.36:783][ 29]LogModuleManager: Shutting down and abandoning module LevelSequence (156)
[2017.11.08-11.51.36:783][ 29]LogModuleManager: Shutting down and abandoning module PhysXFormats (154)
[2017.11.08-11.51.36:783][ 29]LogModuleManager: Shutting down and abandoning module MeshUtilities (152)
[2017.11.08-11.51.36:906][ 29]LogModuleManager: Shutting down and abandoning module SimplygonSwarm (151)
[2017.11.08-11.51.36:926][ 29]LogModuleManager: Shutting down and abandoning module SimplygonMeshReduction (149)
[2017.11.08-11.51.36:926][ 29]LogModuleManager: Shutting down and abandoning module QuadricMeshReduction (147)
[2017.11.08-11.51.36:937][ 29]LogModuleManager: Shutting down and abandoning module DerivedDataCache (144)
[2017.11.08-11.51.37:017][ 29]LogDerivedDataCache: Shutdown
[2017.11.08-11.51.37:017][ 29]LogModuleManager: Shutting down and abandoning module TargetPlatform (142)
[2017.11.08-11.51.37:017][ 29]LogModuleManager: Shutting down and abandoning module VulkanShaderFormat (141)
[2017.11.08-11.51.37:034][ 29]LogModuleManager: Shutting down and abandoning module ShaderFormatVectorVM (139)
[2017.11.08-11.51.37:051][ 29]LogModuleManager: Shutting down and abandoning module ShaderFormatOpenGL (137)
[2017.11.08-11.51.37:162][ 29]LogModuleManager: Shutting down and abandoning module ShaderFormatD3D (135)
[2017.11.08-11.51.37:505][ 29]LogModuleManager: Shutting down and abandoning module MetalShaderFormat (133)
[2017.11.08-11.51.38:070][ 29]LogModuleManager: Shutting down and abandoning module TextureFormatUncompressed (131)
[2017.11.08-11.51.38:091][ 29]LogModuleManager: Shutting down and abandoning module TextureFormatPVR (129)
[2017.11.08-11.51.38:091][ 29]LogModuleManager: Shutting down and abandoning module TextureFormatDXT (127)
[2017.11.08-11.51.38:100][ 29]LogModuleManager: Shutting down and abandoning module TextureFormatIntelISPCTexComp (125)
[2017.11.08-11.51.38:122][ 29]LogModuleManager: Shutting down and abandoning module TextureFormatASTC (123)
[2017.11.08-11.51.38:122][ 29]LogModuleManager: Shutting down and abandoning module ImageWrapper (122)
[2017.11.08-11.51.38:122][ 29]LogModuleManager: Shutting down and abandoning module TextureFormatAndroid (119)
[2017.11.08-11.51.38:122][ 29]LogModuleManager: Shutting down and abandoning module AudioFormatOpus (117)
[2017.11.08-11.51.38:122][ 29]LogModuleManager: Shutting down and abandoning module AudioFormatOgg (115)
[2017.11.08-11.51.38:122][ 29]LogModuleManager: Shutting down and abandoning module AudioFormatADPCM (113)
[2017.11.08-11.51.38:122][ 29]LogModuleManager: Shutting down and abandoning module LinuxTargetPlatform (111)
[2017.11.08-11.51.38:122][ 29]LogModuleManager: Shutting down and abandoning module LinuxServerTargetPlatform (109)
[2017.11.08-11.51.38:122][ 29]LogModuleManager: Shutting down and abandoning module LinuxNoEditorTargetPlatform (107)
[2017.11.08-11.51.38:122][ 29]LogModuleManager: Shutting down and abandoning module LinuxClientTargetPlatform (105)
[2017.11.08-11.51.38:122][ 29]LogModuleManager: Shutting down and abandoning module TVOSTargetPlatform (103)
[2017.11.08-11.51.38:122][ 29]LogModuleManager: Shutting down and abandoning module Messaging (101)
[2017.11.08-11.51.38:122][ 29]LogModuleManager: Shutting down and abandoning module IOSTargetPlatform (99)
[2017.11.08-11.51.38:122][ 29]LogModuleManager: Shutting down and abandoning module HTML5TargetPlatform (97)
[2017.11.08-11.51.38:122][ 29]LogModuleManager: Shutting down and abandoning module Android_PVRTCTargetPlatform (95)
[2017.11.08-11.51.38:122][ 29]LogModuleManager: Shutting down and abandoning module Android_MultiTargetPlatform (93)
[2017.11.08-11.51.38:122][ 29]LogModuleManager: Shutting down and abandoning module Android_ETC2TargetPlatform (91)
[2017.11.08-11.51.38:122][ 29]LogModuleManager: Shutting down and abandoning module Android_ETC1TargetPlatform (89)
[2017.11.08-11.51.38:122][ 29]LogModuleManager: Shutting down and abandoning module Android_DXTTargetPlatform (87)
[2017.11.08-11.51.38:122][ 29]LogModuleManager: Shutting down and abandoning module Android_ATCTargetPlatform (85)
[2017.11.08-11.51.38:122][ 29]LogModuleManager: Shutting down and abandoning module Android_ASTCTargetPlatform (83)
[2017.11.08-11.51.38:122][ 29]LogModuleManager: Shutting down and abandoning module AndroidTargetPlatform (81)
[2017.11.08-11.51.38:122][ 29]LogModuleManager: Shutting down and abandoning module WindowsTargetPlatform (79)
[2017.11.08-11.51.38:122][ 29]LogModuleManager: Shutting down and abandoning module WindowsServerTargetPlatform (77)
[2017.11.08-11.51.38:122][ 29]LogModuleManager: Shutting down and abandoning module WindowsNoEditorTargetPlatform (75)
[2017.11.08-11.51.38:122][ 29]LogModuleManager: Shutting down and abandoning module WindowsClientTargetPlatform (73)
[2017.11.08-11.51.38:122][ 29]LogModuleManager: Shutting down and abandoning module MacTargetPlatform (71)
[2017.11.08-11.51.38:122][ 29]LogModuleManager: Shutting down and abandoning module MacServerTargetPlatform (69)
[2017.11.08-11.51.38:122][ 29]LogModuleManager: Shutting down and abandoning module MacNoEditorTargetPlatform (67)
[2017.11.08-11.51.38:122][ 29]LogModuleManager: Shutting down and abandoning module MacClientTargetPlatform (65)
[2017.11.08-11.51.38:122][ 29]LogModuleManager: Shutting down and abandoning module AllDesktopTargetPlatform (63)
[2017.11.08-11.51.38:122][ 29]LogModuleManager: Shutting down and abandoning module InputCore (60)
[2017.11.08-11.51.38:122][ 29]LogModuleManager: Shutting down and abandoning module Settings (58)
[2017.11.08-11.51.38:122][ 29]LogModuleManager: Shutting down and abandoning module OculusRift (56)
[2017.11.08-11.51.38:166][ 29]LogModuleManager: Shutting down and abandoning module GearVRController (54)
[2017.11.08-11.51.38:166][ 29]LogModuleManager: Shutting down and abandoning module GearVR (52)
[2017.11.08-11.51.38:207][ 29]LogModuleManager: Shutting down and abandoning module ExampleDeviceProfileSelector (50)
[2017.11.08-11.51.38:208][ 29]LogModuleManager: Shutting down and abandoning module OnlineBlueprintSupport (48)
[2017.11.08-11.51.38:208][ 29]LogModuleManager: Shutting down and abandoning module OnlineSubsystem (44)
[2017.11.08-11.51.38:208][ 29]LogOnline:Display: Unloading online subsystem: NULL
[2017.11.08-11.51.38:426][ 29]LogModuleManager: Shutting down and abandoning module XMPP (43)
[2017.11.08-11.51.38:476][ 29]LogModuleManager: Shutting down and abandoning module HTTP (41)
[2017.11.08-11.51.38:597][ 29]LogHttp:Display: Http module shutting down, but needs to wait on 1 outstanding Http requests:
[2017.11.08-11.51.38:597][ 29]LogHttp:Display: 	verb=[POST] url=[https://datarouter.ol.epicgames.com/datarouter/api/v1/public/data?SessionID=%7B9F316E91-4309-CA2A-49E5-D2ADEFDE019D%7D&AppID=UEEditor.Rocket.Release&AppVersion=4.16.3-3561208%2B%2B%2BUE4%2BRelease-4.16&UserID=af3c37f342bbafe96aef0e868d22da00%7C4b4d3fb76b4e41769db9df431cea42c5%7Cf43c8540-b2e5-4711-9c4b-258daa66cc78&AppEnvironment=datacollector-binary&UploadType=eteventstream] status=Processing
[2017.11.08-11.51.38:713][ 29]LogModuleManager: Shutting down and abandoning module SSL (40)
[2017.11.08-11.51.38:817][ 29]LogModuleManager: Shutting down and abandoning module HTTPChunkInstaller (36)
[2017.11.08-11.51.38:945][ 29]LogModuleManager: Shutting down and abandoning module AnimationModifiers (34)
[2017.11.08-11.51.38:965][ 29]LogModuleManager: Shutting down and abandoning module PropertyEditor (33)
[2017.11.08-11.51.38:965][ 29]LogModuleManager: Shutting down and abandoning module AudioEditor (30)
[2017.11.08-11.51.39:067][ 29]LogModuleManager: Shutting down and abandoning module TextureCompressor (28)
[2017.11.08-11.51.39:107][ 29]LogModuleManager: Shutting down and abandoning module ShaderCore (26)
[2017.11.08-11.51.39:108][ 29]LogModuleManager: Shutting down and abandoning module Landscape (24)
[2017.11.08-11.51.39:108][ 29]LogModuleManager: Shutting down and abandoning module SlateRHIRenderer (22)
[2017.11.08-11.51.39:252][ 29]LogModuleManager: Shutting down and abandoning module OpenGLDrv (20)
[2017.11.08-11.51.39:262][ 29]LogModuleManager: Shutting down and abandoning module D3D11RHI (18)
[2017.11.08-11.51.39:262][ 29]LogModuleManager: Shutting down and abandoning module AnimGraphRuntime (16)
[2017.11.08-11.51.39:269][ 29]LogModuleManager: Shutting down and abandoning module Renderer (14)
[2017.11.08-11.51.39:269][ 29]LogModuleManager: Shutting down and abandoning module Engine (12)
[2017.11.08-11.51.39:269][ 29]LogModuleManager: Shutting down and abandoning module CoreUObject (10)
[2017.11.08-11.51.39:269][ 29]LogModuleManager: Shutting down and abandoning module NetworkFile (8)
[2017.11.08-11.51.39:274][ 29]LogModuleManager: Shutting down and abandoning module StreamingFile (6)
[2017.11.08-11.51.39:287][ 29]LogModuleManager: Shutting down and abandoning module SandboxFile (4)
[2017.11.08-11.51.39:306][ 29]LogModuleManager: Shutting down and abandoning module PakFile (2)
[2017.11.08-11.51.39:343][ 29]LogExit: Exiting.
[2017.11.08-11.51.39:366][ 29]Log file closed, 11/08/17 12:51:39
