Log file open, 01/04/18 16:23:19
LogInit:Display: Running engine for game: SR_Prototype_V3
LogPlatformFile: Not using cached read wrapper
LogInit:Display: RandInit(904098174) SRandInit(904098174).
LogTaskGraph: Started task graph with 5 named threads and 8 total threads with 1 sets of task threads.
LogStats: Stats thread started at 0.083259
LogInit: Using libcurl 7.47.1
LogInit:  - built for x86_64-pc-win32
LogInit:  - supports SSL with OpenSSL/1.0.2g
LogInit:  - supports HTTP deflate (compression) using libz 1.2.8
LogInit:  - other features:
LogInit:      CURL_VERSION_SSL
LogInit:      CURL_VERSION_LIBZ
LogInit:      CURL_VERSION_IPV6
LogInit:      CURL_VERSION_ASYNCHDNS
LogInit:      CURL_VERSION_LARGEFILE
LogInit:      CURL_VERSION_IDN
LogInit:  CurlRequestOptions (configurable via config and command line):
LogInit:  - bVerifyPeer = false  - Libcurl will NOT verify peer certificate
LogInit:  - bUseHttpProxy = false  - Libcurl will NOT use HTTP proxy
LogInit:  - bDontReuseConnections = false  - Libcurl will reuse connections
LogInit:  - CertBundlePath = nullptr  - Libcurl will use whatever was configured at build time.
LogInit: Build: ++UE4+Release-4.16-CL-3561208
LogInit: Engine Version: 4.16.3-3561208+++UE4+Release-4.16
LogInit: Compatible Engine Version: 4.16.0-3452394+++UE4+Release-4.16
LogInit: Net CL: 3452394
LogDevObjectVersion: Number of dev versions registered: 16
LogDevObjectVersion:   Dev-Blueprints (B0D832E4-1F89-4F0D-ACCF-7EB736FD4AA2): 9
LogDevObjectVersion:   Dev-Build (E1C64328-A22C-4D53-A36C-8E866417BD8C): 0
LogDevObjectVersion:   Dev-Core (375EC13C-06E4-48FB-B500-84F0262A717E): 2
LogDevObjectVersion:   Dev-Editor (E4B068ED-F494-42E9-A231-DA0B2E46BB41): 17
LogDevObjectVersion:   Dev-Framework (CFFC743F-43B0-4480-9391-14DF171D2073): 23
LogDevObjectVersion:   Dev-Mobile (B02B49B5-BB20-44E9-A304-32B752E40360): 0
LogDevObjectVersion:   Dev-Networking (A4E4105C-59A1-49B5-A7C5-40C4547EDFEE): 0
LogDevObjectVersion:   Dev-Online (39C831C9-5AE6-47DC-9A44-9C173E1C8E7C): 0
LogDevObjectVersion:   Dev-Physics (78F01B33-EBEA-4F98-B9B4-84EACCB95AA2): 0
LogDevObjectVersion:   Dev-Platform (6631380F-2D4D-43E0-8009-CF276956A95A): 0
LogDevObjectVersion:   Dev-Rendering (12F88B9F-8875-4AFC-A67C-D90C383ABD29): 15
LogDevObjectVersion:   Dev-Sequencer (7B5AE74C-D270-4C10-A958-57980B212A5A): 4
LogDevObjectVersion:   Dev-VR (D7296918-1DD6-4BDD-9DE2-64A83CC13884): 0
LogDevObjectVersion:   Dev-LoadTimes (C2A15278-BFE7-4AFE-6C17-90FF531DF755): 1
LogDevObjectVersion:   Private-Geometry (6EACA3D4-40EC-4CC1-B786-8BED09428FC5): 1
LogDevObjectVersion:   Dev-AnimPhys (29E575DD-E0A3-4627-9D10-D276232CDCEA): 3
LogInit: Compiled (64-bit): Jul 28 2017 11:49:47
LogInit: Compiled with Visual C++: 19.00.24215.01
LogInit: Build Configuration: Development
LogInit: Branch Name: ++UE4+Release-4.16
LogInit: Command line:  /Temp/Autosaves/Game/UEDPCScanReach -game -PIEVIACONSOLE -ResX=1280 -ResY=720  -Multiprocess -messaging -SessionName="Play in Standalone Game" -windowed 
LogInit: Base directory: D:/UE_4.16/Engine/Binaries/Win64/
LogInit: Installed Engine Build: 1
LogInit: Presizing for max 8388607 objects, including 0 objects not considered by GC, pre-allocating 0 bytes for permanent pool.
LogInit: Object subsystem initialized
[2018.01.04-15.23.19:409][  0]LogInit: Selected Device Profile: [Windows]
[2018.01.04-15.23.19:409][  0]LogInit: Applying CVar settings loaded from the selected device profile: [Windows]
[2018.01.04-15.23.19:414][  0]LogInit: Computer: MAGNUS-PC
[2018.01.04-15.23.19:414][  0]LogInit: User: Magnus
[2018.01.04-15.23.19:414][  0]LogInit: CPU Page size=4096, Cores=4
[2018.01.04-15.23.19:414][  0]LogInit: High frequency timer resolution =3.117188 MHz
[2018.01.04-15.23.19:414][  0]LogMemory: Memory total: Physical=16.0GB (16GB approx)
[2018.01.04-15.23.19:414][  0]LogMemory: Platform Memory Stats for Windows
[2018.01.04-15.23.19:414][  0]LogMemory: Process Physical Memory: 273.31 MB used, 273.31 MB peak
[2018.01.04-15.23.19:414][  0]LogMemory: Process Virtual Memory: 266.71 MB used, 266.71 MB peak
[2018.01.04-15.23.19:414][  0]LogMemory: Physical Memory: 8400.07 MB used,  7936.78 MB free, 16336.84 MB total
[2018.01.04-15.23.19:414][  0]LogMemory: Virtual Memory: 676.88 MB used,  7936.78 MB free, 134217728.00 MB total
[2018.01.04-15.23.19:467][  0]LogInit: Using OS detected language (nb-NO).
[2018.01.04-15.23.19:467][  0]LogInit: Using OS detected locale (nb-NO).
[2018.01.04-15.23.19:470][  0]LogTextLocalizationManager: No localization for 'nb-NO' exists, so 'en' will be used for the language.
[2018.01.04-15.23.19:470][  0]LogTextLocalizationManager: No localization for 'nb-NO' exists, so 'en' will be used for the locale.
[2018.01.04-15.23.20:251][  0]LogD3D11RHI: D3D11 adapters:
[2018.01.04-15.23.20:299][  0]LogD3D11RHI:    0. 'NVIDIA GeForce GTX 1070' (Feature Level 11_0)
[2018.01.04-15.23.20:299][  0]LogD3D11RHI:       8096/0/8168 MB DedicatedVideo/DedicatedSystem/SharedSystem, Outputs:3, VendorId:0x10de
[2018.01.04-15.23.20:300][  0]LogD3D11RHI:    1. 'Microsoft Basic Render Driver' (Feature Level 11_0)
[2018.01.04-15.23.20:300][  0]LogD3D11RHI:       0/0/8168 MB DedicatedVideo/DedicatedSystem/SharedSystem, Outputs:0, VendorId:0x1414
[2018.01.04-15.23.20:300][  0]LogD3D11RHI: Chosen D3D11 Adapter: 0
[2018.01.04-15.23.20:306][  0]LogD3D11RHI: Creating new Direct3DDevice
[2018.01.04-15.23.20:306][  0]LogD3D11RHI:     GPU DeviceId: 0x1b81 (for the marketing name, search the web for "GPU Device Id")
[2018.01.04-15.23.20:306][  0]LogWindows: EnumDisplayDevices:
[2018.01.04-15.23.20:306][  0]LogWindows:    0. 'NVIDIA GeForce GTX 1070' (P:1 D:1)
[2018.01.04-15.23.20:306][  0]LogWindows:    1. 'NVIDIA GeForce GTX 1070' (P:0 D:1)
[2018.01.04-15.23.20:306][  0]LogWindows:    2. 'NVIDIA GeForce GTX 1070' (P:0 D:1)
[2018.01.04-15.23.20:306][  0]LogWindows:    3. 'NVIDIA GeForce GTX 1070' (P:0 D:0)
[2018.01.04-15.23.20:306][  0]LogWindows: DebugString: GetVideoDriverDetailsInvalid PrimaryIsNotTheChoosenAdapter GetVideoDriverDetailsInvalid PrimaryIsNotTheChoosenAdapter GetVideoDriverDetailsInvalid PrimaryIsNotTheChoosenAdapter GetVideoDriverDetailsInvalid PrimaryIsNotTheChoosenAdapter FoundDriverCount:0 
[2018.01.04-15.23.20:306][  0]LogD3D11RHI:     Adapter Name: NVIDIA GeForce GTX 1070
[2018.01.04-15.23.20:306][  0]LogD3D11RHI:   Driver Version: Unknown (internal:Unknown, unified:Unknown)
[2018.01.04-15.23.20:306][  0]LogD3D11RHI:      Driver Date: Unknown
[2018.01.04-15.23.20:306][  0]LogRHI: Texture pool is 1361 MB (70% of 1945 MB)
[2018.01.04-15.23.20:332][  0]LogD3D11RHI: Async texture creation enabled
[2018.01.04-15.23.20:469][  0]LogD3D11RHI: GPU Timing Frequency: 1000.000000 (Debug: 2 1)
[2018.01.04-15.23.20:513][  0]LogShaderCompilers: Guid format shader working directory is -17 characters bigger than the processId version (C:/Users/Magnus/Documents/GitHub/SR_Prototype_V3/SR_Prototype_V3/Intermediate/Shaders/WorkingDirectory/7428/).
[2018.01.04-15.23.20:513][  0]LogShaderCompilers: Cleaned the shader compiler working directory 'C:/Users/Magnus/AppData/Local/Temp/UnrealShaderWorkingDir/FDCE15ED4487E406E943FDA3A5AC7CA6/'.
[2018.01.04-15.23.20:513][  0]LogShaderCompilers:Display: Using Local Shader Compiler.
[2018.01.04-15.23.21:468][  0]LogTemp:Display: Loaded TP WindowsClientTargetPlatform
[2018.01.04-15.23.21:503][  0]LogTemp:Display: Loaded TP WindowsNoEditorTargetPlatform
[2018.01.04-15.23.21:538][  0]LogTemp:Display: Loaded TP WindowsServerTargetPlatform
[2018.01.04-15.23.21:566][  0]LogTemp:Display: Loaded TP WindowsTargetPlatform
[2018.01.04-15.23.21:566][  0]LogTargetPlatformManager:Display: Building Assets For Windows
[2018.01.04-15.23.21:883][  0]LogDerivedDataCache:Display: Max Cache Size: 512 MB
[2018.01.04-15.23.21:963][  0]LogDerivedDataCache: Loaded boot cache 0.08s 111MB C:/Users/Magnus/AppData/Local/UnrealEngine/4.16/DerivedDataCache/Boot.ddc.
[2018.01.04-15.23.21:963][  0]LogDerivedDataCache:Display: Loaded Boot cache: C:/Users/Magnus/AppData/Local/UnrealEngine/4.16/DerivedDataCache/Boot.ddc
[2018.01.04-15.23.21:963][  0]LogDerivedDataCache: FDerivedDataBackendGraph:  Pak pak cache file C:/Users/Magnus/Documents/GitHub/SR_Prototype_V3/SR_Prototype_V3/DerivedDataCache/DDC.ddp not found, will not use a pak cache.
[2018.01.04-15.23.21:963][  0]LogDerivedDataCache: Unable to find inner node Pak for hierarchical cache Hierarchy.
[2018.01.04-15.23.21:963][  0]LogDerivedDataCache: FDerivedDataBackendGraph:  CompressedPak pak cache file C:/Users/Magnus/Documents/GitHub/SR_Prototype_V3/SR_Prototype_V3/DerivedDataCache/Compressed.ddp not found, will not use a pak cache.
[2018.01.04-15.23.21:963][  0]LogDerivedDataCache: Unable to find inner node CompressedPak for hierarchical cache Hierarchy.
[2018.01.04-15.23.21:978][  0]LogDerivedDataCache:Display: Pak cache opened for reading ../../../Engine/DerivedDataCache/Compressed.ddp.
[2018.01.04-15.23.21:990][  0]LogDerivedDataCache: Using Local data cache path C:/Users/Magnus/AppData/Local/UnrealEngine/Common/DerivedDataCache: Writable
[2018.01.04-15.23.21:999][  0]LogMaterial: Verifying Global Shaders for PCD3D_SM5
[2018.01.04-15.23.21:999][  0]LogSlate: Using Freetype 2.6.0
[2018.01.04-15.23.21:999][  0]LogSlate: SlateFontCache - WITH_FREETYPE: 1, WITH_HARFBUZZ: 1
[2018.01.04-15.23.21:999][  0]LogSlate: SlateFontCache - WITH_FREETYPE: 1, WITH_HARFBUZZ: 1
[2018.01.04-15.23.22:215][  0]LogAssetRegistry: FAssetRegistry took 0.0036 seconds to start up
[2018.01.04-15.23.22:220][  0]LogPackageLocalizationCache: Processed 5 localized package path(s) for 1 prioritized culture(s) in 0.004821 seconds
[2018.01.04-15.23.22:291][  0]LogInit: Selected Device Profile: [Windows]
[2018.01.04-15.23.22:485][  0]LogMeshUtilities: Using QuadricMeshReduction for automatic static mesh reduction
[2018.01.04-15.23.22:514][  0]LogSimplygon: Simplygon DLL not present - disabling.
[2018.01.04-15.23.22:543][  0]LogMeshUtilities: Using SimplygonSwarm for distributed automatic mesh merging
[2018.01.04-15.23.22:543][  0]LogMeshUtilities: No automatic skeletal mesh reduction module available
[2018.01.04-15.23.22:543][  0]LogMeshUtilities: No automatic mesh merging module available
[2018.01.04-15.23.22:958][  0]LogNetVersion: SR_Prototype_V3 , NetCL: 3452394, EngineNetVer: 2, GameNetVer: 0 (Checksum: 2708348065)
[2018.01.04-15.23.23:014][  0]LogInit: WinSock: version 1.1 (2.2), MaxSocks=32767, MaxUdp=65467
[2018.01.04-15.23.23:720][  0]LogMoviePlayer: Initializing movie player
[2018.01.04-15.23.23:965][  0]LogCollectionManager: Loaded 0 collections in 0.000696 seconds
[2018.01.04-15.23.24:010][  0]LogFileCache: Scanning file cache for directory 'C:/Users/Magnus/Documents/GitHub/SR_Prototype_V3/SR_Prototype_V3/Saved/Collections/' took 0.01s
[2018.01.04-15.23.24:010][  0]LogFileCache: Scanning file cache for directory 'C:/Users/Magnus/Documents/GitHub/SR_Prototype_V3/SR_Prototype_V3/Content/Developers/Magnus/Collections/' took 0.01s
[2018.01.04-15.23.24:010][  0]LogFileCache: Scanning file cache for directory 'C:/Users/Magnus/Documents/GitHub/SR_Prototype_V3/SR_Prototype_V3/Content/Collections/' took 0.01s
[2018.01.04-15.23.24:010][  0]LogCollectionManager: Rebuilt the object cache for 0 collections in 0.000001 seconds (found 0 objects)
[2018.01.04-15.23.24:010][  0]LogCollectionManager: Fixed up redirectors for 0 collections in 0.000031 seconds (updated 0 objects)
[2018.01.04-15.23.24:114][  0]LogTcpMessaging: Initializing TcpMessaging bridge
[2018.01.04-15.23.24:142][  0]LogUdpMessaging: Initializing bridge on interface 0.0.0.0:0 to multicast group 230.0.0.1:6666.
[2018.01.04-15.23.24:413][  0]SourceControl: Info Source control is disabled
[2018.01.04-15.23.24:413][  0]SourceControl: Info Source control is disabled
[2018.01.04-15.23.24:442][  0]SourceControl: Info Source control is disabled
[2018.01.04-15.23.24:607][  0]LogAndroidPermission: UAndroidPermissionCallbackProxy::GetInstance
[2018.01.04-15.23.24:912][  0]LogUObjectArray: 37275 objects as part of root set at end of initial load.
[2018.01.04-15.23.24:912][  0]LogUObjectAllocator: 8410064 out of 0 bytes used by permanent object pool.
[2018.01.04-15.23.24:912][  0]LogUObjectArray: CloseDisregardForGC: 0/0 objects in disregard for GC pool
[2018.01.04-15.23.24:993][  0]LogEngine: Initializing Engine...
[2018.01.04-15.23.24:993][  0]LogHMD: Failed to initialize OpenVR with code 110
[2018.01.04-15.23.25:149][  0]LogStats: UGameplayTagsManager::ConstructGameplayTagTree: Construct from data asset -  0.000 s
[2018.01.04-15.23.25:149][  0]LogStats: UGameplayTagsManager::ConstructGameplayTagTree: GameplayTagTreeChangedEvent.Broadcast -  0.000 s
[2018.01.04-15.23.25:162][  0]LogInit: XAudio2 using 'Øretelefon (HyperX 7.1 Audio)' : 2 channels at 44.1 kHz using 16 bits per sample (channel mask 0x3)
[2018.01.04-15.23.25:185][  0]LogInit: FAudioDevice initialized.
[2018.01.04-15.23.25:206][  0]LogInit: Texture streaming: Disabled
[2018.01.04-15.23.25:217][  0]LogMaterial: Uniform references updated for custom material expression Custom.
[2018.01.04-15.23.25:392][  0]LogSlateStyle:Warning: Unable to find Slate Widget Style 'NormalText'. Using FTextBlockStyle defaults instead.
[2018.01.04-15.23.25:392][  0]LogSlateStyle:Warning: Unable to find Slate Widget Style 'SpinBox'. Using FSpinBoxStyle defaults instead.
[2018.01.04-15.23.25:527][  0]LogInit:Display: Game Engine Initialized.
[2018.01.04-15.23.25:624][  0]LogInit:Display: Starting Game.
[2018.01.04-15.23.25:624][  0]LogNet: Browse: /Temp/Autosaves/Game/UEDPCScanReach?Name=Player
[2018.01.04-15.23.25:624][  0]LogLoad: LoadMap: /Temp/Autosaves/Game/UEDPCScanReach?Name=Player
[2018.01.04-15.23.25:640][  0]LogMemory: Platform Memory Stats for Windows
[2018.01.04-15.23.25:640][  0]LogMemory: Process Physical Memory: 818.31 MB used, 929.11 MB peak
[2018.01.04-15.23.25:640][  0]LogMemory: Process Virtual Memory: 950.11 MB used, 1013.59 MB peak
[2018.01.04-15.23.25:640][  0]LogMemory: Physical Memory: 8849.97 MB used,  7486.87 MB free, 16336.84 MB total
[2018.01.04-15.23.25:640][  0]LogMemory: Virtual Memory: 1642.82 MB used,  7486.87 MB free, 134217728.00 MB total
[2018.01.04-15.23.25:640][  0]LogMemory: 
[2018.01.04-15.23.25:640][  0]Allocator Stats for TBB: (not implemented)
[2018.01.04-15.23.26:254][  0]LogAIModule: Creating AISystem for world ScanReach
[2018.01.04-15.23.26:254][  0]LogLoad: Game class is 'ScanReach_GM_C'
[2018.01.04-15.23.26:271][  0]LogWorld: Bringing World /Temp/Autosaves/Game/UEDPCScanReach.ScanReach up for play (max tick rate 0) at 2018.01.04-16.23.26
[2018.01.04-15.23.26:271][  0]LogWorld: Bringing up level for play took: 0.016695
[2018.01.04-15.23.26:277][  0]LogBlueprintUserMessages: [Websocket_Master_58] cfdfb18f-7a15-4922-b52e-2dbed43c299d
[2018.01.04-15.23.26:277][  0]LogBlueprintUserMessages: [Websocket_Master_58] 3cff7215-ab99-4071-b738-9ede02b36604
[2018.01.04-15.23.26:277][  0]LogBlueprintUserMessages: [Websocket_Master_58] 5a161fa2-488f-4024-9753-a4e4a3ded31a
[2018.01.04-15.23.26:277][  0]LogBlueprintUserMessages: [Websocket_Master_58] 6a46c0b8-f691-40a2-bf8c-041ec09dc7ac
[2018.01.04-15.23.26:277][  0]LogBlueprintUserMessages: [Websocket_Master_58] 70c81956-1c1a-40f4-aa2b-3a743a9deac3
[2018.01.04-15.23.26:277][  0]LogBlueprintUserMessages: [Websocket_Master_58] 7f464d36-31a3-4a56-894a-a94f14707e09
[2018.01.04-15.23.26:277][  0]LogBlueprintUserMessages: [Websocket_Master_58] 9f7e559f-d9e4-4143-bea3-69bb144d9d76
[2018.01.04-15.23.26:277][  0]LogBlueprintUserMessages: [Websocket_Master_58] a895776a-5510-48c3-88bc-56118557b179
[2018.01.04-15.23.26:277][  0]LogBlueprintUserMessages: [Websocket_Master_58] b1f089d5-6e8e-4001-b860-b29937bc82d6
[2018.01.04-15.23.26:277][  0]LogBlueprintUserMessages: [Websocket_Master_58] 302316ab-3b7b-45f1-9fc0-5f0b4f819c41
[2018.01.04-15.23.26:277][  0]LogLoad: Took 0.653207 seconds to LoadMap(/Temp/Autosaves/Game/UEDPCScanReach)
[2018.01.04-15.23.26:506][  0]LogRenderer: Reallocating scene render targets to support 1280x720 NumSamples 1 (Frame:1).
[2018.01.04-15.23.26:506][  0]LogLoad: (Engine Initialization) Total time: 8.12 seconds
[2018.01.04-15.23.26:506][  0]LogLoad: (Engine Initialization) Total Blueprint compile time: 0.22 seconds
[2018.01.04-15.23.26:506][  0]LogExternalProfiler: Found external profiler: VSPerf
[2018.01.04-15.23.26:506][  0]LogExternalProfiler: Using external profiler: VSPerf
[2018.01.04-15.23.26:523][  0]LogWindowsTextInputMethodSystem:Display: IME system now deactivated.
[2018.01.04-15.23.26:523][  0]LogOcInput: OculusInput pre-init called
[2018.01.04-15.23.26:523][  0]LogHMD: Starting GearVRController plugin
[2018.01.04-15.23.26:817][ 18]LogRenderer: Reallocating scene render targets to support 1280x340 NumSamples 1 (Frame:19).
[2018.01.04-15.23.26:833][ 19]LogRenderer: Reallocating scene render targets to support 1280x720 NumSamples 1 (Frame:19).
[2018.01.04-15.23.27:503][ 52]LogRenderer: Reallocating scene render targets to support 1920x1080 NumSamples 1 (Frame:54).
[2018.01.04-15.23.27:516][ 52]LogRenderer: Reallocating scene render targets to support 1280x340 NumSamples 1 (Frame:55).
[2018.01.04-15.23.27:516][ 52]LogRenderer: Reallocating scene render targets to support 1920x1080 NumSamples 1 (Frame:55).
[2018.01.04-15.23.29:315][164]LogBlueprintUserMessages: [Websocket_Master_58] Connected To: ws://srtdev7-inrange-websocket.azurewebsites.net/inrange
[2018.01.04-15.23.31:815][319]LogBlueprintUserMessages: [Websocket_Master_58] RSSI: -48.24236

TagID: d63e739a-fca8-4ed6-b0b9-df8ccc003eee

SensorID: 6a46c0b8-f691-40a2-bf8c-041ec09dc7ac
[2018.01.04-15.23.31:815][319]LogBlueprintUserMessages: [Websocket_Master_58] Not Recognized!
[2018.01.04-15.23.31:815][319]LogBlueprintUserMessages: [Websocket_Master_58] Not Recognized!
[2018.01.04-15.23.31:815][319]LogBlueprintUserMessages: [Websocket_Master_58] Not Recognized!
[2018.01.04-15.23.31:815][319]LogBlueprintUserMessages: [Websocket_Master_58] Recognized!
[2018.01.04-15.23.31:815][319]LogBlueprintUserMessages: [Websocket_Master_58] Not Recognized!
[2018.01.04-15.23.31:815][319]LogBlueprintUserMessages: [Websocket_Master_58] Not Recognized!
[2018.01.04-15.23.31:815][319]LogBlueprintUserMessages: [Websocket_Master_58] Not Recognized!
[2018.01.04-15.23.31:815][319]LogBlueprintUserMessages: [Websocket_Master_58] Not Recognized!
[2018.01.04-15.23.31:815][319]LogBlueprintUserMessages: [Websocket_Master_58] Not Recognized!
[2018.01.04-15.23.31:815][319]LogBlueprintUserMessages: [Websocket_Master_58] Not Recognized!
[2018.01.04-15.23.33:831][444]LogBlueprintUserMessages: [Websocket_Master_58] RSSI: -48.475502

TagID: c1a8b364-77b6-400e-883c-c93cbc2fa96e

SensorID: 7f464d36-31a3-4a56-894a-a94f14707e09
[2018.01.04-15.23.33:832][444]LogBlueprintUserMessages: [Websocket_Master_58] Not Recognized!
[2018.01.04-15.23.33:832][444]LogBlueprintUserMessages: [Websocket_Master_58] Not Recognized!
[2018.01.04-15.23.33:832][444]LogBlueprintUserMessages: [Websocket_Master_58] Not Recognized!
[2018.01.04-15.23.33:832][444]LogBlueprintUserMessages: [Websocket_Master_58] Not Recognized!
[2018.01.04-15.23.33:832][444]LogBlueprintUserMessages: [Websocket_Master_58] Not Recognized!
[2018.01.04-15.23.33:832][444]LogBlueprintUserMessages: [Websocket_Master_58] Recognized!
[2018.01.04-15.23.33:832][444]LogBlueprintUserMessages: [Websocket_Master_58] Not Recognized!
[2018.01.04-15.23.33:832][444]LogBlueprintUserMessages: [Websocket_Master_58] Not Recognized!
[2018.01.04-15.23.33:832][444]LogBlueprintUserMessages: [Websocket_Master_58] Not Recognized!
[2018.01.04-15.23.33:832][444]LogBlueprintUserMessages: [Websocket_Master_58] Not Recognized!
[2018.01.04-15.23.35:848][569]LogBlueprintUserMessages: [Websocket_Master_58] RSSI: -70.22724

TagID: 490d1d0f-0670-4675-a278-c3e0a54a389a

SensorID: 9f7e559f-d9e4-4143-bea3-69bb144d9d76
[2018.01.04-15.23.35:848][569]LogBlueprintUserMessages: [Websocket_Master_58] Not Recognized!
[2018.01.04-15.23.35:848][569]LogBlueprintUserMessages: [Websocket_Master_58] Not Recognized!
[2018.01.04-15.23.35:848][569]LogBlueprintUserMessages: [Websocket_Master_58] Not Recognized!
[2018.01.04-15.23.35:848][569]LogBlueprintUserMessages: [Websocket_Master_58] Not Recognized!
[2018.01.04-15.23.35:848][569]LogBlueprintUserMessages: [Websocket_Master_58] Not Recognized!
[2018.01.04-15.23.35:848][569]LogBlueprintUserMessages: [Websocket_Master_58] Not Recognized!
[2018.01.04-15.23.35:848][569]LogBlueprintUserMessages: [Websocket_Master_58] Recognized!
[2018.01.04-15.23.35:848][569]LogBlueprintUserMessages: [Websocket_Master_58] Not Recognized!
[2018.01.04-15.23.35:848][569]LogBlueprintUserMessages: [Websocket_Master_58] Not Recognized!
[2018.01.04-15.23.35:848][569]LogBlueprintUserMessages: [Websocket_Master_58] Not Recognized!
[2018.01.04-15.23.37:832][692]LogBlueprintUserMessages: [Websocket_Master_58] RSSI: -65.901634

TagID: d343d373-0696-4542-8a05-52a261511d54

SensorID: 3cff7215-ab99-4071-b738-9ede02b36604
[2018.01.04-15.23.37:832][692]LogBlueprintUserMessages: [Websocket_Master_58] Not Recognized!
[2018.01.04-15.23.37:832][692]LogBlueprintUserMessages: [Websocket_Master_58] Recognized!
[2018.01.04-15.23.37:832][692]LogBlueprintUserMessages: [Websocket_Master_58] Not Recognized!
[2018.01.04-15.23.37:832][692]LogBlueprintUserMessages: [Websocket_Master_58] Not Recognized!
[2018.01.04-15.23.37:832][692]LogBlueprintUserMessages: [Websocket_Master_58] Not Recognized!
[2018.01.04-15.23.37:832][692]LogBlueprintUserMessages: [Websocket_Master_58] Not Recognized!
[2018.01.04-15.23.37:832][692]LogBlueprintUserMessages: [Websocket_Master_58] Not Recognized!
[2018.01.04-15.23.37:832][692]LogBlueprintUserMessages: [Websocket_Master_58] Not Recognized!
[2018.01.04-15.23.37:832][692]LogBlueprintUserMessages: [Websocket_Master_58] Not Recognized!
[2018.01.04-15.23.37:832][692]LogBlueprintUserMessages: [Websocket_Master_58] Not Recognized!
[2018.01.04-15.23.39:832][816]LogBlueprintUserMessages: [Websocket_Master_58] RSSI: -59.054085

TagID: 490d1d0f-0670-4675-a278-c3e0a54a389a

SensorID: b1f089d5-6e8e-4001-b860-b29937bc82d6
[2018.01.04-15.23.39:832][816]LogBlueprintUserMessages: [Websocket_Master_58] Not Recognized!
[2018.01.04-15.23.39:832][816]LogBlueprintUserMessages: [Websocket_Master_58] Not Recognized!
[2018.01.04-15.23.39:832][816]LogBlueprintUserMessages: [Websocket_Master_58] Not Recognized!
[2018.01.04-15.23.39:832][816]LogBlueprintUserMessages: [Websocket_Master_58] Not Recognized!
[2018.01.04-15.23.39:832][816]LogBlueprintUserMessages: [Websocket_Master_58] Not Recognized!
[2018.01.04-15.23.39:832][816]LogBlueprintUserMessages: [Websocket_Master_58] Not Recognized!
[2018.01.04-15.23.39:832][816]LogBlueprintUserMessages: [Websocket_Master_58] Not Recognized!
[2018.01.04-15.23.39:832][816]LogBlueprintUserMessages: [Websocket_Master_58] Not Recognized!
[2018.01.04-15.23.39:832][816]LogBlueprintUserMessages: [Websocket_Master_58] Recognized!
[2018.01.04-15.23.39:832][816]LogBlueprintUserMessages: [Websocket_Master_58] Not Recognized!
[2018.01.04-15.23.41:896][944]LogBlueprintUserMessages: [Websocket_Master_58] RSSI: -74.22716

TagID: d343d373-0696-4542-8a05-52a261511d54

SensorID: 6a46c0b8-f691-40a2-bf8c-041ec09dc7ac
[2018.01.04-15.23.41:896][944]LogBlueprintUserMessages: [Websocket_Master_58] Not Recognized!
[2018.01.04-15.23.41:897][944]LogBlueprintUserMessages: [Websocket_Master_58] Not Recognized!
[2018.01.04-15.23.41:897][944]LogBlueprintUserMessages: [Websocket_Master_58] Not Recognized!
[2018.01.04-15.23.41:897][944]LogBlueprintUserMessages: [Websocket_Master_58] Recognized!
[2018.01.04-15.23.41:897][944]LogBlueprintUserMessages: [Websocket_Master_58] Not Recognized!
[2018.01.04-15.23.41:897][944]LogBlueprintUserMessages: [Websocket_Master_58] Not Recognized!
[2018.01.04-15.23.41:897][944]LogBlueprintUserMessages: [Websocket_Master_58] Not Recognized!
[2018.01.04-15.23.41:897][944]LogBlueprintUserMessages: [Websocket_Master_58] Not Recognized!
[2018.01.04-15.23.41:897][944]LogBlueprintUserMessages: [Websocket_Master_58] Not Recognized!
[2018.01.04-15.23.41:897][944]LogBlueprintUserMessages: [Websocket_Master_58] Not Recognized!
[2018.01.04-15.23.43:866][ 66]LogBlueprintUserMessages: [Websocket_Master_58] RSSI: -59.621727

TagID: a4f627c7-66e7-40b6-af13-18d95bb7302e

SensorID: 302316ab-3b7b-45f1-9fc0-5f0b4f819c41
[2018.01.04-15.23.43:866][ 66]LogBlueprintUserMessages: [Websocket_Master_58] Not Recognized!
[2018.01.04-15.23.43:866][ 66]LogBlueprintUserMessages: [Websocket_Master_58] Not Recognized!
[2018.01.04-15.23.43:866][ 66]LogBlueprintUserMessages: [Websocket_Master_58] Not Recognized!
[2018.01.04-15.23.43:866][ 66]LogBlueprintUserMessages: [Websocket_Master_58] Not Recognized!
[2018.01.04-15.23.43:866][ 66]LogBlueprintUserMessages: [Websocket_Master_58] Not Recognized!
[2018.01.04-15.23.43:866][ 66]LogBlueprintUserMessages: [Websocket_Master_58] Not Recognized!
[2018.01.04-15.23.43:866][ 66]LogBlueprintUserMessages: [Websocket_Master_58] Not Recognized!
[2018.01.04-15.23.43:866][ 66]LogBlueprintUserMessages: [Websocket_Master_58] Not Recognized!
[2018.01.04-15.23.43:866][ 66]LogBlueprintUserMessages: [Websocket_Master_58] Not Recognized!
[2018.01.04-15.23.43:866][ 66]LogBlueprintUserMessages: [Websocket_Master_58] Recognized!
[2018.01.04-15.23.45:881][191]LogBlueprintUserMessages: [Websocket_Master_58] RSSI: -73.97975

TagID: c1a8b364-77b6-400e-883c-c93cbc2fa96e

SensorID: 9f7e559f-d9e4-4143-bea3-69bb144d9d76
[2018.01.04-15.23.45:881][191]LogBlueprintUserMessages: [Websocket_Master_58] Not Recognized!
[2018.01.04-15.23.45:881][191]LogBlueprintUserMessages: [Websocket_Master_58] Not Recognized!
[2018.01.04-15.23.45:881][191]LogBlueprintUserMessages: [Websocket_Master_58] Not Recognized!
[2018.01.04-15.23.45:881][191]LogBlueprintUserMessages: [Websocket_Master_58] Not Recognized!
[2018.01.04-15.23.45:881][191]LogBlueprintUserMessages: [Websocket_Master_58] Not Recognized!
[2018.01.04-15.23.45:881][191]LogBlueprintUserMessages: [Websocket_Master_58] Not Recognized!
[2018.01.04-15.23.45:881][191]LogBlueprintUserMessages: [Websocket_Master_58] Recognized!
[2018.01.04-15.23.45:881][191]LogBlueprintUserMessages: [Websocket_Master_58] Not Recognized!
[2018.01.04-15.23.45:881][191]LogBlueprintUserMessages: [Websocket_Master_58] Not Recognized!
[2018.01.04-15.23.45:881][191]LogBlueprintUserMessages: [Websocket_Master_58] Not Recognized!
[2018.01.04-15.23.47:881][315]LogBlueprintUserMessages: [Websocket_Master_58] RSSI: -73.92039

TagID: c1a8b364-77b6-400e-883c-c93cbc2fa96e

SensorID: 9f7e559f-d9e4-4143-bea3-69bb144d9d76
[2018.01.04-15.23.47:882][315]LogBlueprintUserMessages: [Websocket_Master_58] Not Recognized!
[2018.01.04-15.23.47:882][315]LogBlueprintUserMessages: [Websocket_Master_58] Not Recognized!
[2018.01.04-15.23.47:882][315]LogBlueprintUserMessages: [Websocket_Master_58] Not Recognized!
[2018.01.04-15.23.47:882][315]LogBlueprintUserMessages: [Websocket_Master_58] Not Recognized!
[2018.01.04-15.23.47:882][315]LogBlueprintUserMessages: [Websocket_Master_58] Not Recognized!
[2018.01.04-15.23.47:882][315]LogBlueprintUserMessages: [Websocket_Master_58] Not Recognized!
[2018.01.04-15.23.47:882][315]LogBlueprintUserMessages: [Websocket_Master_58] Recognized!
[2018.01.04-15.23.47:882][315]LogBlueprintUserMessages: [Websocket_Master_58] Not Recognized!
[2018.01.04-15.23.47:882][315]LogBlueprintUserMessages: [Websocket_Master_58] Not Recognized!
[2018.01.04-15.23.47:882][315]LogBlueprintUserMessages: [Websocket_Master_58] Not Recognized!
[2018.01.04-15.23.49:881][439]LogBlueprintUserMessages: [Websocket_Master_58] RSSI: -44.104076

TagID: 490d1d0f-0670-4675-a278-c3e0a54a389a

SensorID: 6a46c0b8-f691-40a2-bf8c-041ec09dc7ac
[2018.01.04-15.23.49:881][439]LogBlueprintUserMessages: [Websocket_Master_58] Not Recognized!
[2018.01.04-15.23.49:881][439]LogBlueprintUserMessages: [Websocket_Master_58] Not Recognized!
[2018.01.04-15.23.49:881][439]LogBlueprintUserMessages: [Websocket_Master_58] Not Recognized!
[2018.01.04-15.23.49:881][439]LogBlueprintUserMessages: [Websocket_Master_58] Recognized!
[2018.01.04-15.23.49:881][439]LogBlueprintUserMessages: [Websocket_Master_58] Not Recognized!
[2018.01.04-15.23.49:881][439]LogBlueprintUserMessages: [Websocket_Master_58] Not Recognized!
[2018.01.04-15.23.49:881][439]LogBlueprintUserMessages: [Websocket_Master_58] Not Recognized!
[2018.01.04-15.23.49:881][439]LogBlueprintUserMessages: [Websocket_Master_58] Not Recognized!
[2018.01.04-15.23.49:881][439]LogBlueprintUserMessages: [Websocket_Master_58] Not Recognized!
[2018.01.04-15.23.49:881][439]LogBlueprintUserMessages: [Websocket_Master_58] Not Recognized!
[2018.01.04-15.23.51:898][564]LogBlueprintUserMessages: [Websocket_Master_58] RSSI: -75.46061

TagID: c1a8b364-77b6-400e-883c-c93cbc2fa96e

SensorID: 9f7e559f-d9e4-4143-bea3-69bb144d9d76
[2018.01.04-15.23.51:898][564]LogBlueprintUserMessages: [Websocket_Master_58] Not Recognized!
[2018.01.04-15.23.51:898][564]LogBlueprintUserMessages: [Websocket_Master_58] Not Recognized!
[2018.01.04-15.23.51:898][564]LogBlueprintUserMessages: [Websocket_Master_58] Not Recognized!
[2018.01.04-15.23.51:898][564]LogBlueprintUserMessages: [Websocket_Master_58] Not Recognized!
[2018.01.04-15.23.51:898][564]LogBlueprintUserMessages: [Websocket_Master_58] Not Recognized!
[2018.01.04-15.23.51:898][564]LogBlueprintUserMessages: [Websocket_Master_58] Not Recognized!
[2018.01.04-15.23.51:898][564]LogBlueprintUserMessages: [Websocket_Master_58] Recognized!
[2018.01.04-15.23.51:898][564]LogBlueprintUserMessages: [Websocket_Master_58] Not Recognized!
[2018.01.04-15.23.51:898][564]LogBlueprintUserMessages: [Websocket_Master_58] Not Recognized!
[2018.01.04-15.23.51:898][564]LogBlueprintUserMessages: [Websocket_Master_58] Not Recognized!
[2018.01.04-15.23.53:898][688]LogBlueprintUserMessages: [Websocket_Master_58] RSSI: -49.760483

TagID: d63e739a-fca8-4ed6-b0b9-df8ccc003eee

SensorID: 6a46c0b8-f691-40a2-bf8c-041ec09dc7ac
[2018.01.04-15.23.53:898][688]LogBlueprintUserMessages: [Websocket_Master_58] Not Recognized!
[2018.01.04-15.23.53:898][688]LogBlueprintUserMessages: [Websocket_Master_58] Not Recognized!
[2018.01.04-15.23.53:898][688]LogBlueprintUserMessages: [Websocket_Master_58] Not Recognized!
[2018.01.04-15.23.53:898][688]LogBlueprintUserMessages: [Websocket_Master_58] Recognized!
[2018.01.04-15.23.53:898][688]LogBlueprintUserMessages: [Websocket_Master_58] Not Recognized!
[2018.01.04-15.23.53:898][688]LogBlueprintUserMessages: [Websocket_Master_58] Not Recognized!
[2018.01.04-15.23.53:898][688]LogBlueprintUserMessages: [Websocket_Master_58] Not Recognized!
[2018.01.04-15.23.53:898][688]LogBlueprintUserMessages: [Websocket_Master_58] Not Recognized!
[2018.01.04-15.23.53:898][688]LogBlueprintUserMessages: [Websocket_Master_58] Not Recognized!
[2018.01.04-15.23.53:898][688]LogBlueprintUserMessages: [Websocket_Master_58] Not Recognized!
[2018.01.04-15.23.55:914][813]LogBlueprintUserMessages: [Websocket_Master_58] RSSI: -67.97764

TagID: d63e739a-fca8-4ed6-b0b9-df8ccc003eee

SensorID: b1f089d5-6e8e-4001-b860-b29937bc82d6
[2018.01.04-15.23.55:914][813]LogBlueprintUserMessages: [Websocket_Master_58] Not Recognized!
[2018.01.04-15.23.55:914][813]LogBlueprintUserMessages: [Websocket_Master_58] Not Recognized!
[2018.01.04-15.23.55:914][813]LogBlueprintUserMessages: [Websocket_Master_58] Not Recognized!
[2018.01.04-15.23.55:914][813]LogBlueprintUserMessages: [Websocket_Master_58] Not Recognized!
[2018.01.04-15.23.55:914][813]LogBlueprintUserMessages: [Websocket_Master_58] Not Recognized!
[2018.01.04-15.23.55:914][813]LogBlueprintUserMessages: [Websocket_Master_58] Not Recognized!
[2018.01.04-15.23.55:914][813]LogBlueprintUserMessages: [Websocket_Master_58] Not Recognized!
[2018.01.04-15.23.55:914][813]LogBlueprintUserMessages: [Websocket_Master_58] Not Recognized!
[2018.01.04-15.23.55:914][813]LogBlueprintUserMessages: [Websocket_Master_58] Recognized!
[2018.01.04-15.23.55:914][813]LogBlueprintUserMessages: [Websocket_Master_58] Not Recognized!
[2018.01.04-15.23.57:914][937]LogBlueprintUserMessages: [Websocket_Master_58] RSSI: -57.64972

TagID: 490d1d0f-0670-4675-a278-c3e0a54a389a

SensorID: 6a46c0b8-f691-40a2-bf8c-041ec09dc7ac
[2018.01.04-15.23.57:914][937]LogBlueprintUserMessages: [Websocket_Master_58] Not Recognized!
[2018.01.04-15.23.57:914][937]LogBlueprintUserMessages: [Websocket_Master_58] Not Recognized!
[2018.01.04-15.23.57:914][937]LogBlueprintUserMessages: [Websocket_Master_58] Not Recognized!
[2018.01.04-15.23.57:914][937]LogBlueprintUserMessages: [Websocket_Master_58] Recognized!
[2018.01.04-15.23.57:914][937]LogBlueprintUserMessages: [Websocket_Master_58] Not Recognized!
[2018.01.04-15.23.57:914][937]LogBlueprintUserMessages: [Websocket_Master_58] Not Recognized!
[2018.01.04-15.23.57:914][937]LogBlueprintUserMessages: [Websocket_Master_58] Not Recognized!
[2018.01.04-15.23.57:914][937]LogBlueprintUserMessages: [Websocket_Master_58] Not Recognized!
[2018.01.04-15.23.57:914][937]LogBlueprintUserMessages: [Websocket_Master_58] Not Recognized!
[2018.01.04-15.23.57:914][937]LogBlueprintUserMessages: [Websocket_Master_58] Not Recognized!
[2018.01.04-15.23.59:931][ 62]LogBlueprintUserMessages: [Websocket_Master_58] RSSI: -42.763187

TagID: 490d1d0f-0670-4675-a278-c3e0a54a389a

SensorID: 9f7e559f-d9e4-4143-bea3-69bb144d9d76
[2018.01.04-15.23.59:931][ 62]LogBlueprintUserMessages: [Websocket_Master_58] Not Recognized!
[2018.01.04-15.23.59:931][ 62]LogBlueprintUserMessages: [Websocket_Master_58] Not Recognized!
[2018.01.04-15.23.59:931][ 62]LogBlueprintUserMessages: [Websocket_Master_58] Not Recognized!
[2018.01.04-15.23.59:931][ 62]LogBlueprintUserMessages: [Websocket_Master_58] Not Recognized!
[2018.01.04-15.23.59:931][ 62]LogBlueprintUserMessages: [Websocket_Master_58] Not Recognized!
[2018.01.04-15.23.59:931][ 62]LogBlueprintUserMessages: [Websocket_Master_58] Not Recognized!
[2018.01.04-15.23.59:931][ 62]LogBlueprintUserMessages: [Websocket_Master_58] Recognized!
[2018.01.04-15.23.59:931][ 62]LogBlueprintUserMessages: [Websocket_Master_58] Not Recognized!
[2018.01.04-15.23.59:931][ 62]LogBlueprintUserMessages: [Websocket_Master_58] Not Recognized!
[2018.01.04-15.23.59:931][ 62]LogBlueprintUserMessages: [Websocket_Master_58] Not Recognized!
[2018.01.04-15.24.01:931][186]LogBlueprintUserMessages: [Websocket_Master_58] RSSI: -67.87343

TagID: d343d373-0696-4542-8a05-52a261511d54

SensorID: 70c81956-1c1a-40f4-aa2b-3a743a9deac3
[2018.01.04-15.24.01:931][186]LogBlueprintUserMessages: [Websocket_Master_58] Not Recognized!
[2018.01.04-15.24.01:931][186]LogBlueprintUserMessages: [Websocket_Master_58] Not Recognized!
[2018.01.04-15.24.01:931][186]LogBlueprintUserMessages: [Websocket_Master_58] Not Recognized!
[2018.01.04-15.24.01:931][186]LogBlueprintUserMessages: [Websocket_Master_58] Not Recognized!
[2018.01.04-15.24.01:931][186]LogBlueprintUserMessages: [Websocket_Master_58] Recognized!
[2018.01.04-15.24.01:931][186]LogBlueprintUserMessages: [Websocket_Master_58] Not Recognized!
[2018.01.04-15.24.01:931][186]LogBlueprintUserMessages: [Websocket_Master_58] Not Recognized!
[2018.01.04-15.24.01:931][186]LogBlueprintUserMessages: [Websocket_Master_58] Not Recognized!
[2018.01.04-15.24.01:931][186]LogBlueprintUserMessages: [Websocket_Master_58] Not Recognized!
[2018.01.04-15.24.01:931][186]LogBlueprintUserMessages: [Websocket_Master_58] Not Recognized!
[2018.01.04-15.24.03:947][311]LogBlueprintUserMessages: [Websocket_Master_58] RSSI: -66.53077

TagID: c1a8b364-77b6-400e-883c-c93cbc2fa96e

SensorID: 70c81956-1c1a-40f4-aa2b-3a743a9deac3
[2018.01.04-15.24.03:947][311]LogBlueprintUserMessages: [Websocket_Master_58] Not Recognized!
[2018.01.04-15.24.03:947][311]LogBlueprintUserMessages: [Websocket_Master_58] Not Recognized!
[2018.01.04-15.24.03:947][311]LogBlueprintUserMessages: [Websocket_Master_58] Not Recognized!
[2018.01.04-15.24.03:947][311]LogBlueprintUserMessages: [Websocket_Master_58] Not Recognized!
[2018.01.04-15.24.03:947][311]LogBlueprintUserMessages: [Websocket_Master_58] Recognized!
[2018.01.04-15.24.03:947][311]LogBlueprintUserMessages: [Websocket_Master_58] Not Recognized!
[2018.01.04-15.24.03:947][311]LogBlueprintUserMessages: [Websocket_Master_58] Not Recognized!
[2018.01.04-15.24.03:947][311]LogBlueprintUserMessages: [Websocket_Master_58] Not Recognized!
[2018.01.04-15.24.03:947][311]LogBlueprintUserMessages: [Websocket_Master_58] Not Recognized!
[2018.01.04-15.24.03:947][311]LogBlueprintUserMessages: [Websocket_Master_58] Not Recognized!
[2018.01.04-15.24.05:947][435]LogBlueprintUserMessages: [Websocket_Master_58] RSSI: -73.18673

TagID: d63e739a-fca8-4ed6-b0b9-df8ccc003eee

SensorID: 302316ab-3b7b-45f1-9fc0-5f0b4f819c41
[2018.01.04-15.24.05:947][435]LogBlueprintUserMessages: [Websocket_Master_58] Not Recognized!
[2018.01.04-15.24.05:947][435]LogBlueprintUserMessages: [Websocket_Master_58] Not Recognized!
[2018.01.04-15.24.05:947][435]LogBlueprintUserMessages: [Websocket_Master_58] Not Recognized!
[2018.01.04-15.24.05:947][435]LogBlueprintUserMessages: [Websocket_Master_58] Not Recognized!
[2018.01.04-15.24.05:947][435]LogBlueprintUserMessages: [Websocket_Master_58] Not Recognized!
[2018.01.04-15.24.05:947][435]LogBlueprintUserMessages: [Websocket_Master_58] Not Recognized!
[2018.01.04-15.24.05:947][435]LogBlueprintUserMessages: [Websocket_Master_58] Not Recognized!
[2018.01.04-15.24.05:948][435]LogBlueprintUserMessages: [Websocket_Master_58] Not Recognized!
[2018.01.04-15.24.05:948][435]LogBlueprintUserMessages: [Websocket_Master_58] Not Recognized!
[2018.01.04-15.24.05:948][435]LogBlueprintUserMessages: [Websocket_Master_58] Recognized!
[2018.01.04-15.24.07:964][560]LogBlueprintUserMessages: [Websocket_Master_58] RSSI: -69.21612

TagID: d343d373-0696-4542-8a05-52a261511d54

SensorID: 302316ab-3b7b-45f1-9fc0-5f0b4f819c41
[2018.01.04-15.24.07:964][560]LogBlueprintUserMessages: [Websocket_Master_58] Not Recognized!
[2018.01.04-15.24.07:964][560]LogBlueprintUserMessages: [Websocket_Master_58] Not Recognized!
[2018.01.04-15.24.07:964][560]LogBlueprintUserMessages: [Websocket_Master_58] Not Recognized!
[2018.01.04-15.24.07:964][560]LogBlueprintUserMessages: [Websocket_Master_58] Not Recognized!
[2018.01.04-15.24.07:964][560]LogBlueprintUserMessages: [Websocket_Master_58] Not Recognized!
[2018.01.04-15.24.07:964][560]LogBlueprintUserMessages: [Websocket_Master_58] Not Recognized!
[2018.01.04-15.24.07:964][560]LogBlueprintUserMessages: [Websocket_Master_58] Not Recognized!
[2018.01.04-15.24.07:964][560]LogBlueprintUserMessages: [Websocket_Master_58] Not Recognized!
[2018.01.04-15.24.07:964][560]LogBlueprintUserMessages: [Websocket_Master_58] Not Recognized!
[2018.01.04-15.24.07:964][560]LogBlueprintUserMessages: [Websocket_Master_58] Recognized!
[2018.01.04-15.24.09:964][684]LogBlueprintUserMessages: [Websocket_Master_58] RSSI: -45.676796

TagID: c1a8b364-77b6-400e-883c-c93cbc2fa96e

SensorID: 3cff7215-ab99-4071-b738-9ede02b36604
[2018.01.04-15.24.09:964][684]LogBlueprintUserMessages: [Websocket_Master_58] Not Recognized!
[2018.01.04-15.24.09:964][684]LogBlueprintUserMessages: [Websocket_Master_58] Recognized!
[2018.01.04-15.24.09:964][684]LogBlueprintUserMessages: [Websocket_Master_58] Not Recognized!
[2018.01.04-15.24.09:964][684]LogBlueprintUserMessages: [Websocket_Master_58] Not Recognized!
[2018.01.04-15.24.09:964][684]LogBlueprintUserMessages: [Websocket_Master_58] Not Recognized!
[2018.01.04-15.24.09:964][684]LogBlueprintUserMessages: [Websocket_Master_58] Not Recognized!
[2018.01.04-15.24.09:964][684]LogBlueprintUserMessages: [Websocket_Master_58] Not Recognized!
[2018.01.04-15.24.09:964][684]LogBlueprintUserMessages: [Websocket_Master_58] Not Recognized!
[2018.01.04-15.24.09:964][684]LogBlueprintUserMessages: [Websocket_Master_58] Not Recognized!
[2018.01.04-15.24.09:964][684]LogBlueprintUserMessages: [Websocket_Master_58] Not Recognized!
[2018.01.04-15.24.11:980][809]LogBlueprintUserMessages: [Websocket_Master_58] RSSI: -71.13147

TagID: d343d373-0696-4542-8a05-52a261511d54

SensorID: b1f089d5-6e8e-4001-b860-b29937bc82d6
[2018.01.04-15.24.11:980][809]LogBlueprintUserMessages: [Websocket_Master_58] Not Recognized!
[2018.01.04-15.24.11:980][809]LogBlueprintUserMessages: [Websocket_Master_58] Not Recognized!
[2018.01.04-15.24.11:980][809]LogBlueprintUserMessages: [Websocket_Master_58] Not Recognized!
[2018.01.04-15.24.11:980][809]LogBlueprintUserMessages: [Websocket_Master_58] Not Recognized!
[2018.01.04-15.24.11:980][809]LogBlueprintUserMessages: [Websocket_Master_58] Not Recognized!
[2018.01.04-15.24.11:980][809]LogBlueprintUserMessages: [Websocket_Master_58] Not Recognized!
[2018.01.04-15.24.11:980][809]LogBlueprintUserMessages: [Websocket_Master_58] Not Recognized!
[2018.01.04-15.24.11:980][809]LogBlueprintUserMessages: [Websocket_Master_58] Not Recognized!
[2018.01.04-15.24.11:980][809]LogBlueprintUserMessages: [Websocket_Master_58] Recognized!
[2018.01.04-15.24.11:980][809]LogBlueprintUserMessages: [Websocket_Master_58] Not Recognized!
[2018.01.04-15.24.13:997][934]LogBlueprintUserMessages: [Websocket_Master_58] RSSI: -57.611877

TagID: d343d373-0696-4542-8a05-52a261511d54

SensorID: 9f7e559f-d9e4-4143-bea3-69bb144d9d76
[2018.01.04-15.24.13:997][934]LogBlueprintUserMessages: [Websocket_Master_58] Not Recognized!
[2018.01.04-15.24.13:997][934]LogBlueprintUserMessages: [Websocket_Master_58] Not Recognized!
[2018.01.04-15.24.13:997][934]LogBlueprintUserMessages: [Websocket_Master_58] Not Recognized!
[2018.01.04-15.24.13:997][934]LogBlueprintUserMessages: [Websocket_Master_58] Not Recognized!
[2018.01.04-15.24.13:997][934]LogBlueprintUserMessages: [Websocket_Master_58] Not Recognized!
[2018.01.04-15.24.13:997][934]LogBlueprintUserMessages: [Websocket_Master_58] Not Recognized!
[2018.01.04-15.24.13:997][934]LogBlueprintUserMessages: [Websocket_Master_58] Recognized!
[2018.01.04-15.24.13:997][934]LogBlueprintUserMessages: [Websocket_Master_58] Not Recognized!
[2018.01.04-15.24.13:997][934]LogBlueprintUserMessages: [Websocket_Master_58] Not Recognized!
[2018.01.04-15.24.13:997][934]LogBlueprintUserMessages: [Websocket_Master_58] Not Recognized!
[2018.01.04-15.24.15:982][ 57]LogBlueprintUserMessages: [Websocket_Master_58] RSSI: -59.32102

TagID: d63e739a-fca8-4ed6-b0b9-df8ccc003eee

SensorID: 6a46c0b8-f691-40a2-bf8c-041ec09dc7ac
[2018.01.04-15.24.15:982][ 57]LogBlueprintUserMessages: [Websocket_Master_58] Not Recognized!
[2018.01.04-15.24.15:982][ 57]LogBlueprintUserMessages: [Websocket_Master_58] Not Recognized!
[2018.01.04-15.24.15:982][ 57]LogBlueprintUserMessages: [Websocket_Master_58] Not Recognized!
[2018.01.04-15.24.15:982][ 57]LogBlueprintUserMessages: [Websocket_Master_58] Recognized!
[2018.01.04-15.24.15:982][ 57]LogBlueprintUserMessages: [Websocket_Master_58] Not Recognized!
[2018.01.04-15.24.15:982][ 57]LogBlueprintUserMessages: [Websocket_Master_58] Not Recognized!
[2018.01.04-15.24.15:982][ 57]LogBlueprintUserMessages: [Websocket_Master_58] Not Recognized!
[2018.01.04-15.24.15:982][ 57]LogBlueprintUserMessages: [Websocket_Master_58] Not Recognized!
[2018.01.04-15.24.15:982][ 57]LogBlueprintUserMessages: [Websocket_Master_58] Not Recognized!
[2018.01.04-15.24.15:982][ 57]LogBlueprintUserMessages: [Websocket_Master_58] Not Recognized!
[2018.01.04-15.24.17:998][182]LogBlueprintUserMessages: [Websocket_Master_58] RSSI: -44.85557

TagID: d343d373-0696-4542-8a05-52a261511d54

SensorID: 9f7e559f-d9e4-4143-bea3-69bb144d9d76
[2018.01.04-15.24.17:998][182]LogBlueprintUserMessages: [Websocket_Master_58] Not Recognized!
[2018.01.04-15.24.17:998][182]LogBlueprintUserMessages: [Websocket_Master_58] Not Recognized!
[2018.01.04-15.24.17:998][182]LogBlueprintUserMessages: [Websocket_Master_58] Not Recognized!
[2018.01.04-15.24.17:998][182]LogBlueprintUserMessages: [Websocket_Master_58] Not Recognized!
[2018.01.04-15.24.17:998][182]LogBlueprintUserMessages: [Websocket_Master_58] Not Recognized!
[2018.01.04-15.24.17:998][182]LogBlueprintUserMessages: [Websocket_Master_58] Not Recognized!
[2018.01.04-15.24.17:998][182]LogBlueprintUserMessages: [Websocket_Master_58] Recognized!
[2018.01.04-15.24.17:998][182]LogBlueprintUserMessages: [Websocket_Master_58] Not Recognized!
[2018.01.04-15.24.17:998][182]LogBlueprintUserMessages: [Websocket_Master_58] Not Recognized!
[2018.01.04-15.24.17:998][182]LogBlueprintUserMessages: [Websocket_Master_58] Not Recognized!
[2018.01.04-15.24.19:998][306]LogBlueprintUserMessages: [Websocket_Master_58] RSSI: -46.619156

TagID: d63e739a-fca8-4ed6-b0b9-df8ccc003eee

SensorID: 302316ab-3b7b-45f1-9fc0-5f0b4f819c41
[2018.01.04-15.24.19:998][306]LogBlueprintUserMessages: [Websocket_Master_58] Not Recognized!
[2018.01.04-15.24.19:998][306]LogBlueprintUserMessages: [Websocket_Master_58] Not Recognized!
[2018.01.04-15.24.19:998][306]LogBlueprintUserMessages: [Websocket_Master_58] Not Recognized!
[2018.01.04-15.24.19:998][306]LogBlueprintUserMessages: [Websocket_Master_58] Not Recognized!
[2018.01.04-15.24.19:998][306]LogBlueprintUserMessages: [Websocket_Master_58] Not Recognized!
[2018.01.04-15.24.19:998][306]LogBlueprintUserMessages: [Websocket_Master_58] Not Recognized!
[2018.01.04-15.24.19:998][306]LogBlueprintUserMessages: [Websocket_Master_58] Not Recognized!
[2018.01.04-15.24.19:998][306]LogBlueprintUserMessages: [Websocket_Master_58] Not Recognized!
[2018.01.04-15.24.19:998][306]LogBlueprintUserMessages: [Websocket_Master_58] Not Recognized!
[2018.01.04-15.24.19:998][306]LogBlueprintUserMessages: [Websocket_Master_58] Recognized!
[2018.01.04-15.24.22:015][431]LogBlueprintUserMessages: [Websocket_Master_58] RSSI: -51.482983

TagID: a4f627c7-66e7-40b6-af13-18d95bb7302e

SensorID: 70c81956-1c1a-40f4-aa2b-3a743a9deac3
[2018.01.04-15.24.22:015][431]LogBlueprintUserMessages: [Websocket_Master_58] Not Recognized!
[2018.01.04-15.24.22:015][431]LogBlueprintUserMessages: [Websocket_Master_58] Not Recognized!
[2018.01.04-15.24.22:015][431]LogBlueprintUserMessages: [Websocket_Master_58] Not Recognized!
[2018.01.04-15.24.22:015][431]LogBlueprintUserMessages: [Websocket_Master_58] Not Recognized!
[2018.01.04-15.24.22:015][431]LogBlueprintUserMessages: [Websocket_Master_58] Recognized!
[2018.01.04-15.24.22:015][431]LogBlueprintUserMessages: [Websocket_Master_58] Not Recognized!
[2018.01.04-15.24.22:015][431]LogBlueprintUserMessages: [Websocket_Master_58] Not Recognized!
[2018.01.04-15.24.22:015][431]LogBlueprintUserMessages: [Websocket_Master_58] Not Recognized!
[2018.01.04-15.24.22:015][431]LogBlueprintUserMessages: [Websocket_Master_58] Not Recognized!
[2018.01.04-15.24.22:015][431]LogBlueprintUserMessages: [Websocket_Master_58] Not Recognized!
[2018.01.04-15.24.24:015][555]LogBlueprintUserMessages: [Websocket_Master_58] RSSI: -63.40471

TagID: d343d373-0696-4542-8a05-52a261511d54

SensorID: b1f089d5-6e8e-4001-b860-b29937bc82d6
[2018.01.04-15.24.24:015][555]LogBlueprintUserMessages: [Websocket_Master_58] Not Recognized!
[2018.01.04-15.24.24:015][555]LogBlueprintUserMessages: [Websocket_Master_58] Not Recognized!
[2018.01.04-15.24.24:015][555]LogBlueprintUserMessages: [Websocket_Master_58] Not Recognized!
[2018.01.04-15.24.24:015][555]LogBlueprintUserMessages: [Websocket_Master_58] Not Recognized!
[2018.01.04-15.24.24:015][555]LogBlueprintUserMessages: [Websocket_Master_58] Not Recognized!
[2018.01.04-15.24.24:015][555]LogBlueprintUserMessages: [Websocket_Master_58] Not Recognized!
[2018.01.04-15.24.24:015][555]LogBlueprintUserMessages: [Websocket_Master_58] Not Recognized!
[2018.01.04-15.24.24:015][555]LogBlueprintUserMessages: [Websocket_Master_58] Not Recognized!
[2018.01.04-15.24.24:015][555]LogBlueprintUserMessages: [Websocket_Master_58] Recognized!
[2018.01.04-15.24.24:015][555]LogBlueprintUserMessages: [Websocket_Master_58] Not Recognized!
[2018.01.04-15.24.26:015][679]LogBlueprintUserMessages: [Websocket_Master_58] RSSI: -77.35029

TagID: 490d1d0f-0670-4675-a278-c3e0a54a389a

SensorID: a895776a-5510-48c3-88bc-56118557b179
[2018.01.04-15.24.26:015][679]LogBlueprintUserMessages: [Websocket_Master_58] Not Recognized!
[2018.01.04-15.24.26:015][679]LogBlueprintUserMessages: [Websocket_Master_58] Not Recognized!
[2018.01.04-15.24.26:015][679]LogBlueprintUserMessages: [Websocket_Master_58] Not Recognized!
[2018.01.04-15.24.26:015][679]LogBlueprintUserMessages: [Websocket_Master_58] Not Recognized!
[2018.01.04-15.24.26:015][679]LogBlueprintUserMessages: [Websocket_Master_58] Not Recognized!
[2018.01.04-15.24.26:015][679]LogBlueprintUserMessages: [Websocket_Master_58] Not Recognized!
[2018.01.04-15.24.26:015][679]LogBlueprintUserMessages: [Websocket_Master_58] Not Recognized!
[2018.01.04-15.24.26:015][679]LogBlueprintUserMessages: [Websocket_Master_58] Recognized!
[2018.01.04-15.24.26:015][679]LogBlueprintUserMessages: [Websocket_Master_58] Not Recognized!
[2018.01.04-15.24.26:015][679]LogBlueprintUserMessages: [Websocket_Master_58] Not Recognized!
[2018.01.04-15.24.28:047][805]LogBlueprintUserMessages: [Websocket_Master_58] RSSI: -68.08772

TagID: a4f627c7-66e7-40b6-af13-18d95bb7302e

SensorID: b1f089d5-6e8e-4001-b860-b29937bc82d6
[2018.01.04-15.24.28:048][805]LogBlueprintUserMessages: [Websocket_Master_58] Not Recognized!
[2018.01.04-15.24.28:048][805]LogBlueprintUserMessages: [Websocket_Master_58] Not Recognized!
[2018.01.04-15.24.28:048][805]LogBlueprintUserMessages: [Websocket_Master_58] Not Recognized!
[2018.01.04-15.24.28:048][805]LogBlueprintUserMessages: [Websocket_Master_58] Not Recognized!
[2018.01.04-15.24.28:048][805]LogBlueprintUserMessages: [Websocket_Master_58] Not Recognized!
[2018.01.04-15.24.28:048][805]LogBlueprintUserMessages: [Websocket_Master_58] Not Recognized!
[2018.01.04-15.24.28:048][805]LogBlueprintUserMessages: [Websocket_Master_58] Not Recognized!
[2018.01.04-15.24.28:048][805]LogBlueprintUserMessages: [Websocket_Master_58] Not Recognized!
[2018.01.04-15.24.28:048][805]LogBlueprintUserMessages: [Websocket_Master_58] Recognized!
[2018.01.04-15.24.28:048][805]LogBlueprintUserMessages: [Websocket_Master_58] Not Recognized!
[2018.01.04-15.24.30:048][929]LogBlueprintUserMessages: [Websocket_Master_58] RSSI: -69.33426

TagID: 490d1d0f-0670-4675-a278-c3e0a54a389a

SensorID: 6a46c0b8-f691-40a2-bf8c-041ec09dc7ac
[2018.01.04-15.24.30:048][929]LogBlueprintUserMessages: [Websocket_Master_58] Not Recognized!
[2018.01.04-15.24.30:048][929]LogBlueprintUserMessages: [Websocket_Master_58] Not Recognized!
[2018.01.04-15.24.30:048][929]LogBlueprintUserMessages: [Websocket_Master_58] Not Recognized!
[2018.01.04-15.24.30:048][929]LogBlueprintUserMessages: [Websocket_Master_58] Recognized!
[2018.01.04-15.24.30:048][929]LogBlueprintUserMessages: [Websocket_Master_58] Not Recognized!
[2018.01.04-15.24.30:048][929]LogBlueprintUserMessages: [Websocket_Master_58] Not Recognized!
[2018.01.04-15.24.30:048][929]LogBlueprintUserMessages: [Websocket_Master_58] Not Recognized!
[2018.01.04-15.24.30:048][929]LogBlueprintUserMessages: [Websocket_Master_58] Not Recognized!
[2018.01.04-15.24.30:048][929]LogBlueprintUserMessages: [Websocket_Master_58] Not Recognized!
[2018.01.04-15.24.30:048][929]LogBlueprintUserMessages: [Websocket_Master_58] Not Recognized!
[2018.01.04-15.24.32:063][ 54]LogBlueprintUserMessages: [Websocket_Master_58] RSSI: -44.426434

TagID: a4f627c7-66e7-40b6-af13-18d95bb7302e

SensorID: 70c81956-1c1a-40f4-aa2b-3a743a9deac3
[2018.01.04-15.24.32:064][ 54]LogBlueprintUserMessages: [Websocket_Master_58] Not Recognized!
[2018.01.04-15.24.32:064][ 54]LogBlueprintUserMessages: [Websocket_Master_58] Not Recognized!
[2018.01.04-15.24.32:064][ 54]LogBlueprintUserMessages: [Websocket_Master_58] Not Recognized!
[2018.01.04-15.24.32:064][ 54]LogBlueprintUserMessages: [Websocket_Master_58] Not Recognized!
[2018.01.04-15.24.32:064][ 54]LogBlueprintUserMessages: [Websocket_Master_58] Recognized!
[2018.01.04-15.24.32:064][ 54]LogBlueprintUserMessages: [Websocket_Master_58] Not Recognized!
[2018.01.04-15.24.32:064][ 54]LogBlueprintUserMessages: [Websocket_Master_58] Not Recognized!
[2018.01.04-15.24.32:064][ 54]LogBlueprintUserMessages: [Websocket_Master_58] Not Recognized!
[2018.01.04-15.24.32:064][ 54]LogBlueprintUserMessages: [Websocket_Master_58] Not Recognized!
[2018.01.04-15.24.32:064][ 54]LogBlueprintUserMessages: [Websocket_Master_58] Not Recognized!
[2018.01.04-15.24.34:080][179]LogBlueprintUserMessages: [Websocket_Master_58] RSSI: -71.13629

TagID: 490d1d0f-0670-4675-a278-c3e0a54a389a

SensorID: 9f7e559f-d9e4-4143-bea3-69bb144d9d76
[2018.01.04-15.24.34:080][179]LogBlueprintUserMessages: [Websocket_Master_58] Not Recognized!
[2018.01.04-15.24.34:080][179]LogBlueprintUserMessages: [Websocket_Master_58] Not Recognized!
[2018.01.04-15.24.34:080][179]LogBlueprintUserMessages: [Websocket_Master_58] Not Recognized!
[2018.01.04-15.24.34:080][179]LogBlueprintUserMessages: [Websocket_Master_58] Not Recognized!
[2018.01.04-15.24.34:080][179]LogBlueprintUserMessages: [Websocket_Master_58] Not Recognized!
[2018.01.04-15.24.34:080][179]LogBlueprintUserMessages: [Websocket_Master_58] Not Recognized!
[2018.01.04-15.24.34:080][179]LogBlueprintUserMessages: [Websocket_Master_58] Recognized!
[2018.01.04-15.24.34:080][179]LogBlueprintUserMessages: [Websocket_Master_58] Not Recognized!
[2018.01.04-15.24.34:080][179]LogBlueprintUserMessages: [Websocket_Master_58] Not Recognized!
[2018.01.04-15.24.34:080][179]LogBlueprintUserMessages: [Websocket_Master_58] Not Recognized!
[2018.01.04-15.24.34:904][230]LogSlate: Took 0.000117 seconds to synchronously load lazily loaded font '../../../Engine/Content/Slate/Fonts/Roboto-Regular.ttf' (155K)
[2018.01.04-15.24.36:081][303]LogBlueprintUserMessages: [Websocket_Master_58] RSSI: -54.798225

TagID: d63e739a-fca8-4ed6-b0b9-df8ccc003eee

SensorID: 70c81956-1c1a-40f4-aa2b-3a743a9deac3
[2018.01.04-15.24.36:081][303]LogBlueprintUserMessages: [Websocket_Master_58] Not Recognized!
[2018.01.04-15.24.36:081][303]LogBlueprintUserMessages: [Websocket_Master_58] Not Recognized!
[2018.01.04-15.24.36:081][303]LogBlueprintUserMessages: [Websocket_Master_58] Not Recognized!
[2018.01.04-15.24.36:081][303]LogBlueprintUserMessages: [Websocket_Master_58] Not Recognized!
[2018.01.04-15.24.36:081][303]LogBlueprintUserMessages: [Websocket_Master_58] Recognized!
[2018.01.04-15.24.36:081][303]LogBlueprintUserMessages: [Websocket_Master_58] Not Recognized!
[2018.01.04-15.24.36:081][303]LogBlueprintUserMessages: [Websocket_Master_58] Not Recognized!
[2018.01.04-15.24.36:081][303]LogBlueprintUserMessages: [Websocket_Master_58] Not Recognized!
[2018.01.04-15.24.36:081][303]LogBlueprintUserMessages: [Websocket_Master_58] Not Recognized!
[2018.01.04-15.24.36:081][303]LogBlueprintUserMessages: [Websocket_Master_58] Not Recognized!
[2018.01.04-15.24.36:741][344]Closing by request
[2018.01.04-15.24.36:741][344]LogWindows: FPlatformMisc::RequestExit(0)
[2018.01.04-15.24.37:051][345]LogWindowsTextInputMethodSystem:Display: IME system now deactivated.
[2018.01.04-15.24.37:056][345]LogWindowsTextInputMethodSystem:Display: IME system now deactivated.
[2018.01.04-15.24.37:056][345]LogExit: Preparing to exit.
[2018.01.04-15.24.37:056][345]LogMoviePlayer: Shutting down movie player
[2018.01.04-15.24.37:292][345]LogExit: Game engine shut down
[2018.01.04-15.24.37:333][345]LogObj: Freed 0b from 0 cluster array pools.
[2018.01.04-15.24.37:333][345]LogExit: Object subsystem successfully closed.
[2018.01.04-15.24.37:346][345]LogD3D11RHI: Shutdown
[2018.01.04-15.24.37:346][345]LogD3D11RHI: CleanupD3DDevice
[2018.01.04-15.24.37:390][345]LogD3D11RHI: ~FD3D11DynamicRHI
[2018.01.04-15.24.37:395][345]LogModuleManager: Shutting down and abandoning module SequenceRecorderSections (298)
[2018.01.04-15.24.37:395][345]LogModuleManager: Shutting down and abandoning module SequenceRecorder (296)
[2018.01.04-15.24.37:395][345]LogModuleManager: Shutting down and abandoning module AutomationController (294)
[2018.01.04-15.24.37:395][345]LogModuleManager: Shutting down and abandoning module AutomationWorker (292)
[2018.01.04-15.24.37:395][345]LogModuleManager: Shutting down and abandoning module AIModule (290)
[2018.01.04-15.24.37:395][345]LogModuleManager: Shutting down and abandoning module GameplayDebugger (289)
[2018.01.04-15.24.37:395][345]LogModuleManager: Shutting down and abandoning module AITestSuite (287)
[2018.01.04-15.24.37:395][345]LogModuleManager: Shutting down and abandoning module WmfMediaFactory (284)
[2018.01.04-15.24.37:395][345]LogModuleManager: Shutting down and abandoning module AvfMediaFactory (282)
[2018.01.04-15.24.37:395][345]LogModuleManager: Shutting down and abandoning module AndroidMediaFactory (280)
[2018.01.04-15.24.37:395][345]LogModuleManager: Shutting down and abandoning module Media (279)
[2018.01.04-15.24.37:395][345]LogModuleManager: Shutting down and abandoning module CharacterAI (276)
[2018.01.04-15.24.37:395][345]LogModuleManager: Shutting down and abandoning module SessionServices (274)
[2018.01.04-15.24.37:395][345]LogModuleManager: Shutting down and abandoning module MovieSceneCapture (272)
[2018.01.04-15.24.37:395][345]LogModuleManager: Shutting down and abandoning module MovieSceneTracks (270)
[2018.01.04-15.24.37:395][345]LogModuleManager: Shutting down and abandoning module MovieScene (268)
[2018.01.04-15.24.37:395][345]LogModuleManager: Shutting down and abandoning module GeometryCache (266)
[2018.01.04-15.24.37:395][345]LogModuleManager: Shutting down and abandoning module GeometryCacheEd (265)
[2018.01.04-15.24.37:395][345]LogModuleManager: Shutting down and abandoning module Niagara (262)
[2018.01.04-15.24.37:395][345]LogModuleManager: Shutting down and abandoning module NiagaraEditor (261)
[2018.01.04-15.24.37:395][345]LogModuleManager: Shutting down and abandoning module StreamingPauseRendering (258)
[2018.01.04-15.24.37:395][345]LogModuleManager: Shutting down and abandoning module PortalServices (256)
[2018.01.04-15.24.37:395][345]LogModuleManager: Shutting down and abandoning module PortalRpc (254)
[2018.01.04-15.24.37:395][345]LogModuleManager: Shutting down and abandoning module MessagingRpc (252)
[2018.01.04-15.24.37:395][345]LogModuleManager: Shutting down and abandoning module ProfilerService (250)
[2018.01.04-15.24.37:549][345]LogModuleManager: Shutting down and abandoning module TaskGraph (248)
[2018.01.04-15.24.37:549][345]LogModuleManager: Shutting down and abandoning module WebSocket (246)
[2018.01.04-15.24.37:549][345]LogModuleManager: Shutting down and abandoning module SteamVRController (244)
[2018.01.04-15.24.37:549][345]LogModuleManager: Shutting down and abandoning module SteamVR (242)
[2018.01.04-15.24.37:549][345]LogModuleManager: Shutting down and abandoning module ProceduralMeshComponent (240)
[2018.01.04-15.24.37:549][345]LogModuleManager: Shutting down and abandoning module OculusLibrary (238)
[2018.01.04-15.24.37:549][345]LogModuleManager: Shutting down and abandoning module OculusInput (236)
[2018.01.04-15.24.37:549][345]LogModuleManager: Shutting down and abandoning module MobilePatchingUtils (234)
[2018.01.04-15.24.37:549][345]LogModuleManager: Shutting down and abandoning module CustomMeshComponent (232)
[2018.01.04-15.24.37:549][345]LogModuleManager: Shutting down and abandoning module CableComponent (230)
[2018.01.04-15.24.37:549][345]LogModuleManager: Shutting down and abandoning module ArchVisCharacter (228)
[2018.01.04-15.24.37:549][345]LogModuleManager: Shutting down and abandoning module AndroidPermission (226)
[2018.01.04-15.24.37:549][345]LogModuleManager: Shutting down and abandoning module HTML5Networking (222)
[2018.01.04-15.24.37:549][345]LogModuleManager: Shutting down and abandoning module VisualStudioSourceCodeAccess (220)
[2018.01.04-15.24.37:549][345]LogModuleManager: Shutting down and abandoning module DesktopPlatform (219)
[2018.01.04-15.24.37:549][345]LogModuleManager: Shutting down and abandoning module HotReload (217)
[2018.01.04-15.24.37:549][345]LogDirectoryWatcher: A directory notification for 'C:/Users/Magnus/Documents/GitHub/SR_Prototype_V3/SR_Prototype_V3/Plugins/WebSocket/Binaries/Win64' was aborted.
[2018.01.04-15.24.37:549][345]LogModuleManager: Shutting down and abandoning module UObjectPlugin (214)
[2018.01.04-15.24.37:549][345]LogModuleManager: Shutting down and abandoning module SubversionSourceControl (212)
[2018.01.04-15.24.37:549][345]LogModuleManager: Shutting down and abandoning module PerforceSourceControl (210)
[2018.01.04-15.24.37:549][345]LogModuleManager: Shutting down and abandoning module SourceControl (209)
[2018.01.04-15.24.37:549][345]LogModuleManager: Shutting down and abandoning module PhysXVehiclesEditor (206)
[2018.01.04-15.24.37:549][345]LogModuleManager: Shutting down and abandoning module PhysXVehicles (204)
[2018.01.04-15.24.37:549][345]LogModuleManager: Shutting down and abandoning module LocationServicesBPLibrary (202)
[2018.01.04-15.24.37:549][345]LogModuleManager: Shutting down and abandoning module ImmediatePhysicsEditor (200)
[2018.01.04-15.24.37:549][345]LogModuleManager: Shutting down and abandoning module ImmediatePhysics (198)
[2018.01.04-15.24.37:549][345]LogModuleManager: Shutting down and abandoning module UdpMessaging (196)
[2018.01.04-15.24.37:650][345]LogModuleManager: Shutting down and abandoning module TcpMessaging (194)
[2018.01.04-15.24.38:142][345]LogModuleManager: Shutting down and abandoning module GameplayTagsEditor (192)
[2018.01.04-15.24.38:142][345]LogModuleManager: Shutting down and abandoning module FacialAnimation (190)
[2018.01.04-15.24.38:142][345]LogModuleManager: Shutting down and abandoning module AssetManagerEditor (188)
[2018.01.04-15.24.38:142][345]LogModuleManager: Shutting down and abandoning module GraphEditor (187)
[2018.01.04-15.24.38:142][345]LogModuleManager: Shutting down and abandoning module ContentBrowser (185)
[2018.01.04-15.24.38:142][345]LogModuleManager: Shutting down and abandoning module CollectionManager (184)
[2018.01.04-15.24.38:142][345]LogDirectoryWatcher: A directory notification for 'C:/Users/Magnus/Documents/GitHub/SR_Prototype_V3/SR_Prototype_V3/Content/Collections/' was aborted.
[2018.01.04-15.24.38:142][345]LogDirectoryWatcher: A directory notification for 'C:/Users/Magnus/Documents/GitHub/SR_Prototype_V3/SR_Prototype_V3/Content/Developers/Magnus/Collections/' was aborted.
[2018.01.04-15.24.38:142][345]LogDirectoryWatcher: A directory notification for 'C:/Users/Magnus/Documents/GitHub/SR_Prototype_V3/SR_Prototype_V3/Saved/Collections/' was aborted.
[2018.01.04-15.24.38:142][345]LogModuleManager: Shutting down and abandoning module DirectoryWatcher (183)
[2018.01.04-15.24.38:143][345]LogModuleManager: Shutting down and abandoning module LightPropagationVolumeRuntime (178)
[2018.01.04-15.24.38:143][345]LogModuleManager: Shutting down and abandoning module Paper2D (176)
[2018.01.04-15.24.38:143][345]LogModuleManager: Shutting down and abandoning module WindowsMoviePlayer (174)
[2018.01.04-15.24.38:143][345]LogModuleManager: Shutting down and abandoning module WmfMedia (172)
[2018.01.04-15.24.38:144][345]LogModuleManager: Shutting down and abandoning module ClothingSystemEditor (170)
[2018.01.04-15.24.38:144][345]LogModuleManager: Shutting down and abandoning module ClothingSystemRuntime (168)
[2018.01.04-15.24.38:144][345]LogModuleManager: Shutting down and abandoning module MediaAssets (166)
[2018.01.04-15.24.38:144][345]LogModuleManager: Shutting down and abandoning module GameLiveStreaming (164)
[2018.01.04-15.24.38:144][345]LogModuleManager: Shutting down and abandoning module VREditor (162)
[2018.01.04-15.24.38:144][345]LogModuleManager: Shutting down and abandoning module StringTableEditor (160)
[2018.01.04-15.24.38:144][345]LogModuleManager: Shutting down and abandoning module GameplayTasksEditor (158)
[2018.01.04-15.24.38:144][345]LogModuleManager: Shutting down and abandoning module BehaviorTreeEditor (156)
[2018.01.04-15.24.38:144][345]LogModuleManager: Shutting down and abandoning module FunctionalTesting (154)
[2018.01.04-15.24.38:144][345]LogModuleManager: Shutting down and abandoning module CollisionAnalyzer (152)
[2018.01.04-15.24.38:144][345]LogModuleManager: Shutting down and abandoning module UMG (150)
[2018.01.04-15.24.38:144][345]LogModuleManager: Shutting down and abandoning module UMGEditor (149)
[2018.01.04-15.24.38:144][345]LogModuleManager: Shutting down and abandoning module Sequencer (148)
[2018.01.04-15.24.38:144][345]LogModuleManager: Shutting down and abandoning module AssetTools (146)
[2018.01.04-15.24.38:144][345]LogModuleManager: Shutting down and abandoning module MessageLog (145)
[2018.01.04-15.24.38:144][345]LogModuleManager: Shutting down and abandoning module WorkspaceMenuStructure (144)
[2018.01.04-15.24.38:144][345]LogModuleManager: Shutting down and abandoning module SlateReflector (138)
[2018.01.04-15.24.38:144][345]LogModuleManager: Shutting down and abandoning module Slate (136)
[2018.01.04-15.24.38:144][345]LogModuleManager: Shutting down and abandoning module EditorStyle (134)
[2018.01.04-15.24.38:145][345]LogModuleManager: Shutting down and abandoning module Messaging (132)
[2018.01.04-15.24.38:145][345]LogModuleManager: Shutting down and abandoning module SourceCodeAccess (130)
[2018.01.04-15.24.38:145][345]LogModuleManager: Shutting down and abandoning module HeadMountedDisplay (128)
[2018.01.04-15.24.38:145][345]LogModuleManager: Shutting down and abandoning module XAudio2 (126)
[2018.01.04-15.24.38:145][345]LogModuleManager: Shutting down and abandoning module Networking (124)
[2018.01.04-15.24.38:145][345]LogModuleManager: Shutting down and abandoning module Core (120)
[2018.01.04-15.24.38:145][345]LogModuleManager: Shutting down and abandoning module KismetCompiler (118)
[2018.01.04-15.24.38:145][345]LogModuleManager: Shutting down and abandoning module LevelSequence (116)
[2018.01.04-15.24.38:145][345]LogModuleManager: Shutting down and abandoning module PhysXFormats (114)
[2018.01.04-15.24.38:145][345]LogModuleManager: Shutting down and abandoning module MeshUtilities (112)
[2018.01.04-15.24.38:145][345]LogModuleManager: Shutting down and abandoning module SimplygonSwarm (111)
[2018.01.04-15.24.38:145][345]LogModuleManager: Shutting down and abandoning module SimplygonMeshReduction (109)
[2018.01.04-15.24.38:145][345]LogModuleManager: Shutting down and abandoning module QuadricMeshReduction (107)
[2018.01.04-15.24.38:145][345]LogModuleManager: Shutting down and abandoning module AssetRegistry (104)
[2018.01.04-15.24.38:145][345]LogModuleManager: Shutting down and abandoning module DerivedDataCache (102)
[2018.01.04-15.24.38:532][345]LogDerivedDataCache: Shutdown
[2018.01.04-15.24.38:532][345]LogModuleManager: Shutting down and abandoning module TargetPlatform (100)
[2018.01.04-15.24.38:532][345]LogModuleManager: Shutting down and abandoning module VulkanShaderFormat (99)
[2018.01.04-15.24.38:532][345]LogModuleManager: Shutting down and abandoning module ShaderFormatVectorVM (97)
[2018.01.04-15.24.38:532][345]LogModuleManager: Shutting down and abandoning module ShaderFormatOpenGL (95)
[2018.01.04-15.24.38:532][345]LogModuleManager: Shutting down and abandoning module ShaderFormatD3D (93)
[2018.01.04-15.24.38:532][345]LogModuleManager: Shutting down and abandoning module MetalShaderFormat (91)
[2018.01.04-15.24.38:532][345]LogModuleManager: Shutting down and abandoning module TextureFormatUncompressed (89)
[2018.01.04-15.24.38:532][345]LogModuleManager: Shutting down and abandoning module TextureFormatPVR (87)
[2018.01.04-15.24.38:532][345]LogModuleManager: Shutting down and abandoning module TextureFormatDXT (85)
[2018.01.04-15.24.38:532][345]LogModuleManager: Shutting down and abandoning module TextureFormatIntelISPCTexComp (83)
[2018.01.04-15.24.38:532][345]LogModuleManager: Shutting down and abandoning module TextureFormatASTC (81)
[2018.01.04-15.24.38:532][345]LogModuleManager: Shutting down and abandoning module ImageWrapper (80)
[2018.01.04-15.24.38:532][345]LogModuleManager: Shutting down and abandoning module TextureFormatAndroid (77)
[2018.01.04-15.24.38:532][345]LogModuleManager: Shutting down and abandoning module AudioFormatOpus (75)
[2018.01.04-15.24.38:532][345]LogModuleManager: Shutting down and abandoning module AudioFormatOgg (73)
[2018.01.04-15.24.38:532][345]LogModuleManager: Shutting down and abandoning module AudioFormatADPCM (71)
[2018.01.04-15.24.38:532][345]LogModuleManager: Shutting down and abandoning module WindowsTargetPlatform (69)
[2018.01.04-15.24.38:532][345]LogModuleManager: Shutting down and abandoning module WindowsServerTargetPlatform (67)
[2018.01.04-15.24.38:532][345]LogModuleManager: Shutting down and abandoning module WindowsNoEditorTargetPlatform (65)
[2018.01.04-15.24.38:532][345]LogModuleManager: Shutting down and abandoning module WindowsClientTargetPlatform (63)
[2018.01.04-15.24.38:532][345]LogModuleManager: Shutting down and abandoning module InputCore (60)
[2018.01.04-15.24.38:532][345]LogModuleManager: Shutting down and abandoning module Settings (58)
[2018.01.04-15.24.38:532][345]LogModuleManager: Shutting down and abandoning module OculusRift (56)
[2018.01.04-15.24.38:532][345]LogModuleManager: Shutting down and abandoning module GearVRController (54)
[2018.01.04-15.24.38:532][345]LogModuleManager: Shutting down and abandoning module GearVR (52)
[2018.01.04-15.24.38:532][345]LogModuleManager: Shutting down and abandoning module ExampleDeviceProfileSelector (50)
[2018.01.04-15.24.38:532][345]LogModuleManager: Shutting down and abandoning module OnlineBlueprintSupport (48)
[2018.01.04-15.24.38:532][345]LogModuleManager: Shutting down and abandoning module OnlineSubsystem (44)
[2018.01.04-15.24.38:532][345]LogOnline:Display: Unloading online subsystem: NULL
[2018.01.04-15.24.38:532][345]LogModuleManager: Shutting down and abandoning module XMPP (43)
[2018.01.04-15.24.38:532][345]LogModuleManager: Shutting down and abandoning module HTTP (41)
[2018.01.04-15.24.38:561][345]LogModuleManager: Shutting down and abandoning module SSL (40)
[2018.01.04-15.24.38:562][345]LogModuleManager: Shutting down and abandoning module HTTPChunkInstaller (36)
[2018.01.04-15.24.38:562][345]LogModuleManager: Shutting down and abandoning module AnimationModifiers (34)
[2018.01.04-15.24.38:562][345]LogModuleManager: Shutting down and abandoning module PropertyEditor (33)
[2018.01.04-15.24.38:562][345]LogModuleManager: Shutting down and abandoning module AudioEditor (30)
[2018.01.04-15.24.38:562][345]LogModuleManager: Shutting down and abandoning module TextureCompressor (28)
[2018.01.04-15.24.38:562][345]LogModuleManager: Shutting down and abandoning module ShaderCore (26)
[2018.01.04-15.24.38:562][345]LogModuleManager: Shutting down and abandoning module Landscape (24)
[2018.01.04-15.24.38:562][345]LogModuleManager: Shutting down and abandoning module SlateRHIRenderer (22)
[2018.01.04-15.24.38:562][345]LogModuleManager: Shutting down and abandoning module OpenGLDrv (20)
[2018.01.04-15.24.38:562][345]LogModuleManager: Shutting down and abandoning module D3D11RHI (18)
[2018.01.04-15.24.38:562][345]LogModuleManager: Shutting down and abandoning module AnimGraphRuntime (16)
[2018.01.04-15.24.38:562][345]LogModuleManager: Shutting down and abandoning module Renderer (14)
[2018.01.04-15.24.38:562][345]LogModuleManager: Shutting down and abandoning module Engine (12)
[2018.01.04-15.24.38:562][345]LogModuleManager: Shutting down and abandoning module CoreUObject (10)
[2018.01.04-15.24.38:562][345]LogModuleManager: Shutting down and abandoning module NetworkFile (8)
[2018.01.04-15.24.38:562][345]LogModuleManager: Shutting down and abandoning module StreamingFile (6)
[2018.01.04-15.24.38:562][345]LogModuleManager: Shutting down and abandoning module SandboxFile (4)
[2018.01.04-15.24.38:562][345]LogModuleManager: Shutting down and abandoning module PakFile (2)
[2018.01.04-15.24.38:564][345]LogExit: Exiting.
[2018.01.04-15.24.38:565][345]Log file closed, 01/04/18 16:24:38
