Log file open, 12/11/17 13:57:13
LogInit:Display: Running engine for game: SR_Prototype_V3
LogPlatformFile: Not using cached read wrapper
LogInit:Display: RandInit(462922178) SRandInit(462922178).
LogTaskGraph: Started task graph with 5 named threads and 8 total threads with 1 sets of task threads.
LogStats: Stats thread started at 0.101688
LogInit: Using libcurl 7.47.1
LogInit:  - built for x86_64-pc-win32
LogInit:  - supports SSL with OpenSSL/1.0.2g
LogInit:  - supports HTTP deflate (compression) using libz 1.2.8
LogInit:  - other features:
LogInit:      CURL_VERSION_SSL
LogInit:      CURL_VERSION_LIBZ
LogInit:      CURL_VERSION_IPV6
LogInit:      CURL_VERSION_ASYNCHDNS
LogInit:      CURL_VERSION_LARGEFILE
LogInit:      CURL_VERSION_IDN
LogInit:  CurlRequestOptions (configurable via config and command line):
LogInit:  - bVerifyPeer = false  - Libcurl will NOT verify peer certificate
LogInit:  - bUseHttpProxy = false  - Libcurl will NOT use HTTP proxy
LogInit:  - bDontReuseConnections = false  - Libcurl will reuse connections
LogInit:  - CertBundlePath = nullptr  - Libcurl will use whatever was configured at build time.
LogInit: Build: ++UE4+Release-4.16-CL-3561208
LogInit: Engine Version: 4.16.3-3561208+++UE4+Release-4.16
LogInit: Compatible Engine Version: 4.16.0-3452394+++UE4+Release-4.16
LogInit: Net CL: 3452394
LogDevObjectVersion: Number of dev versions registered: 16
LogDevObjectVersion:   Dev-Blueprints (B0D832E4-1F89-4F0D-ACCF-7EB736FD4AA2): 9
LogDevObjectVersion:   Dev-Build (E1C64328-A22C-4D53-A36C-8E866417BD8C): 0
LogDevObjectVersion:   Dev-Core (375EC13C-06E4-48FB-B500-84F0262A717E): 2
LogDevObjectVersion:   Dev-Editor (E4B068ED-F494-42E9-A231-DA0B2E46BB41): 17
LogDevObjectVersion:   Dev-Framework (CFFC743F-43B0-4480-9391-14DF171D2073): 23
LogDevObjectVersion:   Dev-Mobile (B02B49B5-BB20-44E9-A304-32B752E40360): 0
LogDevObjectVersion:   Dev-Networking (A4E4105C-59A1-49B5-A7C5-40C4547EDFEE): 0
LogDevObjectVersion:   Dev-Online (39C831C9-5AE6-47DC-9A44-9C173E1C8E7C): 0
LogDevObjectVersion:   Dev-Physics (78F01B33-EBEA-4F98-B9B4-84EACCB95AA2): 0
LogDevObjectVersion:   Dev-Platform (6631380F-2D4D-43E0-8009-CF276956A95A): 0
LogDevObjectVersion:   Dev-Rendering (12F88B9F-8875-4AFC-A67C-D90C383ABD29): 15
LogDevObjectVersion:   Dev-Sequencer (7B5AE74C-D270-4C10-A958-57980B212A5A): 4
LogDevObjectVersion:   Dev-VR (D7296918-1DD6-4BDD-9DE2-64A83CC13884): 0
LogDevObjectVersion:   Dev-LoadTimes (C2A15278-BFE7-4AFE-6C17-90FF531DF755): 1
LogDevObjectVersion:   Private-Geometry (6EACA3D4-40EC-4CC1-B786-8BED09428FC5): 1
LogDevObjectVersion:   Dev-AnimPhys (29E575DD-E0A3-4627-9D10-D276232CDCEA): 3
LogInit: Compiled (64-bit): Jul 28 2017 11:49:47
LogInit: Compiled with Visual C++: 19.00.24215.01
LogInit: Build Configuration: Development
LogInit: Branch Name: ++UE4+Release-4.16
LogInit: Command line:  
LogInit: Base directory: C:/Program Files/Epic Games/UE_4.16/Engine/Binaries/Win64/
LogInit: Installed Engine Build: 1
LogInit: Presizing for max 8388607 objects, including 0 objects not considered by GC, pre-allocating 0 bytes for permanent pool.
LogInit: Object subsystem initialized
[2017.12.11-12.57.14:276][  0]LogInit: Selected Device Profile: [Windows]
[2017.12.11-12.57.14:276][  0]LogInit: Applying CVar settings loaded from the selected device profile: [Windows]
[2017.12.11-12.57.14:300][  0]LogInit: Computer: WINDOWS-EUOFFC3
[2017.12.11-12.57.14:300][  0]LogInit: User: Bendick
[2017.12.11-12.57.14:300][  0]LogInit: CPU Page size=4096, Cores=4
[2017.12.11-12.57.14:300][  0]LogInit: High frequency timer resolution =3.914064 MHz
[2017.12.11-12.57.14:301][  0]LogMemory: Memory total: Physical=15.9GB (16GB approx)
[2017.12.11-12.57.14:301][  0]LogMemory: Platform Memory Stats for Windows
[2017.12.11-12.57.14:301][  0]LogMemory: Process Physical Memory: 274.79 MB used, 274.79 MB peak
[2017.12.11-12.57.14:301][  0]LogMemory: Process Virtual Memory: 267.00 MB used, 267.00 MB peak
[2017.12.11-12.57.14:301][  0]LogMemory: Physical Memory: 4540.65 MB used,  11782.33 MB free, 16322.98 MB total
[2017.12.11-12.57.14:301][  0]LogMemory: Virtual Memory: 678.06 MB used,  11782.33 MB free, 134217728.00 MB total
[2017.12.11-12.57.14:549][  0]LogInit: Using OS detected language (en-US).
[2017.12.11-12.57.14:549][  0]LogInit: Using OS detected locale (en-GB).
[2017.12.11-12.57.14:588][  0]LogTextLocalizationManager: No specific localization for 'en-US' exists, so the 'en' localization will be used.
[2017.12.11-12.57.16:565][  0]LogD3D11RHI: D3D11 adapters:
[2017.12.11-12.57.16:598][  0]LogD3D11RHI:    0. 'NVIDIA GeForce GTX 1070' (Feature Level 11_0)
[2017.12.11-12.57.16:598][  0]LogD3D11RHI:       8096/0/8161 MB DedicatedVideo/DedicatedSystem/SharedSystem, Outputs:2, VendorId:0x10de
[2017.12.11-12.57.16:600][  0]LogD3D11RHI:    1. 'Microsoft Basic Render Driver' (Feature Level 11_0)
[2017.12.11-12.57.16:600][  0]LogD3D11RHI:       0/0/8161 MB DedicatedVideo/DedicatedSystem/SharedSystem, Outputs:0, VendorId:0x1414
[2017.12.11-12.57.16:600][  0]LogD3D11RHI: Chosen D3D11 Adapter: 0
[2017.12.11-12.57.16:605][  0]LogD3D11RHI: Creating new Direct3DDevice
[2017.12.11-12.57.16:606][  0]LogD3D11RHI:     GPU DeviceId: 0x1b81 (for the marketing name, search the web for "GPU Device Id")
[2017.12.11-12.57.16:606][  0]LogWindows: EnumDisplayDevices:
[2017.12.11-12.57.16:606][  0]LogWindows:    0. 'NVIDIA GeForce GTX 1070' (P:1 D:1)
[2017.12.11-12.57.16:606][  0]LogWindows:    1. 'NVIDIA GeForce GTX 1070' (P:0 D:1)
[2017.12.11-12.57.16:606][  0]LogWindows:    2. 'NVIDIA GeForce GTX 1070' (P:0 D:0)
[2017.12.11-12.57.16:606][  0]LogWindows:    3. 'NVIDIA GeForce GTX 1070' (P:0 D:0)
[2017.12.11-12.57.16:606][  0]LogWindows: DebugString: GetVideoDriverDetailsInvalid PrimaryIsNotTheChoosenAdapter GetVideoDriverDetailsInvalid PrimaryIsNotTheChoosenAdapter GetVideoDriverDetailsInvalid PrimaryIsNotTheChoosenAdapter GetVideoDriverDetailsInvalid PrimaryIsNotTheChoosenAdapter FoundDriverCount:0 
[2017.12.11-12.57.16:606][  0]LogD3D11RHI:     Adapter Name: NVIDIA GeForce GTX 1070
[2017.12.11-12.57.16:606][  0]LogD3D11RHI:   Driver Version: Unknown (internal:Unknown, unified:Unknown)
[2017.12.11-12.57.16:606][  0]LogD3D11RHI:      Driver Date: Unknown
[2017.12.11-12.57.16:606][  0]LogRHI: Texture pool is 1361 MB (70% of 1945 MB)
[2017.12.11-12.57.16:628][  0]LogD3D11RHI: Async texture creation enabled
[2017.12.11-12.57.16:702][  0]LogD3D11RHI: GPU Timing Frequency: 1000.000000 (Debug: 2 1)
[2017.12.11-12.57.16:800][  0]LogShaderCompilers: Guid format shader working directory is -33 characters bigger than the processId version (../../../../../../Users/Bendick/Documents/GitHub/SR_Prototype_V3/SR_Prototype_V3/Intermediate/Shaders/WorkingDirectory/12896/).
[2017.12.11-12.57.16:800][  0]LogShaderCompilers: Cleaned the shader compiler working directory 'C:/Users/Bendick/AppData/Local/Temp/UnrealShaderWorkingDir/AABCF139408DF70A6FB8C2ACA402DA14/'.
[2017.12.11-12.57.16:801][  0]LogShaderCompilers:Display: Using Local Shader Compiler.
[2017.12.11-12.57.18:391][  0]LogTemp:Display: Loaded TP AllDesktopTargetPlatform
[2017.12.11-12.57.18:428][  0]LogTemp:Display: Loaded TP MacClientTargetPlatform
[2017.12.11-12.57.18:466][  0]LogTemp:Display: Loaded TP MacNoEditorTargetPlatform
[2017.12.11-12.57.18:500][  0]LogTemp:Display: Loaded TP MacServerTargetPlatform
[2017.12.11-12.57.18:539][  0]LogTemp:Display: Loaded TP MacTargetPlatform
[2017.12.11-12.57.18:574][  0]LogTemp:Display: Loaded TP WindowsClientTargetPlatform
[2017.12.11-12.57.18:609][  0]LogTemp:Display: Loaded TP WindowsNoEditorTargetPlatform
[2017.12.11-12.57.18:643][  0]LogTemp:Display: Loaded TP WindowsServerTargetPlatform
[2017.12.11-12.57.18:674][  0]LogTemp:Display: Loaded TP WindowsTargetPlatform
[2017.12.11-12.57.18:715][  0]LogTemp:Display: Loaded TP AndroidTargetPlatform
[2017.12.11-12.57.18:753][  0]LogTemp:Display: Loaded TP Android_ASTCTargetPlatform
[2017.12.11-12.57.18:791][  0]LogTemp:Display: Loaded TP Android_ATCTargetPlatform
[2017.12.11-12.57.18:825][  0]LogTemp:Display: Loaded TP Android_DXTTargetPlatform
[2017.12.11-12.57.18:859][  0]LogTemp:Display: Loaded TP Android_ETC1TargetPlatform
[2017.12.11-12.57.18:893][  0]LogTemp:Display: Loaded TP Android_ETC2TargetPlatform
[2017.12.11-12.57.18:962][  0]LogTemp:Display: Loaded TP Android_MultiTargetPlatform
[2017.12.11-12.57.18:962][  0]LogTemp:Display: Loaded TP Android_PVRTCTargetPlatform
[2017.12.11-12.57.18:989][  0]LogTemp:Display: Loaded TP HTML5TargetPlatform
[2017.12.11-12.57.19:069][  0]LogTemp:Display: Loaded TP IOSTargetPlatform
[2017.12.11-12.57.19:089][  0]LogTemp:Display: Loaded TP TVOSTargetPlatform
[2017.12.11-12.57.19:123][  0]LogTemp:Display: Loaded TP LinuxClientTargetPlatform
[2017.12.11-12.57.19:157][  0]LogTemp:Display: Loaded TP LinuxNoEditorTargetPlatform
[2017.12.11-12.57.19:193][  0]LogTemp:Display: Loaded TP LinuxServerTargetPlatform
[2017.12.11-12.57.19:230][  0]LogTemp:Display: Loaded TP LinuxTargetPlatform
[2017.12.11-12.57.19:231][  0]LogTargetPlatformManager:Display: Building Assets For Windows
[2017.12.11-12.57.19:659][  0]LogDerivedDataCache:Display: Max Cache Size: 512 MB
[2017.12.11-12.57.19:993][  0]LogDerivedDataCache: Loaded boot cache 0.33s 111MB C:/Users/Bendick/AppData/Local/UnrealEngine/4.16/DerivedDataCache/Boot.ddc.
[2017.12.11-12.57.19:993][  0]LogDerivedDataCache:Display: Loaded Boot cache: C:/Users/Bendick/AppData/Local/UnrealEngine/4.16/DerivedDataCache/Boot.ddc
[2017.12.11-12.57.19:993][  0]LogDerivedDataCache: FDerivedDataBackendGraph:  Pak pak cache file ../../../../../../Users/Bendick/Documents/GitHub/SR_Prototype_V3/SR_Prototype_V3/DerivedDataCache/DDC.ddp not found, will not use a pak cache.
[2017.12.11-12.57.19:993][  0]LogDerivedDataCache: Unable to find inner node Pak for hierarchical cache Hierarchy.
[2017.12.11-12.57.19:993][  0]LogDerivedDataCache: FDerivedDataBackendGraph:  CompressedPak pak cache file ../../../../../../Users/Bendick/Documents/GitHub/SR_Prototype_V3/SR_Prototype_V3/DerivedDataCache/Compressed.ddp not found, will not use a pak cache.
[2017.12.11-12.57.19:993][  0]LogDerivedDataCache: Unable to find inner node CompressedPak for hierarchical cache Hierarchy.
[2017.12.11-12.57.20:014][  0]LogDerivedDataCache:Display: Pak cache opened for reading ../../../Engine/DerivedDataCache/Compressed.ddp.
[2017.12.11-12.57.20:027][  0]LogDerivedDataCache: Using Local data cache path C:/Users/Bendick/AppData/Local/UnrealEngine/Common/DerivedDataCache: Writable
[2017.12.11-12.57.20:038][  0]LogMaterial: Verifying Global Shaders for PCD3D_SM5
[2017.12.11-12.57.20:045][  0]LogSlate: Using Freetype 2.6.0
[2017.12.11-12.57.20:058][  0]LogSlate: SlateFontCache - WITH_FREETYPE: 1, WITH_HARFBUZZ: 1
[2017.12.11-12.57.20:058][  0]LogSlate: SlateFontCache - WITH_FREETYPE: 1, WITH_HARFBUZZ: 1
[2017.12.11-12.57.20:932][  0]LogInit: Selected Device Profile: [Windows]
[2017.12.11-12.57.21:280][  0]LogMeshUtilities: Using QuadricMeshReduction for automatic static mesh reduction
[2017.12.11-12.57.21:322][  0]LogSimplygon: Simplygon DLL not present - disabling.
[2017.12.11-12.57.21:358][  0]LogMeshUtilities: Using SimplygonSwarm for distributed automatic mesh merging
[2017.12.11-12.57.21:358][  0]LogMeshUtilities: No automatic skeletal mesh reduction module available
[2017.12.11-12.57.21:358][  0]LogMeshUtilities: No automatic mesh merging module available
[2017.12.11-12.57.22:534][  0]LogNetVersion: SR_Prototype_V3 , NetCL: 3452394, EngineNetVer: 2, GameNetVer: 0 (Checksum: 2708348065)
[2017.12.11-12.57.22:623][  0]LogAssetRegistry: FAssetRegistry took 0.0276 seconds to start up
[2017.12.11-12.57.22:688][  0]LogPackageLocalizationCache: Processed 5 localized package path(s) for 2 prioritized culture(s) in 0.047228 seconds
[2017.12.11-12.57.22:693][  0]LogUObjectArray: 34194 objects as part of root set at end of initial load.
[2017.12.11-12.57.22:693][  0]LogUObjectAllocator: 7260416 out of 0 bytes used by permanent object pool.
[2017.12.11-12.57.22:693][  0]LogUObjectArray: CloseDisregardForGC: 0/0 objects in disregard for GC pool
[2017.12.11-12.57.22:742][  0]LogInit: WinSock: version 1.1 (2.2), MaxSocks=32767, MaxUdp=65467
[2017.12.11-12.57.26:368][  0]LogTcpMessaging: Initializing TcpMessaging bridge
[2017.12.11-12.57.26:402][  0]LogUdpMessaging: Initializing bridge on interface 0.0.0.0:0 to multicast group 230.0.0.1:6666.
[2017.12.11-12.57.26:955][  0]LogMaterial: Uniform references updated for custom material expression Custom.
[2017.12.11-12.57.27:334][  0]SourceControl: Info Source control is disabled
[2017.12.11-12.57.27:395][  0]SourceControl: Info Source control is disabled
[2017.12.11-12.57.27:440][  0]SourceControl: Info Source control is disabled
[2017.12.11-12.57.27:475][  0]SourceControl: Info Source control is disabled
[2017.12.11-12.57.28:025][  0]LogAndroidPermission: UAndroidPermissionCallbackProxy::GetInstance
[2017.12.11-12.57.28:527][  0]LogEngine: Initializing Engine...
[2017.12.11-12.57.28:528][  0]LogHMD: Failed to initialize OpenVR with code 110
[2017.12.11-12.57.28:776][  0]LogStats: UGameplayTagsManager::ConstructGameplayTagTree: Construct from data asset -  0.000 s
[2017.12.11-12.57.28:777][  0]LogStats: UGameplayTagsManager::ConstructGameplayTagTree: GameplayTagTreeChangedEvent.Broadcast -  0.000 s
[2017.12.11-12.57.28:897][  0]LogAIModule: Creating AISystem for world Untitled
[2017.12.11-12.57.28:917][  0]LogInit: XAudio2 using 'Speakers (Logitech G933 Gaming Headset)' : 6 channels at 48 kHz using 16 bits per sample (channel mask 0x3f)
[2017.12.11-12.57.28:931][  0]LogInit: FAudioDevice initialized.
[2017.12.11-12.57.28:965][  0]LogDerivedDataCache: Saved boot cache 0.03s 111MB C:/Users/Bendick/AppData/Local/UnrealEngine/4.16/DerivedDataCache/Boot.ddc.
[2017.12.11-12.57.28:972][  0]LogInit: Texture streaming: Disabled
[2017.12.11-12.57.29:042][  0]LogEngineSessionManager: EngineSessionManager initialized
[2017.12.11-12.57.29:234][  0]LogInit: Transaction tracking system initialized
[2017.12.11-12.57.29:477][  0]BlueprintLog: New page: Editor Load
[2017.12.11-12.57.30:242][  0]LocalizationService: Info Localization service is disabled
[2017.12.11-12.57.30:765][  0]LogConsoleResponse:Display: 
[2017.12.11-12.57.31:084][  0]LogFileCache: Scanning file cache for directory 'C:/Users/Bendick/Documents/GitHub/SR_Prototype_V3/SR_Prototype_V3/Content/' took 0.01s
[2017.12.11-12.57.31:084][  0]LogCook:Display: Max memory allowance for cook 16384mb min free memory 0mb
[2017.12.11-12.57.31:084][  0]LogCook:Display: Mobile HDR setting 1
[2017.12.11-12.57.31:905][  0]SourceControl: Info Source control is disabled
[2017.12.11-12.57.31:907][  0]Cmd: MAP LOAD FILE="../../../../../../Users/Bendick/Documents/GitHub/SR_Prototype_V3/SR_Prototype_V3/Content/ScanReach.umap" TEMPLATE=0 SHOWPROGRESS=1 FEATURELEVEL=3
[2017.12.11-12.57.31:909][  0]LightingResults: New page: Lighting Build
[2017.12.11-12.57.31:942][  0]MapCheck: New page: Map Check
[2017.12.11-12.57.31:942][  0]LightingResults: New page: Lighting Build
[2017.12.11-12.57.33:244][  0]LogAIModule: Creating AISystem for world ScanReach
[2017.12.11-12.57.33:285][  0]LogEditorServer: Finished looking for orphan Actors (0.000 secs)
[2017.12.11-12.57.33:304][  0]Cmd: MAP CHECKDEP NOCLEARLOG
[2017.12.11-12.57.33:340][  0]MapCheck: Info Map check complete: 0 Error(s), 0 Warning(s), took 35.856ms to complete.
[2017.12.11-12.57.33:340][  0]LogFileHelpers: Loading map 'ScanReach' took 1.433
[2017.12.11-12.57.33:542][  0]LogCollectionManager: Loaded 0 collections in 0.000979 seconds
[2017.12.11-12.57.33:629][  0]LogFileCache: Scanning file cache for directory 'C:/Users/Bendick/Documents/GitHub/SR_Prototype_V3/SR_Prototype_V3/Saved/Collections/' took 0.01s
[2017.12.11-12.57.33:629][  0]LogFileCache: Scanning file cache for directory 'C:/Users/Bendick/Documents/GitHub/SR_Prototype_V3/SR_Prototype_V3/Content/Developers/Bendick/Collections/' took 0.01s
[2017.12.11-12.57.33:629][  0]LogFileCache: Scanning file cache for directory 'C:/Users/Bendick/Documents/GitHub/SR_Prototype_V3/SR_Prototype_V3/Content/Collections/' took 0.01s
[2017.12.11-12.57.33:629][  0]LogCollectionManager: Rebuilt the GUID cache for 0 collections in 0.000001 seconds
[2017.12.11-12.57.33:639][  0]LogContentBrowser: Native class hierarchy populated in 0.0082 seconds. Added 2334 classes and 495 folders.
[2017.12.11-12.57.33:686][  0]LogContentBrowser: Native class hierarchy updated for 'WidgetCarousel' in 0.0008 seconds. Added 0 classes and 0 folders.
[2017.12.11-12.57.33:974][  0]LogContentBrowser: Native class hierarchy updated for 'AddContentDialog' in 0.0010 seconds. Added 0 classes and 0 folders.
[2017.12.11-12.57.34:013][  0]LogContentBrowser: Native class hierarchy updated for 'SceneOutliner' in 0.0009 seconds. Added 1 classes and 2 folders.
[2017.12.11-12.57.34:206][  0]LogCrashTracker: Crashtracker disabled due to settings.
[2017.12.11-12.57.34:274][  0]LogSlate: Took 0.004163 seconds to synchronously load lazily loaded font '../../../Engine/Content/Slate/Fonts/Roboto-Regular.ttf' (155K)
[2017.12.11-12.57.34:280][  0]LogSlate: Took 0.004152 seconds to synchronously load lazily loaded font '../../../Engine/Content/Slate/Fonts/Roboto-Bold.ttf' (160K)
[2017.12.11-12.57.34:288][  0]LogSlate: Took 0.004324 seconds to synchronously load lazily loaded font '../../../Engine/Content/Editor/Slate/Fonts/FontAwesome.ttf' (139K)
[2017.12.11-12.57.34:401][  0]LogRenderer: Reallocating scene render targets to support 1276x604 NumSamples 1 (Frame:1).
[2017.12.11-12.57.34:471][  0]LogSlate: Took 0.004350 seconds to synchronously load lazily loaded font '../../../Engine/Content/Slate/Fonts/Roboto-Light.ttf' (159K)
[2017.12.11-12.57.34:498][  0]LogUObjectGlobals:Warning: Failed to find object 'Class None.'
[2017.12.11-12.57.34:555][  0]LogContentBrowser: Native class hierarchy updated for 'HierarchicalLODOutliner' in 0.0009 seconds. Added 1 classes and 2 folders.
[2017.12.11-12.57.34:555][  0]LogLoad: (Engine Initialization) Total time: 22.27 seconds
[2017.12.11-12.57.34:555][  0]LogLoad: (Engine Initialization) Total Blueprint compile time: 0.32 seconds
[2017.12.11-12.57.34:555][  0]LogExternalProfiler: Found external profiler: VSPerf
[2017.12.11-12.57.34:555][  0]LogExternalProfiler: Using external profiler: VSPerf
[2017.12.11-12.57.34:895][  0]LogOcInput: OculusInput pre-init called
[2017.12.11-12.57.34:895][  0]LogHMD: Starting GearVRController plugin
[2017.12.11-12.57.34:909][  0]LogAssetRegistry: Asset discovery search completed in 12.3076 seconds
[2017.12.11-12.57.34:910][  0]LogCollectionManager: Rebuilt the object cache for 0 collections in 0.000000 seconds (found 0 objects)
[2017.12.11-12.57.34:910][  0]LogCollectionManager: Fixed up redirectors for 0 collections in 0.000017 seconds (updated 0 objects)
[2017.12.11-12.57.34:994][  1]LogRenderer: Reallocating scene render targets to support 1276x624 NumSamples 1 (Frame:2).
[2017.12.11-12.57.47:138][465]LogSlate: Took 0.000121 seconds to synchronously load lazily loaded font '../../../Engine/Content/Slate/Fonts/Roboto-Light.ttf' (159K)
[2017.12.11-12.57.47:186][465]LogSlate: Took 0.003572 seconds to synchronously load lazily loaded font '../../../Engine/Content/Editor/Slate/Fonts/Roboto-BoldCondensed.ttf' (158K)
[2017.12.11-12.57.52:027][963]Running C:/Program Files/Epic Games/UE_4.16/Engine/Binaries/DotNET/UnrealBuildTool.exe  -projectfiles -project="C:/Users/Bendick/Documents/GitHub/SR_Prototype_V3/SR_Prototype_V3/SR_Prototype_V3.uproject" -game -rocket -progress
[2017.12.11-12.57.52:255][963]Discovering modules, targets and source code for project...
[2017.12.11-12.57.52:857][963]C:\Users\Bendick\Documents\GitHub\SR_Prototype_V3\SR_Prototype_V3\Plugins\WebSocket\Source\WebSocket\WebSocket.Build.cs: warning: Module constructors should take a ReadOnlyTargetRules argument (rather than a TargetInfo argument) and pass it to the base class constructor from 4.15 onwards. Please update the method signature.
[2017.12.11-12.57.54:463][963]LogSlate: Took 0.000128 seconds to synchronously load lazily loaded font '../../../Engine/Content/Slate/Fonts/Roboto-Regular.ttf' (155K)
[2017.12.11-12.57.55:574][963]LogHotReload: Recompiling module SR_Prototype_V3...
[2017.12.11-12.57.55:574][963]LogVSAccessor:Warning: Couldn't access Visual Studio
[2017.12.11-12.57.55:583][963]Candidate modules for hot reload:
[2017.12.11-12.57.55:583][963]  SR_Prototype_V3
[2017.12.11-12.57.55:583][963]Launching UnrealBuildTool... [C:/Program Files/Epic Games/UE_4.16/Engine/Binaries/DotNET/UnrealBuildTool.exe SR_Prototype_V3 -ModuleWithSuffix SR_Prototype_V3 5152 Win64 Development -editorrecompile -FailIfGeneratedCodeChanges -canskiplink "C:/Users/Bendick/Documents/GitHub/SR_Prototype_V3/SR_Prototype_V3/SR_Prototype_V3.uproject" ]
[2017.12.11-12.58.07:237][963]C:\Users\Bendick\Documents\GitHub\SR_Prototype_V3\SR_Prototype_V3\Plugins\WebSocket\Source\WebSocket\WebSocket.Build.cs: warning: Module constructors should take a ReadOnlyTargetRules argument (rather than a TargetInfo argument) and pass it to the base class constructor from 4.15 onwards. Please update the method signature.
Compiling game modules for hot reload
Parsing headers for SR_Prototype_V3Editor
  Running UnrealHeaderTool "C:\Users\Bendick\Documents\GitHub\SR_Prototype_V3\SR_Prototype_V3\SR_Prototype_V3.uproject" "C:\Users\Bendick\Documents\GitHub\SR_Prototype_V3\SR_Prototype_V3\Intermediate\Build\Win64\SR_Prototype_V3Editor\Development\SR_Prototype_V3Editor.uhtmanifest" -LogCmds="loginit warning, logexit warning, logdatabase error" -Unattended -WarningsAsErrors -installed -FailIfGeneratedCodeChanges
ERROR: 'C:/Users/Bendick/Documents/GitHub/SR_Prototype_V3/SR_Prototype_V3/Intermediate/Build/Win64/UE4Editor/Inc/SR_Prototype_V3/MyBlueprintFunctionLibrary.generated.h': Changes to generated code are not allowed - conflicts written to 'C:/Users/Bendick/Documents/GitHub/SR_Prototype_V3/SR_Prototype_V3/Intermediate/Build/Win64/UE4Editor/Inc/SR_Prototype_V3/MyBlueprintFunctionLibrary.generated.h.conflict'
Error: UnrealHeaderTool failed for target 'SR_Prototype_V3Editor' (platform: Win64, module info: C:\Users\Bendick\Documents\GitHub\SR_Prototype_V3\SR_Prototype_V3\Intermediate\Build\Win64\SR_Prototype_V3Editor\Development\SR_Prototype_V3Editor.uhtmanifest, exit code: OtherCompilationError (5)).

[2017.12.11-12.58.07:237][963]CompilerResultsLog: New page: Compilation - 11 Dec 2017 14:58:07
[2017.12.11-12.58.07:237][963]CompilerResultsLog: Info C:\Users\Bendick\Documents\GitHub\SR_Prototype_V3\SR_Prototype_V3\Plugins\WebSocket\Source\WebSocket\WebSocket.Build.cs: warning: Module constructors should take a ReadOnlyTargetRules argument (rather than a TargetInfo argument) and pass it to the base class constructor from 4.15 onwards. Please update the method signature.
[2017.12.11-12.58.07:238][963]CompilerResultsLog: Info Compiling game modules for hot reload
[2017.12.11-12.58.07:238][963]CompilerResultsLog: Info Parsing headers for SR_Prototype_V3Editor
[2017.12.11-12.58.07:238][963]CompilerResultsLog: Info   Running UnrealHeaderTool "C:\Users\Bendick\Documents\GitHub\SR_Prototype_V3\SR_Prototype_V3\SR_Prototype_V3.uproject" "C:\Users\Bendick\Documents\GitHub\SR_Prototype_V3\SR_Prototype_V3\Intermediate\Build\Win64\SR_Prototype_V3Editor\Development\SR_Prototype_V3Editor.uhtmanifest" -LogCmds="loginit warning, logexit warning, logdatabase error" -Unattended -WarningsAsErrors -installed -FailIfGeneratedCodeChanges
[2017.12.11-12.58.07:238][963]CompilerResultsLog: Info ERROR: 'C:/Users/Bendick/Documents/GitHub/SR_Prototype_V3/SR_Prototype_V3/Intermediate/Build/Win64/UE4Editor/Inc/SR_Prototype_V3/MyBlueprintFunctionLibrary.generated.h': Changes to generated code are not allowed - conflicts written to 'C:/Users/Bendick/Documents/GitHub/SR_Prototype_V3/SR_Prototype_V3/Intermediate/Build/Win64/UE4Editor/Inc/SR_Prototype_V3/MyBlueprintFunctionLibrary.generated.h.conflict'
[2017.12.11-12.58.07:238][963]CompilerResultsLog: Info Error: UnrealHeaderTool failed for target 'SR_Prototype_V3Editor' (platform: Win64, module info: C:\Users\Bendick\Documents\GitHub\SR_Prototype_V3\SR_Prototype_V3\Intermediate\Build\Win64\SR_Prototype_V3Editor\Development\SR_Prototype_V3Editor.uhtmanifest, exit code: OtherCompilationError (5)).
[2017.12.11-12.58.07:238][963]LogMainFrame: MainFrame: Module compiling took 11.663 seconds
[2017.12.11-12.58.09:806][963]LogSlate: Took 0.010481 seconds to synchronously load lazily loaded font '../../../Engine/Content/Editor/Slate/Fonts/DroidSansMono.ttf' (77K)
[2017.12.11-12.58.40:232][354]Warning: RebindPackages not possible for specified packages (or application was compiled in monolithic mode.)
[2017.12.11-13.07.22:623][  8]LogHotReload: New module detected: UE4Editor-SR_Prototype_V3-3705.dll
[2017.12.11-13.07.22:964][ 10]LogHotReload: Starting Hot-Reload from IDE
[2017.12.11-13.07.22:989][ 10]Module being reloaded does not support dynamic unloading -- abandoning existing loaded module so that we can load the recompiled version!
[2017.12.11-13.07.23:026][ 10]LogClass: Could not find existing package /Script/SR_Prototype_V3 for HotReload.
[2017.12.11-13.07.23:033][ 10]LogWindows: Windows GetLastError: The operation completed successfully. (0)
[2017.12.11-13.07.23:676][ 10]LogCrashTracker: 


[2017.12.11-13.07.23:676][ 10]LogCrashTracker: 


[2017.12.11-13.07.23:676][ 10]LogWindows:Error: === Critical error: ===
[2017.12.11-13.07.23:676][ 10]LogWindows:Error: 
[2017.12.11-13.07.23:676][ 10]LogWindows:Error: Fatal error: [File:D:\Build\++UE4+Release-4.16+Compile\Sync\Engine\Source\Runtime\CoreUObject\Private\Templates\Casts.cpp] [Line: 10] 
[2017.12.11-13.07.23:676][ 10]LogWindows:Error: Cast of nullptr to Package failed
[2017.12.11-13.07.23:676][ 10]LogWindows:Error: 
[2017.12.11-13.07.23:676][ 10]LogWindows:Error: 
[2017.12.11-13.07.23:676][ 10]LogWindows:Error: KERNELBASE.dll!0x00000000DC053FB8
[2017.12.11-13.07.23:676][ 10]LogWindows:Error: UE4Editor-Core.dll!0x00000000AE3CAFFE
[2017.12.11-13.07.23:676][ 10]LogWindows:Error: UE4Editor-Core.dll!0x00000000AE1E249B
[2017.12.11-13.07.23:676][ 10]LogWindows:Error: UE4Editor-Core.dll!0x00000000AE170849
[2017.12.11-13.07.23:676][ 10]LogWindows:Error: UE4Editor-CoreUObject.dll!0x00000000ADAD1692
[2017.12.11-13.07.23:676][ 10]LogWindows:Error: UE4Editor-SR_Prototype_V3-3705.dll!CastChecked<UPackage,UObject>()
[2017.12.11-13.07.23:676][ 10]LogWindows:Error: UE4Editor-SR_Prototype_V3-3705.dll!Z_Construct_UPackage__Script_SR_Prototype_V3()
[2017.12.11-13.07.23:676][ 10]LogWindows:Error: UE4Editor-SR_Prototype_V3-3705.dll!Z_Construct_UClass_UMyBlueprintFunctionLibrary()
[2017.12.11-13.07.23:676][ 10]LogWindows:Error: UE4Editor-CoreUObject.dll!0x00000000ADD3ACAC
[2017.12.11-13.07.23:676][ 10]LogWindows:Error: UE4Editor-CoreUObject.dll!0x00000000ADD1EAA3
[2017.12.11-13.07.23:676][ 10]LogWindows:Error: UE4Editor-CoreUObject.dll!0x00000000ADAD5CE7
[2017.12.11-13.07.23:676][ 10]LogWindows:Error: UE4Editor-Core.dll!0x00000000AE01F6C0
[2017.12.11-13.07.23:676][ 10]LogWindows:Error: UE4Editor-Core.dll!0x00000000AE273840
[2017.12.11-13.07.23:676][ 10]LogWindows:Error: UE4Editor-Core.dll!0x00000000AE2729D0
[2017.12.11-13.07.23:676][ 10]LogWindows:Error: UE4Editor-Core.dll!0x00000000AE272C82
[2017.12.11-13.07.23:676][ 10]LogWindows:Error: UE4Editor-HotReload.dll!0x0000000080AB2BD5
[2017.12.11-13.07.23:676][ 10]LogWindows:Error: UE4Editor-HotReload.dll!0x0000000080AB2622
[2017.12.11-13.07.23:676][ 10]LogWindows:Error: UE4Editor-HotReload.dll!0x0000000080AC2D7D
[2017.12.11-13.07.23:676][ 10]LogWindows:Error: UE4Editor-Core.dll!0x00000000AE05CBCD
[2017.12.11-13.07.23:676][ 10]LogWindows:Error: UE4Editor.exe!0x00000000F3B7FD9E
[2017.12.11-13.07.23:676][ 10]LogWindows:Error: UE4Editor.exe!0x00000000F3B6F0B0
[2017.12.11-13.07.23:676][ 10]LogWindows:Error: UE4Editor.exe!0x00000000F3B6F12A
[2017.12.11-13.07.23:676][ 10]LogWindows:Error: UE4Editor.exe!0x00000000F3B80CF9
[2017.12.11-13.07.23:676][ 10]LogWindows:Error: UE4Editor.exe!0x00000000F3B825F7
[2017.12.11-13.07.23:676][ 10]LogWindows:Error: KERNEL32.DLL!0x00000000DF501FE4
[2017.12.11-13.07.23:676][ 10]LogWindows:Error: ntdll.dll!0x00000000DF98EF91
[2017.12.11-13.07.23:676][ 10]LogWindows:Error: ntdll.dll!0x00000000DF98EF91
[2017.12.11-13.07.23:676][ 10]LogWindows:Error: 
[2017.12.11-13.07.23:686][ 10]LogExit: Executing StaticShutdownAfterError
[2017.12.11-13.07.23:694][ 10]LogWindows: FPlatformMisc::RequestExit(1)
[2017.12.11-13.07.23:694][ 10]Log file closed, 12/11/17 14:07:23
