Log file open, 01/03/18 11:31:23
LogInit:Display: Running engine for game: SR_Prototype_V3
LogPlatformFile: Not using cached read wrapper
LogInit:Display: RandInit(1333697828) SRandInit(1333697828).
LogTaskGraph: Started task graph with 5 named threads and 8 total threads with 1 sets of task threads.
LogStats: Stats thread started at 0.711796
LogInit: Using libcurl 7.47.1
LogInit:  - built for x86_64-pc-win32
LogInit:  - supports SSL with OpenSSL/1.0.2g
LogInit:  - supports HTTP deflate (compression) using libz 1.2.8
LogInit:  - other features:
LogInit:      CURL_VERSION_SSL
LogInit:      CURL_VERSION_LIBZ
LogInit:      CURL_VERSION_IPV6
LogInit:      CURL_VERSION_ASYNCHDNS
LogInit:      CURL_VERSION_LARGEFILE
LogInit:      CURL_VERSION_IDN
LogInit:  CurlRequestOptions (configurable via config and command line):
LogInit:  - bVerifyPeer = false  - Libcurl will NOT verify peer certificate
LogInit:  - bUseHttpProxy = false  - Libcurl will NOT use HTTP proxy
LogInit:  - bDontReuseConnections = false  - Libcurl will reuse connections
LogInit:  - CertBundlePath = nullptr  - Libcurl will use whatever was configured at build time.
LogInit: Build: ++UE4+Release-4.16-CL-3561208
LogInit: Engine Version: 4.16.3-3561208+++UE4+Release-4.16
LogInit: Compatible Engine Version: 4.16.0-3452394+++UE4+Release-4.16
LogInit: Net CL: 3452394
LogDevObjectVersion: Number of dev versions registered: 16
LogDevObjectVersion:   Dev-Blueprints (B0D832E4-1F89-4F0D-ACCF-7EB736FD4AA2): 9
LogDevObjectVersion:   Dev-Build (E1C64328-A22C-4D53-A36C-8E866417BD8C): 0
LogDevObjectVersion:   Dev-Core (375EC13C-06E4-48FB-B500-84F0262A717E): 2
LogDevObjectVersion:   Dev-Editor (E4B068ED-F494-42E9-A231-DA0B2E46BB41): 17
LogDevObjectVersion:   Dev-Framework (CFFC743F-43B0-4480-9391-14DF171D2073): 23
LogDevObjectVersion:   Dev-Mobile (B02B49B5-BB20-44E9-A304-32B752E40360): 0
LogDevObjectVersion:   Dev-Networking (A4E4105C-59A1-49B5-A7C5-40C4547EDFEE): 0
LogDevObjectVersion:   Dev-Online (39C831C9-5AE6-47DC-9A44-9C173E1C8E7C): 0
LogDevObjectVersion:   Dev-Physics (78F01B33-EBEA-4F98-B9B4-84EACCB95AA2): 0
LogDevObjectVersion:   Dev-Platform (6631380F-2D4D-43E0-8009-CF276956A95A): 0
LogDevObjectVersion:   Dev-Rendering (12F88B9F-8875-4AFC-A67C-D90C383ABD29): 15
LogDevObjectVersion:   Dev-Sequencer (7B5AE74C-D270-4C10-A958-57980B212A5A): 4
LogDevObjectVersion:   Dev-VR (D7296918-1DD6-4BDD-9DE2-64A83CC13884): 0
LogDevObjectVersion:   Dev-LoadTimes (C2A15278-BFE7-4AFE-6C17-90FF531DF755): 1
LogDevObjectVersion:   Private-Geometry (6EACA3D4-40EC-4CC1-B786-8BED09428FC5): 1
LogDevObjectVersion:   Dev-AnimPhys (29E575DD-E0A3-4627-9D10-D276232CDCEA): 3
LogInit: Compiled (64-bit): Jul 28 2017 11:49:47
LogInit: Compiled with Visual C++: 19.00.24215.01
LogInit: Build Configuration: Development
LogInit: Branch Name: ++UE4+Release-4.16
LogInit: Command line:  
LogInit: Base directory: C:/Program Files/Epic Games/UE_4.16/Engine/Binaries/Win64/
LogInit: Installed Engine Build: 1
LogInit: Presizing for max 8388607 objects, including 0 objects not considered by GC, pre-allocating 0 bytes for permanent pool.
LogInit: Object subsystem initialized
[2018.01.03-10.31.23:436][  0]LogInit: Selected Device Profile: [Windows]
[2018.01.03-10.31.23:436][  0]LogInit: Applying CVar settings loaded from the selected device profile: [Windows]
[2018.01.03-10.31.23:460][  0]LogInit: Computer: WINDOWS-EUOFFC3
[2018.01.03-10.31.23:460][  0]LogInit: User: Bendick
[2018.01.03-10.31.23:460][  0]LogInit: CPU Page size=4096, Cores=4
[2018.01.03-10.31.23:460][  0]LogInit: High frequency timer resolution =3.914057 MHz
[2018.01.03-10.31.23:460][  0]LogMemory: Memory total: Physical=15.9GB (16GB approx)
[2018.01.03-10.31.23:460][  0]LogMemory: Platform Memory Stats for Windows
[2018.01.03-10.31.23:460][  0]LogMemory: Process Physical Memory: 274.10 MB used, 274.10 MB peak
[2018.01.03-10.31.23:460][  0]LogMemory: Process Virtual Memory: 265.00 MB used, 265.00 MB peak
[2018.01.03-10.31.23:460][  0]LogMemory: Physical Memory: 6445.28 MB used,  9877.70 MB free, 16322.98 MB total
[2018.01.03-10.31.23:460][  0]LogMemory: Virtual Memory: 675.99 MB used,  9877.70 MB free, 134217728.00 MB total
[2018.01.03-10.31.23:716][  0]LogInit: Using OS detected language (en-US).
[2018.01.03-10.31.23:716][  0]LogInit: Using OS detected locale (en-GB).
[2018.01.03-10.31.23:756][  0]LogTextLocalizationManager: No specific localization for 'en-US' exists, so the 'en' localization will be used.
[2018.01.03-10.31.25:698][  0]LogD3D11RHI: D3D11 adapters:
[2018.01.03-10.31.25:738][  0]LogD3D11RHI:    0. 'NVIDIA GeForce GTX 1070' (Feature Level 11_0)
[2018.01.03-10.31.25:738][  0]LogD3D11RHI:       8096/0/8161 MB DedicatedVideo/DedicatedSystem/SharedSystem, Outputs:2, VendorId:0x10de
[2018.01.03-10.31.25:739][  0]LogD3D11RHI:    1. 'Microsoft Basic Render Driver' (Feature Level 11_0)
[2018.01.03-10.31.25:739][  0]LogD3D11RHI:       0/0/8161 MB DedicatedVideo/DedicatedSystem/SharedSystem, Outputs:0, VendorId:0x1414
[2018.01.03-10.31.25:739][  0]LogD3D11RHI: Chosen D3D11 Adapter: 0
[2018.01.03-10.31.25:744][  0]LogD3D11RHI: Creating new Direct3DDevice
[2018.01.03-10.31.25:745][  0]LogD3D11RHI:     GPU DeviceId: 0x1b81 (for the marketing name, search the web for "GPU Device Id")
[2018.01.03-10.31.25:745][  0]LogWindows: EnumDisplayDevices:
[2018.01.03-10.31.25:745][  0]LogWindows:    0. 'NVIDIA GeForce GTX 1070' (P:0 D:1)
[2018.01.03-10.31.25:745][  0]LogWindows:    1. 'NVIDIA GeForce GTX 1070' (P:1 D:1)
[2018.01.03-10.31.25:745][  0]LogWindows:    2. 'NVIDIA GeForce GTX 1070' (P:0 D:0)
[2018.01.03-10.31.25:745][  0]LogWindows:    3. 'NVIDIA GeForce GTX 1070' (P:0 D:0)
[2018.01.03-10.31.25:745][  0]LogWindows: DebugString: GetVideoDriverDetailsInvalid PrimaryIsNotTheChoosenAdapter GetVideoDriverDetailsInvalid PrimaryIsNotTheChoosenAdapter GetVideoDriverDetailsInvalid PrimaryIsNotTheChoosenAdapter GetVideoDriverDetailsInvalid PrimaryIsNotTheChoosenAdapter FoundDriverCount:0 
[2018.01.03-10.31.25:745][  0]LogD3D11RHI:     Adapter Name: NVIDIA GeForce GTX 1070
[2018.01.03-10.31.25:745][  0]LogD3D11RHI:   Driver Version: Unknown (internal:Unknown, unified:Unknown)
[2018.01.03-10.31.25:745][  0]LogD3D11RHI:      Driver Date: Unknown
[2018.01.03-10.31.25:745][  0]LogRHI: Texture pool is 1361 MB (70% of 1945 MB)
[2018.01.03-10.31.25:763][  0]LogD3D11RHI: Async texture creation enabled
[2018.01.03-10.31.25:798][  0]LogD3D11RHI: GPU Timing Frequency: 1000.000000 (Debug: 2 1)
[2018.01.03-10.31.25:895][  0]LogShaderCompilers: Guid format shader working directory is -33 characters bigger than the processId version (../../../../../../Users/Bendick/Documents/GitHub/SR_Prototype_V3/SR_Prototype_V3/Intermediate/Shaders/WorkingDirectory/10316/).
[2018.01.03-10.31.25:895][  0]LogShaderCompilers: Cleaned the shader compiler working directory 'C:/Users/Bendick/AppData/Local/Temp/UnrealShaderWorkingDir/257290854921CD53584000A3389C7157/'.
[2018.01.03-10.31.25:896][  0]LogShaderCompilers:Display: Using Local Shader Compiler.
[2018.01.03-10.31.27:456][  0]LogTemp:Display: Loaded TP AllDesktopTargetPlatform
[2018.01.03-10.31.27:489][  0]LogTemp:Display: Loaded TP MacClientTargetPlatform
[2018.01.03-10.31.27:522][  0]LogTemp:Display: Loaded TP MacNoEditorTargetPlatform
[2018.01.03-10.31.27:555][  0]LogTemp:Display: Loaded TP MacServerTargetPlatform
[2018.01.03-10.31.27:592][  0]LogTemp:Display: Loaded TP MacTargetPlatform
[2018.01.03-10.31.27:626][  0]LogTemp:Display: Loaded TP WindowsClientTargetPlatform
[2018.01.03-10.31.27:659][  0]LogTemp:Display: Loaded TP WindowsNoEditorTargetPlatform
[2018.01.03-10.31.27:693][  0]LogTemp:Display: Loaded TP WindowsServerTargetPlatform
[2018.01.03-10.31.27:723][  0]LogTemp:Display: Loaded TP WindowsTargetPlatform
[2018.01.03-10.31.27:759][  0]LogTemp:Display: Loaded TP AndroidTargetPlatform
[2018.01.03-10.31.27:793][  0]LogTemp:Display: Loaded TP Android_ASTCTargetPlatform
[2018.01.03-10.31.27:826][  0]LogTemp:Display: Loaded TP Android_ATCTargetPlatform
[2018.01.03-10.31.27:859][  0]LogTemp:Display: Loaded TP Android_DXTTargetPlatform
[2018.01.03-10.31.27:892][  0]LogTemp:Display: Loaded TP Android_ETC1TargetPlatform
[2018.01.03-10.31.27:926][  0]LogTemp:Display: Loaded TP Android_ETC2TargetPlatform
[2018.01.03-10.31.27:993][  0]LogTemp:Display: Loaded TP Android_MultiTargetPlatform
[2018.01.03-10.31.27:993][  0]LogTemp:Display: Loaded TP Android_PVRTCTargetPlatform
[2018.01.03-10.31.28:020][  0]LogTemp:Display: Loaded TP HTML5TargetPlatform
[2018.01.03-10.31.28:099][  0]LogTemp:Display: Loaded TP IOSTargetPlatform
[2018.01.03-10.31.28:119][  0]LogTemp:Display: Loaded TP TVOSTargetPlatform
[2018.01.03-10.31.28:152][  0]LogTemp:Display: Loaded TP LinuxClientTargetPlatform
[2018.01.03-10.31.28:185][  0]LogTemp:Display: Loaded TP LinuxNoEditorTargetPlatform
[2018.01.03-10.31.28:219][  0]LogTemp:Display: Loaded TP LinuxServerTargetPlatform
[2018.01.03-10.31.28:256][  0]LogTemp:Display: Loaded TP LinuxTargetPlatform
[2018.01.03-10.31.28:256][  0]LogTargetPlatformManager:Display: Building Assets For Windows
[2018.01.03-10.31.28:677][  0]LogDerivedDataCache:Display: Max Cache Size: 512 MB
[2018.01.03-10.31.29:008][  0]LogDerivedDataCache: Loaded boot cache 0.33s 111MB C:/Users/Bendick/AppData/Local/UnrealEngine/4.16/DerivedDataCache/Boot.ddc.
[2018.01.03-10.31.29:008][  0]LogDerivedDataCache:Display: Loaded Boot cache: C:/Users/Bendick/AppData/Local/UnrealEngine/4.16/DerivedDataCache/Boot.ddc
[2018.01.03-10.31.29:008][  0]LogDerivedDataCache: FDerivedDataBackendGraph:  Pak pak cache file ../../../../../../Users/Bendick/Documents/GitHub/SR_Prototype_V3/SR_Prototype_V3/DerivedDataCache/DDC.ddp not found, will not use a pak cache.
[2018.01.03-10.31.29:008][  0]LogDerivedDataCache: Unable to find inner node Pak for hierarchical cache Hierarchy.
[2018.01.03-10.31.29:008][  0]LogDerivedDataCache: FDerivedDataBackendGraph:  CompressedPak pak cache file ../../../../../../Users/Bendick/Documents/GitHub/SR_Prototype_V3/SR_Prototype_V3/DerivedDataCache/Compressed.ddp not found, will not use a pak cache.
[2018.01.03-10.31.29:008][  0]LogDerivedDataCache: Unable to find inner node CompressedPak for hierarchical cache Hierarchy.
[2018.01.03-10.31.29:028][  0]LogDerivedDataCache:Display: Pak cache opened for reading ../../../Engine/DerivedDataCache/Compressed.ddp.
[2018.01.03-10.31.29:039][  0]LogDerivedDataCache: Using Local data cache path C:/Users/Bendick/AppData/Local/UnrealEngine/Common/DerivedDataCache: Writable
[2018.01.03-10.31.29:049][  0]LogMaterial: Verifying Global Shaders for PCD3D_SM5
[2018.01.03-10.31.29:055][  0]LogSlate: Using Freetype 2.6.0
[2018.01.03-10.31.29:069][  0]LogSlate: SlateFontCache - WITH_FREETYPE: 1, WITH_HARFBUZZ: 1
[2018.01.03-10.31.29:069][  0]LogSlate: SlateFontCache - WITH_FREETYPE: 1, WITH_HARFBUZZ: 1
[2018.01.03-10.31.29:907][  0]LogInit: Selected Device Profile: [Windows]
[2018.01.03-10.31.30:252][  0]LogMeshUtilities: Using QuadricMeshReduction for automatic static mesh reduction
[2018.01.03-10.31.30:297][  0]LogSimplygon: Simplygon DLL not present - disabling.
[2018.01.03-10.31.30:334][  0]LogMeshUtilities: Using SimplygonSwarm for distributed automatic mesh merging
[2018.01.03-10.31.30:334][  0]LogMeshUtilities: No automatic skeletal mesh reduction module available
[2018.01.03-10.31.30:334][  0]LogMeshUtilities: No automatic mesh merging module available
[2018.01.03-10.31.31:466][  0]LogNetVersion: SR_Prototype_V3 , NetCL: 3452394, EngineNetVer: 2, GameNetVer: 0 (Checksum: 2708348065)
[2018.01.03-10.31.31:554][  0]LogAssetRegistry: FAssetRegistry took 0.0273 seconds to start up
[2018.01.03-10.31.31:609][  0]LogPackageLocalizationCache: Processed 4 localized package path(s) for 2 prioritized culture(s) in 0.035936 seconds
[2018.01.03-10.31.31:613][  0]LogUObjectArray: 34194 objects as part of root set at end of initial load.
[2018.01.03-10.31.31:613][  0]LogUObjectAllocator: 7260416 out of 0 bytes used by permanent object pool.
[2018.01.03-10.31.31:613][  0]LogUObjectArray: CloseDisregardForGC: 0/0 objects in disregard for GC pool
[2018.01.03-10.31.31:656][  0]LogInit: WinSock: version 1.1 (2.2), MaxSocks=32767, MaxUdp=65467
[2018.01.03-10.31.35:552][  0]LogTcpMessaging: Initializing TcpMessaging bridge
[2018.01.03-10.31.35:586][  0]LogUdpMessaging: Initializing bridge on interface 0.0.0.0:0 to multicast group 230.0.0.1:6666.
[2018.01.03-10.31.36:105][  0]LogMaterial: Uniform references updated for custom material expression Custom.
[2018.01.03-10.31.36:475][  0]SourceControl: Info Source control is disabled
[2018.01.03-10.31.36:523][  0]SourceControl: Info Source control is disabled
[2018.01.03-10.31.36:566][  0]SourceControl: Info Source control is disabled
[2018.01.03-10.31.36:601][  0]SourceControl: Info Source control is disabled
[2018.01.03-10.31.37:144][  0]LogAndroidPermission: UAndroidPermissionCallbackProxy::GetInstance
[2018.01.03-10.31.37:601][  0]LogEngine: Initializing Engine...
[2018.01.03-10.31.37:603][  0]LogHMD: Failed to initialize OpenVR with code 110
[2018.01.03-10.31.37:856][  0]LogStats: UGameplayTagsManager::ConstructGameplayTagTree: Construct from data asset -  0.000 s
[2018.01.03-10.31.37:856][  0]LogStats: UGameplayTagsManager::ConstructGameplayTagTree: GameplayTagTreeChangedEvent.Broadcast -  0.000 s
[2018.01.03-10.31.37:973][  0]LogAIModule: Creating AISystem for world Untitled
[2018.01.03-10.31.37:987][  0]LogInit: XAudio2 using 'Speakers (Logitech G933 Gaming Headset)' : 6 channels at 48 kHz using 16 bits per sample (channel mask 0x3f)
[2018.01.03-10.31.38:001][  0]LogInit: FAudioDevice initialized.
[2018.01.03-10.31.38:038][  0]LogDerivedDataCache: Saved boot cache 0.04s 111MB C:/Users/Bendick/AppData/Local/UnrealEngine/4.16/DerivedDataCache/Boot.ddc.
[2018.01.03-10.31.38:051][  0]LogInit: Texture streaming: Disabled
[2018.01.03-10.31.38:122][  0]LogEngineSessionManager: EngineSessionManager initialized
[2018.01.03-10.31.38:318][  0]LogInit: Transaction tracking system initialized
[2018.01.03-10.31.38:563][  0]BlueprintLog: New page: Editor Load
[2018.01.03-10.31.39:350][  0]LocalizationService: Info Localization service is disabled
[2018.01.03-10.31.39:900][  0]LogConsoleResponse:Display: 
[2018.01.03-10.31.40:223][  0]LogFileCache: Scanning file cache for directory 'C:/Users/Bendick/Documents/GitHub/SR_Prototype_V3/SR_Prototype_V3/Content/' took 0.01s
[2018.01.03-10.31.40:223][  0]LogCook:Display: Max memory allowance for cook 16384mb min free memory 0mb
[2018.01.03-10.31.40:223][  0]LogCook:Display: Mobile HDR setting 1
[2018.01.03-10.31.41:058][  0]SourceControl: Info Source control is disabled
[2018.01.03-10.31.41:060][  0]Cmd: MAP LOAD FILE="../../../../../../Users/Bendick/Documents/GitHub/SR_Prototype_V3/SR_Prototype_V3/Content/ScanReach.umap" TEMPLATE=0 SHOWPROGRESS=1 FEATURELEVEL=3
[2018.01.03-10.31.41:061][  0]LightingResults: New page: Lighting Build
[2018.01.03-10.31.41:119][  0]MapCheck: New page: Map Check
[2018.01.03-10.31.41:120][  0]LightingResults: New page: Lighting Build
[2018.01.03-10.31.41:892][  0]LogAIModule: Creating AISystem for world ScanReach
[2018.01.03-10.31.41:922][  0]LogEditorServer: Finished looking for orphan Actors (0.000 secs)
[2018.01.03-10.31.41:935][  0]Cmd: MAP CHECKDEP NOCLEARLOG
[2018.01.03-10.31.41:969][  0]MapCheck: Info Map check complete: 0 Error(s), 0 Warning(s), took 32.891ms to complete.
[2018.01.03-10.31.41:969][  0]LogFileHelpers: Loading map 'ScanReach' took 0.909
[2018.01.03-10.31.42:161][  0]LogCollectionManager: Loaded 0 collections in 0.000962 seconds
[2018.01.03-10.31.42:248][  0]LogFileCache: Scanning file cache for directory 'C:/Users/Bendick/Documents/GitHub/SR_Prototype_V3/SR_Prototype_V3/Saved/Collections/' took 0.01s
[2018.01.03-10.31.42:248][  0]LogFileCache: Scanning file cache for directory 'C:/Users/Bendick/Documents/GitHub/SR_Prototype_V3/SR_Prototype_V3/Content/Developers/Bendick/Collections/' took 0.01s
[2018.01.03-10.31.42:248][  0]LogFileCache: Scanning file cache for directory 'C:/Users/Bendick/Documents/GitHub/SR_Prototype_V3/SR_Prototype_V3/Content/Collections/' took 0.01s
[2018.01.03-10.31.42:248][  0]LogCollectionManager: Rebuilt the GUID cache for 0 collections in 0.000001 seconds
[2018.01.03-10.31.42:258][  0]LogContentBrowser: Native class hierarchy populated in 0.0070 seconds. Added 2329 classes and 491 folders.
[2018.01.03-10.31.42:305][  0]LogContentBrowser: Native class hierarchy updated for 'WidgetCarousel' in 0.0004 seconds. Added 0 classes and 0 folders.
[2018.01.03-10.31.42:611][  0]LogContentBrowser: Native class hierarchy updated for 'AddContentDialog' in 0.0004 seconds. Added 0 classes and 0 folders.
[2018.01.03-10.31.42:649][  0]LogContentBrowser: Native class hierarchy updated for 'SceneOutliner' in 0.0004 seconds. Added 1 classes and 2 folders.
[2018.01.03-10.31.42:818][  0]LogCrashTracker: Crashtracker disabled due to settings.
[2018.01.03-10.31.42:834][  0]LogSlate: Took 0.004825 seconds to synchronously load lazily loaded font '../../../Engine/Content/Slate/Fonts/Roboto-Regular.ttf' (155K)
[2018.01.03-10.31.42:840][  0]LogSlate: Took 0.004256 seconds to synchronously load lazily loaded font '../../../Engine/Content/Slate/Fonts/Roboto-Bold.ttf' (160K)
[2018.01.03-10.31.42:850][  0]LogSlate: Took 0.004687 seconds to synchronously load lazily loaded font '../../../Engine/Content/Editor/Slate/Fonts/FontAwesome.ttf' (139K)
[2018.01.03-10.31.42:962][  0]LogRenderer: Reallocating scene render targets to support 1276x568 NumSamples 1 (Frame:1).
[2018.01.03-10.31.43:034][  0]LogSlate: Took 0.004781 seconds to synchronously load lazily loaded font '../../../Engine/Content/Slate/Fonts/Roboto-Light.ttf' (159K)
[2018.01.03-10.31.43:086][  0]LogUObjectGlobals:Warning: Failed to find object 'Class None.'
[2018.01.03-10.31.43:142][  0]LogContentBrowser: Native class hierarchy updated for 'HierarchicalLODOutliner' in 0.0004 seconds. Added 1 classes and 2 folders.
[2018.01.03-10.31.43:143][  0]LogLoad: (Engine Initialization) Total time: 22.43 seconds
[2018.01.03-10.31.43:143][  0]LogLoad: (Engine Initialization) Total Blueprint compile time: 0.18 seconds
[2018.01.03-10.31.43:143][  0]LogExternalProfiler: Found external profiler: VSPerf
[2018.01.03-10.31.43:143][  0]LogExternalProfiler: Using external profiler: VSPerf
[2018.01.03-10.31.43:482][  0]LogOcInput: OculusInput pre-init called
[2018.01.03-10.31.43:482][  0]LogHMD: Starting GearVRController plugin
[2018.01.03-10.31.43:552][  0]LogAssetRegistry: Asset discovery search completed in 12.0193 seconds
[2018.01.03-10.31.43:553][  0]LogCollectionManager: Rebuilt the object cache for 0 collections in 0.000000 seconds (found 0 objects)
[2018.01.03-10.31.43:553][  0]LogCollectionManager: Fixed up redirectors for 0 collections in 0.000024 seconds (updated 0 objects)
[2018.01.03-10.31.43:592][  0]LogRenderer: Reallocating scene render targets to support 1276x584 NumSamples 1 (Frame:2).
[2018.01.03-10.31.44:483][  3]LogSlate: Took 0.000230 seconds to synchronously load lazily loaded font '../../../Engine/Content/Slate/Fonts/Roboto-Light.ttf' (159K)
[2018.01.03-10.32.24:719][346]LogTemp: Repeting last play command: New Editor Window (PIE)
[2018.01.03-10.32.24:752][346]LogBlueprintUserMessages: Early PlayInEditor Detection: Level '/Game/ScanReach.ScanReach:PersistentLevel' has LevelScriptBlueprint '/Game/ScanReach.ScanReach:PersistentLevel.ScanReach' with GeneratedClass '/Game/ScanReach.ScanReach_C' with ClassGeneratedBy '/Game/ScanReach.ScanReach:PersistentLevel.ScanReach'
[2018.01.03-10.32.24:752][346]LogPlayLevel: PlayLevel: No blueprints needed recompiling
[2018.01.03-10.32.24:756][346]PIE: New page: PIE session: ScanReach (3 Jan 2018 12:32:24)
[2018.01.03-10.32.24:756][346]LogPlayLevel: Creating play world package: /Game/UEDPIE_0_ScanReach
[2018.01.03-10.32.24:758][346]LogPlayLevel: PIE: StaticDuplicateObject took: (0.002691s)
[2018.01.03-10.32.24:759][346]LogAIModule: Creating AISystem for world ScanReach
[2018.01.03-10.32.24:759][346]LogPlayLevel: PIE: World Init took: (0.000385s)
[2018.01.03-10.32.24:759][346]LogPlayLevel: PIE: Created PIE world by copying editor world from /Game/ScanReach.ScanReach to /Game/UEDPIE_0_ScanReach.ScanReach (0.003186s)
[2018.01.03-10.32.24:767][346]LogInit: XAudio2 using 'Speakers (Logitech G933 Gaming Headset)' : 6 channels at 48 kHz using 16 bits per sample (channel mask 0x3f)
[2018.01.03-10.32.24:776][346]LogInit: FAudioDevice initialized.
[2018.01.03-10.32.24:848][346]LogLoad: Game class is 'ScanReach_GM_C'
[2018.01.03-10.32.24:853][346]LogWorld: Bringing World /Game/UEDPIE_0_ScanReach.ScanReach up for play (max tick rate 0) at 2018.01.03-11.32.24
[2018.01.03-10.32.24:853][346]LogWorld: Bringing up level for play took: 0.002402
[2018.01.03-10.32.24:883][346]LogContentBrowser: Native class hierarchy updated for 'MovieSceneCapture' in 0.0004 seconds. Added 11 classes and 0 folders.
[2018.01.03-10.32.24:891][346]PIE: Info Play in editor start time for /Game/UEDPIE_0_ScanReach -0.653
[2018.01.03-10.32.24:891][346]LogBlueprintUserMessages: Late PlayInEditor Detection: Level '/Game/ScanReach.ScanReach:PersistentLevel' has LevelScriptBlueprint '/Game/ScanReach.ScanReach:PersistentLevel.ScanReach' with GeneratedClass '/Game/ScanReach.ScanReach_C' with ClassGeneratedBy '/Game/ScanReach.ScanReach:PersistentLevel.ScanReach'
[2018.01.03-10.32.24:917][346]LogRenderer: Reallocating scene render targets to support 1292x756 NumSamples 1 (Frame:1).
[2018.01.03-10.33.23:412][355]LogBlueprintUserMessages: Early EndPlayMap Detection: Level '/Game/ScanReach.ScanReach:PersistentLevel' has LevelScriptBlueprint '/Game/ScanReach.ScanReach:PersistentLevel.ScanReach' with GeneratedClass '/Game/ScanReach.ScanReach_C' with ClassGeneratedBy '/Game/ScanReach.ScanReach:PersistentLevel.ScanReach'
[2018.01.03-10.33.23:453][355]LogBlueprintUserMessages: Late EndPlayMap Detection: Level '/Game/ScanReach.ScanReach:PersistentLevel' has LevelScriptBlueprint '/Game/ScanReach.ScanReach:PersistentLevel.ScanReach' with GeneratedClass '/Game/ScanReach.ScanReach_C' with ClassGeneratedBy '/Game/ScanReach.ScanReach:PersistentLevel.ScanReach'
[2018.01.03-10.33.27:736][866]LogSlate: Took 0.000094 seconds to synchronously load lazily loaded font '../../../Engine/Content/Slate/Fonts/Roboto-Light.ttf' (159K)
[2018.01.03-10.33.27:777][866]LogContentBrowser: Native class hierarchy updated for 'TextureEditor' in 0.0004 seconds. Added 1 classes and 2 folders.
[2018.01.03-10.33.30:746][169]LogContentBrowser: Native class hierarchy updated for 'BlueprintGraph' in 0.0006 seconds. Added 112 classes and 0 folders.
[2018.01.03-10.33.31:147][169]LogSlate: Took 0.000090 seconds to synchronously load lazily loaded font '../../../Engine/Content/Slate/Fonts/Roboto-Regular.ttf' (155K)
[2018.01.03-10.33.31:233][169]LogSlate: Took 0.003689 seconds to synchronously load lazily loaded font '../../../Engine/Content/Editor/Slate/Fonts/Roboto-BoldCondensed.ttf' (158K)
[2018.01.03-10.33.31:321][170]LogSlate: Took 0.003473 seconds to synchronously load lazily loaded font '../../../Engine/Content/Editor/Slate/Fonts/Roboto-Italic.ttf' (157K)
[2018.01.03-10.33.40:048][208]BlueprintLog: New page: Compile bp_deckCamera
[2018.01.03-10.33.40:700][256]LogSavePackage: Save=28.50ms
[2018.01.03-10.33.40:700][256]LogSavePackage: Moving '../../../../../../Users/Bendick/Documents/GitHub/SR_Prototype_V3/SR_Prototype_V3/Saved/bp_DeckCamera7DB53CFF459B95AE3868ED8B8A26FB18.tmp' to '../../../../../../Users/Bendick/Documents/GitHub/SR_Prototype_V3/SR_Prototype_V3/Content/Blueprints/Camera/bp_DeckCamera.uasset'
[2018.01.03-10.33.40:704][256]LogSavePackage:Display: Finished SavePackage ../../../../../../Users/Bendick/Documents/GitHub/SR_Prototype_V3/SR_Prototype_V3/Content/Blueprints/Camera/bp_DeckCamera.uasset
[2018.01.03-10.33.41:295][327]LogTemp: Repeting last play command: New Editor Window (PIE)
[2018.01.03-10.33.41:317][327]LogBlueprintUserMessages: Early PlayInEditor Detection: Level '/Game/ScanReach.ScanReach:PersistentLevel' has LevelScriptBlueprint '/Game/ScanReach.ScanReach:PersistentLevel.ScanReach' with GeneratedClass '/Game/ScanReach.ScanReach_C' with ClassGeneratedBy '/Game/ScanReach.ScanReach:PersistentLevel.ScanReach'
[2018.01.03-10.33.41:317][327]LogPlayLevel: PlayLevel: No blueprints needed recompiling
[2018.01.03-10.33.41:317][327]PIE: New page: PIE session: ScanReach (3 Jan 2018 12:33:41)
[2018.01.03-10.33.41:317][327]LogPlayLevel: Creating play world package: /Game/UEDPIE_0_ScanReach
[2018.01.03-10.33.41:318][327]LogPlayLevel: PIE: StaticDuplicateObject took: (0.001805s)
[2018.01.03-10.33.41:319][327]LogAIModule: Creating AISystem for world ScanReach
[2018.01.03-10.33.41:319][327]LogPlayLevel: PIE: World Init took: (0.000372s)
[2018.01.03-10.33.41:319][327]LogPlayLevel: PIE: Created PIE world by copying editor world from /Game/ScanReach.ScanReach to /Game/UEDPIE_0_ScanReach.ScanReach (0.002286s)
[2018.01.03-10.33.41:330][327]LogInit: XAudio2 using 'Speakers (Logitech G933 Gaming Headset)' : 6 channels at 48 kHz using 16 bits per sample (channel mask 0x3f)
[2018.01.03-10.33.41:339][327]LogInit: FAudioDevice initialized.
[2018.01.03-10.33.41:390][327]LogLoad: Game class is 'ScanReach_GM_C'
[2018.01.03-10.33.41:393][327]LogWorld: Bringing World /Game/UEDPIE_0_ScanReach.ScanReach up for play (max tick rate 0) at 2018.01.03-11.33.41
[2018.01.03-10.33.41:394][327]LogWorld: Bringing up level for play took: 0.002882
[2018.01.03-10.33.41:397][327]PIE: Info Play in editor start time for /Game/UEDPIE_0_ScanReach -0.147
[2018.01.03-10.33.41:397][327]LogBlueprintUserMessages: Late PlayInEditor Detection: Level '/Game/ScanReach.ScanReach:PersistentLevel' has LevelScriptBlueprint '/Game/ScanReach.ScanReach:PersistentLevel.ScanReach' with GeneratedClass '/Game/ScanReach.ScanReach_C' with ClassGeneratedBy '/Game/ScanReach.ScanReach:PersistentLevel.ScanReach'
[2018.01.03-10.33.42:396][444]LogBlueprintUserMessages: Early EndPlayMap Detection: Level '/Game/ScanReach.ScanReach:PersistentLevel' has LevelScriptBlueprint '/Game/ScanReach.ScanReach:PersistentLevel.ScanReach' with GeneratedClass '/Game/ScanReach.ScanReach_C' with ClassGeneratedBy '/Game/ScanReach.ScanReach:PersistentLevel.ScanReach'
[2018.01.03-10.33.42:443][444]LogBlueprintUserMessages: Late EndPlayMap Detection: Level '/Game/ScanReach.ScanReach:PersistentLevel' has LevelScriptBlueprint '/Game/ScanReach.ScanReach:PersistentLevel.ScanReach' with GeneratedClass '/Game/ScanReach.ScanReach_C' with ClassGeneratedBy '/Game/ScanReach.ScanReach:PersistentLevel.ScanReach'
[2018.01.03-10.33.48:568][165]LogSavePackage: Save=26.92ms
[2018.01.03-10.33.48:568][165]LogSavePackage: Moving '../../../../../../Users/Bendick/Documents/GitHub/SR_Prototype_V3/SR_Prototype_V3/Saved/bp_DeckCamera814E133D4C08649C60676FB420ABDAA1.tmp' to '../../../../../../Users/Bendick/Documents/GitHub/SR_Prototype_V3/SR_Prototype_V3/Content/Blueprints/Camera/bp_DeckCamera.uasset'
[2018.01.03-10.33.48:570][165]LogSavePackage:Display: Finished SavePackage ../../../../../../Users/Bendick/Documents/GitHub/SR_Prototype_V3/SR_Prototype_V3/Content/Blueprints/Camera/bp_DeckCamera.uasset
[2018.01.03-10.33.49:306][253]BlueprintLog: New page: Compile bp_deckCamera
[2018.01.03-10.33.49:905][300]LogSavePackage: Save=26.86ms
[2018.01.03-10.33.49:905][300]LogSavePackage: Moving '../../../../../../Users/Bendick/Documents/GitHub/SR_Prototype_V3/SR_Prototype_V3/Saved/bp_DeckCamera9F9B745245D41105C74AA49A910265F5.tmp' to '../../../../../../Users/Bendick/Documents/GitHub/SR_Prototype_V3/SR_Prototype_V3/Content/Blueprints/Camera/bp_DeckCamera.uasset'
[2018.01.03-10.33.49:907][300]LogSavePackage:Display: Finished SavePackage ../../../../../../Users/Bendick/Documents/GitHub/SR_Prototype_V3/SR_Prototype_V3/Content/Blueprints/Camera/bp_DeckCamera.uasset
[2018.01.03-10.33.50:432][363]LogTemp: Repeting last play command: New Editor Window (PIE)
[2018.01.03-10.33.50:446][363]LogBlueprintUserMessages: Early PlayInEditor Detection: Level '/Game/ScanReach.ScanReach:PersistentLevel' has LevelScriptBlueprint '/Game/ScanReach.ScanReach:PersistentLevel.ScanReach' with GeneratedClass '/Game/ScanReach.ScanReach_C' with ClassGeneratedBy '/Game/ScanReach.ScanReach:PersistentLevel.ScanReach'
[2018.01.03-10.33.50:446][363]LogPlayLevel: PlayLevel: No blueprints needed recompiling
[2018.01.03-10.33.50:446][363]PIE: New page: PIE session: ScanReach (3 Jan 2018 12:33:50)
[2018.01.03-10.33.50:446][363]LogPlayLevel: Creating play world package: /Game/UEDPIE_0_ScanReach
[2018.01.03-10.33.50:447][363]LogPlayLevel: PIE: StaticDuplicateObject took: (0.001772s)
[2018.01.03-10.33.50:448][363]LogAIModule: Creating AISystem for world ScanReach
[2018.01.03-10.33.50:448][363]LogPlayLevel: PIE: World Init took: (0.000372s)
[2018.01.03-10.33.50:448][363]LogPlayLevel: PIE: Created PIE world by copying editor world from /Game/ScanReach.ScanReach to /Game/UEDPIE_0_ScanReach.ScanReach (0.002254s)
[2018.01.03-10.33.50:459][363]LogInit: XAudio2 using 'Speakers (Logitech G933 Gaming Headset)' : 6 channels at 48 kHz using 16 bits per sample (channel mask 0x3f)
[2018.01.03-10.33.50:468][363]LogInit: FAudioDevice initialized.
[2018.01.03-10.33.50:518][363]LogLoad: Game class is 'ScanReach_GM_C'
[2018.01.03-10.33.50:521][363]LogWorld: Bringing World /Game/UEDPIE_0_ScanReach.ScanReach up for play (max tick rate 0) at 2018.01.03-11.33.50
[2018.01.03-10.33.50:521][363]LogWorld: Bringing up level for play took: 0.002451
[2018.01.03-10.33.50:524][363]PIE: Info Play in editor start time for /Game/UEDPIE_0_ScanReach 0.98
[2018.01.03-10.33.50:524][363]LogBlueprintUserMessages: Late PlayInEditor Detection: Level '/Game/ScanReach.ScanReach:PersistentLevel' has LevelScriptBlueprint '/Game/ScanReach.ScanReach:PersistentLevel.ScanReach' with GeneratedClass '/Game/ScanReach.ScanReach_C' with ClassGeneratedBy '/Game/ScanReach.ScanReach:PersistentLevel.ScanReach'
[2018.01.03-10.34.05:324][136]LogBlueprintUserMessages: Early EndPlayMap Detection: Level '/Game/ScanReach.ScanReach:PersistentLevel' has LevelScriptBlueprint '/Game/ScanReach.ScanReach:PersistentLevel.ScanReach' with GeneratedClass '/Game/ScanReach.ScanReach_C' with ClassGeneratedBy '/Game/ScanReach.ScanReach:PersistentLevel.ScanReach'
[2018.01.03-10.34.05:371][136]LogBlueprintUserMessages: Late EndPlayMap Detection: Level '/Game/ScanReach.ScanReach:PersistentLevel' has LevelScriptBlueprint '/Game/ScanReach.ScanReach:PersistentLevel.ScanReach' with GeneratedClass '/Game/ScanReach.ScanReach_C' with ClassGeneratedBy '/Game/ScanReach.ScanReach:PersistentLevel.ScanReach'
[2018.01.03-10.34.49:208][317]LogTemp: Repeting last play command: New Editor Window (PIE)
[2018.01.03-10.34.49:223][317]LogBlueprintUserMessages: Early PlayInEditor Detection: Level '/Game/ScanReach.ScanReach:PersistentLevel' has LevelScriptBlueprint '/Game/ScanReach.ScanReach:PersistentLevel.ScanReach' with GeneratedClass '/Game/ScanReach.ScanReach_C' with ClassGeneratedBy '/Game/ScanReach.ScanReach:PersistentLevel.ScanReach'
[2018.01.03-10.34.49:223][317]LogPlayLevel: PlayLevel: No blueprints needed recompiling
[2018.01.03-10.34.49:223][317]PIE: New page: PIE session: ScanReach (3 Jan 2018 12:34:49)
[2018.01.03-10.34.49:223][317]LogPlayLevel: Creating play world package: /Game/UEDPIE_0_ScanReach
[2018.01.03-10.34.49:225][317]LogPlayLevel: PIE: StaticDuplicateObject took: (0.001776s)
[2018.01.03-10.34.49:225][317]LogAIModule: Creating AISystem for world ScanReach
[2018.01.03-10.34.49:225][317]LogPlayLevel: PIE: World Init took: (0.000371s)
[2018.01.03-10.34.49:226][317]LogPlayLevel: PIE: Created PIE world by copying editor world from /Game/ScanReach.ScanReach to /Game/UEDPIE_0_ScanReach.ScanReach (0.002258s)
[2018.01.03-10.34.49:237][317]LogInit: XAudio2 using 'Speakers (Logitech G933 Gaming Headset)' : 6 channels at 48 kHz using 16 bits per sample (channel mask 0x3f)
[2018.01.03-10.34.49:246][317]LogInit: FAudioDevice initialized.
[2018.01.03-10.34.49:300][317]LogLoad: Game class is 'ScanReach_GM_C'
[2018.01.03-10.34.49:303][317]LogWorld: Bringing World /Game/UEDPIE_0_ScanReach.ScanReach up for play (max tick rate 0) at 2018.01.03-11.34.49
[2018.01.03-10.34.49:303][317]LogWorld: Bringing up level for play took: 0.002475
[2018.01.03-10.34.49:307][317]PIE: Info Play in editor start time for /Game/UEDPIE_0_ScanReach -0.237
[2018.01.03-10.34.49:307][317]LogBlueprintUserMessages: Late PlayInEditor Detection: Level '/Game/ScanReach.ScanReach:PersistentLevel' has LevelScriptBlueprint '/Game/ScanReach.ScanReach:PersistentLevel.ScanReach' with GeneratedClass '/Game/ScanReach.ScanReach_C' with ClassGeneratedBy '/Game/ScanReach.ScanReach:PersistentLevel.ScanReach'
[2018.01.03-10.34.52:653][715]LogBlueprintUserMessages: Early EndPlayMap Detection: Level '/Game/ScanReach.ScanReach:PersistentLevel' has LevelScriptBlueprint '/Game/ScanReach.ScanReach:PersistentLevel.ScanReach' with GeneratedClass '/Game/ScanReach.ScanReach_C' with ClassGeneratedBy '/Game/ScanReach.ScanReach:PersistentLevel.ScanReach'
[2018.01.03-10.34.52:699][715]LogBlueprintUserMessages: Late EndPlayMap Detection: Level '/Game/ScanReach.ScanReach:PersistentLevel' has LevelScriptBlueprint '/Game/ScanReach.ScanReach:PersistentLevel.ScanReach' with GeneratedClass '/Game/ScanReach.ScanReach_C' with ClassGeneratedBy '/Game/ScanReach.ScanReach:PersistentLevel.ScanReach'
[2018.01.03-10.34.59:178][489]LogEditorViewport: Clicking on Actor (LMB): bp_Ship_C (bp_Ship)
[2018.01.03-10.35.07:955][527]LogTemp: Repeting last play command: New Editor Window (PIE)
[2018.01.03-10.35.07:969][527]LogBlueprintUserMessages: Early PlayInEditor Detection: Level '/Game/ScanReach.ScanReach:PersistentLevel' has LevelScriptBlueprint '/Game/ScanReach.ScanReach:PersistentLevel.ScanReach' with GeneratedClass '/Game/ScanReach.ScanReach_C' with ClassGeneratedBy '/Game/ScanReach.ScanReach:PersistentLevel.ScanReach'
[2018.01.03-10.35.07:969][527]LogPlayLevel: PlayLevel: No blueprints needed recompiling
[2018.01.03-10.35.07:969][527]PIE: New page: PIE session: ScanReach (3 Jan 2018 12:35:07)
[2018.01.03-10.35.07:969][527]LogPlayLevel: Creating play world package: /Game/UEDPIE_0_ScanReach
[2018.01.03-10.35.07:971][527]LogPlayLevel: PIE: StaticDuplicateObject took: (0.001942s)
[2018.01.03-10.35.07:971][527]LogAIModule: Creating AISystem for world ScanReach
[2018.01.03-10.35.07:972][527]LogPlayLevel: PIE: World Init took: (0.000414s)
[2018.01.03-10.35.07:972][527]LogPlayLevel: PIE: Created PIE world by copying editor world from /Game/ScanReach.ScanReach to /Game/UEDPIE_0_ScanReach.ScanReach (0.002486s)
[2018.01.03-10.35.07:984][527]LogInit: XAudio2 using 'Speakers (Logitech G933 Gaming Headset)' : 6 channels at 48 kHz using 16 bits per sample (channel mask 0x3f)
[2018.01.03-10.35.07:993][527]LogInit: FAudioDevice initialized.
[2018.01.03-10.35.08:043][527]LogLoad: Game class is 'ScanReach_GM_C'
[2018.01.03-10.35.08:046][527]LogWorld: Bringing World /Game/UEDPIE_0_ScanReach.ScanReach up for play (max tick rate 0) at 2018.01.03-11.35.08
[2018.01.03-10.35.08:047][527]LogWorld: Bringing up level for play took: 0.002675
[2018.01.03-10.35.08:051][527]PIE: Info Play in editor start time for /Game/UEDPIE_0_ScanReach 0.507
[2018.01.03-10.35.08:051][527]LogBlueprintUserMessages: Late PlayInEditor Detection: Level '/Game/ScanReach.ScanReach:PersistentLevel' has LevelScriptBlueprint '/Game/ScanReach.ScanReach:PersistentLevel.ScanReach' with GeneratedClass '/Game/ScanReach.ScanReach_C' with ClassGeneratedBy '/Game/ScanReach.ScanReach:PersistentLevel.ScanReach'
[2018.01.03-10.35.08:254][547]LogScriptCore:Warning: Script Msg: Attempted to access index 3 from array CameraMaterials of length 3!
[2018.01.03-10.35.08:254][547]LogScriptCore:Warning: Script Msg: Attempted to access index 3 from array CameraTextureTargets of length 3!
[2018.01.03-10.35.12:845][ 98]LogBlueprintUserMessages: Early EndPlayMap Detection: Level '/Game/ScanReach.ScanReach:PersistentLevel' has LevelScriptBlueprint '/Game/ScanReach.ScanReach:PersistentLevel.ScanReach' with GeneratedClass '/Game/ScanReach.ScanReach_C' with ClassGeneratedBy '/Game/ScanReach.ScanReach:PersistentLevel.ScanReach'
[2018.01.03-10.35.12:906][ 98]LogBlueprintUserMessages: Late EndPlayMap Detection: Level '/Game/ScanReach.ScanReach:PersistentLevel' has LevelScriptBlueprint '/Game/ScanReach.ScanReach:PersistentLevel.ScanReach' with GeneratedClass '/Game/ScanReach.ScanReach_C' with ClassGeneratedBy '/Game/ScanReach.ScanReach:PersistentLevel.ScanReach'
[2018.01.03-10.35.15:724][430]Cmd: OBJ SAVEPACKAGE PACKAGE="/Game/ScanReach" FILE="../../../../../../Users/Bendick/Documents/GitHub/SR_Prototype_V3/SR_Prototype_V3/Content/ScanReach.umap" SILENT=true AUTOSAVING=false KEEPDIRTY=false
[2018.01.03-10.35.15:849][430]LogSavePackage: Save=94.61ms
[2018.01.03-10.35.15:849][430]LogSavePackage: Moving '../../../../../../Users/Bendick/Documents/GitHub/SR_Prototype_V3/SR_Prototype_V3/Saved/ScanReachDCAC799F473C249AC60086A1BC32087B.tmp' to '../../../../../../Users/Bendick/Documents/GitHub/SR_Prototype_V3/SR_Prototype_V3/Content/ScanReach.umap'
[2018.01.03-10.35.15:851][430]LogSavePackage:Display: Finished SavePackage ../../../../../../Users/Bendick/Documents/GitHub/SR_Prototype_V3/SR_Prototype_V3/Content/ScanReach.umap
[2018.01.03-10.35.15:877][430]Cmd: OBJ SAVEPACKAGE PACKAGE="/Game/ScanReach_BuiltData" FILE="../../../../../../Users/Bendick/Documents/GitHub/SR_Prototype_V3/SR_Prototype_V3/Content/ScanReach_BuiltData.uasset" SILENT=true
[2018.01.03-10.35.15:916][430]LogSavePackage: Save=16.57ms
[2018.01.03-10.35.15:916][430]LogSavePackage: Moving '../../../../../../Users/Bendick/Documents/GitHub/SR_Prototype_V3/SR_Prototype_V3/Saved/ScanReach_BuiltData75C2571248F9C5082A20B99DC4E88242.tmp' to '../../../../../../Users/Bendick/Documents/GitHub/SR_Prototype_V3/SR_Prototype_V3/Content/ScanReach_BuiltData.uasset'
[2018.01.03-10.35.15:917][430]LogSavePackage:Display: Finished SavePackage ../../../../../../Users/Bendick/Documents/GitHub/SR_Prototype_V3/SR_Prototype_V3/Content/ScanReach_BuiltData.uasset
[2018.01.03-10.35.16:218][464]Cmd: OBJ SAVEPACKAGE PACKAGE="/Game/ScanReach" FILE="../../../../../../Users/Bendick/Documents/GitHub/SR_Prototype_V3/SR_Prototype_V3/Content/ScanReach.umap" SILENT=true AUTOSAVING=false KEEPDIRTY=false
[2018.01.03-10.35.16:339][464]LogSavePackage: Save=94.94ms
[2018.01.03-10.35.16:339][464]LogSavePackage: Moving '../../../../../../Users/Bendick/Documents/GitHub/SR_Prototype_V3/SR_Prototype_V3/Saved/ScanReach287ED6884B994EC92218FA8A8CFC4915.tmp' to '../../../../../../Users/Bendick/Documents/GitHub/SR_Prototype_V3/SR_Prototype_V3/Content/ScanReach.umap'
[2018.01.03-10.35.16:340][464]LogSavePackage:Display: Finished SavePackage ../../../../../../Users/Bendick/Documents/GitHub/SR_Prototype_V3/SR_Prototype_V3/Content/ScanReach.umap
[2018.01.03-10.35.16:366][464]Cmd: OBJ SAVEPACKAGE PACKAGE="/Game/ScanReach_BuiltData" FILE="../../../../../../Users/Bendick/Documents/GitHub/SR_Prototype_V3/SR_Prototype_V3/Content/ScanReach_BuiltData.uasset" SILENT=true
[2018.01.03-10.35.16:398][464]LogSavePackage: Save=14.18ms
[2018.01.03-10.35.16:398][464]LogSavePackage: Moving '../../../../../../Users/Bendick/Documents/GitHub/SR_Prototype_V3/SR_Prototype_V3/Saved/ScanReach_BuiltDataA93FB4E246E34A244D74DB893D4B2C61.tmp' to '../../../../../../Users/Bendick/Documents/GitHub/SR_Prototype_V3/SR_Prototype_V3/Content/ScanReach_BuiltData.uasset'
[2018.01.03-10.35.16:399][464]LogSavePackage:Display: Finished SavePackage ../../../../../../Users/Bendick/Documents/GitHub/SR_Prototype_V3/SR_Prototype_V3/Content/ScanReach_BuiltData.uasset
[2018.01.03-10.35.16:801][512]LogTemp: Repeting last play command: New Editor Window (PIE)
[2018.01.03-10.35.16:816][512]LogBlueprintUserMessages: Early PlayInEditor Detection: Level '/Game/ScanReach.ScanReach:PersistentLevel' has LevelScriptBlueprint '/Game/ScanReach.ScanReach:PersistentLevel.ScanReach' with GeneratedClass '/Game/ScanReach.ScanReach_C' with ClassGeneratedBy '/Game/ScanReach.ScanReach:PersistentLevel.ScanReach'
[2018.01.03-10.35.16:816][512]LogPlayLevel: PlayLevel: No blueprints needed recompiling
[2018.01.03-10.35.16:816][512]PIE: New page: PIE session: ScanReach (3 Jan 2018 12:35:16)
[2018.01.03-10.35.16:816][512]LogPlayLevel: Creating play world package: /Game/UEDPIE_0_ScanReach
[2018.01.03-10.35.16:817][512]LogPlayLevel: PIE: StaticDuplicateObject took: (0.001746s)
[2018.01.03-10.35.16:818][512]LogAIModule: Creating AISystem for world ScanReach
[2018.01.03-10.35.16:818][512]LogPlayLevel: PIE: World Init took: (0.000365s)
[2018.01.03-10.35.16:818][512]LogPlayLevel: PIE: Created PIE world by copying editor world from /Game/ScanReach.ScanReach to /Game/UEDPIE_0_ScanReach.ScanReach (0.002221s)
[2018.01.03-10.35.16:829][512]LogInit: XAudio2 using 'Speakers (Logitech G933 Gaming Headset)' : 6 channels at 48 kHz using 16 bits per sample (channel mask 0x3f)
[2018.01.03-10.35.16:838][512]LogInit: FAudioDevice initialized.
[2018.01.03-10.35.16:892][512]LogLoad: Game class is 'ScanReach_GM_C'
[2018.01.03-10.35.16:895][512]LogWorld: Bringing World /Game/UEDPIE_0_ScanReach.ScanReach up for play (max tick rate 0) at 2018.01.03-11.35.16
[2018.01.03-10.35.16:895][512]LogWorld: Bringing up level for play took: 0.002846
[2018.01.03-10.35.16:900][512]PIE: Info Play in editor start time for /Game/UEDPIE_0_ScanReach -0.644
[2018.01.03-10.35.16:901][512]LogBlueprintUserMessages: Late PlayInEditor Detection: Level '/Game/ScanReach.ScanReach:PersistentLevel' has LevelScriptBlueprint '/Game/ScanReach.ScanReach:PersistentLevel.ScanReach' with GeneratedClass '/Game/ScanReach.ScanReach_C' with ClassGeneratedBy '/Game/ScanReach.ScanReach:PersistentLevel.ScanReach'
[2018.01.03-10.35.28:793][935]LogBlueprintUserMessages: Early EndPlayMap Detection: Level '/Game/ScanReach.ScanReach:PersistentLevel' has LevelScriptBlueprint '/Game/ScanReach.ScanReach:PersistentLevel.ScanReach' with GeneratedClass '/Game/ScanReach.ScanReach_C' with ClassGeneratedBy '/Game/ScanReach.ScanReach:PersistentLevel.ScanReach'
[2018.01.03-10.35.28:856][935]LogBlueprintUserMessages: Late EndPlayMap Detection: Level '/Game/ScanReach.ScanReach:PersistentLevel' has LevelScriptBlueprint '/Game/ScanReach.ScanReach:PersistentLevel.ScanReach' with GeneratedClass '/Game/ScanReach.ScanReach_C' with ClassGeneratedBy '/Game/ScanReach.ScanReach:PersistentLevel.ScanReach'
[2018.01.03-10.35.35:633][739]LogEditorViewport: Clicking Background
[2018.01.03-10.35.38:593][ 93]LogTemp: Repeting last play command: New Editor Window (PIE)
[2018.01.03-10.35.38:607][ 93]LogBlueprintUserMessages: Early PlayInEditor Detection: Level '/Game/ScanReach.ScanReach:PersistentLevel' has LevelScriptBlueprint '/Game/ScanReach.ScanReach:PersistentLevel.ScanReach' with GeneratedClass '/Game/ScanReach.ScanReach_C' with ClassGeneratedBy '/Game/ScanReach.ScanReach:PersistentLevel.ScanReach'
[2018.01.03-10.35.38:607][ 93]LogPlayLevel: PlayLevel: No blueprints needed recompiling
[2018.01.03-10.35.38:607][ 93]PIE: New page: PIE session: ScanReach (3 Jan 2018 12:35:38)
[2018.01.03-10.35.38:607][ 93]LogPlayLevel: Creating play world package: /Game/UEDPIE_0_ScanReach
[2018.01.03-10.35.38:609][ 93]LogPlayLevel: PIE: StaticDuplicateObject took: (0.001783s)
[2018.01.03-10.35.38:609][ 93]LogAIModule: Creating AISystem for world ScanReach
[2018.01.03-10.35.38:609][ 93]LogPlayLevel: PIE: World Init took: (0.000383s)
[2018.01.03-10.35.38:610][ 93]LogPlayLevel: PIE: Created PIE world by copying editor world from /Game/ScanReach.ScanReach to /Game/UEDPIE_0_ScanReach.ScanReach (0.002288s)
[2018.01.03-10.35.38:621][ 93]LogInit: XAudio2 using 'Speakers (Logitech G933 Gaming Headset)' : 6 channels at 48 kHz using 16 bits per sample (channel mask 0x3f)
[2018.01.03-10.35.38:630][ 93]LogInit: FAudioDevice initialized.
[2018.01.03-10.35.38:684][ 93]LogLoad: Game class is 'ScanReach_GM_C'
[2018.01.03-10.35.38:687][ 93]LogWorld: Bringing World /Game/UEDPIE_0_ScanReach.ScanReach up for play (max tick rate 0) at 2018.01.03-11.35.38
[2018.01.03-10.35.38:688][ 93]LogWorld: Bringing up level for play took: 0.002499
[2018.01.03-10.35.38:692][ 93]PIE: Info Play in editor start time for /Game/UEDPIE_0_ScanReach -0.852
[2018.01.03-10.35.38:693][ 93]LogBlueprintUserMessages: Late PlayInEditor Detection: Level '/Game/ScanReach.ScanReach:PersistentLevel' has LevelScriptBlueprint '/Game/ScanReach.ScanReach:PersistentLevel.ScanReach' with GeneratedClass '/Game/ScanReach.ScanReach_C' with ClassGeneratedBy '/Game/ScanReach.ScanReach:PersistentLevel.ScanReach'
[2018.01.03-10.35.41:927][477]LogBlueprintUserMessages: Early EndPlayMap Detection: Level '/Game/ScanReach.ScanReach:PersistentLevel' has LevelScriptBlueprint '/Game/ScanReach.ScanReach:PersistentLevel.ScanReach' with GeneratedClass '/Game/ScanReach.ScanReach_C' with ClassGeneratedBy '/Game/ScanReach.ScanReach:PersistentLevel.ScanReach'
[2018.01.03-10.35.41:970][477]LogBlueprintUserMessages: Late EndPlayMap Detection: Level '/Game/ScanReach.ScanReach:PersistentLevel' has LevelScriptBlueprint '/Game/ScanReach.ScanReach:PersistentLevel.ScanReach' with GeneratedClass '/Game/ScanReach.ScanReach_C' with ClassGeneratedBy '/Game/ScanReach.ScanReach:PersistentLevel.ScanReach'
[2018.01.03-10.35.58:244][218]LogEditorViewport: Clicking on Actor (LMB): StaticMeshActor (Floor)
[2018.01.03-10.36.02:636][732]LogTemp: Repeting last play command: New Editor Window (PIE)
[2018.01.03-10.36.02:651][732]LogBlueprintUserMessages: Early PlayInEditor Detection: Level '/Game/ScanReach.ScanReach:PersistentLevel' has LevelScriptBlueprint '/Game/ScanReach.ScanReach:PersistentLevel.ScanReach' with GeneratedClass '/Game/ScanReach.ScanReach_C' with ClassGeneratedBy '/Game/ScanReach.ScanReach:PersistentLevel.ScanReach'
[2018.01.03-10.36.02:651][732]LogPlayLevel: PlayLevel: No blueprints needed recompiling
[2018.01.03-10.36.02:651][732]PIE: New page: PIE session: ScanReach (3 Jan 2018 12:36:02)
[2018.01.03-10.36.02:651][732]LogPlayLevel: Creating play world package: /Game/UEDPIE_0_ScanReach
[2018.01.03-10.36.02:653][732]LogPlayLevel: PIE: StaticDuplicateObject took: (0.001915s)
[2018.01.03-10.36.02:654][732]LogAIModule: Creating AISystem for world ScanReach
[2018.01.03-10.36.02:654][732]LogPlayLevel: PIE: World Init took: (0.000486s)
[2018.01.03-10.36.02:654][732]LogPlayLevel: PIE: Created PIE world by copying editor world from /Game/ScanReach.ScanReach to /Game/UEDPIE_0_ScanReach.ScanReach (0.002555s)
[2018.01.03-10.36.02:665][732]LogInit: XAudio2 using 'Speakers (Logitech G933 Gaming Headset)' : 6 channels at 48 kHz using 16 bits per sample (channel mask 0x3f)
[2018.01.03-10.36.02:674][732]LogInit: FAudioDevice initialized.
[2018.01.03-10.36.02:726][732]LogLoad: Game class is 'ScanReach_GM_C'
[2018.01.03-10.36.02:729][732]LogWorld: Bringing World /Game/UEDPIE_0_ScanReach.ScanReach up for play (max tick rate 0) at 2018.01.03-11.36.02
[2018.01.03-10.36.02:729][732]LogWorld: Bringing up level for play took: 0.002287
[2018.01.03-10.36.02:733][732]PIE: Info Play in editor start time for /Game/UEDPIE_0_ScanReach -0.81
[2018.01.03-10.36.02:734][732]LogBlueprintUserMessages: Late PlayInEditor Detection: Level '/Game/ScanReach.ScanReach:PersistentLevel' has LevelScriptBlueprint '/Game/ScanReach.ScanReach:PersistentLevel.ScanReach' with GeneratedClass '/Game/ScanReach.ScanReach_C' with ClassGeneratedBy '/Game/ScanReach.ScanReach:PersistentLevel.ScanReach'
[2018.01.03-10.36.05:948][114]LogBlueprintUserMessages: Early EndPlayMap Detection: Level '/Game/ScanReach.ScanReach:PersistentLevel' has LevelScriptBlueprint '/Game/ScanReach.ScanReach:PersistentLevel.ScanReach' with GeneratedClass '/Game/ScanReach.ScanReach_C' with ClassGeneratedBy '/Game/ScanReach.ScanReach:PersistentLevel.ScanReach'
[2018.01.03-10.36.06:005][114]LogBlueprintUserMessages: Late EndPlayMap Detection: Level '/Game/ScanReach.ScanReach:PersistentLevel' has LevelScriptBlueprint '/Game/ScanReach.ScanReach:PersistentLevel.ScanReach' with GeneratedClass '/Game/ScanReach.ScanReach_C' with ClassGeneratedBy '/Game/ScanReach.ScanReach:PersistentLevel.ScanReach'
[2018.01.03-10.36.21:135][911]LogLinker: Can't find file '/Game/Blueprints/Widgets/Charts/w_pieChart'
[2018.01.03-10.36.21:135][911]LogLinker: Can't find file '/Game/Blueprints/Widgets/Charts/w_pieChart'
[2018.01.03-10.36.29:163][866]LogLinker: Can't find file '/Game/Blueprints/Widgets/Charts/w_PillarChart'
[2018.01.03-10.36.29:163][866]LogLinker: Can't find file '/Game/Blueprints/Widgets/Charts/w_PillarChart'
[2018.01.03-10.36.32:861][303]LogSavePackage: Save=7.64ms
[2018.01.03-10.36.32:861][303]LogSavePackage: Moving '../../../../../../Users/Bendick/Documents/GitHub/SR_Prototype_V3/SR_Prototype_V3/Saved/w_pieChart91C6130844886F4D51B02C8312BCC199.tmp' to '../../../../../../Users/Bendick/Documents/GitHub/SR_Prototype_V3/SR_Prototype_V3/Content/Blueprints/Widgets/Charts/w_pieChart.uasset'
[2018.01.03-10.36.32:863][303]LogSavePackage:Display: Finished SavePackage ../../../../../../Users/Bendick/Documents/GitHub/SR_Prototype_V3/SR_Prototype_V3/Content/Blueprints/Widgets/Charts/w_pieChart.uasset
[2018.01.03-10.36.34:028][430]Cmd: OBJ SAVEPACKAGE PACKAGE="/Game/ScanReach" FILE="../../../../../../Users/Bendick/Documents/GitHub/SR_Prototype_V3/SR_Prototype_V3/Content/ScanReach.umap" SILENT=true AUTOSAVING=false KEEPDIRTY=false
[2018.01.03-10.36.34:152][430]LogSavePackage: Save=96.77ms
[2018.01.03-10.36.34:152][430]LogSavePackage: Moving '../../../../../../Users/Bendick/Documents/GitHub/SR_Prototype_V3/SR_Prototype_V3/Saved/ScanReachB065E40E4ED608FAAB6AA6987BB93316.tmp' to '../../../../../../Users/Bendick/Documents/GitHub/SR_Prototype_V3/SR_Prototype_V3/Content/ScanReach.umap'
[2018.01.03-10.36.34:153][430]LogSavePackage:Display: Finished SavePackage ../../../../../../Users/Bendick/Documents/GitHub/SR_Prototype_V3/SR_Prototype_V3/Content/ScanReach.umap
[2018.01.03-10.36.34:179][430]Cmd: OBJ SAVEPACKAGE PACKAGE="/Game/ScanReach_BuiltData" FILE="../../../../../../Users/Bendick/Documents/GitHub/SR_Prototype_V3/SR_Prototype_V3/Content/ScanReach_BuiltData.uasset" SILENT=true
[2018.01.03-10.36.34:211][430]LogSavePackage: Save=14.15ms
[2018.01.03-10.36.34:211][430]LogSavePackage: Moving '../../../../../../Users/Bendick/Documents/GitHub/SR_Prototype_V3/SR_Prototype_V3/Saved/ScanReach_BuiltDataEDB57ECB4CC69F694FAE71BE2B42ABA7.tmp' to '../../../../../../Users/Bendick/Documents/GitHub/SR_Prototype_V3/SR_Prototype_V3/Content/ScanReach_BuiltData.uasset'
[2018.01.03-10.36.34:212][430]LogSavePackage:Display: Finished SavePackage ../../../../../../Users/Bendick/Documents/GitHub/SR_Prototype_V3/SR_Prototype_V3/Content/ScanReach_BuiltData.uasset
[2018.01.03-10.36.34:319][441]Cmd: OBJ SAVEPACKAGE PACKAGE="/Game/ScanReach" FILE="../../../../../../Users/Bendick/Documents/GitHub/SR_Prototype_V3/SR_Prototype_V3/Content/ScanReach.umap" SILENT=true AUTOSAVING=false KEEPDIRTY=false
[2018.01.03-10.36.34:441][441]LogSavePackage: Save=96.13ms
[2018.01.03-10.36.34:441][441]LogSavePackage: Moving '../../../../../../Users/Bendick/Documents/GitHub/SR_Prototype_V3/SR_Prototype_V3/Saved/ScanReachD46D1826447BA7E2165029AE338C4D48.tmp' to '../../../../../../Users/Bendick/Documents/GitHub/SR_Prototype_V3/SR_Prototype_V3/Content/ScanReach.umap'
[2018.01.03-10.36.34:442][441]LogSavePackage:Display: Finished SavePackage ../../../../../../Users/Bendick/Documents/GitHub/SR_Prototype_V3/SR_Prototype_V3/Content/ScanReach.umap
[2018.01.03-10.36.34:468][441]Cmd: OBJ SAVEPACKAGE PACKAGE="/Game/ScanReach_BuiltData" FILE="../../../../../../Users/Bendick/Documents/GitHub/SR_Prototype_V3/SR_Prototype_V3/Content/ScanReach_BuiltData.uasset" SILENT=true
[2018.01.03-10.36.34:501][441]LogSavePackage: Save=14.45ms
[2018.01.03-10.36.34:501][441]LogSavePackage: Moving '../../../../../../Users/Bendick/Documents/GitHub/SR_Prototype_V3/SR_Prototype_V3/Saved/ScanReach_BuiltData339A2326492F09B17CFB419611AC64B6.tmp' to '../../../../../../Users/Bendick/Documents/GitHub/SR_Prototype_V3/SR_Prototype_V3/Content/ScanReach_BuiltData.uasset'
[2018.01.03-10.36.34:502][441]LogSavePackage:Display: Finished SavePackage ../../../../../../Users/Bendick/Documents/GitHub/SR_Prototype_V3/SR_Prototype_V3/Content/ScanReach_BuiltData.uasset
[2018.01.03-10.36.58:758][777]LogEditorViewport: Clicking on Actor (LMB): bp_Ship_C (bp_Ship)
[2018.01.03-10.38.38:715][755]LogEditorViewport: Clicking on Actor (LMB): StaticMeshActor (Floor)
[2018.01.03-10.38.39:654][863]LogEditorViewport: Clicking Background
[2018.01.03-10.46.34:167][798]LogFileHelpers: Editor autosave (incl. sublevels) for '/Game/ScanReach' took 0.011
[2018.01.03-10.46.34:168][798]OBJ SavePackage: Generating thumbnails for [0] asset(s) in package [/Game/Blueprints/Widgets/Charts/w_PillarChart] ([1] browsable assets)...
[2018.01.03-10.46.34:168][798]OBJ SavePackage: Finished generating thumbnails for package [/Game/Blueprints/Widgets/Charts/w_PillarChart]
[2018.01.03-10.46.34:178][798]LogSavePackage: Save=8.32ms
[2018.01.03-10.46.34:178][798]LogSavePackage: Moving '../../../../../../Users/Bendick/Documents/GitHub/SR_Prototype_V3/SR_Prototype_V3/Saved/w_PillarChart_Auto1237F2B204993CAF3E548D3A0DD1A2B4B.tmp' to '../../../../../../Users/Bendick/Documents/GitHub/SR_Prototype_V3/SR_Prototype_V3/Saved/Autosaves/Game/Blueprints/Widgets/Charts/w_PillarChart_Auto1.uasset'
[2018.01.03-10.46.34:180][798]LogSavePackage:Display: Finished SavePackage ../../../../../../Users/Bendick/Documents/GitHub/SR_Prototype_V3/SR_Prototype_V3/Saved/Autosaves/Game/Blueprints/Widgets/Charts/w_PillarChart_Auto1.uasset
[2018.01.03-10.46.34:180][798]LogFileHelpers: Auto-saving content packages took 0.013
[2018.01.03-10.54.10:963][114]LogTemp: Repeting last play command: New Editor Window (PIE)
[2018.01.03-10.54.10:979][114]LogBlueprintUserMessages: Early PlayInEditor Detection: Level '/Game/ScanReach.ScanReach:PersistentLevel' has LevelScriptBlueprint '/Game/ScanReach.ScanReach:PersistentLevel.ScanReach' with GeneratedClass '/Game/ScanReach.ScanReach_C' with ClassGeneratedBy '/Game/ScanReach.ScanReach:PersistentLevel.ScanReach'
[2018.01.03-10.54.10:979][114]BlueprintLog: New page: Pre-Play auto-recompile
[2018.01.03-10.54.10:979][114]LogPlayLevel: [PlayLevel] Compiling w_PieChart before play...
[2018.01.03-10.54.11:032][114]LogPlayLevel: [PlayLevel] Compiling w_PillarChart before play...
[2018.01.03-10.54.11:089][114]LogPlayLevel: PlayLevel: Blueprint regeneration took 109 ms (2 blueprints)
[2018.01.03-10.54.11:089][114]PIE: New page: PIE session: ScanReach (3 Jan 2018 12:54:11)
[2018.01.03-10.54.11:089][114]LogPlayLevel: Creating play world package: /Game/UEDPIE_0_ScanReach
[2018.01.03-10.54.11:091][114]LogPlayLevel: PIE: StaticDuplicateObject took: (0.001899s)
[2018.01.03-10.54.11:091][114]LogAIModule: Creating AISystem for world ScanReach
[2018.01.03-10.54.11:091][114]LogPlayLevel: PIE: World Init took: (0.000527s)
[2018.01.03-10.54.11:091][114]LogPlayLevel: PIE: Created PIE world by copying editor world from /Game/ScanReach.ScanReach to /Game/UEDPIE_0_ScanReach.ScanReach (0.002547s)
[2018.01.03-10.54.11:102][114]LogInit: XAudio2 using 'Speakers (Logitech G933 Gaming Headset)' : 6 channels at 48 kHz using 16 bits per sample (channel mask 0x3f)
[2018.01.03-10.54.11:112][114]LogInit: FAudioDevice initialized.
[2018.01.03-10.54.11:167][114]LogLoad: Game class is 'ScanReach_GM_C'
[2018.01.03-10.54.11:170][114]LogWorld: Bringing World /Game/UEDPIE_0_ScanReach.ScanReach up for play (max tick rate 0) at 2018.01.03-11.54.11
[2018.01.03-10.54.11:170][114]LogWorld: Bringing up level for play took: 0.002506
[2018.01.03-10.54.11:175][114]PIE: Info Play in editor start time for /Game/UEDPIE_0_ScanReach -0.369
[2018.01.03-10.54.11:176][114]LogBlueprintUserMessages: Late PlayInEditor Detection: Level '/Game/ScanReach.ScanReach:PersistentLevel' has LevelScriptBlueprint '/Game/ScanReach.ScanReach:PersistentLevel.ScanReach' with GeneratedClass '/Game/ScanReach.ScanReach_C' with ClassGeneratedBy '/Game/ScanReach.ScanReach:PersistentLevel.ScanReach'
[2018.01.03-10.54.13:513][390]LogBlueprintUserMessages: Early EndPlayMap Detection: Level '/Game/ScanReach.ScanReach:PersistentLevel' has LevelScriptBlueprint '/Game/ScanReach.ScanReach:PersistentLevel.ScanReach' with GeneratedClass '/Game/ScanReach.ScanReach_C' with ClassGeneratedBy '/Game/ScanReach.ScanReach:PersistentLevel.ScanReach'
[2018.01.03-10.54.13:555][390]LogBlueprintUserMessages: Late EndPlayMap Detection: Level '/Game/ScanReach.ScanReach:PersistentLevel' has LevelScriptBlueprint '/Game/ScanReach.ScanReach:PersistentLevel.ScanReach' with GeneratedClass '/Game/ScanReach.ScanReach_C' with ClassGeneratedBy '/Game/ScanReach.ScanReach:PersistentLevel.ScanReach'
[2018.01.03-10.56.37:334][907]LogFileHelpers: Editor autosave (incl. sublevels) for '/Game/ScanReach' took 0.010
[2018.01.03-10.56.37:335][907]OBJ SavePackage: Generating thumbnails for [0] asset(s) in package [/Game/Blueprints/Widgets/Charts/w_PillarChart] ([1] browsable assets)...
[2018.01.03-10.56.37:335][907]OBJ SavePackage: Finished generating thumbnails for package [/Game/Blueprints/Widgets/Charts/w_PillarChart]
[2018.01.03-10.56.37:344][907]LogSavePackage: Save=7.33ms
[2018.01.03-10.56.37:344][907]LogSavePackage: Moving '../../../../../../Users/Bendick/Documents/GitHub/SR_Prototype_V3/SR_Prototype_V3/Saved/w_PillarChart_Auto265F3B2294D1A5F9DD7A711A2F898F405.tmp' to '../../../../../../Users/Bendick/Documents/GitHub/SR_Prototype_V3/SR_Prototype_V3/Saved/Autosaves/Game/Blueprints/Widgets/Charts/w_PillarChart_Auto2.uasset'
[2018.01.03-10.56.37:346][907]LogSavePackage:Display: Finished SavePackage ../../../../../../Users/Bendick/Documents/GitHub/SR_Prototype_V3/SR_Prototype_V3/Saved/Autosaves/Game/Blueprints/Widgets/Charts/w_PillarChart_Auto2.uasset
[2018.01.03-10.56.37:346][907]LogFileHelpers: Auto-saving content packages took 0.011
[2018.01.03-11.23.42:068][814]LogEditorViewport: Clicking on Actor (LMB): bp_Ship_C (bp_Ship)
[2018.01.03-11.23.42:416][848]Cmd: CAMERA ALIGN ACTIVEVIEWPORTONLY
[2018.01.03-11.26.36:423][174]LogEditorViewport: Clicking on Actor (LMB): StaticMeshActor (Floor)
[2018.01.03-11.26.51:189][937]LogEditorViewport: Clicking on Actor (LMB): bp_Ship_C (bp_Ship)
[2018.01.03-11.30.58:273][451]LogEditorViewport: Clicking on Actor (LMB): StaticMeshActor (Floor)
[2018.01.03-11.32.57:729][908]LogSavePackage: Save=8.04ms
[2018.01.03-11.32.57:729][908]LogSavePackage: Moving '../../../../../../Users/Bendick/Documents/GitHub/SR_Prototype_V3/SR_Prototype_V3/Saved/w_PillarChartB28768A949A97E760E70AAAA087059D6.tmp' to '../../../../../../Users/Bendick/Documents/GitHub/SR_Prototype_V3/SR_Prototype_V3/Content/Blueprints/Widgets/Charts/w_PillarChart.uasset'
[2018.01.03-11.32.57:744][908]LogSavePackage:Display: Finished SavePackage ../../../../../../Users/Bendick/Documents/GitHub/SR_Prototype_V3/SR_Prototype_V3/Content/Blueprints/Widgets/Charts/w_PillarChart.uasset
[2018.01.03-11.32.57:829][908]LogActorComponent: UnregisterComponent: (/Engine/Transient.EditorFloorComp) Not registered. Aborting.
[2018.01.03-11.32.57:886][908]LogWindowsTextInputMethodSystem:Display: IME system now deactivated.
[2018.01.03-11.32.57:886][908]LogWindowsTextInputMethodSystem:Display: IME system now deactivated.
[2018.01.03-11.32.58:044][909]Cmd: QUIT_EDITOR
[2018.01.03-11.32.58:832][909]LogExit: Preparing to exit.
[2018.01.03-11.32.59:359][909]LogDirectoryWatcher: A directory notification for 'C:/Users/Bendick/Documents/GitHub/SR_Prototype_V3/SR_Prototype_V3/Content/' was aborted.
[2018.01.03-11.32.59:380][909]LogExit: Editor shut down
[2018.01.03-11.32.59:386][909]LogExit: Transaction tracking system shut down
[2018.01.03-11.32.59:461][909]LogObj: Freed 0b from 0 cluster array pools.
[2018.01.03-11.32.59:461][909]LogExit: Object subsystem successfully closed.
[2018.01.03-11.32.59:481][909]LogD3D11RHI: Shutdown
[2018.01.03-11.32.59:481][909]LogD3D11RHI: CleanupD3DDevice
[2018.01.03-11.32.59:526][909]LogD3D11RHI: ~FD3D11DynamicRHI
[2018.01.03-11.32.59:543][909]LogModuleManager: Shutting down and abandoning module SequencerWidgets (534)
[2018.01.03-11.32.59:543][909]LogModuleManager: Shutting down and abandoning module BlueprintGraph (532)
[2018.01.03-11.32.59:543][909]LogModuleManager: Shutting down and abandoning module BlueprintProfiler (530)
[2018.01.03-11.32.59:543][909]LogModuleManager: Shutting down and abandoning module TextureEditor (528)
[2018.01.03-11.32.59:543][909]LogModuleManager: Shutting down and abandoning module MovieSceneCapture (526)
[2018.01.03-11.32.59:543][909]LogModuleManager: Shutting down and abandoning module HierarchicalLODOutliner (524)
[2018.01.03-11.32.59:543][909]LogModuleManager: Shutting down and abandoning module CrashTracker (522)
[2018.01.03-11.32.59:543][909]LogModuleManager: Shutting down and abandoning module SceneOutliner (520)
[2018.01.03-11.32.59:543][909]LogModuleManager: Shutting down and abandoning module AddContentDialog (518)
[2018.01.03-11.32.59:544][909]LogDirectoryWatcher: A directory notification for 'C:/Program Files/Epic Games/UE_4.16/FeaturePacks/' was aborted.
[2018.01.03-11.32.59:544][909]LogModuleManager: Shutting down and abandoning module WidgetCarousel (517)
[2018.01.03-11.32.59:544][909]LogModuleManager: Shutting down and abandoning module EditorWidgets (514)
[2018.01.03-11.32.59:544][909]LogModuleManager: Shutting down and abandoning module CollectionManager (512)
[2018.01.03-11.32.59:544][909]LogDirectoryWatcher: A directory notification for 'C:/Users/Bendick/Documents/GitHub/SR_Prototype_V3/SR_Prototype_V3/Content/Collections/' was aborted.
[2018.01.03-11.32.59:544][909]LogDirectoryWatcher: A directory notification for 'C:/Users/Bendick/Documents/GitHub/SR_Prototype_V3/SR_Prototype_V3/Content/Developers/Bendick/Collections/' was aborted.
[2018.01.03-11.32.59:544][909]LogDirectoryWatcher: A directory notification for 'C:/Users/Bendick/Documents/GitHub/SR_Prototype_V3/SR_Prototype_V3/Saved/Collections/' was aborted.
[2018.01.03-11.32.59:544][909]LogModuleManager: Shutting down and abandoning module StatsViewer (510)
[2018.01.03-11.32.59:544][909]LogModuleManager: Shutting down and abandoning module FoliageEdit (508)
[2018.01.03-11.32.59:544][909]LogModuleManager: Shutting down and abandoning module LandscapeEditor (506)
[2018.01.03-11.32.59:545][909]LogModuleManager: Shutting down and abandoning module MeshPaintMode (504)
[2018.01.03-11.32.59:545][909]LogModuleManager: Shutting down and abandoning module SceneDepthPickerMode (502)
[2018.01.03-11.32.59:545][909]LogModuleManager: Shutting down and abandoning module ActorPickerMode (500)
[2018.01.03-11.32.59:545][909]LogModuleManager: Shutting down and abandoning module GeometryMode (498)
[2018.01.03-11.32.59:545][909]LogModuleManager: Shutting down and abandoning module TextureAlignMode (496)
[2018.01.03-11.32.59:545][909]LogModuleManager: Shutting down and abandoning module BspMode (494)
[2018.01.03-11.32.59:545][909]LogModuleManager: Shutting down and abandoning module HardwareSurvey (492)
[2018.01.03-11.32.59:545][909]LogModuleManager: Shutting down and abandoning module SequenceRecorderSections (490)
[2018.01.03-11.32.59:545][909]LogModuleManager: Shutting down and abandoning module AutomationWorker (488)
[2018.01.03-11.32.59:545][909]LogModuleManager: Shutting down and abandoning module MatineeToLevelSequence (486)
[2018.01.03-11.32.59:545][909]LogModuleManager: Shutting down and abandoning module LevelSequenceEditor (484)
[2018.01.03-11.32.59:545][909]LogModuleManager: Shutting down and abandoning module PlacementMode (483)
[2018.01.03-11.32.59:545][909]LogModuleManager: Shutting down and abandoning module WmfMediaFactory (480)
[2018.01.03-11.32.59:545][909]LogModuleManager: Shutting down and abandoning module WmfMediaEditor (478)
[2018.01.03-11.32.59:545][909]LogModuleManager: Shutting down and abandoning module AvfMediaFactory (476)
[2018.01.03-11.32.59:545][909]LogModuleManager: Shutting down and abandoning module AvfMediaEditor (474)
[2018.01.03-11.32.59:545][909]LogModuleManager: Shutting down and abandoning module AndroidMediaFactory (472)
[2018.01.03-11.32.59:545][909]LogModuleManager: Shutting down and abandoning module Media (471)
[2018.01.03-11.32.59:545][909]LogModuleManager: Shutting down and abandoning module AndroidMediaEditor (468)
[2018.01.03-11.32.59:545][909]LogModuleManager: Shutting down and abandoning module CharacterAI (466)
[2018.01.03-11.32.59:545][909]LogModuleManager: Shutting down and abandoning module AudioCapture (464)
[2018.01.03-11.32.59:545][909]LogModuleManager: Shutting down and abandoning module SequenceRecorder (463)
[2018.01.03-11.32.59:545][909]LogModuleManager: Shutting down and abandoning module SmartSnapping (460)
[2018.01.03-11.32.59:545][909]LogModuleManager: Shutting down and abandoning module SessionServices (458)
[2018.01.03-11.32.59:545][909]LogModuleManager: Shutting down and abandoning module ViewportSnapping (456)
[2018.01.03-11.32.59:545][909]LogModuleManager: Shutting down and abandoning module ViewportInteraction (454)
[2018.01.03-11.32.59:545][909]LogModuleManager: Shutting down and abandoning module ClothPainter (452)
[2018.01.03-11.32.59:546][909]LogModuleManager: Shutting down and abandoning module LogVisualizer (450)
[2018.01.03-11.32.59:546][909]LogModuleManager: Shutting down and abandoning module IntroTutorials (448)
[2018.01.03-11.32.59:546][909]LogModuleManager: Shutting down and abandoning module GameProjectGeneration (447)
[2018.01.03-11.32.59:547][909]LogModuleManager: Shutting down and abandoning module EditorLiveStreaming (444)
[2018.01.03-11.32.59:547][909]LogModuleManager: Shutting down and abandoning module IOSPlatformEditor (442)
[2018.01.03-11.32.59:548][909]LogModuleManager: Shutting down and abandoning module HTML5PlatformEditor (440)
[2018.01.03-11.32.59:548][909]LogModuleManager: Shutting down and abandoning module AndroidPlatformEditor (438)
[2018.01.03-11.32.59:548][909]LogModuleManager: Shutting down and abandoning module AndroidDeviceDetection (437)
[2018.01.03-11.33.00:264][909]LogModuleManager: Shutting down and abandoning module IOSRuntimeSettings (434)
[2018.01.03-11.33.00:264][909]LogModuleManager: Shutting down and abandoning module AndroidRuntimeSettings (432)
[2018.01.03-11.33.00:264][909]LogModuleManager: Shutting down and abandoning module InputBindingEditor (430)
[2018.01.03-11.33.00:276][909]LogModuleManager: Shutting down and abandoning module MergeActors (428)
[2018.01.03-11.33.00:276][909]LogModuleManager: Shutting down and abandoning module SizeMap (426)
[2018.01.03-11.33.00:276][909]LogModuleManager: Shutting down and abandoning module TreeMap (424)
[2018.01.03-11.33.00:276][909]LogModuleManager: Shutting down and abandoning module ReferenceViewer (422)
[2018.01.03-11.33.00:276][909]LogModuleManager: Shutting down and abandoning module LocalizationDashboard (420)
[2018.01.03-11.33.00:277][909]LogModuleManager: Shutting down and abandoning module LocalizationService (419)
[2018.01.03-11.33.00:277][909]LogModuleManager: Shutting down and abandoning module HardwareTargeting (416)
[2018.01.03-11.33.00:277][909]LogModuleManager: Shutting down and abandoning module DeviceProfileEditor (414)
[2018.01.03-11.33.00:277][909]LogModuleManager: Shutting down and abandoning module UndoHistory (412)
[2018.01.03-11.33.00:277][909]LogModuleManager: Shutting down and abandoning module UserFeedback (410)
[2018.01.03-11.33.00:277][909]LogModuleManager: Shutting down and abandoning module XmlParser (408)
[2018.01.03-11.33.00:277][909]LogModuleManager: Shutting down and abandoning module Blutility (406)
[2018.01.03-11.33.00:277][909]LogModuleManager: Shutting down and abandoning module ProjectSettingsViewer (404)
[2018.01.03-11.33.00:277][909]LogModuleManager: Shutting down and abandoning module ProjectTargetPlatformEditor (403)
[2018.01.03-11.33.00:277][909]LogModuleManager: Shutting down and abandoning module EditorSettingsViewer (400)
[2018.01.03-11.33.00:278][909]LogModuleManager: Shutting down and abandoning module SettingsEditor (398)
[2018.01.03-11.33.00:278][909]LogModuleManager: Shutting down and abandoning module ProjectLauncher (396)
[2018.01.03-11.33.00:278][909]LogModuleManager: Shutting down and abandoning module SessionFrontend (394)
[2018.01.03-11.33.00:278][909]LogModuleManager: Shutting down and abandoning module ProfilerClient (392)
[2018.01.03-11.33.00:279][909]LogModuleManager: Shutting down and abandoning module DeviceManager (390)
[2018.01.03-11.33.00:279][909]LogModuleManager: Shutting down and abandoning module TargetDeviceServices (389)
[2018.01.03-11.33.00:333][909]LogModuleManager: Shutting down and abandoning module AutomationController (386)
[2018.01.03-11.33.00:333][909]LogModuleManager: Shutting down and abandoning module AutomationWindow (384)
[2018.01.03-11.33.00:334][909]LogModuleManager: Shutting down and abandoning module Layers (382)
[2018.01.03-11.33.00:335][909]LogModuleManager: Shutting down and abandoning module ComponentVisualizers (380)
[2018.01.03-11.33.00:335][909]LogModuleManager: Shutting down and abandoning module DetailCustomizations (378)
[2018.01.03-11.33.00:335][909]LogModuleManager: Shutting down and abandoning module PackagesDialog (376)
[2018.01.03-11.33.00:335][909]LogModuleManager: Shutting down and abandoning module Persona (374)
[2018.01.03-11.33.00:336][909]LogModuleManager: Shutting down and abandoning module AdvancedPreviewScene (373)
[2018.01.03-11.33.00:336][909]LogModuleManager: Shutting down and abandoning module AnimGraph (371)
[2018.01.03-11.33.00:336][909]LogModuleManager: Shutting down and abandoning module Kismet (368)
[2018.01.03-11.33.00:339][909]LogModuleManager: Shutting down and abandoning module ClassViewer (366)
[2018.01.03-11.33.00:339][909]LogModuleManager: Shutting down and abandoning module Toolbox (364)
[2018.01.03-11.33.00:339][909]LogModuleManager: Shutting down and abandoning module ModuleUI (362)
[2018.01.03-11.33.00:340][909]LogModuleManager: Shutting down and abandoning module MovieSceneTools (360)
[2018.01.03-11.33.00:341][909]LogModuleManager: Shutting down and abandoning module OutputLog (358)
[2018.01.03-11.33.00:341][909]LogModuleManager: Shutting down and abandoning module GammaUI (356)
[2018.01.03-11.33.00:341][909]LogModuleManager: Shutting down and abandoning module Documentation (354)
[2018.01.03-11.33.00:341][909]LogModuleManager: Shutting down and abandoning module MovieSceneTracks (352)
[2018.01.03-11.33.00:341][909]LogModuleManager: Shutting down and abandoning module MovieScene (350)
[2018.01.03-11.33.00:341][909]LogModuleManager: Shutting down and abandoning module Niagara (348)
[2018.01.03-11.33.00:341][909]LogModuleManager: Shutting down and abandoning module NiagaraEditor (347)
[2018.01.03-11.33.00:342][909]LogModuleManager: Shutting down and abandoning module StreamingPauseRendering (344)
[2018.01.03-11.33.00:342][909]LogModuleManager: Shutting down and abandoning module AnalyticsET (342)
[2018.01.03-11.33.00:342][909]LogModuleManager: Shutting down and abandoning module PortalServices (340)
[2018.01.03-11.33.00:342][909]LogModuleManager: Shutting down and abandoning module PortalRpc (338)
[2018.01.03-11.33.00:342][909]LogModuleManager: Shutting down and abandoning module MessagingRpc (336)
[2018.01.03-11.33.00:342][909]LogModuleManager: Shutting down and abandoning module AIModule (334)
[2018.01.03-11.33.00:342][909]LogModuleManager: Shutting down and abandoning module GameplayDebugger (333)
[2018.01.03-11.33.00:342][909]LogModuleManager: Shutting down and abandoning module AITestSuite (331)
[2018.01.03-11.33.00:342][909]LogModuleManager: Shutting down and abandoning module ProfilerService (328)
[2018.01.03-11.33.00:422][909]LogModuleManager: Shutting down and abandoning module TaskGraph (326)
[2018.01.03-11.33.00:422][909]LogModuleManager: Shutting down and abandoning module SteamVRController (324)
[2018.01.03-11.33.00:422][909]LogModuleManager: Shutting down and abandoning module SteamVR (322)
[2018.01.03-11.33.00:422][909]LogModuleManager: Shutting down and abandoning module ProceduralMeshComponentEditor (320)
[2018.01.03-11.33.00:422][909]LogModuleManager: Shutting down and abandoning module ProceduralMeshComponent (318)
[2018.01.03-11.33.00:422][909]LogModuleManager: Shutting down and abandoning module OculusLibrary (316)
[2018.01.03-11.33.00:422][909]LogModuleManager: Shutting down and abandoning module OculusInput (314)
[2018.01.03-11.33.00:422][909]LogModuleManager: Shutting down and abandoning module MobilePatchingUtils (312)
[2018.01.03-11.33.00:422][909]LogModuleManager: Shutting down and abandoning module CustomMeshComponent (310)
[2018.01.03-11.33.00:422][909]LogModuleManager: Shutting down and abandoning module CableComponent (308)
[2018.01.03-11.33.00:423][909]LogModuleManager: Shutting down and abandoning module ArchVisCharacter (306)
[2018.01.03-11.33.00:423][909]LogModuleManager: Shutting down and abandoning module AndroidPermission (304)
[2018.01.03-11.33.00:423][909]LogModuleManager: Shutting down and abandoning module MediaPlayerEditor (300)
[2018.01.03-11.33.00:424][909]LogModuleManager: Shutting down and abandoning module HTML5Networking (298)
[2018.01.03-11.33.00:424][909]LogModuleManager: Shutting down and abandoning module AlembicImporter (296)
[2018.01.03-11.33.00:424][909]LogModuleManager: Shutting down and abandoning module AlembicLibrary (295)
[2018.01.03-11.33.00:424][909]LogModuleManager: Shutting down and abandoning module GeometryCache (294)
[2018.01.03-11.33.00:424][909]LogModuleManager: Shutting down and abandoning module GeometryCacheEd (293)
[2018.01.03-11.33.00:424][909]LogModuleManager: Shutting down and abandoning module SuperSearchEditor (288)
[2018.01.03-11.33.00:424][909]LogModuleManager: Shutting down and abandoning module SuperSearch (287)
[2018.01.03-11.33.00:424][909]LogModuleManager: Shutting down and abandoning module SpeedTreeImporter (284)
[2018.01.03-11.33.00:424][909]LogModuleManager: Shutting down and abandoning module PluginBrowser (282)
[2018.01.03-11.33.00:424][909]LogModuleManager: Shutting down and abandoning module MobileLauncherProfileWizard (280)
[2018.01.03-11.33.00:424][909]LogModuleManager: Shutting down and abandoning module VisualStudioSourceCodeAccess (278)
[2018.01.03-11.33.00:424][909]LogModuleManager: Shutting down and abandoning module DesktopPlatform (277)
[2018.01.03-11.33.00:424][909]LogModuleManager: Shutting down and abandoning module UObjectPlugin (274)
[2018.01.03-11.33.00:424][909]LogModuleManager: Shutting down and abandoning module SubversionSourceControl (272)
[2018.01.03-11.33.00:424][909]LogModuleManager: Shutting down and abandoning module PerforceSourceControl (270)
[2018.01.03-11.33.00:424][909]LogModuleManager: Shutting down and abandoning module GitSourceControl (268)
[2018.01.03-11.33.00:424][909]LogModuleManager: Shutting down and abandoning module SourceControl (267)
[2018.01.03-11.33.00:424][909]LogModuleManager: Shutting down and abandoning module LightPropagationVolumeEditor (264)
[2018.01.03-11.33.00:424][909]LogModuleManager: Shutting down and abandoning module PaperTiledImporter (262)
[2018.01.03-11.33.00:424][909]LogModuleManager: Shutting down and abandoning module PaperSpriteSheetImporter (260)
[2018.01.03-11.33.00:424][909]LogModuleManager: Shutting down and abandoning module Paper2DEditor (258)
[2018.01.03-11.33.00:424][909]LogModuleManager: Shutting down and abandoning module MeshPaint (257)
[2018.01.03-11.33.00:424][909]LogModuleManager: Shutting down and abandoning module LevelEditor (255)
[2018.01.03-11.33.00:425][909]LogModuleManager: Shutting down and abandoning module PixelInspectorModule (254)
[2018.01.03-11.33.00:425][909]LogModuleManager: Shutting down and abandoning module MainFrame (252)
[2018.01.03-11.33.00:425][909]LogModuleManager: Shutting down and abandoning module HotReload (251)
[2018.01.03-11.33.00:425][909]LogModuleManager: Shutting down and abandoning module PhysXVehiclesEditor (246)
[2018.01.03-11.33.00:425][909]LogModuleManager: Shutting down and abandoning module PhysXVehicles (244)
[2018.01.03-11.33.00:425][909]LogModuleManager: Shutting down and abandoning module LocationServicesBPLibrary (242)
[2018.01.03-11.33.00:425][909]LogModuleManager: Shutting down and abandoning module ImmediatePhysicsEditor (240)
[2018.01.03-11.33.00:425][909]LogModuleManager: Shutting down and abandoning module ImmediatePhysics (238)
[2018.01.03-11.33.00:425][909]LogModuleManager: Shutting down and abandoning module UdpMessaging (236)
[2018.01.03-11.33.00:526][909]LogModuleManager: Shutting down and abandoning module TcpMessaging (234)
[2018.01.03-11.33.00:626][909]LogModuleManager: Shutting down and abandoning module GameplayTagsEditor (232)
[2018.01.03-11.33.00:626][909]LogModuleManager: Shutting down and abandoning module FacialAnimationEditor (230)
[2018.01.03-11.33.00:626][909]LogModuleManager: Shutting down and abandoning module FacialAnimation (228)
[2018.01.03-11.33.00:626][909]LogModuleManager: Shutting down and abandoning module AssetManagerEditor (226)
[2018.01.03-11.33.00:626][909]LogModuleManager: Shutting down and abandoning module GraphEditor (225)
[2018.01.03-11.33.00:626][909]LogModuleManager: Shutting down and abandoning module ContentBrowser (223)
[2018.01.03-11.33.00:627][909]LogModuleManager: Shutting down and abandoning module LightPropagationVolumeRuntime (220)
[2018.01.03-11.33.00:627][909]LogModuleManager: Shutting down and abandoning module Paper2D (218)
[2018.01.03-11.33.00:627][909]LogModuleManager: Shutting down and abandoning module WindowsMoviePlayer (216)
[2018.01.03-11.33.00:627][909]LogModuleManager: Shutting down and abandoning module WmfMedia (214)
[2018.01.03-11.33.00:628][909]LogModuleManager: Shutting down and abandoning module ClothingSystemEditor (212)
[2018.01.03-11.33.00:628][909]LogModuleManager: Shutting down and abandoning module ClothingSystemRuntime (210)
[2018.01.03-11.33.00:629][909]LogModuleManager: Shutting down and abandoning module MediaAssets (208)
[2018.01.03-11.33.00:629][909]LogModuleManager: Shutting down and abandoning module GameLiveStreaming (206)
[2018.01.03-11.33.00:629][909]LogModuleManager: Shutting down and abandoning module VREditor (204)
[2018.01.03-11.33.00:629][909]LogModuleManager: Shutting down and abandoning module StringTableEditor (202)
[2018.01.03-11.33.00:630][909]LogModuleManager: Shutting down and abandoning module GameplayTasksEditor (200)
[2018.01.03-11.33.00:630][909]LogModuleManager: Shutting down and abandoning module BehaviorTreeEditor (198)
[2018.01.03-11.33.00:630][909]LogModuleManager: Shutting down and abandoning module FunctionalTesting (196)
[2018.01.03-11.33.00:630][909]LogModuleManager: Shutting down and abandoning module CollisionAnalyzer (194)
[2018.01.03-11.33.00:631][909]LogModuleManager: Shutting down and abandoning module UMG (192)
[2018.01.03-11.33.00:631][909]LogModuleManager: Shutting down and abandoning module UMGEditor (191)
[2018.01.03-11.33.00:631][909]LogModuleManager: Shutting down and abandoning module Sequencer (190)
[2018.01.03-11.33.00:631][909]LogModuleManager: Shutting down and abandoning module AssetTools (188)
[2018.01.03-11.33.00:631][909]LogModuleManager: Shutting down and abandoning module MessageLog (187)
[2018.01.03-11.33.00:631][909]LogModuleManager: Shutting down and abandoning module WorkspaceMenuStructure (186)
[2018.01.03-11.33.00:631][909]LogModuleManager: Shutting down and abandoning module SlateReflector (180)
[2018.01.03-11.33.00:632][909]LogModuleManager: Shutting down and abandoning module Slate (178)
[2018.01.03-11.33.00:632][909]LogModuleManager: Shutting down and abandoning module EditorStyle (176)
[2018.01.03-11.33.00:634][909]LogModuleManager: Shutting down and abandoning module SourceCodeAccess (174)
[2018.01.03-11.33.00:634][909]LogModuleManager: Shutting down and abandoning module HeadMountedDisplay (172)
[2018.01.03-11.33.00:634][909]LogModuleManager: Shutting down and abandoning module XAudio2 (170)
[2018.01.03-11.33.00:634][909]LogModuleManager: Shutting down and abandoning module Networking (168)
[2018.01.03-11.33.00:634][909]LogModuleManager: Shutting down and abandoning module Core (164)
[2018.01.03-11.33.00:634][909]LogModuleManager: Shutting down and abandoning module AssetRegistry (162)
[2018.01.03-11.33.00:706][909]LogDirectoryWatcher: A directory notification for '../../../Engine/Content/' was aborted.
[2018.01.03-11.33.00:706][909]LogDirectoryWatcher: A directory notification for '../../../../../../Users/Bendick/Documents/GitHub/SR_Prototype_V3/SR_Prototype_V3/Content/' was aborted.
[2018.01.03-11.33.00:706][909]LogDirectoryWatcher: A directory notification for '../../../Engine/Plugins/2D/Paper2D/Content/' was aborted.
[2018.01.03-11.33.00:706][909]LogDirectoryWatcher: A directory notification for '../../../Engine/Plugins/Runtime/GearVR/Content/' was aborted.
[2018.01.03-11.33.00:708][909]LogModuleManager: Shutting down and abandoning module DirectoryWatcher (161)
[2018.01.03-11.33.00:708][909]LogModuleManager: Shutting down and abandoning module KismetCompiler (158)
[2018.01.03-11.33.00:708][909]LogModuleManager: Shutting down and abandoning module LevelSequence (156)
[2018.01.03-11.33.00:708][909]LogModuleManager: Shutting down and abandoning module PhysXFormats (154)
[2018.01.03-11.33.00:708][909]LogModuleManager: Shutting down and abandoning module MeshUtilities (152)
[2018.01.03-11.33.00:708][909]LogModuleManager: Shutting down and abandoning module SimplygonSwarm (151)
[2018.01.03-11.33.00:708][909]LogModuleManager: Shutting down and abandoning module SimplygonMeshReduction (149)
[2018.01.03-11.33.00:708][909]LogModuleManager: Shutting down and abandoning module QuadricMeshReduction (147)
[2018.01.03-11.33.00:708][909]LogModuleManager: Shutting down and abandoning module DerivedDataCache (144)
[2018.01.03-11.33.00:714][909]LogDerivedDataCache: Shutdown
[2018.01.03-11.33.00:714][909]LogModuleManager: Shutting down and abandoning module TargetPlatform (142)
[2018.01.03-11.33.00:714][909]LogModuleManager: Shutting down and abandoning module VulkanShaderFormat (141)
[2018.01.03-11.33.00:714][909]LogModuleManager: Shutting down and abandoning module ShaderFormatVectorVM (139)
[2018.01.03-11.33.00:714][909]LogModuleManager: Shutting down and abandoning module ShaderFormatOpenGL (137)
[2018.01.03-11.33.00:715][909]LogModuleManager: Shutting down and abandoning module ShaderFormatD3D (135)
[2018.01.03-11.33.00:715][909]LogModuleManager: Shutting down and abandoning module MetalShaderFormat (133)
[2018.01.03-11.33.00:715][909]LogModuleManager: Shutting down and abandoning module TextureFormatUncompressed (131)
[2018.01.03-11.33.00:715][909]LogModuleManager: Shutting down and abandoning module TextureFormatPVR (129)
[2018.01.03-11.33.00:715][909]LogModuleManager: Shutting down and abandoning module TextureFormatDXT (127)
[2018.01.03-11.33.00:715][909]LogModuleManager: Shutting down and abandoning module TextureFormatIntelISPCTexComp (125)
[2018.01.03-11.33.00:715][909]LogModuleManager: Shutting down and abandoning module TextureFormatASTC (123)
[2018.01.03-11.33.00:715][909]LogModuleManager: Shutting down and abandoning module ImageWrapper (122)
[2018.01.03-11.33.00:715][909]LogModuleManager: Shutting down and abandoning module TextureFormatAndroid (119)
[2018.01.03-11.33.00:715][909]LogModuleManager: Shutting down and abandoning module AudioFormatOpus (117)
[2018.01.03-11.33.00:715][909]LogModuleManager: Shutting down and abandoning module AudioFormatOgg (115)
[2018.01.03-11.33.00:715][909]LogModuleManager: Shutting down and abandoning module AudioFormatADPCM (113)
[2018.01.03-11.33.00:715][909]LogModuleManager: Shutting down and abandoning module LinuxTargetPlatform (111)
[2018.01.03-11.33.00:715][909]LogModuleManager: Shutting down and abandoning module LinuxServerTargetPlatform (109)
[2018.01.03-11.33.00:715][909]LogModuleManager: Shutting down and abandoning module LinuxNoEditorTargetPlatform (107)
[2018.01.03-11.33.00:715][909]LogModuleManager: Shutting down and abandoning module LinuxClientTargetPlatform (105)
[2018.01.03-11.33.00:715][909]LogModuleManager: Shutting down and abandoning module TVOSTargetPlatform (103)
[2018.01.03-11.33.00:715][909]LogModuleManager: Shutting down and abandoning module Messaging (101)
[2018.01.03-11.33.00:715][909]LogModuleManager: Shutting down and abandoning module IOSTargetPlatform (99)
[2018.01.03-11.33.00:715][909]LogModuleManager: Shutting down and abandoning module HTML5TargetPlatform (97)
[2018.01.03-11.33.00:715][909]LogModuleManager: Shutting down and abandoning module Android_PVRTCTargetPlatform (95)
[2018.01.03-11.33.00:715][909]LogModuleManager: Shutting down and abandoning module Android_MultiTargetPlatform (93)
[2018.01.03-11.33.00:715][909]LogModuleManager: Shutting down and abandoning module Android_ETC2TargetPlatform (91)
[2018.01.03-11.33.00:715][909]LogModuleManager: Shutting down and abandoning module Android_ETC1TargetPlatform (89)
[2018.01.03-11.33.00:715][909]LogModuleManager: Shutting down and abandoning module Android_DXTTargetPlatform (87)
[2018.01.03-11.33.00:715][909]LogModuleManager: Shutting down and abandoning module Android_ATCTargetPlatform (85)
[2018.01.03-11.33.00:715][909]LogModuleManager: Shutting down and abandoning module Android_ASTCTargetPlatform (83)
[2018.01.03-11.33.00:715][909]LogModuleManager: Shutting down and abandoning module AndroidTargetPlatform (81)
[2018.01.03-11.33.00:715][909]LogModuleManager: Shutting down and abandoning module WindowsTargetPlatform (79)
[2018.01.03-11.33.00:715][909]LogModuleManager: Shutting down and abandoning module WindowsServerTargetPlatform (77)
[2018.01.03-11.33.00:715][909]LogModuleManager: Shutting down and abandoning module WindowsNoEditorTargetPlatform (75)
[2018.01.03-11.33.00:715][909]LogModuleManager: Shutting down and abandoning module WindowsClientTargetPlatform (73)
[2018.01.03-11.33.00:715][909]LogModuleManager: Shutting down and abandoning module MacTargetPlatform (71)
[2018.01.03-11.33.00:715][909]LogModuleManager: Shutting down and abandoning module MacServerTargetPlatform (69)
[2018.01.03-11.33.00:715][909]LogModuleManager: Shutting down and abandoning module MacNoEditorTargetPlatform (67)
[2018.01.03-11.33.00:715][909]LogModuleManager: Shutting down and abandoning module MacClientTargetPlatform (65)
[2018.01.03-11.33.00:715][909]LogModuleManager: Shutting down and abandoning module AllDesktopTargetPlatform (63)
[2018.01.03-11.33.00:715][909]LogModuleManager: Shutting down and abandoning module InputCore (60)
[2018.01.03-11.33.00:715][909]LogModuleManager: Shutting down and abandoning module Settings (58)
[2018.01.03-11.33.00:716][909]LogModuleManager: Shutting down and abandoning module OculusRift (56)
[2018.01.03-11.33.00:716][909]LogModuleManager: Shutting down and abandoning module GearVRController (54)
[2018.01.03-11.33.00:716][909]LogModuleManager: Shutting down and abandoning module GearVR (52)
[2018.01.03-11.33.00:716][909]LogModuleManager: Shutting down and abandoning module ExampleDeviceProfileSelector (50)
[2018.01.03-11.33.00:716][909]LogModuleManager: Shutting down and abandoning module OnlineBlueprintSupport (48)
[2018.01.03-11.33.00:716][909]LogModuleManager: Shutting down and abandoning module OnlineSubsystem (44)
[2018.01.03-11.33.00:716][909]LogOnline:Display: Unloading online subsystem: NULL
[2018.01.03-11.33.00:716][909]LogModuleManager: Shutting down and abandoning module XMPP (43)
[2018.01.03-11.33.00:717][909]LogModuleManager: Shutting down and abandoning module HTTP (41)
[2018.01.03-11.33.00:717][909]LogHttp:Display: Http module shutting down, but needs to wait on 1 outstanding Http requests:
[2018.01.03-11.33.00:717][909]LogHttp:Display: 	verb=[POST] url=[https://datarouter.ol.epicgames.com/datarouter/api/v1/public/data?SessionID=%7BB039A179-44C3-530D-00B1-8FA80FF9635B%7D&AppID=UEEditor.Rocket.Release&AppVersion=4.16.3-3561208%2B%2B%2BUE4%2BRelease-4.16&UserID=0c75b627499df609a8813c9ced46962c%7Cfebaf0232e0e4e628b45a2bec753bbbc%7C408adb04-e8c0-4c29-a1fb-4d7ed05dedd7&AppEnvironment=datacollector-binary&UploadType=eteventstream] status=Processing
[2018.01.03-11.33.00:734][909]LogModuleManager: Shutting down and abandoning module SSL (40)
[2018.01.03-11.33.00:734][909]LogModuleManager: Shutting down and abandoning module HTTPChunkInstaller (36)
[2018.01.03-11.33.00:735][909]LogModuleManager: Shutting down and abandoning module AnimationModifiers (34)
[2018.01.03-11.33.00:735][909]LogModuleManager: Shutting down and abandoning module PropertyEditor (33)
[2018.01.03-11.33.00:735][909]LogModuleManager: Shutting down and abandoning module AudioEditor (30)
[2018.01.03-11.33.00:735][909]LogModuleManager: Shutting down and abandoning module TextureCompressor (28)
[2018.01.03-11.33.00:735][909]LogModuleManager: Shutting down and abandoning module ShaderCore (26)
[2018.01.03-11.33.00:735][909]LogModuleManager: Shutting down and abandoning module Landscape (24)
[2018.01.03-11.33.00:735][909]LogModuleManager: Shutting down and abandoning module SlateRHIRenderer (22)
[2018.01.03-11.33.00:736][909]LogModuleManager: Shutting down and abandoning module OpenGLDrv (20)
[2018.01.03-11.33.00:737][909]LogModuleManager: Shutting down and abandoning module D3D11RHI (18)
[2018.01.03-11.33.00:737][909]LogModuleManager: Shutting down and abandoning module AnimGraphRuntime (16)
[2018.01.03-11.33.00:737][909]LogModuleManager: Shutting down and abandoning module Renderer (14)
[2018.01.03-11.33.00:737][909]LogModuleManager: Shutting down and abandoning module Engine (12)
[2018.01.03-11.33.00:737][909]LogModuleManager: Shutting down and abandoning module CoreUObject (10)
[2018.01.03-11.33.00:737][909]LogModuleManager: Shutting down and abandoning module NetworkFile (8)
[2018.01.03-11.33.00:737][909]LogModuleManager: Shutting down and abandoning module StreamingFile (6)
[2018.01.03-11.33.00:737][909]LogModuleManager: Shutting down and abandoning module SandboxFile (4)
[2018.01.03-11.33.00:737][909]LogModuleManager: Shutting down and abandoning module PakFile (2)
[2018.01.03-11.33.00:738][909]LogExit: Exiting.
[2018.01.03-11.33.00:752][909]Log file closed, 01/03/18 12:33:00
