Log file open, 10/27/17 14:47:42
LogInit:Display: Running engine for game: SR_Prototype_V3
LogPlatformFile: Not using cached read wrapper
LogInit:Display: RandInit(-749065439) SRandInit(-749065439).
LogTaskGraph: Started task graph with 5 named threads and 8 total threads with 1 sets of task threads.
LogStats: Stats thread started at 0.072966
LogInit:Warning: Incompatible or missing module: UE4Editor-WebSocket.dll
Running C:/Program Files/Epic Games/UE_4.16/Engine/Binaries/DotNET/UnrealBuildTool.exe SR_Prototype_V3 Development Win64 -project="C:/Users/Bendick/Documents/GitHub/SR_Prototype_V3/SR_Prototype_V3/SR_Prototype_V3.uproject" -editorrecompile -progress -NoHotReloadFromIDE
Performing full C++ include scan (building a new target)
Creating makefile for SR_Prototype_V3 (no existing makefile)
Messages while compiling C:\Users\Bendick\Documents\GitHub\SR_Prototype_V3\SR_Prototype_V3\Intermediate\Build\BuildRules\SR_Prototype_V3ModuleRules.dll:
c:\Users\Bendick\Documents\GitHub\SR_Prototype_V3\SR_Prototype_V3\Plugins\WebSocket\Source\WebSocket\WebSocket.Build.cs(13,12) : warning CS0618: 'UnrealBuildTool.ModuleRules.ModuleRules()' is obsolete: 'Please change your module constructor to take a ReadOnlyTargetRules parameter, and pass it to the base class constructor (eg. "MyModuleRules(ReadOnlyTargetRules Target) : base(Target)").'
C:\Users\Bendick\Documents\GitHub\SR_Prototype_V3\SR_Prototype_V3\Plugins\WebSocket\Source\WebSocket\WebSocket.Build.cs: warning: Module constructors should take a ReadOnlyTargetRules argument (rather than a TargetInfo argument) and pass it to the base class constructor from 4.15 onwards. Please update the method signature.
@progress push 5%
Parsing headers for SR_Prototype_V3Editor
  Running UnrealHeaderTool "C:\Users\Bendick\Documents\GitHub\SR_Prototype_V3\SR_Prototype_V3\SR_Prototype_V3.uproject" "C:\Users\Bendick\Documents\GitHub\SR_Prototype_V3\SR_Prototype_V3\Intermediate\Build\Win64\SR_Prototype_V3Editor\Development\SR_Prototype_V3Editor.uhtmanifest" -LogCmds="loginit warning, logexit warning, logdatabase error" -Unattended -WarningsAsErrors -installed
Reflection code generated for SR_Prototype_V3Editor in 5.2401674 seconds
@progress pop
Performing 5 actions (4 in parallel)
[3/5] Resource PCLaunch.rc
Module.WebSocket.cpp
WebSocket.generated.cpp
C:\Program Files (x86)\Windows Kits\8.1\include\um\winnt.h(536): warning C4005: 'TEXT': macro redefinition
c:\program files\epic games\ue_4.16\engine\source\runtime\core\public\HAL/Platform.h(822): note: see previous definition of 'TEXT'
C:\Program Files (x86)\Windows Kits\8.1\include\um\winnt.h(17005): warning C4668: '_APISET_RTLSUPPORT_VER' is not defined as a preprocessor macro, replacing with '0' for '#if/#elif'
C:\Program Files (x86)\Windows Kits\8.1\include\um\winnt.h(536): warning C4005: 'TEXT': macro redefinition
c:\program files\epic games\ue_4.16\engine\source\runtime\core\public\HAL/Platform.h(822): note: see previous definition of 'TEXT'
C:\Program Files (x86)\Windows Kits\8.1\include\um\winnt.h(17005): warning C4668: '_APISET_RTLSUPPORT_VER' is not defined as a preprocessor macro, replacing with '0' for '#if/#elif'
C:\Program Files (x86)\Windows Kits\8.1\include\um\interlockedapi.h(73): warning C4668: '_APISET_INTERLOCKED_VER' is not defined as a preprocessor macro, replacing with '0' for '#if/#elif'
C:\Program Files (x86)\Windows Kits\8.1\include\um\processthreadsapi.h(1170): warning C4668: '_WIN32_WINNT_WINTHRESHOLD' is not defined as a preprocessor macro, replacing with '0' for '#if/#elif'
C:\Program Files (x86)\Windows Kits\8.1\include\um\interlockedapi.h(73): warning C4668: '_APISET_INTERLOCKED_VER' is not defined as a preprocessor macro, replacing with '0' for '#if/#elif'
C:\Program Files (x86)\Windows Kits\8.1\include\um\processthreadsapi.h(1170): warning C4668: '_WIN32_WINNT_WINTHRESHOLD' is not defined as a preprocessor macro, replacing with '0' for '#if/#elif'
C:\Program Files (x86)\Windows Kits\8.1\include\um\securitybaseapi.h(357): warning C4668: '_APISET_SECURITYBASE_VER' is not defined as a preprocessor macro, replacing with '0' for '#if/#elif'
C:\Program Files (x86)\Windows Kits\8.1\include\um\securitybaseapi.h(357): warning C4668: '_APISET_SECURITYBASE_VER' is not defined as a preprocessor macro, replacing with '0' for '#if/#elif'
C:\Program Files (x86)\Windows Kits\8.1\include\um\securitybaseapi.h(472): warning C4668: '_APISET_SECURITYBASE_VER' is not defined as a preprocessor macro, replacing with '0' for '#if/#elif'
C:\Program Files (x86)\Windows Kits\8.1\include\um\securitybaseapi.h(472): warning C4668: '_APISET_SECURITYBASE_VER' is not defined as a preprocessor macro, replacing with '0' for '#if/#elif'
C:\Program Files (x86)\Windows Kits\8.1\include\um\securitybaseapi.h(1302): warning C4668: '_APISET_SECURITYBASE_VER' is not defined as a preprocessor macro, replacing with '0' for '#if/#elif'
C:\Program Files (x86)\Windows Kits\8.1\include\um\securitybaseapi.h(1302): warning C4668: '_APISET_SECURITYBASE_VER' is not defined as a preprocessor macro, replacing with '0' for '#if/#elif'
C:\Program Files (x86)\Windows Kits\8.1\include\um\winbase.h(8618): warning C4668: 'NTDDI_WIN7SP1' is not defined as a preprocessor macro, replacing with '0' for '#if/#elif'
C:\Program Files (x86)\Windows Kits\8.1\include\um\winbase.h(8618): warning C4668: 'NTDDI_WIN7SP1' is not defined as a preprocessor macro, replacing with '0' for '#if/#elif'
[4/5] Link UE4Editor-WebSocket.dll
[5/5] Link UE4Editor-WebSocket.lib
   Creating library C:\Users\Bendick\Documents\GitHub\SR_Prototype_V3\SR_Prototype_V3\Plugins\WebSocket\Intermediate\Build\Win64\UE4Editor\Development\UE4Editor-WebSocket.lib and object C:\Users\Bendick\Documents\GitHub\SR_Prototype_V3\SR_Prototype_V3\Plugins\WebSocket\Intermediate\Build\Win64\UE4Editor\Development\UE4Editor-WebSocket.exp
   Creating library C:\Users\Bendick\Documents\GitHub\SR_Prototype_V3\SR_Prototype_V3\Plugins\WebSocket\Intermediate\Build\Win64\UE4Editor\Development\UE4Editor-WebSocket.suppressed.lib and object C:\Users\Bendick\Documents\GitHub\SR_Prototype_V3\SR_Prototype_V3\Plugins\WebSocket\Intermediate\Build\Win64\UE4Editor\Development\UE4Editor-WebSocket.suppressed.exp
Total build time: 32.95 seconds (Local executor: 3.87 seconds)
LogInit: Using libcurl 7.47.1
LogInit:  - built for x86_64-pc-win32
LogInit:  - supports SSL with OpenSSL/1.0.2g
LogInit:  - supports HTTP deflate (compression) using libz 1.2.8
LogInit:  - other features:
LogInit:      CURL_VERSION_SSL
LogInit:      CURL_VERSION_LIBZ
LogInit:      CURL_VERSION_IPV6
LogInit:      CURL_VERSION_ASYNCHDNS
LogInit:      CURL_VERSION_LARGEFILE
LogInit:      CURL_VERSION_IDN
LogInit:  CurlRequestOptions (configurable via config and command line):
LogInit:  - bVerifyPeer = false  - Libcurl will NOT verify peer certificate
LogInit:  - bUseHttpProxy = false  - Libcurl will NOT use HTTP proxy
LogInit:  - bDontReuseConnections = false  - Libcurl will reuse connections
LogInit:  - CertBundlePath = nullptr  - Libcurl will use whatever was configured at build time.
LogInit: Build: ++UE4+Release-4.16-CL-3561208
LogInit: Engine Version: 4.16.3-3561208+++UE4+Release-4.16
LogInit: Compatible Engine Version: 4.16.0-3452394+++UE4+Release-4.16
LogInit: Net CL: 3452394
LogDevObjectVersion: Number of dev versions registered: 16
LogDevObjectVersion:   Dev-Blueprints (B0D832E4-1F89-4F0D-ACCF-7EB736FD4AA2): 9
LogDevObjectVersion:   Dev-Build (E1C64328-A22C-4D53-A36C-8E866417BD8C): 0
LogDevObjectVersion:   Dev-Core (375EC13C-06E4-48FB-B500-84F0262A717E): 2
LogDevObjectVersion:   Dev-Editor (E4B068ED-F494-42E9-A231-DA0B2E46BB41): 17
LogDevObjectVersion:   Dev-Framework (CFFC743F-43B0-4480-9391-14DF171D2073): 23
LogDevObjectVersion:   Dev-Mobile (B02B49B5-BB20-44E9-A304-32B752E40360): 0
LogDevObjectVersion:   Dev-Networking (A4E4105C-59A1-49B5-A7C5-40C4547EDFEE): 0
LogDevObjectVersion:   Dev-Online (39C831C9-5AE6-47DC-9A44-9C173E1C8E7C): 0
LogDevObjectVersion:   Dev-Physics (78F01B33-EBEA-4F98-B9B4-84EACCB95AA2): 0
LogDevObjectVersion:   Dev-Platform (6631380F-2D4D-43E0-8009-CF276956A95A): 0
LogDevObjectVersion:   Dev-Rendering (12F88B9F-8875-4AFC-A67C-D90C383ABD29): 15
LogDevObjectVersion:   Dev-Sequencer (7B5AE74C-D270-4C10-A958-57980B212A5A): 4
LogDevObjectVersion:   Dev-VR (D7296918-1DD6-4BDD-9DE2-64A83CC13884): 0
LogDevObjectVersion:   Dev-LoadTimes (C2A15278-BFE7-4AFE-6C17-90FF531DF755): 1
LogDevObjectVersion:   Private-Geometry (6EACA3D4-40EC-4CC1-B786-8BED09428FC5): 1
LogDevObjectVersion:   Dev-AnimPhys (29E575DD-E0A3-4627-9D10-D276232CDCEA): 3
LogInit: Compiled (64-bit): Jul 28 2017 11:49:47
LogInit: Compiled with Visual C++: 19.00.24215.01
LogInit: Build Configuration: Development
LogInit: Branch Name: ++UE4+Release-4.16
LogInit: Command line:  
LogInit: Base directory: C:/Program Files/Epic Games/UE_4.16/Engine/Binaries/Win64/
LogInit: Installed Engine Build: 1
LogInit: Presizing for max 8388607 objects, including 0 objects not considered by GC, pre-allocating 0 bytes for permanent pool.
LogInit: Object subsystem initialized
[2017.10.27-12.48.28:686][  0]LogInit: Selected Device Profile: [Windows]
[2017.10.27-12.48.28:686][  0]LogInit: Applying CVar settings loaded from the selected device profile: [Windows]
[2017.10.27-12.48.28:702][  0]LogInit: Computer: WINDOWS-EUOFFC3
[2017.10.27-12.48.28:702][  0]LogInit: User: Bendick
[2017.10.27-12.48.28:702][  0]LogInit: CPU Page size=4096, Cores=4
[2017.10.27-12.48.28:702][  0]LogInit: High frequency timer resolution =3.914057 MHz
[2017.10.27-12.48.28:702][  0]LogMemory: Memory total: Physical=15.9GB (16GB approx)
[2017.10.27-12.48.28:702][  0]LogMemory: Platform Memory Stats for Windows
[2017.10.27-12.48.28:702][  0]LogMemory: Process Physical Memory: 281.11 MB used, 281.11 MB peak
[2017.10.27-12.48.28:702][  0]LogMemory: Process Virtual Memory: 266.20 MB used, 266.20 MB peak
[2017.10.27-12.48.28:702][  0]LogMemory: Physical Memory: 6847.79 MB used,  9475.18 MB free, 16322.98 MB total
[2017.10.27-12.48.28:702][  0]LogMemory: Virtual Memory: 714.25 MB used,  9475.18 MB free, 134217728.00 MB total
[2017.10.27-12.48.28:856][  0]LogInit: Using OS detected language (en-US).
[2017.10.27-12.48.28:856][  0]LogInit: Using OS detected locale (en-GB).
[2017.10.27-12.48.28:896][  0]LogTextLocalizationManager: No specific localization for 'en-US' exists, so the 'en' localization will be used.
[2017.10.27-12.48.30:929][  0]LogD3D11RHI: D3D11 adapters:
[2017.10.27-12.48.31:362][  0]LogD3D11RHI:    0. 'NVIDIA GeForce GTX 1070' (Feature Level 11_0)
[2017.10.27-12.48.31:362][  0]LogD3D11RHI:       8119/0/8161 MB DedicatedVideo/DedicatedSystem/SharedSystem, Outputs:2, VendorId:0x10de
[2017.10.27-12.48.31:363][  0]LogD3D11RHI:    1. 'Microsoft Basic Render Driver' (Feature Level 11_0)
[2017.10.27-12.48.31:363][  0]LogD3D11RHI:       0/0/8161 MB DedicatedVideo/DedicatedSystem/SharedSystem, Outputs:0, VendorId:0x1414
[2017.10.27-12.48.31:363][  0]LogD3D11RHI: Chosen D3D11 Adapter: 0
[2017.10.27-12.48.31:367][  0]LogD3D11RHI: Creating new Direct3DDevice
[2017.10.27-12.48.31:367][  0]LogD3D11RHI:     GPU DeviceId: 0x1b81 (for the marketing name, search the web for "GPU Device Id")
[2017.10.27-12.48.31:367][  0]LogWindows: EnumDisplayDevices:
[2017.10.27-12.48.31:367][  0]LogWindows:    0. 'NVIDIA GeForce GTX 1070' (P:1 D:1)
[2017.10.27-12.48.31:367][  0]LogWindows:    1. 'NVIDIA GeForce GTX 1070' (P:0 D:1)
[2017.10.27-12.48.31:367][  0]LogWindows:    2. 'NVIDIA GeForce GTX 1070' (P:0 D:0)
[2017.10.27-12.48.31:368][  0]LogWindows:    3. 'NVIDIA GeForce GTX 1070' (P:0 D:0)
[2017.10.27-12.48.31:368][  0]LogWindows: DebugString: FoundDriverCount:4 
[2017.10.27-12.48.31:368][  0]LogD3D11RHI:     Adapter Name: NVIDIA GeForce GTX 1070
[2017.10.27-12.48.31:368][  0]LogD3D11RHI:   Driver Version: 382.05 (internal:22.21.13.8205, unified:382.05)
[2017.10.27-12.48.31:368][  0]LogD3D11RHI:      Driver Date: 5-1-2017
[2017.10.27-12.48.31:368][  0]LogRHI: Texture pool is 1361 MB (70% of 1945 MB)
[2017.10.27-12.48.31:782][  0]LogD3D11RHI: Async texture creation enabled
[2017.10.27-12.48.31:868][  0]LogD3D11RHI: GPU Timing Frequency: 1000.000000 (Debug: 2 2)
[2017.10.27-12.48.31:958][  0]LogShaderCompilers: Guid format shader working directory is -33 characters bigger than the processId version (../../../../../../Users/Bendick/Documents/GitHub/SR_Prototype_V3/SR_Prototype_V3/Intermediate/Shaders/WorkingDirectory/16496/).
[2017.10.27-12.48.31:958][  0]LogShaderCompilers: Cleaned the shader compiler working directory 'C:/Users/Bendick/AppData/Local/Temp/UnrealShaderWorkingDir/1B40A930477FFF72B30CA18E6A0A7D19/'.
[2017.10.27-12.48.31:958][  0]LogShaderCompilers:Display: Using Local Shader Compiler.
[2017.10.27-12.48.33:272][  0]LogTemp:Display: Loaded TP AllDesktopTargetPlatform
[2017.10.27-12.48.33:305][  0]LogTemp:Display: Loaded TP MacClientTargetPlatform
[2017.10.27-12.48.33:339][  0]LogTemp:Display: Loaded TP MacNoEditorTargetPlatform
[2017.10.27-12.48.33:372][  0]LogTemp:Display: Loaded TP MacServerTargetPlatform
[2017.10.27-12.48.33:407][  0]LogTemp:Display: Loaded TP MacTargetPlatform
[2017.10.27-12.48.33:441][  0]LogTemp:Display: Loaded TP WindowsClientTargetPlatform
[2017.10.27-12.48.33:474][  0]LogTemp:Display: Loaded TP WindowsNoEditorTargetPlatform
[2017.10.27-12.48.33:507][  0]LogTemp:Display: Loaded TP WindowsServerTargetPlatform
[2017.10.27-12.48.33:536][  0]LogTemp:Display: Loaded TP WindowsTargetPlatform
[2017.10.27-12.48.33:571][  0]LogTemp:Display: Loaded TP AndroidTargetPlatform
[2017.10.27-12.48.33:604][  0]LogTemp:Display: Loaded TP Android_ASTCTargetPlatform
[2017.10.27-12.48.33:636][  0]LogTemp:Display: Loaded TP Android_ATCTargetPlatform
[2017.10.27-12.48.33:668][  0]LogTemp:Display: Loaded TP Android_DXTTargetPlatform
[2017.10.27-12.48.33:701][  0]LogTemp:Display: Loaded TP Android_ETC1TargetPlatform
[2017.10.27-12.48.33:733][  0]LogTemp:Display: Loaded TP Android_ETC2TargetPlatform
[2017.10.27-12.48.33:797][  0]LogTemp:Display: Loaded TP Android_MultiTargetPlatform
[2017.10.27-12.48.33:797][  0]LogTemp:Display: Loaded TP Android_PVRTCTargetPlatform
[2017.10.27-12.48.33:823][  0]LogTemp:Display: Loaded TP HTML5TargetPlatform
[2017.10.27-12.48.33:895][  0]LogTemp:Display: Loaded TP IOSTargetPlatform
[2017.10.27-12.48.33:915][  0]LogTemp:Display: Loaded TP TVOSTargetPlatform
[2017.10.27-12.48.33:947][  0]LogTemp:Display: Loaded TP LinuxClientTargetPlatform
[2017.10.27-12.48.33:979][  0]LogTemp:Display: Loaded TP LinuxNoEditorTargetPlatform
[2017.10.27-12.48.34:012][  0]LogTemp:Display: Loaded TP LinuxServerTargetPlatform
[2017.10.27-12.48.34:060][  0]LogTemp:Display: Loaded TP LinuxTargetPlatform
[2017.10.27-12.48.34:060][  0]LogTargetPlatformManager:Display: Building Assets For Windows
[2017.10.27-12.48.34:426][  0]LogDerivedDataCache:Display: Max Cache Size: 512 MB
[2017.10.27-12.48.34:503][  0]LogDerivedDataCache: Loaded boot cache 0.08s 111MB C:/Users/Bendick/AppData/Local/UnrealEngine/4.16/DerivedDataCache/Boot.ddc.
[2017.10.27-12.48.34:503][  0]LogDerivedDataCache:Display: Loaded Boot cache: C:/Users/Bendick/AppData/Local/UnrealEngine/4.16/DerivedDataCache/Boot.ddc
[2017.10.27-12.48.34:503][  0]LogDerivedDataCache: FDerivedDataBackendGraph:  Pak pak cache file ../../../../../../Users/Bendick/Documents/GitHub/SR_Prototype_V3/SR_Prototype_V3/DerivedDataCache/DDC.ddp not found, will not use a pak cache.
[2017.10.27-12.48.34:503][  0]LogDerivedDataCache: Unable to find inner node Pak for hierarchical cache Hierarchy.
[2017.10.27-12.48.34:503][  0]LogDerivedDataCache: FDerivedDataBackendGraph:  CompressedPak pak cache file ../../../../../../Users/Bendick/Documents/GitHub/SR_Prototype_V3/SR_Prototype_V3/DerivedDataCache/Compressed.ddp not found, will not use a pak cache.
[2017.10.27-12.48.34:503][  0]LogDerivedDataCache: Unable to find inner node CompressedPak for hierarchical cache Hierarchy.
[2017.10.27-12.48.34:529][  0]LogDerivedDataCache:Display: Pak cache opened for reading ../../../Engine/DerivedDataCache/Compressed.ddp.
[2017.10.27-12.48.34:540][  0]LogDerivedDataCache: Using Local data cache path C:/Users/Bendick/AppData/Local/UnrealEngine/Common/DerivedDataCache: Writable
[2017.10.27-12.48.34:546][  0]LogMaterial: Verifying Global Shaders for PCD3D_SM5
[2017.10.27-12.48.34:546][  0]LogSlate: Using Freetype 2.6.0
[2017.10.27-12.48.34:556][  0]LogSlate: SlateFontCache - WITH_FREETYPE: 1, WITH_HARFBUZZ: 1
[2017.10.27-12.48.34:556][  0]LogSlate: SlateFontCache - WITH_FREETYPE: 1, WITH_HARFBUZZ: 1
[2017.10.27-12.48.34:830][  0]LogInit: Selected Device Profile: [Windows]
[2017.10.27-12.48.35:081][  0]LogMeshUtilities: Using QuadricMeshReduction for automatic static mesh reduction
[2017.10.27-12.48.35:110][  0]LogSimplygon: Simplygon DLL not present - disabling.
[2017.10.27-12.48.35:141][  0]LogMeshUtilities: Using SimplygonSwarm for distributed automatic mesh merging
[2017.10.27-12.48.35:141][  0]LogMeshUtilities: No automatic skeletal mesh reduction module available
[2017.10.27-12.48.35:141][  0]LogMeshUtilities: No automatic mesh merging module available
[2017.10.27-12.48.35:949][  0]LogNetVersion: SR_Prototype_V3 , NetCL: 3452394, EngineNetVer: 2, GameNetVer: 0 (Checksum: 2708348065)
[2017.10.27-12.48.36:010][  0]LogAssetRegistry: FAssetRegistry took 0.0236 seconds to start up
[2017.10.27-12.48.36:058][  0]LogPackageLocalizationCache: Processed 5 localized package path(s) for 2 prioritized culture(s) in 0.031801 seconds
[2017.10.27-12.48.36:062][  0]LogUObjectArray: 34194 objects as part of root set at end of initial load.
[2017.10.27-12.48.36:062][  0]LogUObjectAllocator: 7260416 out of 0 bytes used by permanent object pool.
[2017.10.27-12.48.36:062][  0]LogUObjectArray: CloseDisregardForGC: 0/0 objects in disregard for GC pool
[2017.10.27-12.48.36:103][  0]LogInit: WinSock: version 1.1 (2.2), MaxSocks=32767, MaxUdp=65467
[2017.10.27-12.48.38:661][  0]LogTcpMessaging: Initializing TcpMessaging bridge
[2017.10.27-12.48.38:690][  0]LogUdpMessaging: Initializing bridge on interface 0.0.0.0:0 to multicast group 230.0.0.1:6666.
[2017.10.27-12.48.39:123][  0]LogMaterial: Uniform references updated for custom material expression Custom.
[2017.10.27-12.48.39:430][  0]SourceControl: Info Source control is disabled
[2017.10.27-12.48.39:482][  0]SourceControl: Info Source control is disabled
[2017.10.27-12.48.39:514][  0]SourceControl: Info Source control is disabled
[2017.10.27-12.48.39:543][  0]SourceControl: Info Source control is disabled
[2017.10.27-12.48.39:967][  0]LogAndroidPermission: UAndroidPermissionCallbackProxy::GetInstance
[2017.10.27-12.48.40:388][  0]LogEngine: Initializing Engine...
[2017.10.27-12.48.40:388][  0]LogHMD: Failed to initialize OpenVR with code 110
[2017.10.27-12.48.40:668][  0]LogStats: UGameplayTagsManager::ConstructGameplayTagTree: Construct from data asset -  0.000 s
[2017.10.27-12.48.40:668][  0]LogStats: UGameplayTagsManager::ConstructGameplayTagTree: GameplayTagTreeChangedEvent.Broadcast -  0.000 s
[2017.10.27-12.48.40:747][  0]LogAIModule: Creating AISystem for world Untitled
[2017.10.27-12.48.40:753][  0]LogInit: XAudio2 using 'Speakers (2- Logitech G933 Gaming Headset)' : 6 channels at 48 kHz using 16 bits per sample (channel mask 0x3f)
[2017.10.27-12.48.40:766][  0]LogInit: FAudioDevice initialized.
[2017.10.27-12.48.40:801][  0]LogDerivedDataCache: Saved boot cache 0.03s 111MB C:/Users/Bendick/AppData/Local/UnrealEngine/4.16/DerivedDataCache/Boot.ddc.
[2017.10.27-12.48.40:810][  0]LogInit: Texture streaming: Disabled
[2017.10.27-12.48.40:873][  0]LogEngineSessionManager: EngineSessionManager initialized
[2017.10.27-12.48.41:019][  0]LogInit: Transaction tracking system initialized
[2017.10.27-12.48.41:219][  0]BlueprintLog: New page: Editor Load
[2017.10.27-12.48.41:835][  0]LocalizationService: Info Localization service is disabled
[2017.10.27-12.48.42:280][  0]LogConsoleResponse:Display: 
[2017.10.27-12.48.42:529][  0]LogCook:Display: Max memory allowance for cook 16384mb min free memory 0mb
[2017.10.27-12.48.42:529][  0]LogCook:Display: Mobile HDR setting 1
[2017.10.27-12.48.42:864][  0]LogFileCache: Scanning file cache for directory 'C:/Users/Bendick/Documents/GitHub/SR_Prototype_V3/SR_Prototype_V3/Content/' took 0.01s
[2017.10.27-12.48.43:212][  0]SourceControl: Info Source control is disabled
[2017.10.27-12.48.43:212][  0]Cmd: MAP LOAD FILE="../../../../../../Users/Bendick/Documents/GitHub/SR_Prototype_V3/SR_Prototype_V3/Content/ScanReach.umap" TEMPLATE=0 SHOWPROGRESS=1 FEATURELEVEL=3
[2017.10.27-12.48.43:212][  0]LightingResults: New page: Lighting Build
[2017.10.27-12.48.43:239][  0]MapCheck: New page: Map Check
[2017.10.27-12.48.43:239][  0]LightingResults: New page: Lighting Build
[2017.10.27-12.48.44:000][  0]LogAIModule: Creating AISystem for world ScanReach
[2017.10.27-12.48.44:009][  0]LogEditorServer: Finished looking for orphan Actors (0.000 secs)
[2017.10.27-12.48.44:019][  0]Cmd: MAP CHECKDEP NOCLEARLOG
[2017.10.27-12.48.44:052][  0]MapCheck: Info Map check complete: 0 Error(s), 0 Warning(s), took 33.13ms to complete.
[2017.10.27-12.48.44:052][  0]LogFileHelpers: Loading map 'ScanReach' took 0.840
[2017.10.27-12.48.44:189][  0]LogCollectionManager: Loaded 0 collections in 0.000939 seconds
[2017.10.27-12.48.44:256][  0]LogFileCache: Scanning file cache for directory 'C:/Users/Bendick/Documents/GitHub/SR_Prototype_V3/SR_Prototype_V3/Saved/Collections/' took 0.01s
[2017.10.27-12.48.44:256][  0]LogFileCache: Scanning file cache for directory 'C:/Users/Bendick/Documents/GitHub/SR_Prototype_V3/SR_Prototype_V3/Content/Developers/Bendick/Collections/' took 0.01s
[2017.10.27-12.48.44:256][  0]LogFileCache: Scanning file cache for directory 'C:/Users/Bendick/Documents/GitHub/SR_Prototype_V3/SR_Prototype_V3/Content/Collections/' took 0.01s
[2017.10.27-12.48.44:256][  0]LogCollectionManager: Rebuilt the GUID cache for 0 collections in 0.000001 seconds
[2017.10.27-12.48.44:262][  0]LogContentBrowser: Native class hierarchy populated in 0.0064 seconds. Added 2334 classes and 495 folders.
[2017.10.27-12.48.44:304][  0]LogContentBrowser: Native class hierarchy updated for 'WidgetCarousel' in 0.0008 seconds. Added 0 classes and 0 folders.
[2017.10.27-12.48.44:507][  0]LogContentBrowser: Native class hierarchy updated for 'AddContentDialog' in 0.0008 seconds. Added 0 classes and 0 folders.
[2017.10.27-12.48.44:535][  0]LogContentBrowser: Native class hierarchy updated for 'SceneOutliner' in 0.0008 seconds. Added 1 classes and 2 folders.
[2017.10.27-12.48.44:594][  0]LogCrashTracker: Crashtracker disabled due to settings.
[2017.10.27-12.48.44:600][  0]LogSlate: Took 0.002719 seconds to synchronously load lazily loaded font '../../../Engine/Content/Slate/Fonts/Roboto-Regular.ttf' (155K)
[2017.10.27-12.48.44:604][  0]LogSlate: Took 0.002450 seconds to synchronously load lazily loaded font '../../../Engine/Content/Slate/Fonts/Roboto-Bold.ttf' (160K)
[2017.10.27-12.48.44:610][  0]LogSlate: Took 0.002784 seconds to synchronously load lazily loaded font '../../../Engine/Content/Editor/Slate/Fonts/FontAwesome.ttf' (139K)
[2017.10.27-12.48.44:705][  0]LogRenderer: Reallocating scene render targets to support 1276x604 NumSamples 1 (Frame:1).
[2017.10.27-12.48.44:740][  0]LogSlate: Took 0.002527 seconds to synchronously load lazily loaded font '../../../Engine/Content/Slate/Fonts/Roboto-Light.ttf' (159K)
[2017.10.27-12.48.44:799][  0]LogUObjectGlobals:Warning: Failed to find object 'Class None.'
[2017.10.27-12.48.44:851][  0]LogContentBrowser: Native class hierarchy updated for 'HierarchicalLODOutliner' in 0.0008 seconds. Added 1 classes and 2 folders.
[2017.10.27-12.48.44:851][  0]LogLoad: (Engine Initialization) Total time: 64.03 seconds
[2017.10.27-12.48.44:851][  0]LogLoad: (Engine Initialization) Total Blueprint compile time: 0.15 seconds
[2017.10.27-12.48.44:851][  0]LogExternalProfiler: Found external profiler: VSPerf
[2017.10.27-12.48.44:851][  0]LogExternalProfiler: Using external profiler: VSPerf
[2017.10.27-12.48.44:861][  0]LogOcInput: OculusInput pre-init called
[2017.10.27-12.48.44:862][  0]LogHMD: Starting GearVRController plugin
[2017.10.27-12.48.44:872][  0]LogAssetRegistry: Asset discovery search completed in 8.8830 seconds
[2017.10.27-12.48.44:873][  0]LogCollectionManager: Rebuilt the object cache for 0 collections in 0.000000 seconds (found 0 objects)
[2017.10.27-12.48.44:873][  0]LogCollectionManager: Fixed up redirectors for 0 collections in 0.000020 seconds (updated 0 objects)
[2017.10.27-12.48.44:933][  0]LogRenderer: Reallocating scene render targets to support 1276x624 NumSamples 1 (Frame:5).
[2017.10.27-12.48.56:815][396]LogSlate: Took 0.000135 seconds to synchronously load lazily loaded font '../../../Engine/Content/Slate/Fonts/Roboto-Light.ttf' (159K)
[2017.10.27-12.49.02:722][951]LogContentBrowser: Native class hierarchy updated for 'BlueprintGraph' in 0.0010 seconds. Added 112 classes and 0 folders.
[2017.10.27-12.49.03:146][951]LogSlate: Took 0.000108 seconds to synchronously load lazily loaded font '../../../Engine/Content/Slate/Fonts/Roboto-Regular.ttf' (155K)
[2017.10.27-12.49.03:313][951]LogRenderer: Reallocating scene render targets to support 1276x704 NumSamples 1 (Frame:1).
[2017.10.27-12.49.06:063][271]LogSlate: Took 0.003710 seconds to synchronously load lazily loaded font '../../../Engine/Content/Editor/Slate/Fonts/Roboto-BoldCondensed.ttf' (158K)
[2017.10.27-12.49.21:020][ 41]BlueprintLog: New page: Compile Websocket
[2017.10.27-12.50.05:383][251]LogSlate: Took 0.014386 seconds to synchronously load lazily loaded font '../../../Engine/Content/Editor/Slate/Fonts/Roboto-Italic.ttf' (157K)
[2017.10.27-12.50.06:882][431]BlueprintLog: New page: Compile Websocket
[2017.10.27-12.52.40:124][999]LogMetaData: Removing '/Game/Blueprints/BP_Websocket.BP_Websocket:UserConstructionScript.K2Node_FunctionEntry_0' ref from Metadata '/Game/Blueprints/Websocket.PackageMetaData'
[2017.10.27-12.52.40:124][999]LogMetaData: Removing '/Game/Blueprints/BP_Websocket.SKEL_BP_Websocket_C' ref from Metadata '/Game/Blueprints/Websocket.PackageMetaData'
[2017.10.27-12.52.40:124][999]LogMetaData: Removing '/Game/Blueprints/BP_Websocket.BP_Websocket_C' ref from Metadata '/Game/Blueprints/Websocket.PackageMetaData'
[2017.10.27-12.52.40:124][999]LogMetaData: Removing '/Game/Blueprints/BP_Websocket.BP_Websocket:EventGraph.K2Node_Event_0' ref from Metadata '/Game/Blueprints/Websocket.PackageMetaData'
[2017.10.27-12.52.40:124][999]LogMetaData: Removing '/Game/Blueprints/BP_Websocket.BP_Websocket:EventGraph.K2Node_Event_1' ref from Metadata '/Game/Blueprints/Websocket.PackageMetaData'
[2017.10.27-12.52.40:124][999]LogMetaData: Removing '/Game/Blueprints/BP_Websocket.BP_Websocket:EventGraph.K2Node_Event_2' ref from Metadata '/Game/Blueprints/Websocket.PackageMetaData'
[2017.10.27-12.52.40:141][999]Cmd: OBJ SAVEPACKAGE PACKAGE="/Game/Blueprints/BP_Websocket" FILE="../../../../../../Users/Bendick/Documents/GitHub/SR_Prototype_V3/SR_Prototype_V3/Content/Blueprints/BP_Websocket.uasset" SILENT=true
[2017.10.27-12.52.40:151][999]LogSavePackage: Save=8.59ms
[2017.10.27-12.52.40:151][999]LogSavePackage: Moving '../../../../../../Users/Bendick/Documents/GitHub/SR_Prototype_V3/SR_Prototype_V3/Saved/BP_Websocket4B683BC3482F579C8B57F1A27E7A82A5.tmp' to '../../../../../../Users/Bendick/Documents/GitHub/SR_Prototype_V3/SR_Prototype_V3/Content/Blueprints/BP_Websocket.uasset'
[2017.10.27-12.52.40:155][999]LogSavePackage:Display: Finished SavePackage ../../../../../../Users/Bendick/Documents/GitHub/SR_Prototype_V3/SR_Prototype_V3/Content/Blueprints/BP_Websocket.uasset
[2017.10.27-12.52.47:822][893]LogMetaData: Removing '/Game/Blueprints/Websocket/BP_Websocket.BP_Websocket_C' ref from Metadata '/Game/Blueprints/BP_Websocket.PackageMetaData'
[2017.10.27-12.52.47:822][893]LogMetaData: Removing '/Game/Blueprints/Websocket/BP_Websocket.SKEL_BP_Websocket_C' ref from Metadata '/Game/Blueprints/BP_Websocket.PackageMetaData'
[2017.10.27-12.52.47:822][893]LogMetaData: Removing '/Game/Blueprints/Websocket/BP_Websocket.BP_Websocket:UserConstructionScript.K2Node_FunctionEntry_0' ref from Metadata '/Game/Blueprints/BP_Websocket.PackageMetaData'
[2017.10.27-12.52.47:822][893]LogMetaData: Removing '/Game/Blueprints/Websocket/BP_Websocket.BP_Websocket:EventGraph.K2Node_Event_0' ref from Metadata '/Game/Blueprints/BP_Websocket.PackageMetaData'
[2017.10.27-12.52.47:822][893]LogMetaData: Removing '/Game/Blueprints/Websocket/BP_Websocket.BP_Websocket:EventGraph.K2Node_Event_1' ref from Metadata '/Game/Blueprints/BP_Websocket.PackageMetaData'
[2017.10.27-12.52.47:822][893]LogMetaData: Removing '/Game/Blueprints/Websocket/BP_Websocket.BP_Websocket:EventGraph.K2Node_Event_2' ref from Metadata '/Game/Blueprints/BP_Websocket.PackageMetaData'
[2017.10.27-12.52.47:822][893]LogMetaData: Removing '/Game/Blueprints/Websocket/BP_Websocket.SKEL_BP_Websocket_C:DefaultSceneRoot' ref from Metadata '/Game/Blueprints/BP_Websocket.PackageMetaData'
[2017.10.27-12.52.47:822][893]LogMetaData: Removing '/Game/Blueprints/Websocket/BP_Websocket.SKEL_BP_Websocket_C:ReceiveBeginPlay' ref from Metadata '/Game/Blueprints/BP_Websocket.PackageMetaData'
[2017.10.27-12.52.47:822][893]LogMetaData: Removing '/Game/Blueprints/Websocket/BP_Websocket.SKEL_BP_Websocket_C:UserConstructionScript' ref from Metadata '/Game/Blueprints/BP_Websocket.PackageMetaData'
[2017.10.27-12.52.47:822][893]LogMetaData: Removing '/Game/Blueprints/Websocket/BP_Websocket.SKEL_BP_Websocket_C:ExecuteUbergraph_BP_Websocket' ref from Metadata '/Game/Blueprints/BP_Websocket.PackageMetaData'
[2017.10.27-12.52.47:822][893]LogMetaData: Removing '/Game/Blueprints/Websocket/BP_Websocket.BP_Websocket_C:DefaultSceneRoot' ref from Metadata '/Game/Blueprints/BP_Websocket.PackageMetaData'
[2017.10.27-12.52.47:822][893]LogMetaData: Removing '/Game/Blueprints/Websocket/BP_Websocket.BP_Websocket_C:ReceiveBeginPlay' ref from Metadata '/Game/Blueprints/BP_Websocket.PackageMetaData'
[2017.10.27-12.52.47:822][893]LogMetaData: Removing '/Game/Blueprints/Websocket/BP_Websocket.BP_Websocket_C:UserConstructionScript' ref from Metadata '/Game/Blueprints/BP_Websocket.PackageMetaData'
[2017.10.27-12.52.47:822][893]LogMetaData: Removing '/Game/Blueprints/Websocket/BP_Websocket.BP_Websocket_C:ExecuteUbergraph_BP_Websocket' ref from Metadata '/Game/Blueprints/BP_Websocket.PackageMetaData'
[2017.10.27-12.52.47:847][893]LogSavePackage: Save=8.45ms
[2017.10.27-12.52.47:847][893]LogSavePackage: Moving '../../../../../../Users/Bendick/Documents/GitHub/SR_Prototype_V3/SR_Prototype_V3/Saved/BP_Websocket7B65D42141FDAB37C2C4D2A701E74472.tmp' to '../../../../../../Users/Bendick/Documents/GitHub/SR_Prototype_V3/SR_Prototype_V3/Content/Blueprints/Websocket/BP_Websocket.uasset'
[2017.10.27-12.52.47:848][893]LogSavePackage:Display: Finished SavePackage ../../../../../../Users/Bendick/Documents/GitHub/SR_Prototype_V3/SR_Prototype_V3/Content/Blueprints/Websocket/BP_Websocket.uasset
[2017.10.27-12.52.48:768][991]Cmd: OBJ SAVEPACKAGE PACKAGE="/Game/ScanReach" FILE="../../../../../../Users/Bendick/Documents/GitHub/SR_Prototype_V3/SR_Prototype_V3/Content/ScanReach.umap" SILENT=true AUTOSAVING=false KEEPDIRTY=false
[2017.10.27-12.52.48:893][991]LogSavePackage: Save=99.14ms
[2017.10.27-12.52.48:893][991]LogSavePackage: Moving '../../../../../../Users/Bendick/Documents/GitHub/SR_Prototype_V3/SR_Prototype_V3/Saved/ScanReach9AFB85424A8539C7DCDEB1B48F5980DC.tmp' to '../../../../../../Users/Bendick/Documents/GitHub/SR_Prototype_V3/SR_Prototype_V3/Content/ScanReach.umap'
[2017.10.27-12.52.48:894][991]LogSavePackage:Display: Finished SavePackage ../../../../../../Users/Bendick/Documents/GitHub/SR_Prototype_V3/SR_Prototype_V3/Content/ScanReach.umap
[2017.10.27-12.52.48:935][991]Cmd: OBJ SAVEPACKAGE PACKAGE="/Game/ScanReach_BuiltData" FILE="../../../../../../Users/Bendick/Documents/GitHub/SR_Prototype_V3/SR_Prototype_V3/Content/ScanReach_BuiltData.uasset" SILENT=true
[2017.10.27-12.52.48:961][991]LogSavePackage: Save=10.57ms
[2017.10.27-12.52.48:961][991]LogSavePackage: Moving '../../../../../../Users/Bendick/Documents/GitHub/SR_Prototype_V3/SR_Prototype_V3/Saved/ScanReach_BuiltData8DC97C2B4F0CA0FD1B3E1A93E65E6554.tmp' to '../../../../../../Users/Bendick/Documents/GitHub/SR_Prototype_V3/SR_Prototype_V3/Content/ScanReach_BuiltData.uasset'
[2017.10.27-12.52.48:962][991]LogSavePackage:Display: Finished SavePackage ../../../../../../Users/Bendick/Documents/GitHub/SR_Prototype_V3/SR_Prototype_V3/Content/ScanReach_BuiltData.uasset
[2017.10.27-12.52.49:269][ 26]Cmd: OBJ SAVEPACKAGE PACKAGE="/Game/ScanReach" FILE="../../../../../../Users/Bendick/Documents/GitHub/SR_Prototype_V3/SR_Prototype_V3/Content/ScanReach.umap" SILENT=true AUTOSAVING=false KEEPDIRTY=false
[2017.10.27-12.52.49:385][ 26]LogSavePackage: Save=94.01ms
[2017.10.27-12.52.49:385][ 26]LogSavePackage: Moving '../../../../../../Users/Bendick/Documents/GitHub/SR_Prototype_V3/SR_Prototype_V3/Saved/ScanReachEB8761A4430D43702682C0A261A64C45.tmp' to '../../../../../../Users/Bendick/Documents/GitHub/SR_Prototype_V3/SR_Prototype_V3/Content/ScanReach.umap'
[2017.10.27-12.52.49:385][ 26]LogSavePackage:Display: Finished SavePackage ../../../../../../Users/Bendick/Documents/GitHub/SR_Prototype_V3/SR_Prototype_V3/Content/ScanReach.umap
[2017.10.27-12.52.49:410][ 26]Cmd: OBJ SAVEPACKAGE PACKAGE="/Game/ScanReach_BuiltData" FILE="../../../../../../Users/Bendick/Documents/GitHub/SR_Prototype_V3/SR_Prototype_V3/Content/ScanReach_BuiltData.uasset" SILENT=true
[2017.10.27-12.52.49:431][ 26]LogSavePackage: Save=7.97ms
[2017.10.27-12.52.49:431][ 26]LogSavePackage: Moving '../../../../../../Users/Bendick/Documents/GitHub/SR_Prototype_V3/SR_Prototype_V3/Saved/ScanReach_BuiltData442207B54FE7F2FE44BBB989A776F722.tmp' to '../../../../../../Users/Bendick/Documents/GitHub/SR_Prototype_V3/SR_Prototype_V3/Content/ScanReach_BuiltData.uasset'
[2017.10.27-12.52.49:431][ 26]LogSavePackage:Display: Finished SavePackage ../../../../../../Users/Bendick/Documents/GitHub/SR_Prototype_V3/SR_Prototype_V3/Content/ScanReach_BuiltData.uasset
[2017.10.27-12.52.50:452][139]LogWindowsTextInputMethodSystem:Display: IME system now deactivated.
[2017.10.27-12.52.50:452][139]LogWindowsTextInputMethodSystem:Display: IME system now deactivated.
[2017.10.27-12.52.50:634][140]Cmd: QUIT_EDITOR
[2017.10.27-12.52.50:654][140]LogExit: Preparing to exit.
[2017.10.27-12.52.50:855][140]LogDirectoryWatcher: A directory notification for 'C:/Users/Bendick/Documents/GitHub/SR_Prototype_V3/SR_Prototype_V3/Content/' was aborted.
[2017.10.27-12.52.50:874][140]LogExit: Editor shut down
[2017.10.27-12.52.50:877][140]LogExit: Transaction tracking system shut down
[2017.10.27-12.52.50:935][140]LogObj: Freed 0b from 0 cluster array pools.
[2017.10.27-12.52.50:935][140]LogExit: Object subsystem successfully closed.
[2017.10.27-12.52.50:954][140]LogD3D11RHI: Shutdown
[2017.10.27-12.52.50:954][140]LogD3D11RHI: CleanupD3DDevice
[2017.10.27-12.52.50:995][140]LogD3D11RHI: ~FD3D11DynamicRHI
[2017.10.27-12.52.51:005][140]LogModuleManager: Shutting down and abandoning module BlueprintGraph (532)
[2017.10.27-12.52.51:005][140]LogModuleManager: Shutting down and abandoning module BlueprintProfiler (530)
[2017.10.27-12.52.51:007][140]LogModuleManager: Shutting down and abandoning module HierarchicalLODOutliner (528)
[2017.10.27-12.52.51:007][140]LogModuleManager: Shutting down and abandoning module CrashTracker (526)
[2017.10.27-12.52.51:007][140]LogModuleManager: Shutting down and abandoning module SceneOutliner (524)
[2017.10.27-12.52.51:007][140]LogModuleManager: Shutting down and abandoning module AddContentDialog (522)
[2017.10.27-12.52.51:007][140]LogDirectoryWatcher: A directory notification for 'C:/Program Files/Epic Games/UE_4.16/FeaturePacks/' was aborted.
[2017.10.27-12.52.51:008][140]LogModuleManager: Shutting down and abandoning module WidgetCarousel (521)
[2017.10.27-12.52.51:008][140]LogModuleManager: Shutting down and abandoning module EditorWidgets (518)
[2017.10.27-12.52.51:008][140]LogModuleManager: Shutting down and abandoning module CollectionManager (516)
[2017.10.27-12.52.51:008][140]LogDirectoryWatcher: A directory notification for 'C:/Users/Bendick/Documents/GitHub/SR_Prototype_V3/SR_Prototype_V3/Content/Collections/' was aborted.
[2017.10.27-12.52.51:008][140]LogDirectoryWatcher: A directory notification for 'C:/Users/Bendick/Documents/GitHub/SR_Prototype_V3/SR_Prototype_V3/Content/Developers/Bendick/Collections/' was aborted.
[2017.10.27-12.52.51:008][140]LogDirectoryWatcher: A directory notification for 'C:/Users/Bendick/Documents/GitHub/SR_Prototype_V3/SR_Prototype_V3/Saved/Collections/' was aborted.
[2017.10.27-12.52.51:008][140]LogModuleManager: Shutting down and abandoning module StatsViewer (514)
[2017.10.27-12.52.51:008][140]LogModuleManager: Shutting down and abandoning module FoliageEdit (512)
[2017.10.27-12.52.51:008][140]LogModuleManager: Shutting down and abandoning module LandscapeEditor (510)
[2017.10.27-12.52.51:008][140]LogModuleManager: Shutting down and abandoning module MeshPaintMode (508)
[2017.10.27-12.52.51:008][140]LogModuleManager: Shutting down and abandoning module SceneDepthPickerMode (506)
[2017.10.27-12.52.51:008][140]LogModuleManager: Shutting down and abandoning module ActorPickerMode (504)
[2017.10.27-12.52.51:008][140]LogModuleManager: Shutting down and abandoning module GeometryMode (502)
[2017.10.27-12.52.51:008][140]LogModuleManager: Shutting down and abandoning module TextureAlignMode (500)
[2017.10.27-12.52.51:008][140]LogModuleManager: Shutting down and abandoning module BspMode (498)
[2017.10.27-12.52.51:008][140]LogModuleManager: Shutting down and abandoning module HardwareSurvey (496)
[2017.10.27-12.52.51:008][140]LogModuleManager: Shutting down and abandoning module SequenceRecorderSections (494)
[2017.10.27-12.52.51:008][140]LogModuleManager: Shutting down and abandoning module AutomationWorker (492)
[2017.10.27-12.52.51:008][140]LogModuleManager: Shutting down and abandoning module MatineeToLevelSequence (490)
[2017.10.27-12.52.51:008][140]LogModuleManager: Shutting down and abandoning module LevelSequenceEditor (488)
[2017.10.27-12.52.51:008][140]LogModuleManager: Shutting down and abandoning module PlacementMode (487)
[2017.10.27-12.52.51:008][140]LogModuleManager: Shutting down and abandoning module WmfMediaFactory (484)
[2017.10.27-12.52.51:008][140]LogModuleManager: Shutting down and abandoning module WmfMediaEditor (482)
[2017.10.27-12.52.51:008][140]LogModuleManager: Shutting down and abandoning module AvfMediaFactory (480)
[2017.10.27-12.52.51:008][140]LogModuleManager: Shutting down and abandoning module AvfMediaEditor (478)
[2017.10.27-12.52.51:008][140]LogModuleManager: Shutting down and abandoning module AndroidMediaFactory (476)
[2017.10.27-12.52.51:008][140]LogModuleManager: Shutting down and abandoning module Media (475)
[2017.10.27-12.52.51:008][140]LogModuleManager: Shutting down and abandoning module AndroidMediaEditor (472)
[2017.10.27-12.52.51:008][140]LogModuleManager: Shutting down and abandoning module CharacterAI (470)
[2017.10.27-12.52.51:008][140]LogModuleManager: Shutting down and abandoning module AudioCapture (468)
[2017.10.27-12.52.51:008][140]LogModuleManager: Shutting down and abandoning module SequenceRecorder (467)
[2017.10.27-12.52.51:008][140]LogModuleManager: Shutting down and abandoning module SmartSnapping (464)
[2017.10.27-12.52.51:008][140]LogModuleManager: Shutting down and abandoning module SessionServices (462)
[2017.10.27-12.52.51:008][140]LogModuleManager: Shutting down and abandoning module ViewportSnapping (460)
[2017.10.27-12.52.51:008][140]LogModuleManager: Shutting down and abandoning module ViewportInteraction (458)
[2017.10.27-12.52.51:008][140]LogModuleManager: Shutting down and abandoning module ClothPainter (456)
[2017.10.27-12.52.51:008][140]LogModuleManager: Shutting down and abandoning module LogVisualizer (454)
[2017.10.27-12.52.51:008][140]LogModuleManager: Shutting down and abandoning module IntroTutorials (452)
[2017.10.27-12.52.51:008][140]LogModuleManager: Shutting down and abandoning module GameProjectGeneration (451)
[2017.10.27-12.52.51:008][140]LogModuleManager: Shutting down and abandoning module EditorLiveStreaming (448)
[2017.10.27-12.52.51:008][140]LogModuleManager: Shutting down and abandoning module IOSPlatformEditor (446)
[2017.10.27-12.52.51:008][140]LogModuleManager: Shutting down and abandoning module HTML5PlatformEditor (444)
[2017.10.27-12.52.51:008][140]LogModuleManager: Shutting down and abandoning module AndroidPlatformEditor (442)
[2017.10.27-12.52.51:008][140]LogModuleManager: Shutting down and abandoning module AndroidDeviceDetection (441)
[2017.10.27-12.52.51:089][140]LogModuleManager: Shutting down and abandoning module IOSRuntimeSettings (438)
[2017.10.27-12.52.51:089][140]LogModuleManager: Shutting down and abandoning module AndroidRuntimeSettings (436)
[2017.10.27-12.52.51:089][140]LogModuleManager: Shutting down and abandoning module InputBindingEditor (434)
[2017.10.27-12.52.51:090][140]LogModuleManager: Shutting down and abandoning module MergeActors (432)
[2017.10.27-12.52.51:090][140]LogModuleManager: Shutting down and abandoning module SizeMap (430)
[2017.10.27-12.52.51:090][140]LogModuleManager: Shutting down and abandoning module TreeMap (428)
[2017.10.27-12.52.51:090][140]LogModuleManager: Shutting down and abandoning module ReferenceViewer (426)
[2017.10.27-12.52.51:090][140]LogModuleManager: Shutting down and abandoning module LocalizationDashboard (424)
[2017.10.27-12.52.51:090][140]LogModuleManager: Shutting down and abandoning module LocalizationService (423)
[2017.10.27-12.52.51:090][140]LogModuleManager: Shutting down and abandoning module HardwareTargeting (420)
[2017.10.27-12.52.51:090][140]LogModuleManager: Shutting down and abandoning module DeviceProfileEditor (418)
[2017.10.27-12.52.51:090][140]LogModuleManager: Shutting down and abandoning module UndoHistory (416)
[2017.10.27-12.52.51:090][140]LogModuleManager: Shutting down and abandoning module UserFeedback (414)
[2017.10.27-12.52.51:090][140]LogModuleManager: Shutting down and abandoning module XmlParser (412)
[2017.10.27-12.52.51:090][140]LogModuleManager: Shutting down and abandoning module Blutility (410)
[2017.10.27-12.52.51:090][140]LogModuleManager: Shutting down and abandoning module ProjectSettingsViewer (408)
[2017.10.27-12.52.51:090][140]LogModuleManager: Shutting down and abandoning module ProjectTargetPlatformEditor (407)
[2017.10.27-12.52.51:090][140]LogModuleManager: Shutting down and abandoning module EditorSettingsViewer (404)
[2017.10.27-12.52.51:090][140]LogModuleManager: Shutting down and abandoning module SettingsEditor (402)
[2017.10.27-12.52.51:090][140]LogModuleManager: Shutting down and abandoning module ProjectLauncher (400)
[2017.10.27-12.52.51:090][140]LogModuleManager: Shutting down and abandoning module SessionFrontend (398)
[2017.10.27-12.52.51:090][140]LogModuleManager: Shutting down and abandoning module ProfilerClient (396)
[2017.10.27-12.52.51:090][140]LogModuleManager: Shutting down and abandoning module DeviceManager (394)
[2017.10.27-12.52.51:090][140]LogModuleManager: Shutting down and abandoning module TargetDeviceServices (393)
[2017.10.27-12.52.51:141][140]LogModuleManager: Shutting down and abandoning module AutomationController (390)
[2017.10.27-12.52.51:141][140]LogModuleManager: Shutting down and abandoning module AutomationWindow (388)
[2017.10.27-12.52.51:141][140]LogModuleManager: Shutting down and abandoning module Layers (386)
[2017.10.27-12.52.51:141][140]LogModuleManager: Shutting down and abandoning module ComponentVisualizers (384)
[2017.10.27-12.52.51:141][140]LogModuleManager: Shutting down and abandoning module DetailCustomizations (382)
[2017.10.27-12.52.51:141][140]LogModuleManager: Shutting down and abandoning module PackagesDialog (380)
[2017.10.27-12.52.51:141][140]LogModuleManager: Shutting down and abandoning module Persona (378)
[2017.10.27-12.52.51:141][140]LogModuleManager: Shutting down and abandoning module AdvancedPreviewScene (377)
[2017.10.27-12.52.51:141][140]LogModuleManager: Shutting down and abandoning module AnimGraph (375)
[2017.10.27-12.52.51:141][140]LogModuleManager: Shutting down and abandoning module Kismet (372)
[2017.10.27-12.52.51:145][140]LogModuleManager: Shutting down and abandoning module ClassViewer (370)
[2017.10.27-12.52.51:146][140]LogModuleManager: Shutting down and abandoning module Toolbox (368)
[2017.10.27-12.52.51:146][140]LogModuleManager: Shutting down and abandoning module ModuleUI (366)
[2017.10.27-12.52.51:146][140]LogModuleManager: Shutting down and abandoning module MovieSceneTools (364)
[2017.10.27-12.52.51:146][140]LogModuleManager: Shutting down and abandoning module OutputLog (362)
[2017.10.27-12.52.51:146][140]LogModuleManager: Shutting down and abandoning module GammaUI (360)
[2017.10.27-12.52.51:146][140]LogModuleManager: Shutting down and abandoning module Documentation (358)
[2017.10.27-12.52.51:146][140]LogModuleManager: Shutting down and abandoning module MovieSceneTracks (356)
[2017.10.27-12.52.51:146][140]LogModuleManager: Shutting down and abandoning module MovieScene (354)
[2017.10.27-12.52.51:146][140]LogModuleManager: Shutting down and abandoning module Niagara (352)
[2017.10.27-12.52.51:146][140]LogModuleManager: Shutting down and abandoning module NiagaraEditor (351)
[2017.10.27-12.52.51:146][140]LogModuleManager: Shutting down and abandoning module StreamingPauseRendering (348)
[2017.10.27-12.52.51:146][140]LogModuleManager: Shutting down and abandoning module AnalyticsET (346)
[2017.10.27-12.52.51:146][140]LogModuleManager: Shutting down and abandoning module PortalServices (344)
[2017.10.27-12.52.51:146][140]LogModuleManager: Shutting down and abandoning module PortalRpc (342)
[2017.10.27-12.52.51:146][140]LogModuleManager: Shutting down and abandoning module MessagingRpc (340)
[2017.10.27-12.52.51:146][140]LogModuleManager: Shutting down and abandoning module AIModule (338)
[2017.10.27-12.52.51:146][140]LogModuleManager: Shutting down and abandoning module GameplayDebugger (337)
[2017.10.27-12.52.51:146][140]LogModuleManager: Shutting down and abandoning module AITestSuite (335)
[2017.10.27-12.52.51:146][140]LogModuleManager: Shutting down and abandoning module ProfilerService (332)
[2017.10.27-12.52.51:262][140]LogModuleManager: Shutting down and abandoning module TaskGraph (330)
[2017.10.27-12.52.51:262][140]LogModuleManager: Shutting down and abandoning module WebSocket (328)
[2017.10.27-12.52.51:262][140]LogModuleManager: Shutting down and abandoning module SteamVRController (326)
[2017.10.27-12.52.51:262][140]LogModuleManager: Shutting down and abandoning module SteamVR (324)
[2017.10.27-12.52.51:262][140]LogModuleManager: Shutting down and abandoning module ProceduralMeshComponentEditor (322)
[2017.10.27-12.52.51:262][140]LogModuleManager: Shutting down and abandoning module ProceduralMeshComponent (320)
[2017.10.27-12.52.51:262][140]LogModuleManager: Shutting down and abandoning module OculusLibrary (318)
[2017.10.27-12.52.51:262][140]LogModuleManager: Shutting down and abandoning module OculusInput (316)
[2017.10.27-12.52.51:262][140]LogModuleManager: Shutting down and abandoning module MobilePatchingUtils (314)
[2017.10.27-12.52.51:262][140]LogModuleManager: Shutting down and abandoning module CustomMeshComponent (312)
[2017.10.27-12.52.51:262][140]LogModuleManager: Shutting down and abandoning module CableComponent (310)
[2017.10.27-12.52.51:262][140]LogModuleManager: Shutting down and abandoning module ArchVisCharacter (308)
[2017.10.27-12.52.51:262][140]LogModuleManager: Shutting down and abandoning module AndroidPermission (306)
[2017.10.27-12.52.51:262][140]LogModuleManager: Shutting down and abandoning module MediaPlayerEditor (302)
[2017.10.27-12.52.51:262][140]LogModuleManager: Shutting down and abandoning module HTML5Networking (300)
[2017.10.27-12.52.51:262][140]LogModuleManager: Shutting down and abandoning module AlembicImporter (298)
[2017.10.27-12.52.51:262][140]LogModuleManager: Shutting down and abandoning module AlembicLibrary (297)
[2017.10.27-12.52.51:262][140]LogModuleManager: Shutting down and abandoning module GeometryCache (296)
[2017.10.27-12.52.51:262][140]LogModuleManager: Shutting down and abandoning module GeometryCacheEd (295)
[2017.10.27-12.52.51:262][140]LogModuleManager: Shutting down and abandoning module SuperSearchEditor (290)
[2017.10.27-12.52.51:262][140]LogModuleManager: Shutting down and abandoning module SuperSearch (289)
[2017.10.27-12.52.51:262][140]LogModuleManager: Shutting down and abandoning module SpeedTreeImporter (286)
[2017.10.27-12.52.51:262][140]LogModuleManager: Shutting down and abandoning module PluginBrowser (284)
[2017.10.27-12.52.51:262][140]LogModuleManager: Shutting down and abandoning module MobileLauncherProfileWizard (282)
[2017.10.27-12.52.51:262][140]LogModuleManager: Shutting down and abandoning module VisualStudioSourceCodeAccess (280)
[2017.10.27-12.52.51:262][140]LogModuleManager: Shutting down and abandoning module UObjectPlugin (278)
[2017.10.27-12.52.51:262][140]LogModuleManager: Shutting down and abandoning module SubversionSourceControl (276)
[2017.10.27-12.52.51:262][140]LogModuleManager: Shutting down and abandoning module PerforceSourceControl (274)
[2017.10.27-12.52.51:262][140]LogModuleManager: Shutting down and abandoning module GitSourceControl (272)
[2017.10.27-12.52.51:262][140]LogModuleManager: Shutting down and abandoning module SourceControl (271)
[2017.10.27-12.52.51:262][140]LogModuleManager: Shutting down and abandoning module LightPropagationVolumeEditor (268)
[2017.10.27-12.52.51:262][140]LogModuleManager: Shutting down and abandoning module PaperTiledImporter (266)
[2017.10.27-12.52.51:262][140]LogModuleManager: Shutting down and abandoning module PaperSpriteSheetImporter (264)
[2017.10.27-12.52.51:262][140]LogModuleManager: Shutting down and abandoning module Paper2DEditor (262)
[2017.10.27-12.52.51:262][140]LogModuleManager: Shutting down and abandoning module MeshPaint (261)
[2017.10.27-12.52.51:262][140]LogModuleManager: Shutting down and abandoning module LevelEditor (259)
[2017.10.27-12.52.51:263][140]LogModuleManager: Shutting down and abandoning module PixelInspectorModule (258)
[2017.10.27-12.52.51:263][140]LogModuleManager: Shutting down and abandoning module MainFrame (256)
[2017.10.27-12.52.51:263][140]LogModuleManager: Shutting down and abandoning module HotReload (255)
[2017.10.27-12.52.51:263][140]LogDirectoryWatcher: A directory notification for 'C:/Users/Bendick/Documents/GitHub/SR_Prototype_V3/SR_Prototype_V3/Binaries/Win64' was aborted.
[2017.10.27-12.52.51:263][140]LogDirectoryWatcher: A directory notification for 'C:/Users/Bendick/Documents/GitHub/SR_Prototype_V3/SR_Prototype_V3/Plugins/WebSocket/Binaries/Win64' was aborted.
[2017.10.27-12.52.51:263][140]LogModuleManager: Shutting down and abandoning module SR_Prototype_V3 (250)
[2017.10.27-12.52.51:263][140]LogModuleManager: Shutting down and abandoning module PhysXVehiclesEditor (248)
[2017.10.27-12.52.51:263][140]LogModuleManager: Shutting down and abandoning module PhysXVehicles (246)
[2017.10.27-12.52.51:263][140]LogModuleManager: Shutting down and abandoning module LocationServicesBPLibrary (244)
[2017.10.27-12.52.51:263][140]LogModuleManager: Shutting down and abandoning module ImmediatePhysicsEditor (242)
[2017.10.27-12.52.51:263][140]LogModuleManager: Shutting down and abandoning module ImmediatePhysics (240)
[2017.10.27-12.52.51:263][140]LogModuleManager: Shutting down and abandoning module UdpMessaging (238)
[2017.10.27-12.52.51:364][140]LogModuleManager: Shutting down and abandoning module TcpMessaging (236)
[2017.10.27-12.52.51:703][140]LogModuleManager: Shutting down and abandoning module GameplayTagsEditor (234)
[2017.10.27-12.52.51:703][140]LogModuleManager: Shutting down and abandoning module FacialAnimationEditor (232)
[2017.10.27-12.52.51:703][140]LogModuleManager: Shutting down and abandoning module FacialAnimation (230)
[2017.10.27-12.52.51:703][140]LogModuleManager: Shutting down and abandoning module AssetManagerEditor (228)
[2017.10.27-12.52.51:703][140]LogModuleManager: Shutting down and abandoning module GraphEditor (227)
[2017.10.27-12.52.51:703][140]LogModuleManager: Shutting down and abandoning module ContentBrowser (225)
[2017.10.27-12.52.51:704][140]LogModuleManager: Shutting down and abandoning module LightPropagationVolumeRuntime (222)
[2017.10.27-12.52.51:704][140]LogModuleManager: Shutting down and abandoning module Paper2D (220)
[2017.10.27-12.52.51:704][140]LogModuleManager: Shutting down and abandoning module WindowsMoviePlayer (218)
[2017.10.27-12.52.51:704][140]LogModuleManager: Shutting down and abandoning module WmfMedia (216)
[2017.10.27-12.52.51:704][140]LogModuleManager: Shutting down and abandoning module ClothingSystemEditor (214)
[2017.10.27-12.52.51:704][140]LogModuleManager: Shutting down and abandoning module ClothingSystemRuntime (212)
[2017.10.27-12.52.51:704][140]LogModuleManager: Shutting down and abandoning module MediaAssets (210)
[2017.10.27-12.52.51:704][140]LogModuleManager: Shutting down and abandoning module GameLiveStreaming (208)
[2017.10.27-12.52.51:704][140]LogModuleManager: Shutting down and abandoning module VREditor (206)
[2017.10.27-12.52.51:704][140]LogModuleManager: Shutting down and abandoning module StringTableEditor (204)
[2017.10.27-12.52.51:704][140]LogModuleManager: Shutting down and abandoning module GameplayTasksEditor (202)
[2017.10.27-12.52.51:704][140]LogModuleManager: Shutting down and abandoning module BehaviorTreeEditor (200)
[2017.10.27-12.52.51:704][140]LogModuleManager: Shutting down and abandoning module FunctionalTesting (198)
[2017.10.27-12.52.51:704][140]LogModuleManager: Shutting down and abandoning module CollisionAnalyzer (196)
[2017.10.27-12.52.51:704][140]LogModuleManager: Shutting down and abandoning module UMG (194)
[2017.10.27-12.52.51:704][140]LogModuleManager: Shutting down and abandoning module UMGEditor (193)
[2017.10.27-12.52.51:704][140]LogModuleManager: Shutting down and abandoning module Sequencer (192)
[2017.10.27-12.52.51:704][140]LogModuleManager: Shutting down and abandoning module AssetTools (190)
[2017.10.27-12.52.51:704][140]LogModuleManager: Shutting down and abandoning module MessageLog (189)
[2017.10.27-12.52.51:704][140]LogModuleManager: Shutting down and abandoning module WorkspaceMenuStructure (188)
[2017.10.27-12.52.51:704][140]LogModuleManager: Shutting down and abandoning module SlateReflector (182)
[2017.10.27-12.52.51:704][140]LogModuleManager: Shutting down and abandoning module Slate (180)
[2017.10.27-12.52.51:704][140]LogModuleManager: Shutting down and abandoning module EditorStyle (178)
[2017.10.27-12.52.51:706][140]LogModuleManager: Shutting down and abandoning module SourceCodeAccess (176)
[2017.10.27-12.52.51:706][140]LogModuleManager: Shutting down and abandoning module HeadMountedDisplay (174)
[2017.10.27-12.52.51:706][140]LogModuleManager: Shutting down and abandoning module XAudio2 (172)
[2017.10.27-12.52.51:706][140]LogModuleManager: Shutting down and abandoning module Networking (170)
[2017.10.27-12.52.51:706][140]LogModuleManager: Shutting down and abandoning module Core (166)
[2017.10.27-12.52.51:706][140]LogModuleManager: Shutting down and abandoning module AssetRegistry (164)
[2017.10.27-12.52.51:837][140]LogDirectoryWatcher: A directory notification for '../../../Engine/Content/' was aborted.
[2017.10.27-12.52.51:837][140]LogDirectoryWatcher: A directory notification for '../../../../../../Users/Bendick/Documents/GitHub/SR_Prototype_V3/SR_Prototype_V3/Content/' was aborted.
[2017.10.27-12.52.51:837][140]LogDirectoryWatcher: A directory notification for '../../../Engine/Plugins/2D/Paper2D/Content/' was aborted.
[2017.10.27-12.52.51:837][140]LogDirectoryWatcher: A directory notification for '../../../Engine/Plugins/Runtime/GearVR/Content/' was aborted.
[2017.10.27-12.52.51:838][140]LogModuleManager: Shutting down and abandoning module DirectoryWatcher (163)
[2017.10.27-12.52.51:838][140]LogModuleManager: Shutting down and abandoning module KismetCompiler (160)
[2017.10.27-12.52.51:838][140]LogModuleManager: Shutting down and abandoning module LevelSequence (158)
[2017.10.27-12.52.51:838][140]LogModuleManager: Shutting down and abandoning module PhysXFormats (156)
[2017.10.27-12.52.51:838][140]LogModuleManager: Shutting down and abandoning module MeshUtilities (154)
[2017.10.27-12.52.51:838][140]LogModuleManager: Shutting down and abandoning module SimplygonSwarm (153)
[2017.10.27-12.52.51:838][140]LogModuleManager: Shutting down and abandoning module SimplygonMeshReduction (151)
[2017.10.27-12.52.51:838][140]LogModuleManager: Shutting down and abandoning module QuadricMeshReduction (149)
[2017.10.27-12.52.51:838][140]LogModuleManager: Shutting down and abandoning module DerivedDataCache (146)
[2017.10.27-12.52.51:939][140]LogDerivedDataCache: Shutdown
[2017.10.27-12.52.51:939][140]LogModuleManager: Shutting down and abandoning module TargetPlatform (144)
[2017.10.27-12.52.51:939][140]LogModuleManager: Shutting down and abandoning module VulkanShaderFormat (143)
[2017.10.27-12.52.51:939][140]LogModuleManager: Shutting down and abandoning module ShaderFormatVectorVM (141)
[2017.10.27-12.52.51:939][140]LogModuleManager: Shutting down and abandoning module ShaderFormatOpenGL (139)
[2017.10.27-12.52.51:939][140]LogModuleManager: Shutting down and abandoning module ShaderFormatD3D (137)
[2017.10.27-12.52.51:939][140]LogModuleManager: Shutting down and abandoning module MetalShaderFormat (135)
[2017.10.27-12.52.51:939][140]LogModuleManager: Shutting down and abandoning module TextureFormatUncompressed (133)
[2017.10.27-12.52.51:939][140]LogModuleManager: Shutting down and abandoning module TextureFormatPVR (131)
[2017.10.27-12.52.51:939][140]LogModuleManager: Shutting down and abandoning module TextureFormatDXT (129)
[2017.10.27-12.52.51:939][140]LogModuleManager: Shutting down and abandoning module TextureFormatIntelISPCTexComp (127)
[2017.10.27-12.52.51:939][140]LogModuleManager: Shutting down and abandoning module TextureFormatASTC (125)
[2017.10.27-12.52.51:939][140]LogModuleManager: Shutting down and abandoning module ImageWrapper (124)
[2017.10.27-12.52.51:939][140]LogModuleManager: Shutting down and abandoning module TextureFormatAndroid (121)
[2017.10.27-12.52.51:939][140]LogModuleManager: Shutting down and abandoning module AudioFormatOpus (119)
[2017.10.27-12.52.51:939][140]LogModuleManager: Shutting down and abandoning module AudioFormatOgg (117)
[2017.10.27-12.52.51:939][140]LogModuleManager: Shutting down and abandoning module AudioFormatADPCM (115)
[2017.10.27-12.52.51:939][140]LogModuleManager: Shutting down and abandoning module LinuxTargetPlatform (113)
[2017.10.27-12.52.51:939][140]LogModuleManager: Shutting down and abandoning module LinuxServerTargetPlatform (111)
[2017.10.27-12.52.51:939][140]LogModuleManager: Shutting down and abandoning module LinuxNoEditorTargetPlatform (109)
[2017.10.27-12.52.51:939][140]LogModuleManager: Shutting down and abandoning module LinuxClientTargetPlatform (107)
[2017.10.27-12.52.51:939][140]LogModuleManager: Shutting down and abandoning module TVOSTargetPlatform (105)
[2017.10.27-12.52.51:939][140]LogModuleManager: Shutting down and abandoning module Messaging (103)
[2017.10.27-12.52.51:939][140]LogModuleManager: Shutting down and abandoning module IOSTargetPlatform (101)
[2017.10.27-12.52.51:939][140]LogModuleManager: Shutting down and abandoning module HTML5TargetPlatform (99)
[2017.10.27-12.52.51:939][140]LogModuleManager: Shutting down and abandoning module Android_PVRTCTargetPlatform (97)
[2017.10.27-12.52.51:939][140]LogModuleManager: Shutting down and abandoning module Android_MultiTargetPlatform (95)
[2017.10.27-12.52.51:939][140]LogModuleManager: Shutting down and abandoning module Android_ETC2TargetPlatform (93)
[2017.10.27-12.52.51:939][140]LogModuleManager: Shutting down and abandoning module Android_ETC1TargetPlatform (91)
[2017.10.27-12.52.51:939][140]LogModuleManager: Shutting down and abandoning module Android_DXTTargetPlatform (89)
[2017.10.27-12.52.51:939][140]LogModuleManager: Shutting down and abandoning module Android_ATCTargetPlatform (87)
[2017.10.27-12.52.51:939][140]LogModuleManager: Shutting down and abandoning module Android_ASTCTargetPlatform (85)
[2017.10.27-12.52.51:939][140]LogModuleManager: Shutting down and abandoning module AndroidTargetPlatform (83)
[2017.10.27-12.52.51:939][140]LogModuleManager: Shutting down and abandoning module WindowsTargetPlatform (81)
[2017.10.27-12.52.51:939][140]LogModuleManager: Shutting down and abandoning module WindowsServerTargetPlatform (79)
[2017.10.27-12.52.51:939][140]LogModuleManager: Shutting down and abandoning module WindowsNoEditorTargetPlatform (77)
[2017.10.27-12.52.51:939][140]LogModuleManager: Shutting down and abandoning module WindowsClientTargetPlatform (75)
[2017.10.27-12.52.51:939][140]LogModuleManager: Shutting down and abandoning module MacTargetPlatform (73)
[2017.10.27-12.52.51:939][140]LogModuleManager: Shutting down and abandoning module MacServerTargetPlatform (71)
[2017.10.27-12.52.51:939][140]LogModuleManager: Shutting down and abandoning module MacNoEditorTargetPlatform (69)
[2017.10.27-12.52.51:939][140]LogModuleManager: Shutting down and abandoning module MacClientTargetPlatform (67)
[2017.10.27-12.52.51:939][140]LogModuleManager: Shutting down and abandoning module AllDesktopTargetPlatform (65)
[2017.10.27-12.52.51:939][140]LogModuleManager: Shutting down and abandoning module InputCore (62)
[2017.10.27-12.52.51:939][140]LogModuleManager: Shutting down and abandoning module Settings (60)
[2017.10.27-12.52.51:939][140]LogModuleManager: Shutting down and abandoning module OculusRift (58)
[2017.10.27-12.52.51:939][140]LogModuleManager: Shutting down and abandoning module GearVRController (56)
[2017.10.27-12.52.51:939][140]LogModuleManager: Shutting down and abandoning module GearVR (54)
[2017.10.27-12.52.51:939][140]LogModuleManager: Shutting down and abandoning module ExampleDeviceProfileSelector (52)
[2017.10.27-12.52.51:939][140]LogModuleManager: Shutting down and abandoning module OnlineBlueprintSupport (50)
[2017.10.27-12.52.51:939][140]LogModuleManager: Shutting down and abandoning module OnlineSubsystem (46)
[2017.10.27-12.52.51:939][140]LogOnline:Display: Unloading online subsystem: NULL
[2017.10.27-12.52.51:939][140]LogModuleManager: Shutting down and abandoning module XMPP (45)
[2017.10.27-12.52.51:939][140]LogModuleManager: Shutting down and abandoning module HTTP (43)
[2017.10.27-12.52.51:939][140]LogHttp:Display: Http module shutting down, but needs to wait on 1 outstanding Http requests:
[2017.10.27-12.52.51:939][140]LogHttp:Display: 	verb=[POST] url=[https://datarouter.ol.epicgames.com/datarouter/api/v1/public/data?SessionID=%7B1B698F35-475D-5B53-873C-798F738E9F2E%7D&AppID=UEEditor.Rocket.Release&AppVersion=4.16.3-3561208%2B%2B%2BUE4%2BRelease-4.16&UserID=0c75b627499df609a8813c9ced46962c%7Cfebaf0232e0e4e628b45a2bec753bbbc%7C408adb04-e8c0-4c29-a1fb-4d7ed05dedd7&AppEnvironment=datacollector-binary&UploadType=eteventstream] status=Processing
[2017.10.27-12.52.51:948][140]LogModuleManager: Shutting down and abandoning module SSL (42)
[2017.10.27-12.52.51:949][140]LogModuleManager: Shutting down and abandoning module HTTPChunkInstaller (38)
[2017.10.27-12.52.51:949][140]LogModuleManager: Shutting down and abandoning module DesktopPlatform (36)
[2017.10.27-12.52.51:949][140]LogModuleManager: Shutting down and abandoning module AnimationModifiers (34)
[2017.10.27-12.52.51:949][140]LogModuleManager: Shutting down and abandoning module PropertyEditor (33)
[2017.10.27-12.52.51:949][140]LogModuleManager: Shutting down and abandoning module AudioEditor (30)
[2017.10.27-12.52.51:949][140]LogModuleManager: Shutting down and abandoning module TextureCompressor (28)
[2017.10.27-12.52.51:949][140]LogModuleManager: Shutting down and abandoning module ShaderCore (26)
[2017.10.27-12.52.51:949][140]LogModuleManager: Shutting down and abandoning module Landscape (24)
[2017.10.27-12.52.51:949][140]LogModuleManager: Shutting down and abandoning module SlateRHIRenderer (22)
[2017.10.27-12.52.51:949][140]LogModuleManager: Shutting down and abandoning module OpenGLDrv (20)
[2017.10.27-12.52.51:949][140]LogModuleManager: Shutting down and abandoning module D3D11RHI (18)
[2017.10.27-12.52.51:949][140]LogModuleManager: Shutting down and abandoning module AnimGraphRuntime (16)
[2017.10.27-12.52.51:949][140]LogModuleManager: Shutting down and abandoning module Renderer (14)
[2017.10.27-12.52.51:949][140]LogModuleManager: Shutting down and abandoning module Engine (12)
[2017.10.27-12.52.51:950][140]LogModuleManager: Shutting down and abandoning module CoreUObject (10)
[2017.10.27-12.52.51:950][140]LogModuleManager: Shutting down and abandoning module NetworkFile (8)
[2017.10.27-12.52.51:950][140]LogModuleManager: Shutting down and abandoning module StreamingFile (6)
[2017.10.27-12.52.51:950][140]LogModuleManager: Shutting down and abandoning module SandboxFile (4)
[2017.10.27-12.52.51:950][140]LogModuleManager: Shutting down and abandoning module PakFile (2)
[2017.10.27-12.52.51:951][140]LogExit: Exiting.
[2017.10.27-12.52.51:962][140]Log file closed, 10/27/17 14:52:51
