Log file open, 09/21/17 14:05:10
LogInit:Display: Running engine for game: SR_Prototype_V3
LogPlatformFile: Not using cached read wrapper
LogInit:Display: RandInit(-1616933230) SRandInit(-1616933230).
LogTaskGraph: Started task graph with 5 named threads and 8 total threads with 1 sets of task threads.
LogStats: Stats thread started at 0.071950
LogInit: Using libcurl 7.47.1
LogInit:  - built for x86_64-pc-win32
LogInit:  - supports SSL with OpenSSL/1.0.2g
LogInit:  - supports HTTP deflate (compression) using libz 1.2.8
LogInit:  - other features:
LogInit:      CURL_VERSION_SSL
LogInit:      CURL_VERSION_LIBZ
LogInit:      CURL_VERSION_IPV6
LogInit:      CURL_VERSION_ASYNCHDNS
LogInit:      CURL_VERSION_LARGEFILE
LogInit:      CURL_VERSION_IDN
LogInit:  CurlRequestOptions (configurable via config and command line):
LogInit:  - bVerifyPeer = false  - Libcurl will NOT verify peer certificate
LogInit:  - bUseHttpProxy = false  - Libcurl will NOT use HTTP proxy
LogInit:  - bDontReuseConnections = false  - Libcurl will reuse connections
LogInit:  - CertBundlePath = nullptr  - Libcurl will use whatever was configured at build time.
LogInit: Build: ++UE4+Release-4.16-CL-3561208
LogInit: Engine Version: 4.16.3-3561208+++UE4+Release-4.16
LogInit: Compatible Engine Version: 4.16.0-3452394+++UE4+Release-4.16
LogInit: Net CL: 3452394
LogDevObjectVersion: Number of dev versions registered: 16
LogDevObjectVersion:   Dev-Blueprints (B0D832E4-1F89-4F0D-ACCF-7EB736FD4AA2): 9
LogDevObjectVersion:   Dev-Build (E1C64328-A22C-4D53-A36C-8E866417BD8C): 0
LogDevObjectVersion:   Dev-Core (375EC13C-06E4-48FB-B500-84F0262A717E): 2
LogDevObjectVersion:   Dev-Editor (E4B068ED-F494-42E9-A231-DA0B2E46BB41): 17
LogDevObjectVersion:   Dev-Framework (CFFC743F-43B0-4480-9391-14DF171D2073): 23
LogDevObjectVersion:   Dev-Mobile (B02B49B5-BB20-44E9-A304-32B752E40360): 0
LogDevObjectVersion:   Dev-Networking (A4E4105C-59A1-49B5-A7C5-40C4547EDFEE): 0
LogDevObjectVersion:   Dev-Online (39C831C9-5AE6-47DC-9A44-9C173E1C8E7C): 0
LogDevObjectVersion:   Dev-Physics (78F01B33-EBEA-4F98-B9B4-84EACCB95AA2): 0
LogDevObjectVersion:   Dev-Platform (6631380F-2D4D-43E0-8009-CF276956A95A): 0
LogDevObjectVersion:   Dev-Rendering (12F88B9F-8875-4AFC-A67C-D90C383ABD29): 15
LogDevObjectVersion:   Dev-Sequencer (7B5AE74C-D270-4C10-A958-57980B212A5A): 4
LogDevObjectVersion:   Dev-VR (D7296918-1DD6-4BDD-9DE2-64A83CC13884): 0
LogDevObjectVersion:   Dev-LoadTimes (C2A15278-BFE7-4AFE-6C17-90FF531DF755): 1
LogDevObjectVersion:   Private-Geometry (6EACA3D4-40EC-4CC1-B786-8BED09428FC5): 1
LogDevObjectVersion:   Dev-AnimPhys (29E575DD-E0A3-4627-9D10-D276232CDCEA): 3
LogInit: Compiled (64-bit): Jul 28 2017 11:49:47
LogInit: Compiled with Visual C++: 19.00.24215.01
LogInit: Build Configuration: Development
LogInit: Branch Name: ++UE4+Release-4.16
LogInit: Command line:  
LogInit: Base directory: C:/Program Files/Epic Games/UE_4.16/Engine/Binaries/Win64/
LogInit: Installed Engine Build: 1
LogInit: Presizing for max 8388607 objects, including 0 objects not considered by GC, pre-allocating 0 bytes for permanent pool.
LogInit: Object subsystem initialized
[2017.09.21-12.05.11:077][  0]LogInit: Selected Device Profile: [Windows]
[2017.09.21-12.05.11:077][  0]LogInit: Applying CVar settings loaded from the selected device profile: [Windows]
[2017.09.21-12.05.11:085][  0]LogInit: Computer: WINDOWS-EUOFFC3
[2017.09.21-12.05.11:085][  0]LogInit: User: Bendick
[2017.09.21-12.05.11:085][  0]LogInit: CPU Page size=4096, Cores=4
[2017.09.21-12.05.11:085][  0]LogInit: High frequency timer resolution =3.914065 MHz
[2017.09.21-12.05.11:085][  0]LogMemory: Memory total: Physical=15.9GB (16GB approx)
[2017.09.21-12.05.11:085][  0]LogMemory: Platform Memory Stats for Windows
[2017.09.21-12.05.11:085][  0]LogMemory: Process Physical Memory: 272.48 MB used, 272.48 MB peak
[2017.09.21-12.05.11:085][  0]LogMemory: Process Virtual Memory: 265.18 MB used, 265.18 MB peak
[2017.09.21-12.05.11:085][  0]LogMemory: Physical Memory: 6990.98 MB used,  9332.00 MB free, 16322.98 MB total
[2017.09.21-12.05.11:085][  0]LogMemory: Virtual Memory: 642.61 MB used,  9332.00 MB free, 134217728.00 MB total
[2017.09.21-12.05.11:129][  0]LogInit: Using OS detected language (en-US).
[2017.09.21-12.05.11:129][  0]LogInit: Using OS detected locale (en-GB).
[2017.09.21-12.05.11:130][  0]LogTextLocalizationManager: No specific localization for 'en-US' exists, so the 'en' localization will be used.
[2017.09.21-12.05.11:760][  0]LogD3D11RHI: D3D11 adapters:
[2017.09.21-12.05.12:195][  0]LogD3D11RHI:    0. 'NVIDIA GeForce GTX 1070' (Feature Level 11_0)
[2017.09.21-12.05.12:195][  0]LogD3D11RHI:       8119/0/8161 MB DedicatedVideo/DedicatedSystem/SharedSystem, Outputs:2, VendorId:0x10de
[2017.09.21-12.05.12:196][  0]LogD3D11RHI:    1. 'Microsoft Basic Render Driver' (Feature Level 11_0)
[2017.09.21-12.05.12:196][  0]LogD3D11RHI:       0/0/8161 MB DedicatedVideo/DedicatedSystem/SharedSystem, Outputs:0, VendorId:0x1414
[2017.09.21-12.05.12:196][  0]LogD3D11RHI: Chosen D3D11 Adapter: 0
[2017.09.21-12.05.12:200][  0]LogD3D11RHI: Creating new Direct3DDevice
[2017.09.21-12.05.12:200][  0]LogD3D11RHI:     GPU DeviceId: 0x1b81 (for the marketing name, search the web for "GPU Device Id")
[2017.09.21-12.05.12:200][  0]LogWindows: EnumDisplayDevices:
[2017.09.21-12.05.12:200][  0]LogWindows:    0. 'NVIDIA GeForce GTX 1070' (P:1 D:1)
[2017.09.21-12.05.12:201][  0]LogWindows:    1. 'NVIDIA GeForce GTX 1070' (P:0 D:1)
[2017.09.21-12.05.12:201][  0]LogWindows:    2. 'NVIDIA GeForce GTX 1070' (P:0 D:0)
[2017.09.21-12.05.12:201][  0]LogWindows:    3. 'NVIDIA GeForce GTX 1070' (P:0 D:0)
[2017.09.21-12.05.12:201][  0]LogWindows: DebugString: FoundDriverCount:4 
[2017.09.21-12.05.12:201][  0]LogD3D11RHI:     Adapter Name: NVIDIA GeForce GTX 1070
[2017.09.21-12.05.12:201][  0]LogD3D11RHI:   Driver Version: 382.05 (internal:22.21.13.8205, unified:382.05)
[2017.09.21-12.05.12:201][  0]LogD3D11RHI:      Driver Date: 5-1-2017
[2017.09.21-12.05.12:201][  0]LogRHI: Texture pool is 1361 MB (70% of 1945 MB)
[2017.09.21-12.05.12:622][  0]LogD3D11RHI: Async texture creation enabled
[2017.09.21-12.05.12:752][  0]LogD3D11RHI: GPU Timing Frequency: 1000.000000 (Debug: 2 2)
[2017.09.21-12.05.12:842][  0]LogShaderCompilers: Guid format shader working directory is -33 characters bigger than the processId version (../../../../../../Users/Bendick/Documents/GitHub/SR_Prototype_V3/SR_Prototype_V3/Intermediate/Shaders/WorkingDirectory/14200/).
[2017.09.21-12.05.12:842][  0]LogShaderCompilers: Cleaned the shader compiler working directory 'C:/Users/Bendick/AppData/Local/Temp/UnrealShaderWorkingDir/D21CD8704A069FDFAD283597DCB9405E/'.
[2017.09.21-12.05.12:842][  0]LogShaderCompilers:Display: Using Local Shader Compiler.
[2017.09.21-12.05.13:544][  0]LogTemp:Display: Loaded TP AllDesktopTargetPlatform
[2017.09.21-12.05.13:580][  0]LogTemp:Display: Loaded TP MacClientTargetPlatform
[2017.09.21-12.05.13:615][  0]LogTemp:Display: Loaded TP MacNoEditorTargetPlatform
[2017.09.21-12.05.13:651][  0]LogTemp:Display: Loaded TP MacServerTargetPlatform
[2017.09.21-12.05.13:687][  0]LogTemp:Display: Loaded TP MacTargetPlatform
[2017.09.21-12.05.13:720][  0]LogTemp:Display: Loaded TP WindowsClientTargetPlatform
[2017.09.21-12.05.13:761][  0]LogTemp:Display: Loaded TP WindowsNoEditorTargetPlatform
[2017.09.21-12.05.13:797][  0]LogTemp:Display: Loaded TP WindowsServerTargetPlatform
[2017.09.21-12.05.13:829][  0]LogTemp:Display: Loaded TP WindowsTargetPlatform
[2017.09.21-12.05.13:866][  0]LogTemp:Display: Loaded TP AndroidTargetPlatform
[2017.09.21-12.05.13:905][  0]LogTemp:Display: Loaded TP Android_ASTCTargetPlatform
[2017.09.21-12.05.13:938][  0]LogTemp:Display: Loaded TP Android_ATCTargetPlatform
[2017.09.21-12.05.13:971][  0]LogTemp:Display: Loaded TP Android_DXTTargetPlatform
[2017.09.21-12.05.14:004][  0]LogTemp:Display: Loaded TP Android_ETC1TargetPlatform
[2017.09.21-12.05.14:036][  0]LogTemp:Display: Loaded TP Android_ETC2TargetPlatform
[2017.09.21-12.05.14:103][  0]LogTemp:Display: Loaded TP Android_MultiTargetPlatform
[2017.09.21-12.05.14:103][  0]LogTemp:Display: Loaded TP Android_PVRTCTargetPlatform
[2017.09.21-12.05.14:129][  0]LogTemp:Display: Loaded TP HTML5TargetPlatform
[2017.09.21-12.05.14:198][  0]LogTemp:Display: Loaded TP IOSTargetPlatform
[2017.09.21-12.05.14:218][  0]LogTemp:Display: Loaded TP TVOSTargetPlatform
[2017.09.21-12.05.14:249][  0]LogTemp:Display: Loaded TP LinuxClientTargetPlatform
[2017.09.21-12.05.14:283][  0]LogTemp:Display: Loaded TP LinuxNoEditorTargetPlatform
[2017.09.21-12.05.14:316][  0]LogTemp:Display: Loaded TP LinuxServerTargetPlatform
[2017.09.21-12.05.14:349][  0]LogTemp:Display: Loaded TP LinuxTargetPlatform
[2017.09.21-12.05.14:349][  0]LogTargetPlatformManager:Display: Building Assets For Windows
[2017.09.21-12.05.14:685][  0]LogDerivedDataCache:Display: Max Cache Size: 512 MB
[2017.09.21-12.05.14:765][  0]LogDerivedDataCache: Loaded boot cache 0.08s 111MB C:/Users/Bendick/AppData/Local/UnrealEngine/4.16/DerivedDataCache/Boot.ddc.
[2017.09.21-12.05.14:765][  0]LogDerivedDataCache:Display: Loaded Boot cache: C:/Users/Bendick/AppData/Local/UnrealEngine/4.16/DerivedDataCache/Boot.ddc
[2017.09.21-12.05.14:765][  0]LogDerivedDataCache: FDerivedDataBackendGraph:  Pak pak cache file ../../../../../../Users/Bendick/Documents/GitHub/SR_Prototype_V3/SR_Prototype_V3/DerivedDataCache/DDC.ddp not found, will not use a pak cache.
[2017.09.21-12.05.14:765][  0]LogDerivedDataCache: Unable to find inner node Pak for hierarchical cache Hierarchy.
[2017.09.21-12.05.14:765][  0]LogDerivedDataCache: FDerivedDataBackendGraph:  CompressedPak pak cache file ../../../../../../Users/Bendick/Documents/GitHub/SR_Prototype_V3/SR_Prototype_V3/DerivedDataCache/Compressed.ddp not found, will not use a pak cache.
[2017.09.21-12.05.14:765][  0]LogDerivedDataCache: Unable to find inner node CompressedPak for hierarchical cache Hierarchy.
[2017.09.21-12.05.14:776][  0]LogDerivedDataCache:Display: Pak cache opened for reading ../../../Engine/DerivedDataCache/Compressed.ddp.
[2017.09.21-12.05.14:787][  0]LogDerivedDataCache: Using Local data cache path C:/Users/Bendick/AppData/Local/UnrealEngine/Common/DerivedDataCache: Writable
[2017.09.21-12.05.14:795][  0]LogMaterial: Verifying Global Shaders for PCD3D_SM5
[2017.09.21-12.05.14:795][  0]LogSlate: Using Freetype 2.6.0
[2017.09.21-12.05.14:795][  0]LogSlate: SlateFontCache - WITH_FREETYPE: 1, WITH_HARFBUZZ: 1
[2017.09.21-12.05.14:795][  0]LogSlate: SlateFontCache - WITH_FREETYPE: 1, WITH_HARFBUZZ: 1
[2017.09.21-12.05.15:011][  0]LogInit: Selected Device Profile: [Windows]
[2017.09.21-12.05.15:167][  0]LogMeshUtilities: Using QuadricMeshReduction for automatic static mesh reduction
[2017.09.21-12.05.15:197][  0]LogSimplygon: Simplygon DLL not present - disabling.
[2017.09.21-12.05.15:229][  0]LogMeshUtilities: Using SimplygonSwarm for distributed automatic mesh merging
[2017.09.21-12.05.15:229][  0]LogMeshUtilities: No automatic skeletal mesh reduction module available
[2017.09.21-12.05.15:229][  0]LogMeshUtilities: No automatic mesh merging module available
[2017.09.21-12.05.15:607][  0]LogNetVersion: SR_Prototype_V3 , NetCL: 3452394, EngineNetVer: 2, GameNetVer: 0 (Checksum: 2708348065)
[2017.09.21-12.05.15:655][  0]LogAssetRegistry: FAssetRegistry took 0.0239 seconds to start up
[2017.09.21-12.05.15:696][  0]LogPackageLocalizationCache: Processed 4 localized package path(s) for 2 prioritized culture(s) in 0.025646 seconds
[2017.09.21-12.05.15:699][  0]LogUObjectArray: 34194 objects as part of root set at end of initial load.
[2017.09.21-12.05.15:699][  0]LogUObjectAllocator: 7260416 out of 0 bytes used by permanent object pool.
[2017.09.21-12.05.15:699][  0]LogUObjectArray: CloseDisregardForGC: 0/0 objects in disregard for GC pool
[2017.09.21-12.05.15:743][  0]LogInit: WinSock: version 1.1 (2.2), MaxSocks=32767, MaxUdp=65467
[2017.09.21-12.05.17:341][  0]LogTcpMessaging: Initializing TcpMessaging bridge
[2017.09.21-12.05.17:370][  0]LogUdpMessaging: Initializing bridge on interface 0.0.0.0:0 to multicast group 230.0.0.1:6666.
[2017.09.21-12.05.17:726][  0]LogMaterial: Uniform references updated for custom material expression Custom.
[2017.09.21-12.05.17:991][  0]SourceControl: Info Source control is disabled
[2017.09.21-12.05.18:027][  0]SourceControl: Info Source control is disabled
[2017.09.21-12.05.18:058][  0]SourceControl: Info Source control is disabled
[2017.09.21-12.05.18:089][  0]SourceControl: Info Source control is disabled
[2017.09.21-12.05.18:547][  0]LogAndroidPermission: UAndroidPermissionCallbackProxy::GetInstance
[2017.09.21-12.05.18:939][  0]LogEngine: Initializing Engine...
[2017.09.21-12.05.18:940][  0]LogHMD: Failed to initialize OpenVR with code 110
[2017.09.21-12.05.19:076][  0]LogStats: UGameplayTagsManager::ConstructGameplayTagTree: Construct from data asset -  0.000 s
[2017.09.21-12.05.19:076][  0]LogStats: UGameplayTagsManager::ConstructGameplayTagTree: GameplayTagTreeChangedEvent.Broadcast -  0.000 s
[2017.09.21-12.05.19:165][  0]LogAIModule: Creating AISystem for world Untitled
[2017.09.21-12.05.19:171][  0]LogInit: XAudio2 using 'Speakers (2- Logitech G933 Gaming Headset)' : 6 channels at 48 kHz using 16 bits per sample (channel mask 0x3f)
[2017.09.21-12.05.19:185][  0]LogInit: FAudioDevice initialized.
[2017.09.21-12.05.19:223][  0]LogDerivedDataCache: Saved boot cache 0.04s 111MB C:/Users/Bendick/AppData/Local/UnrealEngine/4.16/DerivedDataCache/Boot.ddc.
[2017.09.21-12.05.19:236][  0]LogInit: Texture streaming: Disabled
[2017.09.21-12.05.19:301][  0]LogEngineSessionManager: EngineSessionManager initialized
[2017.09.21-12.05.19:447][  0]LogInit: Transaction tracking system initialized
[2017.09.21-12.05.19:656][  0]BlueprintLog: New page: Editor Load
[2017.09.21-12.05.20:292][  0]LocalizationService: Info Localization service is disabled
[2017.09.21-12.05.20:755][  0]LogConsoleResponse:Display: 
[2017.09.21-12.05.20:864][  0]LogCook:Display: Max memory allowance for cook 16384mb min free memory 0mb
[2017.09.21-12.05.20:864][  0]LogCook:Display: Mobile HDR setting 1
[2017.09.21-12.05.21:544][  0]LogFileCache: Scanning file cache for directory 'C:/Users/Bendick/Documents/GitHub/SR_Prototype_V3/SR_Prototype_V3/Content/' took 0.01s
[2017.09.21-12.05.21:544][  0]SourceControl: Info Source control is disabled
[2017.09.21-12.05.21:544][  0]Cmd: MAP LOAD FILE="../../../../../../Users/Bendick/Documents/GitHub/SR_Prototype_V3/SR_Prototype_V3/Content/ScanReach.umap" TEMPLATE=0 SHOWPROGRESS=1 FEATURELEVEL=3
[2017.09.21-12.05.21:544][  0]LightingResults: New page: Lighting Build
[2017.09.21-12.05.21:574][  0]MapCheck: New page: Map Check
[2017.09.21-12.05.21:574][  0]LightingResults: New page: Lighting Build
[2017.09.21-12.05.21:750][  0]LogStats: FPlatformStackWalk::StackWalkAndDump -  0.142 s
[2017.09.21-12.05.21:750][  0]LogOutputDevice:Error: === Handled ensure: ===
[2017.09.21-12.05.21:750][  0]LogOutputDevice:Error: 
[2017.09.21-12.05.21:750][  0]LogOutputDevice:Error: Ensure condition failed: ChildActorTemplate == nullptr [File:D:\Build\++UE4+Release-4.16+Compile\Sync\Engine\Source\Runtime\Engine\Private\Components\ChildActorComponent.cpp] [Line: 95]
[2017.09.21-12.05.21:750][  0]LogOutputDevice:Error: Found unexpected ChildActorTemplate LinkerPlaceholderExportObject /Game/Blueprints/Ship/bp_Ship.PLACEHOLDER-INST_of_PLACEHOLDER-CLASS__bp_Deck_C_1 when ChildActorClass is null
[2017.09.21-12.05.21:750][  0]LogOutputDevice:Error: Stack: 
[2017.09.21-12.05.21:750][  0]LogOutputDevice:Error: UE4Editor-Core.dll!0x00000000D686E2B6
[2017.09.21-12.05.21:750][  0]LogOutputDevice:Error: UE4Editor-Core.dll!0x00000000D661B8C2
[2017.09.21-12.05.21:750][  0]LogOutputDevice:Error: UE4Editor-Core.dll!0x00000000D6631E86
[2017.09.21-12.05.21:750][  0]LogOutputDevice:Error: UE4Editor-Engine.dll!0x00000000B0461F11
[2017.09.21-12.05.21:750][  0]LogOutputDevice:Error: UE4Editor-CoreUObject.dll!0x00000000D9C83F30
[2017.09.21-12.05.21:750][  0]LogOutputDevice:Error: UE4Editor-CoreUObject.dll!0x00000000D9C54973
[2017.09.21-12.05.21:750][  0]LogOutputDevice:Error: UE4Editor-CoreUObject.dll!0x00000000D9C7A9A9
[2017.09.21-12.05.21:751][  0]LogOutputDevice:Error: UE4Editor-CoreUObject.dll!0x00000000D9D99345
[2017.09.21-12.05.21:751][  0]LogOutputDevice:Error: UE4Editor-CoreUObject.dll!0x00000000D9CA6B20
[2017.09.21-12.05.21:751][  0]LogOutputDevice:Error: UE4Editor-CoreUObject.dll!0x00000000D9CA57C5
[2017.09.21-12.05.21:751][  0]LogOutputDevice:Error: UE4Editor-CoreUObject.dll!0x00000000D9CA6D65
[2017.09.21-12.05.21:751][  0]LogOutputDevice:Error: UE4Editor-CoreUObject.dll!0x00000000D9CA57C5
[2017.09.21-12.05.21:751][  0]LogOutputDevice:Error: UE4Editor-CoreUObject.dll!0x00000000D9C55666
[2017.09.21-12.05.21:751][  0]LogOutputDevice:Error: UE4Editor-CoreUObject.dll!0x00000000D9B28DF5
[2017.09.21-12.05.21:751][  0]LogOutputDevice:Error: UE4Editor-CoreUObject.dll!0x00000000D9B27BB8
[2017.09.21-12.05.21:751][  0]LogOutputDevice:Error: UE4Editor-CoreUObject.dll!0x00000000D9C841BF
[2017.09.21-12.05.21:751][  0]LogOutputDevice:Error: UE4Editor-CoreUObject.dll!0x00000000D9C54509
[2017.09.21-12.05.21:751][  0]LogOutputDevice:Error: UE4Editor-CoreUObject.dll!0x00000000D9C795D1
[2017.09.21-12.05.21:751][  0]LogOutputDevice:Error: UE4Editor-CoreUObject.dll!0x00000000D9C534B8
[2017.09.21-12.05.21:751][  0]LogOutputDevice:Error: UE4Editor-CoreUObject.dll!0x00000000D9C5491B
[2017.09.21-12.05.21:751][  0]LogOutputDevice:Error: UE4Editor-CoreUObject.dll!0x00000000D9C7A9A9
[2017.09.21-12.05.21:751][  0]LogOutputDevice:Error: UE4Editor-CoreUObject.dll!0x00000000D9D99345
[2017.09.21-12.05.21:751][  0]LogOutputDevice:Error: UE4Editor-CoreUObject.dll!0x00000000D9CA6B20
[2017.09.21-12.05.21:751][  0]LogOutputDevice:Error: UE4Editor-CoreUObject.dll!0x00000000D9CA57C5
[2017.09.21-12.05.21:751][  0]LogOutputDevice:Error: UE4Editor-CoreUObject.dll!0x00000000D9CA6D65
[2017.09.21-12.05.21:751][  0]LogOutputDevice:Error: UE4Editor-CoreUObject.dll!0x00000000D9CA57C5
[2017.09.21-12.05.21:751][  0]LogOutputDevice:Error: UE4Editor-CoreUObject.dll!0x00000000D9C55666
[2017.09.21-12.05.21:751][  0]LogOutputDevice:Error: UE4Editor-CoreUObject.dll!0x00000000D9B28DF5
[2017.09.21-12.05.21:751][  0]LogOutputDevice:Error: UE4Editor-CoreUObject.dll!0x00000000D9B27BB8
[2017.09.21-12.05.21:751][  0]LogOutputDevice:Error: UE4Editor-CoreUObject.dll!0x00000000D9C841BF
[2017.09.21-12.05.21:751][  0]LogOutputDevice:Error: UE4Editor-CoreUObject.dll!0x00000000D9C54509
[2017.09.21-12.05.21:751][  0]LogOutputDevice:Error: UE4Editor-CoreUObject.dll!0x00000000D9C795D1
[2017.09.21-12.05.21:751][  0]LogOutputDevice:Error: UE4Editor-CoreUObject.dll!0x00000000D9C534B8
[2017.09.21-12.05.21:751][  0]LogOutputDevice:Error: UE4Editor-CoreUObject.dll!0x00000000D9C795D1
[2017.09.21-12.05.21:751][  0]LogOutputDevice:Error: UE4Editor-CoreUObject.dll!0x00000000D9C534B8
[2017.09.21-12.05.21:751][  0]LogOutputDevice:Error: UE4Editor-CoreUObject.dll!0x00000000D9C5491B
[2017.09.21-12.05.21:751][  0]LogOutputDevice:Error: UE4Editor-CoreUObject.dll!0x00000000D9C7A9A9
[2017.09.21-12.05.21:751][  0]LogOutputDevice:Error: UE4Editor-CoreUObject.dll!0x00000000D9D99345
[2017.09.21-12.05.21:751][  0]LogOutputDevice:Error: UE4Editor-CoreUObject.dll!0x00000000D9CA6B20
[2017.09.21-12.05.21:751][  0]LogOutputDevice:Error: UE4Editor-CoreUObject.dll!0x00000000D9CA57C5
[2017.09.21-12.05.21:751][  0]LogOutputDevice:Error: UE4Editor-CoreUObject.dll!0x00000000D9CA6D65
[2017.09.21-12.05.21:751][  0]LogOutputDevice:Error: UE4Editor-CoreUObject.dll!0x00000000D9CA57C5
[2017.09.21-12.05.21:751][  0]LogOutputDevice:Error: UE4Editor-CoreUObject.dll!0x00000000D9CA5612
[2017.09.21-12.05.21:751][  0]LogOutputDevice:Error: UE4Editor-CoreUObject.dll!0x00000000D9C615B1
[2017.09.21-12.05.21:751][  0]LogOutputDevice:Error: UE4Editor-CoreUObject.dll!0x00000000D9CA4C03
[2017.09.21-12.05.21:751][  0]LogOutputDevice:Error: UE4Editor-CoreUObject.dll!0x00000000D9C5699E
[2017.09.21-12.05.21:751][  0]LogOutputDevice:Error: UE4Editor-CoreUObject.dll!0x00000000D9C6EF73
[2017.09.21-12.05.21:751][  0]LogOutputDevice:Error: UE4Editor-CoreUObject.dll!0x00000000D9D9910E
[2017.09.21-12.05.21:751][  0]LogOutputDevice:Error: UE4Editor-CoreUObject.dll!0x00000000D9CA6B20
[2017.09.21-12.05.21:751][  0]LogOutputDevice:Error: UE4Editor-CoreUObject.dll!0x00000000D9CA57C5
[2017.09.21-12.05.21:751][  0]LogOutputDevice:Error: UE4Editor-CoreUObject.dll!0x00000000D9CA6D65
[2017.09.21-12.05.21:751][  0]LogOutputDevice:Error: UE4Editor-CoreUObject.dll!0x00000000D9CA57C5
[2017.09.21-12.05.21:751][  0]LogOutputDevice:Error: UE4Editor-CoreUObject.dll!0x00000000D9CA5612
[2017.09.21-12.05.21:751][  0]LogOutputDevice:Error: UE4Editor-CoreUObject.dll!0x00000000D9C615B1
[2017.09.21-12.05.21:751][  0]LogOutputDevice:Error: UE4Editor-CoreUObject.dll!0x00000000D9CA4C03
[2017.09.21-12.05.21:751][  0]LogOutputDevice:Error: UE4Editor-CoreUObject.dll!0x00000000D9C5699E
[2017.09.21-12.05.21:751][  0]LogOutputDevice:Error: UE4Editor-CoreUObject.dll!0x00000000D9C6EF73
[2017.09.21-12.05.21:751][  0]LogOutputDevice:Error: UE4Editor-CoreUObject.dll!0x00000000D9D9910E
[2017.09.21-12.05.21:751][  0]LogOutputDevice:Error: UE4Editor-CoreUObject.dll!0x00000000D9CA6B20
[2017.09.21-12.05.21:751][  0]LogOutputDevice:Error: UE4Editor-CoreUObject.dll!0x00000000D9CA57C5
[2017.09.21-12.05.21:751][  0]LogOutputDevice:Error: UE4Editor-CoreUObject.dll!0x00000000D9CA6D65
[2017.09.21-12.05.21:751][  0]LogOutputDevice:Error: UE4Editor-CoreUObject.dll!0x00000000D9CA57C5
[2017.09.21-12.05.21:751][  0]LogOutputDevice:Error: UE4Editor-CoreUObject.dll!0x00000000D9CA6D65
[2017.09.21-12.05.21:751][  0]LogOutputDevice:Error: UE4Editor-CoreUObject.dll!0x00000000D9CA57C5
[2017.09.21-12.05.21:751][  0]LogOutputDevice:Error: UE4Editor-CoreUObject.dll!0x00000000D9CA5612
[2017.09.21-12.05.21:751][  0]LogOutputDevice:Error: UE4Editor-CoreUObject.dll!0x00000000D9C615B1
[2017.09.21-12.05.21:751][  0]LogOutputDevice:Error: UE4Editor-CoreUObject.dll!0x00000000D9CA4C03
[2017.09.21-12.05.21:751][  0]LogOutputDevice:Error: UE4Editor-CoreUObject.dll!0x00000000D9C5699E
[2017.09.21-12.05.21:751][  0]LogOutputDevice:Error: UE4Editor-CoreUObject.dll!0x00000000D9C6EF73
[2017.09.21-12.05.21:751][  0]LogOutputDevice:Error: UE4Editor-CoreUObject.dll!0x00000000D9D9910E
[2017.09.21-12.05.21:751][  0]LogOutputDevice:Error: UE4Editor-CoreUObject.dll!0x00000000D9D9891A
[2017.09.21-12.05.21:751][  0]LogOutputDevice:Error: UE4Editor-UnrealEd.dll!0x00000000AC3A44E1
[2017.09.21-12.05.21:751][  0]LogOutputDevice:Error: UE4Editor-UnrealEd.dll!0x00000000AC3953B5
[2017.09.21-12.05.21:751][  0]LogOutputDevice:Error: UE4Editor-UnrealEd.dll!0x00000000AC37ABA2
[2017.09.21-12.05.21:751][  0]LogOutputDevice:Error: UE4Editor-UnrealEd.dll!0x00000000ACB816B6
[2017.09.21-12.05.21:751][  0]LogOutputDevice:Error: UE4Editor-UnrealEd.dll!0x00000000AC61E13F
[2017.09.21-12.05.21:751][  0]LogOutputDevice:Error: UE4Editor-UnrealEd.dll!0x00000000AC61DD7F
[2017.09.21-12.05.21:751][  0]LogOutputDevice:Error: UE4Editor-UnrealEd.dll!0x00000000ACB34DE1
[2017.09.21-12.05.21:751][  0]LogOutputDevice:Error: UE4Editor-UnrealEd.dll!0x00000000ACAF7F3E
[2017.09.21-12.05.21:751][  0]LogOutputDevice:Error: UE4Editor.exe!0x000000004564EFA6
[2017.09.21-12.05.21:751][  0]LogOutputDevice:Error: UE4Editor.exe!0x000000004564F12A
[2017.09.21-12.05.21:751][  0]LogOutputDevice:Error: UE4Editor.exe!0x0000000045660CF9
[2017.09.21-12.05.21:751][  0]LogOutputDevice:Error: UE4Editor.exe!0x00000000456625F7
[2017.09.21-12.05.21:751][  0]LogOutputDevice:Error: KERNEL32.DLL!0x0000000002572774
[2017.09.21-12.05.21:751][  0]LogOutputDevice:Error: ntdll.dll!0x0000000002DA0D51
[2017.09.21-12.05.21:751][  0]LogOutputDevice:Error: 
[2017.09.21-12.05.21:752][  0]LogStats:                SubmitErrorReport -  0.000 s
[2017.09.21-12.05.21:898][  0]LogStats:                    SendNewReport -  0.146 s
[2017.09.21-12.05.21:898][  0]LogStats:             FDebug::EnsureFailed -  0.289 s
[2017.09.21-12.05.22:173][  0]LogAIModule: Creating AISystem for world ScanReach
[2017.09.21-12.05.22:180][  0]LogEditorServer: Finished looking for orphan Actors (0.000 secs)
[2017.09.21-12.05.22:205][  0]Cmd: MAP CHECKDEP NOCLEARLOG
[2017.09.21-12.05.22:241][  0]MapCheck: Info Map check complete: 0 Error(s), 0 Warning(s), took 35.375ms to complete.
[2017.09.21-12.05.22:241][  0]LogFileHelpers: Loading map 'ScanReach' took 0.696
[2017.09.21-12.05.22:361][  0]LogCollectionManager: Loaded 0 collections in 0.000965 seconds
[2017.09.21-12.05.22:430][  0]LogFileCache: Scanning file cache for directory 'C:/Users/Bendick/Documents/GitHub/SR_Prototype_V3/SR_Prototype_V3/Saved/Collections/' took 0.01s
[2017.09.21-12.05.22:430][  0]LogFileCache: Scanning file cache for directory 'C:/Users/Bendick/Documents/GitHub/SR_Prototype_V3/SR_Prototype_V3/Content/Developers/Bendick/Collections/' took 0.01s
[2017.09.21-12.05.22:430][  0]LogFileCache: Scanning file cache for directory 'C:/Users/Bendick/Documents/GitHub/SR_Prototype_V3/SR_Prototype_V3/Content/Collections/' took 0.01s
[2017.09.21-12.05.22:430][  0]LogCollectionManager: Rebuilt the GUID cache for 0 collections in 0.000001 seconds
[2017.09.21-12.05.22:438][  0]LogContentBrowser: Native class hierarchy populated in 0.0074 seconds. Added 2329 classes and 491 folders.
[2017.09.21-12.05.22:487][  0]LogContentBrowser: Native class hierarchy updated for 'WidgetCarousel' in 0.0004 seconds. Added 0 classes and 0 folders.
[2017.09.21-12.05.22:513][  0]LogContentBrowser: Native class hierarchy updated for 'AddContentDialog' in 0.0004 seconds. Added 0 classes and 0 folders.
[2017.09.21-12.05.22:543][  0]LogContentBrowser: Native class hierarchy updated for 'SceneOutliner' in 0.0003 seconds. Added 1 classes and 2 folders.
[2017.09.21-12.05.22:603][  0]LogCrashTracker: Crashtracker disabled due to settings.
[2017.09.21-12.05.22:607][  0]LogSlate: Took 0.000125 seconds to synchronously load lazily loaded font '../../../Engine/Content/Slate/Fonts/Roboto-Regular.ttf' (155K)
[2017.09.21-12.05.22:608][  0]LogSlate: Took 0.000123 seconds to synchronously load lazily loaded font '../../../Engine/Content/Slate/Fonts/Roboto-Bold.ttf' (160K)
[2017.09.21-12.05.22:612][  0]LogSlate: Took 0.000121 seconds to synchronously load lazily loaded font '../../../Engine/Content/Editor/Slate/Fonts/FontAwesome.ttf' (139K)
[2017.09.21-12.05.22:679][  0]LogRenderer: Reallocating scene render targets to support 1276x604 NumSamples 1 (Frame:1).
[2017.09.21-12.05.22:716][  0]LogSlate: Took 0.000082 seconds to synchronously load lazily loaded font '../../../Engine/Content/Slate/Fonts/Roboto-Light.ttf' (159K)
[2017.09.21-12.05.22:793][  0]LogUObjectGlobals:Warning: Failed to find object 'Class None.'
[2017.09.21-12.05.22:843][  0]LogContentBrowser: Native class hierarchy updated for 'HierarchicalLODOutliner' in 0.0004 seconds. Added 1 classes and 2 folders.
[2017.09.21-12.05.22:844][  0]LogLoad: (Engine Initialization) Total time: 12.80 seconds
[2017.09.21-12.05.22:844][  0]LogLoad: (Engine Initialization) Total Blueprint compile time: 0.10 seconds
[2017.09.21-12.05.22:844][  0]LogExternalProfiler: Found external profiler: VSPerf
[2017.09.21-12.05.22:844][  0]LogExternalProfiler: Using external profiler: VSPerf
[2017.09.21-12.05.23:183][  0]LogOcInput: OculusInput pre-init called
[2017.09.21-12.05.23:183][  0]LogHMD: Starting GearVRController plugin
[2017.09.21-12.05.23:194][  0]LogAssetRegistry: Asset discovery search completed in 7.5607 seconds
[2017.09.21-12.05.23:195][  0]LogCollectionManager: Rebuilt the object cache for 0 collections in 0.000000 seconds (found 0 objects)
[2017.09.21-12.05.23:195][  0]LogCollectionManager: Fixed up redirectors for 0 collections in 0.000016 seconds (updated 0 objects)
[2017.09.21-12.05.23:262][  1]LogRenderer: Reallocating scene render targets to support 1276x624 NumSamples 1 (Frame:3).
[2017.09.21-12.05.24:184][  3]LogSlate: Took 0.000183 seconds to synchronously load lazily loaded font '../../../Engine/Content/Slate/Fonts/Roboto-Light.ttf' (159K)
[2017.09.21-12.05.25:519][  8]LogEditorViewport: Clicking on Actor (LMB): Brush (Brush1)
[2017.09.21-12.05.32:155][790]LogSlate: Took 0.000093 seconds to synchronously load lazily loaded font '../../../Engine/Content/Slate/Fonts/Roboto-Light.ttf' (159K)
[2017.09.21-12.05.34:204][ 29]LogSlate: Took 0.000126 seconds to synchronously load lazily loaded font '../../../Engine/Content/Editor/Slate/Fonts/Roboto-BoldCondensedItalic.ttf' (160K)
[2017.09.21-12.05.40:662][803]LogClass: UUserDefinedStruct.Serialize 'STRUCT_REINST_s_DeckSetup_1' validation: Struct 'UserDefinedStruct /Engine/Transient.STRUCT_REINST_s_DeckSetup_1' is empty
[2017.09.21-12.05.42:142][975]LogSavePackage: Save=3.96ms
[2017.09.21-12.05.42:143][975]LogSavePackage: Moving '../../../../../../Users/Bendick/Documents/GitHub/SR_Prototype_V3/SR_Prototype_V3/Saved/s_FloorInfoAC1AAFD6428BCA75F5327380264BD0A5.tmp' to '../../../../../../Users/Bendick/Documents/GitHub/SR_Prototype_V3/SR_Prototype_V3/Content/Blueprints/Structs/s_FloorInfo.uasset'
[2017.09.21-12.05.42:144][975]LogSavePackage:Display: Finished SavePackage ../../../../../../Users/Bendick/Documents/GitHub/SR_Prototype_V3/SR_Prototype_V3/Content/Blueprints/Structs/s_FloorInfo.uasset
[2017.09.21-12.05.42:437][  8]LogSavePackage: Save=3.94ms
[2017.09.21-12.05.42:437][  8]LogSavePackage: Moving '../../../../../../Users/Bendick/Documents/GitHub/SR_Prototype_V3/SR_Prototype_V3/Saved/s_FloorInfo8438CCF24D81AB9EAA7A1BB7EBFDEC32.tmp' to '../../../../../../Users/Bendick/Documents/GitHub/SR_Prototype_V3/SR_Prototype_V3/Content/Blueprints/Structs/s_FloorInfo.uasset'
[2017.09.21-12.05.42:438][  8]LogSavePackage:Display: Finished SavePackage ../../../../../../Users/Bendick/Documents/GitHub/SR_Prototype_V3/SR_Prototype_V3/Content/Blueprints/Structs/s_FloorInfo.uasset
[2017.09.21-12.05.44:144][212]LogEditorViewport: Clicking on Actor (LMB): bp_Ship_C (bp_Ship)
[2017.09.21-12.05.45:713][389]LogEditorViewport: Clicking on Actor (context menu): bp_Ship_C (bp_Ship)
[2017.09.21-12.05.46:678][473]LogContentBrowser: Native class hierarchy updated for 'BlueprintGraph' in 0.0006 seconds. Added 112 classes and 0 folders.
[2017.09.21-12.05.47:080][473]LogSlate: Took 0.000123 seconds to synchronously load lazily loaded font '../../../Engine/Content/Editor/Slate/Fonts/Roboto-BoldCondensed.ttf' (158K)
[2017.09.21-12.05.47:137][474]LogSlate: Took 0.000108 seconds to synchronously load lazily loaded font '../../../Engine/Content/Editor/Slate/Fonts/Roboto-Italic.ttf' (157K)
[2017.09.21-12.06.01:991][206]LogEditorViewport: Clicking on Actor (LMB): bp_Ship_C (bp_Ship)
[2017.09.21-12.06.02:494][265]LogEditorViewport: Clicking on Actor (LMB): bp_Ship_C (bp_Ship)
[2017.09.21-12.06.07:680][872]LogTexture:Display: Building textures: ACCDECK04_2048 (AutoDXT, 2048X2048)
[2017.09.21-12.06.08:160][894]LogEditorViewport: Clicking on Actor (LMB): StaticMeshActor (Floor)
[2017.09.21-12.06.10:849][211]LogEditorViewport: Clicking on Actor (LMB): DirectionalLight (Light Source)
[2017.09.21-12.06.11:206][247]Cmd: OBJ SAVEPACKAGE PACKAGE="/Game/ScanReach" FILE="../../../../../../Users/Bendick/Documents/GitHub/SR_Prototype_V3/SR_Prototype_V3/Content/ScanReach.umap" SILENT=true AUTOSAVING=false KEEPDIRTY=false
[2017.09.21-12.06.11:303][247]LogSavePackage: Save=77.00ms
[2017.09.21-12.06.11:303][247]LogSavePackage: Moving '../../../../../../Users/Bendick/Documents/GitHub/SR_Prototype_V3/SR_Prototype_V3/Saved/ScanReachCA3CD7374853AD39CD4D85BA0A489FF8.tmp' to '../../../../../../Users/Bendick/Documents/GitHub/SR_Prototype_V3/SR_Prototype_V3/Content/ScanReach.umap'
[2017.09.21-12.06.11:305][247]LogSavePackage:Display: Finished SavePackage ../../../../../../Users/Bendick/Documents/GitHub/SR_Prototype_V3/SR_Prototype_V3/Content/ScanReach.umap
[2017.09.21-12.06.11:343][247]Cmd: OBJ SAVEPACKAGE PACKAGE="/Game/ScanReach_BuiltData" FILE="../../../../../../Users/Bendick/Documents/GitHub/SR_Prototype_V3/SR_Prototype_V3/Content/ScanReach_BuiltData.uasset" SILENT=true
[2017.09.21-12.06.11:360][247]LogSavePackage: Save=10.40ms
[2017.09.21-12.06.11:360][247]LogSavePackage: Moving '../../../../../../Users/Bendick/Documents/GitHub/SR_Prototype_V3/SR_Prototype_V3/Saved/ScanReach_BuiltData2C35DF7849D405BEC39369A4148197F4.tmp' to '../../../../../../Users/Bendick/Documents/GitHub/SR_Prototype_V3/SR_Prototype_V3/Content/ScanReach_BuiltData.uasset'
[2017.09.21-12.06.11:361][247]LogSavePackage:Display: Finished SavePackage ../../../../../../Users/Bendick/Documents/GitHub/SR_Prototype_V3/SR_Prototype_V3/Content/ScanReach_BuiltData.uasset
[2017.09.21-12.06.16:050][797]Cmd: OBJ SAVEPACKAGE PACKAGE="/Game/ScanReach" FILE="../../../../../../Users/Bendick/Documents/GitHub/SR_Prototype_V3/SR_Prototype_V3/Content/ScanReach.umap" SILENT=true AUTOSAVING=false KEEPDIRTY=false
[2017.09.21-12.06.16:140][797]LogSavePackage: Save=76.71ms
[2017.09.21-12.06.16:140][797]LogSavePackage: Moving '../../../../../../Users/Bendick/Documents/GitHub/SR_Prototype_V3/SR_Prototype_V3/Saved/ScanReach032C7D3243E6FA4756E84A96FED4E776.tmp' to '../../../../../../Users/Bendick/Documents/GitHub/SR_Prototype_V3/SR_Prototype_V3/Content/ScanReach.umap'
[2017.09.21-12.06.16:142][797]LogSavePackage:Display: Finished SavePackage ../../../../../../Users/Bendick/Documents/GitHub/SR_Prototype_V3/SR_Prototype_V3/Content/ScanReach.umap
[2017.09.21-12.06.16:162][797]Cmd: OBJ SAVEPACKAGE PACKAGE="/Game/ScanReach_BuiltData" FILE="../../../../../../Users/Bendick/Documents/GitHub/SR_Prototype_V3/SR_Prototype_V3/Content/ScanReach_BuiltData.uasset" SILENT=true
[2017.09.21-12.06.16:174][797]LogSavePackage: Save=7.78ms
[2017.09.21-12.06.16:174][797]LogSavePackage: Moving '../../../../../../Users/Bendick/Documents/GitHub/SR_Prototype_V3/SR_Prototype_V3/Saved/ScanReach_BuiltDataA98E53AB42C3D736844B1A97BB528A63.tmp' to '../../../../../../Users/Bendick/Documents/GitHub/SR_Prototype_V3/SR_Prototype_V3/Content/ScanReach_BuiltData.uasset'
[2017.09.21-12.06.16:175][797]LogSavePackage:Display: Finished SavePackage ../../../../../../Users/Bendick/Documents/GitHub/SR_Prototype_V3/SR_Prototype_V3/Content/ScanReach_BuiltData.uasset
[2017.09.21-12.06.16:774][867]Cmd: OBJ SAVEPACKAGE PACKAGE="/Game/ScanReach" FILE="../../../../../../Users/Bendick/Documents/GitHub/SR_Prototype_V3/SR_Prototype_V3/Content/ScanReach.umap" SILENT=true AUTOSAVING=false KEEPDIRTY=false
[2017.09.21-12.06.16:863][867]LogSavePackage: Save=76.17ms
[2017.09.21-12.06.16:863][867]LogSavePackage: Moving '../../../../../../Users/Bendick/Documents/GitHub/SR_Prototype_V3/SR_Prototype_V3/Saved/ScanReachF8B5D8D24CF0DEEC0D13F0827E6F5483.tmp' to '../../../../../../Users/Bendick/Documents/GitHub/SR_Prototype_V3/SR_Prototype_V3/Content/ScanReach.umap'
[2017.09.21-12.06.16:864][867]LogSavePackage:Display: Finished SavePackage ../../../../../../Users/Bendick/Documents/GitHub/SR_Prototype_V3/SR_Prototype_V3/Content/ScanReach.umap
[2017.09.21-12.06.16:883][867]Cmd: OBJ SAVEPACKAGE PACKAGE="/Game/ScanReach_BuiltData" FILE="../../../../../../Users/Bendick/Documents/GitHub/SR_Prototype_V3/SR_Prototype_V3/Content/ScanReach_BuiltData.uasset" SILENT=true
[2017.09.21-12.06.16:894][867]LogSavePackage: Save=7.81ms
[2017.09.21-12.06.16:894][867]LogSavePackage: Moving '../../../../../../Users/Bendick/Documents/GitHub/SR_Prototype_V3/SR_Prototype_V3/Saved/ScanReach_BuiltData797298A546327799676E638ABCD59269.tmp' to '../../../../../../Users/Bendick/Documents/GitHub/SR_Prototype_V3/SR_Prototype_V3/Content/ScanReach_BuiltData.uasset'
[2017.09.21-12.06.16:895][867]LogSavePackage:Display: Finished SavePackage ../../../../../../Users/Bendick/Documents/GitHub/SR_Prototype_V3/SR_Prototype_V3/Content/ScanReach_BuiltData.uasset
[2017.09.21-12.06.25:446][884]LogClass: UUserDefinedStruct.Serialize 'STRUCT_REINST_s_DeckSetup_5' validation: Struct 'UserDefinedStruct /Engine/Transient.STRUCT_REINST_s_DeckSetup_5' is empty
[2017.09.21-12.06.26:230][970]LogSavePackage: Save=3.67ms
[2017.09.21-12.06.26:230][970]LogSavePackage: Moving '../../../../../../Users/Bendick/Documents/GitHub/SR_Prototype_V3/SR_Prototype_V3/Saved/s_FloorInfoE7C152CC4B05F0AFBBD656A9A32C06D0.tmp' to '../../../../../../Users/Bendick/Documents/GitHub/SR_Prototype_V3/SR_Prototype_V3/Content/Blueprints/Structs/s_FloorInfo.uasset'
[2017.09.21-12.06.26:232][970]LogSavePackage:Display: Finished SavePackage ../../../../../../Users/Bendick/Documents/GitHub/SR_Prototype_V3/SR_Prototype_V3/Content/Blueprints/Structs/s_FloorInfo.uasset
[2017.09.21-12.06.26:560][  7]LogSavePackage: Save=3.66ms
[2017.09.21-12.06.26:560][  7]LogSavePackage: Moving '../../../../../../Users/Bendick/Documents/GitHub/SR_Prototype_V3/SR_Prototype_V3/Saved/s_FloorInfo2BC67CA74CA01A5A683AF5958A6E4758.tmp' to '../../../../../../Users/Bendick/Documents/GitHub/SR_Prototype_V3/SR_Prototype_V3/Content/Blueprints/Structs/s_FloorInfo.uasset'
[2017.09.21-12.06.26:561][  7]LogSavePackage:Display: Finished SavePackage ../../../../../../Users/Bendick/Documents/GitHub/SR_Prototype_V3/SR_Prototype_V3/Content/Blueprints/Structs/s_FloorInfo.uasset
[2017.09.21-12.06.34:759][979]Cmd: OBJ SAVEPACKAGE PACKAGE="/Game/ScanReach" FILE="../../../../../../Users/Bendick/Documents/GitHub/SR_Prototype_V3/SR_Prototype_V3/Content/ScanReach.umap" SILENT=true AUTOSAVING=false KEEPDIRTY=false
[2017.09.21-12.06.34:848][979]LogSavePackage: Save=75.42ms
[2017.09.21-12.06.34:848][979]LogSavePackage: Moving '../../../../../../Users/Bendick/Documents/GitHub/SR_Prototype_V3/SR_Prototype_V3/Saved/ScanReach255BCB4243BB7D03245829BD14577674.tmp' to '../../../../../../Users/Bendick/Documents/GitHub/SR_Prototype_V3/SR_Prototype_V3/Content/ScanReach.umap'
[2017.09.21-12.06.34:850][979]LogSavePackage:Display: Finished SavePackage ../../../../../../Users/Bendick/Documents/GitHub/SR_Prototype_V3/SR_Prototype_V3/Content/ScanReach.umap
[2017.09.21-12.06.34:870][979]Cmd: OBJ SAVEPACKAGE PACKAGE="/Game/ScanReach_BuiltData" FILE="../../../../../../Users/Bendick/Documents/GitHub/SR_Prototype_V3/SR_Prototype_V3/Content/ScanReach_BuiltData.uasset" SILENT=true
[2017.09.21-12.06.34:883][979]LogSavePackage: Save=8.35ms
[2017.09.21-12.06.34:883][979]LogSavePackage: Moving '../../../../../../Users/Bendick/Documents/GitHub/SR_Prototype_V3/SR_Prototype_V3/Saved/ScanReach_BuiltData518BB40549621836A085E48A4381D9FD.tmp' to '../../../../../../Users/Bendick/Documents/GitHub/SR_Prototype_V3/SR_Prototype_V3/Content/ScanReach_BuiltData.uasset'
[2017.09.21-12.06.34:884][979]LogSavePackage:Display: Finished SavePackage ../../../../../../Users/Bendick/Documents/GitHub/SR_Prototype_V3/SR_Prototype_V3/Content/ScanReach_BuiltData.uasset
[2017.09.21-12.06.37:894][338]BlueprintLog: New page: Compile bp_Ship
[2017.09.21-12.06.44:817][141]LogClass: UUserDefinedStruct.Serialize 'STRUCT_REINST_s_DeckSetup_9' validation: Struct 'UserDefinedStruct /Engine/Transient.STRUCT_REINST_s_DeckSetup_9' is empty
[2017.09.21-12.06.47:693][481]BlueprintLog: New page: Compile bp_Ship
[2017.09.21-12.06.53:886][183]Cmd: OBJ SAVEPACKAGE PACKAGE="/Game/ScanReach" FILE="../../../../../../Users/Bendick/Documents/GitHub/SR_Prototype_V3/SR_Prototype_V3/Content/ScanReach.umap" SILENT=true AUTOSAVING=false KEEPDIRTY=false
[2017.09.21-12.06.53:981][183]LogSavePackage: Save=81.89ms
[2017.09.21-12.06.53:981][183]LogSavePackage: Moving '../../../../../../Users/Bendick/Documents/GitHub/SR_Prototype_V3/SR_Prototype_V3/Saved/ScanReachFA386F5449B1C742D2663C81644B339E.tmp' to '../../../../../../Users/Bendick/Documents/GitHub/SR_Prototype_V3/SR_Prototype_V3/Content/ScanReach.umap'
[2017.09.21-12.06.53:983][183]LogSavePackage:Display: Finished SavePackage ../../../../../../Users/Bendick/Documents/GitHub/SR_Prototype_V3/SR_Prototype_V3/Content/ScanReach.umap
[2017.09.21-12.06.54:003][183]Cmd: OBJ SAVEPACKAGE PACKAGE="/Game/ScanReach_BuiltData" FILE="../../../../../../Users/Bendick/Documents/GitHub/SR_Prototype_V3/SR_Prototype_V3/Content/ScanReach_BuiltData.uasset" SILENT=true
[2017.09.21-12.06.54:015][183]LogSavePackage: Save=7.97ms
[2017.09.21-12.06.54:015][183]LogSavePackage: Moving '../../../../../../Users/Bendick/Documents/GitHub/SR_Prototype_V3/SR_Prototype_V3/Saved/ScanReach_BuiltData190006EC4554D4040419D69E0F0ED07D.tmp' to '../../../../../../Users/Bendick/Documents/GitHub/SR_Prototype_V3/SR_Prototype_V3/Content/ScanReach_BuiltData.uasset'
[2017.09.21-12.06.54:016][183]LogSavePackage:Display: Finished SavePackage ../../../../../../Users/Bendick/Documents/GitHub/SR_Prototype_V3/SR_Prototype_V3/Content/ScanReach_BuiltData.uasset
[2017.09.21-12.06.54:672][260]Cmd: OBJ SAVEPACKAGE PACKAGE="/Game/ScanReach" FILE="../../../../../../Users/Bendick/Documents/GitHub/SR_Prototype_V3/SR_Prototype_V3/Content/ScanReach.umap" SILENT=true AUTOSAVING=false KEEPDIRTY=false
[2017.09.21-12.06.54:770][260]LogSavePackage: Save=83.22ms
[2017.09.21-12.06.54:770][260]LogSavePackage: Moving '../../../../../../Users/Bendick/Documents/GitHub/SR_Prototype_V3/SR_Prototype_V3/Saved/ScanReach7A54CBCA4430A296D0C7AFB59793268E.tmp' to '../../../../../../Users/Bendick/Documents/GitHub/SR_Prototype_V3/SR_Prototype_V3/Content/ScanReach.umap'
[2017.09.21-12.06.54:771][260]LogSavePackage:Display: Finished SavePackage ../../../../../../Users/Bendick/Documents/GitHub/SR_Prototype_V3/SR_Prototype_V3/Content/ScanReach.umap
[2017.09.21-12.06.54:791][260]Cmd: OBJ SAVEPACKAGE PACKAGE="/Game/ScanReach_BuiltData" FILE="../../../../../../Users/Bendick/Documents/GitHub/SR_Prototype_V3/SR_Prototype_V3/Content/ScanReach_BuiltData.uasset" SILENT=true
[2017.09.21-12.06.54:803][260]LogSavePackage: Save=7.74ms
[2017.09.21-12.06.54:803][260]LogSavePackage: Moving '../../../../../../Users/Bendick/Documents/GitHub/SR_Prototype_V3/SR_Prototype_V3/Saved/ScanReach_BuiltDataDEF4E42B41E44EAE7A05B8A2208BA917.tmp' to '../../../../../../Users/Bendick/Documents/GitHub/SR_Prototype_V3/SR_Prototype_V3/Content/ScanReach_BuiltData.uasset'
[2017.09.21-12.06.54:803][260]LogSavePackage:Display: Finished SavePackage ../../../../../../Users/Bendick/Documents/GitHub/SR_Prototype_V3/SR_Prototype_V3/Content/ScanReach_BuiltData.uasset
[2017.09.21-12.06.55:113][296]LogEditorViewport: Clicking on Actor (LMB): StaticMeshActor (Floor)
[2017.09.21-12.07.00:988][992]LogEditorViewport: Clicking on Actor (LMB): bp_Ship_C (bp_Ship)
[2017.09.21-12.07.05:816][564]Cmd: OBJ SAVEPACKAGE PACKAGE="/Game/ScanReach" FILE="../../../../../../Users/Bendick/Documents/GitHub/SR_Prototype_V3/SR_Prototype_V3/Content/ScanReach.umap" SILENT=true AUTOSAVING=false KEEPDIRTY=false
[2017.09.21-12.07.05:916][564]LogSavePackage: Save=83.27ms
[2017.09.21-12.07.05:916][564]LogSavePackage: Moving '../../../../../../Users/Bendick/Documents/GitHub/SR_Prototype_V3/SR_Prototype_V3/Saved/ScanReach268B80AE4AF9B0FC5660338C6560B31D.tmp' to '../../../../../../Users/Bendick/Documents/GitHub/SR_Prototype_V3/SR_Prototype_V3/Content/ScanReach.umap'
[2017.09.21-12.07.05:916][564]LogSavePackage:Display: Finished SavePackage ../../../../../../Users/Bendick/Documents/GitHub/SR_Prototype_V3/SR_Prototype_V3/Content/ScanReach.umap
[2017.09.21-12.07.05:936][564]Cmd: OBJ SAVEPACKAGE PACKAGE="/Game/ScanReach_BuiltData" FILE="../../../../../../Users/Bendick/Documents/GitHub/SR_Prototype_V3/SR_Prototype_V3/Content/ScanReach_BuiltData.uasset" SILENT=true
[2017.09.21-12.07.05:947][564]LogSavePackage: Save=7.95ms
[2017.09.21-12.07.05:947][564]LogSavePackage: Moving '../../../../../../Users/Bendick/Documents/GitHub/SR_Prototype_V3/SR_Prototype_V3/Saved/ScanReach_BuiltData7B1F00E8459A093222744684399EB063.tmp' to '../../../../../../Users/Bendick/Documents/GitHub/SR_Prototype_V3/SR_Prototype_V3/Content/ScanReach_BuiltData.uasset'
[2017.09.21-12.07.05:948][564]LogSavePackage:Display: Finished SavePackage ../../../../../../Users/Bendick/Documents/GitHub/SR_Prototype_V3/SR_Prototype_V3/Content/ScanReach_BuiltData.uasset
[2017.09.21-12.07.07:806][764]LogEditorViewport: Clicking on Actor (LMB): StaticMeshActor (Floor)
[2017.09.21-12.07.08:677][862]LogEditorViewport: Clicking on Actor (LMB): bp_Ship_C (bp_Ship)
[2017.09.21-12.07.11:173][155]Cmd: TRANSACTION UNDO
[2017.09.21-12.07.11:173][155]LogEditorTransaction: Undo Edit DistanceBetweenDecks
[2017.09.21-12.07.54:430][263]BlueprintLog: New page: Compile bp_Deck
[2017.09.21-12.07.54:676][263]LogActorComponent: RegisterComponentWithWorld: (/Game/ScanReach.ScanReach:PersistentLevel.DESTROYED_bp_Deck_C_CHILDACTOR_41.Scene) Trying to register component with IsPendingKill() == true. Aborting.
[2017.09.21-12.07.54:676][263]LogActorComponent: RegisterComponentWithWorld: (/Game/ScanReach.ScanReach:PersistentLevel.DESTROYED_bp_Deck_C_CHILDACTOR_40.Scene) Trying to register component with IsPendingKill() == true. Aborting.
[2017.09.21-12.07.54:676][263]LogActorComponent: RegisterComponentWithWorld: (/Game/ScanReach.ScanReach:PersistentLevel.DESTROYED_bp_Deck_C_CHILDACTOR_42.Scene) Trying to register component with IsPendingKill() == true. Aborting.
[2017.09.21-12.07.55:153][316]Cmd: OBJ SAVEPACKAGE PACKAGE="/Game/Blueprints/Ship/bp_Deck" FILE="../../../../../../Users/Bendick/Documents/GitHub/SR_Prototype_V3/SR_Prototype_V3/Content/Blueprints/Ship/bp_Deck.uasset" SILENT=true
[2017.09.21-12.07.55:186][316]LogSavePackage: Save=24.65ms
[2017.09.21-12.07.55:186][316]LogSavePackage: Moving '../../../../../../Users/Bendick/Documents/GitHub/SR_Prototype_V3/SR_Prototype_V3/Saved/bp_Deck271A92DA4902CF12C6D03DB5F0CB61E2.tmp' to '../../../../../../Users/Bendick/Documents/GitHub/SR_Prototype_V3/SR_Prototype_V3/Content/Blueprints/Ship/bp_Deck.uasset'
[2017.09.21-12.07.55:188][316]LogSavePackage:Display: Finished SavePackage ../../../../../../Users/Bendick/Documents/GitHub/SR_Prototype_V3/SR_Prototype_V3/Content/Blueprints/Ship/bp_Deck.uasset
[2017.09.21-12.07.57:024][529]LogEditorViewport: Clicking on Actor (LMB): StaticMeshActor (Floor)
[2017.09.21-12.07.57:409][567]Cmd: OBJ SAVEPACKAGE PACKAGE="/Game/ScanReach" FILE="../../../../../../Users/Bendick/Documents/GitHub/SR_Prototype_V3/SR_Prototype_V3/Content/ScanReach.umap" SILENT=true AUTOSAVING=false KEEPDIRTY=false
[2017.09.21-12.07.57:508][567]LogSavePackage: Save=85.29ms
[2017.09.21-12.07.57:508][567]LogSavePackage: Moving '../../../../../../Users/Bendick/Documents/GitHub/SR_Prototype_V3/SR_Prototype_V3/Saved/ScanReach0B99C4B846D7C76BB3A87592963D5E98.tmp' to '../../../../../../Users/Bendick/Documents/GitHub/SR_Prototype_V3/SR_Prototype_V3/Content/ScanReach.umap'
[2017.09.21-12.07.57:510][567]LogSavePackage:Display: Finished SavePackage ../../../../../../Users/Bendick/Documents/GitHub/SR_Prototype_V3/SR_Prototype_V3/Content/ScanReach.umap
[2017.09.21-12.07.57:529][567]Cmd: OBJ SAVEPACKAGE PACKAGE="/Game/ScanReach_BuiltData" FILE="../../../../../../Users/Bendick/Documents/GitHub/SR_Prototype_V3/SR_Prototype_V3/Content/ScanReach_BuiltData.uasset" SILENT=true
[2017.09.21-12.07.57:541][567]LogSavePackage: Save=7.87ms
[2017.09.21-12.07.57:541][567]LogSavePackage: Moving '../../../../../../Users/Bendick/Documents/GitHub/SR_Prototype_V3/SR_Prototype_V3/Saved/ScanReach_BuiltData9B2EEBC84A5C4802D7AEB5844A68ED83.tmp' to '../../../../../../Users/Bendick/Documents/GitHub/SR_Prototype_V3/SR_Prototype_V3/Content/ScanReach_BuiltData.uasset'
[2017.09.21-12.07.57:542][567]LogSavePackage:Display: Finished SavePackage ../../../../../../Users/Bendick/Documents/GitHub/SR_Prototype_V3/SR_Prototype_V3/Content/ScanReach_BuiltData.uasset
[2017.09.21-12.07.59:081][748]LogEditorViewport: Clicking on Actor (LMB): bp_Ship_C (bp_Ship)
[2017.09.21-12.08.00:706][939]LogEditorViewport: Clicking on Actor (LMB): StaticMeshActor (Floor)
[2017.09.21-12.08.01:470][ 25]Cmd: OBJ SAVEPACKAGE PACKAGE="/Game/ScanReach" FILE="../../../../../../Users/Bendick/Documents/GitHub/SR_Prototype_V3/SR_Prototype_V3/Content/ScanReach.umap" SILENT=true AUTOSAVING=false KEEPDIRTY=false
[2017.09.21-12.08.01:569][ 25]LogSavePackage: Save=85.35ms
[2017.09.21-12.08.01:569][ 25]LogSavePackage: Moving '../../../../../../Users/Bendick/Documents/GitHub/SR_Prototype_V3/SR_Prototype_V3/Saved/ScanReachCA8C6FF2477DDDF19E05F8B87D7C3038.tmp' to '../../../../../../Users/Bendick/Documents/GitHub/SR_Prototype_V3/SR_Prototype_V3/Content/ScanReach.umap'
[2017.09.21-12.08.01:569][ 25]LogSavePackage:Display: Finished SavePackage ../../../../../../Users/Bendick/Documents/GitHub/SR_Prototype_V3/SR_Prototype_V3/Content/ScanReach.umap
[2017.09.21-12.08.01:590][ 25]Cmd: OBJ SAVEPACKAGE PACKAGE="/Game/ScanReach_BuiltData" FILE="../../../../../../Users/Bendick/Documents/GitHub/SR_Prototype_V3/SR_Prototype_V3/Content/ScanReach_BuiltData.uasset" SILENT=true
[2017.09.21-12.08.01:602][ 25]LogSavePackage: Save=8.42ms
[2017.09.21-12.08.01:602][ 25]LogSavePackage: Moving '../../../../../../Users/Bendick/Documents/GitHub/SR_Prototype_V3/SR_Prototype_V3/Saved/ScanReach_BuiltData180BBF8A44A12F093AAA908FF0B054B8.tmp' to '../../../../../../Users/Bendick/Documents/GitHub/SR_Prototype_V3/SR_Prototype_V3/Content/ScanReach_BuiltData.uasset'
[2017.09.21-12.08.01:603][ 25]LogSavePackage:Display: Finished SavePackage ../../../../../../Users/Bendick/Documents/GitHub/SR_Prototype_V3/SR_Prototype_V3/Content/ScanReach_BuiltData.uasset
[2017.09.21-12.08.55:666][437]LogSavePackage: Save=3.28ms
[2017.09.21-12.08.55:666][437]LogSavePackage: Moving '../../../../../../Users/Bendick/Documents/GitHub/SR_Prototype_V3/SR_Prototype_V3/Saved/s_DeckButtonInfo94EF7DD8409F698E716AA4BEFCADB494.tmp' to '../../../../../../Users/Bendick/Documents/GitHub/SR_Prototype_V3/SR_Prototype_V3/Content/Blueprints/Structs/s_DeckButtonInfo.uasset'
[2017.09.21-12.08.55:668][437]LogSavePackage:Display: Finished SavePackage ../../../../../../Users/Bendick/Documents/GitHub/SR_Prototype_V3/SR_Prototype_V3/Content/Blueprints/Structs/s_DeckButtonInfo.uasset
[2017.09.21-12.08.55:990][469]LogSavePackage: Save=3.59ms
[2017.09.21-12.08.55:990][469]LogSavePackage: Moving '../../../../../../Users/Bendick/Documents/GitHub/SR_Prototype_V3/SR_Prototype_V3/Saved/s_DeckButtonInfoB43329A44DE127D27F1D82927D09D946.tmp' to '../../../../../../Users/Bendick/Documents/GitHub/SR_Prototype_V3/SR_Prototype_V3/Content/Blueprints/Structs/s_DeckButtonInfo.uasset'
[2017.09.21-12.08.55:991][469]LogSavePackage:Display: Finished SavePackage ../../../../../../Users/Bendick/Documents/GitHub/SR_Prototype_V3/SR_Prototype_V3/Content/Blueprints/Structs/s_DeckButtonInfo.uasset
[2017.09.21-12.09.04:898][530]LogActorComponent: UnregisterComponent: (/Engine/Transient.EditorFloorComp) Not registered. Aborting.
[2017.09.21-12.09.05:171][556]Cmd: OBJ SAVEPACKAGE PACKAGE="/Game/ScanReach" FILE="../../../../../../Users/Bendick/Documents/GitHub/SR_Prototype_V3/SR_Prototype_V3/Content/ScanReach.umap" SILENT=true AUTOSAVING=false KEEPDIRTY=false
[2017.09.21-12.09.05:271][556]LogSavePackage: Save=85.32ms
[2017.09.21-12.09.05:271][556]LogSavePackage: Moving '../../../../../../Users/Bendick/Documents/GitHub/SR_Prototype_V3/SR_Prototype_V3/Saved/ScanReachF0BD8BD546F27782E3C9DF9C51B238B2.tmp' to '../../../../../../Users/Bendick/Documents/GitHub/SR_Prototype_V3/SR_Prototype_V3/Content/ScanReach.umap'
[2017.09.21-12.09.05:272][556]LogSavePackage:Display: Finished SavePackage ../../../../../../Users/Bendick/Documents/GitHub/SR_Prototype_V3/SR_Prototype_V3/Content/ScanReach.umap
[2017.09.21-12.09.05:292][556]Cmd: OBJ SAVEPACKAGE PACKAGE="/Game/ScanReach_BuiltData" FILE="../../../../../../Users/Bendick/Documents/GitHub/SR_Prototype_V3/SR_Prototype_V3/Content/ScanReach_BuiltData.uasset" SILENT=true
[2017.09.21-12.09.05:304][556]LogSavePackage: Save=8.42ms
[2017.09.21-12.09.05:304][556]LogSavePackage: Moving '../../../../../../Users/Bendick/Documents/GitHub/SR_Prototype_V3/SR_Prototype_V3/Saved/ScanReach_BuiltData10A8407846D8A1B84291A4AB58925193.tmp' to '../../../../../../Users/Bendick/Documents/GitHub/SR_Prototype_V3/SR_Prototype_V3/Content/ScanReach_BuiltData.uasset'
[2017.09.21-12.09.05:305][556]LogSavePackage:Display: Finished SavePackage ../../../../../../Users/Bendick/Documents/GitHub/SR_Prototype_V3/SR_Prototype_V3/Content/ScanReach_BuiltData.uasset
[2017.09.21-12.09.07:993][733]Cmd: OBJ SAVEPACKAGE PACKAGE="/Game/Blueprints/Ship/bp_Ship" FILE="../../../../../../Users/Bendick/Documents/GitHub/SR_Prototype_V3/SR_Prototype_V3/Content/Blueprints/Ship/bp_Ship.uasset" SILENT=true
[2017.09.21-12.09.08:059][733]LogSavePackage: Save=58.25ms
[2017.09.21-12.09.08:059][733]LogSavePackage: Moving '../../../../../../Users/Bendick/Documents/GitHub/SR_Prototype_V3/SR_Prototype_V3/Saved/bp_ShipC691351A42C76342409E84B68409E8D2.tmp' to '../../../../../../Users/Bendick/Documents/GitHub/SR_Prototype_V3/SR_Prototype_V3/Content/Blueprints/Ship/bp_Ship.uasset'
[2017.09.21-12.09.08:061][733]LogSavePackage:Display: Finished SavePackage ../../../../../../Users/Bendick/Documents/GitHub/SR_Prototype_V3/SR_Prototype_V3/Content/Blueprints/Ship/bp_Ship.uasset
[2017.09.21-12.09.08:075][733]LogSavePackage: Save=3.95ms
[2017.09.21-12.09.08:075][733]LogSavePackage: Moving '../../../../../../Users/Bendick/Documents/GitHub/SR_Prototype_V3/SR_Prototype_V3/Saved/s_DeckSetup3A634C2741B462BFE8EC8185C52C4727.tmp' to '../../../../../../Users/Bendick/Documents/GitHub/SR_Prototype_V3/SR_Prototype_V3/Content/Blueprints/Structs/s_DeckSetup.uasset'
[2017.09.21-12.09.08:077][733]LogSavePackage:Display: Finished SavePackage ../../../../../../Users/Bendick/Documents/GitHub/SR_Prototype_V3/SR_Prototype_V3/Content/Blueprints/Structs/s_DeckSetup.uasset
[2017.09.21-12.09.08:088][733]LogSavePackage: Save=4.18ms
[2017.09.21-12.09.08:088][733]LogSavePackage: Moving '../../../../../../Users/Bendick/Documents/GitHub/SR_Prototype_V3/SR_Prototype_V3/Saved/s_FloorInfo0009FA3745AF839392D4D59BCC171683.tmp' to '../../../../../../Users/Bendick/Documents/GitHub/SR_Prototype_V3/SR_Prototype_V3/Content/Blueprints/Structs/s_FloorInfo.uasset'
[2017.09.21-12.09.08:090][733]LogSavePackage:Display: Finished SavePackage ../../../../../../Users/Bendick/Documents/GitHub/SR_Prototype_V3/SR_Prototype_V3/Content/Blueprints/Structs/s_FloorInfo.uasset
[2017.09.21-12.09.08:153][733]LogWindowsTextInputMethodSystem:Display: IME system now deactivated.
[2017.09.21-12.09.08:154][733]LogWindowsTextInputMethodSystem:Display: IME system now deactivated.
[2017.09.21-12.09.08:296][734]Cmd: QUIT_EDITOR
[2017.09.21-12.09.08:314][734]LogExit: Preparing to exit.
[2017.09.21-12.09.09:525][734]LogDirectoryWatcher: A directory notification for 'C:/Users/Bendick/Documents/GitHub/SR_Prototype_V3/SR_Prototype_V3/Content/' was aborted.
[2017.09.21-12.09.09:545][734]LogExit: Editor shut down
[2017.09.21-12.09.09:547][734]LogExit: Transaction tracking system shut down
[2017.09.21-12.09.09:605][734]LogObj: Freed 0b from 0 cluster array pools.
[2017.09.21-12.09.09:605][734]LogExit: Object subsystem successfully closed.
[2017.09.21-12.09.09:622][734]LogD3D11RHI: Shutdown
[2017.09.21-12.09.09:622][734]LogD3D11RHI: CleanupD3DDevice
[2017.09.21-12.09.09:660][734]LogD3D11RHI: ~FD3D11DynamicRHI
[2017.09.21-12.09.09:669][734]LogModuleManager: Shutting down and abandoning module BlueprintGraph (528)
[2017.09.21-12.09.09:669][734]LogModuleManager: Shutting down and abandoning module BlueprintProfiler (526)
[2017.09.21-12.09.09:669][734]LogModuleManager: Shutting down and abandoning module HierarchicalLODOutliner (524)
[2017.09.21-12.09.09:669][734]LogModuleManager: Shutting down and abandoning module CrashTracker (522)
[2017.09.21-12.09.09:669][734]LogModuleManager: Shutting down and abandoning module SceneOutliner (520)
[2017.09.21-12.09.09:669][734]LogModuleManager: Shutting down and abandoning module AddContentDialog (518)
[2017.09.21-12.09.09:669][734]LogDirectoryWatcher: A directory notification for 'C:/Program Files/Epic Games/UE_4.16/FeaturePacks/' was aborted.
[2017.09.21-12.09.09:670][734]LogModuleManager: Shutting down and abandoning module WidgetCarousel (517)
[2017.09.21-12.09.09:670][734]LogModuleManager: Shutting down and abandoning module EditorWidgets (514)
[2017.09.21-12.09.09:670][734]LogModuleManager: Shutting down and abandoning module CollectionManager (512)
[2017.09.21-12.09.09:670][734]LogDirectoryWatcher: A directory notification for 'C:/Users/Bendick/Documents/GitHub/SR_Prototype_V3/SR_Prototype_V3/Content/Collections/' was aborted.
[2017.09.21-12.09.09:670][734]LogDirectoryWatcher: A directory notification for 'C:/Users/Bendick/Documents/GitHub/SR_Prototype_V3/SR_Prototype_V3/Content/Developers/Bendick/Collections/' was aborted.
[2017.09.21-12.09.09:670][734]LogDirectoryWatcher: A directory notification for 'C:/Users/Bendick/Documents/GitHub/SR_Prototype_V3/SR_Prototype_V3/Saved/Collections/' was aborted.
[2017.09.21-12.09.09:670][734]LogModuleManager: Shutting down and abandoning module StatsViewer (510)
[2017.09.21-12.09.09:670][734]LogModuleManager: Shutting down and abandoning module FoliageEdit (508)
[2017.09.21-12.09.09:670][734]LogModuleManager: Shutting down and abandoning module LandscapeEditor (506)
[2017.09.21-12.09.09:670][734]LogModuleManager: Shutting down and abandoning module MeshPaintMode (504)
[2017.09.21-12.09.09:670][734]LogModuleManager: Shutting down and abandoning module SceneDepthPickerMode (502)
[2017.09.21-12.09.09:670][734]LogModuleManager: Shutting down and abandoning module ActorPickerMode (500)
[2017.09.21-12.09.09:670][734]LogModuleManager: Shutting down and abandoning module GeometryMode (498)
[2017.09.21-12.09.09:670][734]LogModuleManager: Shutting down and abandoning module TextureAlignMode (496)
[2017.09.21-12.09.09:670][734]LogModuleManager: Shutting down and abandoning module BspMode (494)
[2017.09.21-12.09.09:670][734]LogModuleManager: Shutting down and abandoning module HardwareSurvey (492)
[2017.09.21-12.09.09:670][734]LogModuleManager: Shutting down and abandoning module SequenceRecorderSections (490)
[2017.09.21-12.09.09:670][734]LogModuleManager: Shutting down and abandoning module AutomationWorker (488)
[2017.09.21-12.09.09:670][734]LogModuleManager: Shutting down and abandoning module MatineeToLevelSequence (486)
[2017.09.21-12.09.09:670][734]LogModuleManager: Shutting down and abandoning module LevelSequenceEditor (484)
[2017.09.21-12.09.09:670][734]LogModuleManager: Shutting down and abandoning module PlacementMode (483)
[2017.09.21-12.09.09:670][734]LogModuleManager: Shutting down and abandoning module WmfMediaFactory (480)
[2017.09.21-12.09.09:670][734]LogModuleManager: Shutting down and abandoning module WmfMediaEditor (478)
[2017.09.21-12.09.09:670][734]LogModuleManager: Shutting down and abandoning module AvfMediaFactory (476)
[2017.09.21-12.09.09:670][734]LogModuleManager: Shutting down and abandoning module AvfMediaEditor (474)
[2017.09.21-12.09.09:670][734]LogModuleManager: Shutting down and abandoning module AndroidMediaFactory (472)
[2017.09.21-12.09.09:670][734]LogModuleManager: Shutting down and abandoning module Media (471)
[2017.09.21-12.09.09:670][734]LogModuleManager: Shutting down and abandoning module AndroidMediaEditor (468)
[2017.09.21-12.09.09:670][734]LogModuleManager: Shutting down and abandoning module CharacterAI (466)
[2017.09.21-12.09.09:670][734]LogModuleManager: Shutting down and abandoning module AudioCapture (464)
[2017.09.21-12.09.09:670][734]LogModuleManager: Shutting down and abandoning module SequenceRecorder (463)
[2017.09.21-12.09.09:670][734]LogModuleManager: Shutting down and abandoning module SmartSnapping (460)
[2017.09.21-12.09.09:670][734]LogModuleManager: Shutting down and abandoning module SessionServices (458)
[2017.09.21-12.09.09:670][734]LogModuleManager: Shutting down and abandoning module ViewportSnapping (456)
[2017.09.21-12.09.09:670][734]LogModuleManager: Shutting down and abandoning module ViewportInteraction (454)
[2017.09.21-12.09.09:670][734]LogModuleManager: Shutting down and abandoning module ClothPainter (452)
[2017.09.21-12.09.09:670][734]LogModuleManager: Shutting down and abandoning module LogVisualizer (450)
[2017.09.21-12.09.09:670][734]LogModuleManager: Shutting down and abandoning module IntroTutorials (448)
[2017.09.21-12.09.09:670][734]LogModuleManager: Shutting down and abandoning module GameProjectGeneration (447)
[2017.09.21-12.09.09:670][734]LogModuleManager: Shutting down and abandoning module EditorLiveStreaming (444)
[2017.09.21-12.09.09:670][734]LogModuleManager: Shutting down and abandoning module IOSPlatformEditor (442)
[2017.09.21-12.09.09:670][734]LogModuleManager: Shutting down and abandoning module HTML5PlatformEditor (440)
[2017.09.21-12.09.09:670][734]LogModuleManager: Shutting down and abandoning module AndroidPlatformEditor (438)
[2017.09.21-12.09.09:670][734]LogModuleManager: Shutting down and abandoning module AndroidDeviceDetection (437)
[2017.09.21-12.09.10:554][734]LogModuleManager: Shutting down and abandoning module IOSRuntimeSettings (434)
[2017.09.21-12.09.10:554][734]LogModuleManager: Shutting down and abandoning module AndroidRuntimeSettings (432)
[2017.09.21-12.09.10:554][734]LogModuleManager: Shutting down and abandoning module InputBindingEditor (430)
[2017.09.21-12.09.10:554][734]LogModuleManager: Shutting down and abandoning module MergeActors (428)
[2017.09.21-12.09.10:554][734]LogModuleManager: Shutting down and abandoning module SizeMap (426)
[2017.09.21-12.09.10:554][734]LogModuleManager: Shutting down and abandoning module TreeMap (424)
[2017.09.21-12.09.10:554][734]LogModuleManager: Shutting down and abandoning module ReferenceViewer (422)
[2017.09.21-12.09.10:554][734]LogModuleManager: Shutting down and abandoning module LocalizationDashboard (420)
[2017.09.21-12.09.10:554][734]LogModuleManager: Shutting down and abandoning module LocalizationService (419)
[2017.09.21-12.09.10:554][734]LogModuleManager: Shutting down and abandoning module HardwareTargeting (416)
[2017.09.21-12.09.10:554][734]LogModuleManager: Shutting down and abandoning module DeviceProfileEditor (414)
[2017.09.21-12.09.10:554][734]LogModuleManager: Shutting down and abandoning module UndoHistory (412)
[2017.09.21-12.09.10:554][734]LogModuleManager: Shutting down and abandoning module UserFeedback (410)
[2017.09.21-12.09.10:554][734]LogModuleManager: Shutting down and abandoning module XmlParser (408)
[2017.09.21-12.09.10:554][734]LogModuleManager: Shutting down and abandoning module Blutility (406)
[2017.09.21-12.09.10:554][734]LogModuleManager: Shutting down and abandoning module ProjectSettingsViewer (404)
[2017.09.21-12.09.10:554][734]LogModuleManager: Shutting down and abandoning module ProjectTargetPlatformEditor (403)
[2017.09.21-12.09.10:554][734]LogModuleManager: Shutting down and abandoning module EditorSettingsViewer (400)
[2017.09.21-12.09.10:554][734]LogModuleManager: Shutting down and abandoning module SettingsEditor (398)
[2017.09.21-12.09.10:554][734]LogModuleManager: Shutting down and abandoning module ProjectLauncher (396)
[2017.09.21-12.09.10:554][734]LogModuleManager: Shutting down and abandoning module SessionFrontend (394)
[2017.09.21-12.09.10:554][734]LogModuleManager: Shutting down and abandoning module ProfilerClient (392)
[2017.09.21-12.09.10:554][734]LogModuleManager: Shutting down and abandoning module DeviceManager (390)
[2017.09.21-12.09.10:554][734]LogModuleManager: Shutting down and abandoning module TargetDeviceServices (389)
[2017.09.21-12.09.10:606][734]LogModuleManager: Shutting down and abandoning module AutomationController (386)
[2017.09.21-12.09.10:606][734]LogModuleManager: Shutting down and abandoning module AutomationWindow (384)
[2017.09.21-12.09.10:606][734]LogModuleManager: Shutting down and abandoning module Layers (382)
[2017.09.21-12.09.10:606][734]LogModuleManager: Shutting down and abandoning module ComponentVisualizers (380)
[2017.09.21-12.09.10:606][734]LogModuleManager: Shutting down and abandoning module DetailCustomizations (378)
[2017.09.21-12.09.10:606][734]LogModuleManager: Shutting down and abandoning module PackagesDialog (376)
[2017.09.21-12.09.10:606][734]LogModuleManager: Shutting down and abandoning module Persona (374)
[2017.09.21-12.09.10:606][734]LogModuleManager: Shutting down and abandoning module AdvancedPreviewScene (373)
[2017.09.21-12.09.10:606][734]LogModuleManager: Shutting down and abandoning module AnimGraph (371)
[2017.09.21-12.09.10:606][734]LogModuleManager: Shutting down and abandoning module Kismet (368)
[2017.09.21-12.09.10:610][734]LogModuleManager: Shutting down and abandoning module ClassViewer (366)
[2017.09.21-12.09.10:610][734]LogModuleManager: Shutting down and abandoning module Toolbox (364)
[2017.09.21-12.09.10:610][734]LogModuleManager: Shutting down and abandoning module ModuleUI (362)
[2017.09.21-12.09.10:610][734]LogModuleManager: Shutting down and abandoning module MovieSceneTools (360)
[2017.09.21-12.09.10:610][734]LogModuleManager: Shutting down and abandoning module OutputLog (358)
[2017.09.21-12.09.10:610][734]LogModuleManager: Shutting down and abandoning module GammaUI (356)
[2017.09.21-12.09.10:610][734]LogModuleManager: Shutting down and abandoning module Documentation (354)
[2017.09.21-12.09.10:610][734]LogModuleManager: Shutting down and abandoning module MovieSceneTracks (352)
[2017.09.21-12.09.10:610][734]LogModuleManager: Shutting down and abandoning module MovieScene (350)
[2017.09.21-12.09.10:610][734]LogModuleManager: Shutting down and abandoning module Niagara (348)
[2017.09.21-12.09.10:610][734]LogModuleManager: Shutting down and abandoning module NiagaraEditor (347)
[2017.09.21-12.09.10:610][734]LogModuleManager: Shutting down and abandoning module StreamingPauseRendering (344)
[2017.09.21-12.09.10:610][734]LogModuleManager: Shutting down and abandoning module AnalyticsET (342)
[2017.09.21-12.09.10:610][734]LogModuleManager: Shutting down and abandoning module PortalServices (340)
[2017.09.21-12.09.10:610][734]LogModuleManager: Shutting down and abandoning module PortalRpc (338)
[2017.09.21-12.09.10:610][734]LogModuleManager: Shutting down and abandoning module MessagingRpc (336)
[2017.09.21-12.09.10:610][734]LogModuleManager: Shutting down and abandoning module AIModule (334)
[2017.09.21-12.09.10:610][734]LogModuleManager: Shutting down and abandoning module GameplayDebugger (333)
[2017.09.21-12.09.10:610][734]LogModuleManager: Shutting down and abandoning module AITestSuite (331)
[2017.09.21-12.09.10:610][734]LogModuleManager: Shutting down and abandoning module ProfilerService (328)
[2017.09.21-12.09.10:811][734]LogModuleManager: Shutting down and abandoning module TaskGraph (326)
[2017.09.21-12.09.10:812][734]LogModuleManager: Shutting down and abandoning module SteamVRController (324)
[2017.09.21-12.09.10:812][734]LogModuleManager: Shutting down and abandoning module SteamVR (322)
[2017.09.21-12.09.10:812][734]LogModuleManager: Shutting down and abandoning module ProceduralMeshComponentEditor (320)
[2017.09.21-12.09.10:812][734]LogModuleManager: Shutting down and abandoning module ProceduralMeshComponent (318)
[2017.09.21-12.09.10:812][734]LogModuleManager: Shutting down and abandoning module OculusLibrary (316)
[2017.09.21-12.09.10:812][734]LogModuleManager: Shutting down and abandoning module OculusInput (314)
[2017.09.21-12.09.10:812][734]LogModuleManager: Shutting down and abandoning module MobilePatchingUtils (312)
[2017.09.21-12.09.10:812][734]LogModuleManager: Shutting down and abandoning module CustomMeshComponent (310)
[2017.09.21-12.09.10:812][734]LogModuleManager: Shutting down and abandoning module CableComponent (308)
[2017.09.21-12.09.10:812][734]LogModuleManager: Shutting down and abandoning module ArchVisCharacter (306)
[2017.09.21-12.09.10:812][734]LogModuleManager: Shutting down and abandoning module AndroidPermission (304)
[2017.09.21-12.09.10:812][734]LogModuleManager: Shutting down and abandoning module MediaPlayerEditor (300)
[2017.09.21-12.09.10:812][734]LogModuleManager: Shutting down and abandoning module HTML5Networking (298)
[2017.09.21-12.09.10:812][734]LogModuleManager: Shutting down and abandoning module AlembicImporter (296)
[2017.09.21-12.09.10:812][734]LogModuleManager: Shutting down and abandoning module AlembicLibrary (295)
[2017.09.21-12.09.10:812][734]LogModuleManager: Shutting down and abandoning module GeometryCache (294)
[2017.09.21-12.09.10:812][734]LogModuleManager: Shutting down and abandoning module GeometryCacheEd (293)
[2017.09.21-12.09.10:812][734]LogModuleManager: Shutting down and abandoning module SuperSearchEditor (288)
[2017.09.21-12.09.10:812][734]LogModuleManager: Shutting down and abandoning module SuperSearch (287)
[2017.09.21-12.09.10:812][734]LogModuleManager: Shutting down and abandoning module SpeedTreeImporter (284)
[2017.09.21-12.09.10:812][734]LogModuleManager: Shutting down and abandoning module PluginBrowser (282)
[2017.09.21-12.09.10:815][734]LogModuleManager: Shutting down and abandoning module MobileLauncherProfileWizard (280)
[2017.09.21-12.09.10:815][734]LogModuleManager: Shutting down and abandoning module VisualStudioSourceCodeAccess (278)
[2017.09.21-12.09.10:815][734]LogModuleManager: Shutting down and abandoning module DesktopPlatform (277)
[2017.09.21-12.09.10:815][734]LogModuleManager: Shutting down and abandoning module UObjectPlugin (274)
[2017.09.21-12.09.10:815][734]LogModuleManager: Shutting down and abandoning module SubversionSourceControl (272)
[2017.09.21-12.09.10:815][734]LogModuleManager: Shutting down and abandoning module PerforceSourceControl (270)
[2017.09.21-12.09.10:815][734]LogModuleManager: Shutting down and abandoning module GitSourceControl (268)
[2017.09.21-12.09.10:815][734]LogModuleManager: Shutting down and abandoning module SourceControl (267)
[2017.09.21-12.09.10:815][734]LogModuleManager: Shutting down and abandoning module LightPropagationVolumeEditor (264)
[2017.09.21-12.09.10:815][734]LogModuleManager: Shutting down and abandoning module PaperTiledImporter (262)
[2017.09.21-12.09.10:815][734]LogModuleManager: Shutting down and abandoning module PaperSpriteSheetImporter (260)
[2017.09.21-12.09.10:815][734]LogModuleManager: Shutting down and abandoning module Paper2DEditor (258)
[2017.09.21-12.09.10:815][734]LogModuleManager: Shutting down and abandoning module MeshPaint (257)
[2017.09.21-12.09.10:815][734]LogModuleManager: Shutting down and abandoning module LevelEditor (255)
[2017.09.21-12.09.10:828][734]LogModuleManager: Shutting down and abandoning module PixelInspectorModule (254)
[2017.09.21-12.09.10:828][734]LogModuleManager: Shutting down and abandoning module MainFrame (252)
[2017.09.21-12.09.10:828][734]LogModuleManager: Shutting down and abandoning module HotReload (251)
[2017.09.21-12.09.10:828][734]LogModuleManager: Shutting down and abandoning module PhysXVehiclesEditor (246)
[2017.09.21-12.09.10:828][734]LogModuleManager: Shutting down and abandoning module PhysXVehicles (244)
[2017.09.21-12.09.10:828][734]LogModuleManager: Shutting down and abandoning module LocationServicesBPLibrary (242)
[2017.09.21-12.09.10:828][734]LogModuleManager: Shutting down and abandoning module ImmediatePhysicsEditor (240)
[2017.09.21-12.09.10:828][734]LogModuleManager: Shutting down and abandoning module ImmediatePhysics (238)
[2017.09.21-12.09.10:828][734]LogModuleManager: Shutting down and abandoning module UdpMessaging (236)
[2017.09.21-12.09.10:929][734]LogModuleManager: Shutting down and abandoning module TcpMessaging (234)
[2017.09.21-12.09.11:029][734]LogModuleManager: Shutting down and abandoning module GameplayTagsEditor (232)
[2017.09.21-12.09.11:029][734]LogModuleManager: Shutting down and abandoning module FacialAnimationEditor (230)
[2017.09.21-12.09.11:029][734]LogModuleManager: Shutting down and abandoning module FacialAnimation (228)
[2017.09.21-12.09.11:029][734]LogModuleManager: Shutting down and abandoning module AssetManagerEditor (226)
[2017.09.21-12.09.11:029][734]LogModuleManager: Shutting down and abandoning module GraphEditor (225)
[2017.09.21-12.09.11:029][734]LogModuleManager: Shutting down and abandoning module ContentBrowser (223)
[2017.09.21-12.09.11:029][734]LogModuleManager: Shutting down and abandoning module LightPropagationVolumeRuntime (220)
[2017.09.21-12.09.11:029][734]LogModuleManager: Shutting down and abandoning module Paper2D (218)
[2017.09.21-12.09.11:029][734]LogModuleManager: Shutting down and abandoning module WindowsMoviePlayer (216)
[2017.09.21-12.09.11:029][734]LogModuleManager: Shutting down and abandoning module WmfMedia (214)
[2017.09.21-12.09.11:029][734]LogModuleManager: Shutting down and abandoning module ClothingSystemEditor (212)
[2017.09.21-12.09.11:029][734]LogModuleManager: Shutting down and abandoning module ClothingSystemRuntime (210)
[2017.09.21-12.09.11:029][734]LogModuleManager: Shutting down and abandoning module MediaAssets (208)
[2017.09.21-12.09.11:029][734]LogModuleManager: Shutting down and abandoning module GameLiveStreaming (206)
[2017.09.21-12.09.11:029][734]LogModuleManager: Shutting down and abandoning module VREditor (204)
[2017.09.21-12.09.11:029][734]LogModuleManager: Shutting down and abandoning module StringTableEditor (202)
[2017.09.21-12.09.11:029][734]LogModuleManager: Shutting down and abandoning module GameplayTasksEditor (200)
[2017.09.21-12.09.11:029][734]LogModuleManager: Shutting down and abandoning module BehaviorTreeEditor (198)
[2017.09.21-12.09.11:029][734]LogModuleManager: Shutting down and abandoning module FunctionalTesting (196)
[2017.09.21-12.09.11:029][734]LogModuleManager: Shutting down and abandoning module CollisionAnalyzer (194)
[2017.09.21-12.09.11:029][734]LogModuleManager: Shutting down and abandoning module UMG (192)
[2017.09.21-12.09.11:029][734]LogModuleManager: Shutting down and abandoning module UMGEditor (191)
[2017.09.21-12.09.11:029][734]LogModuleManager: Shutting down and abandoning module Sequencer (190)
[2017.09.21-12.09.11:029][734]LogModuleManager: Shutting down and abandoning module AssetTools (188)
[2017.09.21-12.09.11:029][734]LogModuleManager: Shutting down and abandoning module MessageLog (187)
[2017.09.21-12.09.11:029][734]LogModuleManager: Shutting down and abandoning module WorkspaceMenuStructure (186)
[2017.09.21-12.09.11:029][734]LogModuleManager: Shutting down and abandoning module SlateReflector (180)
[2017.09.21-12.09.11:030][734]LogModuleManager: Shutting down and abandoning module Slate (178)
[2017.09.21-12.09.11:030][734]LogModuleManager: Shutting down and abandoning module EditorStyle (176)
[2017.09.21-12.09.11:031][734]LogModuleManager: Shutting down and abandoning module SourceCodeAccess (174)
[2017.09.21-12.09.11:031][734]LogModuleManager: Shutting down and abandoning module HeadMountedDisplay (172)
[2017.09.21-12.09.11:031][734]LogModuleManager: Shutting down and abandoning module XAudio2 (170)
[2017.09.21-12.09.11:031][734]LogModuleManager: Shutting down and abandoning module Networking (168)
[2017.09.21-12.09.11:031][734]LogModuleManager: Shutting down and abandoning module Core (164)
[2017.09.21-12.09.11:031][734]LogModuleManager: Shutting down and abandoning module AssetRegistry (162)
[2017.09.21-12.09.11:203][734]LogDirectoryWatcher: A directory notification for '../../../Engine/Content/' was aborted.
[2017.09.21-12.09.11:204][734]LogDirectoryWatcher: A directory notification for '../../../../../../Users/Bendick/Documents/GitHub/SR_Prototype_V3/SR_Prototype_V3/Content/' was aborted.
[2017.09.21-12.09.11:204][734]LogDirectoryWatcher: A directory notification for '../../../Engine/Plugins/2D/Paper2D/Content/' was aborted.
[2017.09.21-12.09.11:204][734]LogDirectoryWatcher: A directory notification for '../../../Engine/Plugins/Runtime/GearVR/Content/' was aborted.
[2017.09.21-12.09.11:205][734]LogModuleManager: Shutting down and abandoning module DirectoryWatcher (161)
[2017.09.21-12.09.11:205][734]LogModuleManager: Shutting down and abandoning module KismetCompiler (158)
[2017.09.21-12.09.11:205][734]LogModuleManager: Shutting down and abandoning module LevelSequence (156)
[2017.09.21-12.09.11:205][734]LogModuleManager: Shutting down and abandoning module PhysXFormats (154)
[2017.09.21-12.09.11:205][734]LogModuleManager: Shutting down and abandoning module MeshUtilities (152)
[2017.09.21-12.09.11:205][734]LogModuleManager: Shutting down and abandoning module SimplygonSwarm (151)
[2017.09.21-12.09.11:205][734]LogModuleManager: Shutting down and abandoning module SimplygonMeshReduction (149)
[2017.09.21-12.09.11:205][734]LogModuleManager: Shutting down and abandoning module QuadricMeshReduction (147)
[2017.09.21-12.09.11:205][734]LogModuleManager: Shutting down and abandoning module DerivedDataCache (144)
[2017.09.21-12.09.11:274][734]LogDerivedDataCache: Shutdown
[2017.09.21-12.09.11:274][734]LogModuleManager: Shutting down and abandoning module TargetPlatform (142)
[2017.09.21-12.09.11:274][734]LogModuleManager: Shutting down and abandoning module VulkanShaderFormat (141)
[2017.09.21-12.09.11:274][734]LogModuleManager: Shutting down and abandoning module ShaderFormatVectorVM (139)
[2017.09.21-12.09.11:274][734]LogModuleManager: Shutting down and abandoning module ShaderFormatOpenGL (137)
[2017.09.21-12.09.11:274][734]LogModuleManager: Shutting down and abandoning module ShaderFormatD3D (135)
[2017.09.21-12.09.11:274][734]LogModuleManager: Shutting down and abandoning module MetalShaderFormat (133)
[2017.09.21-12.09.11:274][734]LogModuleManager: Shutting down and abandoning module TextureFormatUncompressed (131)
[2017.09.21-12.09.11:274][734]LogModuleManager: Shutting down and abandoning module TextureFormatPVR (129)
[2017.09.21-12.09.11:274][734]LogModuleManager: Shutting down and abandoning module TextureFormatDXT (127)
[2017.09.21-12.09.11:274][734]LogModuleManager: Shutting down and abandoning module TextureFormatIntelISPCTexComp (125)
[2017.09.21-12.09.11:274][734]LogModuleManager: Shutting down and abandoning module TextureFormatASTC (123)
[2017.09.21-12.09.11:274][734]LogModuleManager: Shutting down and abandoning module ImageWrapper (122)
[2017.09.21-12.09.11:274][734]LogModuleManager: Shutting down and abandoning module TextureFormatAndroid (119)
[2017.09.21-12.09.11:274][734]LogModuleManager: Shutting down and abandoning module AudioFormatOpus (117)
[2017.09.21-12.09.11:274][734]LogModuleManager: Shutting down and abandoning module AudioFormatOgg (115)
[2017.09.21-12.09.11:274][734]LogModuleManager: Shutting down and abandoning module AudioFormatADPCM (113)
[2017.09.21-12.09.11:275][734]LogModuleManager: Shutting down and abandoning module LinuxTargetPlatform (111)
[2017.09.21-12.09.11:275][734]LogModuleManager: Shutting down and abandoning module LinuxServerTargetPlatform (109)
[2017.09.21-12.09.11:275][734]LogModuleManager: Shutting down and abandoning module LinuxNoEditorTargetPlatform (107)
[2017.09.21-12.09.11:275][734]LogModuleManager: Shutting down and abandoning module LinuxClientTargetPlatform (105)
[2017.09.21-12.09.11:275][734]LogModuleManager: Shutting down and abandoning module TVOSTargetPlatform (103)
[2017.09.21-12.09.11:275][734]LogModuleManager: Shutting down and abandoning module Messaging (101)
[2017.09.21-12.09.11:275][734]LogModuleManager: Shutting down and abandoning module IOSTargetPlatform (99)
[2017.09.21-12.09.11:275][734]LogModuleManager: Shutting down and abandoning module HTML5TargetPlatform (97)
[2017.09.21-12.09.11:275][734]LogModuleManager: Shutting down and abandoning module Android_PVRTCTargetPlatform (95)
[2017.09.21-12.09.11:275][734]LogModuleManager: Shutting down and abandoning module Android_MultiTargetPlatform (93)
[2017.09.21-12.09.11:275][734]LogModuleManager: Shutting down and abandoning module Android_ETC2TargetPlatform (91)
[2017.09.21-12.09.11:275][734]LogModuleManager: Shutting down and abandoning module Android_ETC1TargetPlatform (89)
[2017.09.21-12.09.11:275][734]LogModuleManager: Shutting down and abandoning module Android_DXTTargetPlatform (87)
[2017.09.21-12.09.11:275][734]LogModuleManager: Shutting down and abandoning module Android_ATCTargetPlatform (85)
[2017.09.21-12.09.11:275][734]LogModuleManager: Shutting down and abandoning module Android_ASTCTargetPlatform (83)
[2017.09.21-12.09.11:275][734]LogModuleManager: Shutting down and abandoning module AndroidTargetPlatform (81)
[2017.09.21-12.09.11:275][734]LogModuleManager: Shutting down and abandoning module WindowsTargetPlatform (79)
[2017.09.21-12.09.11:275][734]LogModuleManager: Shutting down and abandoning module WindowsServerTargetPlatform (77)
[2017.09.21-12.09.11:275][734]LogModuleManager: Shutting down and abandoning module WindowsNoEditorTargetPlatform (75)
[2017.09.21-12.09.11:275][734]LogModuleManager: Shutting down and abandoning module WindowsClientTargetPlatform (73)
[2017.09.21-12.09.11:275][734]LogModuleManager: Shutting down and abandoning module MacTargetPlatform (71)
[2017.09.21-12.09.11:275][734]LogModuleManager: Shutting down and abandoning module MacServerTargetPlatform (69)
[2017.09.21-12.09.11:275][734]LogModuleManager: Shutting down and abandoning module MacNoEditorTargetPlatform (67)
[2017.09.21-12.09.11:275][734]LogModuleManager: Shutting down and abandoning module MacClientTargetPlatform (65)
[2017.09.21-12.09.11:275][734]LogModuleManager: Shutting down and abandoning module AllDesktopTargetPlatform (63)
[2017.09.21-12.09.11:275][734]LogModuleManager: Shutting down and abandoning module InputCore (60)
[2017.09.21-12.09.11:275][734]LogModuleManager: Shutting down and abandoning module Settings (58)
[2017.09.21-12.09.11:275][734]LogModuleManager: Shutting down and abandoning module OculusRift (56)
[2017.09.21-12.09.11:275][734]LogModuleManager: Shutting down and abandoning module GearVRController (54)
[2017.09.21-12.09.11:275][734]LogModuleManager: Shutting down and abandoning module GearVR (52)
[2017.09.21-12.09.11:275][734]LogModuleManager: Shutting down and abandoning module ExampleDeviceProfileSelector (50)
[2017.09.21-12.09.11:275][734]LogModuleManager: Shutting down and abandoning module OnlineBlueprintSupport (48)
[2017.09.21-12.09.11:275][734]LogModuleManager: Shutting down and abandoning module OnlineSubsystem (44)
[2017.09.21-12.09.11:275][734]LogOnline:Display: Unloading online subsystem: NULL
[2017.09.21-12.09.11:275][734]LogModuleManager: Shutting down and abandoning module XMPP (43)
[2017.09.21-12.09.11:275][734]LogModuleManager: Shutting down and abandoning module HTTP (41)
[2017.09.21-12.09.11:275][734]LogHttp:Display: Http module shutting down, but needs to wait on 1 outstanding Http requests:
[2017.09.21-12.09.11:275][734]LogHttp:Display: 	verb=[POST] url=[https://datarouter.ol.epicgames.com/datarouter/api/v1/public/data?SessionID=%7BEDBB7E75-4187-C266-DF3F-708B69D6362F%7D&AppID=UEEditor.Rocket.Release&AppVersion=4.16.3-3561208%2B%2B%2BUE4%2BRelease-4.16&UserID=0c75b627499df609a8813c9ced46962c%7Cfebaf0232e0e4e628b45a2bec753bbbc%7C408adb04-e8c0-4c29-a1fb-4d7ed05dedd7&AppEnvironment=datacollector-binary&UploadType=eteventstream] status=Processing
[2017.09.21-12.09.11:306][734]LogModuleManager: Shutting down and abandoning module SSL (40)
[2017.09.21-12.09.11:307][734]LogModuleManager: Shutting down and abandoning module HTTPChunkInstaller (36)
[2017.09.21-12.09.11:307][734]LogModuleManager: Shutting down and abandoning module AnimationModifiers (34)
[2017.09.21-12.09.11:307][734]LogModuleManager: Shutting down and abandoning module PropertyEditor (33)
[2017.09.21-12.09.11:307][734]LogModuleManager: Shutting down and abandoning module AudioEditor (30)
[2017.09.21-12.09.11:307][734]LogModuleManager: Shutting down and abandoning module TextureCompressor (28)
[2017.09.21-12.09.11:307][734]LogModuleManager: Shutting down and abandoning module ShaderCore (26)
[2017.09.21-12.09.11:307][734]LogModuleManager: Shutting down and abandoning module Landscape (24)
[2017.09.21-12.09.11:307][734]LogModuleManager: Shutting down and abandoning module SlateRHIRenderer (22)
[2017.09.21-12.09.11:308][734]LogModuleManager: Shutting down and abandoning module OpenGLDrv (20)
[2017.09.21-12.09.11:308][734]LogModuleManager: Shutting down and abandoning module D3D11RHI (18)
[2017.09.21-12.09.11:308][734]LogModuleManager: Shutting down and abandoning module AnimGraphRuntime (16)
[2017.09.21-12.09.11:308][734]LogModuleManager: Shutting down and abandoning module Renderer (14)
[2017.09.21-12.09.11:308][734]LogModuleManager: Shutting down and abandoning module Engine (12)
[2017.09.21-12.09.11:308][734]LogModuleManager: Shutting down and abandoning module CoreUObject (10)
[2017.09.21-12.09.11:308][734]LogModuleManager: Shutting down and abandoning module NetworkFile (8)
[2017.09.21-12.09.11:308][734]LogModuleManager: Shutting down and abandoning module StreamingFile (6)
[2017.09.21-12.09.11:308][734]LogModuleManager: Shutting down and abandoning module SandboxFile (4)
[2017.09.21-12.09.11:308][734]LogModuleManager: Shutting down and abandoning module PakFile (2)
[2017.09.21-12.09.11:309][734]LogExit: Exiting.
[2017.09.21-12.09.11:318][734]Log file closed, 09/21/17 14:09:11
