Log file open, 11/08/17 11:41:54
LogInit:Display: Running engine for game: SR_Prototype_V3
LogPlatformFile: Not using cached read wrapper
LogInit:Display: RandInit(-312798343) SRandInit(-312798343).
LogTaskGraph: Started task graph with 5 named threads and 8 total threads with 1 sets of task threads.
LogStats: Stats thread started at 0.736736
LogInit: Using libcurl 7.47.1
LogInit:  - built for x86_64-pc-win32
LogInit:  - supports SSL with OpenSSL/1.0.2g
LogInit:  - supports HTTP deflate (compression) using libz 1.2.8
LogInit:  - other features:
LogInit:      CURL_VERSION_SSL
LogInit:      CURL_VERSION_LIBZ
LogInit:      CURL_VERSION_IPV6
LogInit:      CURL_VERSION_ASYNCHDNS
LogInit:      CURL_VERSION_LARGEFILE
LogInit:      CURL_VERSION_IDN
LogInit:  CurlRequestOptions (configurable via config and command line):
LogInit:  - bVerifyPeer = false  - Libcurl will NOT verify peer certificate
LogInit:  - bUseHttpProxy = false  - Libcurl will NOT use HTTP proxy
LogInit:  - bDontReuseConnections = false  - Libcurl will reuse connections
LogInit:  - CertBundlePath = nullptr  - Libcurl will use whatever was configured at build time.
LogInit: Build: ++UE4+Release-4.16-CL-3561208
LogInit: Engine Version: 4.16.3-3561208+++UE4+Release-4.16
LogInit: Compatible Engine Version: 4.16.0-3452394+++UE4+Release-4.16
LogInit: Net CL: 3452394
LogDevObjectVersion: Number of dev versions registered: 16
LogDevObjectVersion:   Dev-Blueprints (B0D832E4-1F89-4F0D-ACCF-7EB736FD4AA2): 9
LogDevObjectVersion:   Dev-Build (E1C64328-A22C-4D53-A36C-8E866417BD8C): 0
LogDevObjectVersion:   Dev-Core (375EC13C-06E4-48FB-B500-84F0262A717E): 2
LogDevObjectVersion:   Dev-Editor (E4B068ED-F494-42E9-A231-DA0B2E46BB41): 17
LogDevObjectVersion:   Dev-Framework (CFFC743F-43B0-4480-9391-14DF171D2073): 23
LogDevObjectVersion:   Dev-Mobile (B02B49B5-BB20-44E9-A304-32B752E40360): 0
LogDevObjectVersion:   Dev-Networking (A4E4105C-59A1-49B5-A7C5-40C4547EDFEE): 0
LogDevObjectVersion:   Dev-Online (39C831C9-5AE6-47DC-9A44-9C173E1C8E7C): 0
LogDevObjectVersion:   Dev-Physics (78F01B33-EBEA-4F98-B9B4-84EACCB95AA2): 0
LogDevObjectVersion:   Dev-Platform (6631380F-2D4D-43E0-8009-CF276956A95A): 0
LogDevObjectVersion:   Dev-Rendering (12F88B9F-8875-4AFC-A67C-D90C383ABD29): 15
LogDevObjectVersion:   Dev-Sequencer (7B5AE74C-D270-4C10-A958-57980B212A5A): 4
LogDevObjectVersion:   Dev-VR (D7296918-1DD6-4BDD-9DE2-64A83CC13884): 0
LogDevObjectVersion:   Dev-LoadTimes (C2A15278-BFE7-4AFE-6C17-90FF531DF755): 1
LogDevObjectVersion:   Private-Geometry (6EACA3D4-40EC-4CC1-B786-8BED09428FC5): 1
LogDevObjectVersion:   Dev-AnimPhys (29E575DD-E0A3-4627-9D10-D276232CDCEA): 3
LogInit: Compiled (64-bit): Jul 28 2017 11:49:47
LogInit: Compiled with Visual C++: 19.00.24215.01
LogInit: Build Configuration: Development
LogInit: Branch Name: ++UE4+Release-4.16
LogInit: Command line:  
LogInit: Base directory: C:/Program Files/Epic Games/UE_4.16/Engine/Binaries/Win64/
LogInit: Installed Engine Build: 1
LogInit: Presizing for max 8388607 objects, including 0 objects not considered by GC, pre-allocating 0 bytes for permanent pool.
LogInit: Object subsystem initialized
[2017.11.08-10.41.55:162][  0]LogInit: Selected Device Profile: [Windows]
[2017.11.08-10.41.55:162][  0]LogInit: Applying CVar settings loaded from the selected device profile: [Windows]
[2017.11.08-10.41.55:188][  0]LogInit: Computer: WINDOWS-EUOFFC3
[2017.11.08-10.41.55:188][  0]LogInit: User: Bendick
[2017.11.08-10.41.55:188][  0]LogInit: CPU Page size=4096, Cores=4
[2017.11.08-10.41.55:188][  0]LogInit: High frequency timer resolution =3.914068 MHz
[2017.11.08-10.41.55:189][  0]LogMemory: Memory total: Physical=15.9GB (16GB approx)
[2017.11.08-10.41.55:189][  0]LogMemory: Platform Memory Stats for Windows
[2017.11.08-10.41.55:189][  0]LogMemory: Process Physical Memory: 274.09 MB used, 274.09 MB peak
[2017.11.08-10.41.55:189][  0]LogMemory: Process Virtual Memory: 265.02 MB used, 265.02 MB peak
[2017.11.08-10.41.55:189][  0]LogMemory: Physical Memory: 8167.10 MB used,  8155.88 MB free, 16322.98 MB total
[2017.11.08-10.41.55:189][  0]LogMemory: Virtual Memory: 642.60 MB used,  8155.88 MB free, 134217728.00 MB total
[2017.11.08-10.41.55:456][  0]LogInit: Using OS detected language (en-US).
[2017.11.08-10.41.55:456][  0]LogInit: Using OS detected locale (en-GB).
[2017.11.08-10.41.55:511][  0]LogTextLocalizationManager: No specific localization for 'en-US' exists, so the 'en' localization will be used.
[2017.11.08-10.41.58:044][  0]LogD3D11RHI: D3D11 adapters:
[2017.11.08-10.41.58:099][  0]LogD3D11RHI:    0. 'NVIDIA GeForce GTX 1070' (Feature Level 11_0)
[2017.11.08-10.41.58:099][  0]LogD3D11RHI:       8119/0/8161 MB DedicatedVideo/DedicatedSystem/SharedSystem, Outputs:2, VendorId:0x10de
[2017.11.08-10.41.58:101][  0]LogD3D11RHI:    1. 'Microsoft Basic Render Driver' (Feature Level 11_0)
[2017.11.08-10.41.58:101][  0]LogD3D11RHI:       0/0/8161 MB DedicatedVideo/DedicatedSystem/SharedSystem, Outputs:0, VendorId:0x1414
[2017.11.08-10.41.58:101][  0]LogD3D11RHI: Chosen D3D11 Adapter: 0
[2017.11.08-10.41.58:109][  0]LogD3D11RHI: Creating new Direct3DDevice
[2017.11.08-10.41.58:109][  0]LogD3D11RHI:     GPU DeviceId: 0x1b81 (for the marketing name, search the web for "GPU Device Id")
[2017.11.08-10.41.58:109][  0]LogWindows: EnumDisplayDevices:
[2017.11.08-10.41.58:109][  0]LogWindows:    0. 'NVIDIA GeForce GTX 1070' (P:0 D:1)
[2017.11.08-10.41.58:109][  0]LogWindows:    1. 'NVIDIA GeForce GTX 1070' (P:1 D:1)
[2017.11.08-10.41.58:110][  0]LogWindows:    2. 'NVIDIA GeForce GTX 1070' (P:0 D:0)
[2017.11.08-10.41.58:110][  0]LogWindows:    3. 'NVIDIA GeForce GTX 1070' (P:0 D:0)
[2017.11.08-10.41.58:110][  0]LogWindows: DebugString: FoundDriverCount:4 
[2017.11.08-10.41.58:110][  0]LogD3D11RHI:     Adapter Name: NVIDIA GeForce GTX 1070
[2017.11.08-10.41.58:110][  0]LogD3D11RHI:   Driver Version: 382.05 (internal:22.21.13.8205, unified:382.05)
[2017.11.08-10.41.58:110][  0]LogD3D11RHI:      Driver Date: 5-1-2017
[2017.11.08-10.41.58:110][  0]LogRHI: Texture pool is 1361 MB (70% of 1945 MB)
[2017.11.08-10.41.58:133][  0]LogD3D11RHI: Async texture creation enabled
[2017.11.08-10.41.58:163][  0]LogD3D11RHI: GPU Timing Frequency: 1000.000000 (Debug: 2 1)
[2017.11.08-10.41.58:261][  0]LogShaderCompilers: Guid format shader working directory is -33 characters bigger than the processId version (../../../../../../Users/Bendick/Documents/GitHub/SR_Prototype_V3/SR_Prototype_V3/Intermediate/Shaders/WorkingDirectory/15812/).
[2017.11.08-10.41.58:262][  0]LogShaderCompilers: Cleaned the shader compiler working directory 'C:/Users/Bendick/AppData/Local/Temp/UnrealShaderWorkingDir/F9FA67724A45C6FE5B3915B767CEB799/'.
[2017.11.08-10.41.58:262][  0]LogShaderCompilers:Display: Using Local Shader Compiler.
[2017.11.08-10.42.00:246][  0]LogTemp:Display: Loaded TP AllDesktopTargetPlatform
[2017.11.08-10.42.00:281][  0]LogTemp:Display: Loaded TP MacClientTargetPlatform
[2017.11.08-10.42.00:318][  0]LogTemp:Display: Loaded TP MacNoEditorTargetPlatform
[2017.11.08-10.42.00:354][  0]LogTemp:Display: Loaded TP MacServerTargetPlatform
[2017.11.08-10.42.00:393][  0]LogTemp:Display: Loaded TP MacTargetPlatform
[2017.11.08-10.42.00:429][  0]LogTemp:Display: Loaded TP WindowsClientTargetPlatform
[2017.11.08-10.42.00:464][  0]LogTemp:Display: Loaded TP WindowsNoEditorTargetPlatform
[2017.11.08-10.42.00:500][  0]LogTemp:Display: Loaded TP WindowsServerTargetPlatform
[2017.11.08-10.42.00:533][  0]LogTemp:Display: Loaded TP WindowsTargetPlatform
[2017.11.08-10.42.00:572][  0]LogTemp:Display: Loaded TP AndroidTargetPlatform
[2017.11.08-10.42.00:607][  0]LogTemp:Display: Loaded TP Android_ASTCTargetPlatform
[2017.11.08-10.42.00:643][  0]LogTemp:Display: Loaded TP Android_ATCTargetPlatform
[2017.11.08-10.42.00:681][  0]LogTemp:Display: Loaded TP Android_DXTTargetPlatform
[2017.11.08-10.42.00:716][  0]LogTemp:Display: Loaded TP Android_ETC1TargetPlatform
[2017.11.08-10.42.00:752][  0]LogTemp:Display: Loaded TP Android_ETC2TargetPlatform
[2017.11.08-10.42.00:825][  0]LogTemp:Display: Loaded TP Android_MultiTargetPlatform
[2017.11.08-10.42.00:825][  0]LogTemp:Display: Loaded TP Android_PVRTCTargetPlatform
[2017.11.08-10.42.00:854][  0]LogTemp:Display: Loaded TP HTML5TargetPlatform
[2017.11.08-10.42.00:936][  0]LogTemp:Display: Loaded TP IOSTargetPlatform
[2017.11.08-10.42.00:956][  0]LogTemp:Display: Loaded TP TVOSTargetPlatform
[2017.11.08-10.42.00:990][  0]LogTemp:Display: Loaded TP LinuxClientTargetPlatform
[2017.11.08-10.42.01:024][  0]LogTemp:Display: Loaded TP LinuxNoEditorTargetPlatform
[2017.11.08-10.42.01:059][  0]LogTemp:Display: Loaded TP LinuxServerTargetPlatform
[2017.11.08-10.42.01:097][  0]LogTemp:Display: Loaded TP LinuxTargetPlatform
[2017.11.08-10.42.01:097][  0]LogTargetPlatformManager:Display: Building Assets For Windows
[2017.11.08-10.42.01:556][  0]LogDerivedDataCache:Display: Max Cache Size: 512 MB
[2017.11.08-10.42.01:938][  0]LogDerivedDataCache: Loaded boot cache 0.38s 111MB C:/Users/Bendick/AppData/Local/UnrealEngine/4.16/DerivedDataCache/Boot.ddc.
[2017.11.08-10.42.01:938][  0]LogDerivedDataCache:Display: Loaded Boot cache: C:/Users/Bendick/AppData/Local/UnrealEngine/4.16/DerivedDataCache/Boot.ddc
[2017.11.08-10.42.01:938][  0]LogDerivedDataCache: FDerivedDataBackendGraph:  Pak pak cache file ../../../../../../Users/Bendick/Documents/GitHub/SR_Prototype_V3/SR_Prototype_V3/DerivedDataCache/DDC.ddp not found, will not use a pak cache.
[2017.11.08-10.42.01:938][  0]LogDerivedDataCache: Unable to find inner node Pak for hierarchical cache Hierarchy.
[2017.11.08-10.42.01:938][  0]LogDerivedDataCache: FDerivedDataBackendGraph:  CompressedPak pak cache file ../../../../../../Users/Bendick/Documents/GitHub/SR_Prototype_V3/SR_Prototype_V3/DerivedDataCache/Compressed.ddp not found, will not use a pak cache.
[2017.11.08-10.42.01:938][  0]LogDerivedDataCache: Unable to find inner node CompressedPak for hierarchical cache Hierarchy.
[2017.11.08-10.42.01:959][  0]LogDerivedDataCache:Display: Pak cache opened for reading ../../../Engine/DerivedDataCache/Compressed.ddp.
[2017.11.08-10.42.01:971][  0]LogDerivedDataCache: Using Local data cache path C:/Users/Bendick/AppData/Local/UnrealEngine/Common/DerivedDataCache: Writable
[2017.11.08-10.42.01:986][  0]LogMaterial: Verifying Global Shaders for PCD3D_SM5
[2017.11.08-10.42.01:993][  0]LogSlate: Using Freetype 2.6.0
[2017.11.08-10.42.02:011][  0]LogSlate: SlateFontCache - WITH_FREETYPE: 1, WITH_HARFBUZZ: 1
[2017.11.08-10.42.02:011][  0]LogSlate: SlateFontCache - WITH_FREETYPE: 1, WITH_HARFBUZZ: 1
[2017.11.08-10.42.03:128][  0]LogInit: Selected Device Profile: [Windows]
[2017.11.08-10.42.03:559][  0]LogMeshUtilities: Using QuadricMeshReduction for automatic static mesh reduction
[2017.11.08-10.42.03:602][  0]LogSimplygon: Simplygon DLL not present - disabling.
[2017.11.08-10.42.03:640][  0]LogMeshUtilities: Using SimplygonSwarm for distributed automatic mesh merging
[2017.11.08-10.42.03:640][  0]LogMeshUtilities: No automatic skeletal mesh reduction module available
[2017.11.08-10.42.03:640][  0]LogMeshUtilities: No automatic mesh merging module available
[2017.11.08-10.42.05:019][  0]LogNetVersion: SR_Prototype_V3 , NetCL: 3452394, EngineNetVer: 2, GameNetVer: 0 (Checksum: 2708348065)
[2017.11.08-10.42.05:116][  0]LogAssetRegistry: FAssetRegistry took 0.0278 seconds to start up
[2017.11.08-10.42.05:179][  0]LogPackageLocalizationCache: Processed 5 localized package path(s) for 2 prioritized culture(s) in 0.043021 seconds
[2017.11.08-10.42.05:185][  0]LogUObjectArray: 34194 objects as part of root set at end of initial load.
[2017.11.08-10.42.05:185][  0]LogUObjectAllocator: 7260424 out of 0 bytes used by permanent object pool.
[2017.11.08-10.42.05:185][  0]LogUObjectArray: CloseDisregardForGC: 0/0 objects in disregard for GC pool
[2017.11.08-10.42.05:231][  0]LogInit: WinSock: version 1.1 (2.2), MaxSocks=32767, MaxUdp=65467
[2017.11.08-10.42.09:167][  0]LogTcpMessaging: Initializing TcpMessaging bridge
[2017.11.08-10.42.09:203][  0]LogUdpMessaging: Initializing bridge on interface 0.0.0.0:0 to multicast group 230.0.0.1:6666.
[2017.11.08-10.42.09:775][  0]LogMaterial: Uniform references updated for custom material expression Custom.
[2017.11.08-10.42.10:178][  0]SourceControl: Info Source control is disabled
[2017.11.08-10.42.10:242][  0]SourceControl: Info Source control is disabled
[2017.11.08-10.42.10:288][  0]SourceControl: Info Source control is disabled
[2017.11.08-10.42.10:325][  0]SourceControl: Info Source control is disabled
[2017.11.08-10.42.10:919][  0]LogAndroidPermission: UAndroidPermissionCallbackProxy::GetInstance
[2017.11.08-10.42.11:453][  0]LogEngine: Initializing Engine...
[2017.11.08-10.42.11:456][  0]LogHMD: Failed to initialize OpenVR with code 110
[2017.11.08-10.42.11:737][  0]LogStats: UGameplayTagsManager::ConstructGameplayTagTree: Construct from data asset -  0.000 s
[2017.11.08-10.42.11:738][  0]LogStats: UGameplayTagsManager::ConstructGameplayTagTree: GameplayTagTreeChangedEvent.Broadcast -  0.000 s
[2017.11.08-10.42.11:895][  0]LogAIModule: Creating AISystem for world Untitled
[2017.11.08-10.42.11:929][  0]LogInit: XAudio2 using 'Speakers (2- Logitech G933 Gaming Headset)' : 6 channels at 48 kHz using 16 bits per sample (channel mask 0x3f)
[2017.11.08-10.42.11:947][  0]LogInit: FAudioDevice initialized.
[2017.11.08-10.42.11:987][  0]LogDerivedDataCache: Saved boot cache 0.04s 111MB C:/Users/Bendick/AppData/Local/UnrealEngine/4.16/DerivedDataCache/Boot.ddc.
[2017.11.08-10.42.11:996][  0]LogInit: Texture streaming: Disabled
[2017.11.08-10.42.12:076][  0]LogEngineSessionManager: EngineSessionManager initialized
[2017.11.08-10.42.12:283][  0]LogInit: Transaction tracking system initialized
[2017.11.08-10.42.12:546][  0]BlueprintLog: New page: Editor Load
[2017.11.08-10.42.13:376][  0]LocalizationService: Info Localization service is disabled
[2017.11.08-10.42.13:932][  0]LogConsoleResponse:Display: 
[2017.11.08-10.42.14:307][  0]LogFileCache: Scanning file cache for directory 'C:/Users/Bendick/Documents/GitHub/SR_Prototype_V3/SR_Prototype_V3/Content/' took 0.01s
[2017.11.08-10.42.14:307][  0]LogCook:Display: Max memory allowance for cook 16384mb min free memory 0mb
[2017.11.08-10.42.14:308][  0]LogCook:Display: Mobile HDR setting 1
[2017.11.08-10.42.15:194][  0]SourceControl: Info Source control is disabled
[2017.11.08-10.42.15:196][  0]Cmd: MAP LOAD FILE="../../../../../../Users/Bendick/Documents/GitHub/SR_Prototype_V3/SR_Prototype_V3/Content/ScanReach.umap" TEMPLATE=0 SHOWPROGRESS=1 FEATURELEVEL=3
[2017.11.08-10.42.15:198][  0]LightingResults: New page: Lighting Build
[2017.11.08-10.42.15:240][  0]MapCheck: New page: Map Check
[2017.11.08-10.42.15:240][  0]LightingResults: New page: Lighting Build
[2017.11.08-10.42.16:628][  0]LogAIModule: Creating AISystem for world ScanReach
[2017.11.08-10.42.16:681][  0]LogEditorServer: Finished looking for orphan Actors (0.000 secs)
[2017.11.08-10.42.16:706][  0]Cmd: MAP CHECKDEP NOCLEARLOG
[2017.11.08-10.42.16:746][  0]MapCheck: Info Map check complete: 0 Error(s), 0 Warning(s), took 38.997ms to complete.
[2017.11.08-10.42.16:746][  0]LogFileHelpers: Loading map 'ScanReach' took 1.551
[2017.11.08-10.42.17:041][  0]LogCollectionManager: Loaded 0 collections in 0.000990 seconds
[2017.11.08-10.42.17:138][  0]LogFileCache: Scanning file cache for directory 'C:/Users/Bendick/Documents/GitHub/SR_Prototype_V3/SR_Prototype_V3/Saved/Collections/' took 0.01s
[2017.11.08-10.42.17:138][  0]LogFileCache: Scanning file cache for directory 'C:/Users/Bendick/Documents/GitHub/SR_Prototype_V3/SR_Prototype_V3/Content/Developers/Bendick/Collections/' took 0.01s
[2017.11.08-10.42.17:138][  0]LogFileCache: Scanning file cache for directory 'C:/Users/Bendick/Documents/GitHub/SR_Prototype_V3/SR_Prototype_V3/Content/Collections/' took 0.01s
[2017.11.08-10.42.17:138][  0]LogCollectionManager: Rebuilt the GUID cache for 0 collections in 0.000001 seconds
[2017.11.08-10.42.17:149][  0]LogContentBrowser: Native class hierarchy populated in 0.0087 seconds. Added 2334 classes and 495 folders.
[2017.11.08-10.42.17:205][  0]LogContentBrowser: Native class hierarchy updated for 'WidgetCarousel' in 0.0009 seconds. Added 0 classes and 0 folders.
[2017.11.08-10.42.17:525][  0]LogContentBrowser: Native class hierarchy updated for 'AddContentDialog' in 0.0008 seconds. Added 0 classes and 0 folders.
[2017.11.08-10.42.17:567][  0]LogContentBrowser: Native class hierarchy updated for 'SceneOutliner' in 0.0010 seconds. Added 1 classes and 2 folders.
[2017.11.08-10.42.17:779][  0]LogCrashTracker: Crashtracker disabled due to settings.
[2017.11.08-10.42.17:833][  0]LogSlate: Took 0.004477 seconds to synchronously load lazily loaded font '../../../Engine/Content/Slate/Fonts/Roboto-Regular.ttf' (155K)
[2017.11.08-10.42.17:841][  0]LogSlate: Took 0.004316 seconds to synchronously load lazily loaded font '../../../Engine/Content/Slate/Fonts/Roboto-Bold.ttf' (160K)
[2017.11.08-10.42.17:856][  0]LogSlate: Took 0.005194 seconds to synchronously load lazily loaded font '../../../Engine/Content/Editor/Slate/Fonts/FontAwesome.ttf' (139K)
[2017.11.08-10.42.17:992][  0]LogRenderer: Reallocating scene render targets to support 1276x604 NumSamples 1 (Frame:1).
[2017.11.08-10.42.18:127][  0]LogSlate: Took 0.004502 seconds to synchronously load lazily loaded font '../../../Engine/Content/Slate/Fonts/Roboto-Light.ttf' (159K)
[2017.11.08-10.42.18:199][  0]LogUObjectGlobals:Warning: Failed to find object 'Class None.'
[2017.11.08-10.42.18:259][  0]LogContentBrowser: Native class hierarchy updated for 'HierarchicalLODOutliner' in 0.0008 seconds. Added 1 classes and 2 folders.
[2017.11.08-10.42.18:259][  0]LogLoad: (Engine Initialization) Total time: 26.18 seconds
[2017.11.08-10.42.18:259][  0]LogLoad: (Engine Initialization) Total Blueprint compile time: 0.32 seconds
[2017.11.08-10.42.18:259][  0]LogExternalProfiler: Found external profiler: VSPerf
[2017.11.08-10.42.18:259][  0]LogExternalProfiler: Using external profiler: VSPerf
[2017.11.08-10.42.18:605][  0]LogOcInput: OculusInput pre-init called
[2017.11.08-10.42.18:605][  0]LogHMD: Starting GearVRController plugin
[2017.11.08-10.42.18:626][  0]LogAssetRegistry: Asset discovery search completed in 13.5315 seconds
[2017.11.08-10.42.18:628][  0]LogCollectionManager: Rebuilt the object cache for 0 collections in 0.000001 seconds (found 0 objects)
[2017.11.08-10.42.18:628][  0]LogCollectionManager: Fixed up redirectors for 0 collections in 0.001196 seconds (updated 0 objects)
[2017.11.08-10.42.18:740][  1]LogRenderer: Reallocating scene render targets to support 1276x624 NumSamples 1 (Frame:3).
[2017.11.08-10.42.19:615][  3]LogSlate: Took 0.000175 seconds to synchronously load lazily loaded font '../../../Engine/Content/Slate/Fonts/Roboto-Light.ttf' (159K)
[2017.11.08-10.43.46:120][ 90]LogLinker: Can't find file '/Game/Blueprints/Widgets/w_statusText'
[2017.11.08-10.43.46:121][ 90]LogLinker: Can't find file '/Game/Blueprints/Widgets/w_statusText'
[2017.11.08-10.43.47:223][220]LogSlate: Took 0.000094 seconds to synchronously load lazily loaded font '../../../Engine/Content/Slate/Fonts/Roboto-Light.ttf' (159K)
[2017.11.08-10.43.47:475][220]LogContentBrowser: Native class hierarchy updated for 'BlueprintGraph' in 0.0011 seconds. Added 112 classes and 0 folders.
[2017.11.08-10.43.47:922][220]LogSlate: Took 0.000100 seconds to synchronously load lazily loaded font '../../../Engine/Content/Editor/Slate/Fonts/Roboto-BoldCondensed.ttf' (158K)
[2017.11.08-10.44.10:920][933]LogSlate: Took 0.013770 seconds to synchronously load lazily loaded font '../../../Engine/Content/Slate/Fonts/DroidSansFallback.ttf' (3848K)
[2017.11.08-10.44.16:315][576]BlueprintLog: New page: Compile w_statusText
[2017.11.08-10.44.16:403][576]BlueprintEditorCompileResults: Info Fast Template Successfully Created.
[2017.11.08-10.44.16:716][607]LogSavePackage: Save=22.12ms
[2017.11.08-10.44.16:716][607]LogSavePackage: Moving '../../../../../../Users/Bendick/Documents/GitHub/SR_Prototype_V3/SR_Prototype_V3/Saved/w_statusTextAAAFB04642DC169C5F34678045F4385B.tmp' to '../../../../../../Users/Bendick/Documents/GitHub/SR_Prototype_V3/SR_Prototype_V3/Content/Blueprints/Widgets/w_statusText.uasset'
[2017.11.08-10.44.16:723][607]LogSavePackage:Display: Finished SavePackage ../../../../../../Users/Bendick/Documents/GitHub/SR_Prototype_V3/SR_Prototype_V3/Content/Blueprints/Widgets/w_statusText.uasset
[2017.11.08-10.44.29:406][123]BlueprintLog: New page: Compile w_statusText
[2017.11.08-10.44.29:469][123]BlueprintEditorCompileResults: Info Fast Template Successfully Created.
[2017.11.08-10.44.29:779][153]LogSavePackage: Save=15.67ms
[2017.11.08-10.44.29:779][153]LogSavePackage: Moving '../../../../../../Users/Bendick/Documents/GitHub/SR_Prototype_V3/SR_Prototype_V3/Saved/w_statusTextE508B03E458ECCA3E19DE5AAF8EA9CC5.tmp' to '../../../../../../Users/Bendick/Documents/GitHub/SR_Prototype_V3/SR_Prototype_V3/Content/Blueprints/Widgets/w_statusText.uasset'
[2017.11.08-10.44.29:782][153]LogSavePackage:Display: Finished SavePackage ../../../../../../Users/Bendick/Documents/GitHub/SR_Prototype_V3/SR_Prototype_V3/Content/Blueprints/Widgets/w_statusText.uasset
[2017.11.08-10.44.59:779][745]LogSavePackage: Save=14.77ms
[2017.11.08-10.44.59:779][745]LogSavePackage: Moving '../../../../../../Users/Bendick/Documents/GitHub/SR_Prototype_V3/SR_Prototype_V3/Saved/w_statusTextEB5433D241E5DE3E0AF1089FB585521F.tmp' to '../../../../../../Users/Bendick/Documents/GitHub/SR_Prototype_V3/SR_Prototype_V3/Content/Blueprints/Widgets/w_statusText.uasset'
[2017.11.08-10.44.59:780][745]LogSavePackage:Display: Finished SavePackage ../../../../../../Users/Bendick/Documents/GitHub/SR_Prototype_V3/SR_Prototype_V3/Content/Blueprints/Widgets/w_statusText.uasset
[2017.11.08-10.45.09:623][925]LogEditorViewport: Clicking on Actor (LMB): BP_WebsocketMaster_C (BP_WebsocketMaster)
[2017.11.08-10.45.12:306][242]LogEditorViewport: Clicking on Actor (context menu): BP_WebsocketMaster_C (BP_WebsocketMaster)
[2017.11.08-10.45.14:093][397]LogSlate: Took 0.003680 seconds to synchronously load lazily loaded font '../../../Engine/Content/Editor/Slate/Fonts/Roboto-Italic.ttf' (157K)
[2017.11.08-10.45.14:588][455]LogUObjectArray:Warning: Other object in slot
[2017.11.08-10.45.14:815][455]LogStats: FPlatformStackWalk::StackWalkAndDump -  0.227 s
[2017.11.08-10.45.14:815][455]LogOutputDevice:Error: === Handled ensure: ===
[2017.11.08-10.45.14:815][455]LogOutputDevice:Error: 
[2017.11.08-10.45.14:815][455]LogOutputDevice:Error: Ensure condition failed: false [File:D:\Build\++UE4+Release-4.16+Compile\Sync\Engine\Source\Editor\UnrealEd\Private\Kismet2\KismetDebugUtilities.cpp] [Line: 1037]
[2017.11.08-10.45.14:815][455]LogOutputDevice:Error: Error: Invalid (but non-null) property associated with pin; cannot get variable value
[2017.11.08-10.45.14:815][455]LogOutputDevice:Error: Stack: 
[2017.11.08-10.45.14:815][455]LogOutputDevice:Error: UE4Editor-Core.dll!0x00000000D10EE2B6
[2017.11.08-10.45.14:815][455]LogOutputDevice:Error: UE4Editor-Core.dll!0x00000000D0E9B8C2
[2017.11.08-10.45.14:815][455]LogOutputDevice:Error: UE4Editor-Core.dll!0x00000000D0EB1E86
[2017.11.08-10.45.14:815][455]LogOutputDevice:Error: UE4Editor-UnrealEd.dll!0x00000000CC947556
[2017.11.08-10.45.14:815][455]LogOutputDevice:Error: UE4Editor-BlueprintGraph.dll!0x00000000CAD2D27B
[2017.11.08-10.45.14:815][455]LogOutputDevice:Error: UE4Editor-GraphEditor.dll!0x00000000CA3D24AA
[2017.11.08-10.45.14:815][455]LogOutputDevice:Error: UE4Editor-GraphEditor.dll!0x00000000CA2772CC
[2017.11.08-10.45.14:815][455]LogOutputDevice:Error: UE4Editor-GraphEditor.dll!0x00000000CA27A6D9
[2017.11.08-10.45.14:815][455]LogOutputDevice:Error: UE4Editor-GraphEditor.dll!0x00000000CA398035
[2017.11.08-10.45.14:815][455]LogOutputDevice:Error: UE4Editor-Slate.dll!0x00000000E450DB57
[2017.11.08-10.45.14:815][455]LogOutputDevice:Error: UE4Editor-Slate.dll!0x00000000E4514B61
[2017.11.08-10.45.14:815][455]LogOutputDevice:Error: UE4Editor-Slate.dll!0x00000000E47348D3
[2017.11.08-10.45.14:815][455]LogOutputDevice:Error: UE4Editor-Slate.dll!0x00000000E456F604
[2017.11.08-10.45.14:815][455]LogOutputDevice:Error: UE4Editor-Slate.dll!0x00000000E45477FC
[2017.11.08-10.45.14:815][455]LogOutputDevice:Error: UE4Editor-Slate.dll!0x00000000E453814C
[2017.11.08-10.45.14:815][455]LogOutputDevice:Error: UE4Editor-Core.dll!0x00000000D10E15B0
[2017.11.08-10.45.14:815][455]LogOutputDevice:Error: UE4Editor-Core.dll!0x00000000D10CB7D1
[2017.11.08-10.45.14:815][455]LogOutputDevice:Error: UE4Editor-Core.dll!0x00000000D10E33DB
[2017.11.08-10.45.14:815][455]LogOutputDevice:Error: UE4Editor-Core.dll!0x00000000D10C7B22
[2017.11.08-10.45.14:815][455]LogOutputDevice:Error: USER32.dll!0x0000000020C5BC50
[2017.11.08-10.45.14:815][455]LogOutputDevice:Error: USER32.dll!0x0000000020C5B5CF
[2017.11.08-10.45.14:816][455]LogOutputDevice:Error: UE4Editor-Core.dll!0x00000000D10E3CE6
[2017.11.08-10.45.14:816][455]LogOutputDevice:Error: UE4Editor.exe!0x000000005D74DB44
[2017.11.08-10.45.14:816][455]LogOutputDevice:Error: UE4Editor.exe!0x000000005D73F0B0
[2017.11.08-10.45.14:816][455]LogOutputDevice:Error: UE4Editor.exe!0x000000005D73F12A
[2017.11.08-10.45.14:816][455]LogOutputDevice:Error: UE4Editor.exe!0x000000005D750CF9
[2017.11.08-10.45.14:816][455]LogOutputDevice:Error: UE4Editor.exe!0x000000005D7525F7
[2017.11.08-10.45.14:816][455]LogOutputDevice:Error: KERNEL32.DLL!0x00000000206C2774
[2017.11.08-10.45.14:816][455]LogOutputDevice:Error: ntdll.dll!0x00000000212A0D51
[2017.11.08-10.45.14:816][455]LogOutputDevice:Error: 
[2017.11.08-10.45.14:825][455]LogStats:                SubmitErrorReport -  0.000 s
[2017.11.08-10.45.15:231][455]LogStats:                    SendNewReport -  0.406 s
[2017.11.08-10.45.15:231][455]LogStats:             FDebug::EnsureFailed -  0.643 s
[2017.11.08-10.45.15:231][455]LogUObjectArray:Warning: Other object in slot
[2017.11.08-10.45.53:155][909]BlueprintLog: New page: Compile BP_WebsocketMaster
[2017.11.08-10.46.41:334][617]BlueprintLog: New page: Compile BP_WebsocketMaster
[2017.11.08-10.46.42:026][666]LogSavePackage: Save=73.27ms
[2017.11.08-10.46.42:026][666]LogSavePackage: Moving '../../../../../../Users/Bendick/Documents/GitHub/SR_Prototype_V3/SR_Prototype_V3/Saved/BP_WebsocketMasterFC8866DD46A1DA450F7D43A6BFD48513.tmp' to '../../../../../../Users/Bendick/Documents/GitHub/SR_Prototype_V3/SR_Prototype_V3/Content/Blueprints/Websocket/BP_WebsocketMaster.uasset'
[2017.11.08-10.46.42:028][666]LogSavePackage:Display: Finished SavePackage ../../../../../../Users/Bendick/Documents/GitHub/SR_Prototype_V3/SR_Prototype_V3/Content/Blueprints/Websocket/BP_WebsocketMaster.uasset
[2017.11.08-10.46.50:095][632]BlueprintLog: New page: Compile BP_WebsocketMaster
[2017.11.08-10.46.50:536][659]LogSavePackage: Save=71.96ms
[2017.11.08-10.46.50:536][659]LogSavePackage: Moving '../../../../../../Users/Bendick/Documents/GitHub/SR_Prototype_V3/SR_Prototype_V3/Saved/BP_WebsocketMasterE211CEBB44900B796C6226AA8BA59021.tmp' to '../../../../../../Users/Bendick/Documents/GitHub/SR_Prototype_V3/SR_Prototype_V3/Content/Blueprints/Websocket/BP_WebsocketMaster.uasset'
[2017.11.08-10.46.50:538][659]LogSavePackage:Display: Finished SavePackage ../../../../../../Users/Bendick/Documents/GitHub/SR_Prototype_V3/SR_Prototype_V3/Content/Blueprints/Websocket/BP_WebsocketMaster.uasset
[2017.11.08-10.48.02:508][ 52]LogSavePackage: Save=3.93ms
[2017.11.08-10.48.02:508][ 52]LogSavePackage: Moving '../../../../../../Users/Bendick/Documents/GitHub/SR_Prototype_V3/SR_Prototype_V3/Saved/ModeEnumE77F3BC343912FAF0AB1B8AF966AF4B8.tmp' to '../../../../../../Users/Bendick/Documents/GitHub/SR_Prototype_V3/SR_Prototype_V3/Content/Blueprints/Structs/ModeEnum.uasset'
[2017.11.08-10.48.02:510][ 52]LogSavePackage:Display: Finished SavePackage ../../../../../../Users/Bendick/Documents/GitHub/SR_Prototype_V3/SR_Prototype_V3/Content/Blueprints/Structs/ModeEnum.uasset
[2017.11.08-10.48.03:104][119]LogSavePackage: Save=3.41ms
[2017.11.08-10.48.03:104][119]LogSavePackage: Moving '../../../../../../Users/Bendick/Documents/GitHub/SR_Prototype_V3/SR_Prototype_V3/Saved/ModeEnum6F6FC2034890472FC99FF68EED30322A.tmp' to '../../../../../../Users/Bendick/Documents/GitHub/SR_Prototype_V3/SR_Prototype_V3/Content/Blueprints/Structs/ModeEnum.uasset'
[2017.11.08-10.48.03:105][119]LogSavePackage:Display: Finished SavePackage ../../../../../../Users/Bendick/Documents/GitHub/SR_Prototype_V3/SR_Prototype_V3/Content/Blueprints/Structs/ModeEnum.uasset
[2017.11.08-10.48.50:677][771]LogSavePackage: Save=4.48ms
[2017.11.08-10.48.50:677][771]LogSavePackage: Moving '../../../../../../Users/Bendick/Documents/GitHub/SR_Prototype_V3/SR_Prototype_V3/Saved/WebsocketServer8E1F7DFF45B758D37D2372984F1B4F13.tmp' to '../../../../../../Users/Bendick/Documents/GitHub/SR_Prototype_V3/SR_Prototype_V3/Content/Blueprints/Structs/WebsocketServer.uasset'
[2017.11.08-10.48.50:679][771]LogSavePackage:Display: Finished SavePackage ../../../../../../Users/Bendick/Documents/GitHub/SR_Prototype_V3/SR_Prototype_V3/Content/Blueprints/Structs/WebsocketServer.uasset
[2017.11.08-10.48.50:991][804]LogSavePackage: Save=3.73ms
[2017.11.08-10.48.50:991][804]LogSavePackage: Moving '../../../../../../Users/Bendick/Documents/GitHub/SR_Prototype_V3/SR_Prototype_V3/Saved/WebsocketServer863DDBA74B0E40CB138C88B8C5EC95C7.tmp' to '../../../../../../Users/Bendick/Documents/GitHub/SR_Prototype_V3/SR_Prototype_V3/Content/Blueprints/Structs/WebsocketServer.uasset'
[2017.11.08-10.48.50:992][804]LogSavePackage:Display: Finished SavePackage ../../../../../../Users/Bendick/Documents/GitHub/SR_Prototype_V3/SR_Prototype_V3/Content/Blueprints/Structs/WebsocketServer.uasset
[2017.11.08-10.49.11:250][194]LogSlate: Took 0.003407 seconds to synchronously load lazily loaded font '../../../Engine/Content/Editor/Slate/Fonts/Roboto-BoldCondensedItalic.ttf' (160K)
[2017.11.08-10.49.14:553][583]BlueprintLog: New page: Compile BP_WebsocketMaster
[2017.11.08-10.49.17:936][941]BlueprintLog: New page: Compile BP_WebsocketMaster
[2017.11.08-10.49.18:528][977]LogSavePackage: Save=72.94ms
[2017.11.08-10.49.18:528][977]LogSavePackage: Moving '../../../../../../Users/Bendick/Documents/GitHub/SR_Prototype_V3/SR_Prototype_V3/Saved/BP_WebsocketMaster75BD64C24E05092D66AFACAF708B77E4.tmp' to '../../../../../../Users/Bendick/Documents/GitHub/SR_Prototype_V3/SR_Prototype_V3/Content/Blueprints/Websocket/BP_WebsocketMaster.uasset'
[2017.11.08-10.49.18:530][977]LogSavePackage:Display: Finished SavePackage ../../../../../../Users/Bendick/Documents/GitHub/SR_Prototype_V3/SR_Prototype_V3/Content/Blueprints/Websocket/BP_WebsocketMaster.uasset
[2017.11.08-10.49.18:777][994]LogSavePackage: Save=73.06ms
[2017.11.08-10.49.18:777][994]LogSavePackage: Moving '../../../../../../Users/Bendick/Documents/GitHub/SR_Prototype_V3/SR_Prototype_V3/Saved/BP_WebsocketMasterF9D880F04EE7C341F998A19B3AD0F605.tmp' to '../../../../../../Users/Bendick/Documents/GitHub/SR_Prototype_V3/SR_Prototype_V3/Content/Blueprints/Websocket/BP_WebsocketMaster.uasset'
[2017.11.08-10.49.18:778][994]LogSavePackage:Display: Finished SavePackage ../../../../../../Users/Bendick/Documents/GitHub/SR_Prototype_V3/SR_Prototype_V3/Content/Blueprints/Websocket/BP_WebsocketMaster.uasset
[2017.11.08-10.49.55:320][323]BlueprintLog: New page: Compile BP_WebsocketMaster
[2017.11.08-10.49.55:938][361]LogSavePackage: Save=76.71ms
[2017.11.08-10.49.55:938][361]LogSavePackage: Moving '../../../../../../Users/Bendick/Documents/GitHub/SR_Prototype_V3/SR_Prototype_V3/Saved/BP_WebsocketMasterF501B66546081B0385A843952B1521CE.tmp' to '../../../../../../Users/Bendick/Documents/GitHub/SR_Prototype_V3/SR_Prototype_V3/Content/Blueprints/Websocket/BP_WebsocketMaster.uasset'
[2017.11.08-10.49.55:940][361]LogSavePackage:Display: Finished SavePackage ../../../../../../Users/Bendick/Documents/GitHub/SR_Prototype_V3/SR_Prototype_V3/Content/Blueprints/Websocket/BP_WebsocketMaster.uasset
[2017.11.08-10.50.01:944][ 66]LogSavePackage: Save=76.26ms
[2017.11.08-10.50.01:944][ 66]LogSavePackage: Moving '../../../../../../Users/Bendick/Documents/GitHub/SR_Prototype_V3/SR_Prototype_V3/Saved/BP_WebsocketMasterAD3DEB1D4CC33356FCE5EBBAA062C912.tmp' to '../../../../../../Users/Bendick/Documents/GitHub/SR_Prototype_V3/SR_Prototype_V3/Content/Blueprints/Websocket/BP_WebsocketMaster.uasset'
[2017.11.08-10.50.01:945][ 66]LogSavePackage:Display: Finished SavePackage ../../../../../../Users/Bendick/Documents/GitHub/SR_Prototype_V3/SR_Prototype_V3/Content/Blueprints/Websocket/BP_WebsocketMaster.uasset
[2017.11.08-10.50.02:672][151]LogTemp: Repeting last play command: New Editor Window (PIE)
[2017.11.08-10.50.02:720][151]LogBlueprintUserMessages: Early PlayInEditor Detection: Level '/Game/ScanReach.ScanReach:PersistentLevel' has LevelScriptBlueprint '/Game/ScanReach.ScanReach:PersistentLevel.ScanReach' with GeneratedClass '/Game/ScanReach.ScanReach_C' with ClassGeneratedBy '/Game/ScanReach.ScanReach:PersistentLevel.ScanReach'
[2017.11.08-10.50.02:721][151]BlueprintLog: New page: Pre-Play auto-recompile
[2017.11.08-10.50.02:721][151]LogPlayLevel: [PlayLevel] Compiling PROTO_BP_AnimBlueprint_0 before play...
[2017.11.08-10.50.02:788][151]LogPlayLevel: PlayLevel: Blueprint regeneration took 67 ms (1 blueprints)
[2017.11.08-10.50.02:793][151]PIE: New page: PIE session: ScanReach (8 Nov 2017 12:50:02)
[2017.11.08-10.50.02:793][151]LogPlayLevel: Creating play world package: /Game/UEDPIE_0_ScanReach
[2017.11.08-10.50.02:799][151]LogPlayLevel: PIE: StaticDuplicateObject took: (0.005585s)
[2017.11.08-10.50.02:799][151]LogAIModule: Creating AISystem for world ScanReach
[2017.11.08-10.50.02:799][151]LogPlayLevel: PIE: World Init took: (0.000436s)
[2017.11.08-10.50.02:800][151]LogPlayLevel: PIE: Created PIE world by copying editor world from /Game/ScanReach.ScanReach to /Game/UEDPIE_0_ScanReach.ScanReach (0.006527s)
[2017.11.08-10.50.02:818][151]LogInit: XAudio2 using 'Speakers (2- Logitech G933 Gaming Headset)' : 6 channels at 48 kHz using 16 bits per sample (channel mask 0x3f)
[2017.11.08-10.50.02:830][151]LogInit: FAudioDevice initialized.
[2017.11.08-10.50.02:907][151]LogLoad: Game class is 'ScanReach_GM_C'
[2017.11.08-10.50.02:909][151]LogWorld: Bringing World /Game/UEDPIE_0_ScanReach.ScanReach up for play (max tick rate 0) at 2017.11.08-11.50.02
[2017.11.08-10.50.02:913][151]LogWorld: Bringing up level for play took: 0.004379
[2017.11.08-10.50.02:958][151]LogContentBrowser: Native class hierarchy updated for 'MovieSceneCapture' in 0.0010 seconds. Added 11 classes and 0 folders.
[2017.11.08-10.50.02:972][151]PIE: Info Play in editor start time for /Game/UEDPIE_0_ScanReach 0.558
[2017.11.08-10.50.02:974][151]LogBlueprintUserMessages: Late PlayInEditor Detection: Level '/Game/ScanReach.ScanReach:PersistentLevel' has LevelScriptBlueprint '/Game/ScanReach.ScanReach:PersistentLevel.ScanReach' with GeneratedClass '/Game/ScanReach.ScanReach_C' with ClassGeneratedBy '/Game/ScanReach.ScanReach:PersistentLevel.ScanReach'
[2017.11.08-10.50.03:005][151]LogRenderer: Reallocating scene render targets to support 1292x756 NumSamples 1 (Frame:1).
[2017.11.08-10.50.07:790][655]LogBlueprintUserMessages: [BP_WebsocketMaster_222] Connected To: ws://srtdev7-inrange-websocket.azurewebsites.net/inrange
[2017.11.08-10.50.09:031][804]LogBlueprintUserMessages: [BP_WebsocketMaster_222] {
	"tagId": "d63e739a-fca8-4ed6-b0b9-df8ccc003eee",
	"sensorId": "9f7e559f-d9e4-4143-bea3-69bb144d9d76",
	"rSSI": "-63.023678",
	"onConnectError": "()",
	"onClosed": "()",
	"onConnectComplete": "()",
	"onReceiveData": "()"
}
[2017.11.08-10.50.09:031][804]LogBlueprintUserMessages: [BP_WebsocketMaster_222] New Pawn: d63e739a-fca8-4ed6-b0b9-df8ccc003eee
[2017.11.08-10.50.10:030][924]LogBlueprintUserMessages: [BP_WebsocketMaster_222] {
	"tagId": "d63e739a-fca8-4ed6-b0b9-df8ccc003eee",
	"sensorId": "302316ab-3b7b-45f1-9fc0-5f0b4f819c41",
	"rSSI": "-48.337887",
	"onConnectError": "()",
	"onClosed": "()",
	"onConnectComplete": "()",
	"onReceiveData": "()"
}
[2017.11.08-10.50.10:031][924]LogScript:Warning: Accessed None trying to read property CallFunc_Array_Get_Item2
	BP_WebsocketMaster_C /Game/UEDPIE_0_ScanReach.ScanReach:PersistentLevel.BP_WebsocketMaster_222
	Function /Game/Blueprints/Websocket/BP_WebsocketMaster.BP_WebsocketMaster_C:ExecuteUbergraph_BP_WebsocketMaster:04C1
[2017.11.08-10.50.11:130][ 56]LogBlueprintUserMessages: [BP_WebsocketMaster_222] {
	"tagId": "d343d373-0696-4542-8a05-52a261511d54",
	"sensorId": "9f7e559f-d9e4-4143-bea3-69bb144d9d76",
	"rSSI": "-66.58615",
	"onConnectError": "()",
	"onClosed": "()",
	"onConnectComplete": "()",
	"onReceiveData": "()"
}
[2017.11.08-10.50.11:131][ 56]LogBlueprintUserMessages: [BP_WebsocketMaster_222] New Pawn: d343d373-0696-4542-8a05-52a261511d54
[2017.11.08-10.50.11:697][124]LogBlueprintUserMessages: Early EndPlayMap Detection: Level '/Game/ScanReach.ScanReach:PersistentLevel' has LevelScriptBlueprint '/Game/ScanReach.ScanReach:PersistentLevel.ScanReach' with GeneratedClass '/Game/ScanReach.ScanReach_C' with ClassGeneratedBy '/Game/ScanReach.ScanReach:PersistentLevel.ScanReach'
[2017.11.08-10.50.11:759][124]LogBlueprintUserMessages: Late EndPlayMap Detection: Level '/Game/ScanReach.ScanReach:PersistentLevel' has LevelScriptBlueprint '/Game/ScanReach.ScanReach:PersistentLevel.ScanReach' with GeneratedClass '/Game/ScanReach.ScanReach_C' with ClassGeneratedBy '/Game/ScanReach.ScanReach:PersistentLevel.ScanReach'
[2017.11.08-10.52.01:943][129]BlueprintLog: New page: Compile BP_WebsocketMaster
[2017.11.08-10.52.09:166][942]LogSavePackage: Save=80.49ms
[2017.11.08-10.52.09:166][942]LogSavePackage: Moving '../../../../../../Users/Bendick/Documents/GitHub/SR_Prototype_V3/SR_Prototype_V3/Saved/BP_WebsocketMaster9150F8B5404C2ED90C2C948246D2548B.tmp' to '../../../../../../Users/Bendick/Documents/GitHub/SR_Prototype_V3/SR_Prototype_V3/Content/Blueprints/Websocket/BP_WebsocketMaster.uasset'
[2017.11.08-10.52.09:168][942]LogSavePackage:Display: Finished SavePackage ../../../../../../Users/Bendick/Documents/GitHub/SR_Prototype_V3/SR_Prototype_V3/Content/Blueprints/Websocket/BP_WebsocketMaster.uasset
[2017.11.08-10.52.09:955][ 35]BlueprintLog: New page: Compile BP_WebsocketMaster
[2017.11.08-10.52.10:679][ 93]LogSavePackage: Save=85.57ms
[2017.11.08-10.52.10:679][ 93]LogSavePackage: Moving '../../../../../../Users/Bendick/Documents/GitHub/SR_Prototype_V3/SR_Prototype_V3/Saved/BP_WebsocketMaster6FD1ED464C541D63D69494815FD34727.tmp' to '../../../../../../Users/Bendick/Documents/GitHub/SR_Prototype_V3/SR_Prototype_V3/Content/Blueprints/Websocket/BP_WebsocketMaster.uasset'
[2017.11.08-10.52.10:680][ 93]LogSavePackage:Display: Finished SavePackage ../../../../../../Users/Bendick/Documents/GitHub/SR_Prototype_V3/SR_Prototype_V3/Content/Blueprints/Websocket/BP_WebsocketMaster.uasset
[2017.11.08-10.53.09:442][ 64]BlueprintLog: New page: Compile BP_WebsocketMaster
[2017.11.08-10.53.10:054][108]LogSavePackage: Save=88.12ms
[2017.11.08-10.53.10:054][108]LogSavePackage: Moving '../../../../../../Users/Bendick/Documents/GitHub/SR_Prototype_V3/SR_Prototype_V3/Saved/BP_WebsocketMasterADB42C6B46FE38EDDD863FA9871C9A3D.tmp' to '../../../../../../Users/Bendick/Documents/GitHub/SR_Prototype_V3/SR_Prototype_V3/Content/Blueprints/Websocket/BP_WebsocketMaster.uasset'
[2017.11.08-10.53.10:056][108]LogSavePackage:Display: Finished SavePackage ../../../../../../Users/Bendick/Documents/GitHub/SR_Prototype_V3/SR_Prototype_V3/Content/Blueprints/Websocket/BP_WebsocketMaster.uasset
[2017.11.08-10.53.39:430][583]LogSavePackage: Save=89.31ms
[2017.11.08-10.53.39:430][583]LogSavePackage: Moving '../../../../../../Users/Bendick/Documents/GitHub/SR_Prototype_V3/SR_Prototype_V3/Saved/BP_WebsocketMaster946F3EF64AAAE3036F1A099243B23CE9.tmp' to '../../../../../../Users/Bendick/Documents/GitHub/SR_Prototype_V3/SR_Prototype_V3/Content/Blueprints/Websocket/BP_WebsocketMaster.uasset'
[2017.11.08-10.53.39:433][583]LogSavePackage:Display: Finished SavePackage ../../../../../../Users/Bendick/Documents/GitHub/SR_Prototype_V3/SR_Prototype_V3/Content/Blueprints/Websocket/BP_WebsocketMaster.uasset
[2017.11.08-10.53.45:119][256]BlueprintLog: New page: Compile BP_WebsocketMaster
[2017.11.08-10.53.45:787][297]LogSavePackage: Save=84.30ms
[2017.11.08-10.53.45:787][297]LogSavePackage: Moving '../../../../../../Users/Bendick/Documents/GitHub/SR_Prototype_V3/SR_Prototype_V3/Saved/BP_WebsocketMaster6E041E5F45A0897602221DAF38B98C17.tmp' to '../../../../../../Users/Bendick/Documents/GitHub/SR_Prototype_V3/SR_Prototype_V3/Content/Blueprints/Websocket/BP_WebsocketMaster.uasset'
[2017.11.08-10.53.45:789][297]LogSavePackage:Display: Finished SavePackage ../../../../../../Users/Bendick/Documents/GitHub/SR_Prototype_V3/SR_Prototype_V3/Content/Blueprints/Websocket/BP_WebsocketMaster.uasset
[2017.11.08-10.53.46:738][394]LogSavePackage: Save=88.79ms
[2017.11.08-10.53.46:738][394]LogSavePackage: Moving '../../../../../../Users/Bendick/Documents/GitHub/SR_Prototype_V3/SR_Prototype_V3/Saved/BP_WebsocketMaster05A16CC341FD31B4B2BD85A3BAA7946F.tmp' to '../../../../../../Users/Bendick/Documents/GitHub/SR_Prototype_V3/SR_Prototype_V3/Content/Blueprints/Websocket/BP_WebsocketMaster.uasset'
[2017.11.08-10.53.46:738][394]LogSavePackage:Display: Finished SavePackage ../../../../../../Users/Bendick/Documents/GitHub/SR_Prototype_V3/SR_Prototype_V3/Content/Blueprints/Websocket/BP_WebsocketMaster.uasset
[2017.11.08-10.54.13:618][587]LogSavePackage: Save=113.35ms
[2017.11.08-10.54.13:618][587]LogSavePackage: Moving '../../../../../../Users/Bendick/Documents/GitHub/SR_Prototype_V3/SR_Prototype_V3/Saved/ScanReach_Auto146BFCD93469B7B93A4734EB7EFBB5628.tmp' to '../../../../../../Users/Bendick/Documents/GitHub/SR_Prototype_V3/SR_Prototype_V3/Saved/Autosaves/Game/ScanReach_Auto1.umap'
[2017.11.08-10.54.13:618][587]LogSavePackage:Display: Finished SavePackage ../../../../../../Users/Bendick/Documents/GitHub/SR_Prototype_V3/SR_Prototype_V3/Saved/Autosaves/Game/ScanReach_Auto1.umap
[2017.11.08-10.54.13:620][587]LogFileHelpers: Editor autosave (incl. sublevels) for '/Game/ScanReach' took 0.153
[2017.11.08-10.54.13:620][587]LogFileHelpers: Editor autosave (incl. sublevels) for all levels took 0.153
[2017.11.08-10.54.45:789][421]LogSavePackage: Save=86.33ms
[2017.11.08-10.54.45:789][421]LogSavePackage: Moving '../../../../../../Users/Bendick/Documents/GitHub/SR_Prototype_V3/SR_Prototype_V3/Saved/BP_WebsocketMaster3AB3EBC5408061C9FECDDDB12957C081.tmp' to '../../../../../../Users/Bendick/Documents/GitHub/SR_Prototype_V3/SR_Prototype_V3/Content/Blueprints/Websocket/BP_WebsocketMaster.uasset'
[2017.11.08-10.54.45:791][421]LogSavePackage:Display: Finished SavePackage ../../../../../../Users/Bendick/Documents/GitHub/SR_Prototype_V3/SR_Prototype_V3/Content/Blueprints/Websocket/BP_WebsocketMaster.uasset
[2017.11.08-10.55.09:178][217]BlueprintLog: New page: Compile BP_WebsocketMaster
[2017.11.08-10.55.09:829][265]LogSavePackage: Save=85.89ms
[2017.11.08-10.55.09:829][265]LogSavePackage: Moving '../../../../../../Users/Bendick/Documents/GitHub/SR_Prototype_V3/SR_Prototype_V3/Saved/BP_WebsocketMaster82CAA52E41F38E8C87E16E91BCBAE836.tmp' to '../../../../../../Users/Bendick/Documents/GitHub/SR_Prototype_V3/SR_Prototype_V3/Content/Blueprints/Websocket/BP_WebsocketMaster.uasset'
[2017.11.08-10.55.09:832][265]LogSavePackage:Display: Finished SavePackage ../../../../../../Users/Bendick/Documents/GitHub/SR_Prototype_V3/SR_Prototype_V3/Content/Blueprints/Websocket/BP_WebsocketMaster.uasset
[2017.11.08-11.04.14:490][212]LogSavePackage: Save=110.86ms
[2017.11.08-11.04.14:490][212]LogSavePackage: Moving '../../../../../../Users/Bendick/Documents/GitHub/SR_Prototype_V3/SR_Prototype_V3/Saved/ScanReach_Auto2E2A28E0C47A8BB4707F4369361F227A1.tmp' to '../../../../../../Users/Bendick/Documents/GitHub/SR_Prototype_V3/SR_Prototype_V3/Saved/Autosaves/Game/ScanReach_Auto2.umap'
[2017.11.08-11.04.14:492][212]LogSavePackage:Display: Finished SavePackage ../../../../../../Users/Bendick/Documents/GitHub/SR_Prototype_V3/SR_Prototype_V3/Saved/Autosaves/Game/ScanReach_Auto2.umap
[2017.11.08-11.04.14:494][212]LogFileHelpers: Editor autosave (incl. sublevels) for '/Game/ScanReach' took 0.165
[2017.11.08-11.04.14:494][212]LogFileHelpers: Editor autosave (incl. sublevels) for all levels took 0.165
[2017.11.08-11.39.01:906][877]LogSavePackage: Save=15.11ms
[2017.11.08-11.39.01:906][877]LogSavePackage: Moving '../../../../../../Users/Bendick/Documents/GitHub/SR_Prototype_V3/SR_Prototype_V3/Saved/w_statusText1CE0E48A4C8A84DD93AE3484D7794429.tmp' to '../../../../../../Users/Bendick/Documents/GitHub/SR_Prototype_V3/SR_Prototype_V3/Content/Blueprints/Widgets/w_statusText.uasset'
[2017.11.08-11.39.01:908][877]LogSavePackage:Display: Finished SavePackage ../../../../../../Users/Bendick/Documents/GitHub/SR_Prototype_V3/SR_Prototype_V3/Content/Blueprints/Widgets/w_statusText.uasset
[2017.11.08-11.39.03:838][103]LogSavePackage: Save=13.75ms
[2017.11.08-11.39.03:838][103]LogSavePackage: Moving '../../../../../../Users/Bendick/Documents/GitHub/SR_Prototype_V3/SR_Prototype_V3/Saved/w_statusText874AFC21424A111E84099FAD04276E6F.tmp' to '../../../../../../Users/Bendick/Documents/GitHub/SR_Prototype_V3/SR_Prototype_V3/Content/Blueprints/Widgets/w_statusText.uasset'
[2017.11.08-11.39.03:839][103]LogSavePackage:Display: Finished SavePackage ../../../../../../Users/Bendick/Documents/GitHub/SR_Prototype_V3/SR_Prototype_V3/Content/Blueprints/Widgets/w_statusText.uasset
[2017.11.08-11.39.46:470][211]BlueprintLog: New page: Compile BP_WebsocketMaster
[2017.11.08-11.39.46:953][239]LogSavePackage: Save=83.43ms
[2017.11.08-11.39.46:953][239]LogSavePackage: Moving '../../../../../../Users/Bendick/Documents/GitHub/SR_Prototype_V3/SR_Prototype_V3/Saved/BP_WebsocketMaster03616EDA4F886C2300509EA8D70268F3.tmp' to '../../../../../../Users/Bendick/Documents/GitHub/SR_Prototype_V3/SR_Prototype_V3/Content/Blueprints/Websocket/BP_WebsocketMaster.uasset'
[2017.11.08-11.39.46:955][239]LogSavePackage:Display: Finished SavePackage ../../../../../../Users/Bendick/Documents/GitHub/SR_Prototype_V3/SR_Prototype_V3/Content/Blueprints/Websocket/BP_WebsocketMaster.uasset
[2017.11.08-11.39.48:617][422]LogSavePackage: Save=83.49ms
[2017.11.08-11.39.48:617][422]LogSavePackage: Moving '../../../../../../Users/Bendick/Documents/GitHub/SR_Prototype_V3/SR_Prototype_V3/Saved/BP_WebsocketMaster527889E849C9BE87789B0BA5A8B88050.tmp' to '../../../../../../Users/Bendick/Documents/GitHub/SR_Prototype_V3/SR_Prototype_V3/Content/Blueprints/Websocket/BP_WebsocketMaster.uasset'
[2017.11.08-11.39.48:618][422]LogSavePackage:Display: Finished SavePackage ../../../../../../Users/Bendick/Documents/GitHub/SR_Prototype_V3/SR_Prototype_V3/Content/Blueprints/Websocket/BP_WebsocketMaster.uasset
[2017.11.08-11.39.57:543][907]Cmd: OBJ SAVEPACKAGE PACKAGE="/Game/ScanReach" FILE="../../../../../../Users/Bendick/Documents/GitHub/SR_Prototype_V3/SR_Prototype_V3/Content/ScanReach.umap" SILENT=true AUTOSAVING=false KEEPDIRTY=false
[2017.11.08-11.39.57:697][907]LogSavePackage: Save=117.21ms
[2017.11.08-11.39.57:697][907]LogSavePackage: Moving '../../../../../../Users/Bendick/Documents/GitHub/SR_Prototype_V3/SR_Prototype_V3/Saved/ScanReach5480CAB043D7FD2DB65FC19F5E01E14E.tmp' to '../../../../../../Users/Bendick/Documents/GitHub/SR_Prototype_V3/SR_Prototype_V3/Content/ScanReach.umap'
[2017.11.08-11.39.57:699][907]LogSavePackage:Display: Finished SavePackage ../../../../../../Users/Bendick/Documents/GitHub/SR_Prototype_V3/SR_Prototype_V3/Content/ScanReach.umap
[2017.11.08-11.39.57:730][907]LogFileHelpers: Saving map 'ScanReach' took 0.227
[2017.11.08-11.39.58:145][908]Cmd: QUIT_EDITOR
[2017.11.08-11.39.58:375][908]LogWindowsTextInputMethodSystem:Display: IME system now deactivated.
[2017.11.08-11.39.58:377][908]LogWindowsTextInputMethodSystem:Display: IME system now deactivated.
[2017.11.08-11.39.58:394][908]LogExit: Preparing to exit.
[2017.11.08-11.39.58:971][908]LogDirectoryWatcher: A directory notification for 'C:/Users/Bendick/Documents/GitHub/SR_Prototype_V3/SR_Prototype_V3/Content/' was aborted.
[2017.11.08-11.39.59:046][908]LogExit: Editor shut down
[2017.11.08-11.39.59:065][908]LogExit: Transaction tracking system shut down
[2017.11.08-11.39.59:249][908]LogObj: Freed 0b from 0 cluster array pools.
[2017.11.08-11.39.59:249][908]LogExit: Object subsystem successfully closed.
[2017.11.08-11.39.59:288][908]LogD3D11RHI: Shutdown
[2017.11.08-11.39.59:288][908]LogD3D11RHI: CleanupD3DDevice
[2017.11.08-11.39.59:341][908]LogD3D11RHI: ~FD3D11DynamicRHI
[2017.11.08-11.39.59:380][908]LogModuleManager: Shutting down and abandoning module MovieSceneCapture (536)
[2017.11.08-11.39.59:380][908]LogModuleManager: Shutting down and abandoning module SequencerWidgets (534)
[2017.11.08-11.39.59:380][908]LogModuleManager: Shutting down and abandoning module BlueprintGraph (532)
[2017.11.08-11.39.59:380][908]LogModuleManager: Shutting down and abandoning module BlueprintProfiler (530)
[2017.11.08-11.39.59:382][908]LogModuleManager: Shutting down and abandoning module HierarchicalLODOutliner (528)
[2017.11.08-11.39.59:383][908]LogModuleManager: Shutting down and abandoning module CrashTracker (526)
[2017.11.08-11.39.59:383][908]LogModuleManager: Shutting down and abandoning module SceneOutliner (524)
[2017.11.08-11.39.59:383][908]LogModuleManager: Shutting down and abandoning module AddContentDialog (522)
[2017.11.08-11.39.59:383][908]LogDirectoryWatcher: A directory notification for 'C:/Program Files/Epic Games/UE_4.16/FeaturePacks/' was aborted.
[2017.11.08-11.39.59:387][908]LogModuleManager: Shutting down and abandoning module WidgetCarousel (521)
[2017.11.08-11.39.59:387][908]LogModuleManager: Shutting down and abandoning module EditorWidgets (518)
[2017.11.08-11.39.59:387][908]LogModuleManager: Shutting down and abandoning module CollectionManager (516)
[2017.11.08-11.39.59:387][908]LogDirectoryWatcher: A directory notification for 'C:/Users/Bendick/Documents/GitHub/SR_Prototype_V3/SR_Prototype_V3/Content/Collections/' was aborted.
[2017.11.08-11.39.59:387][908]LogDirectoryWatcher: A directory notification for 'C:/Users/Bendick/Documents/GitHub/SR_Prototype_V3/SR_Prototype_V3/Content/Developers/Bendick/Collections/' was aborted.
[2017.11.08-11.39.59:387][908]LogDirectoryWatcher: A directory notification for 'C:/Users/Bendick/Documents/GitHub/SR_Prototype_V3/SR_Prototype_V3/Saved/Collections/' was aborted.
[2017.11.08-11.39.59:387][908]LogModuleManager: Shutting down and abandoning module StatsViewer (514)
[2017.11.08-11.39.59:387][908]LogModuleManager: Shutting down and abandoning module FoliageEdit (512)
[2017.11.08-11.39.59:387][908]LogModuleManager: Shutting down and abandoning module LandscapeEditor (510)
[2017.11.08-11.39.59:388][908]LogModuleManager: Shutting down and abandoning module MeshPaintMode (508)
[2017.11.08-11.39.59:388][908]LogModuleManager: Shutting down and abandoning module SceneDepthPickerMode (506)
[2017.11.08-11.39.59:388][908]LogModuleManager: Shutting down and abandoning module ActorPickerMode (504)
[2017.11.08-11.39.59:388][908]LogModuleManager: Shutting down and abandoning module GeometryMode (502)
[2017.11.08-11.39.59:388][908]LogModuleManager: Shutting down and abandoning module TextureAlignMode (500)
[2017.11.08-11.39.59:388][908]LogModuleManager: Shutting down and abandoning module BspMode (498)
[2017.11.08-11.39.59:389][908]LogModuleManager: Shutting down and abandoning module HardwareSurvey (496)
[2017.11.08-11.39.59:389][908]LogModuleManager: Shutting down and abandoning module SequenceRecorderSections (494)
[2017.11.08-11.39.59:389][908]LogModuleManager: Shutting down and abandoning module AutomationWorker (492)
[2017.11.08-11.39.59:389][908]LogModuleManager: Shutting down and abandoning module MatineeToLevelSequence (490)
[2017.11.08-11.39.59:390][908]LogModuleManager: Shutting down and abandoning module LevelSequenceEditor (488)
[2017.11.08-11.39.59:393][908]LogModuleManager: Shutting down and abandoning module PlacementMode (487)
[2017.11.08-11.39.59:393][908]LogModuleManager: Shutting down and abandoning module WmfMediaFactory (484)
[2017.11.08-11.39.59:393][908]LogModuleManager: Shutting down and abandoning module WmfMediaEditor (482)
[2017.11.08-11.39.59:393][908]LogModuleManager: Shutting down and abandoning module AvfMediaFactory (480)
[2017.11.08-11.39.59:393][908]LogModuleManager: Shutting down and abandoning module AvfMediaEditor (478)
[2017.11.08-11.39.59:393][908]LogModuleManager: Shutting down and abandoning module AndroidMediaFactory (476)
[2017.11.08-11.39.59:393][908]LogModuleManager: Shutting down and abandoning module Media (475)
[2017.11.08-11.39.59:393][908]LogModuleManager: Shutting down and abandoning module AndroidMediaEditor (472)
[2017.11.08-11.39.59:393][908]LogModuleManager: Shutting down and abandoning module CharacterAI (470)
[2017.11.08-11.39.59:393][908]LogModuleManager: Shutting down and abandoning module AudioCapture (468)
[2017.11.08-11.39.59:394][908]LogModuleManager: Shutting down and abandoning module SequenceRecorder (467)
[2017.11.08-11.39.59:395][908]LogModuleManager: Shutting down and abandoning module SmartSnapping (464)
[2017.11.08-11.39.59:395][908]LogModuleManager: Shutting down and abandoning module SessionServices (462)
[2017.11.08-11.39.59:395][908]LogModuleManager: Shutting down and abandoning module ViewportSnapping (460)
[2017.11.08-11.39.59:395][908]LogModuleManager: Shutting down and abandoning module ViewportInteraction (458)
[2017.11.08-11.39.59:395][908]LogModuleManager: Shutting down and abandoning module ClothPainter (456)
[2017.11.08-11.39.59:397][908]LogModuleManager: Shutting down and abandoning module LogVisualizer (454)
[2017.11.08-11.39.59:398][908]LogModuleManager: Shutting down and abandoning module IntroTutorials (452)
[2017.11.08-11.39.59:400][908]LogModuleManager: Shutting down and abandoning module GameProjectGeneration (451)
[2017.11.08-11.39.59:401][908]LogModuleManager: Shutting down and abandoning module EditorLiveStreaming (448)
[2017.11.08-11.39.59:401][908]LogModuleManager: Shutting down and abandoning module IOSPlatformEditor (446)
[2017.11.08-11.39.59:402][908]LogModuleManager: Shutting down and abandoning module HTML5PlatformEditor (444)
[2017.11.08-11.39.59:402][908]LogModuleManager: Shutting down and abandoning module AndroidPlatformEditor (442)
[2017.11.08-11.39.59:402][908]LogModuleManager: Shutting down and abandoning module AndroidDeviceDetection (441)
[2017.11.08-11.40.00:242][908]LogModuleManager: Shutting down and abandoning module IOSRuntimeSettings (438)
[2017.11.08-11.40.00:242][908]LogModuleManager: Shutting down and abandoning module AndroidRuntimeSettings (436)
[2017.11.08-11.40.00:242][908]LogModuleManager: Shutting down and abandoning module InputBindingEditor (434)
[2017.11.08-11.40.00:254][908]LogModuleManager: Shutting down and abandoning module MergeActors (432)
[2017.11.08-11.40.00:254][908]LogModuleManager: Shutting down and abandoning module SizeMap (430)
[2017.11.08-11.40.00:254][908]LogModuleManager: Shutting down and abandoning module TreeMap (428)
[2017.11.08-11.40.00:254][908]LogModuleManager: Shutting down and abandoning module ReferenceViewer (426)
[2017.11.08-11.40.00:255][908]LogModuleManager: Shutting down and abandoning module LocalizationDashboard (424)
[2017.11.08-11.40.00:256][908]LogModuleManager: Shutting down and abandoning module LocalizationService (423)
[2017.11.08-11.40.00:256][908]LogModuleManager: Shutting down and abandoning module HardwareTargeting (420)
[2017.11.08-11.40.00:256][908]LogModuleManager: Shutting down and abandoning module DeviceProfileEditor (418)
[2017.11.08-11.40.00:257][908]LogModuleManager: Shutting down and abandoning module UndoHistory (416)
[2017.11.08-11.40.00:257][908]LogModuleManager: Shutting down and abandoning module UserFeedback (414)
[2017.11.08-11.40.00:257][908]LogModuleManager: Shutting down and abandoning module XmlParser (412)
[2017.11.08-11.40.00:257][908]LogModuleManager: Shutting down and abandoning module Blutility (410)
[2017.11.08-11.40.00:258][908]LogModuleManager: Shutting down and abandoning module ProjectSettingsViewer (408)
[2017.11.08-11.40.00:258][908]LogModuleManager: Shutting down and abandoning module ProjectTargetPlatformEditor (407)
[2017.11.08-11.40.00:258][908]LogModuleManager: Shutting down and abandoning module EditorSettingsViewer (404)
[2017.11.08-11.40.00:258][908]LogModuleManager: Shutting down and abandoning module SettingsEditor (402)
[2017.11.08-11.40.00:259][908]LogModuleManager: Shutting down and abandoning module ProjectLauncher (400)
[2017.11.08-11.40.00:260][908]LogModuleManager: Shutting down and abandoning module SessionFrontend (398)
[2017.11.08-11.40.00:261][908]LogModuleManager: Shutting down and abandoning module ProfilerClient (396)
[2017.11.08-11.40.00:261][908]LogModuleManager: Shutting down and abandoning module DeviceManager (394)
[2017.11.08-11.40.00:262][908]LogModuleManager: Shutting down and abandoning module TargetDeviceServices (393)
[2017.11.08-11.40.00:314][908]LogModuleManager: Shutting down and abandoning module AutomationController (390)
[2017.11.08-11.40.00:314][908]LogModuleManager: Shutting down and abandoning module AutomationWindow (388)
[2017.11.08-11.40.00:315][908]LogModuleManager: Shutting down and abandoning module Layers (386)
[2017.11.08-11.40.00:318][908]LogModuleManager: Shutting down and abandoning module ComponentVisualizers (384)
[2017.11.08-11.40.00:318][908]LogModuleManager: Shutting down and abandoning module DetailCustomizations (382)
[2017.11.08-11.40.00:318][908]LogModuleManager: Shutting down and abandoning module PackagesDialog (380)
[2017.11.08-11.40.00:318][908]LogModuleManager: Shutting down and abandoning module Persona (378)
[2017.11.08-11.40.00:320][908]LogModuleManager: Shutting down and abandoning module AdvancedPreviewScene (377)
[2017.11.08-11.40.00:320][908]LogModuleManager: Shutting down and abandoning module AnimGraph (375)
[2017.11.08-11.40.00:320][908]LogModuleManager: Shutting down and abandoning module Kismet (372)
[2017.11.08-11.40.00:329][908]LogModuleManager: Shutting down and abandoning module ClassViewer (370)
[2017.11.08-11.40.00:329][908]LogModuleManager: Shutting down and abandoning module Toolbox (368)
[2017.11.08-11.40.00:330][908]LogModuleManager: Shutting down and abandoning module ModuleUI (366)
[2017.11.08-11.40.00:330][908]LogModuleManager: Shutting down and abandoning module MovieSceneTools (364)
[2017.11.08-11.40.00:332][908]LogModuleManager: Shutting down and abandoning module OutputLog (362)
[2017.11.08-11.40.00:335][908]LogModuleManager: Shutting down and abandoning module GammaUI (360)
[2017.11.08-11.40.00:336][908]LogModuleManager: Shutting down and abandoning module Documentation (358)
[2017.11.08-11.40.00:336][908]LogModuleManager: Shutting down and abandoning module MovieSceneTracks (356)
[2017.11.08-11.40.00:336][908]LogModuleManager: Shutting down and abandoning module MovieScene (354)
[2017.11.08-11.40.00:336][908]LogModuleManager: Shutting down and abandoning module Niagara (352)
[2017.11.08-11.40.00:336][908]LogModuleManager: Shutting down and abandoning module NiagaraEditor (351)
[2017.11.08-11.40.00:342][908]LogModuleManager: Shutting down and abandoning module StreamingPauseRendering (348)
[2017.11.08-11.40.00:342][908]LogModuleManager: Shutting down and abandoning module AnalyticsET (346)
[2017.11.08-11.40.00:342][908]LogModuleManager: Shutting down and abandoning module PortalServices (344)
[2017.11.08-11.40.00:342][908]LogModuleManager: Shutting down and abandoning module PortalRpc (342)
[2017.11.08-11.40.00:342][908]LogModuleManager: Shutting down and abandoning module MessagingRpc (340)
[2017.11.08-11.40.00:342][908]LogModuleManager: Shutting down and abandoning module AIModule (338)
[2017.11.08-11.40.00:342][908]LogModuleManager: Shutting down and abandoning module GameplayDebugger (337)
[2017.11.08-11.40.00:342][908]LogModuleManager: Shutting down and abandoning module AITestSuite (335)
[2017.11.08-11.40.00:343][908]LogModuleManager: Shutting down and abandoning module ProfilerService (332)
[2017.11.08-11.40.00:495][908]LogModuleManager: Shutting down and abandoning module TaskGraph (330)
[2017.11.08-11.40.00:496][908]LogModuleManager: Shutting down and abandoning module WebSocket (328)
[2017.11.08-11.40.00:496][908]LogModuleManager: Shutting down and abandoning module SteamVRController (326)
[2017.11.08-11.40.00:496][908]LogModuleManager: Shutting down and abandoning module SteamVR (324)
[2017.11.08-11.40.00:496][908]LogModuleManager: Shutting down and abandoning module ProceduralMeshComponentEditor (322)
[2017.11.08-11.40.00:497][908]LogModuleManager: Shutting down and abandoning module ProceduralMeshComponent (320)
[2017.11.08-11.40.00:497][908]LogModuleManager: Shutting down and abandoning module OculusLibrary (318)
[2017.11.08-11.40.00:497][908]LogModuleManager: Shutting down and abandoning module OculusInput (316)
[2017.11.08-11.40.00:497][908]LogModuleManager: Shutting down and abandoning module MobilePatchingUtils (314)
[2017.11.08-11.40.00:497][908]LogModuleManager: Shutting down and abandoning module CustomMeshComponent (312)
[2017.11.08-11.40.00:497][908]LogModuleManager: Shutting down and abandoning module CableComponent (310)
[2017.11.08-11.40.00:497][908]LogModuleManager: Shutting down and abandoning module ArchVisCharacter (308)
[2017.11.08-11.40.00:497][908]LogModuleManager: Shutting down and abandoning module AndroidPermission (306)
[2017.11.08-11.40.00:497][908]LogModuleManager: Shutting down and abandoning module MediaPlayerEditor (302)
[2017.11.08-11.40.00:500][908]LogModuleManager: Shutting down and abandoning module HTML5Networking (300)
[2017.11.08-11.40.00:500][908]LogModuleManager: Shutting down and abandoning module AlembicImporter (298)
[2017.11.08-11.40.00:500][908]LogModuleManager: Shutting down and abandoning module AlembicLibrary (297)
[2017.11.08-11.40.00:500][908]LogModuleManager: Shutting down and abandoning module GeometryCache (296)
[2017.11.08-11.40.00:500][908]LogModuleManager: Shutting down and abandoning module GeometryCacheEd (295)
[2017.11.08-11.40.00:500][908]LogModuleManager: Shutting down and abandoning module SuperSearchEditor (290)
[2017.11.08-11.40.00:500][908]LogModuleManager: Shutting down and abandoning module SuperSearch (289)
[2017.11.08-11.40.00:500][908]LogModuleManager: Shutting down and abandoning module SpeedTreeImporter (286)
[2017.11.08-11.40.00:500][908]LogModuleManager: Shutting down and abandoning module PluginBrowser (284)
[2017.11.08-11.40.00:502][908]LogModuleManager: Shutting down and abandoning module MobileLauncherProfileWizard (282)
[2017.11.08-11.40.00:503][908]LogModuleManager: Shutting down and abandoning module VisualStudioSourceCodeAccess (280)
[2017.11.08-11.40.00:503][908]LogModuleManager: Shutting down and abandoning module DesktopPlatform (279)
[2017.11.08-11.40.00:503][908]LogModuleManager: Shutting down and abandoning module UObjectPlugin (276)
[2017.11.08-11.40.00:503][908]LogModuleManager: Shutting down and abandoning module SubversionSourceControl (274)
[2017.11.08-11.40.00:504][908]LogModuleManager: Shutting down and abandoning module PerforceSourceControl (272)
[2017.11.08-11.40.00:504][908]LogModuleManager: Shutting down and abandoning module GitSourceControl (270)
[2017.11.08-11.40.00:505][908]LogModuleManager: Shutting down and abandoning module SourceControl (269)
[2017.11.08-11.40.00:505][908]LogModuleManager: Shutting down and abandoning module LightPropagationVolumeEditor (266)
[2017.11.08-11.40.00:505][908]LogModuleManager: Shutting down and abandoning module PaperTiledImporter (264)
[2017.11.08-11.40.00:505][908]LogModuleManager: Shutting down and abandoning module PaperSpriteSheetImporter (262)
[2017.11.08-11.40.00:505][908]LogModuleManager: Shutting down and abandoning module Paper2DEditor (260)
[2017.11.08-11.40.00:506][908]LogModuleManager: Shutting down and abandoning module MeshPaint (259)
[2017.11.08-11.40.00:506][908]LogModuleManager: Shutting down and abandoning module LevelEditor (257)
[2017.11.08-11.40.00:507][908]LogModuleManager: Shutting down and abandoning module PixelInspectorModule (256)
[2017.11.08-11.40.00:508][908]LogModuleManager: Shutting down and abandoning module MainFrame (254)
[2017.11.08-11.40.00:509][908]LogModuleManager: Shutting down and abandoning module HotReload (253)
[2017.11.08-11.40.00:509][908]LogDirectoryWatcher: A directory notification for 'C:/Users/Bendick/Documents/GitHub/SR_Prototype_V3/SR_Prototype_V3/Binaries/Win64' was aborted.
[2017.11.08-11.40.00:509][908]LogDirectoryWatcher: A directory notification for 'C:/Users/Bendick/Documents/GitHub/SR_Prototype_V3/SR_Prototype_V3/Plugins/WebSocket/Binaries/Win64' was aborted.
[2017.11.08-11.40.00:510][908]LogModuleManager: Shutting down and abandoning module SR_Prototype_V3 (248)
[2017.11.08-11.40.00:510][908]LogModuleManager: Shutting down and abandoning module PhysXVehiclesEditor (246)
[2017.11.08-11.40.00:510][908]LogModuleManager: Shutting down and abandoning module PhysXVehicles (244)
[2017.11.08-11.40.00:510][908]LogModuleManager: Shutting down and abandoning module LocationServicesBPLibrary (242)
[2017.11.08-11.40.00:510][908]LogModuleManager: Shutting down and abandoning module ImmediatePhysicsEditor (240)
[2017.11.08-11.40.00:510][908]LogModuleManager: Shutting down and abandoning module ImmediatePhysics (238)
[2017.11.08-11.40.00:511][908]LogModuleManager: Shutting down and abandoning module UdpMessaging (236)
[2017.11.08-11.40.00:611][908]LogModuleManager: Shutting down and abandoning module TcpMessaging (234)
[2017.11.08-11.40.00:712][908]LogModuleManager: Shutting down and abandoning module GameplayTagsEditor (232)
[2017.11.08-11.40.00:714][908]LogModuleManager: Shutting down and abandoning module FacialAnimationEditor (230)
[2017.11.08-11.40.00:714][908]LogModuleManager: Shutting down and abandoning module FacialAnimation (228)
[2017.11.08-11.40.00:714][908]LogModuleManager: Shutting down and abandoning module AssetManagerEditor (226)
[2017.11.08-11.40.00:715][908]LogModuleManager: Shutting down and abandoning module GraphEditor (225)
[2017.11.08-11.40.00:715][908]LogModuleManager: Shutting down and abandoning module ContentBrowser (223)
[2017.11.08-11.40.00:716][908]LogModuleManager: Shutting down and abandoning module LightPropagationVolumeRuntime (220)
[2017.11.08-11.40.00:716][908]LogModuleManager: Shutting down and abandoning module Paper2D (218)
[2017.11.08-11.40.00:716][908]LogModuleManager: Shutting down and abandoning module WindowsMoviePlayer (216)
[2017.11.08-11.40.00:716][908]LogModuleManager: Shutting down and abandoning module WmfMedia (214)
[2017.11.08-11.40.00:717][908]LogModuleManager: Shutting down and abandoning module ClothingSystemEditor (212)
[2017.11.08-11.40.00:717][908]LogModuleManager: Shutting down and abandoning module ClothingSystemRuntime (210)
[2017.11.08-11.40.00:718][908]LogModuleManager: Shutting down and abandoning module MediaAssets (208)
[2017.11.08-11.40.00:718][908]LogModuleManager: Shutting down and abandoning module GameLiveStreaming (206)
[2017.11.08-11.40.00:718][908]LogModuleManager: Shutting down and abandoning module VREditor (204)
[2017.11.08-11.40.00:718][908]LogModuleManager: Shutting down and abandoning module StringTableEditor (202)
[2017.11.08-11.40.00:719][908]LogModuleManager: Shutting down and abandoning module GameplayTasksEditor (200)
[2017.11.08-11.40.00:719][908]LogModuleManager: Shutting down and abandoning module BehaviorTreeEditor (198)
[2017.11.08-11.40.00:722][908]LogModuleManager: Shutting down and abandoning module FunctionalTesting (196)
[2017.11.08-11.40.00:722][908]LogModuleManager: Shutting down and abandoning module CollisionAnalyzer (194)
[2017.11.08-11.40.00:723][908]LogModuleManager: Shutting down and abandoning module UMG (192)
[2017.11.08-11.40.00:723][908]LogModuleManager: Shutting down and abandoning module UMGEditor (191)
[2017.11.08-11.40.00:723][908]LogModuleManager: Shutting down and abandoning module Sequencer (190)
[2017.11.08-11.40.00:723][908]LogModuleManager: Shutting down and abandoning module AssetTools (188)
[2017.11.08-11.40.00:726][908]LogModuleManager: Shutting down and abandoning module MessageLog (187)
[2017.11.08-11.40.00:726][908]LogModuleManager: Shutting down and abandoning module WorkspaceMenuStructure (186)
[2017.11.08-11.40.00:726][908]LogModuleManager: Shutting down and abandoning module SlateReflector (180)
[2017.11.08-11.40.00:729][908]LogModuleManager: Shutting down and abandoning module Slate (178)
[2017.11.08-11.40.00:729][908]LogModuleManager: Shutting down and abandoning module EditorStyle (176)
[2017.11.08-11.40.00:731][908]LogModuleManager: Shutting down and abandoning module SourceCodeAccess (174)
[2017.11.08-11.40.00:731][908]LogModuleManager: Shutting down and abandoning module HeadMountedDisplay (172)
[2017.11.08-11.40.00:731][908]LogModuleManager: Shutting down and abandoning module XAudio2 (170)
[2017.11.08-11.40.00:731][908]LogModuleManager: Shutting down and abandoning module Networking (168)
[2017.11.08-11.40.00:731][908]LogModuleManager: Shutting down and abandoning module Core (164)
[2017.11.08-11.40.00:731][908]LogModuleManager: Shutting down and abandoning module AssetRegistry (162)
[2017.11.08-11.40.00:916][908]LogDirectoryWatcher: A directory notification for '../../../Engine/Content/' was aborted.
[2017.11.08-11.40.00:916][908]LogDirectoryWatcher: A directory notification for '../../../../../../Users/Bendick/Documents/GitHub/SR_Prototype_V3/SR_Prototype_V3/Content/' was aborted.
[2017.11.08-11.40.00:916][908]LogDirectoryWatcher: A directory notification for '../../../Engine/Plugins/2D/Paper2D/Content/' was aborted.
[2017.11.08-11.40.00:916][908]LogDirectoryWatcher: A directory notification for '../../../Engine/Plugins/Runtime/GearVR/Content/' was aborted.
[2017.11.08-11.40.00:920][908]LogModuleManager: Shutting down and abandoning module DirectoryWatcher (161)
[2017.11.08-11.40.00:924][908]LogModuleManager: Shutting down and abandoning module KismetCompiler (158)
[2017.11.08-11.40.00:924][908]LogModuleManager: Shutting down and abandoning module LevelSequence (156)
[2017.11.08-11.40.00:924][908]LogModuleManager: Shutting down and abandoning module PhysXFormats (154)
[2017.11.08-11.40.00:924][908]LogModuleManager: Shutting down and abandoning module MeshUtilities (152)
[2017.11.08-11.40.00:925][908]LogModuleManager: Shutting down and abandoning module SimplygonSwarm (151)
[2017.11.08-11.40.00:926][908]LogModuleManager: Shutting down and abandoning module SimplygonMeshReduction (149)
[2017.11.08-11.40.00:926][908]LogModuleManager: Shutting down and abandoning module QuadricMeshReduction (147)
[2017.11.08-11.40.00:927][908]LogModuleManager: Shutting down and abandoning module DerivedDataCache (144)
[2017.11.08-11.40.00:944][908]LogDerivedDataCache: Shutdown
[2017.11.08-11.40.00:944][908]LogModuleManager: Shutting down and abandoning module TargetPlatform (142)
[2017.11.08-11.40.00:945][908]LogModuleManager: Shutting down and abandoning module VulkanShaderFormat (141)
[2017.11.08-11.40.00:946][908]LogModuleManager: Shutting down and abandoning module ShaderFormatVectorVM (139)
[2017.11.08-11.40.00:946][908]LogModuleManager: Shutting down and abandoning module ShaderFormatOpenGL (137)
[2017.11.08-11.40.00:947][908]LogModuleManager: Shutting down and abandoning module ShaderFormatD3D (135)
[2017.11.08-11.40.00:947][908]LogModuleManager: Shutting down and abandoning module MetalShaderFormat (133)
[2017.11.08-11.40.00:948][908]LogModuleManager: Shutting down and abandoning module TextureFormatUncompressed (131)
[2017.11.08-11.40.00:948][908]LogModuleManager: Shutting down and abandoning module TextureFormatPVR (129)
[2017.11.08-11.40.00:948][908]LogModuleManager: Shutting down and abandoning module TextureFormatDXT (127)
[2017.11.08-11.40.00:948][908]LogModuleManager: Shutting down and abandoning module TextureFormatIntelISPCTexComp (125)
[2017.11.08-11.40.00:948][908]LogModuleManager: Shutting down and abandoning module TextureFormatASTC (123)
[2017.11.08-11.40.00:948][908]LogModuleManager: Shutting down and abandoning module ImageWrapper (122)
[2017.11.08-11.40.00:948][908]LogModuleManager: Shutting down and abandoning module TextureFormatAndroid (119)
[2017.11.08-11.40.00:948][908]LogModuleManager: Shutting down and abandoning module AudioFormatOpus (117)
[2017.11.08-11.40.00:948][908]LogModuleManager: Shutting down and abandoning module AudioFormatOgg (115)
[2017.11.08-11.40.00:948][908]LogModuleManager: Shutting down and abandoning module AudioFormatADPCM (113)
[2017.11.08-11.40.00:948][908]LogModuleManager: Shutting down and abandoning module LinuxTargetPlatform (111)
[2017.11.08-11.40.00:948][908]LogModuleManager: Shutting down and abandoning module LinuxServerTargetPlatform (109)
[2017.11.08-11.40.00:948][908]LogModuleManager: Shutting down and abandoning module LinuxNoEditorTargetPlatform (107)
[2017.11.08-11.40.00:948][908]LogModuleManager: Shutting down and abandoning module LinuxClientTargetPlatform (105)
[2017.11.08-11.40.00:948][908]LogModuleManager: Shutting down and abandoning module TVOSTargetPlatform (103)
[2017.11.08-11.40.00:948][908]LogModuleManager: Shutting down and abandoning module Messaging (101)
[2017.11.08-11.40.00:948][908]LogModuleManager: Shutting down and abandoning module IOSTargetPlatform (99)
[2017.11.08-11.40.00:948][908]LogModuleManager: Shutting down and abandoning module HTML5TargetPlatform (97)
[2017.11.08-11.40.00:948][908]LogModuleManager: Shutting down and abandoning module Android_PVRTCTargetPlatform (95)
[2017.11.08-11.40.00:948][908]LogModuleManager: Shutting down and abandoning module Android_MultiTargetPlatform (93)
[2017.11.08-11.40.00:948][908]LogModuleManager: Shutting down and abandoning module Android_ETC2TargetPlatform (91)
[2017.11.08-11.40.00:948][908]LogModuleManager: Shutting down and abandoning module Android_ETC1TargetPlatform (89)
[2017.11.08-11.40.00:948][908]LogModuleManager: Shutting down and abandoning module Android_DXTTargetPlatform (87)
[2017.11.08-11.40.00:948][908]LogModuleManager: Shutting down and abandoning module Android_ATCTargetPlatform (85)
[2017.11.08-11.40.00:948][908]LogModuleManager: Shutting down and abandoning module Android_ASTCTargetPlatform (83)
[2017.11.08-11.40.00:948][908]LogModuleManager: Shutting down and abandoning module AndroidTargetPlatform (81)
[2017.11.08-11.40.00:948][908]LogModuleManager: Shutting down and abandoning module WindowsTargetPlatform (79)
[2017.11.08-11.40.00:948][908]LogModuleManager: Shutting down and abandoning module WindowsServerTargetPlatform (77)
[2017.11.08-11.40.00:948][908]LogModuleManager: Shutting down and abandoning module WindowsNoEditorTargetPlatform (75)
[2017.11.08-11.40.00:948][908]LogModuleManager: Shutting down and abandoning module WindowsClientTargetPlatform (73)
[2017.11.08-11.40.00:948][908]LogModuleManager: Shutting down and abandoning module MacTargetPlatform (71)
[2017.11.08-11.40.00:948][908]LogModuleManager: Shutting down and abandoning module MacServerTargetPlatform (69)
[2017.11.08-11.40.00:948][908]LogModuleManager: Shutting down and abandoning module MacNoEditorTargetPlatform (67)
[2017.11.08-11.40.00:948][908]LogModuleManager: Shutting down and abandoning module MacClientTargetPlatform (65)
[2017.11.08-11.40.00:948][908]LogModuleManager: Shutting down and abandoning module AllDesktopTargetPlatform (63)
[2017.11.08-11.40.00:948][908]LogModuleManager: Shutting down and abandoning module InputCore (60)
[2017.11.08-11.40.00:948][908]LogModuleManager: Shutting down and abandoning module Settings (58)
[2017.11.08-11.40.00:948][908]LogModuleManager: Shutting down and abandoning module OculusRift (56)
[2017.11.08-11.40.00:949][908]LogModuleManager: Shutting down and abandoning module GearVRController (54)
[2017.11.08-11.40.00:949][908]LogModuleManager: Shutting down and abandoning module GearVR (52)
[2017.11.08-11.40.00:950][908]LogModuleManager: Shutting down and abandoning module ExampleDeviceProfileSelector (50)
[2017.11.08-11.40.00:950][908]LogModuleManager: Shutting down and abandoning module OnlineBlueprintSupport (48)
[2017.11.08-11.40.00:950][908]LogModuleManager: Shutting down and abandoning module OnlineSubsystem (44)
[2017.11.08-11.40.00:950][908]LogOnline:Display: Unloading online subsystem: NULL
[2017.11.08-11.40.00:951][908]LogModuleManager: Shutting down and abandoning module XMPP (43)
[2017.11.08-11.40.00:953][908]LogModuleManager: Shutting down and abandoning module HTTP (41)
[2017.11.08-11.40.00:953][908]LogHttp:Display: Http module shutting down, but needs to wait on 1 outstanding Http requests:
[2017.11.08-11.40.00:953][908]LogHttp:Display: 	verb=[POST] url=[https://datarouter.ol.epicgames.com/datarouter/api/v1/public/data?SessionID=%7B7FFAA69C-4200-805B-632F-559C90A21C0A%7D&AppID=UEEditor.Rocket.Release&AppVersion=4.16.3-3561208%2B%2B%2BUE4%2BRelease-4.16&UserID=0c75b627499df609a8813c9ced46962c%7Cfebaf0232e0e4e628b45a2bec753bbbc%7C408adb04-e8c0-4c29-a1fb-4d7ed05dedd7&AppEnvironment=datacollector-binary&UploadType=eteventstream] status=Processing
[2017.11.08-11.40.00:969][908]LogModuleManager: Shutting down and abandoning module SSL (40)
[2017.11.08-11.40.00:971][908]LogModuleManager: Shutting down and abandoning module HTTPChunkInstaller (36)
[2017.11.08-11.40.00:973][908]LogModuleManager: Shutting down and abandoning module AnimationModifiers (34)
[2017.11.08-11.40.00:973][908]LogModuleManager: Shutting down and abandoning module PropertyEditor (33)
[2017.11.08-11.40.00:973][908]LogModuleManager: Shutting down and abandoning module AudioEditor (30)
[2017.11.08-11.40.00:975][908]LogModuleManager: Shutting down and abandoning module TextureCompressor (28)
[2017.11.08-11.40.00:975][908]LogModuleManager: Shutting down and abandoning module ShaderCore (26)
[2017.11.08-11.40.00:975][908]LogModuleManager: Shutting down and abandoning module Landscape (24)
[2017.11.08-11.40.00:975][908]LogModuleManager: Shutting down and abandoning module SlateRHIRenderer (22)
[2017.11.08-11.40.00:984][908]LogModuleManager: Shutting down and abandoning module OpenGLDrv (20)
[2017.11.08-11.40.00:985][908]LogModuleManager: Shutting down and abandoning module D3D11RHI (18)
[2017.11.08-11.40.00:985][908]LogModuleManager: Shutting down and abandoning module AnimGraphRuntime (16)
[2017.11.08-11.40.00:985][908]LogModuleManager: Shutting down and abandoning module Renderer (14)
[2017.11.08-11.40.00:985][908]LogModuleManager: Shutting down and abandoning module Engine (12)
[2017.11.08-11.40.00:985][908]LogModuleManager: Shutting down and abandoning module CoreUObject (10)
[2017.11.08-11.40.00:985][908]LogModuleManager: Shutting down and abandoning module NetworkFile (8)
[2017.11.08-11.40.00:985][908]LogModuleManager: Shutting down and abandoning module StreamingFile (6)
[2017.11.08-11.40.00:985][908]LogModuleManager: Shutting down and abandoning module SandboxFile (4)
[2017.11.08-11.40.00:985][908]LogModuleManager: Shutting down and abandoning module PakFile (2)
[2017.11.08-11.40.00:987][908]LogExit: Exiting.
[2017.11.08-11.40.01:003][908]Log file closed, 11/08/17 12:40:01
