Log file open, 01/02/18 13:09:51
LogInit:Display: Running engine for game: SR_Prototype_V3
LogPlatformFile: Not using cached read wrapper
LogInit:Display: RandInit(-776148460) SRandInit(-776148460).
LogTaskGraph: Started task graph with 5 named threads and 8 total threads with 1 sets of task threads.
LogStats: Stats thread started at 0.100224
LogInit: Using libcurl 7.47.1
LogInit:  - built for x86_64-pc-win32
LogInit:  - supports SSL with OpenSSL/1.0.2g
LogInit:  - supports HTTP deflate (compression) using libz 1.2.8
LogInit:  - other features:
LogInit:      CURL_VERSION_SSL
LogInit:      CURL_VERSION_LIBZ
LogInit:      CURL_VERSION_IPV6
LogInit:      CURL_VERSION_ASYNCHDNS
LogInit:      CURL_VERSION_LARGEFILE
LogInit:      CURL_VERSION_IDN
LogInit:  CurlRequestOptions (configurable via config and command line):
LogInit:  - bVerifyPeer = false  - Libcurl will NOT verify peer certificate
LogInit:  - bUseHttpProxy = false  - Libcurl will NOT use HTTP proxy
LogInit:  - bDontReuseConnections = false  - Libcurl will reuse connections
LogInit:  - CertBundlePath = nullptr  - Libcurl will use whatever was configured at build time.
LogInit: Build: ++UE4+Release-4.16-CL-3561208
LogInit: Engine Version: 4.16.3-3561208+++UE4+Release-4.16
LogInit: Compatible Engine Version: 4.16.0-3452394+++UE4+Release-4.16
LogInit: Net CL: 3452394
LogDevObjectVersion: Number of dev versions registered: 16
LogDevObjectVersion:   Dev-Blueprints (B0D832E4-1F89-4F0D-ACCF-7EB736FD4AA2): 9
LogDevObjectVersion:   Dev-Build (E1C64328-A22C-4D53-A36C-8E866417BD8C): 0
LogDevObjectVersion:   Dev-Core (375EC13C-06E4-48FB-B500-84F0262A717E): 2
LogDevObjectVersion:   Dev-Editor (E4B068ED-F494-42E9-A231-DA0B2E46BB41): 17
LogDevObjectVersion:   Dev-Framework (CFFC743F-43B0-4480-9391-14DF171D2073): 23
LogDevObjectVersion:   Dev-Mobile (B02B49B5-BB20-44E9-A304-32B752E40360): 0
LogDevObjectVersion:   Dev-Networking (A4E4105C-59A1-49B5-A7C5-40C4547EDFEE): 0
LogDevObjectVersion:   Dev-Online (39C831C9-5AE6-47DC-9A44-9C173E1C8E7C): 0
LogDevObjectVersion:   Dev-Physics (78F01B33-EBEA-4F98-B9B4-84EACCB95AA2): 0
LogDevObjectVersion:   Dev-Platform (6631380F-2D4D-43E0-8009-CF276956A95A): 0
LogDevObjectVersion:   Dev-Rendering (12F88B9F-8875-4AFC-A67C-D90C383ABD29): 15
LogDevObjectVersion:   Dev-Sequencer (7B5AE74C-D270-4C10-A958-57980B212A5A): 4
LogDevObjectVersion:   Dev-VR (D7296918-1DD6-4BDD-9DE2-64A83CC13884): 0
LogDevObjectVersion:   Dev-LoadTimes (C2A15278-BFE7-4AFE-6C17-90FF531DF755): 1
LogDevObjectVersion:   Private-Geometry (6EACA3D4-40EC-4CC1-B786-8BED09428FC5): 1
LogDevObjectVersion:   Dev-AnimPhys (29E575DD-E0A3-4627-9D10-D276232CDCEA): 3
LogInit: Compiled (64-bit): Jul 28 2017 11:49:47
LogInit: Compiled with Visual C++: 19.00.24215.01
LogInit: Build Configuration: Development
LogInit: Branch Name: ++UE4+Release-4.16
LogInit: Command line:  
LogInit: Base directory: D:/UE_4.16/Engine/Binaries/Win64/
LogInit: Installed Engine Build: 1
LogInit: Presizing for max 8388607 objects, including 0 objects not considered by GC, pre-allocating 0 bytes for permanent pool.
LogInit: Object subsystem initialized
[2018.01.02-12.09.51:517][  0]LogInit: Selected Device Profile: [Windows]
[2018.01.02-12.09.51:517][  0]LogInit: Applying CVar settings loaded from the selected device profile: [Windows]
[2018.01.02-12.09.51:544][  0]LogInit: Computer: MAGNUS-PC
[2018.01.02-12.09.51:544][  0]LogInit: User: Magnus
[2018.01.02-12.09.51:544][  0]LogInit: CPU Page size=4096, Cores=4
[2018.01.02-12.09.51:544][  0]LogInit: High frequency timer resolution =3.117186 MHz
[2018.01.02-12.09.51:544][  0]LogMemory: Memory total: Physical=16.0GB (16GB approx)
[2018.01.02-12.09.51:544][  0]LogMemory: Platform Memory Stats for Windows
[2018.01.02-12.09.51:544][  0]LogMemory: Process Physical Memory: 273.18 MB used, 273.18 MB peak
[2018.01.02-12.09.51:544][  0]LogMemory: Process Virtual Memory: 266.55 MB used, 266.55 MB peak
[2018.01.02-12.09.51:544][  0]LogMemory: Physical Memory: 6864.14 MB used,  9472.71 MB free, 16336.84 MB total
[2018.01.02-12.09.51:544][  0]LogMemory: Virtual Memory: 676.88 MB used,  9472.71 MB free, 134217728.00 MB total
[2018.01.02-12.09.51:711][  0]LogInit: Using OS detected language (nb-NO).
[2018.01.02-12.09.51:711][  0]LogInit: Using OS detected locale (nb-NO).
[2018.01.02-12.09.51:762][  0]LogTextLocalizationManager: No localization for 'nb-NO' exists, so 'en' will be used for the language.
[2018.01.02-12.09.51:762][  0]LogTextLocalizationManager: No localization for 'nb-NO' exists, so 'en' will be used for the locale.
[2018.01.02-12.09.54:716][  0]LogD3D11RHI: D3D11 adapters:
[2018.01.02-12.09.54:772][  0]LogD3D11RHI:    0. 'NVIDIA GeForce GTX 1070' (Feature Level 11_0)
[2018.01.02-12.09.54:772][  0]LogD3D11RHI:       8096/0/8168 MB DedicatedVideo/DedicatedSystem/SharedSystem, Outputs:3, VendorId:0x10de
[2018.01.02-12.09.54:775][  0]LogD3D11RHI:    1. 'Microsoft Basic Render Driver' (Feature Level 11_0)
[2018.01.02-12.09.54:775][  0]LogD3D11RHI:       0/0/8168 MB DedicatedVideo/DedicatedSystem/SharedSystem, Outputs:0, VendorId:0x1414
[2018.01.02-12.09.54:775][  0]LogD3D11RHI: Chosen D3D11 Adapter: 0
[2018.01.02-12.09.54:781][  0]LogD3D11RHI: Creating new Direct3DDevice
[2018.01.02-12.09.54:781][  0]LogD3D11RHI:     GPU DeviceId: 0x1b81 (for the marketing name, search the web for "GPU Device Id")
[2018.01.02-12.09.54:781][  0]LogWindows: EnumDisplayDevices:
[2018.01.02-12.09.54:781][  0]LogWindows:    0. 'NVIDIA GeForce GTX 1070' (P:1 D:1)
[2018.01.02-12.09.54:781][  0]LogWindows:    1. 'NVIDIA GeForce GTX 1070' (P:0 D:1)
[2018.01.02-12.09.54:781][  0]LogWindows:    2. 'NVIDIA GeForce GTX 1070' (P:0 D:1)
[2018.01.02-12.09.54:781][  0]LogWindows:    3. 'NVIDIA GeForce GTX 1070' (P:0 D:0)
[2018.01.02-12.09.54:781][  0]LogWindows: DebugString: GetVideoDriverDetailsInvalid PrimaryIsNotTheChoosenAdapter GetVideoDriverDetailsInvalid PrimaryIsNotTheChoosenAdapter GetVideoDriverDetailsInvalid PrimaryIsNotTheChoosenAdapter GetVideoDriverDetailsInvalid PrimaryIsNotTheChoosenAdapter FoundDriverCount:0 
[2018.01.02-12.09.54:781][  0]LogD3D11RHI:     Adapter Name: NVIDIA GeForce GTX 1070
[2018.01.02-12.09.54:781][  0]LogD3D11RHI:   Driver Version: Unknown (internal:Unknown, unified:Unknown)
[2018.01.02-12.09.54:781][  0]LogD3D11RHI:      Driver Date: Unknown
[2018.01.02-12.09.54:781][  0]LogRHI: Texture pool is 1361 MB (70% of 1945 MB)
[2018.01.02-12.09.54:815][  0]LogD3D11RHI: Async texture creation enabled
[2018.01.02-12.09.54:969][  0]LogD3D11RHI: GPU Timing Frequency: 1000.000000 (Debug: 2 1)
[2018.01.02-12.09.55:013][  0]LogShaderCompilers: Guid format shader working directory is -18 characters bigger than the processId version (C:/Users/Magnus/Documents/GitHub/SR_Prototype_V3/SR_Prototype_V3/Intermediate/Shaders/WorkingDirectory/11248/).
[2018.01.02-12.09.55:013][  0]LogShaderCompilers: Cleaned the shader compiler working directory 'C:/Users/Magnus/AppData/Local/Temp/UnrealShaderWorkingDir/BDC5945842C5E41A845A97976AF23ED7/'.
[2018.01.02-12.09.55:013][  0]LogShaderCompilers:Display: Using Local Shader Compiler.
[2018.01.02-12.09.57:228][  0]LogTemp:Display: Loaded TP AllDesktopTargetPlatform
[2018.01.02-12.09.57:263][  0]LogTemp:Display: Loaded TP MacClientTargetPlatform
[2018.01.02-12.09.57:299][  0]LogTemp:Display: Loaded TP MacNoEditorTargetPlatform
[2018.01.02-12.09.57:334][  0]LogTemp:Display: Loaded TP MacServerTargetPlatform
[2018.01.02-12.09.57:376][  0]LogTemp:Display: Loaded TP MacTargetPlatform
[2018.01.02-12.09.57:413][  0]LogTemp:Display: Loaded TP WindowsClientTargetPlatform
[2018.01.02-12.09.57:449][  0]LogTemp:Display: Loaded TP WindowsNoEditorTargetPlatform
[2018.01.02-12.09.57:485][  0]LogTemp:Display: Loaded TP WindowsServerTargetPlatform
[2018.01.02-12.09.57:515][  0]LogTemp:Display: Loaded TP WindowsTargetPlatform
[2018.01.02-12.09.57:558][  0]LogTemp:Display: Loaded TP AndroidTargetPlatform
[2018.01.02-12.09.57:597][  0]LogTemp:Display: Loaded TP Android_ASTCTargetPlatform
[2018.01.02-12.09.57:636][  0]LogTemp:Display: Loaded TP Android_ATCTargetPlatform
[2018.01.02-12.09.57:673][  0]LogTemp:Display: Loaded TP Android_DXTTargetPlatform
[2018.01.02-12.09.57:709][  0]LogTemp:Display: Loaded TP Android_ETC1TargetPlatform
[2018.01.02-12.09.57:752][  0]LogTemp:Display: Loaded TP Android_ETC2TargetPlatform
[2018.01.02-12.09.57:841][  0]LogTemp:Display: Loaded TP Android_MultiTargetPlatform
[2018.01.02-12.09.57:841][  0]LogTemp:Display: Loaded TP Android_PVRTCTargetPlatform
[2018.01.02-12.09.57:870][  0]LogTemp:Display: Loaded TP HTML5TargetPlatform
[2018.01.02-12.09.57:967][  0]LogTemp:Display: Loaded TP IOSTargetPlatform
[2018.01.02-12.09.57:989][  0]LogTemp:Display: Loaded TP TVOSTargetPlatform
[2018.01.02-12.09.58:030][  0]LogTemp:Display: Loaded TP LinuxClientTargetPlatform
[2018.01.02-12.09.58:066][  0]LogTemp:Display: Loaded TP LinuxNoEditorTargetPlatform
[2018.01.02-12.09.58:103][  0]LogTemp:Display: Loaded TP LinuxServerTargetPlatform
[2018.01.02-12.09.58:141][  0]LogTemp:Display: Loaded TP LinuxTargetPlatform
[2018.01.02-12.09.58:141][  0]LogTargetPlatformManager:Display: Building Assets For Windows
[2018.01.02-12.09.58:698][  0]LogDerivedDataCache:Display: Max Cache Size: 512 MB
[2018.01.02-12.09.58:784][  0]LogDerivedDataCache: Loaded boot cache 0.09s 111MB C:/Users/Magnus/AppData/Local/UnrealEngine/4.16/DerivedDataCache/Boot.ddc.
[2018.01.02-12.09.58:784][  0]LogDerivedDataCache:Display: Loaded Boot cache: C:/Users/Magnus/AppData/Local/UnrealEngine/4.16/DerivedDataCache/Boot.ddc
[2018.01.02-12.09.58:784][  0]LogDerivedDataCache: FDerivedDataBackendGraph:  Pak pak cache file C:/Users/Magnus/Documents/GitHub/SR_Prototype_V3/SR_Prototype_V3/DerivedDataCache/DDC.ddp not found, will not use a pak cache.
[2018.01.02-12.09.58:784][  0]LogDerivedDataCache: Unable to find inner node Pak for hierarchical cache Hierarchy.
[2018.01.02-12.09.58:784][  0]LogDerivedDataCache: FDerivedDataBackendGraph:  CompressedPak pak cache file C:/Users/Magnus/Documents/GitHub/SR_Prototype_V3/SR_Prototype_V3/DerivedDataCache/Compressed.ddp not found, will not use a pak cache.
[2018.01.02-12.09.58:784][  0]LogDerivedDataCache: Unable to find inner node CompressedPak for hierarchical cache Hierarchy.
[2018.01.02-12.09.58:804][  0]LogDerivedDataCache:Display: Pak cache opened for reading ../../../Engine/DerivedDataCache/Compressed.ddp.
[2018.01.02-12.09.58:815][  0]LogDerivedDataCache: Using Local data cache path C:/Users/Magnus/AppData/Local/UnrealEngine/Common/DerivedDataCache: Writable
[2018.01.02-12.09.58:825][  0]LogMaterial: Verifying Global Shaders for PCD3D_SM5
[2018.01.02-12.09.58:825][  0]LogSlate: Using Freetype 2.6.0
[2018.01.02-12.09.58:835][  0]LogSlate: SlateFontCache - WITH_FREETYPE: 1, WITH_HARFBUZZ: 1
[2018.01.02-12.09.58:836][  0]LogSlate: SlateFontCache - WITH_FREETYPE: 1, WITH_HARFBUZZ: 1
[2018.01.02-12.10.01:003][  0]LogInit: Selected Device Profile: [Windows]
[2018.01.02-12.10.01:281][  0]LogMeshUtilities: Using QuadricMeshReduction for automatic static mesh reduction
[2018.01.02-12.10.01:323][  0]LogSimplygon: Simplygon DLL not present - disabling.
[2018.01.02-12.10.01:358][  0]LogMeshUtilities: Using SimplygonSwarm for distributed automatic mesh merging
[2018.01.02-12.10.01:358][  0]LogMeshUtilities: No automatic skeletal mesh reduction module available
[2018.01.02-12.10.01:358][  0]LogMeshUtilities: No automatic mesh merging module available
[2018.01.02-12.10.02:421][  0]LogNetVersion: SR_Prototype_V3 , NetCL: 3452394, EngineNetVer: 2, GameNetVer: 0 (Checksum: 2708348065)
[2018.01.02-12.10.02:491][  0]LogAssetRegistry: FAssetRegistry took 0.0256 seconds to start up
[2018.01.02-12.10.02:529][  0]LogPackageLocalizationCache: Processed 4 localized package path(s) for 1 prioritized culture(s) in 0.023821 seconds
[2018.01.02-12.10.02:535][  0]LogUObjectArray: 34194 objects as part of root set at end of initial load.
[2018.01.02-12.10.02:535][  0]LogUObjectAllocator: 7260416 out of 0 bytes used by permanent object pool.
[2018.01.02-12.10.02:535][  0]LogUObjectArray: CloseDisregardForGC: 0/0 objects in disregard for GC pool
[2018.01.02-12.10.02:577][  0]LogInit: WinSock: version 1.1 (2.2), MaxSocks=32767, MaxUdp=65467
[2018.01.02-12.10.06:374][  0]LogTcpMessaging: Initializing TcpMessaging bridge
[2018.01.02-12.10.06:405][  0]LogUdpMessaging: Initializing bridge on interface 0.0.0.0:0 to multicast group 230.0.0.1:6666.
[2018.01.02-12.10.06:904][  0]LogMaterial: Uniform references updated for custom material expression Custom.
[2018.01.02-12.10.07:224][  0]SourceControl: Info Source control is disabled
[2018.01.02-12.10.07:311][  0]SourceControl: Info Source control is disabled
[2018.01.02-12.10.07:348][  0]SourceControl: Info Source control is disabled
[2018.01.02-12.10.07:382][  0]SourceControl: Info Source control is disabled
[2018.01.02-12.10.08:010][  0]LogAndroidPermission: UAndroidPermissionCallbackProxy::GetInstance
[2018.01.02-12.10.08:503][  0]LogEngine: Initializing Engine...
[2018.01.02-12.10.08:503][  0]LogHMD: Failed to initialize OpenVR with code 110
[2018.01.02-12.10.08:681][  0]LogStats: UGameplayTagsManager::ConstructGameplayTagTree: Construct from data asset -  0.000 s
[2018.01.02-12.10.08:681][  0]LogStats: UGameplayTagsManager::ConstructGameplayTagTree: GameplayTagTreeChangedEvent.Broadcast -  0.000 s
[2018.01.02-12.10.08:775][  0]LogAIModule: Creating AISystem for world Untitled
[2018.01.02-12.10.08:791][  0]LogInit: XAudio2 using 'Øretelefon (HyperX 7.1 Audio)' : 2 channels at 44.1 kHz using 16 bits per sample (channel mask 0x3)
[2018.01.02-12.10.08:805][  0]LogInit: FAudioDevice initialized.
[2018.01.02-12.10.08:857][  0]LogDerivedDataCache: Saved boot cache 0.05s 111MB C:/Users/Magnus/AppData/Local/UnrealEngine/4.16/DerivedDataCache/Boot.ddc.
[2018.01.02-12.10.08:870][  0]LogInit: Texture streaming: Disabled
[2018.01.02-12.10.08:946][  0]LogEngineSessionManager: EngineSessionManager initialized
[2018.01.02-12.10.09:121][  0]LogInit: Transaction tracking system initialized
[2018.01.02-12.10.09:346][  0]BlueprintLog: New page: Editor Load
[2018.01.02-12.10.10:156][  0]LocalizationService: Info Localization service is disabled
[2018.01.02-12.10.10:708][  0]LogConsoleResponse:Display: 
[2018.01.02-12.10.10:883][  0]LogCook:Display: Max memory allowance for cook 16384mb min free memory 0mb
[2018.01.02-12.10.10:883][  0]LogCook:Display: Mobile HDR setting 1
[2018.01.02-12.10.11:707][  0]LogFileCache: Scanning file cache for directory 'C:/Users/Magnus/Documents/GitHub/SR_Prototype_V3/SR_Prototype_V3/Content/' took 0.02s
[2018.01.02-12.10.11:742][  0]SourceControl: Info Source control is disabled
[2018.01.02-12.10.11:743][  0]Cmd: MAP LOAD FILE="C:/Users/Magnus/Documents/GitHub/SR_Prototype_V3/SR_Prototype_V3/Content/ScanReach.umap" TEMPLATE=0 SHOWPROGRESS=1 FEATURELEVEL=3
[2018.01.02-12.10.11:743][  0]LightingResults: New page: Lighting Build
[2018.01.02-12.10.11:773][  0]MapCheck: New page: Map Check
[2018.01.02-12.10.11:773][  0]LightingResults: New page: Lighting Build
[2018.01.02-12.10.12:740][  0]LogAIModule: Creating AISystem for world ScanReach
[2018.01.02-12.10.12:748][  0]LogEditorServer: Finished looking for orphan Actors (0.000 secs)
[2018.01.02-12.10.12:766][  0]Cmd: MAP CHECKDEP NOCLEARLOG
[2018.01.02-12.10.12:806][  0]MapCheck: Info Map check complete: 0 Error(s), 0 Warning(s), took 40.838ms to complete.
[2018.01.02-12.10.12:806][  0]LogFileHelpers: Loading map 'ScanReach' took 1.064
[2018.01.02-12.10.13:012][  0]LogCollectionManager: Loaded 0 collections in 0.000754 seconds
[2018.01.02-12.10.13:096][  0]LogFileCache: Scanning file cache for directory 'C:/Users/Magnus/Documents/GitHub/SR_Prototype_V3/SR_Prototype_V3/Saved/Collections/' took 0.01s
[2018.01.02-12.10.13:096][  0]LogFileCache: Scanning file cache for directory 'C:/Users/Magnus/Documents/GitHub/SR_Prototype_V3/SR_Prototype_V3/Content/Developers/Magnus/Collections/' took 0.01s
[2018.01.02-12.10.13:096][  0]LogFileCache: Scanning file cache for directory 'C:/Users/Magnus/Documents/GitHub/SR_Prototype_V3/SR_Prototype_V3/Content/Collections/' took 0.01s
[2018.01.02-12.10.13:096][  0]LogCollectionManager: Rebuilt the GUID cache for 0 collections in 0.000002 seconds
[2018.01.02-12.10.13:105][  0]LogContentBrowser: Native class hierarchy populated in 0.0091 seconds. Added 2329 classes and 491 folders.
[2018.01.02-12.10.13:153][  0]LogContentBrowser: Native class hierarchy updated for 'WidgetCarousel' in 0.0005 seconds. Added 0 classes and 0 folders.
[2018.01.02-12.10.13:462][  0]LogContentBrowser: Native class hierarchy updated for 'AddContentDialog' in 0.0005 seconds. Added 0 classes and 0 folders.
[2018.01.02-12.10.13:504][  0]LogContentBrowser: Native class hierarchy updated for 'SceneOutliner' in 0.0014 seconds. Added 1 classes and 2 folders.
[2018.01.02-12.10.13:586][  0]LogCrashTracker: Crashtracker disabled due to settings.
[2018.01.02-12.10.13:598][  0]LogSlate: Took 0.005368 seconds to synchronously load lazily loaded font '../../../Engine/Content/Slate/Fonts/Roboto-Regular.ttf' (155K)
[2018.01.02-12.10.13:605][  0]LogSlate: Took 0.004281 seconds to synchronously load lazily loaded font '../../../Engine/Content/Slate/Fonts/Roboto-Bold.ttf' (160K)
[2018.01.02-12.10.13:614][  0]LogSlate: Took 0.003918 seconds to synchronously load lazily loaded font '../../../Engine/Content/Editor/Slate/Fonts/FontAwesome.ttf' (139K)
[2018.01.02-12.10.13:731][  0]LogRenderer: Reallocating scene render targets to support 1100x596 NumSamples 1 (Frame:1).
[2018.01.02-12.10.13:798][  0]LogSlate: Took 0.003375 seconds to synchronously load lazily loaded font '../../../Engine/Content/Slate/Fonts/Roboto-Light.ttf' (159K)
[2018.01.02-12.10.13:845][  0]LogUObjectGlobals:Warning: Failed to find object 'Class None.'
[2018.01.02-12.10.13:896][  0]LogContentBrowser: Native class hierarchy updated for 'HierarchicalLODOutliner' in 0.0005 seconds. Added 1 classes and 2 folders.
[2018.01.02-12.10.13:896][  0]LogLoad: (Engine Initialization) Total time: 25.08 seconds
[2018.01.02-12.10.13:896][  0]LogLoad: (Engine Initialization) Total Blueprint compile time: 0.19 seconds
[2018.01.02-12.10.13:896][  0]LogExternalProfiler: Found external profiler: VSPerf
[2018.01.02-12.10.13:896][  0]LogExternalProfiler: Using external profiler: VSPerf
[2018.01.02-12.10.14:236][  0]LogOcInput: OculusInput pre-init called
[2018.01.02-12.10.14:236][  0]LogHMD: Starting GearVRController plugin
[2018.01.02-12.10.14:573][  1]LogAssetRegistry: Asset discovery search completed in 12.1030 seconds
[2018.01.02-12.10.14:575][  1]LogCollectionManager: Rebuilt the object cache for 0 collections in 0.000001 seconds (found 0 objects)
[2018.01.02-12.10.14:575][  1]LogCollectionManager: Fixed up redirectors for 0 collections in 0.000038 seconds (updated 0 objects)
[2018.01.02-12.10.15:238][  3]LogSlate: Took 0.000244 seconds to synchronously load lazily loaded font '../../../Engine/Content/Slate/Fonts/Roboto-Light.ttf' (159K)
[2018.01.02-12.10.29:407][363]LogTemp: Repeting last play command: New Editor Window (PIE)
[2018.01.02-12.10.29:451][363]LogBlueprintUserMessages: Early PlayInEditor Detection: Level '/Game/ScanReach.ScanReach:PersistentLevel' has LevelScriptBlueprint '/Game/ScanReach.ScanReach:PersistentLevel.ScanReach' with GeneratedClass '/Game/ScanReach.ScanReach_C' with ClassGeneratedBy '/Game/ScanReach.ScanReach:PersistentLevel.ScanReach'
[2018.01.02-12.10.29:451][363]LogPlayLevel: PlayLevel: No blueprints needed recompiling
[2018.01.02-12.10.29:451][363]PIE: New page: PIE session: ScanReach (Jan 2, 2018, 2:10:29 PM)
[2018.01.02-12.10.29:451][363]LogPlayLevel: Creating play world package: /Game/UEDPIE_0_ScanReach
[2018.01.02-12.10.29:454][363]LogPlayLevel: PIE: StaticDuplicateObject took: (0.002407s)
[2018.01.02-12.10.29:454][363]LogAIModule: Creating AISystem for world ScanReach
[2018.01.02-12.10.29:454][363]LogPlayLevel: PIE: World Init took: (0.000674s)
[2018.01.02-12.10.29:454][363]LogPlayLevel: PIE: Created PIE world by copying editor world from /Game/ScanReach.ScanReach to /Game/UEDPIE_0_ScanReach.ScanReach (0.003283s)
[2018.01.02-12.10.29:470][363]LogInit: XAudio2 using 'Øretelefon (HyperX 7.1 Audio)' : 2 channels at 44.1 kHz using 16 bits per sample (channel mask 0x3)
[2018.01.02-12.10.29:476][363]LogInit: FAudioDevice initialized.
[2018.01.02-12.10.29:605][363]LogLoad: Game class is 'ScanReach_GM_C'
[2018.01.02-12.10.29:607][363]LogWorld: Bringing World /Game/UEDPIE_0_ScanReach.ScanReach up for play (max tick rate 0) at 2018.01.02-13.10.29
[2018.01.02-12.10.29:608][363]LogWorld: Bringing up level for play took: 0.001364
[2018.01.02-12.10.29:638][363]LogContentBrowser: Native class hierarchy updated for 'MovieSceneCapture' in 0.0005 seconds. Added 11 classes and 0 folders.
[2018.01.02-12.10.29:645][363]PIE: Info Play in editor start time for /Game/UEDPIE_0_ScanReach 0.732
[2018.01.02-12.10.29:645][363]LogBlueprintUserMessages: Late PlayInEditor Detection: Level '/Game/ScanReach.ScanReach:PersistentLevel' has LevelScriptBlueprint '/Game/ScanReach.ScanReach:PersistentLevel.ScanReach' with GeneratedClass '/Game/ScanReach.ScanReach_C' with ClassGeneratedBy '/Game/ScanReach.ScanReach:PersistentLevel.ScanReach'
[2018.01.02-12.10.29:674][363]LogRenderer: Reallocating scene render targets to support 1292x756 NumSamples 1 (Frame:1).
[2018.01.02-12.10.58:465][558]LogRenderer: Reallocating scene render targets to support 1920x1016 NumSamples 1 (Frame:3197).
[2018.01.02-12.11.14:004][295]LogBlueprintUserMessages: Early EndPlayMap Detection: Level '/Game/ScanReach.ScanReach:PersistentLevel' has LevelScriptBlueprint '/Game/ScanReach.ScanReach:PersistentLevel.ScanReach' with GeneratedClass '/Game/ScanReach.ScanReach_C' with ClassGeneratedBy '/Game/ScanReach.ScanReach:PersistentLevel.ScanReach'
[2018.01.02-12.11.14:035][295]LogBlueprintUserMessages: Late EndPlayMap Detection: Level '/Game/ScanReach.ScanReach:PersistentLevel' has LevelScriptBlueprint '/Game/ScanReach.ScanReach:PersistentLevel.ScanReach' with GeneratedClass '/Game/ScanReach.ScanReach_C' with ClassGeneratedBy '/Game/ScanReach.ScanReach:PersistentLevel.ScanReach'
[2018.01.02-12.11.50:836][251]LogEditorFactories: Performing atomic reimport of [C:/Users/Magnus/Desktop/Scan_Reach/UE_UI/UI_V3/T_DeckOverview_hoverd.png]
[2018.01.02-12.11.50:836][251]LogFactory: FactoryCreateFile: Texture2D with ReimportTextureFactory (0 0 C:/Users/Magnus/Desktop/Scan_Reach/UE_UI/UI_V3/T_DeckOverview_hoverd.png)
[2018.01.02-12.11.50:838][251]LogTexture:Display: Building textures: T_DeckOverview_Hoverd (BGRA8, 208X46)
[2018.01.02-12.11.50:840][251]LogEditorFactories: -- imported successfully
[2018.01.02-12.11.52:518][439]LogSlate: Took 0.000135 seconds to synchronously load lazily loaded font '../../../Engine/Content/Slate/Fonts/Roboto-Light.ttf' (159K)
[2018.01.02-12.11.52:562][439]LogSavePackage: Save=6.30ms
[2018.01.02-12.11.52:562][439]LogSavePackage: Moving 'C:/Users/Magnus/Documents/GitHub/SR_Prototype_V3/SR_Prototype_V3/Saved/T_DeckOverview_Hoverd2065CB814FAC97BAA4957E9D8BAC565A.tmp' to 'C:/Users/Magnus/Documents/GitHub/SR_Prototype_V3/SR_Prototype_V3/Content/Textures/UI/DarkMode_V3/T_DeckOverview_Hoverd.uasset'
[2018.01.02-12.11.52:567][439]LogSavePackage:Display: Finished SavePackage C:/Users/Magnus/Documents/GitHub/SR_Prototype_V3/SR_Prototype_V3/Content/Textures/UI/DarkMode_V3/T_DeckOverview_Hoverd.uasset
[2018.01.02-12.12.04:473][386]LogEditorFactories: Performing atomic reimport of [C:/Users/Magnus/Desktop/Scan_Reach/UE_UI/UI_V3/T_DeckOverview_Normal.png]
[2018.01.02-12.12.04:473][386]LogFactory: FactoryCreateFile: Texture2D with ReimportTextureFactory (0 0 C:/Users/Magnus/Desktop/Scan_Reach/UE_UI/UI_V3/T_DeckOverview_Normal.png)
[2018.01.02-12.12.04:475][386]LogTexture:Display: Building textures: T_DeckOverview_Normal (BGRA8, 208X46)
[2018.01.02-12.12.04:477][386]LogEditorFactories: -- imported successfully
[2018.01.02-12.12.06:017][552]LogSavePackage: Save=8.45ms
[2018.01.02-12.12.06:017][552]LogSavePackage: Moving 'C:/Users/Magnus/Documents/GitHub/SR_Prototype_V3/SR_Prototype_V3/Saved/T_DeckOverview_Normal2570EB75404B0C347480FAB04365CE08.tmp' to 'C:/Users/Magnus/Documents/GitHub/SR_Prototype_V3/SR_Prototype_V3/Content/Textures/UI/DarkMode_V3/T_DeckOverview_Normal.uasset'
[2018.01.02-12.12.06:020][552]LogSavePackage:Display: Finished SavePackage C:/Users/Magnus/Documents/GitHub/SR_Prototype_V3/SR_Prototype_V3/Content/Textures/UI/DarkMode_V3/T_DeckOverview_Normal.uasset
[2018.01.02-12.12.18:730][228]LogEditorFactories: Performing atomic reimport of [C:/Users/Magnus/Desktop/Scan_Reach/UE_UI/UI_V3/T_DeckOverview_Pressed.png]
[2018.01.02-12.12.18:730][228]LogFactory: FactoryCreateFile: Texture2D with ReimportTextureFactory (0 0 C:/Users/Magnus/Desktop/Scan_Reach/UE_UI/UI_V3/T_DeckOverview_Pressed.png)
[2018.01.02-12.12.18:733][228]LogTexture:Display: Building textures: T_DeckOverview_Pressed (BGRA8, 208X46)
[2018.01.02-12.12.18:735][228]LogEditorFactories: -- imported successfully
[2018.01.02-12.12.20:720][445]LogSavePackage: Save=6.63ms
[2018.01.02-12.12.20:720][445]LogSavePackage: Moving 'C:/Users/Magnus/Documents/GitHub/SR_Prototype_V3/SR_Prototype_V3/Saved/T_DeckOverview_PressedD4B94CD840818955E21C18BB8F47CCE0.tmp' to 'C:/Users/Magnus/Documents/GitHub/SR_Prototype_V3/SR_Prototype_V3/Content/Textures/UI/DarkMode_V3/T_DeckOverview_Pressed.uasset'
[2018.01.02-12.12.20:723][445]LogSavePackage:Display: Finished SavePackage C:/Users/Magnus/Documents/GitHub/SR_Prototype_V3/SR_Prototype_V3/Content/Textures/UI/DarkMode_V3/T_DeckOverview_Pressed.uasset
[2018.01.02-12.12.50:437][ 24]LogFactory: FactoryCreateFile: Texture with ReimportTextureFactory (0 0 C:\Users\Magnus\Desktop\Scan_Reach\UE_UI\UI_V3\T_DeckOverview_Yellow.png)
[2018.01.02-12.12.50:442][ 24]LogTexture:Display: Building textures: T_DeckOverview_Yellow (BGRA8, 212X49)
[2018.01.02-12.12.50:452][ 24]LogFactory: FactoryCreateFile: Texture with ReimportTextureFactory (0 0 C:\Users\Magnus\Desktop\Scan_Reach\UE_UI\UI_V3\T_DeckOverview_Red.png)
[2018.01.02-12.12.50:456][ 24]LogTexture:Display: Building textures: T_DeckOverview_Red (BGRA8, 212X49)
[2018.01.02-12.12.54:913][202]LogSavePackage: Save=6.99ms
[2018.01.02-12.12.54:913][202]LogSavePackage: Moving 'C:/Users/Magnus/Documents/GitHub/SR_Prototype_V3/SR_Prototype_V3/Saved/T_DeckOverview_Yellow4EABAAC34BBE668DBC86ADBA34532FF9.tmp' to 'C:/Users/Magnus/Documents/GitHub/SR_Prototype_V3/SR_Prototype_V3/Content/Textures/UI/DarkMode_V3/T_DeckOverview_Yellow.uasset'
[2018.01.02-12.12.54:916][202]LogSavePackage:Display: Finished SavePackage C:/Users/Magnus/Documents/GitHub/SR_Prototype_V3/SR_Prototype_V3/Content/Textures/UI/DarkMode_V3/T_DeckOverview_Yellow.uasset
[2018.01.02-12.12.54:930][202]LogSavePackage: Save=6.29ms
[2018.01.02-12.12.54:930][202]LogSavePackage: Moving 'C:/Users/Magnus/Documents/GitHub/SR_Prototype_V3/SR_Prototype_V3/Saved/T_DeckOverview_Red8A958BD643DA3779414379AAD484C5C1.tmp' to 'C:/Users/Magnus/Documents/GitHub/SR_Prototype_V3/SR_Prototype_V3/Content/Textures/UI/DarkMode_V3/T_DeckOverview_Red.uasset'
[2018.01.02-12.12.54:933][202]LogSavePackage:Display: Finished SavePackage C:/Users/Magnus/Documents/GitHub/SR_Prototype_V3/SR_Prototype_V3/Content/Textures/UI/DarkMode_V3/T_DeckOverview_Red.uasset
[2018.01.02-12.13.04:871][651]LogTemp: Repeting last play command: New Editor Window (PIE)
[2018.01.02-12.13.04:888][651]LogBlueprintUserMessages: Early PlayInEditor Detection: Level '/Game/ScanReach.ScanReach:PersistentLevel' has LevelScriptBlueprint '/Game/ScanReach.ScanReach:PersistentLevel.ScanReach' with GeneratedClass '/Game/ScanReach.ScanReach_C' with ClassGeneratedBy '/Game/ScanReach.ScanReach:PersistentLevel.ScanReach'
[2018.01.02-12.13.04:888][651]LogPlayLevel: PlayLevel: No blueprints needed recompiling
[2018.01.02-12.13.04:888][651]PIE: New page: PIE session: ScanReach (Jan 2, 2018, 2:13:04 PM)
[2018.01.02-12.13.04:888][651]LogPlayLevel: Creating play world package: /Game/UEDPIE_0_ScanReach
[2018.01.02-12.13.04:891][651]LogPlayLevel: PIE: StaticDuplicateObject took: (0.002641s)
[2018.01.02-12.13.04:891][651]LogAIModule: Creating AISystem for world ScanReach
[2018.01.02-12.13.04:892][651]LogPlayLevel: PIE: World Init took: (0.000612s)
[2018.01.02-12.13.04:892][651]LogPlayLevel: PIE: Created PIE world by copying editor world from /Game/ScanReach.ScanReach to /Game/UEDPIE_0_ScanReach.ScanReach (0.003437s)
[2018.01.02-12.13.04:909][651]LogInit: XAudio2 using 'Øretelefon (HyperX 7.1 Audio)' : 2 channels at 44.1 kHz using 16 bits per sample (channel mask 0x3)
[2018.01.02-12.13.04:917][651]LogInit: FAudioDevice initialized.
[2018.01.02-12.13.05:022][651]LogLoad: Game class is 'ScanReach_GM_C'
[2018.01.02-12.13.05:024][651]LogWorld: Bringing World /Game/UEDPIE_0_ScanReach.ScanReach up for play (max tick rate 0) at 2018.01.02-13.13.05
[2018.01.02-12.13.05:025][651]LogWorld: Bringing up level for play took: 0.001367
[2018.01.02-12.13.05:032][651]PIE: Info Play in editor start time for /Game/UEDPIE_0_ScanReach 0.119
[2018.01.02-12.13.05:032][651]LogBlueprintUserMessages: Late PlayInEditor Detection: Level '/Game/ScanReach.ScanReach:PersistentLevel' has LevelScriptBlueprint '/Game/ScanReach.ScanReach:PersistentLevel.ScanReach' with GeneratedClass '/Game/ScanReach.ScanReach_C' with ClassGeneratedBy '/Game/ScanReach.ScanReach:PersistentLevel.ScanReach'
[2018.01.02-12.13.37:120][407]LogBlueprintUserMessages: Early EndPlayMap Detection: Level '/Game/ScanReach.ScanReach:PersistentLevel' has LevelScriptBlueprint '/Game/ScanReach.ScanReach:PersistentLevel.ScanReach' with GeneratedClass '/Game/ScanReach.ScanReach_C' with ClassGeneratedBy '/Game/ScanReach.ScanReach:PersistentLevel.ScanReach'
[2018.01.02-12.13.37:147][407]LogBlueprintUserMessages: Late EndPlayMap Detection: Level '/Game/ScanReach.ScanReach:PersistentLevel' has LevelScriptBlueprint '/Game/ScanReach.ScanReach:PersistentLevel.ScanReach' with GeneratedClass '/Game/ScanReach.ScanReach_C' with ClassGeneratedBy '/Game/ScanReach.ScanReach:PersistentLevel.ScanReach'
[2018.01.02-12.13.38:199][526]Cmd: OBJ SAVEPACKAGE PACKAGE="/Game/ScanReach" FILE="C:/Users/Magnus/Documents/GitHub/SR_Prototype_V3/SR_Prototype_V3/Content/ScanReach.umap" SILENT=true AUTOSAVING=false KEEPDIRTY=false
[2018.01.02-12.13.38:335][526]LogSavePackage: Save=106.66ms
[2018.01.02-12.13.38:335][526]LogSavePackage: Moving 'C:/Users/Magnus/Documents/GitHub/SR_Prototype_V3/SR_Prototype_V3/Saved/ScanReachE05CB78742B54E60CA28D798DE6DAB11.tmp' to 'C:/Users/Magnus/Documents/GitHub/SR_Prototype_V3/SR_Prototype_V3/Content/ScanReach.umap'
[2018.01.02-12.13.38:336][526]LogSavePackage:Display: Finished SavePackage C:/Users/Magnus/Documents/GitHub/SR_Prototype_V3/SR_Prototype_V3/Content/ScanReach.umap
[2018.01.02-12.13.38:374][526]Cmd: OBJ SAVEPACKAGE PACKAGE="/Game/ScanReach_BuiltData" FILE="C:/Users/Magnus/Documents/GitHub/SR_Prototype_V3/SR_Prototype_V3/Content/ScanReach_BuiltData.uasset" SILENT=true
[2018.01.02-12.13.38:420][526]LogSavePackage: Save=23.98ms
[2018.01.02-12.13.38:420][526]LogSavePackage: Moving 'C:/Users/Magnus/Documents/GitHub/SR_Prototype_V3/SR_Prototype_V3/Saved/ScanReach_BuiltDataCF4A77E840C5E501DC12C6B1FBB47361.tmp' to 'C:/Users/Magnus/Documents/GitHub/SR_Prototype_V3/SR_Prototype_V3/Content/ScanReach_BuiltData.uasset'
[2018.01.02-12.13.38:422][526]LogSavePackage:Display: Finished SavePackage C:/Users/Magnus/Documents/GitHub/SR_Prototype_V3/SR_Prototype_V3/Content/ScanReach_BuiltData.uasset
[2018.01.02-12.13.46:782][970]LogWindowsTextInputMethodSystem:Display: IME system now deactivated.
[2018.01.02-12.13.46:989][971]Cmd: QUIT_EDITOR
[2018.01.02-12.13.47:561][971]LogExit: Preparing to exit.
[2018.01.02-12.13.48:602][971]LogExit: Editor shut down
[2018.01.02-12.13.48:604][971]LogExit: Transaction tracking system shut down
[2018.01.02-12.13.48:654][971]LogObj: Freed 0b from 0 cluster array pools.
[2018.01.02-12.13.48:654][971]LogExit: Object subsystem successfully closed.
[2018.01.02-12.13.48:677][971]LogD3D11RHI: Shutdown
[2018.01.02-12.13.48:677][971]LogD3D11RHI: CleanupD3DDevice
[2018.01.02-12.13.48:747][971]LogD3D11RHI: ~FD3D11DynamicRHI
[2018.01.02-12.13.48:755][971]LogModuleManager: Shutting down and abandoning module MovieSceneCapture (526)
[2018.01.02-12.13.48:755][971]LogModuleManager: Shutting down and abandoning module HierarchicalLODOutliner (524)
[2018.01.02-12.13.48:755][971]LogModuleManager: Shutting down and abandoning module CrashTracker (522)
[2018.01.02-12.13.48:755][971]LogModuleManager: Shutting down and abandoning module SceneOutliner (520)
[2018.01.02-12.13.48:755][971]LogModuleManager: Shutting down and abandoning module AddContentDialog (518)
[2018.01.02-12.13.48:755][971]LogDirectoryWatcher: A directory notification for 'D:/UE_4.16/FeaturePacks/' was aborted.
[2018.01.02-12.13.48:756][971]LogModuleManager: Shutting down and abandoning module WidgetCarousel (517)
[2018.01.02-12.13.48:756][971]LogModuleManager: Shutting down and abandoning module EditorWidgets (514)
[2018.01.02-12.13.48:756][971]LogModuleManager: Shutting down and abandoning module CollectionManager (512)
[2018.01.02-12.13.48:756][971]LogDirectoryWatcher: A directory notification for 'C:/Users/Magnus/Documents/GitHub/SR_Prototype_V3/SR_Prototype_V3/Content/Collections/' was aborted.
[2018.01.02-12.13.48:756][971]LogDirectoryWatcher: A directory notification for 'C:/Users/Magnus/Documents/GitHub/SR_Prototype_V3/SR_Prototype_V3/Content/Developers/Magnus/Collections/' was aborted.
[2018.01.02-12.13.48:756][971]LogDirectoryWatcher: A directory notification for 'C:/Users/Magnus/Documents/GitHub/SR_Prototype_V3/SR_Prototype_V3/Saved/Collections/' was aborted.
[2018.01.02-12.13.48:756][971]LogModuleManager: Shutting down and abandoning module StatsViewer (510)
[2018.01.02-12.13.48:756][971]LogModuleManager: Shutting down and abandoning module FoliageEdit (508)
[2018.01.02-12.13.48:756][971]LogModuleManager: Shutting down and abandoning module LandscapeEditor (506)
[2018.01.02-12.13.48:756][971]LogModuleManager: Shutting down and abandoning module MeshPaintMode (504)
[2018.01.02-12.13.48:756][971]LogModuleManager: Shutting down and abandoning module SceneDepthPickerMode (502)
[2018.01.02-12.13.48:756][971]LogModuleManager: Shutting down and abandoning module ActorPickerMode (500)
[2018.01.02-12.13.48:756][971]LogModuleManager: Shutting down and abandoning module GeometryMode (498)
[2018.01.02-12.13.48:756][971]LogModuleManager: Shutting down and abandoning module TextureAlignMode (496)
[2018.01.02-12.13.48:756][971]LogModuleManager: Shutting down and abandoning module BspMode (494)
[2018.01.02-12.13.48:756][971]LogModuleManager: Shutting down and abandoning module HardwareSurvey (492)
[2018.01.02-12.13.48:756][971]LogModuleManager: Shutting down and abandoning module SequenceRecorderSections (490)
[2018.01.02-12.13.48:756][971]LogModuleManager: Shutting down and abandoning module AutomationWorker (488)
[2018.01.02-12.13.48:756][971]LogModuleManager: Shutting down and abandoning module MatineeToLevelSequence (486)
[2018.01.02-12.13.48:756][971]LogModuleManager: Shutting down and abandoning module LevelSequenceEditor (484)
[2018.01.02-12.13.48:756][971]LogModuleManager: Shutting down and abandoning module PlacementMode (483)
[2018.01.02-12.13.48:756][971]LogModuleManager: Shutting down and abandoning module WmfMediaFactory (480)
[2018.01.02-12.13.48:756][971]LogModuleManager: Shutting down and abandoning module WmfMediaEditor (478)
[2018.01.02-12.13.48:756][971]LogModuleManager: Shutting down and abandoning module AvfMediaFactory (476)
[2018.01.02-12.13.48:756][971]LogModuleManager: Shutting down and abandoning module AvfMediaEditor (474)
[2018.01.02-12.13.48:756][971]LogModuleManager: Shutting down and abandoning module AndroidMediaFactory (472)
[2018.01.02-12.13.48:756][971]LogModuleManager: Shutting down and abandoning module Media (471)
[2018.01.02-12.13.48:756][971]LogModuleManager: Shutting down and abandoning module AndroidMediaEditor (468)
[2018.01.02-12.13.48:756][971]LogModuleManager: Shutting down and abandoning module CharacterAI (466)
[2018.01.02-12.13.48:756][971]LogModuleManager: Shutting down and abandoning module AudioCapture (464)
[2018.01.02-12.13.48:756][971]LogModuleManager: Shutting down and abandoning module SequenceRecorder (463)
[2018.01.02-12.13.48:756][971]LogModuleManager: Shutting down and abandoning module SmartSnapping (460)
[2018.01.02-12.13.48:756][971]LogModuleManager: Shutting down and abandoning module SessionServices (458)
[2018.01.02-12.13.48:756][971]LogModuleManager: Shutting down and abandoning module ViewportSnapping (456)
[2018.01.02-12.13.48:756][971]LogModuleManager: Shutting down and abandoning module ViewportInteraction (454)
[2018.01.02-12.13.48:756][971]LogModuleManager: Shutting down and abandoning module ClothPainter (452)
[2018.01.02-12.13.48:756][971]LogModuleManager: Shutting down and abandoning module LogVisualizer (450)
[2018.01.02-12.13.48:756][971]LogModuleManager: Shutting down and abandoning module IntroTutorials (448)
[2018.01.02-12.13.48:756][971]LogModuleManager: Shutting down and abandoning module GameProjectGeneration (447)
[2018.01.02-12.13.48:756][971]LogModuleManager: Shutting down and abandoning module EditorLiveStreaming (444)
[2018.01.02-12.13.48:756][971]LogModuleManager: Shutting down and abandoning module IOSPlatformEditor (442)
[2018.01.02-12.13.48:756][971]LogModuleManager: Shutting down and abandoning module HTML5PlatformEditor (440)
[2018.01.02-12.13.48:756][971]LogModuleManager: Shutting down and abandoning module AndroidPlatformEditor (438)
[2018.01.02-12.13.48:757][971]LogModuleManager: Shutting down and abandoning module AndroidDeviceDetection (437)
[2018.01.02-12.13.49:488][971]LogModuleManager: Shutting down and abandoning module IOSRuntimeSettings (434)
[2018.01.02-12.13.49:488][971]LogModuleManager: Shutting down and abandoning module AndroidRuntimeSettings (432)
[2018.01.02-12.13.49:488][971]LogModuleManager: Shutting down and abandoning module InputBindingEditor (430)
[2018.01.02-12.13.49:488][971]LogModuleManager: Shutting down and abandoning module MergeActors (428)
[2018.01.02-12.13.49:488][971]LogModuleManager: Shutting down and abandoning module SizeMap (426)
[2018.01.02-12.13.49:488][971]LogModuleManager: Shutting down and abandoning module TreeMap (424)
[2018.01.02-12.13.49:488][971]LogModuleManager: Shutting down and abandoning module ReferenceViewer (422)
[2018.01.02-12.13.49:488][971]LogModuleManager: Shutting down and abandoning module LocalizationDashboard (420)
[2018.01.02-12.13.49:488][971]LogModuleManager: Shutting down and abandoning module LocalizationService (419)
[2018.01.02-12.13.49:488][971]LogModuleManager: Shutting down and abandoning module HardwareTargeting (416)
[2018.01.02-12.13.49:488][971]LogModuleManager: Shutting down and abandoning module DeviceProfileEditor (414)
[2018.01.02-12.13.49:488][971]LogModuleManager: Shutting down and abandoning module UndoHistory (412)
[2018.01.02-12.13.49:488][971]LogModuleManager: Shutting down and abandoning module UserFeedback (410)
[2018.01.02-12.13.49:488][971]LogModuleManager: Shutting down and abandoning module XmlParser (408)
[2018.01.02-12.13.49:488][971]LogModuleManager: Shutting down and abandoning module Blutility (406)
[2018.01.02-12.13.49:488][971]LogModuleManager: Shutting down and abandoning module ProjectSettingsViewer (404)
[2018.01.02-12.13.49:488][971]LogModuleManager: Shutting down and abandoning module ProjectTargetPlatformEditor (403)
[2018.01.02-12.13.49:488][971]LogModuleManager: Shutting down and abandoning module EditorSettingsViewer (400)
[2018.01.02-12.13.49:488][971]LogModuleManager: Shutting down and abandoning module SettingsEditor (398)
[2018.01.02-12.13.49:488][971]LogModuleManager: Shutting down and abandoning module ProjectLauncher (396)
[2018.01.02-12.13.49:488][971]LogModuleManager: Shutting down and abandoning module SessionFrontend (394)
[2018.01.02-12.13.49:488][971]LogModuleManager: Shutting down and abandoning module ProfilerClient (392)
[2018.01.02-12.13.49:488][971]LogModuleManager: Shutting down and abandoning module DeviceManager (390)
[2018.01.02-12.13.49:489][971]LogModuleManager: Shutting down and abandoning module TargetDeviceServices (389)
[2018.01.02-12.13.49:541][971]LogModuleManager: Shutting down and abandoning module AutomationController (386)
[2018.01.02-12.13.49:541][971]LogModuleManager: Shutting down and abandoning module AutomationWindow (384)
[2018.01.02-12.13.49:541][971]LogModuleManager: Shutting down and abandoning module Layers (382)
[2018.01.02-12.13.49:541][971]LogModuleManager: Shutting down and abandoning module ComponentVisualizers (380)
[2018.01.02-12.13.49:541][971]LogModuleManager: Shutting down and abandoning module DetailCustomizations (378)
[2018.01.02-12.13.49:541][971]LogModuleManager: Shutting down and abandoning module PackagesDialog (376)
[2018.01.02-12.13.49:541][971]LogModuleManager: Shutting down and abandoning module Persona (374)
[2018.01.02-12.13.49:542][971]LogModuleManager: Shutting down and abandoning module AdvancedPreviewScene (373)
[2018.01.02-12.13.49:542][971]LogModuleManager: Shutting down and abandoning module AnimGraph (371)
[2018.01.02-12.13.49:542][971]LogModuleManager: Shutting down and abandoning module Kismet (368)
[2018.01.02-12.13.49:542][971]LogModuleManager: Shutting down and abandoning module ClassViewer (366)
[2018.01.02-12.13.49:542][971]LogModuleManager: Shutting down and abandoning module Toolbox (364)
[2018.01.02-12.13.49:542][971]LogModuleManager: Shutting down and abandoning module ModuleUI (362)
[2018.01.02-12.13.49:542][971]LogModuleManager: Shutting down and abandoning module MovieSceneTools (360)
[2018.01.02-12.13.49:542][971]LogModuleManager: Shutting down and abandoning module OutputLog (358)
[2018.01.02-12.13.49:542][971]LogModuleManager: Shutting down and abandoning module GammaUI (356)
[2018.01.02-12.13.49:542][971]LogModuleManager: Shutting down and abandoning module Documentation (354)
[2018.01.02-12.13.49:542][971]LogModuleManager: Shutting down and abandoning module MovieSceneTracks (352)
[2018.01.02-12.13.49:542][971]LogModuleManager: Shutting down and abandoning module MovieScene (350)
[2018.01.02-12.13.49:542][971]LogModuleManager: Shutting down and abandoning module Niagara (348)
[2018.01.02-12.13.49:542][971]LogModuleManager: Shutting down and abandoning module NiagaraEditor (347)
[2018.01.02-12.13.49:542][971]LogModuleManager: Shutting down and abandoning module StreamingPauseRendering (344)
[2018.01.02-12.13.49:542][971]LogModuleManager: Shutting down and abandoning module AnalyticsET (342)
[2018.01.02-12.13.49:543][971]LogModuleManager: Shutting down and abandoning module PortalServices (340)
[2018.01.02-12.13.49:543][971]LogModuleManager: Shutting down and abandoning module PortalRpc (338)
[2018.01.02-12.13.49:543][971]LogModuleManager: Shutting down and abandoning module MessagingRpc (336)
[2018.01.02-12.13.49:543][971]LogModuleManager: Shutting down and abandoning module AIModule (334)
[2018.01.02-12.13.49:543][971]LogModuleManager: Shutting down and abandoning module GameplayDebugger (333)
[2018.01.02-12.13.49:543][971]LogModuleManager: Shutting down and abandoning module AITestSuite (331)
[2018.01.02-12.13.49:543][971]LogModuleManager: Shutting down and abandoning module ProfilerService (328)
[2018.01.02-12.13.49:746][971]LogModuleManager: Shutting down and abandoning module TaskGraph (326)
[2018.01.02-12.13.49:746][971]LogModuleManager: Shutting down and abandoning module SteamVRController (324)
[2018.01.02-12.13.49:746][971]LogModuleManager: Shutting down and abandoning module SteamVR (322)
[2018.01.02-12.13.49:746][971]LogModuleManager: Shutting down and abandoning module ProceduralMeshComponentEditor (320)
[2018.01.02-12.13.49:746][971]LogModuleManager: Shutting down and abandoning module ProceduralMeshComponent (318)
[2018.01.02-12.13.49:746][971]LogModuleManager: Shutting down and abandoning module OculusLibrary (316)
[2018.01.02-12.13.49:746][971]LogModuleManager: Shutting down and abandoning module OculusInput (314)
[2018.01.02-12.13.49:746][971]LogModuleManager: Shutting down and abandoning module MobilePatchingUtils (312)
[2018.01.02-12.13.49:746][971]LogModuleManager: Shutting down and abandoning module CustomMeshComponent (310)
[2018.01.02-12.13.49:746][971]LogModuleManager: Shutting down and abandoning module CableComponent (308)
[2018.01.02-12.13.49:746][971]LogModuleManager: Shutting down and abandoning module ArchVisCharacter (306)
[2018.01.02-12.13.49:746][971]LogModuleManager: Shutting down and abandoning module AndroidPermission (304)
[2018.01.02-12.13.49:746][971]LogModuleManager: Shutting down and abandoning module MediaPlayerEditor (300)
[2018.01.02-12.13.49:746][971]LogModuleManager: Shutting down and abandoning module HTML5Networking (298)
[2018.01.02-12.13.49:746][971]LogModuleManager: Shutting down and abandoning module AlembicImporter (296)
[2018.01.02-12.13.49:746][971]LogModuleManager: Shutting down and abandoning module AlembicLibrary (295)
[2018.01.02-12.13.49:746][971]LogModuleManager: Shutting down and abandoning module GeometryCache (294)
[2018.01.02-12.13.49:746][971]LogModuleManager: Shutting down and abandoning module GeometryCacheEd (293)
[2018.01.02-12.13.49:746][971]LogModuleManager: Shutting down and abandoning module SuperSearchEditor (288)
[2018.01.02-12.13.49:746][971]LogModuleManager: Shutting down and abandoning module SuperSearch (287)
[2018.01.02-12.13.49:746][971]LogModuleManager: Shutting down and abandoning module SpeedTreeImporter (284)
[2018.01.02-12.13.49:746][971]LogModuleManager: Shutting down and abandoning module PluginBrowser (282)
[2018.01.02-12.13.49:746][971]LogModuleManager: Shutting down and abandoning module MobileLauncherProfileWizard (280)
[2018.01.02-12.13.49:746][971]LogModuleManager: Shutting down and abandoning module VisualStudioSourceCodeAccess (278)
[2018.01.02-12.13.49:746][971]LogModuleManager: Shutting down and abandoning module DesktopPlatform (277)
[2018.01.02-12.13.49:746][971]LogModuleManager: Shutting down and abandoning module UObjectPlugin (274)
[2018.01.02-12.13.49:746][971]LogModuleManager: Shutting down and abandoning module SubversionSourceControl (272)
[2018.01.02-12.13.49:746][971]LogModuleManager: Shutting down and abandoning module PerforceSourceControl (270)
[2018.01.02-12.13.49:746][971]LogModuleManager: Shutting down and abandoning module GitSourceControl (268)
[2018.01.02-12.13.49:747][971]LogModuleManager: Shutting down and abandoning module SourceControl (267)
[2018.01.02-12.13.49:747][971]LogModuleManager: Shutting down and abandoning module LightPropagationVolumeEditor (264)
[2018.01.02-12.13.49:747][971]LogModuleManager: Shutting down and abandoning module PaperTiledImporter (262)
[2018.01.02-12.13.49:747][971]LogModuleManager: Shutting down and abandoning module PaperSpriteSheetImporter (260)
[2018.01.02-12.13.49:747][971]LogModuleManager: Shutting down and abandoning module Paper2DEditor (258)
[2018.01.02-12.13.49:747][971]LogModuleManager: Shutting down and abandoning module MeshPaint (257)
[2018.01.02-12.13.49:747][971]LogModuleManager: Shutting down and abandoning module LevelEditor (255)
[2018.01.02-12.13.49:747][971]LogModuleManager: Shutting down and abandoning module PixelInspectorModule (254)
[2018.01.02-12.13.49:747][971]LogModuleManager: Shutting down and abandoning module MainFrame (252)
[2018.01.02-12.13.49:747][971]LogModuleManager: Shutting down and abandoning module HotReload (251)
[2018.01.02-12.13.49:747][971]LogModuleManager: Shutting down and abandoning module PhysXVehiclesEditor (246)
[2018.01.02-12.13.49:747][971]LogModuleManager: Shutting down and abandoning module PhysXVehicles (244)
[2018.01.02-12.13.49:747][971]LogModuleManager: Shutting down and abandoning module LocationServicesBPLibrary (242)
[2018.01.02-12.13.49:747][971]LogModuleManager: Shutting down and abandoning module ImmediatePhysicsEditor (240)
[2018.01.02-12.13.49:747][971]LogModuleManager: Shutting down and abandoning module ImmediatePhysics (238)
[2018.01.02-12.13.49:747][971]LogModuleManager: Shutting down and abandoning module UdpMessaging (236)
[2018.01.02-12.13.49:848][971]LogModuleManager: Shutting down and abandoning module TcpMessaging (234)
[2018.01.02-12.13.49:949][971]LogModuleManager: Shutting down and abandoning module GameplayTagsEditor (232)
[2018.01.02-12.13.49:949][971]LogModuleManager: Shutting down and abandoning module FacialAnimationEditor (230)
[2018.01.02-12.13.49:949][971]LogModuleManager: Shutting down and abandoning module FacialAnimation (228)
[2018.01.02-12.13.49:949][971]LogModuleManager: Shutting down and abandoning module AssetManagerEditor (226)
[2018.01.02-12.13.49:949][971]LogModuleManager: Shutting down and abandoning module GraphEditor (225)
[2018.01.02-12.13.49:949][971]LogModuleManager: Shutting down and abandoning module ContentBrowser (223)
[2018.01.02-12.13.49:950][971]LogModuleManager: Shutting down and abandoning module LightPropagationVolumeRuntime (220)
[2018.01.02-12.13.49:950][971]LogModuleManager: Shutting down and abandoning module Paper2D (218)
[2018.01.02-12.13.49:950][971]LogModuleManager: Shutting down and abandoning module WindowsMoviePlayer (216)
[2018.01.02-12.13.49:950][971]LogModuleManager: Shutting down and abandoning module WmfMedia (214)
[2018.01.02-12.13.49:954][971]LogModuleManager: Shutting down and abandoning module ClothingSystemEditor (212)
[2018.01.02-12.13.49:954][971]LogModuleManager: Shutting down and abandoning module ClothingSystemRuntime (210)
[2018.01.02-12.13.49:954][971]LogModuleManager: Shutting down and abandoning module MediaAssets (208)
[2018.01.02-12.13.49:954][971]LogModuleManager: Shutting down and abandoning module GameLiveStreaming (206)
[2018.01.02-12.13.49:954][971]LogModuleManager: Shutting down and abandoning module VREditor (204)
[2018.01.02-12.13.49:954][971]LogModuleManager: Shutting down and abandoning module StringTableEditor (202)
[2018.01.02-12.13.49:954][971]LogModuleManager: Shutting down and abandoning module GameplayTasksEditor (200)
[2018.01.02-12.13.49:954][971]LogModuleManager: Shutting down and abandoning module BehaviorTreeEditor (198)
[2018.01.02-12.13.49:954][971]LogModuleManager: Shutting down and abandoning module FunctionalTesting (196)
[2018.01.02-12.13.49:954][971]LogModuleManager: Shutting down and abandoning module CollisionAnalyzer (194)
[2018.01.02-12.13.49:954][971]LogModuleManager: Shutting down and abandoning module UMG (192)
[2018.01.02-12.13.49:954][971]LogModuleManager: Shutting down and abandoning module UMGEditor (191)
[2018.01.02-12.13.49:954][971]LogModuleManager: Shutting down and abandoning module Sequencer (190)
[2018.01.02-12.13.49:955][971]LogModuleManager: Shutting down and abandoning module AssetTools (188)
[2018.01.02-12.13.49:955][971]LogModuleManager: Shutting down and abandoning module MessageLog (187)
[2018.01.02-12.13.49:955][971]LogModuleManager: Shutting down and abandoning module WorkspaceMenuStructure (186)
[2018.01.02-12.13.49:955][971]LogModuleManager: Shutting down and abandoning module SlateReflector (180)
[2018.01.02-12.13.49:955][971]LogModuleManager: Shutting down and abandoning module Slate (178)
[2018.01.02-12.13.49:955][971]LogModuleManager: Shutting down and abandoning module EditorStyle (176)
[2018.01.02-12.13.49:957][971]LogModuleManager: Shutting down and abandoning module SourceCodeAccess (174)
[2018.01.02-12.13.49:957][971]LogModuleManager: Shutting down and abandoning module HeadMountedDisplay (172)
[2018.01.02-12.13.49:957][971]LogModuleManager: Shutting down and abandoning module XAudio2 (170)
[2018.01.02-12.13.49:957][971]LogModuleManager: Shutting down and abandoning module Networking (168)
[2018.01.02-12.13.49:957][971]LogModuleManager: Shutting down and abandoning module Core (164)
[2018.01.02-12.13.49:957][971]LogModuleManager: Shutting down and abandoning module AssetRegistry (162)
[2018.01.02-12.13.50:120][971]LogDirectoryWatcher: A directory notification for '../../../Engine/Content/' was aborted.
[2018.01.02-12.13.50:120][971]LogDirectoryWatcher: A directory notification for 'C:/Users/Magnus/Documents/GitHub/SR_Prototype_V3/SR_Prototype_V3/Content/' was aborted.
[2018.01.02-12.13.50:120][971]LogDirectoryWatcher: A directory notification for '../../../Engine/Plugins/2D/Paper2D/Content/' was aborted.
[2018.01.02-12.13.50:120][971]LogDirectoryWatcher: A directory notification for '../../../Engine/Plugins/Runtime/GearVR/Content/' was aborted.
[2018.01.02-12.13.50:122][971]LogModuleManager: Shutting down and abandoning module DirectoryWatcher (161)
[2018.01.02-12.13.50:122][971]LogModuleManager: Shutting down and abandoning module KismetCompiler (158)
[2018.01.02-12.13.50:122][971]LogModuleManager: Shutting down and abandoning module LevelSequence (156)
[2018.01.02-12.13.50:122][971]LogModuleManager: Shutting down and abandoning module PhysXFormats (154)
[2018.01.02-12.13.50:122][971]LogModuleManager: Shutting down and abandoning module MeshUtilities (152)
[2018.01.02-12.13.50:122][971]LogModuleManager: Shutting down and abandoning module SimplygonSwarm (151)
[2018.01.02-12.13.50:122][971]LogModuleManager: Shutting down and abandoning module SimplygonMeshReduction (149)
[2018.01.02-12.13.50:122][971]LogModuleManager: Shutting down and abandoning module QuadricMeshReduction (147)
[2018.01.02-12.13.50:122][971]LogModuleManager: Shutting down and abandoning module DerivedDataCache (144)
[2018.01.02-12.13.50:195][971]LogDerivedDataCache: Shutdown
[2018.01.02-12.13.50:195][971]LogModuleManager: Shutting down and abandoning module TargetPlatform (142)
[2018.01.02-12.13.50:195][971]LogModuleManager: Shutting down and abandoning module VulkanShaderFormat (141)
[2018.01.02-12.13.50:195][971]LogModuleManager: Shutting down and abandoning module ShaderFormatVectorVM (139)
[2018.01.02-12.13.50:195][971]LogModuleManager: Shutting down and abandoning module ShaderFormatOpenGL (137)
[2018.01.02-12.13.50:195][971]LogModuleManager: Shutting down and abandoning module ShaderFormatD3D (135)
[2018.01.02-12.13.50:195][971]LogModuleManager: Shutting down and abandoning module MetalShaderFormat (133)
[2018.01.02-12.13.50:195][971]LogModuleManager: Shutting down and abandoning module TextureFormatUncompressed (131)
[2018.01.02-12.13.50:195][971]LogModuleManager: Shutting down and abandoning module TextureFormatPVR (129)
[2018.01.02-12.13.50:195][971]LogModuleManager: Shutting down and abandoning module TextureFormatDXT (127)
[2018.01.02-12.13.50:195][971]LogModuleManager: Shutting down and abandoning module TextureFormatIntelISPCTexComp (125)
[2018.01.02-12.13.50:195][971]LogModuleManager: Shutting down and abandoning module TextureFormatASTC (123)
[2018.01.02-12.13.50:195][971]LogModuleManager: Shutting down and abandoning module ImageWrapper (122)
[2018.01.02-12.13.50:195][971]LogModuleManager: Shutting down and abandoning module TextureFormatAndroid (119)
[2018.01.02-12.13.50:195][971]LogModuleManager: Shutting down and abandoning module AudioFormatOpus (117)
[2018.01.02-12.13.50:195][971]LogModuleManager: Shutting down and abandoning module AudioFormatOgg (115)
[2018.01.02-12.13.50:195][971]LogModuleManager: Shutting down and abandoning module AudioFormatADPCM (113)
[2018.01.02-12.13.50:196][971]LogModuleManager: Shutting down and abandoning module LinuxTargetPlatform (111)
[2018.01.02-12.13.50:196][971]LogModuleManager: Shutting down and abandoning module LinuxServerTargetPlatform (109)
[2018.01.02-12.13.50:196][971]LogModuleManager: Shutting down and abandoning module LinuxNoEditorTargetPlatform (107)
[2018.01.02-12.13.50:196][971]LogModuleManager: Shutting down and abandoning module LinuxClientTargetPlatform (105)
[2018.01.02-12.13.50:196][971]LogModuleManager: Shutting down and abandoning module TVOSTargetPlatform (103)
[2018.01.02-12.13.50:196][971]LogModuleManager: Shutting down and abandoning module Messaging (101)
[2018.01.02-12.13.50:196][971]LogModuleManager: Shutting down and abandoning module IOSTargetPlatform (99)
[2018.01.02-12.13.50:196][971]LogModuleManager: Shutting down and abandoning module HTML5TargetPlatform (97)
[2018.01.02-12.13.50:196][971]LogModuleManager: Shutting down and abandoning module Android_PVRTCTargetPlatform (95)
[2018.01.02-12.13.50:196][971]LogModuleManager: Shutting down and abandoning module Android_MultiTargetPlatform (93)
[2018.01.02-12.13.50:196][971]LogModuleManager: Shutting down and abandoning module Android_ETC2TargetPlatform (91)
[2018.01.02-12.13.50:196][971]LogModuleManager: Shutting down and abandoning module Android_ETC1TargetPlatform (89)
[2018.01.02-12.13.50:196][971]LogModuleManager: Shutting down and abandoning module Android_DXTTargetPlatform (87)
[2018.01.02-12.13.50:196][971]LogModuleManager: Shutting down and abandoning module Android_ATCTargetPlatform (85)
[2018.01.02-12.13.50:196][971]LogModuleManager: Shutting down and abandoning module Android_ASTCTargetPlatform (83)
[2018.01.02-12.13.50:196][971]LogModuleManager: Shutting down and abandoning module AndroidTargetPlatform (81)
[2018.01.02-12.13.50:196][971]LogModuleManager: Shutting down and abandoning module WindowsTargetPlatform (79)
[2018.01.02-12.13.50:196][971]LogModuleManager: Shutting down and abandoning module WindowsServerTargetPlatform (77)
[2018.01.02-12.13.50:196][971]LogModuleManager: Shutting down and abandoning module WindowsNoEditorTargetPlatform (75)
[2018.01.02-12.13.50:196][971]LogModuleManager: Shutting down and abandoning module WindowsClientTargetPlatform (73)
[2018.01.02-12.13.50:196][971]LogModuleManager: Shutting down and abandoning module MacTargetPlatform (71)
[2018.01.02-12.13.50:196][971]LogModuleManager: Shutting down and abandoning module MacServerTargetPlatform (69)
[2018.01.02-12.13.50:196][971]LogModuleManager: Shutting down and abandoning module MacNoEditorTargetPlatform (67)
[2018.01.02-12.13.50:196][971]LogModuleManager: Shutting down and abandoning module MacClientTargetPlatform (65)
[2018.01.02-12.13.50:196][971]LogModuleManager: Shutting down and abandoning module AllDesktopTargetPlatform (63)
[2018.01.02-12.13.50:196][971]LogModuleManager: Shutting down and abandoning module InputCore (60)
[2018.01.02-12.13.50:196][971]LogModuleManager: Shutting down and abandoning module Settings (58)
[2018.01.02-12.13.50:196][971]LogModuleManager: Shutting down and abandoning module OculusRift (56)
[2018.01.02-12.13.50:196][971]LogModuleManager: Shutting down and abandoning module GearVRController (54)
[2018.01.02-12.13.50:196][971]LogModuleManager: Shutting down and abandoning module GearVR (52)
[2018.01.02-12.13.50:196][971]LogModuleManager: Shutting down and abandoning module ExampleDeviceProfileSelector (50)
[2018.01.02-12.13.50:196][971]LogModuleManager: Shutting down and abandoning module OnlineBlueprintSupport (48)
[2018.01.02-12.13.50:196][971]LogModuleManager: Shutting down and abandoning module OnlineSubsystem (44)
[2018.01.02-12.13.50:196][971]LogOnline:Display: Unloading online subsystem: NULL
[2018.01.02-12.13.50:196][971]LogModuleManager: Shutting down and abandoning module XMPP (43)
[2018.01.02-12.13.50:196][971]LogModuleManager: Shutting down and abandoning module HTTP (41)
[2018.01.02-12.13.50:196][971]LogHttp:Display: Http module shutting down, but needs to wait on 1 outstanding Http requests:
[2018.01.02-12.13.50:196][971]LogHttp:Display: 	verb=[POST] url=[https://datarouter.ol.epicgames.com/datarouter/api/v1/public/data?SessionID=%7B1C5D6BFE-4E57-608D-AA63-50BC40EA6960%7D&AppID=UEEditor.Rocket.Release&AppVersion=4.16.3-3561208%2B%2B%2BUE4%2BRelease-4.16&UserID=a1328f8b4b27980f4eb39a8ed1208b4f%7C07c812ce51884e509e41d7ec8613d7db%7C6aef0a9f-b728-4fc9-a3bf-f0a7ec88ec16&AppEnvironment=datacollector-binary&UploadType=eteventstream] status=Processing
[2018.01.02-12.13.50:213][971]LogModuleManager: Shutting down and abandoning module SSL (40)
[2018.01.02-12.13.50:214][971]LogModuleManager: Shutting down and abandoning module HTTPChunkInstaller (36)
[2018.01.02-12.13.50:214][971]LogModuleManager: Shutting down and abandoning module AnimationModifiers (34)
[2018.01.02-12.13.50:214][971]LogModuleManager: Shutting down and abandoning module PropertyEditor (33)
[2018.01.02-12.13.50:214][971]LogModuleManager: Shutting down and abandoning module AudioEditor (30)
[2018.01.02-12.13.50:214][971]LogModuleManager: Shutting down and abandoning module TextureCompressor (28)
[2018.01.02-12.13.50:214][971]LogModuleManager: Shutting down and abandoning module ShaderCore (26)
[2018.01.02-12.13.50:214][971]LogModuleManager: Shutting down and abandoning module Landscape (24)
[2018.01.02-12.13.50:214][971]LogModuleManager: Shutting down and abandoning module SlateRHIRenderer (22)
[2018.01.02-12.13.50:215][971]LogModuleManager: Shutting down and abandoning module OpenGLDrv (20)
[2018.01.02-12.13.50:215][971]LogModuleManager: Shutting down and abandoning module D3D11RHI (18)
[2018.01.02-12.13.50:215][971]LogModuleManager: Shutting down and abandoning module AnimGraphRuntime (16)
[2018.01.02-12.13.50:215][971]LogModuleManager: Shutting down and abandoning module Renderer (14)
[2018.01.02-12.13.50:215][971]LogModuleManager: Shutting down and abandoning module Engine (12)
[2018.01.02-12.13.50:215][971]LogModuleManager: Shutting down and abandoning module CoreUObject (10)
[2018.01.02-12.13.50:215][971]LogModuleManager: Shutting down and abandoning module NetworkFile (8)
[2018.01.02-12.13.50:215][971]LogModuleManager: Shutting down and abandoning module StreamingFile (6)
[2018.01.02-12.13.50:215][971]LogModuleManager: Shutting down and abandoning module SandboxFile (4)
[2018.01.02-12.13.50:215][971]LogModuleManager: Shutting down and abandoning module PakFile (2)
[2018.01.02-12.13.50:217][971]LogExit: Exiting.
[2018.01.02-12.13.50:233][971]Log file closed, 01/02/18 13:13:50
