Log file open, 11/09/17 15:50:11
LogInit:Display: Running engine for game: SR_Prototype_V3
LogPlatformFile: Not using cached read wrapper
LogInit:Display: RandInit(871219877) SRandInit(871219877).
LogTaskGraph: Started task graph with 5 named threads and 8 total threads with 1 sets of task threads.
LogStats: Stats thread started at 0.081632
LogInit: Using libcurl 7.47.1
LogInit:  - built for x86_64-pc-win32
LogInit:  - supports SSL with OpenSSL/1.0.2g
LogInit:  - supports HTTP deflate (compression) using libz 1.2.8
LogInit:  - other features:
LogInit:      CURL_VERSION_SSL
LogInit:      CURL_VERSION_LIBZ
LogInit:      CURL_VERSION_IPV6
LogInit:      CURL_VERSION_ASYNCHDNS
LogInit:      CURL_VERSION_LARGEFILE
LogInit:      CURL_VERSION_IDN
LogInit:  CurlRequestOptions (configurable via config and command line):
LogInit:  - bVerifyPeer = false  - Libcurl will NOT verify peer certificate
LogInit:  - bUseHttpProxy = false  - Libcurl will NOT use HTTP proxy
LogInit:  - bDontReuseConnections = false  - Libcurl will reuse connections
LogInit:  - CertBundlePath = nullptr  - Libcurl will use whatever was configured at build time.
LogInit: Build: ++UE4+Release-4.16-CL-3561208
LogInit: Engine Version: 4.16.3-3561208+++UE4+Release-4.16
LogInit: Compatible Engine Version: 4.16.0-3452394+++UE4+Release-4.16
LogInit: Net CL: 3452394
LogDevObjectVersion: Number of dev versions registered: 16
LogDevObjectVersion:   Dev-Blueprints (B0D832E4-1F89-4F0D-ACCF-7EB736FD4AA2): 9
LogDevObjectVersion:   Dev-Build (E1C64328-A22C-4D53-A36C-8E866417BD8C): 0
LogDevObjectVersion:   Dev-Core (375EC13C-06E4-48FB-B500-84F0262A717E): 2
LogDevObjectVersion:   Dev-Editor (E4B068ED-F494-42E9-A231-DA0B2E46BB41): 17
LogDevObjectVersion:   Dev-Framework (CFFC743F-43B0-4480-9391-14DF171D2073): 23
LogDevObjectVersion:   Dev-Mobile (B02B49B5-BB20-44E9-A304-32B752E40360): 0
LogDevObjectVersion:   Dev-Networking (A4E4105C-59A1-49B5-A7C5-40C4547EDFEE): 0
LogDevObjectVersion:   Dev-Online (39C831C9-5AE6-47DC-9A44-9C173E1C8E7C): 0
LogDevObjectVersion:   Dev-Physics (78F01B33-EBEA-4F98-B9B4-84EACCB95AA2): 0
LogDevObjectVersion:   Dev-Platform (6631380F-2D4D-43E0-8009-CF276956A95A): 0
LogDevObjectVersion:   Dev-Rendering (12F88B9F-8875-4AFC-A67C-D90C383ABD29): 15
LogDevObjectVersion:   Dev-Sequencer (7B5AE74C-D270-4C10-A958-57980B212A5A): 4
LogDevObjectVersion:   Dev-VR (D7296918-1DD6-4BDD-9DE2-64A83CC13884): 0
LogDevObjectVersion:   Dev-LoadTimes (C2A15278-BFE7-4AFE-6C17-90FF531DF755): 1
LogDevObjectVersion:   Private-Geometry (6EACA3D4-40EC-4CC1-B786-8BED09428FC5): 1
LogDevObjectVersion:   Dev-AnimPhys (29E575DD-E0A3-4627-9D10-D276232CDCEA): 3
LogInit: Compiled (64-bit): Jul 28 2017 11:49:47
LogInit: Compiled with Visual C++: 19.00.24215.01
LogInit: Build Configuration: Development
LogInit: Branch Name: ++UE4+Release-4.16
LogInit: Command line:  
LogInit: Base directory: E:/Unreal Engine Versions/UE_4.16/Engine/Binaries/Win64/
LogInit: Installed Engine Build: 1
LogInit: Presizing for max 8388607 objects, including 0 objects not considered by GC, pre-allocating 0 bytes for permanent pool.
LogInit: Object subsystem initialized
[2017.11.09-14.50.11:727][  0]LogInit: Selected Device Profile: [Windows]
[2017.11.09-14.50.11:727][  0]LogInit: Applying CVar settings loaded from the selected device profile: [Windows]
[2017.11.09-14.50.11:737][  0]LogInit: Computer: DESKTOP-IUT1OKO
[2017.11.09-14.50.11:737][  0]LogInit: User: Steffen
[2017.11.09-14.50.11:737][  0]LogInit: CPU Page size=4096, Cores=4
[2017.11.09-14.50.11:737][  0]LogInit: High frequency timer resolution =3.906247 MHz
[2017.11.09-14.50.11:737][  0]LogMemory: Memory total: Physical=15.9GB (16GB approx)
[2017.11.09-14.50.11:737][  0]LogMemory: Platform Memory Stats for Windows
[2017.11.09-14.50.11:737][  0]LogMemory: Process Physical Memory: 273.96 MB used, 273.96 MB peak
[2017.11.09-14.50.11:737][  0]LogMemory: Process Virtual Memory: 260.64 MB used, 260.64 MB peak
[2017.11.09-14.50.11:737][  0]LogMemory: Physical Memory: 8164.14 MB used,  8160.20 MB free, 16324.34 MB total
[2017.11.09-14.50.11:737][  0]LogMemory: Virtual Memory: 638.21 MB used,  8160.20 MB free, 134217728.00 MB total
[2017.11.09-14.50.11:781][  0]LogInit: Using OS detected language (nb-NO).
[2017.11.09-14.50.11:781][  0]LogInit: Using OS detected locale (nb-NO).
[2017.11.09-14.50.11:783][  0]LogTextLocalizationManager: No localization for 'nb-NO' exists, so 'en' will be used for the language.
[2017.11.09-14.50.11:783][  0]LogTextLocalizationManager: No localization for 'nb-NO' exists, so 'en' will be used for the locale.
[2017.11.09-14.50.12:541][  0]LogD3D11RHI: D3D11 adapters:
[2017.11.09-14.50.13:057][  0]LogD3D11RHI:    0. 'NVIDIA GeForce GTX 1080 Ti' (Feature Level 11_0)
[2017.11.09-14.50.13:057][  0]LogD3D11RHI:       11124/0/8162 MB DedicatedVideo/DedicatedSystem/SharedSystem, Outputs:3, VendorId:0x10de
[2017.11.09-14.50.13:058][  0]LogD3D11RHI:    1. 'Microsoft Basic Render Driver' (Feature Level 11_0)
[2017.11.09-14.50.13:058][  0]LogD3D11RHI:       0/0/8162 MB DedicatedVideo/DedicatedSystem/SharedSystem, Outputs:0, VendorId:0x1414
[2017.11.09-14.50.13:058][  0]LogD3D11RHI: Chosen D3D11 Adapter: 0
[2017.11.09-14.50.13:064][  0]LogD3D11RHI: Creating new Direct3DDevice
[2017.11.09-14.50.13:064][  0]LogD3D11RHI:     GPU DeviceId: 0x1b06 (for the marketing name, search the web for "GPU Device Id")
[2017.11.09-14.50.13:064][  0]LogWindows: EnumDisplayDevices:
[2017.11.09-14.50.13:064][  0]LogWindows:    0. 'NVIDIA GeForce GTX 1080 Ti' (P:1 D:1)
[2017.11.09-14.50.13:064][  0]LogWindows:    1. 'NVIDIA GeForce GTX 1080 Ti' (P:0 D:1)
[2017.11.09-14.50.13:064][  0]LogWindows:    2. 'NVIDIA GeForce GTX 1080 Ti' (P:0 D:1)
[2017.11.09-14.50.13:064][  0]LogWindows:    3. 'NVIDIA GeForce GTX 1080 Ti' (P:0 D:0)
[2017.11.09-14.50.13:064][  0]LogWindows: DebugString: FoundDriverCount:4 
[2017.11.09-14.50.13:064][  0]LogD3D11RHI:     Adapter Name: NVIDIA GeForce GTX 1080 Ti
[2017.11.09-14.50.13:064][  0]LogD3D11RHI:   Driver Version: 384.94 (internal:22.21.13.8494, unified:384.94)
[2017.11.09-14.50.13:064][  0]LogD3D11RHI:      Driver Date: 7-18-2017
[2017.11.09-14.50.13:064][  0]LogRHI: Texture pool is 1361 MB (70% of 1945 MB)
[2017.11.09-14.50.13:554][  0]LogD3D11RHI: Async texture creation enabled
[2017.11.09-14.50.13:585][  0]LogD3D11RHI: GPU Timing Frequency: 1000.000000 (Debug: 2 1)
[2017.11.09-14.50.13:676][  0]LogShaderCompilers: Guid format shader working directory is -14 characters bigger than the processId version (../../../../../GitHubProjects/SR_Prototype_V3/SR_Prototype_V3/Intermediate/Shaders/WorkingDirectory/13920/).
[2017.11.09-14.50.13:676][  0]LogShaderCompilers: Cleaned the shader compiler working directory 'C:/Users/Steffen/AppData/Local/Temp/UnrealShaderWorkingDir/B765C3DF41B199A0BB1999A6B07DAE82/'.
[2017.11.09-14.50.13:677][  0]LogShaderCompilers:Display: Using Local Shader Compiler.
[2017.11.09-14.50.14:517][  0]LogTemp:Display: Loaded TP AllDesktopTargetPlatform
[2017.11.09-14.50.14:550][  0]LogTemp:Display: Loaded TP MacClientTargetPlatform
[2017.11.09-14.50.14:580][  0]LogTemp:Display: Loaded TP MacNoEditorTargetPlatform
[2017.11.09-14.50.14:612][  0]LogTemp:Display: Loaded TP MacServerTargetPlatform
[2017.11.09-14.50.14:647][  0]LogTemp:Display: Loaded TP MacTargetPlatform
[2017.11.09-14.50.14:678][  0]LogTemp:Display: Loaded TP WindowsClientTargetPlatform
[2017.11.09-14.50.14:706][  0]LogTemp:Display: Loaded TP WindowsNoEditorTargetPlatform
[2017.11.09-14.50.14:737][  0]LogTemp:Display: Loaded TP WindowsServerTargetPlatform
[2017.11.09-14.50.14:765][  0]LogTemp:Display: Loaded TP WindowsTargetPlatform
[2017.11.09-14.50.14:794][  0]LogTemp:Display: Loaded TP AndroidTargetPlatform
[2017.11.09-14.50.14:825][  0]LogTemp:Display: Loaded TP Android_ASTCTargetPlatform
[2017.11.09-14.50.14:857][  0]LogTemp:Display: Loaded TP Android_ATCTargetPlatform
[2017.11.09-14.50.14:886][  0]LogTemp:Display: Loaded TP Android_DXTTargetPlatform
[2017.11.09-14.50.14:916][  0]LogTemp:Display: Loaded TP Android_ETC1TargetPlatform
[2017.11.09-14.50.14:946][  0]LogTemp:Display: Loaded TP Android_ETC2TargetPlatform
[2017.11.09-14.50.15:013][  0]LogTemp:Display: Loaded TP Android_MultiTargetPlatform
[2017.11.09-14.50.15:013][  0]LogTemp:Display: Loaded TP Android_PVRTCTargetPlatform
[2017.11.09-14.50.15:035][  0]LogTemp:Display: Loaded TP HTML5TargetPlatform
[2017.11.09-14.50.15:098][  0]LogTemp:Display: Loaded TP IOSTargetPlatform
[2017.11.09-14.50.15:115][  0]LogTemp:Display: Loaded TP TVOSTargetPlatform
[2017.11.09-14.50.15:143][  0]LogTemp:Display: Loaded TP LinuxClientTargetPlatform
[2017.11.09-14.50.15:170][  0]LogTemp:Display: Loaded TP LinuxNoEditorTargetPlatform
[2017.11.09-14.50.15:198][  0]LogTemp:Display: Loaded TP LinuxServerTargetPlatform
[2017.11.09-14.50.15:227][  0]LogTemp:Display: Loaded TP LinuxTargetPlatform
[2017.11.09-14.50.15:227][  0]LogTargetPlatformManager:Display: Building Assets For Windows
[2017.11.09-14.50.15:490][  0]LogDerivedDataCache:Display: Max Cache Size: 512 MB
[2017.11.09-14.50.15:585][  0]LogDerivedDataCache: Loaded boot cache 0.09s 111MB C:/Users/Steffen/AppData/Local/UnrealEngine/4.16/DerivedDataCache/Boot.ddc.
[2017.11.09-14.50.15:585][  0]LogDerivedDataCache:Display: Loaded Boot cache: C:/Users/Steffen/AppData/Local/UnrealEngine/4.16/DerivedDataCache/Boot.ddc
[2017.11.09-14.50.15:585][  0]LogDerivedDataCache: FDerivedDataBackendGraph:  Pak pak cache file ../../../../../GitHubProjects/SR_Prototype_V3/SR_Prototype_V3/DerivedDataCache/DDC.ddp not found, will not use a pak cache.
[2017.11.09-14.50.15:585][  0]LogDerivedDataCache: Unable to find inner node Pak for hierarchical cache Hierarchy.
[2017.11.09-14.50.15:585][  0]LogDerivedDataCache: FDerivedDataBackendGraph:  CompressedPak pak cache file ../../../../../GitHubProjects/SR_Prototype_V3/SR_Prototype_V3/DerivedDataCache/Compressed.ddp not found, will not use a pak cache.
[2017.11.09-14.50.15:585][  0]LogDerivedDataCache: Unable to find inner node CompressedPak for hierarchical cache Hierarchy.
[2017.11.09-14.50.15:598][  0]LogDerivedDataCache:Display: Pak cache opened for reading ../../../Engine/DerivedDataCache/Compressed.ddp.
[2017.11.09-14.50.15:610][  0]LogDerivedDataCache: Using Local data cache path C:/Users/Steffen/AppData/Local/UnrealEngine/Common/DerivedDataCache: Writable
[2017.11.09-14.50.15:619][  0]LogMaterial: Verifying Global Shaders for PCD3D_SM5
[2017.11.09-14.50.15:619][  0]LogSlate: Using Freetype 2.6.0
[2017.11.09-14.50.15:619][  0]LogSlate: SlateFontCache - WITH_FREETYPE: 1, WITH_HARFBUZZ: 1
[2017.11.09-14.50.15:620][  0]LogSlate: SlateFontCache - WITH_FREETYPE: 1, WITH_HARFBUZZ: 1
[2017.11.09-14.50.15:879][  0]LogInit: Selected Device Profile: [Windows]
[2017.11.09-14.50.16:078][  0]LogMeshUtilities: Using QuadricMeshReduction for automatic static mesh reduction
[2017.11.09-14.50.16:108][  0]LogSimplygon: Simplygon DLL not present - disabling.
[2017.11.09-14.50.16:136][  0]LogMeshUtilities: Using SimplygonSwarm for distributed automatic mesh merging
[2017.11.09-14.50.16:136][  0]LogMeshUtilities: No automatic skeletal mesh reduction module available
[2017.11.09-14.50.16:136][  0]LogMeshUtilities: No automatic mesh merging module available
[2017.11.09-14.50.16:577][  0]LogNetVersion: SR_Prototype_V3 , NetCL: 3452394, EngineNetVer: 2, GameNetVer: 0 (Checksum: 2708348065)
[2017.11.09-14.50.16:625][  0]LogAssetRegistry: FAssetRegistry took 0.0250 seconds to start up
[2017.11.09-14.50.16:652][  0]LogPackageLocalizationCache: Processed 5 localized package path(s) for 1 prioritized culture(s) in 0.016182 seconds
[2017.11.09-14.50.16:656][  0]LogUObjectArray: 34194 objects as part of root set at end of initial load.
[2017.11.09-14.50.16:656][  0]LogUObjectAllocator: 7260416 out of 0 bytes used by permanent object pool.
[2017.11.09-14.50.16:656][  0]LogUObjectArray: CloseDisregardForGC: 0/0 objects in disregard for GC pool
[2017.11.09-14.50.16:690][  0]LogInit: WinSock: version 1.1 (2.2), MaxSocks=32767, MaxUdp=65467
[2017.11.09-14.50.18:305][  0]LogTcpMessaging: Initializing TcpMessaging bridge
[2017.11.09-14.50.18:332][  0]LogUdpMessaging: Initializing bridge on interface 0.0.0.0:0 to multicast group 230.0.0.1:6666.
[2017.11.09-14.50.18:700][  0]LogMaterial: Uniform references updated for custom material expression Custom.
[2017.11.09-14.50.18:937][  0]SourceControl: Info Source control is disabled
[2017.11.09-14.50.18:938][  0]SourceControl: Info Source control is disabled
[2017.11.09-14.50.18:961][  0]SourceControl: Info Source control is disabled
[2017.11.09-14.50.18:988][  0]SourceControl: Info Source control is disabled
[2017.11.09-14.50.19:395][  0]LogAndroidPermission: UAndroidPermissionCallbackProxy::GetInstance
[2017.11.09-14.50.19:827][  0]LogEngine: Initializing Engine...
[2017.11.09-14.50.19:828][  0]LogHMD: Failed to initialize OpenVR with code 110
[2017.11.09-14.50.20:014][  0]LogStats: UGameplayTagsManager::ConstructGameplayTagTree: Construct from data asset -  0.000 s
[2017.11.09-14.50.20:014][  0]LogStats: UGameplayTagsManager::ConstructGameplayTagTree: GameplayTagTreeChangedEvent.Broadcast -  0.000 s
[2017.11.09-14.50.20:099][  0]LogAIModule: Creating AISystem for world Untitled
[2017.11.09-14.50.20:110][  0]LogInit: XAudio2 using 'SPDIF Interface (FiiO USB DAC-E10)' : 2 channels at 48 kHz using 16 bits per sample (channel mask 0x3)
[2017.11.09-14.50.20:117][  0]LogInit: FAudioDevice initialized.
[2017.11.09-14.50.20:172][  0]LogDerivedDataCache: Saved boot cache 0.05s 111MB C:/Users/Steffen/AppData/Local/UnrealEngine/4.16/DerivedDataCache/Boot.ddc.
[2017.11.09-14.50.20:192][  0]LogInit: Texture streaming: Disabled
[2017.11.09-14.50.20:253][  0]LogEngineSessionManager: EngineSessionManager initialized
[2017.11.09-14.50.20:391][  0]LogInit: Transaction tracking system initialized
[2017.11.09-14.50.20:580][  0]BlueprintLog: New page: Editor Load
[2017.11.09-14.50.21:136][  0]LocalizationService: Info Localization service is disabled
[2017.11.09-14.50.21:545][  0]LogConsoleResponse:Display: 
[2017.11.09-14.50.21:669][  0]LogCook:Display: Max memory allowance for cook 16384mb min free memory 0mb
[2017.11.09-14.50.21:669][  0]LogCook:Display: Mobile HDR setting 1
[2017.11.09-14.50.22:292][  0]LogFileCache: Scanning file cache for directory 'E:/GitHubProjects/SR_Prototype_V3/SR_Prototype_V3/Content/' took 0.01s
[2017.11.09-14.50.22:292][  0]SourceControl: Info Source control is disabled
[2017.11.09-14.50.22:293][  0]Cmd: MAP LOAD FILE="../../../../../GitHubProjects/SR_Prototype_V3/SR_Prototype_V3/Content/ScanReach.umap" TEMPLATE=0 SHOWPROGRESS=1 FEATURELEVEL=3
[2017.11.09-14.50.22:293][  0]LightingResults: New page: Lighting Build
[2017.11.09-14.50.22:319][  0]MapCheck: New page: Map Check
[2017.11.09-14.50.22:319][  0]LightingResults: New page: Lighting Build
[2017.11.09-14.50.23:287][  0]LogAIModule: Creating AISystem for world ScanReach
[2017.11.09-14.50.23:313][  0]LogEditorServer: Finished looking for orphan Actors (0.000 secs)
[2017.11.09-14.50.23:335][  0]Cmd: MAP CHECKDEP NOCLEARLOG
[2017.11.09-14.50.23:373][  0]MapCheck: Info Map check complete: 0 Error(s), 0 Warning(s), took 37.345ms to complete.
[2017.11.09-14.50.23:373][  0]LogFileHelpers: Loading map 'ScanReach' took 1.080
[2017.11.09-14.50.23:558][  0]LogCollectionManager: Loaded 0 collections in 0.000729 seconds
[2017.11.09-14.50.23:642][  0]LogFileCache: Scanning file cache for directory 'E:/GitHubProjects/SR_Prototype_V3/SR_Prototype_V3/Saved/Collections/' took 0.01s
[2017.11.09-14.50.23:642][  0]LogFileCache: Scanning file cache for directory 'E:/GitHubProjects/SR_Prototype_V3/SR_Prototype_V3/Content/Developers/Steffen/Collections/' took 0.01s
[2017.11.09-14.50.23:642][  0]LogFileCache: Scanning file cache for directory 'E:/GitHubProjects/SR_Prototype_V3/SR_Prototype_V3/Content/Collections/' took 0.01s
[2017.11.09-14.50.23:642][  0]LogCollectionManager: Rebuilt the GUID cache for 0 collections in 0.000001 seconds
[2017.11.09-14.50.23:650][  0]LogContentBrowser: Native class hierarchy populated in 0.0083 seconds. Added 2334 classes and 495 folders.
[2017.11.09-14.50.23:687][  0]LogContentBrowser: Native class hierarchy updated for 'WidgetCarousel' in 0.0008 seconds. Added 0 classes and 0 folders.
[2017.11.09-14.50.23:716][  0]LogContentBrowser: Native class hierarchy updated for 'AddContentDialog' in 0.0009 seconds. Added 0 classes and 0 folders.
[2017.11.09-14.50.23:745][  0]LogContentBrowser: Native class hierarchy updated for 'SceneOutliner' in 0.0015 seconds. Added 1 classes and 2 folders.
[2017.11.09-14.50.23:772][  0]LogCrashTracker: Crashtracker disabled due to settings.
[2017.11.09-14.50.23:777][  0]LogSlate: Took 0.000336 seconds to synchronously load lazily loaded font '../../../Engine/Content/Slate/Fonts/Roboto-Regular.ttf' (155K)
[2017.11.09-14.50.23:779][  0]LogSlate: Took 0.000186 seconds to synchronously load lazily loaded font '../../../Engine/Content/Slate/Fonts/Roboto-Bold.ttf' (160K)
[2017.11.09-14.50.23:783][  0]LogSlate: Took 0.000157 seconds to synchronously load lazily loaded font '../../../Engine/Content/Editor/Slate/Fonts/FontAwesome.ttf' (139K)
[2017.11.09-14.50.23:865][  0]LogRenderer: Reallocating scene render targets to support 1168x580 NumSamples 1 (Frame:1).
[2017.11.09-14.50.23:940][  0]LogSlate: Took 0.000217 seconds to synchronously load lazily loaded font '../../../Engine/Content/Slate/Fonts/Roboto-Light.ttf' (159K)
[2017.11.09-14.50.24:051][  0]LogUObjectGlobals:Warning: Failed to find object 'Class None.'
[2017.11.09-14.50.24:099][  0]LogContentBrowser: Native class hierarchy updated for 'HierarchicalLODOutliner' in 0.0009 seconds. Added 1 classes and 2 folders.
[2017.11.09-14.50.24:099][  0]LogLoad: (Engine Initialization) Total time: 13.55 seconds
[2017.11.09-14.50.24:099][  0]LogLoad: (Engine Initialization) Total Blueprint compile time: 0.35 seconds
[2017.11.09-14.50.24:099][  0]LogExternalProfiler: No external profilers were discovered.  External profiling features will not be available.
[2017.11.09-14.50.24:111][  0]LogWindowsTextInputMethodSystem:Display: IME system now deactivated.
[2017.11.09-14.50.24:112][  0]LogOcInput: OculusInput pre-init called
[2017.11.09-14.50.24:112][  0]LogHMD: Starting GearVRController plugin
[2017.11.09-14.50.24:129][  0]LogAssetRegistry: Asset discovery search completed in 7.5261 seconds
[2017.11.09-14.50.24:131][  0]LogCollectionManager: Rebuilt the object cache for 0 collections in 0.000001 seconds (found 0 objects)
[2017.11.09-14.50.24:131][  0]LogCollectionManager: Fixed up redirectors for 0 collections in 0.000024 seconds (updated 0 objects)
[2017.11.09-14.50.25:161][106]LogSlate: Took 0.000155 seconds to synchronously load lazily loaded font '../../../Engine/Content/Slate/Fonts/Roboto-Light.ttf' (159K)
[2017.11.09-14.53.02:230][768]LogSlate: Took 0.000126 seconds to synchronously load lazily loaded font '../../../Engine/Content/Slate/Fonts/Roboto-Light.ttf' (159K)
[2017.11.09-14.53.02:271][768]LogFactory: FactoryCreateFile: StaticMesh with FbxFactory (0 0 C:/Users/Steffen/Desktop/PawnCircle.fbx)
[2017.11.09-14.53.02:345][768]LogFbx: ItemName: GlobalSettings, ItemCount : 1
[2017.11.09-14.53.02:345][768]LogFbx: ItemName: AnimationStack, ItemCount : 1
[2017.11.09-14.53.02:345][768]LogFbx: ItemName: AnimationLayer, ItemCount : 1
[2017.11.09-14.53.02:345][768]LogFbx: ItemName: Geometry, ItemCount : 1
[2017.11.09-14.53.02:345][768]LogFbx: ItemName: Material, ItemCount : 1
[2017.11.09-14.53.02:345][768]LogFbx: ItemName: Model, ItemCount : 1
[2017.11.09-14.53.02:363][768]LogFbx: Loading FBX Scene from C:/Users/Steffen/Desktop/PawnCircle.fbx
[2017.11.09-14.53.02:369][768]LogFbx: FBX Scene Loaded Succesfully
[2017.11.09-14.53.08:357][ 69]LogFactory: FactoryCreateFile: StaticMesh with FbxFactory (0 0 C:/Users/Steffen/Desktop/SM_Pawn.fbx)
[2017.11.09-14.53.08:362][ 69]LogFbx: ItemName: GlobalSettings, ItemCount : 1
[2017.11.09-14.53.08:362][ 69]LogFbx: ItemName: AnimationStack, ItemCount : 1
[2017.11.09-14.53.08:362][ 69]LogFbx: ItemName: AnimationLayer, ItemCount : 1
[2017.11.09-14.53.08:362][ 69]LogFbx: ItemName: Geometry, ItemCount : 1
[2017.11.09-14.53.08:362][ 69]LogFbx: ItemName: Material, ItemCount : 1
[2017.11.09-14.53.08:362][ 69]LogFbx: ItemName: Model, ItemCount : 1
[2017.11.09-14.53.08:366][ 69]LogFbx: Loading FBX Scene from C:/Users/Steffen/Desktop/SM_Pawn.fbx
[2017.11.09-14.53.08:371][ 69]LogFbx: FBX Scene Loaded Succesfully
[2017.11.09-14.53.20:299][ 69]LogFbx: Loading FBX Scene from C:/Users/Steffen/Desktop/SM_Pawn.fbx
[2017.11.09-14.53.20:303][ 69]LogFbx: FBX Scene Loaded Succesfully
[2017.11.09-14.53.20:400][ 69]LogStaticMesh: Building static mesh SM_Pawn...
[2017.11.09-14.53.20:456][ 69]LogStaticMesh: Built static mesh [0.06s] /Game/Meshes/SM_Pawn.SM_Pawn
[2017.11.09-14.53.20:484][ 69]FBXImport:Warning: Warning No smoothing group information was found in this FBX scene.  Please make sure to enable the 'Export Smoothing Groups' option in the FBX Exporter plug-in before exporting the file.  Even for tools that don't support smoothing groups, the FBX Exporter will generate appropriate smoothing data at export-time so that correct vertex normals can be inferred while importing. 
[2017.11.09-14.53.24:402][527]LogActorFactory: Actor Factory created SM_Pawn
[2017.11.09-14.53.26:087][728]LogActorFactory: Actor Factory created SM_Pawn
[2017.11.09-14.53.28:784][ 46]Cmd: DELETE
[2017.11.09-14.53.28:784][ 46]Cmd: ACTOR DELETE
[2017.11.09-14.53.28:821][ 46]LogEditorActor: Deleted Actor: StaticMeshActor
[2017.11.09-14.53.28:830][ 46]LogEditorActor: Deleted 1 Actors (0.023 secs)
[2017.11.09-14.53.33:199][560]LogMaterial: Missing cached shader map for material M_Pawn, compiling. 
[2017.11.09-14.53.33:318][560]LogMaterial: Missing cached shader map for material M_Pawn, compiling. 
[2017.11.09-14.53.33:332][560]LogMaterial: Missing cached shader map for material M_Pawn, compiling. 
[2017.11.09-14.53.33:368][560]LogMaterial: Missing cached shader map for material FMatExpressionPreview MaterialExpressionTextureSample_0, compiling. 
[2017.11.09-14.53.33:378][560]LogSlate: Took 0.000199 seconds to synchronously load lazily loaded font '../../../Engine/Content/Editor/Slate/Fonts/Roboto-BoldCondensed.ttf' (158K)
[2017.11.09-14.53.35:442][702]MaterialEditorStats: Info Base pass shader: 50 instructions
[2017.11.09-14.53.35:443][702]MaterialEditorStats: Info Vertex shader: 123 instructions
[2017.11.09-14.53.35:443][702]MaterialEditorStats: Info Texture samplers: 5/16
[2017.11.09-14.53.35:443][702]MaterialEditorStats: Info User interpolators: 2/4 Scalars (1/4 Vectors) (TexCoords: 2, Custom: 0)
[2017.11.09-14.53.36:563][824]LogMaterial: Missing cached shader map for material M_Pawn, compiling. 
[2017.11.09-14.53.36:586][824]LogMaterial:Warning: FMaterialUniformExpressionTexture had invalid TextureIndex! (0 / 0)
[2017.11.09-14.53.38:028][932]LogMaterial: Missing cached shader map for material M_Pawn, compiling. 
[2017.11.09-14.53.38:046][932]LogMaterial: Missing cached shader map for material FMatExpressionPreview MaterialExpressionConstant3Vector_0, compiling. 
[2017.11.09-14.53.40:047][ 70]MaterialEditorStats: Info Base pass shader: 44 instructions
[2017.11.09-14.53.40:047][ 70]MaterialEditorStats: Info Vertex shader: 121 instructions
[2017.11.09-14.53.40:047][ 70]MaterialEditorStats: Info Texture samplers: 4/16
[2017.11.09-14.53.46:388][762]LogMaterial: Missing cached shader map for material M_Pawn, compiling. 
[2017.11.09-14.53.46:405][762]LogMaterial: Missing cached shader map for material FMatExpressionPreview MaterialExpressionConstant3Vector_0, compiling. 
[2017.11.09-14.53.48:156][893]MaterialEditorStats: Info Base pass shader: 44 instructions
[2017.11.09-14.53.48:156][893]MaterialEditorStats: Info Vertex shader: 121 instructions
[2017.11.09-14.53.48:156][893]MaterialEditorStats: Info Texture samplers: 4/16
[2017.11.09-14.53.48:281][906]LogMaterial: Missing cached shader map for material M_Pawn, compiling. 
[2017.11.09-14.53.48:296][906]LogMaterial: Missing cached shader map for material FMatExpressionPreview MaterialExpressionConstant3Vector_0, compiling. 
[2017.11.09-14.53.49:963][ 37]MaterialEditorStats: Info Base pass shader: 44 instructions
[2017.11.09-14.53.49:963][ 37]MaterialEditorStats: Info Vertex shader: 121 instructions
[2017.11.09-14.53.49:963][ 37]MaterialEditorStats: Info Texture samplers: 4/16
[2017.11.09-14.53.58:450][979]LogMaterial: Missing cached shader map for material M_Pawn, compiling. 
[2017.11.09-14.53.58:466][979]LogMaterial: Missing cached shader map for material FMatExpressionPreview MaterialExpressionConstant3Vector_0, compiling. 
[2017.11.09-14.53.59:224][ 32]LogMaterial: Missing cached shader map for material M_Pawn, compiling. 
[2017.11.09-14.53.59:243][ 32]LogMaterial: Missing cached shader map for material FMatExpressionPreview MaterialExpressionConstant3Vector_0, compiling. 
[2017.11.09-14.54.01:142][181]MaterialEditorStats: Info Base pass shader: 44 instructions
[2017.11.09-14.54.01:142][181]MaterialEditorStats: Info Vertex shader: 121 instructions
[2017.11.09-14.54.01:142][181]MaterialEditorStats: Info Texture samplers: 4/16
[2017.11.09-14.54.06:528][792]LogMaterial: Missing cached shader map for material M_Pawn, compiling. 
[2017.11.09-14.54.06:542][792]LogMaterial: Missing cached shader map for material FMatExpressionPreview MaterialExpressionConstant3Vector_0, compiling. 
[2017.11.09-14.54.07:355][848]LogMaterial: Missing cached shader map for material M_Pawn, compiling. 
[2017.11.09-14.54.07:379][848]LogMaterial: Missing cached shader map for material FMatExpressionPreview MaterialExpressionConstant3Vector_0, compiling. 
[2017.11.09-14.54.08:399][922]LogMaterial: Missing cached shader map for material M_Pawn, compiling. 
[2017.11.09-14.54.08:418][922]LogMaterial: Missing cached shader map for material FMatExpressionPreview MaterialExpressionConstant3Vector_0, compiling. 
[2017.11.09-14.54.10:245][ 56]MaterialEditorStats: Info Base pass shader: 44 instructions
[2017.11.09-14.54.10:245][ 56]MaterialEditorStats: Info Vertex shader: 121 instructions
[2017.11.09-14.54.10:245][ 56]MaterialEditorStats: Info Texture samplers: 4/16
[2017.11.09-14.54.12:399][297]LogMaterial: Missing cached shader map for material M_Pawn, compiling. 
[2017.11.09-14.54.12:417][297]LogMaterial: Missing cached shader map for material FMatExpressionPreview MaterialExpressionConstant3Vector_0, compiling. 
[2017.11.09-14.54.14:180][430]MaterialEditorStats: Info Base pass shader: 45 instructions
[2017.11.09-14.54.14:180][430]MaterialEditorStats: Info Vertex shader: 121 instructions
[2017.11.09-14.54.14:180][430]MaterialEditorStats: Info Texture samplers: 4/16
[2017.11.09-14.54.14:342][449]LogMaterialEditor: Applying material M_Pawn
[2017.11.09-14.54.14:834][449]LogMaterial: Missing cached shader map for material M_Pawn, compiling. 
[2017.11.09-14.54.14:901][449]LogMaterial: Missing cached shader map for material M_Pawn, compiling. 
[2017.11.09-14.54.14:930][449]LogMaterial: Missing cached shader map for material M_Pawn, compiling. 
[2017.11.09-14.54.14:968][449]LogMaterial: Missing cached shader map for material FDebugViewModeMaterialProxy M_Pawn, compiling. 
[2017.11.09-14.54.16:051][449]TextureStreamingBuild:Display: Compiling optional shaders took 1.089 seconds.
[2017.11.09-14.54.18:708][682]MaterialEditorStats: Info Base pass shader: 45 instructions
[2017.11.09-14.54.18:708][682]MaterialEditorStats: Info Vertex shader: 121 instructions
[2017.11.09-14.54.18:708][682]MaterialEditorStats: Info Texture samplers: 4/16
[2017.11.09-14.54.22:984][177]LogMaterial: Missing cached shader map for material M_Pawn, compiling. 
[2017.11.09-14.54.23:003][177]LogMaterial: Missing cached shader map for material FMatExpressionPreview MaterialExpressionConstant3Vector_0, compiling. 
[2017.11.09-14.54.24:753][307]MaterialEditorStats: Info Base pass shader: 45 instructions
[2017.11.09-14.54.24:753][307]MaterialEditorStats: Info Vertex shader: 121 instructions
[2017.11.09-14.54.24:753][307]MaterialEditorStats: Info Texture samplers: 4/16
[2017.11.09-14.54.28:641][735]LogMaterial: Missing cached shader map for material M_Pawn, compiling. 
[2017.11.09-14.54.28:660][735]LogMaterial: Missing cached shader map for material FMatExpressionPreview MaterialExpressionConstant3Vector_0, compiling. 
[2017.11.09-14.54.30:326][867]MaterialEditorStats: Info Base pass shader: 45 instructions
[2017.11.09-14.54.30:326][867]MaterialEditorStats: Info Vertex shader: 121 instructions
[2017.11.09-14.54.30:326][867]MaterialEditorStats: Info Texture samplers: 4/16
[2017.11.09-14.54.32:104][ 65]LogMaterialEditor: Applying material M_Pawn
[2017.11.09-14.54.32:596][ 65]LogMaterial: Missing cached shader map for material M_Pawn, compiling. 
[2017.11.09-14.54.32:660][ 65]LogMaterial: Missing cached shader map for material M_Pawn, compiling. 
[2017.11.09-14.54.32:684][ 65]LogMaterial: Missing cached shader map for material M_Pawn, compiling. 
[2017.11.09-14.54.32:721][ 65]LogMaterial: Missing cached shader map for material FDebugViewModeMaterialProxy M_Pawn, compiling. 
[2017.11.09-14.54.33:758][ 65]TextureStreamingBuild:Display: Compiling optional shaders took 1.045 seconds.
[2017.11.09-14.54.36:531][344]MaterialEditorStats: Info Base pass shader: 45 instructions
[2017.11.09-14.54.36:531][344]MaterialEditorStats: Info Vertex shader: 121 instructions
[2017.11.09-14.54.36:531][344]MaterialEditorStats: Info Texture samplers: 4/16
[2017.11.09-14.54.41:584][908]LogContentBrowser: Native class hierarchy updated for 'BlueprintGraph' in 0.0016 seconds. Added 112 classes and 0 folders.
[2017.11.09-14.54.42:056][908]LogSlate: Took 0.000109 seconds to synchronously load lazily loaded font '../../../Engine/Content/Slate/Fonts/Roboto-Regular.ttf' (155K)
[2017.11.09-14.54.42:214][909]LogSlate: Took 0.000266 seconds to synchronously load lazily loaded font '../../../Engine/Content/Editor/Slate/Fonts/Roboto-Italic.ttf' (157K)
[2017.11.09-14.54.47:765][450]LogUObjectArray:Warning: Other object in slot
[2017.11.09-14.54.47:919][450]LogStats: FPlatformStackWalk::StackWalkAndDump -  0.153 s
[2017.11.09-14.54.47:919][450]LogOutputDevice:Error: === Handled ensure: ===
[2017.11.09-14.54.47:919][450]LogOutputDevice:Error: 
[2017.11.09-14.54.47:919][450]LogOutputDevice:Error: Ensure condition failed: false [File:D:\Build\++UE4+Release-4.16+Compile\Sync\Engine\Source\Editor\UnrealEd\Private\Kismet2\KismetDebugUtilities.cpp] [Line: 1037]
[2017.11.09-14.54.47:919][450]LogOutputDevice:Error: Error: Invalid (but non-null) property associated with pin; cannot get variable value
[2017.11.09-14.54.47:919][450]LogOutputDevice:Error: Stack: 
[2017.11.09-14.54.47:919][450]LogOutputDevice:Error: UE4Editor-Core.dll!0x000000002039E2B6
[2017.11.09-14.54.47:919][450]LogOutputDevice:Error: UE4Editor-Core.dll!0x000000002014B8C2
[2017.11.09-14.54.47:919][450]LogOutputDevice:Error: UE4Editor-Core.dll!0x0000000020161E86
[2017.11.09-14.54.47:919][450]LogOutputDevice:Error: UE4Editor-UnrealEd.dll!0x0000000010EE7556
[2017.11.09-14.54.47:919][450]LogOutputDevice:Error: UE4Editor-BlueprintGraph.dll!0x000000000F86D27B
[2017.11.09-14.54.47:919][450]LogOutputDevice:Error: UE4Editor-GraphEditor.dll!0x000000000EBF24AA
[2017.11.09-14.54.47:919][450]LogOutputDevice:Error: UE4Editor-GraphEditor.dll!0x000000000EA972CC
[2017.11.09-14.54.47:919][450]LogOutputDevice:Error: UE4Editor-GraphEditor.dll!0x000000000EA9A6D9
[2017.11.09-14.54.47:919][450]LogOutputDevice:Error: UE4Editor-GraphEditor.dll!0x000000000EBB8035
[2017.11.09-14.54.47:919][450]LogOutputDevice:Error: UE4Editor-Slate.dll!0x0000000011E9DB57
[2017.11.09-14.54.47:919][450]LogOutputDevice:Error: UE4Editor-Slate.dll!0x0000000011EA4B61
[2017.11.09-14.54.47:919][450]LogOutputDevice:Error: UE4Editor-Slate.dll!0x00000000120C48D3
[2017.11.09-14.54.47:919][450]LogOutputDevice:Error: UE4Editor-Slate.dll!0x0000000011EFF604
[2017.11.09-14.54.47:919][450]LogOutputDevice:Error: UE4Editor-Slate.dll!0x0000000011ED77FC
[2017.11.09-14.54.47:919][450]LogOutputDevice:Error: UE4Editor-Slate.dll!0x0000000011EC814C
[2017.11.09-14.54.47:919][450]LogOutputDevice:Error: UE4Editor-Core.dll!0x00000000203915B0
[2017.11.09-14.54.47:919][450]LogOutputDevice:Error: UE4Editor-Core.dll!0x000000002037B7D1
[2017.11.09-14.54.47:919][450]LogOutputDevice:Error: UE4Editor-Core.dll!0x00000000203933DB
[2017.11.09-14.54.47:919][450]LogOutputDevice:Error: UE4Editor-Core.dll!0x0000000020377B22
[2017.11.09-14.54.47:919][450]LogOutputDevice:Error: USER32.dll!0x000000006E9DBC50
[2017.11.09-14.54.47:919][450]LogOutputDevice:Error: USER32.dll!0x000000006E9DB5CF
[2017.11.09-14.54.47:919][450]LogOutputDevice:Error: UE4Editor-Core.dll!0x0000000020393CE6
[2017.11.09-14.54.47:919][450]LogOutputDevice:Error: UE4Editor.exe!0x0000000065DBDB44
[2017.11.09-14.54.47:919][450]LogOutputDevice:Error: UE4Editor.exe!0x0000000065DAF0B0
[2017.11.09-14.54.47:919][450]LogOutputDevice:Error: UE4Editor.exe!0x0000000065DAF12A
[2017.11.09-14.54.47:919][450]LogOutputDevice:Error: UE4Editor.exe!0x0000000065DC0CF9
[2017.11.09-14.54.47:919][450]LogOutputDevice:Error: UE4Editor.exe!0x0000000065DC25F7
[2017.11.09-14.54.47:919][450]LogOutputDevice:Error: KERNEL32.DLL!0x000000006ECE2774
[2017.11.09-14.54.47:919][450]LogOutputDevice:Error: ntdll.dll!0x00000000714E0D51
[2017.11.09-14.54.47:919][450]LogOutputDevice:Error: 
[2017.11.09-14.54.47:923][450]LogStats:                SubmitErrorReport -  0.000 s
[2017.11.09-14.54.48:195][450]LogStats:                    SendNewReport -  0.272 s
[2017.11.09-14.54.48:195][450]LogStats:             FDebug::EnsureFailed -  0.430 s
[2017.11.09-14.54.48:196][450]LogUObjectArray:Warning: Other object in slot
[2017.11.09-14.54.48:440][475]BlueprintLog: New page: Compile BP_Pawn
[2017.11.09-14.54.49:050][514]LogRenderer: Reallocating scene render targets to support 1168x744 NumSamples 1 (Frame:1).
[2017.11.09-14.55.00:796][899]BlueprintLog: New page: Compile BP_Pawn
[2017.11.09-14.55.02:338][ 64]LogTemp: Repeting last play command: New Editor Window (PIE)
[2017.11.09-14.55.02:376][ 64]LogBlueprintUserMessages: Early PlayInEditor Detection: Level '/Game/ScanReach.ScanReach:PersistentLevel' has LevelScriptBlueprint '/Game/ScanReach.ScanReach:PersistentLevel.ScanReach' with GeneratedClass '/Game/ScanReach.ScanReach_C' with ClassGeneratedBy '/Game/ScanReach.ScanReach:PersistentLevel.ScanReach'
[2017.11.09-14.55.02:376][ 64]LogPlayLevel: PlayLevel: No blueprints needed recompiling
[2017.11.09-14.55.02:377][ 64]PIE: New page: PIE session: ScanReach (Nov 9, 2017, 4:55:02 PM)
[2017.11.09-14.55.02:377][ 64]LogPlayLevel: Creating play world package: /Game/UEDPIE_0_ScanReach
[2017.11.09-14.55.02:384][ 64]LogPlayLevel: PIE: StaticDuplicateObject took: (0.007261s)
[2017.11.09-14.55.02:384][ 64]LogAIModule: Creating AISystem for world ScanReach
[2017.11.09-14.55.02:384][ 64]LogPlayLevel: PIE: World Init took: (0.000592s)
[2017.11.09-14.55.02:385][ 64]LogPlayLevel: PIE: Created PIE world by copying editor world from /Game/ScanReach.ScanReach to /Game/UEDPIE_0_ScanReach.ScanReach (0.008015s)
[2017.11.09-14.55.02:408][ 64]LogInit: XAudio2 using 'SPDIF Interface (FiiO USB DAC-E10)' : 2 channels at 48 kHz using 16 bits per sample (channel mask 0x3)
[2017.11.09-14.55.02:413][ 64]LogInit: FAudioDevice initialized.
[2017.11.09-14.55.02:561][ 64]LogLoad: Game class is 'ScanReach_GM_C'
[2017.11.09-14.55.02:566][ 64]LogWorld: Bringing World /Game/UEDPIE_0_ScanReach.ScanReach up for play (max tick rate 0) at 2017.11.09-15.55.02
[2017.11.09-14.55.02:568][ 64]LogWorld: Bringing up level for play took: 0.005177
[2017.11.09-14.55.02:593][ 64]LogContentBrowser: Native class hierarchy updated for 'MovieSceneCapture' in 0.0010 seconds. Added 11 classes and 0 folders.
[2017.11.09-14.55.02:601][ 64]PIE: Info Play in editor start time for /Game/UEDPIE_0_ScanReach -0.116
[2017.11.09-14.55.02:601][ 64]LogBlueprintUserMessages: Late PlayInEditor Detection: Level '/Game/ScanReach.ScanReach:PersistentLevel' has LevelScriptBlueprint '/Game/ScanReach.ScanReach:PersistentLevel.ScanReach' with GeneratedClass '/Game/ScanReach.ScanReach_C' with ClassGeneratedBy '/Game/ScanReach.ScanReach:PersistentLevel.ScanReach'
[2017.11.09-14.55.02:626][ 64]LogRenderer: Reallocating scene render targets to support 1292x756 NumSamples 1 (Frame:1).
[2017.11.09-14.55.11:838][153]LogBlueprintUserMessages: Early EndPlayMap Detection: Level '/Game/ScanReach.ScanReach:PersistentLevel' has LevelScriptBlueprint '/Game/ScanReach.ScanReach:PersistentLevel.ScanReach' with GeneratedClass '/Game/ScanReach.ScanReach_C' with ClassGeneratedBy '/Game/ScanReach.ScanReach:PersistentLevel.ScanReach'
[2017.11.09-14.55.11:901][153]LogBlueprintUserMessages: Late EndPlayMap Detection: Level '/Game/ScanReach.ScanReach:PersistentLevel' has LevelScriptBlueprint '/Game/ScanReach.ScanReach:PersistentLevel.ScanReach' with GeneratedClass '/Game/ScanReach.ScanReach_C' with ClassGeneratedBy '/Game/ScanReach.ScanReach:PersistentLevel.ScanReach'
[2017.11.09-14.55.13:025][278]Cmd: OBJ SAVEPACKAGE PACKAGE="/Game/ScanReach" FILE="../../../../../GitHubProjects/SR_Prototype_V3/SR_Prototype_V3/Content/ScanReach.umap" SILENT=true AUTOSAVING=false KEEPDIRTY=false
[2017.11.09-14.55.13:327][278]LogSavePackage: Save=265.09ms
[2017.11.09-14.55.13:327][278]LogSavePackage: Moving '../../../../../GitHubProjects/SR_Prototype_V3/SR_Prototype_V3/Saved/ScanReach214D7EE042D1DB6D036E74A795D7FE93.tmp' to '../../../../../GitHubProjects/SR_Prototype_V3/SR_Prototype_V3/Content/ScanReach.umap'
[2017.11.09-14.55.13:329][278]LogSavePackage:Display: Finished SavePackage ../../../../../GitHubProjects/SR_Prototype_V3/SR_Prototype_V3/Content/ScanReach.umap
[2017.11.09-14.55.13:371][278]Cmd: OBJ SAVEPACKAGE PACKAGE="/Game/ScanReach_BuiltData" FILE="../../../../../GitHubProjects/SR_Prototype_V3/SR_Prototype_V3/Content/ScanReach_BuiltData.uasset" SILENT=true
[2017.11.09-14.55.13:398][278]LogSavePackage: Save=11.99ms
[2017.11.09-14.55.13:398][278]LogSavePackage: Moving '../../../../../GitHubProjects/SR_Prototype_V3/SR_Prototype_V3/Saved/ScanReach_BuiltDataA6277B5A49FE9B2902156D8E1A3F1C8D.tmp' to '../../../../../GitHubProjects/SR_Prototype_V3/SR_Prototype_V3/Content/ScanReach_BuiltData.uasset'
[2017.11.09-14.55.13:399][278]LogSavePackage:Display: Finished SavePackage ../../../../../GitHubProjects/SR_Prototype_V3/SR_Prototype_V3/Content/ScanReach_BuiltData.uasset
[2017.11.09-14.55.16:325][444]Cmd: OBJ SAVEPACKAGE PACKAGE="/Game/Blueprints/SimulationPawns/BP_Pawn" FILE="../../../../../GitHubProjects/SR_Prototype_V3/SR_Prototype_V3/Content/Blueprints/SimulationPawns/BP_Pawn.uasset" SILENT=true
[2017.11.09-14.55.16:409][444]LogSavePackage: Save=65.83ms
[2017.11.09-14.55.16:409][444]LogSavePackage: Moving '../../../../../GitHubProjects/SR_Prototype_V3/SR_Prototype_V3/Saved/BP_Pawn1C0E294B4F7D1FE11E346EB6F96DE821.tmp' to '../../../../../GitHubProjects/SR_Prototype_V3/SR_Prototype_V3/Content/Blueprints/SimulationPawns/BP_Pawn.uasset'
[2017.11.09-14.55.16:411][444]LogSavePackage:Display: Finished SavePackage ../../../../../GitHubProjects/SR_Prototype_V3/SR_Prototype_V3/Content/Blueprints/SimulationPawns/BP_Pawn.uasset
[2017.11.09-14.55.16:425][444]Cmd: OBJ SAVEPACKAGE PACKAGE="/Game/Materials/M_Pawn" FILE="../../../../../GitHubProjects/SR_Prototype_V3/SR_Prototype_V3/Content/Materials/M_Pawn.uasset" SILENT=true
[2017.11.09-14.55.16:453][444]LogSavePackage: Save=11.34ms
[2017.11.09-14.55.16:453][444]LogSavePackage: Moving '../../../../../GitHubProjects/SR_Prototype_V3/SR_Prototype_V3/Saved/M_PawnDF8AF90E438E35A58A40049243619768.tmp' to '../../../../../GitHubProjects/SR_Prototype_V3/SR_Prototype_V3/Content/Materials/M_Pawn.uasset'
[2017.11.09-14.55.16:454][444]LogSavePackage:Display: Finished SavePackage ../../../../../GitHubProjects/SR_Prototype_V3/SR_Prototype_V3/Content/Materials/M_Pawn.uasset
[2017.11.09-14.55.16:466][444]Cmd: OBJ SAVEPACKAGE PACKAGE="/Game/Meshes/SM_Pawn" FILE="../../../../../GitHubProjects/SR_Prototype_V3/SR_Prototype_V3/Content/Meshes/SM_Pawn.uasset" SILENT=true
[2017.11.09-14.55.16:478][444]LogSavePackage: Save=10.33ms
[2017.11.09-14.55.16:478][444]LogSavePackage: Moving '../../../../../GitHubProjects/SR_Prototype_V3/SR_Prototype_V3/Saved/SM_PawnB0305CFD4DC227899C3493AC64E76505.tmp' to '../../../../../GitHubProjects/SR_Prototype_V3/SR_Prototype_V3/Content/Meshes/SM_Pawn.uasset'
[2017.11.09-14.55.16:480][444]LogSavePackage:Display: Finished SavePackage ../../../../../GitHubProjects/SR_Prototype_V3/SR_Prototype_V3/Content/Meshes/SM_Pawn.uasset
[2017.11.09-14.55.16:727][444]LogWindowsTextInputMethodSystem:Display: IME system now deactivated.
[2017.11.09-14.55.16:908][445]Cmd: QUIT_EDITOR
[2017.11.09-14.55.17:677][445]LogExit: Preparing to exit.
[2017.11.09-14.55.18:586][445]LogDirectoryWatcher: A directory notification for 'E:/GitHubProjects/SR_Prototype_V3/SR_Prototype_V3/Content/' was aborted.
[2017.11.09-14.55.18:620][445]LogExit: Editor shut down
[2017.11.09-14.55.18:623][445]LogExit: Transaction tracking system shut down
[2017.11.09-14.55.18:715][445]LogObj: Freed 0b from 0 cluster array pools.
[2017.11.09-14.55.18:715][445]LogExit: Object subsystem successfully closed.
[2017.11.09-14.55.18:725][445]LogD3D11RHI: Shutdown
[2017.11.09-14.55.18:725][445]LogD3D11RHI: CleanupD3DDevice
[2017.11.09-14.55.18:795][445]LogD3D11RHI: ~FD3D11DynamicRHI
[2017.11.09-14.55.18:802][445]LogModuleManager: Shutting down and abandoning module MovieSceneCapture (538)
[2017.11.09-14.55.18:802][445]LogModuleManager: Shutting down and abandoning module HierarchicalLODUtilities (536)
[2017.11.09-14.55.18:802][445]LogModuleManager: Shutting down and abandoning module BlueprintGraph (534)
[2017.11.09-14.55.18:802][445]LogModuleManager: Shutting down and abandoning module BlueprintProfiler (532)
[2017.11.09-14.55.18:802][445]LogModuleManager: Shutting down and abandoning module MaterialEditor (530)
[2017.11.09-14.55.18:802][445]LogModuleManager: Shutting down and abandoning module HierarchicalLODOutliner (528)
[2017.11.09-14.55.18:802][445]LogModuleManager: Shutting down and abandoning module CrashTracker (526)
[2017.11.09-14.55.18:802][445]LogModuleManager: Shutting down and abandoning module SceneOutliner (524)
[2017.11.09-14.55.18:802][445]LogModuleManager: Shutting down and abandoning module AddContentDialog (522)
[2017.11.09-14.55.18:802][445]LogDirectoryWatcher: A directory notification for 'E:/Unreal Engine Versions/UE_4.16/FeaturePacks/' was aborted.
[2017.11.09-14.55.18:803][445]LogModuleManager: Shutting down and abandoning module WidgetCarousel (521)
[2017.11.09-14.55.18:803][445]LogModuleManager: Shutting down and abandoning module EditorWidgets (518)
[2017.11.09-14.55.18:803][445]LogModuleManager: Shutting down and abandoning module CollectionManager (516)
[2017.11.09-14.55.18:803][445]LogDirectoryWatcher: A directory notification for 'E:/GitHubProjects/SR_Prototype_V3/SR_Prototype_V3/Content/Collections/' was aborted.
[2017.11.09-14.55.18:803][445]LogDirectoryWatcher: A directory notification for 'E:/GitHubProjects/SR_Prototype_V3/SR_Prototype_V3/Content/Developers/Steffen/Collections/' was aborted.
[2017.11.09-14.55.18:803][445]LogDirectoryWatcher: A directory notification for 'E:/GitHubProjects/SR_Prototype_V3/SR_Prototype_V3/Saved/Collections/' was aborted.
[2017.11.09-14.55.18:803][445]LogModuleManager: Shutting down and abandoning module StatsViewer (514)
[2017.11.09-14.55.18:803][445]LogModuleManager: Shutting down and abandoning module FoliageEdit (512)
[2017.11.09-14.55.18:803][445]LogModuleManager: Shutting down and abandoning module LandscapeEditor (510)
[2017.11.09-14.55.18:803][445]LogModuleManager: Shutting down and abandoning module MeshPaintMode (508)
[2017.11.09-14.55.18:803][445]LogModuleManager: Shutting down and abandoning module SceneDepthPickerMode (506)
[2017.11.09-14.55.18:803][445]LogModuleManager: Shutting down and abandoning module ActorPickerMode (504)
[2017.11.09-14.55.18:803][445]LogModuleManager: Shutting down and abandoning module GeometryMode (502)
[2017.11.09-14.55.18:803][445]LogModuleManager: Shutting down and abandoning module TextureAlignMode (500)
[2017.11.09-14.55.18:803][445]LogModuleManager: Shutting down and abandoning module BspMode (498)
[2017.11.09-14.55.18:803][445]LogModuleManager: Shutting down and abandoning module HardwareSurvey (496)
[2017.11.09-14.55.18:803][445]LogModuleManager: Shutting down and abandoning module SequenceRecorderSections (494)
[2017.11.09-14.55.18:803][445]LogModuleManager: Shutting down and abandoning module AutomationWorker (492)
[2017.11.09-14.55.18:803][445]LogModuleManager: Shutting down and abandoning module MatineeToLevelSequence (490)
[2017.11.09-14.55.18:803][445]LogModuleManager: Shutting down and abandoning module LevelSequenceEditor (488)
[2017.11.09-14.55.18:803][445]LogModuleManager: Shutting down and abandoning module PlacementMode (487)
[2017.11.09-14.55.18:803][445]LogModuleManager: Shutting down and abandoning module WmfMediaFactory (484)
[2017.11.09-14.55.18:803][445]LogModuleManager: Shutting down and abandoning module WmfMediaEditor (482)
[2017.11.09-14.55.18:803][445]LogModuleManager: Shutting down and abandoning module AvfMediaFactory (480)
[2017.11.09-14.55.18:804][445]LogModuleManager: Shutting down and abandoning module AvfMediaEditor (478)
[2017.11.09-14.55.18:804][445]LogModuleManager: Shutting down and abandoning module AndroidMediaFactory (476)
[2017.11.09-14.55.18:804][445]LogModuleManager: Shutting down and abandoning module Media (475)
[2017.11.09-14.55.18:804][445]LogModuleManager: Shutting down and abandoning module AndroidMediaEditor (472)
[2017.11.09-14.55.18:804][445]LogModuleManager: Shutting down and abandoning module CharacterAI (470)
[2017.11.09-14.55.18:804][445]LogModuleManager: Shutting down and abandoning module AudioCapture (468)
[2017.11.09-14.55.18:804][445]LogModuleManager: Shutting down and abandoning module SequenceRecorder (467)
[2017.11.09-14.55.18:804][445]LogModuleManager: Shutting down and abandoning module SmartSnapping (464)
[2017.11.09-14.55.18:804][445]LogModuleManager: Shutting down and abandoning module SessionServices (462)
[2017.11.09-14.55.18:804][445]LogModuleManager: Shutting down and abandoning module ViewportSnapping (460)
[2017.11.09-14.55.18:804][445]LogModuleManager: Shutting down and abandoning module ViewportInteraction (458)
[2017.11.09-14.55.18:804][445]LogModuleManager: Shutting down and abandoning module ClothPainter (456)
[2017.11.09-14.55.18:804][445]LogModuleManager: Shutting down and abandoning module LogVisualizer (454)
[2017.11.09-14.55.18:804][445]LogModuleManager: Shutting down and abandoning module IntroTutorials (452)
[2017.11.09-14.55.18:804][445]LogModuleManager: Shutting down and abandoning module GameProjectGeneration (451)
[2017.11.09-14.55.18:804][445]LogModuleManager: Shutting down and abandoning module EditorLiveStreaming (448)
[2017.11.09-14.55.18:804][445]LogModuleManager: Shutting down and abandoning module IOSPlatformEditor (446)
[2017.11.09-14.55.18:804][445]LogModuleManager: Shutting down and abandoning module HTML5PlatformEditor (444)
[2017.11.09-14.55.18:804][445]LogModuleManager: Shutting down and abandoning module AndroidPlatformEditor (442)
[2017.11.09-14.55.18:804][445]LogModuleManager: Shutting down and abandoning module AndroidDeviceDetection (441)
[2017.11.09-14.55.19:472][445]LogModuleManager: Shutting down and abandoning module IOSRuntimeSettings (438)
[2017.11.09-14.55.19:472][445]LogModuleManager: Shutting down and abandoning module AndroidRuntimeSettings (436)
[2017.11.09-14.55.19:472][445]LogModuleManager: Shutting down and abandoning module InputBindingEditor (434)
[2017.11.09-14.55.19:472][445]LogModuleManager: Shutting down and abandoning module MergeActors (432)
[2017.11.09-14.55.19:472][445]LogModuleManager: Shutting down and abandoning module SizeMap (430)
[2017.11.09-14.55.19:472][445]LogModuleManager: Shutting down and abandoning module TreeMap (428)
[2017.11.09-14.55.19:472][445]LogModuleManager: Shutting down and abandoning module ReferenceViewer (426)
[2017.11.09-14.55.19:473][445]LogModuleManager: Shutting down and abandoning module LocalizationDashboard (424)
[2017.11.09-14.55.19:473][445]LogModuleManager: Shutting down and abandoning module LocalizationService (423)
[2017.11.09-14.55.19:473][445]LogModuleManager: Shutting down and abandoning module HardwareTargeting (420)
[2017.11.09-14.55.19:473][445]LogModuleManager: Shutting down and abandoning module DeviceProfileEditor (418)
[2017.11.09-14.55.19:473][445]LogModuleManager: Shutting down and abandoning module UndoHistory (416)
[2017.11.09-14.55.19:473][445]LogModuleManager: Shutting down and abandoning module UserFeedback (414)
[2017.11.09-14.55.19:473][445]LogModuleManager: Shutting down and abandoning module XmlParser (412)
[2017.11.09-14.55.19:473][445]LogModuleManager: Shutting down and abandoning module Blutility (410)
[2017.11.09-14.55.19:473][445]LogModuleManager: Shutting down and abandoning module ProjectSettingsViewer (408)
[2017.11.09-14.55.19:473][445]LogModuleManager: Shutting down and abandoning module ProjectTargetPlatformEditor (407)
[2017.11.09-14.55.19:473][445]LogModuleManager: Shutting down and abandoning module EditorSettingsViewer (404)
[2017.11.09-14.55.19:473][445]LogModuleManager: Shutting down and abandoning module SettingsEditor (402)
[2017.11.09-14.55.19:473][445]LogModuleManager: Shutting down and abandoning module ProjectLauncher (400)
[2017.11.09-14.55.19:473][445]LogModuleManager: Shutting down and abandoning module SessionFrontend (398)
[2017.11.09-14.55.19:473][445]LogModuleManager: Shutting down and abandoning module ProfilerClient (396)
[2017.11.09-14.55.19:473][445]LogModuleManager: Shutting down and abandoning module DeviceManager (394)
[2017.11.09-14.55.19:473][445]LogModuleManager: Shutting down and abandoning module TargetDeviceServices (393)
[2017.11.09-14.55.19:527][445]LogModuleManager: Shutting down and abandoning module AutomationController (390)
[2017.11.09-14.55.19:527][445]LogModuleManager: Shutting down and abandoning module AutomationWindow (388)
[2017.11.09-14.55.19:527][445]LogModuleManager: Shutting down and abandoning module Layers (386)
[2017.11.09-14.55.19:527][445]LogModuleManager: Shutting down and abandoning module ComponentVisualizers (384)
[2017.11.09-14.55.19:527][445]LogModuleManager: Shutting down and abandoning module DetailCustomizations (382)
[2017.11.09-14.55.19:527][445]LogModuleManager: Shutting down and abandoning module PackagesDialog (380)
[2017.11.09-14.55.19:527][445]LogModuleManager: Shutting down and abandoning module Persona (378)
[2017.11.09-14.55.19:527][445]LogModuleManager: Shutting down and abandoning module AdvancedPreviewScene (377)
[2017.11.09-14.55.19:527][445]LogModuleManager: Shutting down and abandoning module AnimGraph (375)
[2017.11.09-14.55.19:527][445]LogModuleManager: Shutting down and abandoning module Kismet (372)
[2017.11.09-14.55.19:535][445]LogModuleManager: Shutting down and abandoning module ClassViewer (370)
[2017.11.09-14.55.19:535][445]LogModuleManager: Shutting down and abandoning module Toolbox (368)
[2017.11.09-14.55.19:535][445]LogModuleManager: Shutting down and abandoning module ModuleUI (366)
[2017.11.09-14.55.19:535][445]LogModuleManager: Shutting down and abandoning module MovieSceneTools (364)
[2017.11.09-14.55.19:535][445]LogModuleManager: Shutting down and abandoning module OutputLog (362)
[2017.11.09-14.55.19:535][445]LogModuleManager: Shutting down and abandoning module GammaUI (360)
[2017.11.09-14.55.19:535][445]LogModuleManager: Shutting down and abandoning module Documentation (358)
[2017.11.09-14.55.19:535][445]LogModuleManager: Shutting down and abandoning module MovieSceneTracks (356)
[2017.11.09-14.55.19:535][445]LogModuleManager: Shutting down and abandoning module MovieScene (354)
[2017.11.09-14.55.19:535][445]LogModuleManager: Shutting down and abandoning module Niagara (352)
[2017.11.09-14.55.19:535][445]LogModuleManager: Shutting down and abandoning module NiagaraEditor (351)
[2017.11.09-14.55.19:535][445]LogModuleManager: Shutting down and abandoning module StreamingPauseRendering (348)
[2017.11.09-14.55.19:535][445]LogModuleManager: Shutting down and abandoning module AnalyticsET (346)
[2017.11.09-14.55.19:535][445]LogModuleManager: Shutting down and abandoning module PortalServices (344)
[2017.11.09-14.55.19:535][445]LogModuleManager: Shutting down and abandoning module PortalRpc (342)
[2017.11.09-14.55.19:535][445]LogModuleManager: Shutting down and abandoning module MessagingRpc (340)
[2017.11.09-14.55.19:535][445]LogModuleManager: Shutting down and abandoning module AIModule (338)
[2017.11.09-14.55.19:535][445]LogModuleManager: Shutting down and abandoning module GameplayDebugger (337)
[2017.11.09-14.55.19:535][445]LogModuleManager: Shutting down and abandoning module AITestSuite (335)
[2017.11.09-14.55.19:535][445]LogModuleManager: Shutting down and abandoning module ProfilerService (332)
[2017.11.09-14.55.19:741][445]LogModuleManager: Shutting down and abandoning module TaskGraph (330)
[2017.11.09-14.55.19:741][445]LogModuleManager: Shutting down and abandoning module WebSocket (328)
[2017.11.09-14.55.19:741][445]LogModuleManager: Shutting down and abandoning module SteamVRController (326)
[2017.11.09-14.55.19:741][445]LogModuleManager: Shutting down and abandoning module SteamVR (324)
[2017.11.09-14.55.19:741][445]LogModuleManager: Shutting down and abandoning module ProceduralMeshComponentEditor (322)
[2017.11.09-14.55.19:741][445]LogModuleManager: Shutting down and abandoning module ProceduralMeshComponent (320)
[2017.11.09-14.55.19:741][445]LogModuleManager: Shutting down and abandoning module OculusLibrary (318)
[2017.11.09-14.55.19:741][445]LogModuleManager: Shutting down and abandoning module OculusInput (316)
[2017.11.09-14.55.19:741][445]LogModuleManager: Shutting down and abandoning module MobilePatchingUtils (314)
[2017.11.09-14.55.19:741][445]LogModuleManager: Shutting down and abandoning module CustomMeshComponent (312)
[2017.11.09-14.55.19:741][445]LogModuleManager: Shutting down and abandoning module CableComponent (310)
[2017.11.09-14.55.19:741][445]LogModuleManager: Shutting down and abandoning module ArchVisCharacter (308)
[2017.11.09-14.55.19:741][445]LogModuleManager: Shutting down and abandoning module AndroidPermission (306)
[2017.11.09-14.55.19:741][445]LogModuleManager: Shutting down and abandoning module MediaPlayerEditor (302)
[2017.11.09-14.55.19:741][445]LogModuleManager: Shutting down and abandoning module HTML5Networking (300)
[2017.11.09-14.55.19:741][445]LogModuleManager: Shutting down and abandoning module AlembicImporter (298)
[2017.11.09-14.55.19:741][445]LogModuleManager: Shutting down and abandoning module AlembicLibrary (297)
[2017.11.09-14.55.19:741][445]LogModuleManager: Shutting down and abandoning module GeometryCache (296)
[2017.11.09-14.55.19:741][445]LogModuleManager: Shutting down and abandoning module GeometryCacheEd (295)
[2017.11.09-14.55.19:741][445]LogModuleManager: Shutting down and abandoning module SuperSearchEditor (290)
[2017.11.09-14.55.19:741][445]LogModuleManager: Shutting down and abandoning module SuperSearch (289)
[2017.11.09-14.55.19:741][445]LogModuleManager: Shutting down and abandoning module SpeedTreeImporter (286)
[2017.11.09-14.55.19:741][445]LogModuleManager: Shutting down and abandoning module PluginBrowser (284)
[2017.11.09-14.55.19:741][445]LogModuleManager: Shutting down and abandoning module MobileLauncherProfileWizard (282)
[2017.11.09-14.55.19:741][445]LogModuleManager: Shutting down and abandoning module VisualStudioSourceCodeAccess (280)
[2017.11.09-14.55.19:741][445]LogModuleManager: Shutting down and abandoning module DesktopPlatform (279)
[2017.11.09-14.55.19:741][445]LogModuleManager: Shutting down and abandoning module UObjectPlugin (276)
[2017.11.09-14.55.19:741][445]LogModuleManager: Shutting down and abandoning module SubversionSourceControl (274)
[2017.11.09-14.55.19:741][445]LogModuleManager: Shutting down and abandoning module PerforceSourceControl (272)
[2017.11.09-14.55.19:741][445]LogModuleManager: Shutting down and abandoning module GitSourceControl (270)
[2017.11.09-14.55.19:741][445]LogModuleManager: Shutting down and abandoning module SourceControl (269)
[2017.11.09-14.55.19:741][445]LogModuleManager: Shutting down and abandoning module LightPropagationVolumeEditor (266)
[2017.11.09-14.55.19:741][445]LogModuleManager: Shutting down and abandoning module PaperTiledImporter (264)
[2017.11.09-14.55.19:741][445]LogModuleManager: Shutting down and abandoning module PaperSpriteSheetImporter (262)
[2017.11.09-14.55.19:741][445]LogModuleManager: Shutting down and abandoning module Paper2DEditor (260)
[2017.11.09-14.55.19:742][445]LogModuleManager: Shutting down and abandoning module MeshPaint (259)
[2017.11.09-14.55.19:742][445]LogModuleManager: Shutting down and abandoning module LevelEditor (257)
[2017.11.09-14.55.19:742][445]LogModuleManager: Shutting down and abandoning module PixelInspectorModule (256)
[2017.11.09-14.55.19:742][445]LogModuleManager: Shutting down and abandoning module MainFrame (254)
[2017.11.09-14.55.19:742][445]LogModuleManager: Shutting down and abandoning module HotReload (253)
[2017.11.09-14.55.19:742][445]LogDirectoryWatcher: A directory notification for 'E:/GitHubProjects/SR_Prototype_V3/SR_Prototype_V3/Binaries/Win64' was aborted.
[2017.11.09-14.55.19:742][445]LogDirectoryWatcher: A directory notification for 'E:/GitHubProjects/SR_Prototype_V3/SR_Prototype_V3/Plugins/WebSocket/Binaries/Win64' was aborted.
[2017.11.09-14.55.19:743][445]LogModuleManager: Shutting down and abandoning module SR_Prototype_V3 (248)
[2017.11.09-14.55.19:743][445]LogModuleManager: Shutting down and abandoning module PhysXVehiclesEditor (246)
[2017.11.09-14.55.19:743][445]LogModuleManager: Shutting down and abandoning module PhysXVehicles (244)
[2017.11.09-14.55.19:743][445]LogModuleManager: Shutting down and abandoning module LocationServicesBPLibrary (242)
[2017.11.09-14.55.19:743][445]LogModuleManager: Shutting down and abandoning module ImmediatePhysicsEditor (240)
[2017.11.09-14.55.19:743][445]LogModuleManager: Shutting down and abandoning module ImmediatePhysics (238)
[2017.11.09-14.55.19:743][445]LogModuleManager: Shutting down and abandoning module UdpMessaging (236)
[2017.11.09-14.55.19:843][445]LogModuleManager: Shutting down and abandoning module TcpMessaging (234)
[2017.11.09-14.55.19:944][445]LogModuleManager: Shutting down and abandoning module GameplayTagsEditor (232)
[2017.11.09-14.55.19:944][445]LogModuleManager: Shutting down and abandoning module FacialAnimationEditor (230)
[2017.11.09-14.55.19:944][445]LogModuleManager: Shutting down and abandoning module FacialAnimation (228)
[2017.11.09-14.55.19:944][445]LogModuleManager: Shutting down and abandoning module AssetManagerEditor (226)
[2017.11.09-14.55.19:944][445]LogModuleManager: Shutting down and abandoning module GraphEditor (225)
[2017.11.09-14.55.19:944][445]LogModuleManager: Shutting down and abandoning module ContentBrowser (223)
[2017.11.09-14.55.19:945][445]LogModuleManager: Shutting down and abandoning module LightPropagationVolumeRuntime (220)
[2017.11.09-14.55.19:945][445]LogModuleManager: Shutting down and abandoning module Paper2D (218)
[2017.11.09-14.55.19:945][445]LogModuleManager: Shutting down and abandoning module WindowsMoviePlayer (216)
[2017.11.09-14.55.19:945][445]LogModuleManager: Shutting down and abandoning module WmfMedia (214)
[2017.11.09-14.55.19:945][445]LogModuleManager: Shutting down and abandoning module ClothingSystemEditor (212)
[2017.11.09-14.55.19:945][445]LogModuleManager: Shutting down and abandoning module ClothingSystemRuntime (210)
[2017.11.09-14.55.19:945][445]LogModuleManager: Shutting down and abandoning module MediaAssets (208)
[2017.11.09-14.55.19:945][445]LogModuleManager: Shutting down and abandoning module GameLiveStreaming (206)
[2017.11.09-14.55.19:945][445]LogModuleManager: Shutting down and abandoning module VREditor (204)
[2017.11.09-14.55.19:945][445]LogModuleManager: Shutting down and abandoning module StringTableEditor (202)
[2017.11.09-14.55.19:945][445]LogModuleManager: Shutting down and abandoning module GameplayTasksEditor (200)
[2017.11.09-14.55.19:945][445]LogModuleManager: Shutting down and abandoning module BehaviorTreeEditor (198)
[2017.11.09-14.55.19:945][445]LogModuleManager: Shutting down and abandoning module FunctionalTesting (196)
[2017.11.09-14.55.19:945][445]LogModuleManager: Shutting down and abandoning module CollisionAnalyzer (194)
[2017.11.09-14.55.19:945][445]LogModuleManager: Shutting down and abandoning module UMG (192)
[2017.11.09-14.55.19:945][445]LogModuleManager: Shutting down and abandoning module UMGEditor (191)
[2017.11.09-14.55.19:945][445]LogModuleManager: Shutting down and abandoning module Sequencer (190)
[2017.11.09-14.55.19:945][445]LogModuleManager: Shutting down and abandoning module AssetTools (188)
[2017.11.09-14.55.19:945][445]LogModuleManager: Shutting down and abandoning module MessageLog (187)
[2017.11.09-14.55.19:945][445]LogModuleManager: Shutting down and abandoning module WorkspaceMenuStructure (186)
[2017.11.09-14.55.19:945][445]LogModuleManager: Shutting down and abandoning module SlateReflector (180)
[2017.11.09-14.55.19:945][445]LogModuleManager: Shutting down and abandoning module Slate (178)
[2017.11.09-14.55.19:945][445]LogModuleManager: Shutting down and abandoning module EditorStyle (176)
[2017.11.09-14.55.19:947][445]LogModuleManager: Shutting down and abandoning module SourceCodeAccess (174)
[2017.11.09-14.55.19:947][445]LogModuleManager: Shutting down and abandoning module HeadMountedDisplay (172)
[2017.11.09-14.55.19:947][445]LogModuleManager: Shutting down and abandoning module XAudio2 (170)
[2017.11.09-14.55.19:947][445]LogModuleManager: Shutting down and abandoning module Networking (168)
[2017.11.09-14.55.19:947][445]LogModuleManager: Shutting down and abandoning module Core (164)
[2017.11.09-14.55.19:947][445]LogModuleManager: Shutting down and abandoning module AssetRegistry (162)
[2017.11.09-14.55.20:173][445]LogDirectoryWatcher: A directory notification for '../../../Engine/Content/' was aborted.
[2017.11.09-14.55.20:173][445]LogDirectoryWatcher: A directory notification for '../../../../../GitHubProjects/SR_Prototype_V3/SR_Prototype_V3/Content/' was aborted.
[2017.11.09-14.55.20:173][445]LogDirectoryWatcher: A directory notification for '../../../Engine/Plugins/2D/Paper2D/Content/' was aborted.
[2017.11.09-14.55.20:173][445]LogDirectoryWatcher: A directory notification for '../../../Engine/Plugins/Runtime/GearVR/Content/' was aborted.
[2017.11.09-14.55.20:175][445]LogModuleManager: Shutting down and abandoning module DirectoryWatcher (161)
[2017.11.09-14.55.20:176][445]LogModuleManager: Shutting down and abandoning module KismetCompiler (158)
[2017.11.09-14.55.20:176][445]LogModuleManager: Shutting down and abandoning module LevelSequence (156)
[2017.11.09-14.55.20:176][445]LogModuleManager: Shutting down and abandoning module PhysXFormats (154)
[2017.11.09-14.55.20:176][445]LogModuleManager: Shutting down and abandoning module MeshUtilities (152)
[2017.11.09-14.55.20:176][445]LogModuleManager: Shutting down and abandoning module SimplygonSwarm (151)
[2017.11.09-14.55.20:176][445]LogModuleManager: Shutting down and abandoning module SimplygonMeshReduction (149)
[2017.11.09-14.55.20:176][445]LogModuleManager: Shutting down and abandoning module QuadricMeshReduction (147)
[2017.11.09-14.55.20:176][445]LogModuleManager: Shutting down and abandoning module DerivedDataCache (144)
[2017.11.09-14.55.20:198][445]LogDerivedDataCache: Shutdown
[2017.11.09-14.55.20:198][445]LogModuleManager: Shutting down and abandoning module TargetPlatform (142)
[2017.11.09-14.55.20:198][445]LogModuleManager: Shutting down and abandoning module VulkanShaderFormat (141)
[2017.11.09-14.55.20:198][445]LogModuleManager: Shutting down and abandoning module ShaderFormatVectorVM (139)
[2017.11.09-14.55.20:198][445]LogModuleManager: Shutting down and abandoning module ShaderFormatOpenGL (137)
[2017.11.09-14.55.20:198][445]LogModuleManager: Shutting down and abandoning module ShaderFormatD3D (135)
[2017.11.09-14.55.20:198][445]LogModuleManager: Shutting down and abandoning module MetalShaderFormat (133)
[2017.11.09-14.55.20:198][445]LogModuleManager: Shutting down and abandoning module TextureFormatUncompressed (131)
[2017.11.09-14.55.20:198][445]LogModuleManager: Shutting down and abandoning module TextureFormatPVR (129)
[2017.11.09-14.55.20:198][445]LogModuleManager: Shutting down and abandoning module TextureFormatDXT (127)
[2017.11.09-14.55.20:198][445]LogModuleManager: Shutting down and abandoning module TextureFormatIntelISPCTexComp (125)
[2017.11.09-14.55.20:198][445]LogModuleManager: Shutting down and abandoning module TextureFormatASTC (123)
[2017.11.09-14.55.20:198][445]LogModuleManager: Shutting down and abandoning module ImageWrapper (122)
[2017.11.09-14.55.20:198][445]LogModuleManager: Shutting down and abandoning module TextureFormatAndroid (119)
[2017.11.09-14.55.20:198][445]LogModuleManager: Shutting down and abandoning module AudioFormatOpus (117)
[2017.11.09-14.55.20:198][445]LogModuleManager: Shutting down and abandoning module AudioFormatOgg (115)
[2017.11.09-14.55.20:198][445]LogModuleManager: Shutting down and abandoning module AudioFormatADPCM (113)
[2017.11.09-14.55.20:198][445]LogModuleManager: Shutting down and abandoning module LinuxTargetPlatform (111)
[2017.11.09-14.55.20:198][445]LogModuleManager: Shutting down and abandoning module LinuxServerTargetPlatform (109)
[2017.11.09-14.55.20:198][445]LogModuleManager: Shutting down and abandoning module LinuxNoEditorTargetPlatform (107)
[2017.11.09-14.55.20:198][445]LogModuleManager: Shutting down and abandoning module LinuxClientTargetPlatform (105)
[2017.11.09-14.55.20:198][445]LogModuleManager: Shutting down and abandoning module TVOSTargetPlatform (103)
[2017.11.09-14.55.20:198][445]LogModuleManager: Shutting down and abandoning module Messaging (101)
[2017.11.09-14.55.20:198][445]LogModuleManager: Shutting down and abandoning module IOSTargetPlatform (99)
[2017.11.09-14.55.20:198][445]LogModuleManager: Shutting down and abandoning module HTML5TargetPlatform (97)
[2017.11.09-14.55.20:198][445]LogModuleManager: Shutting down and abandoning module Android_PVRTCTargetPlatform (95)
[2017.11.09-14.55.20:198][445]LogModuleManager: Shutting down and abandoning module Android_MultiTargetPlatform (93)
[2017.11.09-14.55.20:198][445]LogModuleManager: Shutting down and abandoning module Android_ETC2TargetPlatform (91)
[2017.11.09-14.55.20:198][445]LogModuleManager: Shutting down and abandoning module Android_ETC1TargetPlatform (89)
[2017.11.09-14.55.20:198][445]LogModuleManager: Shutting down and abandoning module Android_DXTTargetPlatform (87)
[2017.11.09-14.55.20:198][445]LogModuleManager: Shutting down and abandoning module Android_ATCTargetPlatform (85)
[2017.11.09-14.55.20:198][445]LogModuleManager: Shutting down and abandoning module Android_ASTCTargetPlatform (83)
[2017.11.09-14.55.20:198][445]LogModuleManager: Shutting down and abandoning module AndroidTargetPlatform (81)
[2017.11.09-14.55.20:198][445]LogModuleManager: Shutting down and abandoning module WindowsTargetPlatform (79)
[2017.11.09-14.55.20:198][445]LogModuleManager: Shutting down and abandoning module WindowsServerTargetPlatform (77)
[2017.11.09-14.55.20:198][445]LogModuleManager: Shutting down and abandoning module WindowsNoEditorTargetPlatform (75)
[2017.11.09-14.55.20:198][445]LogModuleManager: Shutting down and abandoning module WindowsClientTargetPlatform (73)
[2017.11.09-14.55.20:198][445]LogModuleManager: Shutting down and abandoning module MacTargetPlatform (71)
[2017.11.09-14.55.20:198][445]LogModuleManager: Shutting down and abandoning module MacServerTargetPlatform (69)
[2017.11.09-14.55.20:198][445]LogModuleManager: Shutting down and abandoning module MacNoEditorTargetPlatform (67)
[2017.11.09-14.55.20:198][445]LogModuleManager: Shutting down and abandoning module MacClientTargetPlatform (65)
[2017.11.09-14.55.20:198][445]LogModuleManager: Shutting down and abandoning module AllDesktopTargetPlatform (63)
[2017.11.09-14.55.20:198][445]LogModuleManager: Shutting down and abandoning module InputCore (60)
[2017.11.09-14.55.20:198][445]LogModuleManager: Shutting down and abandoning module Settings (58)
[2017.11.09-14.55.20:198][445]LogModuleManager: Shutting down and abandoning module OculusRift (56)
[2017.11.09-14.55.20:198][445]LogModuleManager: Shutting down and abandoning module GearVRController (54)
[2017.11.09-14.55.20:198][445]LogModuleManager: Shutting down and abandoning module GearVR (52)
[2017.11.09-14.55.20:198][445]LogModuleManager: Shutting down and abandoning module ExampleDeviceProfileSelector (50)
[2017.11.09-14.55.20:198][445]LogModuleManager: Shutting down and abandoning module OnlineBlueprintSupport (48)
[2017.11.09-14.55.20:198][445]LogModuleManager: Shutting down and abandoning module OnlineSubsystem (44)
[2017.11.09-14.55.20:198][445]LogOnline:Display: Unloading online subsystem: NULL
[2017.11.09-14.55.20:198][445]LogModuleManager: Shutting down and abandoning module XMPP (43)
[2017.11.09-14.55.20:198][445]LogModuleManager: Shutting down and abandoning module HTTP (41)
[2017.11.09-14.55.20:198][445]LogHttp:Display: Http module shutting down, but needs to wait on 1 outstanding Http requests:
[2017.11.09-14.55.20:198][445]LogHttp:Display: 	verb=[POST] url=[https://datarouter.ol.epicgames.com/datarouter/api/v1/public/data?SessionID=%7B39D70566-4C8D-AE2D-9256-B0B2DDB9E901%7D&AppID=UEEditor.Rocket.Release&AppVersion=4.16.3-3561208%2B%2B%2BUE4%2BRelease-4.16&UserID=af3c37f342bbafe96aef0e868d22da00%7C4b4d3fb76b4e41769db9df431cea42c5%7Cf43c8540-b2e5-4711-9c4b-258daa66cc78&AppEnvironment=datacollector-binary&UploadType=eteventstream] status=Processing
[2017.11.09-14.55.20:224][445]LogModuleManager: Shutting down and abandoning module SSL (40)
[2017.11.09-14.55.20:225][445]LogModuleManager: Shutting down and abandoning module HTTPChunkInstaller (36)
[2017.11.09-14.55.20:225][445]LogModuleManager: Shutting down and abandoning module AnimationModifiers (34)
[2017.11.09-14.55.20:225][445]LogModuleManager: Shutting down and abandoning module PropertyEditor (33)
[2017.11.09-14.55.20:225][445]LogModuleManager: Shutting down and abandoning module AudioEditor (30)
[2017.11.09-14.55.20:225][445]LogModuleManager: Shutting down and abandoning module TextureCompressor (28)
[2017.11.09-14.55.20:225][445]LogModuleManager: Shutting down and abandoning module ShaderCore (26)
[2017.11.09-14.55.20:225][445]LogModuleManager: Shutting down and abandoning module Landscape (24)
[2017.11.09-14.55.20:225][445]LogModuleManager: Shutting down and abandoning module SlateRHIRenderer (22)
[2017.11.09-14.55.20:226][445]LogModuleManager: Shutting down and abandoning module OpenGLDrv (20)
[2017.11.09-14.55.20:226][445]LogModuleManager: Shutting down and abandoning module D3D11RHI (18)
[2017.11.09-14.55.20:226][445]LogModuleManager: Shutting down and abandoning module AnimGraphRuntime (16)
[2017.11.09-14.55.20:226][445]LogModuleManager: Shutting down and abandoning module Renderer (14)
[2017.11.09-14.55.20:226][445]LogModuleManager: Shutting down and abandoning module Engine (12)
[2017.11.09-14.55.20:226][445]LogModuleManager: Shutting down and abandoning module CoreUObject (10)
[2017.11.09-14.55.20:226][445]LogModuleManager: Shutting down and abandoning module NetworkFile (8)
[2017.11.09-14.55.20:226][445]LogModuleManager: Shutting down and abandoning module StreamingFile (6)
[2017.11.09-14.55.20:226][445]LogModuleManager: Shutting down and abandoning module SandboxFile (4)
[2017.11.09-14.55.20:226][445]LogModuleManager: Shutting down and abandoning module PakFile (2)
[2017.11.09-14.55.20:227][445]LogExit: Exiting.
[2017.11.09-14.55.20:242][445]Log file closed, 11/09/17 15:55:20
