Log file open, 11/13/17 11:29:10
LogInit:Display: Running engine for game: SR_Prototype_V3
LogPlatformFile: Not using cached read wrapper
LogInit:Display: RandInit(1252957274) SRandInit(1252957274).
LogTaskGraph: Started task graph with 5 named threads and 8 total threads with 1 sets of task threads.
LogStats: Stats thread started at 0.947129
LogInit: Using libcurl 7.47.1
LogInit:  - built for x86_64-pc-win32
LogInit:  - supports SSL with OpenSSL/1.0.2g
LogInit:  - supports HTTP deflate (compression) using libz 1.2.8
LogInit:  - other features:
LogInit:      CURL_VERSION_SSL
LogInit:      CURL_VERSION_LIBZ
LogInit:      CURL_VERSION_IPV6
LogInit:      CURL_VERSION_ASYNCHDNS
LogInit:      CURL_VERSION_LARGEFILE
LogInit:      CURL_VERSION_IDN
LogInit:  CurlRequestOptions (configurable via config and command line):
LogInit:  - bVerifyPeer = false  - Libcurl will NOT verify peer certificate
LogInit:  - bUseHttpProxy = false  - Libcurl will NOT use HTTP proxy
LogInit:  - bDontReuseConnections = false  - Libcurl will reuse connections
LogInit:  - CertBundlePath = nullptr  - Libcurl will use whatever was configured at build time.
LogInit: Build: ++UE4+Release-4.16-CL-3561208
LogInit: Engine Version: 4.16.3-3561208+++UE4+Release-4.16
LogInit: Compatible Engine Version: 4.16.0-3452394+++UE4+Release-4.16
LogInit: Net CL: 3452394
LogDevObjectVersion: Number of dev versions registered: 16
LogDevObjectVersion:   Dev-Blueprints (B0D832E4-1F89-4F0D-ACCF-7EB736FD4AA2): 9
LogDevObjectVersion:   Dev-Build (E1C64328-A22C-4D53-A36C-8E866417BD8C): 0
LogDevObjectVersion:   Dev-Core (375EC13C-06E4-48FB-B500-84F0262A717E): 2
LogDevObjectVersion:   Dev-Editor (E4B068ED-F494-42E9-A231-DA0B2E46BB41): 17
LogDevObjectVersion:   Dev-Framework (CFFC743F-43B0-4480-9391-14DF171D2073): 23
LogDevObjectVersion:   Dev-Mobile (B02B49B5-BB20-44E9-A304-32B752E40360): 0
LogDevObjectVersion:   Dev-Networking (A4E4105C-59A1-49B5-A7C5-40C4547EDFEE): 0
LogDevObjectVersion:   Dev-Online (39C831C9-5AE6-47DC-9A44-9C173E1C8E7C): 0
LogDevObjectVersion:   Dev-Physics (78F01B33-EBEA-4F98-B9B4-84EACCB95AA2): 0
LogDevObjectVersion:   Dev-Platform (6631380F-2D4D-43E0-8009-CF276956A95A): 0
LogDevObjectVersion:   Dev-Rendering (12F88B9F-8875-4AFC-A67C-D90C383ABD29): 15
LogDevObjectVersion:   Dev-Sequencer (7B5AE74C-D270-4C10-A958-57980B212A5A): 4
LogDevObjectVersion:   Dev-VR (D7296918-1DD6-4BDD-9DE2-64A83CC13884): 0
LogDevObjectVersion:   Dev-LoadTimes (C2A15278-BFE7-4AFE-6C17-90FF531DF755): 1
LogDevObjectVersion:   Private-Geometry (6EACA3D4-40EC-4CC1-B786-8BED09428FC5): 1
LogDevObjectVersion:   Dev-AnimPhys (29E575DD-E0A3-4627-9D10-D276232CDCEA): 3
LogInit: Compiled (64-bit): Jul 28 2017 11:49:47
LogInit: Compiled with Visual C++: 19.00.24215.01
LogInit: Build Configuration: Development
LogInit: Branch Name: ++UE4+Release-4.16
LogInit: Command line:  
LogInit: Base directory: D:/UE_4.16/Engine/Binaries/Win64/
LogInit: Installed Engine Build: 1
LogInit: Presizing for max 8388607 objects, including 0 objects not considered by GC, pre-allocating 0 bytes for permanent pool.
LogInit: Object subsystem initialized
[2017.11.13-10.29.11:167][  0]LogInit: Selected Device Profile: [Windows]
[2017.11.13-10.29.11:167][  0]LogInit: Applying CVar settings loaded from the selected device profile: [Windows]
[2017.11.13-10.29.11:199][  0]LogInit: Computer: MAGNUS-PC
[2017.11.13-10.29.11:199][  0]LogInit: User: Magnus
[2017.11.13-10.29.11:199][  0]LogInit: CPU Page size=4096, Cores=4
[2017.11.13-10.29.11:199][  0]LogInit: High frequency timer resolution =3.117192 MHz
[2017.11.13-10.29.11:199][  0]LogMemory: Memory total: Physical=16.0GB (16GB approx)
[2017.11.13-10.29.11:199][  0]LogMemory: Platform Memory Stats for Windows
[2017.11.13-10.29.11:199][  0]LogMemory: Process Physical Memory: 274.34 MB used, 274.34 MB peak
[2017.11.13-10.29.11:199][  0]LogMemory: Process Virtual Memory: 266.75 MB used, 266.75 MB peak
[2017.11.13-10.29.11:199][  0]LogMemory: Physical Memory: 6828.48 MB used,  9508.36 MB free, 16336.84 MB total
[2017.11.13-10.29.11:199][  0]LogMemory: Virtual Memory: 643.55 MB used,  9508.36 MB free, 134217728.00 MB total
[2017.11.13-10.29.11:558][  0]LogInit: Using OS detected language (nb-NO).
[2017.11.13-10.29.11:558][  0]LogInit: Using OS detected locale (nb-NO).
[2017.11.13-10.29.11:625][  0]LogTextLocalizationManager: No localization for 'nb-NO' exists, so 'en' will be used for the language.
[2017.11.13-10.29.11:625][  0]LogTextLocalizationManager: No localization for 'nb-NO' exists, so 'en' will be used for the locale.
[2017.11.13-10.29.14:830][  0]LogD3D11RHI: D3D11 adapters:
[2017.11.13-10.29.15:422][  0]LogD3D11RHI:    0. 'NVIDIA GeForce GTX 1070' (Feature Level 11_0)
[2017.11.13-10.29.15:422][  0]LogD3D11RHI:       8119/0/8168 MB DedicatedVideo/DedicatedSystem/SharedSystem, Outputs:3, VendorId:0x10de
[2017.11.13-10.29.15:423][  0]LogD3D11RHI:    1. 'Microsoft Basic Render Driver' (Feature Level 11_0)
[2017.11.13-10.29.15:423][  0]LogD3D11RHI:       0/0/8168 MB DedicatedVideo/DedicatedSystem/SharedSystem, Outputs:0, VendorId:0x1414
[2017.11.13-10.29.15:423][  0]LogD3D11RHI: Chosen D3D11 Adapter: 0
[2017.11.13-10.29.15:471][  0]LogD3D11RHI: Creating new Direct3DDevice
[2017.11.13-10.29.15:472][  0]LogD3D11RHI:     GPU DeviceId: 0x1b81 (for the marketing name, search the web for "GPU Device Id")
[2017.11.13-10.29.15:472][  0]LogWindows: EnumDisplayDevices:
[2017.11.13-10.29.15:472][  0]LogWindows:    0. 'NVIDIA GeForce GTX 1070' (P:1 D:1)
[2017.11.13-10.29.15:472][  0]LogWindows:    1. 'NVIDIA GeForce GTX 1070' (P:0 D:1)
[2017.11.13-10.29.15:472][  0]LogWindows:    2. 'NVIDIA GeForce GTX 1070' (P:0 D:1)
[2017.11.13-10.29.15:472][  0]LogWindows:    3. 'NVIDIA GeForce GTX 1070' (P:0 D:0)
[2017.11.13-10.29.15:472][  0]LogWindows: DebugString: FoundDriverCount:4 
[2017.11.13-10.29.15:472][  0]LogD3D11RHI:     Adapter Name: NVIDIA GeForce GTX 1070
[2017.11.13-10.29.15:473][  0]LogD3D11RHI:   Driver Version: 382.05 (internal:22.21.13.8205, unified:382.05)
[2017.11.13-10.29.15:473][  0]LogD3D11RHI:      Driver Date: 5-1-2017
[2017.11.13-10.29.15:473][  0]LogRHI: Texture pool is 1361 MB (70% of 1945 MB)
[2017.11.13-10.29.16:049][  0]LogD3D11RHI: Async texture creation enabled
[2017.11.13-10.29.16:202][  0]LogD3D11RHI: GPU Timing Frequency: 1000.000000 (Debug: 2 1)
[2017.11.13-10.29.16:255][  0]LogShaderCompilers: Guid format shader working directory is -17 characters bigger than the processId version (C:/Users/Magnus/Documents/GitHub/SR_Prototype_V3/SR_Prototype_V3/Intermediate/Shaders/WorkingDirectory/3884/).
[2017.11.13-10.29.16:255][  0]LogShaderCompilers: Cleaned the shader compiler working directory 'C:/Users/Magnus/AppData/Local/Temp/UnrealShaderWorkingDir/E5FDDFA3418257C3700CDBBD45DB54E0/'.
[2017.11.13-10.29.16:256][  0]LogShaderCompilers:Display: Using Local Shader Compiler.
[2017.11.13-10.29.18:937][  0]LogTemp:Display: Loaded TP AllDesktopTargetPlatform
[2017.11.13-10.29.18:972][  0]LogTemp:Display: Loaded TP MacClientTargetPlatform
[2017.11.13-10.29.19:005][  0]LogTemp:Display: Loaded TP MacNoEditorTargetPlatform
[2017.11.13-10.29.19:037][  0]LogTemp:Display: Loaded TP MacServerTargetPlatform
[2017.11.13-10.29.19:082][  0]LogTemp:Display: Loaded TP MacTargetPlatform
[2017.11.13-10.29.19:124][  0]LogTemp:Display: Loaded TP WindowsClientTargetPlatform
[2017.11.13-10.29.19:164][  0]LogTemp:Display: Loaded TP WindowsNoEditorTargetPlatform
[2017.11.13-10.29.19:199][  0]LogTemp:Display: Loaded TP WindowsServerTargetPlatform
[2017.11.13-10.29.19:227][  0]LogTemp:Display: Loaded TP WindowsTargetPlatform
[2017.11.13-10.29.19:265][  0]LogTemp:Display: Loaded TP AndroidTargetPlatform
[2017.11.13-10.29.19:299][  0]LogTemp:Display: Loaded TP Android_ASTCTargetPlatform
[2017.11.13-10.29.19:334][  0]LogTemp:Display: Loaded TP Android_ATCTargetPlatform
[2017.11.13-10.29.19:369][  0]LogTemp:Display: Loaded TP Android_DXTTargetPlatform
[2017.11.13-10.29.19:403][  0]LogTemp:Display: Loaded TP Android_ETC1TargetPlatform
[2017.11.13-10.29.19:437][  0]LogTemp:Display: Loaded TP Android_ETC2TargetPlatform
[2017.11.13-10.29.19:505][  0]LogTemp:Display: Loaded TP Android_MultiTargetPlatform
[2017.11.13-10.29.19:505][  0]LogTemp:Display: Loaded TP Android_PVRTCTargetPlatform
[2017.11.13-10.29.19:529][  0]LogTemp:Display: Loaded TP HTML5TargetPlatform
[2017.11.13-10.29.19:628][  0]LogTemp:Display: Loaded TP IOSTargetPlatform
[2017.11.13-10.29.19:651][  0]LogTemp:Display: Loaded TP TVOSTargetPlatform
[2017.11.13-10.29.19:685][  0]LogTemp:Display: Loaded TP LinuxClientTargetPlatform
[2017.11.13-10.29.19:719][  0]LogTemp:Display: Loaded TP LinuxNoEditorTargetPlatform
[2017.11.13-10.29.19:752][  0]LogTemp:Display: Loaded TP LinuxServerTargetPlatform
[2017.11.13-10.29.19:790][  0]LogTemp:Display: Loaded TP LinuxTargetPlatform
[2017.11.13-10.29.19:790][  0]LogTargetPlatformManager:Display: Building Assets For Windows
[2017.11.13-10.29.20:457][  0]LogDerivedDataCache:Display: Max Cache Size: 512 MB
[2017.11.13-10.29.20:870][  0]LogDerivedDataCache: Loaded boot cache 0.41s 111MB C:/Users/Magnus/AppData/Local/UnrealEngine/4.16/DerivedDataCache/Boot.ddc.
[2017.11.13-10.29.20:871][  0]LogDerivedDataCache:Display: Loaded Boot cache: C:/Users/Magnus/AppData/Local/UnrealEngine/4.16/DerivedDataCache/Boot.ddc
[2017.11.13-10.29.20:871][  0]LogDerivedDataCache: FDerivedDataBackendGraph:  Pak pak cache file C:/Users/Magnus/Documents/GitHub/SR_Prototype_V3/SR_Prototype_V3/DerivedDataCache/DDC.ddp not found, will not use a pak cache.
[2017.11.13-10.29.20:871][  0]LogDerivedDataCache: Unable to find inner node Pak for hierarchical cache Hierarchy.
[2017.11.13-10.29.20:871][  0]LogDerivedDataCache: FDerivedDataBackendGraph:  CompressedPak pak cache file C:/Users/Magnus/Documents/GitHub/SR_Prototype_V3/SR_Prototype_V3/DerivedDataCache/Compressed.ddp not found, will not use a pak cache.
[2017.11.13-10.29.20:871][  0]LogDerivedDataCache: Unable to find inner node CompressedPak for hierarchical cache Hierarchy.
[2017.11.13-10.29.20:902][  0]LogDerivedDataCache:Display: Pak cache opened for reading ../../../Engine/DerivedDataCache/Compressed.ddp.
[2017.11.13-10.29.20:914][  0]LogDerivedDataCache: Using Local data cache path C:/Users/Magnus/AppData/Local/UnrealEngine/Common/DerivedDataCache: Writable
[2017.11.13-10.29.20:928][  0]LogMaterial: Verifying Global Shaders for PCD3D_SM5
[2017.11.13-10.29.20:937][  0]LogSlate: Using Freetype 2.6.0
[2017.11.13-10.29.20:952][  0]LogSlate: SlateFontCache - WITH_FREETYPE: 1, WITH_HARFBUZZ: 1
[2017.11.13-10.29.20:952][  0]LogSlate: SlateFontCache - WITH_FREETYPE: 1, WITH_HARFBUZZ: 1
[2017.11.13-10.29.24:378][  0]LogInit: Selected Device Profile: [Windows]
[2017.11.13-10.29.24:907][  0]LogMeshUtilities: Using QuadricMeshReduction for automatic static mesh reduction
[2017.11.13-10.29.24:987][  0]LogSimplygon: Simplygon DLL not present - disabling.
[2017.11.13-10.29.25:022][  0]LogMeshUtilities: Using SimplygonSwarm for distributed automatic mesh merging
[2017.11.13-10.29.25:022][  0]LogMeshUtilities: No automatic skeletal mesh reduction module available
[2017.11.13-10.29.25:022][  0]LogMeshUtilities: No automatic mesh merging module available
[2017.11.13-10.29.26:559][  0]LogNetVersion: SR_Prototype_V3 , NetCL: 3452394, EngineNetVer: 2, GameNetVer: 0 (Checksum: 2708348065)
[2017.11.13-10.29.26:667][  0]LogAssetRegistry: FAssetRegistry took 0.0288 seconds to start up
[2017.11.13-10.29.26:716][  0]LogPackageLocalizationCache: Processed 5 localized package path(s) for 1 prioritized culture(s) in 0.031254 seconds
[2017.11.13-10.29.26:720][  0]LogUObjectArray: 34194 objects as part of root set at end of initial load.
[2017.11.13-10.29.26:720][  0]LogUObjectAllocator: 7260424 out of 0 bytes used by permanent object pool.
[2017.11.13-10.29.26:720][  0]LogUObjectArray: CloseDisregardForGC: 0/0 objects in disregard for GC pool
[2017.11.13-10.29.26:764][  0]LogInit: WinSock: version 1.1 (2.2), MaxSocks=32767, MaxUdp=65467
[2017.11.13-10.29.31:876][  0]LogTcpMessaging: Initializing TcpMessaging bridge
[2017.11.13-10.29.31:908][  0]LogUdpMessaging: Initializing bridge on interface 0.0.0.0:0 to multicast group 230.0.0.1:6666.
[2017.11.13-10.29.32:496][  0]LogMaterial: Uniform references updated for custom material expression Custom.
[2017.11.13-10.29.32:950][  0]SourceControl: Info Source control is disabled
[2017.11.13-10.29.33:002][  0]SourceControl: Info Source control is disabled
[2017.11.13-10.29.33:043][  0]SourceControl: Info Source control is disabled
[2017.11.13-10.29.33:075][  0]SourceControl: Info Source control is disabled
[2017.11.13-10.29.33:617][  0]LogAndroidPermission: UAndroidPermissionCallbackProxy::GetInstance
[2017.11.13-10.29.34:138][  0]LogEngine: Initializing Engine...
[2017.11.13-10.29.34:140][  0]LogHMD: Failed to initialize OpenVR with code 110
[2017.11.13-10.29.34:512][  0]LogStats: UGameplayTagsManager::ConstructGameplayTagTree: Construct from data asset -  0.000 s
[2017.11.13-10.29.34:512][  0]LogStats: UGameplayTagsManager::ConstructGameplayTagTree: GameplayTagTreeChangedEvent.Broadcast -  0.000 s
[2017.11.13-10.29.34:639][  0]LogAIModule: Creating AISystem for world Untitled
[2017.11.13-10.29.34:658][  0]LogInit: XAudio2 using 'Øretelefon (HyperX 7.1 Audio)' : 2 channels at 44.1 kHz using 16 bits per sample (channel mask 0x3)
[2017.11.13-10.29.34:670][  0]LogInit: FAudioDevice initialized.
[2017.11.13-10.29.34:730][  0]LogDerivedDataCache: Saved boot cache 0.06s 111MB C:/Users/Magnus/AppData/Local/UnrealEngine/4.16/DerivedDataCache/Boot.ddc.
[2017.11.13-10.29.34:750][  0]LogInit: Texture streaming: Disabled
[2017.11.13-10.29.34:819][  0]LogEngineSessionManager: EngineSessionManager initialized
[2017.11.13-10.29.35:024][  0]LogInit: Transaction tracking system initialized
[2017.11.13-10.29.35:266][  0]BlueprintLog: New page: Editor Load
[2017.11.13-10.29.36:016][  0]LocalizationService: Info Localization service is disabled
[2017.11.13-10.29.36:506][  0]LogConsoleResponse:Display: 
[2017.11.13-10.29.36:944][  0]LogFileCache: Scanning file cache for directory 'C:/Users/Magnus/Documents/GitHub/SR_Prototype_V3/SR_Prototype_V3/Content/' took 0.02s
[2017.11.13-10.29.36:944][  0]LogCook:Display: Max memory allowance for cook 16384mb min free memory 0mb
[2017.11.13-10.29.36:944][  0]LogCook:Display: Mobile HDR setting 1
[2017.11.13-10.29.37:780][  0]SourceControl: Info Source control is disabled
[2017.11.13-10.29.37:783][  0]Cmd: MAP LOAD FILE="C:/Users/Magnus/Documents/GitHub/SR_Prototype_V3/SR_Prototype_V3/Content/ScanReach.umap" TEMPLATE=0 SHOWPROGRESS=1 FEATURELEVEL=3
[2017.11.13-10.29.37:785][  0]LightingResults: New page: Lighting Build
[2017.11.13-10.29.37:819][  0]MapCheck: New page: Map Check
[2017.11.13-10.29.37:819][  0]LightingResults: New page: Lighting Build
[2017.11.13-10.29.39:628][  0]LogAIModule: Creating AISystem for world ScanReach
[2017.11.13-10.29.39:686][  0]LogEditorServer: Finished looking for orphan Actors (0.000 secs)
[2017.11.13-10.29.39:710][  0]Cmd: MAP CHECKDEP NOCLEARLOG
[2017.11.13-10.29.39:748][  0]MapCheck: Info Map check complete: 0 Error(s), 0 Warning(s), took 38.47ms to complete.
[2017.11.13-10.29.39:748][  0]LogFileHelpers: Loading map 'ScanReach' took 1.966
[2017.11.13-10.29.40:056][  0]LogCollectionManager: Loaded 0 collections in 0.000736 seconds
[2017.11.13-10.29.40:177][  0]LogFileCache: Scanning file cache for directory 'C:/Users/Magnus/Documents/GitHub/SR_Prototype_V3/SR_Prototype_V3/Saved/Collections/' took 0.01s
[2017.11.13-10.29.40:177][  0]LogFileCache: Scanning file cache for directory 'C:/Users/Magnus/Documents/GitHub/SR_Prototype_V3/SR_Prototype_V3/Content/Developers/Magnus/Collections/' took 0.01s
[2017.11.13-10.29.40:177][  0]LogFileCache: Scanning file cache for directory 'C:/Users/Magnus/Documents/GitHub/SR_Prototype_V3/SR_Prototype_V3/Content/Collections/' took 0.01s
[2017.11.13-10.29.40:177][  0]LogCollectionManager: Rebuilt the GUID cache for 0 collections in 0.000005 seconds
[2017.11.13-10.29.40:191][  0]LogContentBrowser: Native class hierarchy populated in 0.0112 seconds. Added 2334 classes and 495 folders.
[2017.11.13-10.29.40:238][  0]LogContentBrowser: Native class hierarchy updated for 'WidgetCarousel' in 0.0012 seconds. Added 0 classes and 0 folders.
[2017.11.13-10.29.40:690][  0]LogContentBrowser: Native class hierarchy updated for 'AddContentDialog' in 0.0011 seconds. Added 0 classes and 0 folders.
[2017.11.13-10.29.40:730][  0]LogContentBrowser: Native class hierarchy updated for 'SceneOutliner' in 0.0011 seconds. Added 1 classes and 2 folders.
[2017.11.13-10.29.40:969][  0]LogCrashTracker: Crashtracker disabled due to settings.
[2017.11.13-10.29.40:995][  0]LogSlate: Took 0.007220 seconds to synchronously load lazily loaded font '../../../Engine/Content/Slate/Fonts/Roboto-Regular.ttf' (155K)
[2017.11.13-10.29.41:002][  0]LogSlate: Took 0.006252 seconds to synchronously load lazily loaded font '../../../Engine/Content/Slate/Fonts/Roboto-Bold.ttf' (160K)
[2017.11.13-10.29.41:018][  0]LogSlate: Took 0.007035 seconds to synchronously load lazily loaded font '../../../Engine/Content/Editor/Slate/Fonts/FontAwesome.ttf' (139K)
[2017.11.13-10.29.41:184][  0]LogRenderer: Reallocating scene render targets to support 1096x596 NumSamples 1 (Frame:1).
[2017.11.13-10.29.41:312][  0]LogSlate: Took 0.005898 seconds to synchronously load lazily loaded font '../../../Engine/Content/Slate/Fonts/Roboto-Light.ttf' (159K)
[2017.11.13-10.29.41:357][  0]LogUObjectGlobals:Warning: Failed to find object 'Class None.'
[2017.11.13-10.29.41:413][  0]LogContentBrowser: Native class hierarchy updated for 'HierarchicalLODOutliner' in 0.0011 seconds. Added 1 classes and 2 folders.
[2017.11.13-10.29.41:413][  0]LogLoad: (Engine Initialization) Total time: 34.65 seconds
[2017.11.13-10.29.41:413][  0]LogLoad: (Engine Initialization) Total Blueprint compile time: 0.42 seconds
[2017.11.13-10.29.41:413][  0]LogExternalProfiler: Found external profiler: VSPerf
[2017.11.13-10.29.41:413][  0]LogExternalProfiler: Using external profiler: VSPerf
[2017.11.13-10.29.41:754][  0]LogOcInput: OculusInput pre-init called
[2017.11.13-10.29.41:754][  0]LogHMD: Starting GearVRController plugin
[2017.11.13-10.29.41:773][  0]LogAssetRegistry: Asset discovery search completed in 15.1273 seconds
[2017.11.13-10.29.41:775][  0]LogCollectionManager: Rebuilt the object cache for 0 collections in 0.000000 seconds (found 0 objects)
[2017.11.13-10.29.41:775][  0]LogCollectionManager: Fixed up redirectors for 0 collections in 0.000032 seconds (updated 0 objects)
[2017.11.13-10.30.18:452][378]LogTemp: Repeting last play command: Standalone Game
[2017.11.13-10.30.18:558][378]LogSlate: Took 0.000121 seconds to synchronously load lazily loaded font '../../../Engine/Content/Slate/Fonts/Roboto-Light.ttf' (159K)
[2017.11.13-10.30.18:568][378]Cmd: OBJ SAVEPACKAGE PACKAGE="/Game/ScanReach" FILE="C:/Users/Magnus/Documents/GitHub/SR_Prototype_V3/SR_Prototype_V3/Saved/Autosaves/Game/UEDPCScanReach.umap" SILENT=true AUTOSAVING=true KEEPDIRTY=true
[2017.11.13-10.30.18:913][378]LogSavePackage: Save=293.50ms
[2017.11.13-10.30.18:914][378]LogSavePackage: Moving 'C:/Users/Magnus/Documents/GitHub/SR_Prototype_V3/SR_Prototype_V3/Saved/UEDPCScanReachB9D1C77646010450799CCD99104559F5.tmp' to 'C:/Users/Magnus/Documents/GitHub/SR_Prototype_V3/SR_Prototype_V3/Saved/Autosaves/Game/UEDPCScanReach.umap'
[2017.11.13-10.30.18:915][378]LogSavePackage:Display: Finished SavePackage C:/Users/Magnus/Documents/GitHub/SR_Prototype_V3/SR_Prototype_V3/Saved/Autosaves/Game/UEDPCScanReach.umap
[2017.11.13-10.30.18:921][378]Cmd: OBJ SAVEPACKAGE PACKAGE="/Game/ScanReach_BuiltData" FILE="C:/Users/Magnus/Documents/GitHub/SR_Prototype_V3/SR_Prototype_V3/Content/ScanReach_BuiltData.uasset" SILENT=true
[2017.11.13-10.30.18:978][378]LogSavePackage: Save=14.86ms
[2017.11.13-10.30.18:978][378]LogSavePackage: Moving 'C:/Users/Magnus/Documents/GitHub/SR_Prototype_V3/SR_Prototype_V3/Saved/ScanReach_BuiltData0B834AEE40EFE5AEE84CBCB22362026F.tmp' to 'C:/Users/Magnus/Documents/GitHub/SR_Prototype_V3/SR_Prototype_V3/Content/ScanReach_BuiltData.uasset'
[2017.11.13-10.30.18:979][378]LogSavePackage:Display: Finished SavePackage C:/Users/Magnus/Documents/GitHub/SR_Prototype_V3/SR_Prototype_V3/Content/ScanReach_BuiltData.uasset
[2017.11.13-10.30.18:983][378]LogEditorTransaction: Undo Spawn Play From Here Start
[2017.11.13-10.30.39:733][833]LogTemp: Repeting last play command: Standalone Game
[2017.11.13-10.30.39:851][833]Cmd: OBJ SAVEPACKAGE PACKAGE="/Game/ScanReach" FILE="C:/Users/Magnus/Documents/GitHub/SR_Prototype_V3/SR_Prototype_V3/Saved/Autosaves/Game/UEDPCScanReach.umap" SILENT=true AUTOSAVING=true KEEPDIRTY=true
[2017.11.13-10.30.40:170][833]LogSavePackage: Save=286.87ms
[2017.11.13-10.30.40:170][833]LogSavePackage: Moving 'C:/Users/Magnus/Documents/GitHub/SR_Prototype_V3/SR_Prototype_V3/Saved/UEDPCScanReachEEA518BB4EF51AF92EC01C9A24C6FE41.tmp' to 'C:/Users/Magnus/Documents/GitHub/SR_Prototype_V3/SR_Prototype_V3/Saved/Autosaves/Game/UEDPCScanReach.umap'
[2017.11.13-10.30.40:171][833]LogSavePackage:Display: Finished SavePackage C:/Users/Magnus/Documents/GitHub/SR_Prototype_V3/SR_Prototype_V3/Saved/Autosaves/Game/UEDPCScanReach.umap
[2017.11.13-10.30.40:175][833]Cmd: OBJ SAVEPACKAGE PACKAGE="/Game/ScanReach_BuiltData" FILE="C:/Users/Magnus/Documents/GitHub/SR_Prototype_V3/SR_Prototype_V3/Content/ScanReach_BuiltData.uasset" SILENT=true
[2017.11.13-10.30.40:221][833]LogSavePackage: Save=10.66ms
[2017.11.13-10.30.40:221][833]LogSavePackage: Moving 'C:/Users/Magnus/Documents/GitHub/SR_Prototype_V3/SR_Prototype_V3/Saved/ScanReach_BuiltData38DED9DE4E1841D42A1CFA8927B25060.tmp' to 'C:/Users/Magnus/Documents/GitHub/SR_Prototype_V3/SR_Prototype_V3/Content/ScanReach_BuiltData.uasset'
[2017.11.13-10.30.40:222][833]LogSavePackage:Display: Finished SavePackage C:/Users/Magnus/Documents/GitHub/SR_Prototype_V3/SR_Prototype_V3/Content/ScanReach_BuiltData.uasset
[2017.11.13-10.30.40:225][833]LogEditorTransaction: Undo Spawn Play From Here Start
[2017.11.13-12.09.53:620][746]LogEditorFactories: Performing atomic reimport of [C:/Users/Magnus/Desktop/Scan_Reach/UE_UI/UI_V3/T_Staircase.png]
[2017.11.13-12.09.53:621][746]LogFactory: FactoryCreateFile: Texture2D with ReimportTextureFactory (0 0 C:/Users/Magnus/Desktop/Scan_Reach/UE_UI/UI_V3/T_Staircase.png)
[2017.11.13-12.09.53:627][746]LogTexture:Display: Building textures: T_Staircase (BGRA8, 151X151)
[2017.11.13-12.09.53:633][746]LogEditorFactories: -- imported successfully
[2017.11.13-12.09.53:678][746]LogSlate: Took 0.000161 seconds to synchronously load lazily loaded font '../../../Engine/Content/Slate/Fonts/Roboto-Light.ttf' (159K)
[2017.11.13-12.09.54:619][847]Cmd: OBJ SAVEPACKAGE PACKAGE="/Game/Textures/UI/UI_V3/T_Staircase" FILE="C:/Users/Magnus/Documents/GitHub/SR_Prototype_V3/SR_Prototype_V3/Content/Textures/UI/UI_V3/T_Staircase.uasset" SILENT=true
[2017.11.13-12.09.54:666][847]LogSavePackage: Save=8.51ms
[2017.11.13-12.09.54:666][847]LogSavePackage: Moving 'C:/Users/Magnus/Documents/GitHub/SR_Prototype_V3/SR_Prototype_V3/Saved/T_StaircaseEF128C5840D472B5510CCE9EA93303C1.tmp' to 'C:/Users/Magnus/Documents/GitHub/SR_Prototype_V3/SR_Prototype_V3/Content/Textures/UI/UI_V3/T_Staircase.uasset'
[2017.11.13-12.09.54:671][847]LogSavePackage:Display: Finished SavePackage C:/Users/Magnus/Documents/GitHub/SR_Prototype_V3/SR_Prototype_V3/Content/Textures/UI/UI_V3/T_Staircase.uasset
[2017.11.13-12.09.55:834][981]Cmd: OBJ SAVEPACKAGE PACKAGE="/Game/ScanReach" FILE="C:/Users/Magnus/Documents/GitHub/SR_Prototype_V3/SR_Prototype_V3/Content/ScanReach.umap" SILENT=true AUTOSAVING=false KEEPDIRTY=false
[2017.11.13-12.09.56:184][981]LogSavePackage: Save=302.81ms
[2017.11.13-12.09.56:184][981]LogSavePackage: Moving 'C:/Users/Magnus/Documents/GitHub/SR_Prototype_V3/SR_Prototype_V3/Saved/ScanReach51615C7245EABBE2CE3C01995EB26A1D.tmp' to 'C:/Users/Magnus/Documents/GitHub/SR_Prototype_V3/SR_Prototype_V3/Content/ScanReach.umap'
[2017.11.13-12.09.56:186][981]LogSavePackage:Display: Finished SavePackage C:/Users/Magnus/Documents/GitHub/SR_Prototype_V3/SR_Prototype_V3/Content/ScanReach.umap
[2017.11.13-12.09.56:225][981]Cmd: OBJ SAVEPACKAGE PACKAGE="/Game/ScanReach_BuiltData" FILE="C:/Users/Magnus/Documents/GitHub/SR_Prototype_V3/SR_Prototype_V3/Content/ScanReach_BuiltData.uasset" SILENT=true
[2017.11.13-12.09.56:274][981]LogSavePackage: Save=11.12ms
[2017.11.13-12.09.56:274][981]LogSavePackage: Moving 'C:/Users/Magnus/Documents/GitHub/SR_Prototype_V3/SR_Prototype_V3/Saved/ScanReach_BuiltDataE49458A54BC223B796189F9C283E9673.tmp' to 'C:/Users/Magnus/Documents/GitHub/SR_Prototype_V3/SR_Prototype_V3/Content/ScanReach_BuiltData.uasset'
[2017.11.13-12.09.56:275][981]LogSavePackage:Display: Finished SavePackage C:/Users/Magnus/Documents/GitHub/SR_Prototype_V3/SR_Prototype_V3/Content/ScanReach_BuiltData.uasset
[2017.11.13-12.09.58:776][267]MapCheck: New page: Map Check
[2017.11.13-12.09.58:812][267]Cmd: MAP REBUILD ALLVISIBLE
[2017.11.13-12.09.58:813][267]LogEditorServer: Rebuildmap Clear paths rebuilt
[2017.11.13-12.09.58:994][267]LogMaterial: Missing cached shader map for material FDebugViewModeMaterialProxy WorldGridMaterial, compiling. Is special engine material.
[2017.11.13-12.09.59:003][267]LogMaterial: Missing cached shader map for material FDebugViewModeMaterialProxy BackgroundMaterial, compiling. 
[2017.11.13-12.09.59:009][267]LogMaterial: Missing cached shader map for material FDebugViewModeMaterialProxy MatineeCam_mat, compiling. 
[2017.11.13-12.09.59:014][267]LogMaterial: Missing cached shader map for material FDebugViewModeMaterialProxy DefaultTextMaterialOpaque, compiling. 
[2017.11.13-12.09.59:021][267]LogMaterial: Missing cached shader map for material FDebugViewModeMaterialProxy M_MusterStation, compiling. 
[2017.11.13-12.09.59:028][267]LogMaterial: Missing cached shader map for material FDebugViewModeMaterialProxy M_Staircase, compiling. 
[2017.11.13-12.09.59:034][267]LogMaterial: Missing cached shader map for material FDebugViewModeMaterialProxy M_Pawn, compiling. 
[2017.11.13-12.09.59:042][267]LogMaterial: Missing cached shader map for material FDebugViewModeMaterialProxy MaterialInstanceDynamic_6, compiling. 
[2017.11.13-12.10.00:233][267]TextureStreamingBuild:Display: Compiling optional shaders took 1.245 seconds.
[2017.11.13-12.10.00:243][267]LogLevel:Display: Export Material TexCoord Scales took 0.009 seconds.
[2017.11.13-12.10.00:251][267]TextureStreamingBuild:Display: Build Texture Streaming took 0.008 seconds.
[2017.11.13-12.10.00:260][267]LightingResults: New page: Lighting Build - Nov 13, 2017, 2:10:00 PM
[2017.11.13-12.10.00:347][267]LogSwarmInterface: [OpenConnection] Registering TCP channel ...
[2017.11.13-12.10.00:441][267]LogSwarmInterface: [OpenConnection] Connecting to agent ...
[2017.11.13-12.10.00:455][267]LogSwarmInterface: [TryOpenConnection] Testing the Agent
[2017.11.13-12.10.00:972][267]LogSwarmInterface: [TryOpenConnection] Opening Connection to Agent
[2017.11.13-12.10.00:972][267]LogSwarmInterface: [TryOpenConnection] Local Process ID is 3884
[2017.11.13-12.10.03:926][267]LogStaticLightingSystem:Warning: No importance volume found, so the scene bounding box was used.  You can optimize your scene's quality and lighting build times by adding importance volumes.
[2017.11.13-12.10.03:926][267]LogStaticLightingSystem: Running Lightmass w/ ImmediateImport mode ENABLED
[2017.11.13-12.10.03:926][267]LogStaticLightingSystem: Running Lightmass w/ ImmediateProcess mode ENABLED
[2017.11.13-12.10.03:926][267]LogStaticLightingSystem: Running Lightmass w/ Sorting mode ENABLED
[2017.11.13-12.10.03:926][267]LogStaticLightingSystem: Running Lightmass w/ Mapping paddings ENABLED
[2017.11.13-12.10.03:926][267]LogStaticLightingSystem: Running Lightmass w/ Mapping debug paddings DISABLED
[2017.11.13-12.10.04:095][267]Cmd: MAP CHECK DONTDISPLAYDIALOG
[2017.11.13-12.10.04:095][267]MapCheck: New page: ScanReach - Nov 13, 2017, 2:10:04 PM
[2017.11.13-12.10.04:095][267]MapCheck:Error: Error WorldSettings_1 Maps need lighting rebuilt 
[2017.11.13-12.10.04:135][267]MapCheck: Info Map check complete: 1 Error(s), 0 Warning(s), took 39.859ms to complete.
[2017.11.13-12.10.04:157][267]LogEditorBuildUtils: Build time 0:05
[2017.11.13-12.10.05:713][352]Job is a success!
[2017.11.13-12.10.05:846][353]LogTexture:Display: Building textures: HQ_Lightmap1_1 (AutoDXT, 256X256)
[2017.11.13-12.10.05:846][353]LogTexture:Display: Building textures: LQ_Lightmap_1_1 (DXT1, 256X256)
[2017.11.13-12.10.05:846][353]LogTexture:Display: Building textures: HQ_Lightmap1_2 (AutoDXT, 128X128)
[2017.11.13-12.10.05:846][353]LogTexture:Display: Building textures: LQ_Lightmap_1_2 (DXT1, 128X128)
[2017.11.13-12.10.05:846][353]LogTexture:Display: Building textures: ShadowMapTexture2D_1 (G8, 64X64)
[2017.11.13-12.10.05:846][353]LogTexture:Display: Building textures: ShadowMapTexture2D_0 (G8, 512X64)
[2017.11.13-12.10.05:884][353]Lightmass on MAGNUS-PC: 855 ms total, 179 ms importing, 30 ms setup, 129 ms photons, 472 ms processing, 0 ms extra exporting [8/8 mappings]. Threads: 1.85 sec total, 554 ms processing.
[2017.11.13-12.10.05:889][353]LogStaticLightingSystem: Illumination: 5.59 sec (7 ms encoding lightmaps, 31 ms encoding shadowmaps)
[2017.11.13-12.10.05:889][353]LogStaticLightingSystem: Lightmap texture memory:  0.2 MB (0.2 MB streaming, 0.0 MB non-streaming), 4 textures
[2017.11.13-12.10.05:889][353]LogStaticLightingSystem: Shadowmap texture memory: 0.0 MB (0.0 MB streaming, 0.0 MB non-streaming), 2 textures
[2017.11.13-12.10.06:928][353]DumpUnbuiltLightIteractions
[2017.11.13-12.10.06:928][353]Lights with unbuilt interactions: 0
[2017.11.13-12.10.06:928][353]
[2017.11.13-12.10.06:928][353]Primitives with unbuilt interactions: 0
[2017.11.13-12.10.06:940][354]Cmd: MAP CHECK NOTIFYRESULTS
[2017.11.13-12.10.06:940][354]MapCheck: New page: ScanReach - Nov 13, 2017, 2:10:06 PM
[2017.11.13-12.10.06:980][354]MapCheck: Info Map check complete: 0 Error(s), 0 Warning(s), took 40.432ms to complete.
[2017.11.13-12.10.18:381][719]LogTemp: Repeting last play command: Standalone Game
[2017.11.13-12.10.18:488][719]Cmd: OBJ SAVEPACKAGE PACKAGE="/Game/ScanReach" FILE="C:/Users/Magnus/Documents/GitHub/SR_Prototype_V3/SR_Prototype_V3/Saved/Autosaves/Game/UEDPCScanReach.umap" SILENT=true AUTOSAVING=true KEEPDIRTY=true
[2017.11.13-12.10.18:810][719]LogSavePackage: Save=286.30ms
[2017.11.13-12.10.18:810][719]LogSavePackage: Moving 'C:/Users/Magnus/Documents/GitHub/SR_Prototype_V3/SR_Prototype_V3/Saved/UEDPCScanReach330E563F4285EC393FB9CA8F6C8FE1D1.tmp' to 'C:/Users/Magnus/Documents/GitHub/SR_Prototype_V3/SR_Prototype_V3/Saved/Autosaves/Game/UEDPCScanReach.umap'
[2017.11.13-12.10.18:811][719]LogSavePackage:Display: Finished SavePackage C:/Users/Magnus/Documents/GitHub/SR_Prototype_V3/SR_Prototype_V3/Saved/Autosaves/Game/UEDPCScanReach.umap
[2017.11.13-12.10.18:814][719]Cmd: OBJ SAVEPACKAGE PACKAGE="/Game/ScanReach_BuiltData" FILE="C:/Users/Magnus/Documents/GitHub/SR_Prototype_V3/SR_Prototype_V3/Content/ScanReach_BuiltData.uasset" SILENT=true
[2017.11.13-12.10.18:860][719]LogSavePackage: Save=11.56ms
[2017.11.13-12.10.18:860][719]LogSavePackage: Moving 'C:/Users/Magnus/Documents/GitHub/SR_Prototype_V3/SR_Prototype_V3/Saved/ScanReach_BuiltDataD90510384576FDC5CD1849AD55F84A6C.tmp' to 'C:/Users/Magnus/Documents/GitHub/SR_Prototype_V3/SR_Prototype_V3/Content/ScanReach_BuiltData.uasset'
[2017.11.13-12.10.18:862][719]LogSavePackage:Display: Finished SavePackage C:/Users/Magnus/Documents/GitHub/SR_Prototype_V3/SR_Prototype_V3/Content/ScanReach_BuiltData.uasset
[2017.11.13-12.10.18:866][719]LogEditorTransaction: Undo Spawn Play From Here Start
[2017.11.13-12.12.32:938][831]LogEditorFactories: Performing atomic reimport of [C:/Users/Magnus/Desktop/Scan_Reach/UE_UI/UI_V3/T_Staircase.png]
[2017.11.13-12.12.32:938][831]LogFactory: FactoryCreateFile: Texture2D with ReimportTextureFactory (0 0 C:/Users/Magnus/Desktop/Scan_Reach/UE_UI/UI_V3/T_Staircase.png)
[2017.11.13-12.12.32:942][831]LogTexture:Display: Building textures: T_Staircase (BGRA8, 151X151)
[2017.11.13-12.12.32:946][831]LogEditorFactories: -- imported successfully
[2017.11.13-12.12.34:002][947]Cmd: OBJ SAVEPACKAGE PACKAGE="/Game/ScanReach" FILE="C:/Users/Magnus/Documents/GitHub/SR_Prototype_V3/SR_Prototype_V3/Content/ScanReach.umap" SILENT=true AUTOSAVING=false KEEPDIRTY=false
[2017.11.13-12.12.34:347][947]LogSavePackage: Save=298.99ms
[2017.11.13-12.12.34:347][947]LogSavePackage: Moving 'C:/Users/Magnus/Documents/GitHub/SR_Prototype_V3/SR_Prototype_V3/Saved/ScanReach156B5EED4E87F3F1DC9C61B34AB18191.tmp' to 'C:/Users/Magnus/Documents/GitHub/SR_Prototype_V3/SR_Prototype_V3/Content/ScanReach.umap'
[2017.11.13-12.12.34:350][947]LogSavePackage:Display: Finished SavePackage C:/Users/Magnus/Documents/GitHub/SR_Prototype_V3/SR_Prototype_V3/Content/ScanReach.umap
[2017.11.13-12.12.34:399][947]Cmd: OBJ SAVEPACKAGE PACKAGE="/Game/ScanReach_BuiltData" FILE="C:/Users/Magnus/Documents/GitHub/SR_Prototype_V3/SR_Prototype_V3/Content/ScanReach_BuiltData.uasset" SILENT=true
[2017.11.13-12.12.34:445][947]LogSavePackage: Save=9.78ms
[2017.11.13-12.12.34:445][947]LogSavePackage: Moving 'C:/Users/Magnus/Documents/GitHub/SR_Prototype_V3/SR_Prototype_V3/Saved/ScanReach_BuiltData1DE47A1F4D7E19CDCF7325B98A6032C1.tmp' to 'C:/Users/Magnus/Documents/GitHub/SR_Prototype_V3/SR_Prototype_V3/Content/ScanReach_BuiltData.uasset'
[2017.11.13-12.12.34:447][947]LogSavePackage:Display: Finished SavePackage C:/Users/Magnus/Documents/GitHub/SR_Prototype_V3/SR_Prototype_V3/Content/ScanReach_BuiltData.uasset
[2017.11.13-12.12.37:206][265]Cmd: OBJ SAVEPACKAGE PACKAGE="/Game/Textures/UI/UI_V3/T_Staircase" FILE="C:/Users/Magnus/Documents/GitHub/SR_Prototype_V3/SR_Prototype_V3/Content/Textures/UI/UI_V3/T_Staircase.uasset" SILENT=true
[2017.11.13-12.12.37:246][265]LogSavePackage: Save=6.43ms
[2017.11.13-12.12.37:246][265]LogSavePackage: Moving 'C:/Users/Magnus/Documents/GitHub/SR_Prototype_V3/SR_Prototype_V3/Saved/T_Staircase4709095147BF3DA0282A9B9E93A2BC1F.tmp' to 'C:/Users/Magnus/Documents/GitHub/SR_Prototype_V3/SR_Prototype_V3/Content/Textures/UI/UI_V3/T_Staircase.uasset'
[2017.11.13-12.12.37:250][265]LogSavePackage:Display: Finished SavePackage C:/Users/Magnus/Documents/GitHub/SR_Prototype_V3/SR_Prototype_V3/Content/Textures/UI/UI_V3/T_Staircase.uasset
[2017.11.13-12.12.38:402][402]LogTemp: Repeting last play command: Standalone Game
[2017.11.13-12.12.38:503][402]Cmd: OBJ SAVEPACKAGE PACKAGE="/Game/ScanReach" FILE="C:/Users/Magnus/Documents/GitHub/SR_Prototype_V3/SR_Prototype_V3/Saved/Autosaves/Game/UEDPCScanReach.umap" SILENT=true AUTOSAVING=true KEEPDIRTY=true
[2017.11.13-12.12.38:830][402]LogSavePackage: Save=293.05ms
[2017.11.13-12.12.38:830][402]LogSavePackage: Moving 'C:/Users/Magnus/Documents/GitHub/SR_Prototype_V3/SR_Prototype_V3/Saved/UEDPCScanReach6AA60A2E4B625050C788F99AD0B26EC2.tmp' to 'C:/Users/Magnus/Documents/GitHub/SR_Prototype_V3/SR_Prototype_V3/Saved/Autosaves/Game/UEDPCScanReach.umap'
[2017.11.13-12.12.38:832][402]LogSavePackage:Display: Finished SavePackage C:/Users/Magnus/Documents/GitHub/SR_Prototype_V3/SR_Prototype_V3/Saved/Autosaves/Game/UEDPCScanReach.umap
[2017.11.13-12.12.38:836][402]Cmd: OBJ SAVEPACKAGE PACKAGE="/Game/ScanReach_BuiltData" FILE="C:/Users/Magnus/Documents/GitHub/SR_Prototype_V3/SR_Prototype_V3/Content/ScanReach_BuiltData.uasset" SILENT=true
[2017.11.13-12.12.38:885][402]LogSavePackage: Save=11.20ms
[2017.11.13-12.12.38:885][402]LogSavePackage: Moving 'C:/Users/Magnus/Documents/GitHub/SR_Prototype_V3/SR_Prototype_V3/Saved/ScanReach_BuiltData60D0D7354B1D7167BEEED48F11D91228.tmp' to 'C:/Users/Magnus/Documents/GitHub/SR_Prototype_V3/SR_Prototype_V3/Content/ScanReach_BuiltData.uasset'
[2017.11.13-12.12.38:886][402]LogSavePackage:Display: Finished SavePackage C:/Users/Magnus/Documents/GitHub/SR_Prototype_V3/SR_Prototype_V3/Content/ScanReach_BuiltData.uasset
[2017.11.13-12.12.38:891][402]LogEditorTransaction: Undo Spawn Play From Here Start
[2017.11.13-12.13.32:036][ 20]LogMaterial: Missing cached shader map for material M_Staircase, compiling. 
[2017.11.13-12.13.32:168][ 20]LogMaterial: Missing cached shader map for material M_Staircase, compiling. 
[2017.11.13-12.13.32:187][ 20]LogMaterial: Missing cached shader map for material M_Staircase, compiling. 
[2017.11.13-12.13.32:229][ 20]LogMaterial: Missing cached shader map for material FMatExpressionPreview MaterialExpressionTextureSample_1, compiling. 
[2017.11.13-12.13.32:243][ 20]LogSlate: Took 0.006541 seconds to synchronously load lazily loaded font '../../../Engine/Content/Editor/Slate/Fonts/Roboto-BoldCondensed.ttf' (158K)
[2017.11.13-12.13.35:138][306]LogMaterial: Missing cached shader map for material M_Staircase, compiling. 
[2017.11.13-12.13.38:153][650]LogMaterial: Missing cached shader map for material M_Staircase, compiling. 
[2017.11.13-12.13.38:173][650]LogMaterial: Missing cached shader map for material M_Staircase, compiling. 
[2017.11.13-12.13.41:744][ 63]MaterialEditorStats: Info Base pass shader: 82 instructions
[2017.11.13-12.13.41:744][ 63]MaterialEditorStats: Info Vertex shader: 31 instructions
[2017.11.13-12.13.41:744][ 63]MaterialEditorStats: Info Texture samplers: 4/16
[2017.11.13-12.13.41:744][ 63]MaterialEditorStats: Info User interpolators: 2/4 Scalars (1/4 Vectors) (TexCoords: 2, Custom: 0)
[2017.11.13-12.13.44:026][336]LogMaterial: Missing cached shader map for material M_Staircase, compiling. 
[2017.11.13-12.13.44:966][440]LogMaterialEditor: Applying material M_Staircase
[2017.11.13-12.13.45:529][440]LogMaterial: Missing cached shader map for material M_Staircase, compiling. 
[2017.11.13-12.13.45:591][440]LogMaterial: Missing cached shader map for material M_Staircase, compiling. 
[2017.11.13-12.13.45:626][440]LogMaterial: Missing cached shader map for material M_Staircase, compiling. 
[2017.11.13-12.13.45:660][440]LogMaterial: Missing cached shader map for material FDebugViewModeMaterialProxy M_Staircase, compiling. 
[2017.11.13-12.13.46:894][440]TextureStreamingBuild:Display: Compiling optional shaders took 1.240 seconds.
[2017.11.13-12.13.50:405][846]MaterialEditorStats: Info Base pass shader: 81 instructions
[2017.11.13-12.13.50:405][846]MaterialEditorStats: Info Vertex shader: 31 instructions
[2017.11.13-12.13.50:405][846]MaterialEditorStats: Info Texture samplers: 4/16
[2017.11.13-12.13.50:405][846]MaterialEditorStats: Info User interpolators: 2/4 Scalars (1/4 Vectors) (TexCoords: 2, Custom: 0)
[2017.11.13-12.13.51:257][948]LogMaterial: Missing cached shader map for material M_Staircase, compiling. 
[2017.11.13-12.13.58:466][803]LogMaterialEditor: Saving and Compiling material M_Staircase
[2017.11.13-12.13.58:510][803]Cmd: OBJ SAVEPACKAGE PACKAGE="/Game/Materials/M_Staircase" FILE="C:/Users/Magnus/Documents/GitHub/SR_Prototype_V3/SR_Prototype_V3/Content/Materials/M_Staircase.uasset" SILENT=true
[2017.11.13-12.13.58:567][803]LogSavePackage: Save=15.58ms
[2017.11.13-12.13.58:567][803]LogSavePackage: Moving 'C:/Users/Magnus/Documents/GitHub/SR_Prototype_V3/SR_Prototype_V3/Saved/M_Staircase2F1A2D0D46C546FAEE6E7FAB485BDBE3.tmp' to 'C:/Users/Magnus/Documents/GitHub/SR_Prototype_V3/SR_Prototype_V3/Content/Materials/M_Staircase.uasset'
[2017.11.13-12.13.58:570][803]LogSavePackage:Display: Finished SavePackage C:/Users/Magnus/Documents/GitHub/SR_Prototype_V3/SR_Prototype_V3/Content/Materials/M_Staircase.uasset
[2017.11.13-12.14.07:120][820]LogMaterial: Missing cached shader map for material M_Staircase, compiling. 
[2017.11.13-12.14.07:145][820]LogMaterial: Missing cached shader map for material M_Staircase, compiling. 
[2017.11.13-12.14.09:811][122]LogMaterial: Missing cached shader map for material M_Staircase, compiling. 
[2017.11.13-12.14.09:833][122]LogMaterial: Missing cached shader map for material FMatExpressionPreview MaterialExpressionTextureSample_1, compiling. 
[2017.11.13-12.14.12:067][377]LogMaterialEditor: Applying material M_Staircase
[2017.11.13-12.14.12:623][377]LogMaterial: Missing cached shader map for material M_Staircase, compiling. 
[2017.11.13-12.14.12:686][377]LogMaterial: Missing cached shader map for material M_Staircase, compiling. 
[2017.11.13-12.14.12:724][377]LogMaterial: Missing cached shader map for material M_Staircase, compiling. 
[2017.11.13-12.14.12:763][377]LogMaterial: Missing cached shader map for material FDebugViewModeMaterialProxy M_Staircase, compiling. 
[2017.11.13-12.14.15:030][377]TextureStreamingBuild:Display: Compiling optional shaders took 2.273 seconds.
[2017.11.13-12.14.17:344][644]LogMaterialEditor: Saving and Compiling material M_Staircase
[2017.11.13-12.14.19:414][644]LogSlate: Took 0.000124 seconds to synchronously load lazily loaded font '../../../Engine/Content/Slate/Fonts/Roboto-Regular.ttf' (155K)
[2017.11.13-12.14.19:426][644]Cmd: OBJ SAVEPACKAGE PACKAGE="/Game/Materials/M_Staircase" FILE="C:/Users/Magnus/Documents/GitHub/SR_Prototype_V3/SR_Prototype_V3/Content/Materials/M_Staircase.uasset" SILENT=true
[2017.11.13-12.14.19:475][644]LogSavePackage: Save=13.98ms
[2017.11.13-12.14.19:475][644]LogSavePackage: Moving 'C:/Users/Magnus/Documents/GitHub/SR_Prototype_V3/SR_Prototype_V3/Saved/M_Staircase626FCB8543F576B08171EB82D917AD55.tmp' to 'C:/Users/Magnus/Documents/GitHub/SR_Prototype_V3/SR_Prototype_V3/Content/Materials/M_Staircase.uasset'
[2017.11.13-12.14.19:477][644]LogSavePackage:Display: Finished SavePackage C:/Users/Magnus/Documents/GitHub/SR_Prototype_V3/SR_Prototype_V3/Content/Materials/M_Staircase.uasset
[2017.11.13-12.14.19:483][644]MaterialEditorStats: Info Base pass shader: 50 instructions
[2017.11.13-12.14.19:483][644]MaterialEditorStats: Info Vertex shader: 123 instructions
[2017.11.13-12.14.19:483][644]MaterialEditorStats: Info Texture samplers: 5/16
[2017.11.13-12.14.19:483][644]MaterialEditorStats: Info User interpolators: 2/4 Scalars (1/4 Vectors) (TexCoords: 2, Custom: 0)
[2017.11.13-12.14.21:997][928]LogTemp: Repeting last play command: Standalone Game
[2017.11.13-12.14.22:098][928]Cmd: OBJ SAVEPACKAGE PACKAGE="/Game/ScanReach" FILE="C:/Users/Magnus/Documents/GitHub/SR_Prototype_V3/SR_Prototype_V3/Saved/Autosaves/Game/UEDPCScanReach.umap" SILENT=true AUTOSAVING=true KEEPDIRTY=true
[2017.11.13-12.14.22:423][928]LogSavePackage: Save=290.08ms
[2017.11.13-12.14.22:423][928]LogSavePackage: Moving 'C:/Users/Magnus/Documents/GitHub/SR_Prototype_V3/SR_Prototype_V3/Saved/UEDPCScanReachA79B58FB465677F43268A79251DC2205.tmp' to 'C:/Users/Magnus/Documents/GitHub/SR_Prototype_V3/SR_Prototype_V3/Saved/Autosaves/Game/UEDPCScanReach.umap'
[2017.11.13-12.14.22:424][928]LogSavePackage:Display: Finished SavePackage C:/Users/Magnus/Documents/GitHub/SR_Prototype_V3/SR_Prototype_V3/Saved/Autosaves/Game/UEDPCScanReach.umap
[2017.11.13-12.14.22:427][928]Cmd: OBJ SAVEPACKAGE PACKAGE="/Game/ScanReach_BuiltData" FILE="C:/Users/Magnus/Documents/GitHub/SR_Prototype_V3/SR_Prototype_V3/Content/ScanReach_BuiltData.uasset" SILENT=true
[2017.11.13-12.14.22:474][928]LogSavePackage: Save=10.45ms
[2017.11.13-12.14.22:475][928]LogSavePackage: Moving 'C:/Users/Magnus/Documents/GitHub/SR_Prototype_V3/SR_Prototype_V3/Saved/ScanReach_BuiltDataC3B8F156464508E5801D50BD62E713E3.tmp' to 'C:/Users/Magnus/Documents/GitHub/SR_Prototype_V3/SR_Prototype_V3/Content/ScanReach_BuiltData.uasset'
[2017.11.13-12.14.22:475][928]LogSavePackage:Display: Finished SavePackage C:/Users/Magnus/Documents/GitHub/SR_Prototype_V3/SR_Prototype_V3/Content/ScanReach_BuiltData.uasset
[2017.11.13-12.14.22:478][928]LogEditorTransaction: Undo Spawn Play From Here Start
[2017.11.13-12.14.55:917][340]LogMaterial: Missing cached shader map for material PreviewMaterial_0, compiling. 
[2017.11.13-12.14.55:993][340]LogMaterial: Missing cached shader map for material PreviewMaterial_0, compiling. 
[2017.11.13-12.14.56:010][340]LogMaterial: Missing cached shader map for material PreviewMaterial_0, compiling. 
[2017.11.13-12.14.56:050][340]LogMaterial: Missing cached shader map for material FMatExpressionPreview MaterialExpressionTextureSample_1, compiling. 
[2017.11.13-12.14.58:891][660]LogMaterial: Missing cached shader map for material PreviewMaterial_0, compiling. 
[2017.11.13-12.14.59:766][757]LogMaterial: Missing cached shader map for material PreviewMaterial_0, compiling. 
[2017.11.13-12.15.02:667][ 86]LogMaterial: Missing cached shader map for material PreviewMaterial_0, compiling. 
[2017.11.13-12.15.02:684][ 86]LogMaterial: Missing cached shader map for material FMatExpressionPreview MaterialExpressionTextureSample_1, compiling. 
[2017.11.13-12.15.04:087][242]LogMaterial: Missing cached shader map for material PreviewMaterial_0, compiling. 
[2017.11.13-12.15.07:239][605]LogMaterial: Missing cached shader map for material PreviewMaterial_0, compiling. 
[2017.11.13-12.15.09:937][913]LogMaterial: Missing cached shader map for material PreviewMaterial_0, compiling. 
[2017.11.13-12.15.14:114][397]MaterialEditorStats: Info Base pass shader: 51 instructions
[2017.11.13-12.15.14:115][397]MaterialEditorStats: Info Vertex shader: 123 instructions
[2017.11.13-12.15.14:115][397]MaterialEditorStats: Info Texture samplers: 5/16
[2017.11.13-12.15.14:115][397]MaterialEditorStats: Info User interpolators: 2/4 Scalars (1/4 Vectors) (TexCoords: 2, Custom: 0)
[2017.11.13-12.15.14:964][499]LogMaterialEditor: Applying material M_Staircase
[2017.11.13-12.15.15:514][499]LogMaterial: Missing cached shader map for material PreviewMaterial_0, compiling. 
[2017.11.13-12.15.15:587][499]LogMaterial: Missing cached shader map for material M_Staircase, compiling. 
[2017.11.13-12.15.15:632][499]LogMaterial: Missing cached shader map for material M_Staircase, compiling. 
[2017.11.13-12.15.15:671][499]LogMaterial: Missing cached shader map for material FDebugViewModeMaterialProxy M_Staircase, compiling. 
[2017.11.13-12.15.17:497][499]TextureStreamingBuild:Display: Compiling optional shaders took 1.833 seconds.
[2017.11.13-12.15.24:554][158]MaterialEditorStats: Info Base pass shader: 51 instructions
[2017.11.13-12.15.24:554][158]MaterialEditorStats: Info Vertex shader: 123 instructions
[2017.11.13-12.15.24:554][158]MaterialEditorStats: Info Texture samplers: 5/16
[2017.11.13-12.15.24:554][158]MaterialEditorStats: Info User interpolators: 2/4 Scalars (1/4 Vectors) (TexCoords: 2, Custom: 0)
[2017.11.13-12.15.28:346][597]Cmd: OBJ SAVEPACKAGE PACKAGE="/Game/Materials/M_Staircase" FILE="C:/Users/Magnus/Documents/GitHub/SR_Prototype_V3/SR_Prototype_V3/Content/Materials/M_Staircase.uasset" SILENT=true
[2017.11.13-12.15.28:395][597]LogSavePackage: Save=14.79ms
[2017.11.13-12.15.28:395][597]LogSavePackage: Moving 'C:/Users/Magnus/Documents/GitHub/SR_Prototype_V3/SR_Prototype_V3/Saved/M_StaircaseB891F0B947408E1F18D43BA9F950D94A.tmp' to 'C:/Users/Magnus/Documents/GitHub/SR_Prototype_V3/SR_Prototype_V3/Content/Materials/M_Staircase.uasset'
[2017.11.13-12.15.28:397][597]LogSavePackage:Display: Finished SavePackage C:/Users/Magnus/Documents/GitHub/SR_Prototype_V3/SR_Prototype_V3/Content/Materials/M_Staircase.uasset
[2017.11.13-12.15.29:893][775]LogTemp: Repeting last play command: Standalone Game
[2017.11.13-12.15.29:993][775]Cmd: OBJ SAVEPACKAGE PACKAGE="/Game/ScanReach" FILE="C:/Users/Magnus/Documents/GitHub/SR_Prototype_V3/SR_Prototype_V3/Saved/Autosaves/Game/UEDPCScanReach.umap" SILENT=true AUTOSAVING=true KEEPDIRTY=true
[2017.11.13-12.15.30:318][775]LogSavePackage: Save=285.50ms
[2017.11.13-12.15.30:318][775]LogSavePackage: Moving 'C:/Users/Magnus/Documents/GitHub/SR_Prototype_V3/SR_Prototype_V3/Saved/UEDPCScanReachD4E803D74CBC972305972E995E71563D.tmp' to 'C:/Users/Magnus/Documents/GitHub/SR_Prototype_V3/SR_Prototype_V3/Saved/Autosaves/Game/UEDPCScanReach.umap'
[2017.11.13-12.15.30:320][775]LogSavePackage:Display: Finished SavePackage C:/Users/Magnus/Documents/GitHub/SR_Prototype_V3/SR_Prototype_V3/Saved/Autosaves/Game/UEDPCScanReach.umap
[2017.11.13-12.15.30:323][775]Cmd: OBJ SAVEPACKAGE PACKAGE="/Game/ScanReach_BuiltData" FILE="C:/Users/Magnus/Documents/GitHub/SR_Prototype_V3/SR_Prototype_V3/Content/ScanReach_BuiltData.uasset" SILENT=true
[2017.11.13-12.15.30:377][775]LogSavePackage: Save=11.70ms
[2017.11.13-12.15.30:377][775]LogSavePackage: Moving 'C:/Users/Magnus/Documents/GitHub/SR_Prototype_V3/SR_Prototype_V3/Saved/ScanReach_BuiltData1FF2D1D84F8168058863AAA020E28824.tmp' to 'C:/Users/Magnus/Documents/GitHub/SR_Prototype_V3/SR_Prototype_V3/Content/ScanReach_BuiltData.uasset'
[2017.11.13-12.15.30:378][775]LogSavePackage:Display: Finished SavePackage C:/Users/Magnus/Documents/GitHub/SR_Prototype_V3/SR_Prototype_V3/Content/ScanReach_BuiltData.uasset
[2017.11.13-12.15.30:385][775]LogEditorTransaction: Undo Spawn Play From Here Start
[2017.11.13-12.15.30:393][775]LogMaterial: Missing cached shader map for material PreviewMaterial_0, compiling. 
[2017.11.13-12.15.35:985][ 58]MaterialEditorStats: Info Base pass shader: 51 instructions
[2017.11.13-12.15.35:985][ 58]MaterialEditorStats: Info Vertex shader: 123 instructions
[2017.11.13-12.15.35:985][ 58]MaterialEditorStats: Info Texture samplers: 5/16
[2017.11.13-12.15.35:985][ 58]MaterialEditorStats: Info User interpolators: 2/4 Scalars (1/4 Vectors) (TexCoords: 2, Custom: 0)
[2017.11.13-12.16.14:652][174]LogTemp: Repeting last play command: Standalone Game
[2017.11.13-12.16.14:767][174]Cmd: OBJ SAVEPACKAGE PACKAGE="/Game/ScanReach" FILE="C:/Users/Magnus/Documents/GitHub/SR_Prototype_V3/SR_Prototype_V3/Saved/Autosaves/Game/UEDPCScanReach.umap" SILENT=true AUTOSAVING=true KEEPDIRTY=true
[2017.11.13-12.16.15:088][174]LogSavePackage: Save=284.41ms
[2017.11.13-12.16.15:088][174]LogSavePackage: Moving 'C:/Users/Magnus/Documents/GitHub/SR_Prototype_V3/SR_Prototype_V3/Saved/UEDPCScanReachC19106014E98B9F600E246BBA430460D.tmp' to 'C:/Users/Magnus/Documents/GitHub/SR_Prototype_V3/SR_Prototype_V3/Saved/Autosaves/Game/UEDPCScanReach.umap'
[2017.11.13-12.16.15:089][174]LogSavePackage:Display: Finished SavePackage C:/Users/Magnus/Documents/GitHub/SR_Prototype_V3/SR_Prototype_V3/Saved/Autosaves/Game/UEDPCScanReach.umap
[2017.11.13-12.16.15:093][174]Cmd: OBJ SAVEPACKAGE PACKAGE="/Game/ScanReach_BuiltData" FILE="C:/Users/Magnus/Documents/GitHub/SR_Prototype_V3/SR_Prototype_V3/Content/ScanReach_BuiltData.uasset" SILENT=true
[2017.11.13-12.16.15:140][174]LogSavePackage: Save=11.19ms
[2017.11.13-12.16.15:140][174]LogSavePackage: Moving 'C:/Users/Magnus/Documents/GitHub/SR_Prototype_V3/SR_Prototype_V3/Saved/ScanReach_BuiltDataBC97707C4774531750714D84DDB4DAEC.tmp' to 'C:/Users/Magnus/Documents/GitHub/SR_Prototype_V3/SR_Prototype_V3/Content/ScanReach_BuiltData.uasset'
[2017.11.13-12.16.15:141][174]LogSavePackage:Display: Finished SavePackage C:/Users/Magnus/Documents/GitHub/SR_Prototype_V3/SR_Prototype_V3/Content/ScanReach_BuiltData.uasset
[2017.11.13-12.16.15:144][174]LogEditorTransaction: Undo Spawn Play From Here Start
[2017.11.13-12.16.15:147][174]LogMaterial: Missing cached shader map for material PreviewMaterial_0, compiling. 
[2017.11.13-12.16.21:140][461]MaterialEditorStats: Info Base pass shader: 51 instructions
[2017.11.13-12.16.21:140][461]MaterialEditorStats: Info Vertex shader: 123 instructions
[2017.11.13-12.16.21:140][461]MaterialEditorStats: Info Texture samplers: 5/16
[2017.11.13-12.16.21:140][461]MaterialEditorStats: Info User interpolators: 2/4 Scalars (1/4 Vectors) (TexCoords: 2, Custom: 0)
[2017.11.13-12.16.45:573][737]Cmd: OBJ SAVEPACKAGE PACKAGE="/Game/ScanReach" FILE="C:/Users/Magnus/Documents/GitHub/SR_Prototype_V3/SR_Prototype_V3/Content/ScanReach.umap" SILENT=true AUTOSAVING=false KEEPDIRTY=false
[2017.11.13-12.16.45:906][737]LogSavePackage: Save=290.89ms
[2017.11.13-12.16.45:906][737]LogSavePackage: Moving 'C:/Users/Magnus/Documents/GitHub/SR_Prototype_V3/SR_Prototype_V3/Saved/ScanReachBB99604547118CF0EA3E2CA841E671FA.tmp' to 'C:/Users/Magnus/Documents/GitHub/SR_Prototype_V3/SR_Prototype_V3/Content/ScanReach.umap'
[2017.11.13-12.16.45:907][737]LogSavePackage:Display: Finished SavePackage C:/Users/Magnus/Documents/GitHub/SR_Prototype_V3/SR_Prototype_V3/Content/ScanReach.umap
[2017.11.13-12.16.45:943][737]Cmd: OBJ SAVEPACKAGE PACKAGE="/Game/ScanReach_BuiltData" FILE="C:/Users/Magnus/Documents/GitHub/SR_Prototype_V3/SR_Prototype_V3/Content/ScanReach_BuiltData.uasset" SILENT=true
[2017.11.13-12.16.45:993][737]LogSavePackage: Save=12.64ms
[2017.11.13-12.16.45:993][737]LogSavePackage: Moving 'C:/Users/Magnus/Documents/GitHub/SR_Prototype_V3/SR_Prototype_V3/Saved/ScanReach_BuiltDataCA1D04C247335998E8CB67AF55318EC4.tmp' to 'C:/Users/Magnus/Documents/GitHub/SR_Prototype_V3/SR_Prototype_V3/Content/ScanReach_BuiltData.uasset'
[2017.11.13-12.16.45:994][737]LogSavePackage:Display: Finished SavePackage C:/Users/Magnus/Documents/GitHub/SR_Prototype_V3/SR_Prototype_V3/Content/ScanReach_BuiltData.uasset
[2017.11.13-12.17.47:382][679]LogEditorFactories: Performing atomic reimport of [C:/Users/Magnus/Desktop/Scan_Reach/UE_UI/UI_V3/T_MusterStation.png]
[2017.11.13-12.17.47:382][679]LogFactory: FactoryCreateFile: Texture2D with ReimportTextureFactory (0 0 C:/Users/Magnus/Desktop/Scan_Reach/UE_UI/UI_V3/T_MusterStation.png)
[2017.11.13-12.17.47:386][679]LogTexture:Display: Building textures: T_MusterStation (BGRA8, 222X153)
[2017.11.13-12.17.47:393][679]LogEditorFactories: -- imported successfully
[2017.11.13-12.17.48:856][838]Cmd: OBJ SAVEPACKAGE PACKAGE="/Game/Textures/UI/UI_V3/T_MusterStation" FILE="C:/Users/Magnus/Documents/GitHub/SR_Prototype_V3/SR_Prototype_V3/Content/Textures/UI/UI_V3/T_MusterStation.uasset" SILENT=true
[2017.11.13-12.17.48:899][838]LogSavePackage: Save=7.48ms
[2017.11.13-12.17.48:899][838]LogSavePackage: Moving 'C:/Users/Magnus/Documents/GitHub/SR_Prototype_V3/SR_Prototype_V3/Saved/T_MusterStation3B35232E4B3CFA8E47326E929646B30C.tmp' to 'C:/Users/Magnus/Documents/GitHub/SR_Prototype_V3/SR_Prototype_V3/Content/Textures/UI/UI_V3/T_MusterStation.uasset'
[2017.11.13-12.17.48:902][838]LogSavePackage:Display: Finished SavePackage C:/Users/Magnus/Documents/GitHub/SR_Prototype_V3/SR_Prototype_V3/Content/Textures/UI/UI_V3/T_MusterStation.uasset
[2017.11.13-12.17.55:531][616]LogMaterial: Missing cached shader map for material M_MusterStation, compiling. 
[2017.11.13-12.17.55:606][616]LogMaterial: Missing cached shader map for material M_MusterStation, compiling. 
[2017.11.13-12.17.55:624][616]LogMaterial: Missing cached shader map for material M_MusterStation, compiling. 
[2017.11.13-12.17.55:662][616]LogMaterial: Missing cached shader map for material FMatExpressionPreview MaterialExpressionTextureSample_0, compiling. 
[2017.11.13-12.17.59:125][  6]LogMaterial: Missing cached shader map for material M_MusterStation, compiling. 
[2017.11.13-12.18.00:537][169]LogMaterialEditor: Saving and Compiling material M_MusterStation
[2017.11.13-12.18.01:090][169]LogMaterial: Missing cached shader map for material M_MusterStation, compiling. 
[2017.11.13-12.18.01:153][169]LogMaterial: Missing cached shader map for material M_MusterStation, compiling. 
[2017.11.13-12.18.01:195][169]LogMaterial: Missing cached shader map for material M_MusterStation, compiling. 
[2017.11.13-12.18.01:232][169]LogMaterial: Missing cached shader map for material FDebugViewModeMaterialProxy M_MusterStation, compiling. 
[2017.11.13-12.18.03:430][169]TextureStreamingBuild:Display: Compiling optional shaders took 2.204 seconds.
[2017.11.13-12.18.06:723][169]Cmd: OBJ SAVEPACKAGE PACKAGE="/Game/Materials/M_MusterStation" FILE="C:/Users/Magnus/Documents/GitHub/SR_Prototype_V3/SR_Prototype_V3/Content/Materials/M_MusterStation.uasset" SILENT=true
[2017.11.13-12.18.06:776][169]LogSavePackage: Save=14.78ms
[2017.11.13-12.18.06:776][169]LogSavePackage: Moving 'C:/Users/Magnus/Documents/GitHub/SR_Prototype_V3/SR_Prototype_V3/Saved/M_MusterStation383FAA654DBABCA3CA2B72BF9211B527.tmp' to 'C:/Users/Magnus/Documents/GitHub/SR_Prototype_V3/SR_Prototype_V3/Content/Materials/M_MusterStation.uasset'
[2017.11.13-12.18.06:778][169]LogSavePackage:Display: Finished SavePackage C:/Users/Magnus/Documents/GitHub/SR_Prototype_V3/SR_Prototype_V3/Content/Materials/M_MusterStation.uasset
[2017.11.13-12.18.06:782][169]MaterialEditorStats: Info Base pass shader: 51 instructions
[2017.11.13-12.18.06:782][169]MaterialEditorStats: Info Vertex shader: 123 instructions
[2017.11.13-12.18.06:782][169]MaterialEditorStats: Info Texture samplers: 5/16
[2017.11.13-12.18.06:782][169]MaterialEditorStats: Info User interpolators: 2/4 Scalars (1/4 Vectors) (TexCoords: 2, Custom: 0)
[2017.11.13-12.18.11:832][545]LogMaterial: Missing cached shader map for material PreviewMaterial_0, compiling. 
[2017.11.13-12.18.11:900][545]LogMaterial: Missing cached shader map for material M_Staircase, compiling. 
[2017.11.13-12.18.11:943][545]LogMaterial: Missing cached shader map for material M_Staircase, compiling. 
[2017.11.13-12.18.11:982][545]LogMaterial: Missing cached shader map for material FDebugViewModeMaterialProxy M_Staircase, compiling. 
[2017.11.13-12.18.13:828][545]TextureStreamingBuild:Display: Compiling optional shaders took 1.851 seconds.
[2017.11.13-12.18.17:238][718]Cmd: OBJ SAVEPACKAGE PACKAGE="/Game/ScanReach" FILE="C:/Users/Magnus/Documents/GitHub/SR_Prototype_V3/SR_Prototype_V3/Content/ScanReach.umap" SILENT=true AUTOSAVING=false KEEPDIRTY=false
[2017.11.13-12.18.17:587][718]LogSavePackage: Save=299.76ms
[2017.11.13-12.18.17:587][718]LogSavePackage: Moving 'C:/Users/Magnus/Documents/GitHub/SR_Prototype_V3/SR_Prototype_V3/Saved/ScanReach020D6EBC4C0680FEAF065585CAC30DE4.tmp' to 'C:/Users/Magnus/Documents/GitHub/SR_Prototype_V3/SR_Prototype_V3/Content/ScanReach.umap'
[2017.11.13-12.18.17:588][718]LogSavePackage:Display: Finished SavePackage C:/Users/Magnus/Documents/GitHub/SR_Prototype_V3/SR_Prototype_V3/Content/ScanReach.umap
[2017.11.13-12.18.17:623][718]Cmd: OBJ SAVEPACKAGE PACKAGE="/Game/ScanReach_BuiltData" FILE="C:/Users/Magnus/Documents/GitHub/SR_Prototype_V3/SR_Prototype_V3/Content/ScanReach_BuiltData.uasset" SILENT=true
[2017.11.13-12.18.17:672][718]LogSavePackage: Save=12.21ms
[2017.11.13-12.18.17:672][718]LogSavePackage: Moving 'C:/Users/Magnus/Documents/GitHub/SR_Prototype_V3/SR_Prototype_V3/Saved/ScanReach_BuiltData5C242397459FF238166790B592A5AF9F.tmp' to 'C:/Users/Magnus/Documents/GitHub/SR_Prototype_V3/SR_Prototype_V3/Content/ScanReach_BuiltData.uasset'
[2017.11.13-12.18.17:673][718]LogSavePackage:Display: Finished SavePackage C:/Users/Magnus/Documents/GitHub/SR_Prototype_V3/SR_Prototype_V3/Content/ScanReach_BuiltData.uasset
[2017.11.13-12.18.18:602][781]Cmd: OBJ SAVEPACKAGE PACKAGE="/Game/Materials/M_Staircase" FILE="C:/Users/Magnus/Documents/GitHub/SR_Prototype_V3/SR_Prototype_V3/Content/Materials/M_Staircase.uasset" SILENT=true
[2017.11.13-12.18.18:651][781]LogSavePackage: Save=14.07ms
[2017.11.13-12.18.18:651][781]LogSavePackage: Moving 'C:/Users/Magnus/Documents/GitHub/SR_Prototype_V3/SR_Prototype_V3/Saved/M_StaircaseEC6C880D49335CB436F7EC9601D5425A.tmp' to 'C:/Users/Magnus/Documents/GitHub/SR_Prototype_V3/SR_Prototype_V3/Content/Materials/M_Staircase.uasset'
[2017.11.13-12.18.18:653][781]LogSavePackage:Display: Finished SavePackage C:/Users/Magnus/Documents/GitHub/SR_Prototype_V3/SR_Prototype_V3/Content/Materials/M_Staircase.uasset
[2017.11.13-12.18.20:448][996]LogTemp: Repeting last play command: Standalone Game
[2017.11.13-12.18.20:551][996]Cmd: OBJ SAVEPACKAGE PACKAGE="/Game/ScanReach" FILE="C:/Users/Magnus/Documents/GitHub/SR_Prototype_V3/SR_Prototype_V3/Saved/Autosaves/Game/UEDPCScanReach.umap" SILENT=true AUTOSAVING=true KEEPDIRTY=true
[2017.11.13-12.18.20:873][996]LogSavePackage: Save=287.68ms
[2017.11.13-12.18.20:874][996]LogSavePackage: Moving 'C:/Users/Magnus/Documents/GitHub/SR_Prototype_V3/SR_Prototype_V3/Saved/UEDPCScanReachF924D99843ACADFD5D77E89466CCA715.tmp' to 'C:/Users/Magnus/Documents/GitHub/SR_Prototype_V3/SR_Prototype_V3/Saved/Autosaves/Game/UEDPCScanReach.umap'
[2017.11.13-12.18.20:874][996]LogSavePackage:Display: Finished SavePackage C:/Users/Magnus/Documents/GitHub/SR_Prototype_V3/SR_Prototype_V3/Saved/Autosaves/Game/UEDPCScanReach.umap
[2017.11.13-12.18.20:877][996]Cmd: OBJ SAVEPACKAGE PACKAGE="/Game/ScanReach_BuiltData" FILE="C:/Users/Magnus/Documents/GitHub/SR_Prototype_V3/SR_Prototype_V3/Content/ScanReach_BuiltData.uasset" SILENT=true
[2017.11.13-12.18.20:922][996]LogSavePackage: Save=11.44ms
[2017.11.13-12.18.20:922][996]LogSavePackage: Moving 'C:/Users/Magnus/Documents/GitHub/SR_Prototype_V3/SR_Prototype_V3/Saved/ScanReach_BuiltDataCD0ABFFA4B69D5CF96908890BF0A56D2.tmp' to 'C:/Users/Magnus/Documents/GitHub/SR_Prototype_V3/SR_Prototype_V3/Content/ScanReach_BuiltData.uasset'
[2017.11.13-12.18.20:923][996]LogSavePackage:Display: Finished SavePackage C:/Users/Magnus/Documents/GitHub/SR_Prototype_V3/SR_Prototype_V3/Content/ScanReach_BuiltData.uasset
[2017.11.13-12.18.20:926][996]LogEditorTransaction: Undo Spawn Play From Here Start
[2017.11.13-12.18.53:327][917]Cmd: SELECT NONE
[2017.11.13-12.18.56:788][320]Cmd: OBJ SAVEPACKAGE PACKAGE="/Game/ScanReach" FILE="C:/Users/Magnus/Documents/GitHub/SR_Prototype_V3/SR_Prototype_V3/Content/ScanReach.umap" SILENT=true AUTOSAVING=false KEEPDIRTY=false
[2017.11.13-12.18.57:114][320]LogSavePackage: Save=282.31ms
[2017.11.13-12.18.57:114][320]LogSavePackage: Moving 'C:/Users/Magnus/Documents/GitHub/SR_Prototype_V3/SR_Prototype_V3/Saved/ScanReachE76961A746BD9A7A4754D181BEC01089.tmp' to 'C:/Users/Magnus/Documents/GitHub/SR_Prototype_V3/SR_Prototype_V3/Content/ScanReach.umap'
[2017.11.13-12.18.57:115][320]LogSavePackage:Display: Finished SavePackage C:/Users/Magnus/Documents/GitHub/SR_Prototype_V3/SR_Prototype_V3/Content/ScanReach.umap
[2017.11.13-12.18.57:157][320]Cmd: OBJ SAVEPACKAGE PACKAGE="/Game/ScanReach_BuiltData" FILE="C:/Users/Magnus/Documents/GitHub/SR_Prototype_V3/SR_Prototype_V3/Content/ScanReach_BuiltData.uasset" SILENT=true
[2017.11.13-12.18.57:206][320]LogSavePackage: Save=12.36ms
[2017.11.13-12.18.57:206][320]LogSavePackage: Moving 'C:/Users/Magnus/Documents/GitHub/SR_Prototype_V3/SR_Prototype_V3/Saved/ScanReach_BuiltData04E47A4E46F16D1B2804BC90809063BE.tmp' to 'C:/Users/Magnus/Documents/GitHub/SR_Prototype_V3/SR_Prototype_V3/Content/ScanReach_BuiltData.uasset'
[2017.11.13-12.18.57:207][320]LogSavePackage:Display: Finished SavePackage C:/Users/Magnus/Documents/GitHub/SR_Prototype_V3/SR_Prototype_V3/Content/ScanReach_BuiltData.uasset
