Log file open, 01/04/18 16:26:49
LogInit:Display: Running engine for game: SR_Prototype_V3
LogPlatformFile: Not using cached read wrapper
LogInit:Display: RandInit(1559934579) SRandInit(1559934579).
LogTaskGraph: Started task graph with 5 named threads and 8 total threads with 1 sets of task threads.
LogStats: Stats thread started at 0.086988
LogInit: Using libcurl 7.47.1
LogInit:  - built for x86_64-pc-win32
LogInit:  - supports SSL with OpenSSL/1.0.2g
LogInit:  - supports HTTP deflate (compression) using libz 1.2.8
LogInit:  - other features:
LogInit:      CURL_VERSION_SSL
LogInit:      CURL_VERSION_LIBZ
LogInit:      CURL_VERSION_IPV6
LogInit:      CURL_VERSION_ASYNCHDNS
LogInit:      CURL_VERSION_LARGEFILE
LogInit:      CURL_VERSION_IDN
LogInit:  CurlRequestOptions (configurable via config and command line):
LogInit:  - bVerifyPeer = false  - Libcurl will NOT verify peer certificate
LogInit:  - bUseHttpProxy = false  - Libcurl will NOT use HTTP proxy
LogInit:  - bDontReuseConnections = false  - Libcurl will reuse connections
LogInit:  - CertBundlePath = nullptr  - Libcurl will use whatever was configured at build time.
LogInit: Build: ++UE4+Release-4.16-CL-3561208
LogInit: Engine Version: 4.16.3-3561208+++UE4+Release-4.16
LogInit: Compatible Engine Version: 4.16.0-3452394+++UE4+Release-4.16
LogInit: Net CL: 3452394
LogDevObjectVersion: Number of dev versions registered: 16
LogDevObjectVersion:   Dev-Blueprints (B0D832E4-1F89-4F0D-ACCF-7EB736FD4AA2): 9
LogDevObjectVersion:   Dev-Build (E1C64328-A22C-4D53-A36C-8E866417BD8C): 0
LogDevObjectVersion:   Dev-Core (375EC13C-06E4-48FB-B500-84F0262A717E): 2
LogDevObjectVersion:   Dev-Editor (E4B068ED-F494-42E9-A231-DA0B2E46BB41): 17
LogDevObjectVersion:   Dev-Framework (CFFC743F-43B0-4480-9391-14DF171D2073): 23
LogDevObjectVersion:   Dev-Mobile (B02B49B5-BB20-44E9-A304-32B752E40360): 0
LogDevObjectVersion:   Dev-Networking (A4E4105C-59A1-49B5-A7C5-40C4547EDFEE): 0
LogDevObjectVersion:   Dev-Online (39C831C9-5AE6-47DC-9A44-9C173E1C8E7C): 0
LogDevObjectVersion:   Dev-Physics (78F01B33-EBEA-4F98-B9B4-84EACCB95AA2): 0
LogDevObjectVersion:   Dev-Platform (6631380F-2D4D-43E0-8009-CF276956A95A): 0
LogDevObjectVersion:   Dev-Rendering (12F88B9F-8875-4AFC-A67C-D90C383ABD29): 15
LogDevObjectVersion:   Dev-Sequencer (7B5AE74C-D270-4C10-A958-57980B212A5A): 4
LogDevObjectVersion:   Dev-VR (D7296918-1DD6-4BDD-9DE2-64A83CC13884): 0
LogDevObjectVersion:   Dev-LoadTimes (C2A15278-BFE7-4AFE-6C17-90FF531DF755): 1
LogDevObjectVersion:   Private-Geometry (6EACA3D4-40EC-4CC1-B786-8BED09428FC5): 1
LogDevObjectVersion:   Dev-AnimPhys (29E575DD-E0A3-4627-9D10-D276232CDCEA): 3
LogInit: Compiled (64-bit): Jul 28 2017 11:49:47
LogInit: Compiled with Visual C++: 19.00.24215.01
LogInit: Build Configuration: Development
LogInit: Branch Name: ++UE4+Release-4.16
LogInit: Command line:  /Temp/Autosaves/Game/UEDPCScanReach -game -PIEVIACONSOLE -ResX=1280 -ResY=720  -Multiprocess -messaging -SessionName="Play in Standalone Game" -windowed 
LogInit: Base directory: D:/UE_4.16/Engine/Binaries/Win64/
LogInit: Installed Engine Build: 1
LogInit: Presizing for max 8388607 objects, including 0 objects not considered by GC, pre-allocating 0 bytes for permanent pool.
LogInit: Object subsystem initialized
[2018.01.04-15.26.49:834][  0]LogInit: Selected Device Profile: [Windows]
[2018.01.04-15.26.49:834][  0]LogInit: Applying CVar settings loaded from the selected device profile: [Windows]
[2018.01.04-15.26.49:838][  0]LogInit: Computer: MAGNUS-PC
[2018.01.04-15.26.49:838][  0]LogInit: User: Magnus
[2018.01.04-15.26.49:838][  0]LogInit: CPU Page size=4096, Cores=4
[2018.01.04-15.26.49:838][  0]LogInit: High frequency timer resolution =3.117188 MHz
[2018.01.04-15.26.49:839][  0]LogMemory: Memory total: Physical=16.0GB (16GB approx)
[2018.01.04-15.26.49:839][  0]LogMemory: Platform Memory Stats for Windows
[2018.01.04-15.26.49:839][  0]LogMemory: Process Physical Memory: 273.30 MB used, 273.30 MB peak
[2018.01.04-15.26.49:839][  0]LogMemory: Process Virtual Memory: 266.71 MB used, 266.71 MB peak
[2018.01.04-15.26.49:839][  0]LogMemory: Physical Memory: 9221.00 MB used,  7115.84 MB free, 16336.84 MB total
[2018.01.04-15.26.49:839][  0]LogMemory: Virtual Memory: 676.88 MB used,  7115.84 MB free, 134217728.00 MB total
[2018.01.04-15.26.49:894][  0]LogInit: Using OS detected language (nb-NO).
[2018.01.04-15.26.49:894][  0]LogInit: Using OS detected locale (nb-NO).
[2018.01.04-15.26.49:897][  0]LogTextLocalizationManager: No localization for 'nb-NO' exists, so 'en' will be used for the language.
[2018.01.04-15.26.49:897][  0]LogTextLocalizationManager: No localization for 'nb-NO' exists, so 'en' will be used for the locale.
[2018.01.04-15.26.50:717][  0]LogD3D11RHI: D3D11 adapters:
[2018.01.04-15.26.50:774][  0]LogD3D11RHI:    0. 'NVIDIA GeForce GTX 1070' (Feature Level 11_0)
[2018.01.04-15.26.50:774][  0]LogD3D11RHI:       8096/0/8168 MB DedicatedVideo/DedicatedSystem/SharedSystem, Outputs:3, VendorId:0x10de
[2018.01.04-15.26.50:776][  0]LogD3D11RHI:    1. 'Microsoft Basic Render Driver' (Feature Level 11_0)
[2018.01.04-15.26.50:776][  0]LogD3D11RHI:       0/0/8168 MB DedicatedVideo/DedicatedSystem/SharedSystem, Outputs:0, VendorId:0x1414
[2018.01.04-15.26.50:776][  0]LogD3D11RHI: Chosen D3D11 Adapter: 0
[2018.01.04-15.26.50:781][  0]LogD3D11RHI: Creating new Direct3DDevice
[2018.01.04-15.26.50:781][  0]LogD3D11RHI:     GPU DeviceId: 0x1b81 (for the marketing name, search the web for "GPU Device Id")
[2018.01.04-15.26.50:781][  0]LogWindows: EnumDisplayDevices:
[2018.01.04-15.26.50:781][  0]LogWindows:    0. 'NVIDIA GeForce GTX 1070' (P:1 D:1)
[2018.01.04-15.26.50:781][  0]LogWindows:    1. 'NVIDIA GeForce GTX 1070' (P:0 D:1)
[2018.01.04-15.26.50:781][  0]LogWindows:    2. 'NVIDIA GeForce GTX 1070' (P:0 D:1)
[2018.01.04-15.26.50:782][  0]LogWindows:    3. 'NVIDIA GeForce GTX 1070' (P:0 D:0)
[2018.01.04-15.26.50:782][  0]LogWindows: DebugString: GetVideoDriverDetailsInvalid PrimaryIsNotTheChoosenAdapter GetVideoDriverDetailsInvalid PrimaryIsNotTheChoosenAdapter GetVideoDriverDetailsInvalid PrimaryIsNotTheChoosenAdapter GetVideoDriverDetailsInvalid PrimaryIsNotTheChoosenAdapter FoundDriverCount:0 
[2018.01.04-15.26.50:782][  0]LogD3D11RHI:     Adapter Name: NVIDIA GeForce GTX 1070
[2018.01.04-15.26.50:782][  0]LogD3D11RHI:   Driver Version: Unknown (internal:Unknown, unified:Unknown)
[2018.01.04-15.26.50:782][  0]LogD3D11RHI:      Driver Date: Unknown
[2018.01.04-15.26.50:782][  0]LogRHI: Texture pool is 1361 MB (70% of 1945 MB)
[2018.01.04-15.26.50:808][  0]LogD3D11RHI: Async texture creation enabled
[2018.01.04-15.26.50:958][  0]LogD3D11RHI: GPU Timing Frequency: 1000.000000 (Debug: 2 1)
[2018.01.04-15.26.51:002][  0]LogShaderCompilers: Guid format shader working directory is -18 characters bigger than the processId version (C:/Users/Magnus/Documents/GitHub/SR_Prototype_V3/SR_Prototype_V3/Intermediate/Shaders/WorkingDirectory/13208/).
[2018.01.04-15.26.51:002][  0]LogShaderCompilers: Cleaned the shader compiler working directory 'C:/Users/Magnus/AppData/Local/Temp/UnrealShaderWorkingDir/EAB35AB44164636DA5385786FE9CBD59/'.
[2018.01.04-15.26.51:002][  0]LogShaderCompilers:Display: Using Local Shader Compiler.
[2018.01.04-15.26.51:970][  0]LogTemp:Display: Loaded TP WindowsClientTargetPlatform
[2018.01.04-15.26.52:005][  0]LogTemp:Display: Loaded TP WindowsNoEditorTargetPlatform
[2018.01.04-15.26.52:040][  0]LogTemp:Display: Loaded TP WindowsServerTargetPlatform
[2018.01.04-15.26.52:069][  0]LogTemp:Display: Loaded TP WindowsTargetPlatform
[2018.01.04-15.26.52:069][  0]LogTargetPlatformManager:Display: Building Assets For Windows
[2018.01.04-15.26.52:399][  0]LogDerivedDataCache:Display: Max Cache Size: 512 MB
[2018.01.04-15.26.52:494][  0]LogDerivedDataCache: Loaded boot cache 0.09s 111MB C:/Users/Magnus/AppData/Local/UnrealEngine/4.16/DerivedDataCache/Boot.ddc.
[2018.01.04-15.26.52:494][  0]LogDerivedDataCache:Display: Loaded Boot cache: C:/Users/Magnus/AppData/Local/UnrealEngine/4.16/DerivedDataCache/Boot.ddc
[2018.01.04-15.26.52:494][  0]LogDerivedDataCache: FDerivedDataBackendGraph:  Pak pak cache file C:/Users/Magnus/Documents/GitHub/SR_Prototype_V3/SR_Prototype_V3/DerivedDataCache/DDC.ddp not found, will not use a pak cache.
[2018.01.04-15.26.52:494][  0]LogDerivedDataCache: Unable to find inner node Pak for hierarchical cache Hierarchy.
[2018.01.04-15.26.52:494][  0]LogDerivedDataCache: FDerivedDataBackendGraph:  CompressedPak pak cache file C:/Users/Magnus/Documents/GitHub/SR_Prototype_V3/SR_Prototype_V3/DerivedDataCache/Compressed.ddp not found, will not use a pak cache.
[2018.01.04-15.26.52:494][  0]LogDerivedDataCache: Unable to find inner node CompressedPak for hierarchical cache Hierarchy.
[2018.01.04-15.26.52:509][  0]LogDerivedDataCache:Display: Pak cache opened for reading ../../../Engine/DerivedDataCache/Compressed.ddp.
[2018.01.04-15.26.52:520][  0]LogDerivedDataCache: Using Local data cache path C:/Users/Magnus/AppData/Local/UnrealEngine/Common/DerivedDataCache: Writable
[2018.01.04-15.26.52:529][  0]LogMaterial: Verifying Global Shaders for PCD3D_SM5
[2018.01.04-15.26.52:529][  0]LogSlate: Using Freetype 2.6.0
[2018.01.04-15.26.52:530][  0]LogSlate: SlateFontCache - WITH_FREETYPE: 1, WITH_HARFBUZZ: 1
[2018.01.04-15.26.52:530][  0]LogSlate: SlateFontCache - WITH_FREETYPE: 1, WITH_HARFBUZZ: 1
[2018.01.04-15.26.52:794][  0]LogAssetRegistry: FAssetRegistry took 0.0040 seconds to start up
[2018.01.04-15.26.52:800][  0]LogPackageLocalizationCache: Processed 5 localized package path(s) for 1 prioritized culture(s) in 0.005707 seconds
[2018.01.04-15.26.52:877][  0]LogInit: Selected Device Profile: [Windows]
[2018.01.04-15.26.53:102][  0]LogMeshUtilities: Using QuadricMeshReduction for automatic static mesh reduction
[2018.01.04-15.26.53:131][  0]LogSimplygon: Simplygon DLL not present - disabling.
[2018.01.04-15.26.53:163][  0]LogMeshUtilities: Using SimplygonSwarm for distributed automatic mesh merging
[2018.01.04-15.26.53:163][  0]LogMeshUtilities: No automatic skeletal mesh reduction module available
[2018.01.04-15.26.53:163][  0]LogMeshUtilities: No automatic mesh merging module available
[2018.01.04-15.26.53:656][  0]LogNetVersion: SR_Prototype_V3 , NetCL: 3452394, EngineNetVer: 2, GameNetVer: 0 (Checksum: 2708348065)
[2018.01.04-15.26.53:715][  0]LogInit: WinSock: version 1.1 (2.2), MaxSocks=32767, MaxUdp=65467
[2018.01.04-15.26.54:502][  0]LogMoviePlayer: Initializing movie player
[2018.01.04-15.26.54:752][  0]LogCollectionManager: Loaded 0 collections in 0.000816 seconds
[2018.01.04-15.26.54:798][  0]LogFileCache: Scanning file cache for directory 'C:/Users/Magnus/Documents/GitHub/SR_Prototype_V3/SR_Prototype_V3/Saved/Collections/' took 0.01s
[2018.01.04-15.26.54:798][  0]LogFileCache: Scanning file cache for directory 'C:/Users/Magnus/Documents/GitHub/SR_Prototype_V3/SR_Prototype_V3/Content/Developers/Magnus/Collections/' took 0.01s
[2018.01.04-15.26.54:798][  0]LogFileCache: Scanning file cache for directory 'C:/Users/Magnus/Documents/GitHub/SR_Prototype_V3/SR_Prototype_V3/Content/Collections/' took 0.01s
[2018.01.04-15.26.54:798][  0]LogCollectionManager: Rebuilt the object cache for 0 collections in 0.000001 seconds (found 0 objects)
[2018.01.04-15.26.54:798][  0]LogCollectionManager: Fixed up redirectors for 0 collections in 0.000030 seconds (updated 0 objects)
[2018.01.04-15.26.54:941][  0]LogTcpMessaging: Initializing TcpMessaging bridge
[2018.01.04-15.26.54:974][  0]LogUdpMessaging: Initializing bridge on interface 0.0.0.0:0 to multicast group 230.0.0.1:6666.
[2018.01.04-15.26.55:259][  0]SourceControl: Info Source control is disabled
[2018.01.04-15.26.55:259][  0]SourceControl: Info Source control is disabled
[2018.01.04-15.26.55:292][  0]SourceControl: Info Source control is disabled
[2018.01.04-15.26.55:481][  0]LogAndroidPermission: UAndroidPermissionCallbackProxy::GetInstance
[2018.01.04-15.26.55:817][  0]LogUObjectArray: 37275 objects as part of root set at end of initial load.
[2018.01.04-15.26.55:817][  0]LogUObjectAllocator: 8410056 out of 0 bytes used by permanent object pool.
[2018.01.04-15.26.55:817][  0]LogUObjectArray: CloseDisregardForGC: 0/0 objects in disregard for GC pool
[2018.01.04-15.26.55:909][  0]LogEngine: Initializing Engine...
[2018.01.04-15.26.55:909][  0]LogHMD: Failed to initialize OpenVR with code 110
[2018.01.04-15.26.56:094][  0]LogStats: UGameplayTagsManager::ConstructGameplayTagTree: Construct from data asset -  0.000 s
[2018.01.04-15.26.56:094][  0]LogStats: UGameplayTagsManager::ConstructGameplayTagTree: GameplayTagTreeChangedEvent.Broadcast -  0.000 s
[2018.01.04-15.26.56:111][  0]LogInit: XAudio2 using 'Øretelefon (HyperX 7.1 Audio)' : 2 channels at 44.1 kHz using 16 bits per sample (channel mask 0x3)
[2018.01.04-15.26.56:127][  0]LogInit: FAudioDevice initialized.
[2018.01.04-15.26.56:170][  0]LogInit: Texture streaming: Disabled
[2018.01.04-15.26.56:186][  0]LogMaterial: Uniform references updated for custom material expression Custom.
[2018.01.04-15.26.56:416][  0]LogSlateStyle:Warning: Unable to find Slate Widget Style 'NormalText'. Using FTextBlockStyle defaults instead.
[2018.01.04-15.26.56:416][  0]LogSlateStyle:Warning: Unable to find Slate Widget Style 'SpinBox'. Using FSpinBoxStyle defaults instead.
[2018.01.04-15.26.56:595][  0]LogInit:Display: Game Engine Initialized.
[2018.01.04-15.26.56:718][  0]LogInit:Display: Starting Game.
[2018.01.04-15.26.56:718][  0]LogNet: Browse: /Temp/Autosaves/Game/UEDPCScanReach?Name=Player
[2018.01.04-15.26.56:718][  0]LogLoad: LoadMap: /Temp/Autosaves/Game/UEDPCScanReach?Name=Player
[2018.01.04-15.26.56:738][  0]LogMemory: Platform Memory Stats for Windows
[2018.01.04-15.26.56:738][  0]LogMemory: Process Physical Memory: 829.82 MB used, 926.63 MB peak
[2018.01.04-15.26.56:738][  0]LogMemory: Process Virtual Memory: 955.31 MB used, 1012.61 MB peak
[2018.01.04-15.26.56:738][  0]LogMemory: Physical Memory: 9701.87 MB used,  6634.98 MB free, 16336.84 MB total
[2018.01.04-15.26.56:738][  0]LogMemory: Virtual Memory: 1643.50 MB used,  6634.98 MB free, 134217728.00 MB total
[2018.01.04-15.26.56:738][  0]LogMemory: 
[2018.01.04-15.26.56:738][  0]Allocator Stats for TBB: (not implemented)
[2018.01.04-15.26.57:451][  0]LogAIModule: Creating AISystem for world ScanReach
[2018.01.04-15.26.57:451][  0]LogLoad: Game class is 'ScanReach_GM_C'
[2018.01.04-15.26.57:476][  0]LogWorld: Bringing World /Temp/Autosaves/Game/UEDPCScanReach.ScanReach up for play (max tick rate 0) at 2018.01.04-16.26.57
[2018.01.04-15.26.57:477][  0]LogWorld: Bringing up level for play took: 0.025402
[2018.01.04-15.26.57:484][  0]LogBlueprintUserMessages: [Websocket_Master_58] cfdfb18f-7a15-4922-b52e-2dbed43c299d
[2018.01.04-15.26.57:484][  0]LogBlueprintUserMessages: [Websocket_Master_58] 3cff7215-ab99-4071-b738-9ede02b36604
[2018.01.04-15.26.57:484][  0]LogBlueprintUserMessages: [Websocket_Master_58] 5a161fa2-488f-4024-9753-a4e4a3ded31a
[2018.01.04-15.26.57:484][  0]LogBlueprintUserMessages: [Websocket_Master_58] 6a46c0b8-f691-40a2-bf8c-041ec09dc7ac
[2018.01.04-15.26.57:484][  0]LogBlueprintUserMessages: [Websocket_Master_58] 70c81956-1c1a-40f4-aa2b-3a743a9deac3
[2018.01.04-15.26.57:484][  0]LogBlueprintUserMessages: [Websocket_Master_58] 7f464d36-31a3-4a56-894a-a94f14707e09
[2018.01.04-15.26.57:484][  0]LogBlueprintUserMessages: [Websocket_Master_58] 9f7e559f-d9e4-4143-bea3-69bb144d9d76
[2018.01.04-15.26.57:484][  0]LogBlueprintUserMessages: [Websocket_Master_58] a895776a-5510-48c3-88bc-56118557b179
[2018.01.04-15.26.57:484][  0]LogBlueprintUserMessages: [Websocket_Master_58] b1f089d5-6e8e-4001-b860-b29937bc82d6
[2018.01.04-15.26.57:484][  0]LogBlueprintUserMessages: [Websocket_Master_58] 302316ab-3b7b-45f1-9fc0-5f0b4f819c41
[2018.01.04-15.26.57:484][  0]LogLoad: Took 0.766183 seconds to LoadMap(/Temp/Autosaves/Game/UEDPCScanReach)
[2018.01.04-15.26.57:752][  0]LogRenderer: Reallocating scene render targets to support 1280x720 NumSamples 1 (Frame:1).
[2018.01.04-15.26.57:752][  0]LogLoad: (Engine Initialization) Total time: 8.97 seconds
[2018.01.04-15.26.57:752][  0]LogLoad: (Engine Initialization) Total Blueprint compile time: 0.27 seconds
[2018.01.04-15.26.57:752][  0]LogExternalProfiler: Found external profiler: VSPerf
[2018.01.04-15.26.57:752][  0]LogExternalProfiler: Using external profiler: VSPerf
[2018.01.04-15.26.57:768][  0]LogWindowsTextInputMethodSystem:Display: IME system now deactivated.
[2018.01.04-15.26.57:769][  0]LogOcInput: OculusInput pre-init called
[2018.01.04-15.26.57:769][  0]LogHMD: Starting GearVRController plugin
[2018.01.04-15.26.58:065][ 18]LogRenderer: Reallocating scene render targets to support 1280x340 NumSamples 1 (Frame:19).
[2018.01.04-15.26.58:082][ 19]LogRenderer: Reallocating scene render targets to support 1280x720 NumSamples 1 (Frame:19).
[2018.01.04-15.26.59:741][116]LogBlueprintUserMessages: [Websocket_Master_58] Connected To: ws://srtdev7-inrange-websocket.azurewebsites.net/inrange
[2018.01.04-15.27.01:977][247]LogRenderer: Reallocating scene render targets to support 1920x1080 NumSamples 1 (Frame:249).
[2018.01.04-15.27.01:978][247]LogBlueprintUserMessages: [Websocket_Master_58] RSSI: -41.74803

TagID: d343d373-0696-4542-8a05-52a261511d54

SensorID: 9f7e559f-d9e4-4143-bea3-69bb144d9d76
[2018.01.04-15.27.01:979][247]LogBlueprintUserMessages: [Websocket_Master_58] Not Recognized!
[2018.01.04-15.27.01:979][247]LogBlueprintUserMessages: [Websocket_Master_58] Not Recognized!
[2018.01.04-15.27.01:979][247]LogBlueprintUserMessages: [Websocket_Master_58] Not Recognized!
[2018.01.04-15.27.01:979][247]LogBlueprintUserMessages: [Websocket_Master_58] Not Recognized!
[2018.01.04-15.27.01:979][247]LogBlueprintUserMessages: [Websocket_Master_58] Not Recognized!
[2018.01.04-15.27.01:979][247]LogBlueprintUserMessages: [Websocket_Master_58] Not Recognized!
[2018.01.04-15.27.01:979][247]LogBlueprintUserMessages: [Websocket_Master_58] Recognized!
[2018.01.04-15.27.01:979][247]LogBlueprintUserMessages: [Websocket_Master_58] Not Recognized!
[2018.01.04-15.27.01:979][247]LogBlueprintUserMessages: [Websocket_Master_58] Not Recognized!
[2018.01.04-15.27.01:979][247]LogBlueprintUserMessages: [Websocket_Master_58] Not Recognized!
[2018.01.04-15.27.01:993][247]LogRenderer: Reallocating scene render targets to support 1280x340 NumSamples 1 (Frame:250).
[2018.01.04-15.27.01:993][247]LogRenderer: Reallocating scene render targets to support 1920x1080 NumSamples 1 (Frame:250).
[2018.01.04-15.27.03:951][368]LogBlueprintUserMessages: [Websocket_Master_58] RSSI: -58.865982

TagID: 490d1d0f-0670-4675-a278-c3e0a54a389a

SensorID: 6a46c0b8-f691-40a2-bf8c-041ec09dc7ac
[2018.01.04-15.27.03:951][368]LogBlueprintUserMessages: [Websocket_Master_58] Not Recognized!
[2018.01.04-15.27.03:951][368]LogBlueprintUserMessages: [Websocket_Master_58] Not Recognized!
[2018.01.04-15.27.03:951][368]LogBlueprintUserMessages: [Websocket_Master_58] Not Recognized!
[2018.01.04-15.27.03:951][368]LogBlueprintUserMessages: [Websocket_Master_58] Recognized!
[2018.01.04-15.27.03:951][368]LogBlueprintUserMessages: [Websocket_Master_58] Not Recognized!
[2018.01.04-15.27.03:951][368]LogBlueprintUserMessages: [Websocket_Master_58] Not Recognized!
[2018.01.04-15.27.03:951][368]LogBlueprintUserMessages: [Websocket_Master_58] Not Recognized!
[2018.01.04-15.27.03:951][368]LogBlueprintUserMessages: [Websocket_Master_58] Not Recognized!
[2018.01.04-15.27.03:951][368]LogBlueprintUserMessages: [Websocket_Master_58] Not Recognized!
[2018.01.04-15.27.03:951][368]LogBlueprintUserMessages: [Websocket_Master_58] Not Recognized!
[2018.01.04-15.27.05:967][493]LogBlueprintUserMessages: [Websocket_Master_58] RSSI: -40.61772

TagID: d63e739a-fca8-4ed6-b0b9-df8ccc003eee

SensorID: 7f464d36-31a3-4a56-894a-a94f14707e09
[2018.01.04-15.27.05:967][493]LogBlueprintUserMessages: [Websocket_Master_58] Not Recognized!
[2018.01.04-15.27.05:967][493]LogBlueprintUserMessages: [Websocket_Master_58] Not Recognized!
[2018.01.04-15.27.05:967][493]LogBlueprintUserMessages: [Websocket_Master_58] Not Recognized!
[2018.01.04-15.27.05:967][493]LogBlueprintUserMessages: [Websocket_Master_58] Not Recognized!
[2018.01.04-15.27.05:967][493]LogBlueprintUserMessages: [Websocket_Master_58] Not Recognized!
[2018.01.04-15.27.05:967][493]LogBlueprintUserMessages: [Websocket_Master_58] Recognized!
[2018.01.04-15.27.05:967][493]LogBlueprintUserMessages: [Websocket_Master_58] Not Recognized!
[2018.01.04-15.27.05:967][493]LogBlueprintUserMessages: [Websocket_Master_58] Not Recognized!
[2018.01.04-15.27.05:967][493]LogBlueprintUserMessages: [Websocket_Master_58] Not Recognized!
[2018.01.04-15.27.05:967][493]LogBlueprintUserMessages: [Websocket_Master_58] Not Recognized!
[2018.01.04-15.27.07:983][618]LogBlueprintUserMessages: [Websocket_Master_58] RSSI: -50.207455

TagID: d343d373-0696-4542-8a05-52a261511d54

SensorID: 3cff7215-ab99-4071-b738-9ede02b36604
[2018.01.04-15.27.07:983][618]LogBlueprintUserMessages: [Websocket_Master_58] Not Recognized!
[2018.01.04-15.27.07:983][618]LogBlueprintUserMessages: [Websocket_Master_58] Recognized!
[2018.01.04-15.27.07:983][618]LogBlueprintUserMessages: [Websocket_Master_58] Not Recognized!
[2018.01.04-15.27.07:983][618]LogBlueprintUserMessages: [Websocket_Master_58] Not Recognized!
[2018.01.04-15.27.07:983][618]LogBlueprintUserMessages: [Websocket_Master_58] Not Recognized!
[2018.01.04-15.27.07:983][618]LogBlueprintUserMessages: [Websocket_Master_58] Not Recognized!
[2018.01.04-15.27.07:983][618]LogBlueprintUserMessages: [Websocket_Master_58] Not Recognized!
[2018.01.04-15.27.07:983][618]LogBlueprintUserMessages: [Websocket_Master_58] Not Recognized!
[2018.01.04-15.27.07:983][618]LogBlueprintUserMessages: [Websocket_Master_58] Not Recognized!
[2018.01.04-15.27.07:983][618]LogBlueprintUserMessages: [Websocket_Master_58] Not Recognized!
[2018.01.04-15.27.10:000][743]LogBlueprintUserMessages: [Websocket_Master_58] RSSI: -72.631096

TagID: 490d1d0f-0670-4675-a278-c3e0a54a389a

SensorID: b1f089d5-6e8e-4001-b860-b29937bc82d6
[2018.01.04-15.27.10:000][743]LogBlueprintUserMessages: [Websocket_Master_58] Not Recognized!
[2018.01.04-15.27.10:000][743]LogBlueprintUserMessages: [Websocket_Master_58] Not Recognized!
[2018.01.04-15.27.10:000][743]LogBlueprintUserMessages: [Websocket_Master_58] Not Recognized!
[2018.01.04-15.27.10:000][743]LogBlueprintUserMessages: [Websocket_Master_58] Not Recognized!
[2018.01.04-15.27.10:000][743]LogBlueprintUserMessages: [Websocket_Master_58] Not Recognized!
[2018.01.04-15.27.10:000][743]LogBlueprintUserMessages: [Websocket_Master_58] Not Recognized!
[2018.01.04-15.27.10:000][743]LogBlueprintUserMessages: [Websocket_Master_58] Not Recognized!
[2018.01.04-15.27.10:000][743]LogBlueprintUserMessages: [Websocket_Master_58] Not Recognized!
[2018.01.04-15.27.10:000][743]LogBlueprintUserMessages: [Websocket_Master_58] Recognized!
[2018.01.04-15.27.10:000][743]LogBlueprintUserMessages: [Websocket_Master_58] Not Recognized!
[2018.01.04-15.27.12:016][868]LogBlueprintUserMessages: [Websocket_Master_58] RSSI: -71.90742

TagID: a4f627c7-66e7-40b6-af13-18d95bb7302e

SensorID: 7f464d36-31a3-4a56-894a-a94f14707e09
[2018.01.04-15.27.12:016][868]LogBlueprintUserMessages: [Websocket_Master_58] Not Recognized!
[2018.01.04-15.27.12:016][868]LogBlueprintUserMessages: [Websocket_Master_58] Not Recognized!
[2018.01.04-15.27.12:016][868]LogBlueprintUserMessages: [Websocket_Master_58] Not Recognized!
[2018.01.04-15.27.12:016][868]LogBlueprintUserMessages: [Websocket_Master_58] Not Recognized!
[2018.01.04-15.27.12:016][868]LogBlueprintUserMessages: [Websocket_Master_58] Not Recognized!
[2018.01.04-15.27.12:016][868]LogBlueprintUserMessages: [Websocket_Master_58] Recognized!
[2018.01.04-15.27.12:016][868]LogBlueprintUserMessages: [Websocket_Master_58] Not Recognized!
[2018.01.04-15.27.12:016][868]LogBlueprintUserMessages: [Websocket_Master_58] Not Recognized!
[2018.01.04-15.27.12:016][868]LogBlueprintUserMessages: [Websocket_Master_58] Not Recognized!
[2018.01.04-15.27.12:016][868]LogBlueprintUserMessages: [Websocket_Master_58] Not Recognized!
[2018.01.04-15.27.14:016][992]LogBlueprintUserMessages: [Websocket_Master_58] RSSI: -70.54444

TagID: d63e739a-fca8-4ed6-b0b9-df8ccc003eee

SensorID: cfdfb18f-7a15-4922-b52e-2dbed43c299d
[2018.01.04-15.27.14:017][992]LogBlueprintUserMessages: [Websocket_Master_58] Recognized!
[2018.01.04-15.27.14:017][992]LogBlueprintUserMessages: [Websocket_Master_58] Not Recognized!
[2018.01.04-15.27.14:017][992]LogBlueprintUserMessages: [Websocket_Master_58] Not Recognized!
[2018.01.04-15.27.14:017][992]LogBlueprintUserMessages: [Websocket_Master_58] Not Recognized!
[2018.01.04-15.27.14:017][992]LogBlueprintUserMessages: [Websocket_Master_58] Not Recognized!
[2018.01.04-15.27.14:017][992]LogBlueprintUserMessages: [Websocket_Master_58] Not Recognized!
[2018.01.04-15.27.14:017][992]LogBlueprintUserMessages: [Websocket_Master_58] Not Recognized!
[2018.01.04-15.27.14:017][992]LogBlueprintUserMessages: [Websocket_Master_58] Not Recognized!
[2018.01.04-15.27.14:017][992]LogBlueprintUserMessages: [Websocket_Master_58] Not Recognized!
[2018.01.04-15.27.14:017][992]LogBlueprintUserMessages: [Websocket_Master_58] Not Recognized!
[2018.01.04-15.27.16:016][116]LogBlueprintUserMessages: [Websocket_Master_58] RSSI: -75.481224

TagID: d63e739a-fca8-4ed6-b0b9-df8ccc003eee

SensorID: 9f7e559f-d9e4-4143-bea3-69bb144d9d76
[2018.01.04-15.27.16:016][116]LogBlueprintUserMessages: [Websocket_Master_58] Not Recognized!
[2018.01.04-15.27.16:016][116]LogBlueprintUserMessages: [Websocket_Master_58] Not Recognized!
[2018.01.04-15.27.16:016][116]LogBlueprintUserMessages: [Websocket_Master_58] Not Recognized!
[2018.01.04-15.27.16:016][116]LogBlueprintUserMessages: [Websocket_Master_58] Not Recognized!
[2018.01.04-15.27.16:016][116]LogBlueprintUserMessages: [Websocket_Master_58] Not Recognized!
[2018.01.04-15.27.16:016][116]LogBlueprintUserMessages: [Websocket_Master_58] Not Recognized!
[2018.01.04-15.27.16:016][116]LogBlueprintUserMessages: [Websocket_Master_58] Recognized!
[2018.01.04-15.27.16:016][116]LogBlueprintUserMessages: [Websocket_Master_58] Not Recognized!
[2018.01.04-15.27.16:016][116]LogBlueprintUserMessages: [Websocket_Master_58] Not Recognized!
[2018.01.04-15.27.16:016][116]LogBlueprintUserMessages: [Websocket_Master_58] Not Recognized!
[2018.01.04-15.27.18:033][241]LogBlueprintUserMessages: [Websocket_Master_58] RSSI: -69.89217

TagID: c1a8b364-77b6-400e-883c-c93cbc2fa96e

SensorID: a895776a-5510-48c3-88bc-56118557b179
[2018.01.04-15.27.18:033][241]LogBlueprintUserMessages: [Websocket_Master_58] Not Recognized!
[2018.01.04-15.27.18:033][241]LogBlueprintUserMessages: [Websocket_Master_58] Not Recognized!
[2018.01.04-15.27.18:033][241]LogBlueprintUserMessages: [Websocket_Master_58] Not Recognized!
[2018.01.04-15.27.18:033][241]LogBlueprintUserMessages: [Websocket_Master_58] Not Recognized!
[2018.01.04-15.27.18:033][241]LogBlueprintUserMessages: [Websocket_Master_58] Not Recognized!
[2018.01.04-15.27.18:034][241]LogBlueprintUserMessages: [Websocket_Master_58] Not Recognized!
[2018.01.04-15.27.18:034][241]LogBlueprintUserMessages: [Websocket_Master_58] Not Recognized!
[2018.01.04-15.27.18:034][241]LogBlueprintUserMessages: [Websocket_Master_58] Recognized!
[2018.01.04-15.27.18:034][241]LogBlueprintUserMessages: [Websocket_Master_58] Not Recognized!
[2018.01.04-15.27.18:034][241]LogBlueprintUserMessages: [Websocket_Master_58] Not Recognized!
[2018.01.04-15.27.20:049][366]LogBlueprintUserMessages: [Websocket_Master_58] RSSI: -73.90804

TagID: d343d373-0696-4542-8a05-52a261511d54

SensorID: 6a46c0b8-f691-40a2-bf8c-041ec09dc7ac
[2018.01.04-15.27.20:049][366]LogBlueprintUserMessages: [Websocket_Master_58] Not Recognized!
[2018.01.04-15.27.20:049][366]LogBlueprintUserMessages: [Websocket_Master_58] Not Recognized!
[2018.01.04-15.27.20:049][366]LogBlueprintUserMessages: [Websocket_Master_58] Not Recognized!
[2018.01.04-15.27.20:049][366]LogBlueprintUserMessages: [Websocket_Master_58] Recognized!
[2018.01.04-15.27.20:049][366]LogBlueprintUserMessages: [Websocket_Master_58] Not Recognized!
[2018.01.04-15.27.20:049][366]LogBlueprintUserMessages: [Websocket_Master_58] Not Recognized!
[2018.01.04-15.27.20:049][366]LogBlueprintUserMessages: [Websocket_Master_58] Not Recognized!
[2018.01.04-15.27.20:049][366]LogBlueprintUserMessages: [Websocket_Master_58] Not Recognized!
[2018.01.04-15.27.20:049][366]LogBlueprintUserMessages: [Websocket_Master_58] Not Recognized!
[2018.01.04-15.27.20:049][366]LogBlueprintUserMessages: [Websocket_Master_58] Not Recognized!
[2018.01.04-15.27.22:049][490]LogBlueprintUserMessages: [Websocket_Master_58] RSSI: -66.811104

TagID: 490d1d0f-0670-4675-a278-c3e0a54a389a

SensorID: 302316ab-3b7b-45f1-9fc0-5f0b4f819c41
[2018.01.04-15.27.22:050][490]LogBlueprintUserMessages: [Websocket_Master_58] Not Recognized!
[2018.01.04-15.27.22:050][490]LogBlueprintUserMessages: [Websocket_Master_58] Not Recognized!
[2018.01.04-15.27.22:050][490]LogBlueprintUserMessages: [Websocket_Master_58] Not Recognized!
[2018.01.04-15.27.22:050][490]LogBlueprintUserMessages: [Websocket_Master_58] Not Recognized!
[2018.01.04-15.27.22:050][490]LogBlueprintUserMessages: [Websocket_Master_58] Not Recognized!
[2018.01.04-15.27.22:050][490]LogBlueprintUserMessages: [Websocket_Master_58] Not Recognized!
[2018.01.04-15.27.22:050][490]LogBlueprintUserMessages: [Websocket_Master_58] Not Recognized!
[2018.01.04-15.27.22:050][490]LogBlueprintUserMessages: [Websocket_Master_58] Not Recognized!
[2018.01.04-15.27.22:050][490]LogBlueprintUserMessages: [Websocket_Master_58] Not Recognized!
[2018.01.04-15.27.22:050][490]LogBlueprintUserMessages: [Websocket_Master_58] Recognized!
[2018.01.04-15.27.24:050][614]LogBlueprintUserMessages: [Websocket_Master_58] RSSI: -62.04046

TagID: c1a8b364-77b6-400e-883c-c93cbc2fa96e

SensorID: a895776a-5510-48c3-88bc-56118557b179
[2018.01.04-15.27.24:050][614]LogBlueprintUserMessages: [Websocket_Master_58] Not Recognized!
[2018.01.04-15.27.24:050][614]LogBlueprintUserMessages: [Websocket_Master_58] Not Recognized!
[2018.01.04-15.27.24:050][614]LogBlueprintUserMessages: [Websocket_Master_58] Not Recognized!
[2018.01.04-15.27.24:050][614]LogBlueprintUserMessages: [Websocket_Master_58] Not Recognized!
[2018.01.04-15.27.24:050][614]LogBlueprintUserMessages: [Websocket_Master_58] Not Recognized!
[2018.01.04-15.27.24:050][614]LogBlueprintUserMessages: [Websocket_Master_58] Not Recognized!
[2018.01.04-15.27.24:050][614]LogBlueprintUserMessages: [Websocket_Master_58] Not Recognized!
[2018.01.04-15.27.24:050][614]LogBlueprintUserMessages: [Websocket_Master_58] Recognized!
[2018.01.04-15.27.24:050][614]LogBlueprintUserMessages: [Websocket_Master_58] Not Recognized!
[2018.01.04-15.27.24:050][614]LogBlueprintUserMessages: [Websocket_Master_58] Not Recognized!
[2018.01.04-15.27.26:083][740]LogBlueprintUserMessages: [Websocket_Master_58] RSSI: -44.997006

TagID: d343d373-0696-4542-8a05-52a261511d54

SensorID: 7f464d36-31a3-4a56-894a-a94f14707e09
[2018.01.04-15.27.26:083][740]LogBlueprintUserMessages: [Websocket_Master_58] Not Recognized!
[2018.01.04-15.27.26:083][740]LogBlueprintUserMessages: [Websocket_Master_58] Not Recognized!
[2018.01.04-15.27.26:083][740]LogBlueprintUserMessages: [Websocket_Master_58] Not Recognized!
[2018.01.04-15.27.26:083][740]LogBlueprintUserMessages: [Websocket_Master_58] Not Recognized!
[2018.01.04-15.27.26:083][740]LogBlueprintUserMessages: [Websocket_Master_58] Not Recognized!
[2018.01.04-15.27.26:083][740]LogBlueprintUserMessages: [Websocket_Master_58] Recognized!
[2018.01.04-15.27.26:083][740]LogBlueprintUserMessages: [Websocket_Master_58] Not Recognized!
[2018.01.04-15.27.26:083][740]LogBlueprintUserMessages: [Websocket_Master_58] Not Recognized!
[2018.01.04-15.27.26:083][740]LogBlueprintUserMessages: [Websocket_Master_58] Not Recognized!
[2018.01.04-15.27.26:083][740]LogBlueprintUserMessages: [Websocket_Master_58] Not Recognized!
[2018.01.04-15.27.28:100][865]LogBlueprintUserMessages: [Websocket_Master_58] RSSI: -58.878452

TagID: a4f627c7-66e7-40b6-af13-18d95bb7302e

SensorID: 3cff7215-ab99-4071-b738-9ede02b36604
[2018.01.04-15.27.28:100][865]LogBlueprintUserMessages: [Websocket_Master_58] Not Recognized!
[2018.01.04-15.27.28:100][865]LogBlueprintUserMessages: [Websocket_Master_58] Recognized!
[2018.01.04-15.27.28:100][865]LogBlueprintUserMessages: [Websocket_Master_58] Not Recognized!
[2018.01.04-15.27.28:100][865]LogBlueprintUserMessages: [Websocket_Master_58] Not Recognized!
[2018.01.04-15.27.28:100][865]LogBlueprintUserMessages: [Websocket_Master_58] Not Recognized!
[2018.01.04-15.27.28:100][865]LogBlueprintUserMessages: [Websocket_Master_58] Not Recognized!
[2018.01.04-15.27.28:100][865]LogBlueprintUserMessages: [Websocket_Master_58] Not Recognized!
[2018.01.04-15.27.28:100][865]LogBlueprintUserMessages: [Websocket_Master_58] Not Recognized!
[2018.01.04-15.27.28:100][865]LogBlueprintUserMessages: [Websocket_Master_58] Not Recognized!
[2018.01.04-15.27.28:100][865]LogBlueprintUserMessages: [Websocket_Master_58] Not Recognized!
[2018.01.04-15.27.30:116][990]LogBlueprintUserMessages: [Websocket_Master_58] RSSI: -49.828625

TagID: d343d373-0696-4542-8a05-52a261511d54

SensorID: 7f464d36-31a3-4a56-894a-a94f14707e09
[2018.01.04-15.27.30:116][990]LogBlueprintUserMessages: [Websocket_Master_58] Not Recognized!
[2018.01.04-15.27.30:116][990]LogBlueprintUserMessages: [Websocket_Master_58] Not Recognized!
[2018.01.04-15.27.30:116][990]LogBlueprintUserMessages: [Websocket_Master_58] Not Recognized!
[2018.01.04-15.27.30:116][990]LogBlueprintUserMessages: [Websocket_Master_58] Not Recognized!
[2018.01.04-15.27.30:116][990]LogBlueprintUserMessages: [Websocket_Master_58] Not Recognized!
[2018.01.04-15.27.30:116][990]LogBlueprintUserMessages: [Websocket_Master_58] Recognized!
[2018.01.04-15.27.30:116][990]LogBlueprintUserMessages: [Websocket_Master_58] Not Recognized!
[2018.01.04-15.27.30:116][990]LogBlueprintUserMessages: [Websocket_Master_58] Not Recognized!
[2018.01.04-15.27.30:116][990]LogBlueprintUserMessages: [Websocket_Master_58] Not Recognized!
[2018.01.04-15.27.30:116][990]LogBlueprintUserMessages: [Websocket_Master_58] Not Recognized!
[2018.01.04-15.27.32:132][115]LogBlueprintUserMessages: [Websocket_Master_58] RSSI: -67.825645

TagID: c1a8b364-77b6-400e-883c-c93cbc2fa96e

SensorID: 9f7e559f-d9e4-4143-bea3-69bb144d9d76
[2018.01.04-15.27.32:132][115]LogBlueprintUserMessages: [Websocket_Master_58] Not Recognized!
[2018.01.04-15.27.32:132][115]LogBlueprintUserMessages: [Websocket_Master_58] Not Recognized!
[2018.01.04-15.27.32:132][115]LogBlueprintUserMessages: [Websocket_Master_58] Not Recognized!
[2018.01.04-15.27.32:132][115]LogBlueprintUserMessages: [Websocket_Master_58] Not Recognized!
[2018.01.04-15.27.32:132][115]LogBlueprintUserMessages: [Websocket_Master_58] Not Recognized!
[2018.01.04-15.27.32:132][115]LogBlueprintUserMessages: [Websocket_Master_58] Not Recognized!
[2018.01.04-15.27.32:132][115]LogBlueprintUserMessages: [Websocket_Master_58] Recognized!
[2018.01.04-15.27.32:132][115]LogBlueprintUserMessages: [Websocket_Master_58] Not Recognized!
[2018.01.04-15.27.32:132][115]LogBlueprintUserMessages: [Websocket_Master_58] Not Recognized!
[2018.01.04-15.27.32:132][115]LogBlueprintUserMessages: [Websocket_Master_58] Not Recognized!
[2018.01.04-15.27.34:132][239]LogBlueprintUserMessages: [Websocket_Master_58] RSSI: -70.20126

TagID: a4f627c7-66e7-40b6-af13-18d95bb7302e

SensorID: 3cff7215-ab99-4071-b738-9ede02b36604
[2018.01.04-15.27.34:132][239]LogBlueprintUserMessages: [Websocket_Master_58] Not Recognized!
[2018.01.04-15.27.34:132][239]LogBlueprintUserMessages: [Websocket_Master_58] Recognized!
[2018.01.04-15.27.34:132][239]LogBlueprintUserMessages: [Websocket_Master_58] Not Recognized!
[2018.01.04-15.27.34:132][239]LogBlueprintUserMessages: [Websocket_Master_58] Not Recognized!
[2018.01.04-15.27.34:132][239]LogBlueprintUserMessages: [Websocket_Master_58] Not Recognized!
[2018.01.04-15.27.34:132][239]LogBlueprintUserMessages: [Websocket_Master_58] Not Recognized!
[2018.01.04-15.27.34:133][239]LogBlueprintUserMessages: [Websocket_Master_58] Not Recognized!
[2018.01.04-15.27.34:133][239]LogBlueprintUserMessages: [Websocket_Master_58] Not Recognized!
[2018.01.04-15.27.34:133][239]LogBlueprintUserMessages: [Websocket_Master_58] Not Recognized!
[2018.01.04-15.27.34:133][239]LogBlueprintUserMessages: [Websocket_Master_58] Not Recognized!
[2018.01.04-15.27.36:148][364]LogBlueprintUserMessages: [Websocket_Master_58] RSSI: -76.42598

TagID: d343d373-0696-4542-8a05-52a261511d54

SensorID: 3cff7215-ab99-4071-b738-9ede02b36604
[2018.01.04-15.27.36:149][364]LogBlueprintUserMessages: [Websocket_Master_58] Not Recognized!
[2018.01.04-15.27.36:149][364]LogBlueprintUserMessages: [Websocket_Master_58] Recognized!
[2018.01.04-15.27.36:149][364]LogBlueprintUserMessages: [Websocket_Master_58] Not Recognized!
[2018.01.04-15.27.36:149][364]LogBlueprintUserMessages: [Websocket_Master_58] Not Recognized!
[2018.01.04-15.27.36:149][364]LogBlueprintUserMessages: [Websocket_Master_58] Not Recognized!
[2018.01.04-15.27.36:149][364]LogBlueprintUserMessages: [Websocket_Master_58] Not Recognized!
[2018.01.04-15.27.36:149][364]LogBlueprintUserMessages: [Websocket_Master_58] Not Recognized!
[2018.01.04-15.27.36:149][364]LogBlueprintUserMessages: [Websocket_Master_58] Not Recognized!
[2018.01.04-15.27.36:149][364]LogBlueprintUserMessages: [Websocket_Master_58] Not Recognized!
[2018.01.04-15.27.36:149][364]LogBlueprintUserMessages: [Websocket_Master_58] Not Recognized!
[2018.01.04-15.27.38:165][489]LogBlueprintUserMessages: [Websocket_Master_58] RSSI: -76.21445

TagID: d343d373-0696-4542-8a05-52a261511d54

SensorID: 302316ab-3b7b-45f1-9fc0-5f0b4f819c41
[2018.01.04-15.27.38:166][489]LogBlueprintUserMessages: [Websocket_Master_58] Not Recognized!
[2018.01.04-15.27.38:166][489]LogBlueprintUserMessages: [Websocket_Master_58] Not Recognized!
[2018.01.04-15.27.38:166][489]LogBlueprintUserMessages: [Websocket_Master_58] Not Recognized!
[2018.01.04-15.27.38:166][489]LogBlueprintUserMessages: [Websocket_Master_58] Not Recognized!
[2018.01.04-15.27.38:166][489]LogBlueprintUserMessages: [Websocket_Master_58] Not Recognized!
[2018.01.04-15.27.38:166][489]LogBlueprintUserMessages: [Websocket_Master_58] Not Recognized!
[2018.01.04-15.27.38:166][489]LogBlueprintUserMessages: [Websocket_Master_58] Not Recognized!
[2018.01.04-15.27.38:166][489]LogBlueprintUserMessages: [Websocket_Master_58] Not Recognized!
[2018.01.04-15.27.38:166][489]LogBlueprintUserMessages: [Websocket_Master_58] Not Recognized!
[2018.01.04-15.27.38:166][489]LogBlueprintUserMessages: [Websocket_Master_58] Recognized!
[2018.01.04-15.27.40:167][613]LogBlueprintUserMessages: [Websocket_Master_58] RSSI: -40.90033

TagID: d63e739a-fca8-4ed6-b0b9-df8ccc003eee

SensorID: 70c81956-1c1a-40f4-aa2b-3a743a9deac3
[2018.01.04-15.27.40:167][613]LogBlueprintUserMessages: [Websocket_Master_58] Not Recognized!
[2018.01.04-15.27.40:167][613]LogBlueprintUserMessages: [Websocket_Master_58] Not Recognized!
[2018.01.04-15.27.40:167][613]LogBlueprintUserMessages: [Websocket_Master_58] Not Recognized!
[2018.01.04-15.27.40:167][613]LogBlueprintUserMessages: [Websocket_Master_58] Not Recognized!
[2018.01.04-15.27.40:167][613]LogBlueprintUserMessages: [Websocket_Master_58] Recognized!
[2018.01.04-15.27.40:167][613]LogBlueprintUserMessages: [Websocket_Master_58] Not Recognized!
[2018.01.04-15.27.40:167][613]LogBlueprintUserMessages: [Websocket_Master_58] Not Recognized!
[2018.01.04-15.27.40:167][613]LogBlueprintUserMessages: [Websocket_Master_58] Not Recognized!
[2018.01.04-15.27.40:167][613]LogBlueprintUserMessages: [Websocket_Master_58] Not Recognized!
[2018.01.04-15.27.40:167][613]LogBlueprintUserMessages: [Websocket_Master_58] Not Recognized!
[2018.01.04-15.27.42:188][738]LogBlueprintUserMessages: [Websocket_Master_58] RSSI: -62.849205

TagID: d63e739a-fca8-4ed6-b0b9-df8ccc003eee

SensorID: b1f089d5-6e8e-4001-b860-b29937bc82d6
[2018.01.04-15.27.42:188][738]LogBlueprintUserMessages: [Websocket_Master_58] Not Recognized!
[2018.01.04-15.27.42:188][738]LogBlueprintUserMessages: [Websocket_Master_58] Not Recognized!
[2018.01.04-15.27.42:188][738]LogBlueprintUserMessages: [Websocket_Master_58] Not Recognized!
[2018.01.04-15.27.42:188][738]LogBlueprintUserMessages: [Websocket_Master_58] Not Recognized!
[2018.01.04-15.27.42:188][738]LogBlueprintUserMessages: [Websocket_Master_58] Not Recognized!
[2018.01.04-15.27.42:188][738]LogBlueprintUserMessages: [Websocket_Master_58] Not Recognized!
[2018.01.04-15.27.42:188][738]LogBlueprintUserMessages: [Websocket_Master_58] Not Recognized!
[2018.01.04-15.27.42:188][738]LogBlueprintUserMessages: [Websocket_Master_58] Not Recognized!
[2018.01.04-15.27.42:188][738]LogBlueprintUserMessages: [Websocket_Master_58] Recognized!
[2018.01.04-15.27.42:188][738]LogBlueprintUserMessages: [Websocket_Master_58] Not Recognized!
[2018.01.04-15.27.44:188][862]LogBlueprintUserMessages: [Websocket_Master_58] RSSI: -63.726376

TagID: a4f627c7-66e7-40b6-af13-18d95bb7302e

SensorID: 302316ab-3b7b-45f1-9fc0-5f0b4f819c41
[2018.01.04-15.27.44:188][862]LogBlueprintUserMessages: [Websocket_Master_58] Not Recognized!
[2018.01.04-15.27.44:188][862]LogBlueprintUserMessages: [Websocket_Master_58] Not Recognized!
[2018.01.04-15.27.44:188][862]LogBlueprintUserMessages: [Websocket_Master_58] Not Recognized!
[2018.01.04-15.27.44:188][862]LogBlueprintUserMessages: [Websocket_Master_58] Not Recognized!
[2018.01.04-15.27.44:188][862]LogBlueprintUserMessages: [Websocket_Master_58] Not Recognized!
[2018.01.04-15.27.44:188][862]LogBlueprintUserMessages: [Websocket_Master_58] Not Recognized!
[2018.01.04-15.27.44:188][862]LogBlueprintUserMessages: [Websocket_Master_58] Not Recognized!
[2018.01.04-15.27.44:188][862]LogBlueprintUserMessages: [Websocket_Master_58] Not Recognized!
[2018.01.04-15.27.44:188][862]LogBlueprintUserMessages: [Websocket_Master_58] Not Recognized!
[2018.01.04-15.27.44:188][862]LogBlueprintUserMessages: [Websocket_Master_58] Recognized!
[2018.01.04-15.27.46:204][987]LogBlueprintUserMessages: [Websocket_Master_58] RSSI: -66.028786

TagID: a4f627c7-66e7-40b6-af13-18d95bb7302e

SensorID: 6a46c0b8-f691-40a2-bf8c-041ec09dc7ac
[2018.01.04-15.27.46:204][987]LogBlueprintUserMessages: [Websocket_Master_58] Not Recognized!
[2018.01.04-15.27.46:204][987]LogBlueprintUserMessages: [Websocket_Master_58] Not Recognized!
[2018.01.04-15.27.46:204][987]LogBlueprintUserMessages: [Websocket_Master_58] Not Recognized!
[2018.01.04-15.27.46:204][987]LogBlueprintUserMessages: [Websocket_Master_58] Recognized!
[2018.01.04-15.27.46:204][987]LogBlueprintUserMessages: [Websocket_Master_58] Not Recognized!
[2018.01.04-15.27.46:204][987]LogBlueprintUserMessages: [Websocket_Master_58] Not Recognized!
[2018.01.04-15.27.46:204][987]LogBlueprintUserMessages: [Websocket_Master_58] Not Recognized!
[2018.01.04-15.27.46:204][987]LogBlueprintUserMessages: [Websocket_Master_58] Not Recognized!
[2018.01.04-15.27.46:204][987]LogBlueprintUserMessages: [Websocket_Master_58] Not Recognized!
[2018.01.04-15.27.46:204][987]LogBlueprintUserMessages: [Websocket_Master_58] Not Recognized!
[2018.01.04-15.27.48:204][111]LogBlueprintUserMessages: [Websocket_Master_58] RSSI: -40.30948

TagID: d63e739a-fca8-4ed6-b0b9-df8ccc003eee

SensorID: 5a161fa2-488f-4024-9753-a4e4a3ded31a
[2018.01.04-15.27.48:205][111]LogBlueprintUserMessages: [Websocket_Master_58] Not Recognized!
[2018.01.04-15.27.48:205][111]LogBlueprintUserMessages: [Websocket_Master_58] Not Recognized!
[2018.01.04-15.27.48:205][111]LogBlueprintUserMessages: [Websocket_Master_58] Recognized!
[2018.01.04-15.27.48:205][111]LogBlueprintUserMessages: [Websocket_Master_58] Not Recognized!
[2018.01.04-15.27.48:205][111]LogBlueprintUserMessages: [Websocket_Master_58] Not Recognized!
[2018.01.04-15.27.48:205][111]LogBlueprintUserMessages: [Websocket_Master_58] Not Recognized!
[2018.01.04-15.27.48:205][111]LogBlueprintUserMessages: [Websocket_Master_58] Not Recognized!
[2018.01.04-15.27.48:205][111]LogBlueprintUserMessages: [Websocket_Master_58] Not Recognized!
[2018.01.04-15.27.48:205][111]LogBlueprintUserMessages: [Websocket_Master_58] Not Recognized!
[2018.01.04-15.27.48:205][111]LogBlueprintUserMessages: [Websocket_Master_58] Not Recognized!
[2018.01.04-15.27.50:223][236]LogBlueprintUserMessages: [Websocket_Master_58] RSSI: -75.102974

TagID: d63e739a-fca8-4ed6-b0b9-df8ccc003eee

SensorID: b1f089d5-6e8e-4001-b860-b29937bc82d6
[2018.01.04-15.27.50:223][236]LogBlueprintUserMessages: [Websocket_Master_58] Not Recognized!
[2018.01.04-15.27.50:223][236]LogBlueprintUserMessages: [Websocket_Master_58] Not Recognized!
[2018.01.04-15.27.50:223][236]LogBlueprintUserMessages: [Websocket_Master_58] Not Recognized!
[2018.01.04-15.27.50:223][236]LogBlueprintUserMessages: [Websocket_Master_58] Not Recognized!
[2018.01.04-15.27.50:223][236]LogBlueprintUserMessages: [Websocket_Master_58] Not Recognized!
[2018.01.04-15.27.50:223][236]LogBlueprintUserMessages: [Websocket_Master_58] Not Recognized!
[2018.01.04-15.27.50:223][236]LogBlueprintUserMessages: [Websocket_Master_58] Not Recognized!
[2018.01.04-15.27.50:223][236]LogBlueprintUserMessages: [Websocket_Master_58] Not Recognized!
[2018.01.04-15.27.50:223][236]LogBlueprintUserMessages: [Websocket_Master_58] Recognized!
[2018.01.04-15.27.50:223][236]LogBlueprintUserMessages: [Websocket_Master_58] Not Recognized!
[2018.01.04-15.27.52:237][361]LogBlueprintUserMessages: [Websocket_Master_58] RSSI: -75.57679

TagID: c1a8b364-77b6-400e-883c-c93cbc2fa96e

SensorID: cfdfb18f-7a15-4922-b52e-2dbed43c299d
[2018.01.04-15.27.52:237][361]LogBlueprintUserMessages: [Websocket_Master_58] Recognized!
[2018.01.04-15.27.52:237][361]LogBlueprintUserMessages: [Websocket_Master_58] Not Recognized!
[2018.01.04-15.27.52:237][361]LogBlueprintUserMessages: [Websocket_Master_58] Not Recognized!
[2018.01.04-15.27.52:237][361]LogBlueprintUserMessages: [Websocket_Master_58] Not Recognized!
[2018.01.04-15.27.52:237][361]LogBlueprintUserMessages: [Websocket_Master_58] Not Recognized!
[2018.01.04-15.27.52:237][361]LogBlueprintUserMessages: [Websocket_Master_58] Not Recognized!
[2018.01.04-15.27.52:237][361]LogBlueprintUserMessages: [Websocket_Master_58] Not Recognized!
[2018.01.04-15.27.52:237][361]LogBlueprintUserMessages: [Websocket_Master_58] Not Recognized!
[2018.01.04-15.27.52:237][361]LogBlueprintUserMessages: [Websocket_Master_58] Not Recognized!
[2018.01.04-15.27.52:237][361]LogBlueprintUserMessages: [Websocket_Master_58] Not Recognized!
[2018.01.04-15.27.54:237][485]LogBlueprintUserMessages: [Websocket_Master_58] RSSI: -47.58836

TagID: a4f627c7-66e7-40b6-af13-18d95bb7302e

SensorID: 302316ab-3b7b-45f1-9fc0-5f0b4f819c41
[2018.01.04-15.27.54:238][485]LogBlueprintUserMessages: [Websocket_Master_58] Not Recognized!
[2018.01.04-15.27.54:238][485]LogBlueprintUserMessages: [Websocket_Master_58] Not Recognized!
[2018.01.04-15.27.54:238][485]LogBlueprintUserMessages: [Websocket_Master_58] Not Recognized!
[2018.01.04-15.27.54:238][485]LogBlueprintUserMessages: [Websocket_Master_58] Not Recognized!
[2018.01.04-15.27.54:238][485]LogBlueprintUserMessages: [Websocket_Master_58] Not Recognized!
[2018.01.04-15.27.54:238][485]LogBlueprintUserMessages: [Websocket_Master_58] Not Recognized!
[2018.01.04-15.27.54:238][485]LogBlueprintUserMessages: [Websocket_Master_58] Not Recognized!
[2018.01.04-15.27.54:238][485]LogBlueprintUserMessages: [Websocket_Master_58] Not Recognized!
[2018.01.04-15.27.54:238][485]LogBlueprintUserMessages: [Websocket_Master_58] Not Recognized!
[2018.01.04-15.27.54:238][485]LogBlueprintUserMessages: [Websocket_Master_58] Recognized!
[2018.01.04-15.27.54:690][513]LogSlate: Took 0.000113 seconds to synchronously load lazily loaded font '../../../Engine/Content/Slate/Fonts/Roboto-Regular.ttf' (155K)
[2018.01.04-15.27.56:172][605]Closing by request
[2018.01.04-15.27.56:172][605]LogWindows: FPlatformMisc::RequestExit(0)
[2018.01.04-15.27.56:970][606]LogWindowsTextInputMethodSystem:Display: IME system now deactivated.
[2018.01.04-15.27.56:974][606]LogExit: Preparing to exit.
[2018.01.04-15.27.56:974][606]LogMoviePlayer: Shutting down movie player
[2018.01.04-15.27.58:126][606]LogExit: Game engine shut down
[2018.01.04-15.27.58:184][606]LogObj: Freed 0b from 0 cluster array pools.
[2018.01.04-15.27.58:184][606]LogExit: Object subsystem successfully closed.
[2018.01.04-15.27.58:205][606]LogD3D11RHI: Shutdown
[2018.01.04-15.27.58:205][606]LogD3D11RHI: CleanupD3DDevice
[2018.01.04-15.27.58:248][606]LogD3D11RHI: ~FD3D11DynamicRHI
[2018.01.04-15.27.58:254][606]LogModuleManager: Shutting down and abandoning module SequenceRecorderSections (298)
[2018.01.04-15.27.58:254][606]LogModuleManager: Shutting down and abandoning module SequenceRecorder (296)
[2018.01.04-15.27.58:254][606]LogModuleManager: Shutting down and abandoning module AutomationController (294)
[2018.01.04-15.27.58:254][606]LogModuleManager: Shutting down and abandoning module AutomationWorker (292)
[2018.01.04-15.27.58:254][606]LogModuleManager: Shutting down and abandoning module AIModule (290)
[2018.01.04-15.27.58:254][606]LogModuleManager: Shutting down and abandoning module GameplayDebugger (289)
[2018.01.04-15.27.58:254][606]LogModuleManager: Shutting down and abandoning module AITestSuite (287)
[2018.01.04-15.27.58:254][606]LogModuleManager: Shutting down and abandoning module WmfMediaFactory (284)
[2018.01.04-15.27.58:254][606]LogModuleManager: Shutting down and abandoning module AvfMediaFactory (282)
[2018.01.04-15.27.58:254][606]LogModuleManager: Shutting down and abandoning module AndroidMediaFactory (280)
[2018.01.04-15.27.58:254][606]LogModuleManager: Shutting down and abandoning module Media (279)
[2018.01.04-15.27.58:254][606]LogModuleManager: Shutting down and abandoning module CharacterAI (276)
[2018.01.04-15.27.58:254][606]LogModuleManager: Shutting down and abandoning module SessionServices (274)
[2018.01.04-15.27.58:254][606]LogModuleManager: Shutting down and abandoning module MovieSceneCapture (272)
[2018.01.04-15.27.58:254][606]LogModuleManager: Shutting down and abandoning module MovieSceneTracks (270)
[2018.01.04-15.27.58:254][606]LogModuleManager: Shutting down and abandoning module MovieScene (268)
[2018.01.04-15.27.58:254][606]LogModuleManager: Shutting down and abandoning module GeometryCache (266)
[2018.01.04-15.27.58:254][606]LogModuleManager: Shutting down and abandoning module GeometryCacheEd (265)
[2018.01.04-15.27.58:254][606]LogModuleManager: Shutting down and abandoning module Niagara (262)
[2018.01.04-15.27.58:254][606]LogModuleManager: Shutting down and abandoning module NiagaraEditor (261)
[2018.01.04-15.27.58:254][606]LogModuleManager: Shutting down and abandoning module StreamingPauseRendering (258)
[2018.01.04-15.27.58:254][606]LogModuleManager: Shutting down and abandoning module PortalServices (256)
[2018.01.04-15.27.58:254][606]LogModuleManager: Shutting down and abandoning module PortalRpc (254)
[2018.01.04-15.27.58:254][606]LogModuleManager: Shutting down and abandoning module MessagingRpc (252)
[2018.01.04-15.27.58:254][606]LogModuleManager: Shutting down and abandoning module ProfilerService (250)
[2018.01.04-15.27.58:461][606]LogModuleManager: Shutting down and abandoning module TaskGraph (248)
[2018.01.04-15.27.58:461][606]LogModuleManager: Shutting down and abandoning module WebSocket (246)
[2018.01.04-15.27.58:461][606]LogModuleManager: Shutting down and abandoning module SteamVRController (244)
[2018.01.04-15.27.58:461][606]LogModuleManager: Shutting down and abandoning module SteamVR (242)
[2018.01.04-15.27.58:461][606]LogModuleManager: Shutting down and abandoning module ProceduralMeshComponent (240)
[2018.01.04-15.27.58:461][606]LogModuleManager: Shutting down and abandoning module OculusLibrary (238)
[2018.01.04-15.27.58:461][606]LogModuleManager: Shutting down and abandoning module OculusInput (236)
[2018.01.04-15.27.58:461][606]LogModuleManager: Shutting down and abandoning module MobilePatchingUtils (234)
[2018.01.04-15.27.58:461][606]LogModuleManager: Shutting down and abandoning module CustomMeshComponent (232)
[2018.01.04-15.27.58:461][606]LogModuleManager: Shutting down and abandoning module CableComponent (230)
[2018.01.04-15.27.58:461][606]LogModuleManager: Shutting down and abandoning module ArchVisCharacter (228)
[2018.01.04-15.27.58:461][606]LogModuleManager: Shutting down and abandoning module AndroidPermission (226)
[2018.01.04-15.27.58:461][606]LogModuleManager: Shutting down and abandoning module HTML5Networking (222)
[2018.01.04-15.27.58:461][606]LogModuleManager: Shutting down and abandoning module VisualStudioSourceCodeAccess (220)
[2018.01.04-15.27.58:461][606]LogModuleManager: Shutting down and abandoning module DesktopPlatform (219)
[2018.01.04-15.27.58:461][606]LogModuleManager: Shutting down and abandoning module HotReload (217)
[2018.01.04-15.27.58:461][606]LogDirectoryWatcher: A directory notification for 'C:/Users/Magnus/Documents/GitHub/SR_Prototype_V3/SR_Prototype_V3/Plugins/WebSocket/Binaries/Win64' was aborted.
[2018.01.04-15.27.58:461][606]LogModuleManager: Shutting down and abandoning module UObjectPlugin (214)
[2018.01.04-15.27.58:461][606]LogModuleManager: Shutting down and abandoning module SubversionSourceControl (212)
[2018.01.04-15.27.58:461][606]LogModuleManager: Shutting down and abandoning module PerforceSourceControl (210)
[2018.01.04-15.27.58:461][606]LogModuleManager: Shutting down and abandoning module SourceControl (209)
[2018.01.04-15.27.58:461][606]LogModuleManager: Shutting down and abandoning module PhysXVehiclesEditor (206)
[2018.01.04-15.27.58:461][606]LogModuleManager: Shutting down and abandoning module PhysXVehicles (204)
[2018.01.04-15.27.58:461][606]LogModuleManager: Shutting down and abandoning module LocationServicesBPLibrary (202)
[2018.01.04-15.27.58:461][606]LogModuleManager: Shutting down and abandoning module ImmediatePhysicsEditor (200)
[2018.01.04-15.27.58:461][606]LogModuleManager: Shutting down and abandoning module ImmediatePhysics (198)
[2018.01.04-15.27.58:461][606]LogModuleManager: Shutting down and abandoning module UdpMessaging (196)
[2018.01.04-15.27.58:562][606]LogModuleManager: Shutting down and abandoning module TcpMessaging (194)
[2018.01.04-15.27.58:966][606]LogModuleManager: Shutting down and abandoning module GameplayTagsEditor (192)
[2018.01.04-15.27.58:966][606]LogModuleManager: Shutting down and abandoning module FacialAnimation (190)
[2018.01.04-15.27.58:966][606]LogModuleManager: Shutting down and abandoning module AssetManagerEditor (188)
[2018.01.04-15.27.58:966][606]LogModuleManager: Shutting down and abandoning module GraphEditor (187)
[2018.01.04-15.27.58:966][606]LogModuleManager: Shutting down and abandoning module ContentBrowser (185)
[2018.01.04-15.27.58:966][606]LogModuleManager: Shutting down and abandoning module CollectionManager (184)
[2018.01.04-15.27.58:966][606]LogDirectoryWatcher: A directory notification for 'C:/Users/Magnus/Documents/GitHub/SR_Prototype_V3/SR_Prototype_V3/Content/Collections/' was aborted.
[2018.01.04-15.27.58:966][606]LogDirectoryWatcher: A directory notification for 'C:/Users/Magnus/Documents/GitHub/SR_Prototype_V3/SR_Prototype_V3/Content/Developers/Magnus/Collections/' was aborted.
[2018.01.04-15.27.58:966][606]LogDirectoryWatcher: A directory notification for 'C:/Users/Magnus/Documents/GitHub/SR_Prototype_V3/SR_Prototype_V3/Saved/Collections/' was aborted.
[2018.01.04-15.27.58:966][606]LogModuleManager: Shutting down and abandoning module DirectoryWatcher (183)
[2018.01.04-15.27.58:966][606]LogModuleManager: Shutting down and abandoning module LightPropagationVolumeRuntime (178)
[2018.01.04-15.27.58:966][606]LogModuleManager: Shutting down and abandoning module Paper2D (176)
[2018.01.04-15.27.58:966][606]LogModuleManager: Shutting down and abandoning module WindowsMoviePlayer (174)
[2018.01.04-15.27.58:966][606]LogModuleManager: Shutting down and abandoning module WmfMedia (172)
[2018.01.04-15.27.58:967][606]LogModuleManager: Shutting down and abandoning module ClothingSystemEditor (170)
[2018.01.04-15.27.58:967][606]LogModuleManager: Shutting down and abandoning module ClothingSystemRuntime (168)
[2018.01.04-15.27.58:967][606]LogModuleManager: Shutting down and abandoning module MediaAssets (166)
[2018.01.04-15.27.58:967][606]LogModuleManager: Shutting down and abandoning module GameLiveStreaming (164)
[2018.01.04-15.27.58:968][606]LogModuleManager: Shutting down and abandoning module VREditor (162)
[2018.01.04-15.27.58:968][606]LogModuleManager: Shutting down and abandoning module StringTableEditor (160)
[2018.01.04-15.27.58:968][606]LogModuleManager: Shutting down and abandoning module GameplayTasksEditor (158)
[2018.01.04-15.27.58:968][606]LogModuleManager: Shutting down and abandoning module BehaviorTreeEditor (156)
[2018.01.04-15.27.58:968][606]LogModuleManager: Shutting down and abandoning module FunctionalTesting (154)
[2018.01.04-15.27.58:968][606]LogModuleManager: Shutting down and abandoning module CollisionAnalyzer (152)
[2018.01.04-15.27.58:968][606]LogModuleManager: Shutting down and abandoning module UMG (150)
[2018.01.04-15.27.58:968][606]LogModuleManager: Shutting down and abandoning module UMGEditor (149)
[2018.01.04-15.27.58:968][606]LogModuleManager: Shutting down and abandoning module Sequencer (148)
[2018.01.04-15.27.58:968][606]LogModuleManager: Shutting down and abandoning module AssetTools (146)
[2018.01.04-15.27.58:968][606]LogModuleManager: Shutting down and abandoning module MessageLog (145)
[2018.01.04-15.27.58:968][606]LogModuleManager: Shutting down and abandoning module WorkspaceMenuStructure (144)
[2018.01.04-15.27.58:968][606]LogModuleManager: Shutting down and abandoning module SlateReflector (138)
[2018.01.04-15.27.58:968][606]LogModuleManager: Shutting down and abandoning module Slate (136)
[2018.01.04-15.27.58:968][606]LogModuleManager: Shutting down and abandoning module EditorStyle (134)
[2018.01.04-15.27.58:969][606]LogModuleManager: Shutting down and abandoning module Messaging (132)
[2018.01.04-15.27.58:969][606]LogModuleManager: Shutting down and abandoning module SourceCodeAccess (130)
[2018.01.04-15.27.58:969][606]LogModuleManager: Shutting down and abandoning module HeadMountedDisplay (128)
[2018.01.04-15.27.58:969][606]LogModuleManager: Shutting down and abandoning module XAudio2 (126)
[2018.01.04-15.27.58:969][606]LogModuleManager: Shutting down and abandoning module Networking (124)
[2018.01.04-15.27.58:969][606]LogModuleManager: Shutting down and abandoning module Core (120)
[2018.01.04-15.27.58:969][606]LogModuleManager: Shutting down and abandoning module KismetCompiler (118)
[2018.01.04-15.27.58:969][606]LogModuleManager: Shutting down and abandoning module LevelSequence (116)
[2018.01.04-15.27.58:969][606]LogModuleManager: Shutting down and abandoning module PhysXFormats (114)
[2018.01.04-15.27.58:969][606]LogModuleManager: Shutting down and abandoning module MeshUtilities (112)
[2018.01.04-15.27.58:969][606]LogModuleManager: Shutting down and abandoning module SimplygonSwarm (111)
[2018.01.04-15.27.58:969][606]LogModuleManager: Shutting down and abandoning module SimplygonMeshReduction (109)
[2018.01.04-15.27.58:969][606]LogModuleManager: Shutting down and abandoning module QuadricMeshReduction (107)
[2018.01.04-15.27.58:969][606]LogModuleManager: Shutting down and abandoning module AssetRegistry (104)
[2018.01.04-15.27.58:969][606]LogModuleManager: Shutting down and abandoning module DerivedDataCache (102)
[2018.01.04-15.27.59:073][606]LogDerivedDataCache: Shutdown
[2018.01.04-15.27.59:073][606]LogModuleManager: Shutting down and abandoning module TargetPlatform (100)
[2018.01.04-15.27.59:073][606]LogModuleManager: Shutting down and abandoning module VulkanShaderFormat (99)
[2018.01.04-15.27.59:073][606]LogModuleManager: Shutting down and abandoning module ShaderFormatVectorVM (97)
[2018.01.04-15.27.59:073][606]LogModuleManager: Shutting down and abandoning module ShaderFormatOpenGL (95)
[2018.01.04-15.27.59:073][606]LogModuleManager: Shutting down and abandoning module ShaderFormatD3D (93)
[2018.01.04-15.27.59:073][606]LogModuleManager: Shutting down and abandoning module MetalShaderFormat (91)
[2018.01.04-15.27.59:073][606]LogModuleManager: Shutting down and abandoning module TextureFormatUncompressed (89)
[2018.01.04-15.27.59:073][606]LogModuleManager: Shutting down and abandoning module TextureFormatPVR (87)
[2018.01.04-15.27.59:073][606]LogModuleManager: Shutting down and abandoning module TextureFormatDXT (85)
[2018.01.04-15.27.59:073][606]LogModuleManager: Shutting down and abandoning module TextureFormatIntelISPCTexComp (83)
[2018.01.04-15.27.59:073][606]LogModuleManager: Shutting down and abandoning module TextureFormatASTC (81)
[2018.01.04-15.27.59:073][606]LogModuleManager: Shutting down and abandoning module ImageWrapper (80)
[2018.01.04-15.27.59:073][606]LogModuleManager: Shutting down and abandoning module TextureFormatAndroid (77)
[2018.01.04-15.27.59:073][606]LogModuleManager: Shutting down and abandoning module AudioFormatOpus (75)
[2018.01.04-15.27.59:073][606]LogModuleManager: Shutting down and abandoning module AudioFormatOgg (73)
[2018.01.04-15.27.59:073][606]LogModuleManager: Shutting down and abandoning module AudioFormatADPCM (71)
[2018.01.04-15.27.59:073][606]LogModuleManager: Shutting down and abandoning module WindowsTargetPlatform (69)
[2018.01.04-15.27.59:073][606]LogModuleManager: Shutting down and abandoning module WindowsServerTargetPlatform (67)
[2018.01.04-15.27.59:073][606]LogModuleManager: Shutting down and abandoning module WindowsNoEditorTargetPlatform (65)
[2018.01.04-15.27.59:073][606]LogModuleManager: Shutting down and abandoning module WindowsClientTargetPlatform (63)
[2018.01.04-15.27.59:073][606]LogModuleManager: Shutting down and abandoning module InputCore (60)
[2018.01.04-15.27.59:073][606]LogModuleManager: Shutting down and abandoning module Settings (58)
[2018.01.04-15.27.59:073][606]LogModuleManager: Shutting down and abandoning module OculusRift (56)
[2018.01.04-15.27.59:073][606]LogModuleManager: Shutting down and abandoning module GearVRController (54)
[2018.01.04-15.27.59:073][606]LogModuleManager: Shutting down and abandoning module GearVR (52)
[2018.01.04-15.27.59:073][606]LogModuleManager: Shutting down and abandoning module ExampleDeviceProfileSelector (50)
[2018.01.04-15.27.59:073][606]LogModuleManager: Shutting down and abandoning module OnlineBlueprintSupport (48)
[2018.01.04-15.27.59:073][606]LogModuleManager: Shutting down and abandoning module OnlineSubsystem (44)
[2018.01.04-15.27.59:073][606]LogOnline:Display: Unloading online subsystem: NULL
[2018.01.04-15.27.59:073][606]LogModuleManager: Shutting down and abandoning module XMPP (43)
[2018.01.04-15.27.59:073][606]LogModuleManager: Shutting down and abandoning module HTTP (41)
[2018.01.04-15.27.59:095][606]LogModuleManager: Shutting down and abandoning module SSL (40)
[2018.01.04-15.27.59:096][606]LogModuleManager: Shutting down and abandoning module HTTPChunkInstaller (36)
[2018.01.04-15.27.59:096][606]LogModuleManager: Shutting down and abandoning module AnimationModifiers (34)
[2018.01.04-15.27.59:096][606]LogModuleManager: Shutting down and abandoning module PropertyEditor (33)
[2018.01.04-15.27.59:097][606]LogModuleManager: Shutting down and abandoning module AudioEditor (30)
[2018.01.04-15.27.59:097][606]LogModuleManager: Shutting down and abandoning module TextureCompressor (28)
[2018.01.04-15.27.59:097][606]LogModuleManager: Shutting down and abandoning module ShaderCore (26)
[2018.01.04-15.27.59:097][606]LogModuleManager: Shutting down and abandoning module Landscape (24)
[2018.01.04-15.27.59:097][606]LogModuleManager: Shutting down and abandoning module SlateRHIRenderer (22)
[2018.01.04-15.27.59:097][606]LogModuleManager: Shutting down and abandoning module OpenGLDrv (20)
[2018.01.04-15.27.59:097][606]LogModuleManager: Shutting down and abandoning module D3D11RHI (18)
[2018.01.04-15.27.59:097][606]LogModuleManager: Shutting down and abandoning module AnimGraphRuntime (16)
[2018.01.04-15.27.59:097][606]LogModuleManager: Shutting down and abandoning module Renderer (14)
[2018.01.04-15.27.59:097][606]LogModuleManager: Shutting down and abandoning module Engine (12)
[2018.01.04-15.27.59:097][606]LogModuleManager: Shutting down and abandoning module CoreUObject (10)
[2018.01.04-15.27.59:097][606]LogModuleManager: Shutting down and abandoning module NetworkFile (8)
[2018.01.04-15.27.59:097][606]LogModuleManager: Shutting down and abandoning module StreamingFile (6)
[2018.01.04-15.27.59:097][606]LogModuleManager: Shutting down and abandoning module SandboxFile (4)
[2018.01.04-15.27.59:097][606]LogModuleManager: Shutting down and abandoning module PakFile (2)
[2018.01.04-15.27.59:105][606]LogExit: Exiting.
[2018.01.04-15.27.59:106][606]Log file closed, 01/04/18 16:27:59
