Log file open, 01/03/18 15:39:25
LogInit:Display: Running engine for game: SR_Prototype_V3
LogPlatformFile: Not using cached read wrapper
LogInit:Display: RandInit(-541283696) SRandInit(-541283696).
LogTaskGraph: Started task graph with 5 named threads and 8 total threads with 1 sets of task threads.
LogStats: Stats thread started at 0.077913
LogInit: Using libcurl 7.47.1
LogInit:  - built for x86_64-pc-win32
LogInit:  - supports SSL with OpenSSL/1.0.2g
LogInit:  - supports HTTP deflate (compression) using libz 1.2.8
LogInit:  - other features:
LogInit:      CURL_VERSION_SSL
LogInit:      CURL_VERSION_LIBZ
LogInit:      CURL_VERSION_IPV6
LogInit:      CURL_VERSION_ASYNCHDNS
LogInit:      CURL_VERSION_LARGEFILE
LogInit:      CURL_VERSION_IDN
LogInit:  CurlRequestOptions (configurable via config and command line):
LogInit:  - bVerifyPeer = false  - Libcurl will NOT verify peer certificate
LogInit:  - bUseHttpProxy = false  - Libcurl will NOT use HTTP proxy
LogInit:  - bDontReuseConnections = false  - Libcurl will reuse connections
LogInit:  - CertBundlePath = nullptr  - Libcurl will use whatever was configured at build time.
LogInit: Build: ++UE4+Release-4.16-CL-3561208
LogInit: Engine Version: 4.16.3-3561208+++UE4+Release-4.16
LogInit: Compatible Engine Version: 4.16.0-3452394+++UE4+Release-4.16
LogInit: Net CL: 3452394
LogDevObjectVersion: Number of dev versions registered: 16
LogDevObjectVersion:   Dev-Blueprints (B0D832E4-1F89-4F0D-ACCF-7EB736FD4AA2): 9
LogDevObjectVersion:   Dev-Build (E1C64328-A22C-4D53-A36C-8E866417BD8C): 0
LogDevObjectVersion:   Dev-Core (375EC13C-06E4-48FB-B500-84F0262A717E): 2
LogDevObjectVersion:   Dev-Editor (E4B068ED-F494-42E9-A231-DA0B2E46BB41): 17
LogDevObjectVersion:   Dev-Framework (CFFC743F-43B0-4480-9391-14DF171D2073): 23
LogDevObjectVersion:   Dev-Mobile (B02B49B5-BB20-44E9-A304-32B752E40360): 0
LogDevObjectVersion:   Dev-Networking (A4E4105C-59A1-49B5-A7C5-40C4547EDFEE): 0
LogDevObjectVersion:   Dev-Online (39C831C9-5AE6-47DC-9A44-9C173E1C8E7C): 0
LogDevObjectVersion:   Dev-Physics (78F01B33-EBEA-4F98-B9B4-84EACCB95AA2): 0
LogDevObjectVersion:   Dev-Platform (6631380F-2D4D-43E0-8009-CF276956A95A): 0
LogDevObjectVersion:   Dev-Rendering (12F88B9F-8875-4AFC-A67C-D90C383ABD29): 15
LogDevObjectVersion:   Dev-Sequencer (7B5AE74C-D270-4C10-A958-57980B212A5A): 4
LogDevObjectVersion:   Dev-VR (D7296918-1DD6-4BDD-9DE2-64A83CC13884): 0
LogDevObjectVersion:   Dev-LoadTimes (C2A15278-BFE7-4AFE-6C17-90FF531DF755): 1
LogDevObjectVersion:   Private-Geometry (6EACA3D4-40EC-4CC1-B786-8BED09428FC5): 1
LogDevObjectVersion:   Dev-AnimPhys (29E575DD-E0A3-4627-9D10-D276232CDCEA): 3
LogInit: Compiled (64-bit): Jul 28 2017 11:49:47
LogInit: Compiled with Visual C++: 19.00.24215.01
LogInit: Build Configuration: Development
LogInit: Branch Name: ++UE4+Release-4.16
LogInit: Command line: 
LogInit: Base directory: C:/Program Files/Epic Games/UE_4.16/Engine/Binaries/Win64/
LogInit: Installed Engine Build: 1
LogInit: Presizing for max 8388607 objects, including 0 objects not considered by GC, pre-allocating 0 bytes for permanent pool.
LogInit: Object subsystem initialized
[2018.01.03-14.39.25:859][  0]LogInit: Selected Device Profile: [Windows]
[2018.01.03-14.39.25:859][  0]LogInit: Applying CVar settings loaded from the selected device profile: [Windows]
[2018.01.03-14.39.25:866][  0]LogInit: Computer: WINDOWS-EUOFFC3
[2018.01.03-14.39.25:866][  0]LogInit: User: Bendick
[2018.01.03-14.39.25:866][  0]LogInit: CPU Page size=4096, Cores=4
[2018.01.03-14.39.25:866][  0]LogInit: High frequency timer resolution =3.914057 MHz
[2018.01.03-14.39.25:866][  0]LogMemory: Memory total: Physical=15.9GB (16GB approx)
[2018.01.03-14.39.25:866][  0]LogMemory: Platform Memory Stats for Windows
[2018.01.03-14.39.25:866][  0]LogMemory: Process Physical Memory: 274.45 MB used, 274.45 MB peak
[2018.01.03-14.39.25:866][  0]LogMemory: Process Virtual Memory: 265.27 MB used, 265.27 MB peak
[2018.01.03-14.39.25:867][  0]LogMemory: Physical Memory: 6828.46 MB used,  9494.52 MB free, 16322.98 MB total
[2018.01.03-14.39.25:867][  0]LogMemory: Virtual Memory: 675.99 MB used,  9494.52 MB free, 134217728.00 MB total
[2018.01.03-14.39.25:913][  0]LogInit: Using OS detected language (en-US).
[2018.01.03-14.39.25:913][  0]LogInit: Using OS detected locale (en-GB).
[2018.01.03-14.39.25:915][  0]LogTextLocalizationManager: No specific localization for 'en-US' exists, so the 'en' localization will be used.
[2018.01.03-14.39.26:546][  0]LogD3D11RHI: D3D11 adapters:
[2018.01.03-14.39.26:594][  0]LogD3D11RHI:    0. 'NVIDIA GeForce GTX 1070' (Feature Level 11_0)
[2018.01.03-14.39.26:594][  0]LogD3D11RHI:       8096/0/8161 MB DedicatedVideo/DedicatedSystem/SharedSystem, Outputs:2, VendorId:0x10de
[2018.01.03-14.39.26:595][  0]LogD3D11RHI:    1. 'Microsoft Basic Render Driver' (Feature Level 11_0)
[2018.01.03-14.39.26:595][  0]LogD3D11RHI:       0/0/8161 MB DedicatedVideo/DedicatedSystem/SharedSystem, Outputs:0, VendorId:0x1414
[2018.01.03-14.39.26:595][  0]LogD3D11RHI: Chosen D3D11 Adapter: 0
[2018.01.03-14.39.26:600][  0]LogD3D11RHI: Creating new Direct3DDevice
[2018.01.03-14.39.26:601][  0]LogD3D11RHI:     GPU DeviceId: 0x1b81 (for the marketing name, search the web for "GPU Device Id")
[2018.01.03-14.39.26:601][  0]LogWindows: EnumDisplayDevices:
[2018.01.03-14.39.26:601][  0]LogWindows:    0. 'NVIDIA GeForce GTX 1070' (P:0 D:1)
[2018.01.03-14.39.26:601][  0]LogWindows:    1. 'NVIDIA GeForce GTX 1070' (P:1 D:1)
[2018.01.03-14.39.26:601][  0]LogWindows:    2. 'NVIDIA GeForce GTX 1070' (P:0 D:0)
[2018.01.03-14.39.26:601][  0]LogWindows:    3. 'NVIDIA GeForce GTX 1070' (P:0 D:0)
[2018.01.03-14.39.26:601][  0]LogWindows: DebugString: GetVideoDriverDetailsInvalid PrimaryIsNotTheChoosenAdapter GetVideoDriverDetailsInvalid PrimaryIsNotTheChoosenAdapter GetVideoDriverDetailsInvalid PrimaryIsNotTheChoosenAdapter GetVideoDriverDetailsInvalid PrimaryIsNotTheChoosenAdapter FoundDriverCount:0 
[2018.01.03-14.39.26:601][  0]LogD3D11RHI:     Adapter Name: NVIDIA GeForce GTX 1070
[2018.01.03-14.39.26:601][  0]LogD3D11RHI:   Driver Version: Unknown (internal:Unknown, unified:Unknown)
[2018.01.03-14.39.26:601][  0]LogD3D11RHI:      Driver Date: Unknown
[2018.01.03-14.39.26:601][  0]LogRHI: Texture pool is 1361 MB (70% of 1945 MB)
[2018.01.03-14.39.26:618][  0]LogD3D11RHI: Async texture creation enabled
[2018.01.03-14.39.26:626][  0]LogD3D11RHI: GPU Timing Frequency: 1000.000000 (Debug: 2 1)
[2018.01.03-14.39.26:717][  0]LogShaderCompilers: Guid format shader working directory is -32 characters bigger than the processId version (../../../../../../Users/Bendick/Documents/GitHub/SR_Prototype_V3/SR_Prototype_V3/Intermediate/Shaders/WorkingDirectory/8156/).
[2018.01.03-14.39.26:717][  0]LogShaderCompilers: Cleaned the shader compiler working directory 'C:/Users/Bendick/AppData/Local/Temp/UnrealShaderWorkingDir/4A95131C4D90EE13A947628659D6EAEE/'.
[2018.01.03-14.39.26:717][  0]LogShaderCompilers:Display: Using Local Shader Compiler.
[2018.01.03-14.39.27:419][  0]LogTemp:Display: Loaded TP AllDesktopTargetPlatform
[2018.01.03-14.39.27:454][  0]LogTemp:Display: Loaded TP MacClientTargetPlatform
[2018.01.03-14.39.27:488][  0]LogTemp:Display: Loaded TP MacNoEditorTargetPlatform
[2018.01.03-14.39.27:522][  0]LogTemp:Display: Loaded TP MacServerTargetPlatform
[2018.01.03-14.39.27:556][  0]LogTemp:Display: Loaded TP MacTargetPlatform
[2018.01.03-14.39.27:593][  0]LogTemp:Display: Loaded TP WindowsClientTargetPlatform
[2018.01.03-14.39.27:626][  0]LogTemp:Display: Loaded TP WindowsNoEditorTargetPlatform
[2018.01.03-14.39.27:660][  0]LogTemp:Display: Loaded TP WindowsServerTargetPlatform
[2018.01.03-14.39.27:689][  0]LogTemp:Display: Loaded TP WindowsTargetPlatform
[2018.01.03-14.39.27:723][  0]LogTemp:Display: Loaded TP AndroidTargetPlatform
[2018.01.03-14.39.27:757][  0]LogTemp:Display: Loaded TP Android_ASTCTargetPlatform
[2018.01.03-14.39.27:789][  0]LogTemp:Display: Loaded TP Android_ATCTargetPlatform
[2018.01.03-14.39.27:824][  0]LogTemp:Display: Loaded TP Android_DXTTargetPlatform
[2018.01.03-14.39.27:857][  0]LogTemp:Display: Loaded TP Android_ETC1TargetPlatform
[2018.01.03-14.39.27:891][  0]LogTemp:Display: Loaded TP Android_ETC2TargetPlatform
[2018.01.03-14.39.27:957][  0]LogTemp:Display: Loaded TP Android_MultiTargetPlatform
[2018.01.03-14.39.27:957][  0]LogTemp:Display: Loaded TP Android_PVRTCTargetPlatform
[2018.01.03-14.39.27:983][  0]LogTemp:Display: Loaded TP HTML5TargetPlatform
[2018.01.03-14.39.28:052][  0]LogTemp:Display: Loaded TP IOSTargetPlatform
[2018.01.03-14.39.28:072][  0]LogTemp:Display: Loaded TP TVOSTargetPlatform
[2018.01.03-14.39.28:106][  0]LogTemp:Display: Loaded TP LinuxClientTargetPlatform
[2018.01.03-14.39.28:138][  0]LogTemp:Display: Loaded TP LinuxNoEditorTargetPlatform
[2018.01.03-14.39.28:171][  0]LogTemp:Display: Loaded TP LinuxServerTargetPlatform
[2018.01.03-14.39.28:208][  0]LogTemp:Display: Loaded TP LinuxTargetPlatform
[2018.01.03-14.39.28:208][  0]LogTargetPlatformManager:Display: Building Assets For Windows
[2018.01.03-14.39.28:554][  0]LogDerivedDataCache:Display: Max Cache Size: 512 MB
[2018.01.03-14.39.28:617][  0]LogDerivedDataCache: Loaded boot cache 0.06s 111MB C:/Users/Bendick/AppData/Local/UnrealEngine/4.16/DerivedDataCache/Boot.ddc.
[2018.01.03-14.39.28:617][  0]LogDerivedDataCache:Display: Loaded Boot cache: C:/Users/Bendick/AppData/Local/UnrealEngine/4.16/DerivedDataCache/Boot.ddc
[2018.01.03-14.39.28:617][  0]LogDerivedDataCache: FDerivedDataBackendGraph:  Pak pak cache file ../../../../../../Users/Bendick/Documents/GitHub/SR_Prototype_V3/SR_Prototype_V3/DerivedDataCache/DDC.ddp not found, will not use a pak cache.
[2018.01.03-14.39.28:617][  0]LogDerivedDataCache: Unable to find inner node Pak for hierarchical cache Hierarchy.
[2018.01.03-14.39.28:617][  0]LogDerivedDataCache: FDerivedDataBackendGraph:  CompressedPak pak cache file ../../../../../../Users/Bendick/Documents/GitHub/SR_Prototype_V3/SR_Prototype_V3/DerivedDataCache/Compressed.ddp not found, will not use a pak cache.
[2018.01.03-14.39.28:617][  0]LogDerivedDataCache: Unable to find inner node CompressedPak for hierarchical cache Hierarchy.
[2018.01.03-14.39.28:628][  0]LogDerivedDataCache:Display: Pak cache opened for reading ../../../Engine/DerivedDataCache/Compressed.ddp.
[2018.01.03-14.39.28:639][  0]LogDerivedDataCache: Using Local data cache path C:/Users/Bendick/AppData/Local/UnrealEngine/Common/DerivedDataCache: Writable
[2018.01.03-14.39.28:646][  0]LogMaterial: Verifying Global Shaders for PCD3D_SM5
[2018.01.03-14.39.28:646][  0]LogSlate: Using Freetype 2.6.0
[2018.01.03-14.39.28:646][  0]LogSlate: SlateFontCache - WITH_FREETYPE: 1, WITH_HARFBUZZ: 1
[2018.01.03-14.39.28:647][  0]LogSlate: SlateFontCache - WITH_FREETYPE: 1, WITH_HARFBUZZ: 1
[2018.01.03-14.39.28:876][  0]LogInit: Selected Device Profile: [Windows]
[2018.01.03-14.39.29:039][  0]LogMeshUtilities: Using QuadricMeshReduction for automatic static mesh reduction
[2018.01.03-14.39.29:075][  0]LogSimplygon: Simplygon DLL not present - disabling.
[2018.01.03-14.39.29:112][  0]LogMeshUtilities: Using SimplygonSwarm for distributed automatic mesh merging
[2018.01.03-14.39.29:112][  0]LogMeshUtilities: No automatic skeletal mesh reduction module available
[2018.01.03-14.39.29:112][  0]LogMeshUtilities: No automatic mesh merging module available
[2018.01.03-14.39.29:504][  0]LogNetVersion: SR_Prototype_V3 , NetCL: 3452394, EngineNetVer: 2, GameNetVer: 0 (Checksum: 2708348065)
[2018.01.03-14.39.29:555][  0]LogAssetRegistry: FAssetRegistry took 0.0242 seconds to start up
[2018.01.03-14.39.29:609][  0]LogPackageLocalizationCache: Processed 5 localized package path(s) for 2 prioritized culture(s) in 0.035675 seconds
[2018.01.03-14.39.29:613][  0]LogUObjectArray: 34194 objects as part of root set at end of initial load.
[2018.01.03-14.39.29:613][  0]LogUObjectAllocator: 7260416 out of 0 bytes used by permanent object pool.
[2018.01.03-14.39.29:613][  0]LogUObjectArray: CloseDisregardForGC: 0/0 objects in disregard for GC pool
[2018.01.03-14.39.29:657][  0]LogInit: WinSock: version 1.1 (2.2), MaxSocks=32767, MaxUdp=65467
[2018.01.03-14.39.31:433][  0]LogTcpMessaging: Initializing TcpMessaging bridge
[2018.01.03-14.39.31:464][  0]LogUdpMessaging: Initializing bridge on interface 0.0.0.0:0 to multicast group 230.0.0.1:6666.
[2018.01.03-14.39.31:881][  0]LogMaterial: Uniform references updated for custom material expression Custom.
[2018.01.03-14.39.32:168][  0]SourceControl: Info Source control is disabled
[2018.01.03-14.39.32:201][  0]SourceControl: Info Source control is disabled
[2018.01.03-14.39.32:239][  0]SourceControl: Info Source control is disabled
[2018.01.03-14.39.32:271][  0]SourceControl: Info Source control is disabled
[2018.01.03-14.39.32:840][  0]LogAndroidPermission: UAndroidPermissionCallbackProxy::GetInstance
[2018.01.03-14.39.33:341][  0]LogEngine: Initializing Engine...
[2018.01.03-14.39.33:342][  0]LogHMD: Failed to initialize OpenVR with code 110
[2018.01.03-14.39.33:485][  0]LogStats: UGameplayTagsManager::ConstructGameplayTagTree: Construct from data asset -  0.000 s
[2018.01.03-14.39.33:485][  0]LogStats: UGameplayTagsManager::ConstructGameplayTagTree: GameplayTagTreeChangedEvent.Broadcast -  0.000 s
[2018.01.03-14.39.33:599][  0]LogAIModule: Creating AISystem for world Untitled
[2018.01.03-14.39.33:607][  0]LogInit: XAudio2 using 'Speakers (Logitech G933 Gaming Headset)' : 6 channels at 48 kHz using 16 bits per sample (channel mask 0x3f)
[2018.01.03-14.39.33:621][  0]LogInit: FAudioDevice initialized.
[2018.01.03-14.39.33:667][  0]LogDerivedDataCache: Saved boot cache 0.05s 111MB C:/Users/Bendick/AppData/Local/UnrealEngine/4.16/DerivedDataCache/Boot.ddc.
[2018.01.03-14.39.33:680][  0]LogInit: Texture streaming: Disabled
[2018.01.03-14.39.33:766][  0]LogEngineSessionManager: EngineSessionManager initialized
[2018.01.03-14.39.33:766][  0]LogEngineSessionManager: EngineSessionManager sent abnormal shutdown report. Type=Crashed, SessionId={A3732430-4084-E1CB-4AA6-7799E2D1F424}
[2018.01.03-14.39.33:946][  0]LogInit: Transaction tracking system initialized
[2018.01.03-14.39.34:205][  0]BlueprintLog: New page: Editor Load
[2018.01.03-14.39.34:978][  0]LocalizationService: Info Localization service is disabled
[2018.01.03-14.39.35:501][  0]LogConsoleResponse:Display: 
[2018.01.03-14.39.35:615][  0]LogCook:Display: Max memory allowance for cook 16384mb min free memory 0mb
[2018.01.03-14.39.35:615][  0]LogCook:Display: Mobile HDR setting 1
[2018.01.03-14.39.35:836][  0]LogFileCache: Scanning file cache for directory 'C:/Users/Bendick/Documents/GitHub/SR_Prototype_V3/SR_Prototype_V3/Content/' took 0.01s
[2018.01.03-14.39.36:434][  0]SourceControl: Info Source control is disabled
[2018.01.03-14.39.36:434][  0]Cmd: MAP LOAD FILE="../../../../../../Users/Bendick/Documents/GitHub/SR_Prototype_V3/SR_Prototype_V3/Content/ScanReach.umap" TEMPLATE=0 SHOWPROGRESS=1 FEATURELEVEL=3
[2018.01.03-14.39.36:435][  0]LightingResults: New page: Lighting Build
[2018.01.03-14.39.36:464][  0]MapCheck: New page: Map Check
[2018.01.03-14.39.36:464][  0]LightingResults: New page: Lighting Build
[2018.01.03-14.39.36:976][  0]LogAIModule: Creating AISystem for world ScanReach
[2018.01.03-14.39.36:988][  0]LogEditorServer: Finished looking for orphan Actors (0.000 secs)
[2018.01.03-14.39.37:001][  0]Cmd: MAP CHECKDEP NOCLEARLOG
[2018.01.03-14.39.37:036][  0]MapCheck: Info Map check complete: 0 Error(s), 0 Warning(s), took 34.816ms to complete.
[2018.01.03-14.39.37:036][  0]LogFileHelpers: Loading map 'ScanReach' took 0.602
[2018.01.03-14.39.37:093][  0]LogWindowsTextInputMethodSystem:Display: IME system now deactivated.
[2018.01.03-14.39.37:093][  0]LogWindowsTextInputMethodSystem:Display: IME system now deactivated.
[2018.01.03-14.39.37:150][  0]LogCollectionManager: Loaded 0 collections in 0.000945 seconds
[2018.01.03-14.39.37:223][  0]LogFileCache: Scanning file cache for directory 'C:/Users/Bendick/Documents/GitHub/SR_Prototype_V3/SR_Prototype_V3/Saved/Collections/' took 0.01s
[2018.01.03-14.39.37:223][  0]LogFileCache: Scanning file cache for directory 'C:/Users/Bendick/Documents/GitHub/SR_Prototype_V3/SR_Prototype_V3/Content/Developers/Bendick/Collections/' took 0.01s
[2018.01.03-14.39.37:223][  0]LogFileCache: Scanning file cache for directory 'C:/Users/Bendick/Documents/GitHub/SR_Prototype_V3/SR_Prototype_V3/Content/Collections/' took 0.01s
[2018.01.03-14.39.37:223][  0]LogCollectionManager: Rebuilt the GUID cache for 0 collections in 0.000001 seconds
[2018.01.03-14.39.37:229][  0]LogContentBrowser: Native class hierarchy populated in 0.0068 seconds. Added 2334 classes and 495 folders.
[2018.01.03-14.39.37:278][  0]LogContentBrowser: Native class hierarchy updated for 'WidgetCarousel' in 0.0004 seconds. Added 0 classes and 0 folders.
[2018.01.03-14.39.37:303][  0]LogContentBrowser: Native class hierarchy updated for 'AddContentDialog' in 0.0004 seconds. Added 0 classes and 0 folders.
[2018.01.03-14.39.37:334][  0]LogContentBrowser: Native class hierarchy updated for 'SceneOutliner' in 0.0004 seconds. Added 1 classes and 2 folders.
[2018.01.03-14.39.37:392][  0]LogCrashTracker: Crashtracker disabled due to settings.
[2018.01.03-14.39.37:398][  0]LogSlate: Took 0.000156 seconds to synchronously load lazily loaded font '../../../Engine/Content/Slate/Fonts/Roboto-Regular.ttf' (155K)
[2018.01.03-14.39.37:401][  0]LogSlate: Took 0.000224 seconds to synchronously load lazily loaded font '../../../Engine/Content/Slate/Fonts/Roboto-Bold.ttf' (160K)
[2018.01.03-14.39.37:407][  0]LogSlate: Took 0.000124 seconds to synchronously load lazily loaded font '../../../Engine/Content/Editor/Slate/Fonts/FontAwesome.ttf' (139K)
[2018.01.03-14.39.37:472][  0]LogRenderer: Reallocating scene render targets to support 1276x568 NumSamples 1 (Frame:1).
[2018.01.03-14.39.37:503][  0]LogSlate: Took 0.000118 seconds to synchronously load lazily loaded font '../../../Engine/Content/Slate/Fonts/Roboto-Light.ttf' (159K)
[2018.01.03-14.39.37:552][  0]LogUObjectGlobals:Warning: Failed to find object 'Class None.'
[2018.01.03-14.39.37:605][  0]LogContentBrowser: Native class hierarchy updated for 'HierarchicalLODOutliner' in 0.0005 seconds. Added 1 classes and 2 folders.
[2018.01.03-14.39.37:605][  0]LogLoad: (Engine Initialization) Total time: 12.84 seconds
[2018.01.03-14.39.37:605][  0]LogLoad: (Engine Initialization) Total Blueprint compile time: 0.17 seconds
[2018.01.03-14.39.37:605][  0]LogExternalProfiler: Found external profiler: VSPerf
[2018.01.03-14.39.37:605][  0]LogExternalProfiler: Using external profiler: VSPerf
[2018.01.03-14.39.37:615][  0]LogOcInput: OculusInput pre-init called
[2018.01.03-14.39.37:615][  0]LogHMD: Starting GearVRController plugin
[2018.01.03-14.39.37:627][  0]LogAssetRegistry: Asset discovery search completed in 8.0934 seconds
[2018.01.03-14.39.37:629][  0]LogCollectionManager: Rebuilt the object cache for 0 collections in 0.000001 seconds (found 0 objects)
[2018.01.03-14.39.37:629][  0]LogCollectionManager: Fixed up redirectors for 0 collections in 0.000032 seconds (updated 0 objects)
[2018.01.03-14.39.37:695][  1]LogRenderer: Reallocating scene render targets to support 1276x584 NumSamples 1 (Frame:3).
[2018.01.03-14.39.38:634][109]LogSlate: Took 0.000131 seconds to synchronously load lazily loaded font '../../../Engine/Content/Slate/Fonts/Roboto-Light.ttf' (159K)
[2018.01.03-14.51.25:743][515]LogSlate: Took 0.000138 seconds to synchronously load lazily loaded font '../../../Engine/Content/Slate/Fonts/Roboto-Light.ttf' (159K)
[2018.01.03-14.51.25:997][515]LogContentBrowser: Native class hierarchy updated for 'BlueprintGraph' in 0.0007 seconds. Added 112 classes and 0 folders.
[2018.01.03-14.51.26:369][515]LogSlate: Took 0.000105 seconds to synchronously load lazily loaded font '../../../Engine/Content/Slate/Fonts/Roboto-Regular.ttf' (155K)
[2018.01.03-14.51.26:408][515]LogSlate: Took 0.000125 seconds to synchronously load lazily loaded font '../../../Engine/Content/Editor/Slate/Fonts/Roboto-BoldCondensed.ttf' (158K)
[2018.01.03-14.51.27:148][592]LogSlate: Took 0.000134 seconds to synchronously load lazily loaded font '../../../Engine/Content/Editor/Slate/Fonts/Roboto-Italic.ttf' (157K)
[2018.01.03-14.51.35:628][571]LogSavePackage: Save=40.58ms
[2018.01.03-14.51.35:628][571]LogSavePackage: Moving '../../../../../../Users/Bendick/Documents/GitHub/SR_Prototype_V3/SR_Prototype_V3/Saved/Websocket_Master5DE5FF2D4EB26A125330D2AD11F5EEEB.tmp' to '../../../../../../Users/Bendick/Documents/GitHub/SR_Prototype_V3/SR_Prototype_V3/Content/Blueprints/Websocket/Websocket_Master.uasset'
[2018.01.03-14.51.35:630][571]LogSavePackage:Display: Finished SavePackage ../../../../../../Users/Bendick/Documents/GitHub/SR_Prototype_V3/SR_Prototype_V3/Content/Blueprints/Websocket/Websocket_Master.uasset
[2018.01.03-14.51.35:902][602]BlueprintLog: New page: Compile Websocket_Master
[2018.01.03-14.51.36:586][663]LogSavePackage: Save=40.06ms
[2018.01.03-14.51.36:586][663]LogSavePackage: Moving '../../../../../../Users/Bendick/Documents/GitHub/SR_Prototype_V3/SR_Prototype_V3/Saved/Websocket_MasterD8D87F8D45EB475E8D0A8D8CBE29D4CD.tmp' to '../../../../../../Users/Bendick/Documents/GitHub/SR_Prototype_V3/SR_Prototype_V3/Content/Blueprints/Websocket/Websocket_Master.uasset'
[2018.01.03-14.51.36:587][663]LogSavePackage:Display: Finished SavePackage ../../../../../../Users/Bendick/Documents/GitHub/SR_Prototype_V3/SR_Prototype_V3/Content/Blueprints/Websocket/Websocket_Master.uasset
[2018.01.03-14.51.41:988][287]LogSavePackage: Save=40.08ms
[2018.01.03-14.51.41:988][287]LogSavePackage: Moving '../../../../../../Users/Bendick/Documents/GitHub/SR_Prototype_V3/SR_Prototype_V3/Saved/Websocket_MasterD018C3DB4B5D485C80737BA915040F5B.tmp' to '../../../../../../Users/Bendick/Documents/GitHub/SR_Prototype_V3/SR_Prototype_V3/Content/Blueprints/Websocket/Websocket_Master.uasset'
[2018.01.03-14.51.41:990][287]LogSavePackage:Display: Finished SavePackage ../../../../../../Users/Bendick/Documents/GitHub/SR_Prototype_V3/SR_Prototype_V3/Content/Blueprints/Websocket/Websocket_Master.uasset
[2018.01.03-14.51.42:522][350]BlueprintLog: New page: Compile Websocket_Master
[2018.01.03-14.51.43:210][414]LogSavePackage: Save=40.88ms
[2018.01.03-14.51.43:210][414]LogSavePackage: Moving '../../../../../../Users/Bendick/Documents/GitHub/SR_Prototype_V3/SR_Prototype_V3/Saved/Websocket_Master86BD1F8046C8E1D9194FAC905988F2CE.tmp' to '../../../../../../Users/Bendick/Documents/GitHub/SR_Prototype_V3/SR_Prototype_V3/Content/Blueprints/Websocket/Websocket_Master.uasset'
[2018.01.03-14.51.43:211][414]LogSavePackage:Display: Finished SavePackage ../../../../../../Users/Bendick/Documents/GitHub/SR_Prototype_V3/SR_Prototype_V3/Content/Blueprints/Websocket/Websocket_Master.uasset
[2018.01.03-14.51.44:246][528]LogSavePackage: Save=39.45ms
[2018.01.03-14.51.44:246][528]LogSavePackage: Moving '../../../../../../Users/Bendick/Documents/GitHub/SR_Prototype_V3/SR_Prototype_V3/Saved/Websocket_MasterDC2E24EB45984DBB22351883C6A47F84.tmp' to '../../../../../../Users/Bendick/Documents/GitHub/SR_Prototype_V3/SR_Prototype_V3/Content/Blueprints/Websocket/Websocket_Master.uasset'
[2018.01.03-14.51.44:248][528]LogSavePackage:Display: Finished SavePackage ../../../../../../Users/Bendick/Documents/GitHub/SR_Prototype_V3/SR_Prototype_V3/Content/Blueprints/Websocket/Websocket_Master.uasset
[2018.01.03-14.51.45:168][623]LogTemp: Repeting last play command: New Editor Window (PIE)
[2018.01.03-14.51.45:205][623]LogBlueprintUserMessages: Early PlayInEditor Detection: Level '/Game/ScanReach.ScanReach:PersistentLevel' has LevelScriptBlueprint '/Game/ScanReach.ScanReach:PersistentLevel.ScanReach' with GeneratedClass '/Game/ScanReach.ScanReach_C' with ClassGeneratedBy '/Game/ScanReach.ScanReach:PersistentLevel.ScanReach'
[2018.01.03-14.51.45:205][623]LogPlayLevel: PlayLevel: No blueprints needed recompiling
[2018.01.03-14.51.45:205][623]PIE: New page: PIE session: ScanReach (3 Jan 2018 16:51:45)
[2018.01.03-14.51.45:205][623]LogPlayLevel: Creating play world package: /Game/UEDPIE_0_ScanReach
[2018.01.03-14.51.45:207][623]LogPlayLevel: PIE: StaticDuplicateObject took: (0.001801s)
[2018.01.03-14.51.45:208][623]LogAIModule: Creating AISystem for world ScanReach
[2018.01.03-14.51.45:208][623]LogPlayLevel: PIE: World Init took: (0.000383s)
[2018.01.03-14.51.45:208][623]LogPlayLevel: PIE: Created PIE world by copying editor world from /Game/ScanReach.ScanReach to /Game/UEDPIE_0_ScanReach.ScanReach (0.002298s)
[2018.01.03-14.51.45:219][623]LogInit: XAudio2 using 'Speakers (Logitech G933 Gaming Headset)' : 6 channels at 48 kHz using 16 bits per sample (channel mask 0x3f)
[2018.01.03-14.51.45:228][623]LogInit: FAudioDevice initialized.
[2018.01.03-14.51.45:300][623]LogLoad: Game class is 'ScanReach_GM_C'
[2018.01.03-14.51.45:303][623]LogWorld: Bringing World /Game/UEDPIE_0_ScanReach.ScanReach up for play (max tick rate 0) at 2018.01.03-15.51.45
[2018.01.03-14.51.45:304][623]LogWorld: Bringing up level for play took: 0.002291
[2018.01.03-14.51.45:333][623]LogContentBrowser: Native class hierarchy updated for 'MovieSceneCapture' in 0.0006 seconds. Added 11 classes and 0 folders.
[2018.01.03-14.51.45:341][623]PIE: Info Play in editor start time for /Game/UEDPIE_0_ScanReach -0.203
[2018.01.03-14.51.45:342][623]LogBlueprintUserMessages: Late PlayInEditor Detection: Level '/Game/ScanReach.ScanReach:PersistentLevel' has LevelScriptBlueprint '/Game/ScanReach.ScanReach:PersistentLevel.ScanReach' with GeneratedClass '/Game/ScanReach.ScanReach_C' with ClassGeneratedBy '/Game/ScanReach.ScanReach:PersistentLevel.ScanReach'
[2018.01.03-14.51.45:369][623]LogRenderer: Reallocating scene render targets to support 1292x756 NumSamples 1 (Frame:1).
[2018.01.03-14.51.45:973][667]LogBlueprintUserMessages: [Websocket_Master_58] Connected To: ws://srtdev7-inrange-websocket.azurewebsites.net/inrange
[2018.01.03-14.51.47:045][793]LogBlueprintUserMessages: [Websocket_Master_58] {
	"tagId": "a4f627c7-66e7-40b6-af13-18d95bb7302e",
	"rSSI": "-43.57739",
	"sensorId": "9f7e559f-d9e4-4143-bea3-69bb144d9d76",
	"onConnectError": "()",
	"onClosed": "()",
	"onConnectComplete": "()",
	"onReceiveData": "()"
}
[2018.01.03-14.51.48:054][910]LogBlueprintUserMessages: [Websocket_Master_58] {
	"tagId": "d63e739a-fca8-4ed6-b0b9-df8ccc003eee",
	"rSSI": "-52.57082",
	"sensorId": "cfdfb18f-7a15-4922-b52e-2dbed43c299d",
	"onConnectError": "()",
	"onClosed": "()",
	"onConnectComplete": "()",
	"onReceiveData": "()"
}
[2018.01.03-14.51.49:062][ 27]LogBlueprintUserMessages: [Websocket_Master_58] {
	"tagId": "d343d373-0696-4542-8a05-52a261511d54",
	"rSSI": "-60.96058",
	"sensorId": "9f7e559f-d9e4-4143-bea3-69bb144d9d76",
	"onConnectError": "()",
	"onClosed": "()",
	"onConnectComplete": "()",
	"onReceiveData": "()"
}
[2018.01.03-14.51.50:089][147]LogBlueprintUserMessages: [Websocket_Master_58] {
	"tagId": "d63e739a-fca8-4ed6-b0b9-df8ccc003eee",
	"rSSI": "-52.75899",
	"sensorId": "9f7e559f-d9e4-4143-bea3-69bb144d9d76",
	"onConnectError": "()",
	"onClosed": "()",
	"onConnectComplete": "()",
	"onReceiveData": "()"
}
[2018.01.03-14.51.51:096][266]LogBlueprintUserMessages: [Websocket_Master_58] {
	"tagId": "490d1d0f-0670-4675-a278-c3e0a54a389a",
	"rSSI": "-74.94373",
	"sensorId": "6a46c0b8-f691-40a2-bf8c-041ec09dc7ac",
	"onConnectError": "()",
	"onClosed": "()",
	"onConnectComplete": "()",
	"onReceiveData": "()"
}
[2018.01.03-14.51.52:109][384]LogBlueprintUserMessages: [Websocket_Master_58] {
	"tagId": "c1a8b364-77b6-400e-883c-c93cbc2fa96e",
	"rSSI": "-57.73652",
	"sensorId": "cfdfb18f-7a15-4922-b52e-2dbed43c299d",
	"onConnectError": "()",
	"onClosed": "()",
	"onConnectComplete": "()",
	"onReceiveData": "()"
}
[2018.01.03-14.51.53:124][503]LogBlueprintUserMessages: [Websocket_Master_58] {
	"tagId": "d63e739a-fca8-4ed6-b0b9-df8ccc003eee",
	"rSSI": "-46.935642",
	"sensorId": "70c81956-1c1a-40f4-aa2b-3a743a9deac3",
	"onConnectError": "()",
	"onClosed": "()",
	"onConnectComplete": "()",
	"onReceiveData": "()"
}
[2018.01.03-14.51.54:132][621]LogBlueprintUserMessages: [Websocket_Master_58] {
	"tagId": "d63e739a-fca8-4ed6-b0b9-df8ccc003eee",
	"rSSI": "-42.294575",
	"sensorId": "a895776a-5510-48c3-88bc-56118557b179",
	"onConnectError": "()",
	"onClosed": "()",
	"onConnectComplete": "()",
	"onReceiveData": "()"
}
[2018.01.03-14.51.55:146][740]LogBlueprintUserMessages: [Websocket_Master_58] {
	"tagId": "a4f627c7-66e7-40b6-af13-18d95bb7302e",
	"rSSI": "-49.117756",
	"sensorId": "302316ab-3b7b-45f1-9fc0-5f0b4f819c41",
	"onConnectError": "()",
	"onClosed": "()",
	"onConnectComplete": "()",
	"onReceiveData": "()"
}
[2018.01.03-14.51.56:155][858]LogBlueprintUserMessages: [Websocket_Master_58] {
	"tagId": "d63e739a-fca8-4ed6-b0b9-df8ccc003eee",
	"rSSI": "-60.55031",
	"sensorId": "70c81956-1c1a-40f4-aa2b-3a743a9deac3",
	"onConnectError": "()",
	"onClosed": "()",
	"onConnectComplete": "()",
	"onReceiveData": "()"
}
[2018.01.03-14.51.56:283][873]LogBlueprintUserMessages: Early EndPlayMap Detection: Level '/Game/ScanReach.ScanReach:PersistentLevel' has LevelScriptBlueprint '/Game/ScanReach.ScanReach:PersistentLevel.ScanReach' with GeneratedClass '/Game/ScanReach.ScanReach_C' with ClassGeneratedBy '/Game/ScanReach.ScanReach:PersistentLevel.ScanReach'
[2018.01.03-14.51.56:334][873]LogBlueprintUserMessages: Late EndPlayMap Detection: Level '/Game/ScanReach.ScanReach:PersistentLevel' has LevelScriptBlueprint '/Game/ScanReach.ScanReach:PersistentLevel.ScanReach' with GeneratedClass '/Game/ScanReach.ScanReach_C' with ClassGeneratedBy '/Game/ScanReach.ScanReach:PersistentLevel.ScanReach'
[2018.01.03-14.52.00:260][323]LogSavePackage: Save=39.29ms
[2018.01.03-14.52.00:260][323]LogSavePackage: Moving '../../../../../../Users/Bendick/Documents/GitHub/SR_Prototype_V3/SR_Prototype_V3/Saved/Websocket_Master92D66F834A7E559882762B957910C2E1.tmp' to '../../../../../../Users/Bendick/Documents/GitHub/SR_Prototype_V3/SR_Prototype_V3/Content/Blueprints/Websocket/Websocket_Master.uasset'
[2018.01.03-14.52.00:261][323]LogSavePackage:Display: Finished SavePackage ../../../../../../Users/Bendick/Documents/GitHub/SR_Prototype_V3/SR_Prototype_V3/Content/Blueprints/Websocket/Websocket_Master.uasset
[2018.01.03-14.52.07:726][204]LogSavePackage: Save=39.58ms
[2018.01.03-14.52.07:726][204]LogSavePackage: Moving '../../../../../../Users/Bendick/Documents/GitHub/SR_Prototype_V3/SR_Prototype_V3/Saved/Websocket_MasterA50D0EBF4FF3132077718A885AF16E1E.tmp' to '../../../../../../Users/Bendick/Documents/GitHub/SR_Prototype_V3/SR_Prototype_V3/Content/Blueprints/Websocket/Websocket_Master.uasset'
[2018.01.03-14.52.07:728][204]LogSavePackage:Display: Finished SavePackage ../../../../../../Users/Bendick/Documents/GitHub/SR_Prototype_V3/SR_Prototype_V3/Content/Blueprints/Websocket/Websocket_Master.uasset
[2018.01.03-14.52.08:305][264]LogSavePackage: Save=39.09ms
[2018.01.03-14.52.08:305][264]LogSavePackage: Moving '../../../../../../Users/Bendick/Documents/GitHub/SR_Prototype_V3/SR_Prototype_V3/Saved/Websocket_Master6A5BBC5447AE3EDB0275DCA39703ABEE.tmp' to '../../../../../../Users/Bendick/Documents/GitHub/SR_Prototype_V3/SR_Prototype_V3/Content/Blueprints/Websocket/Websocket_Master.uasset'
[2018.01.03-14.52.08:306][264]LogSavePackage:Display: Finished SavePackage ../../../../../../Users/Bendick/Documents/GitHub/SR_Prototype_V3/SR_Prototype_V3/Content/Blueprints/Websocket/Websocket_Master.uasset
[2018.01.03-14.52.12:914][808]LogEditorViewport: Clicking on Actor (LMB): bp_Ship_C (bp_Ship)
[2018.01.03-14.52.13:097][824]Cmd: OBJ SAVEPACKAGE PACKAGE="/Game/ScanReach" FILE="../../../../../../Users/Bendick/Documents/GitHub/SR_Prototype_V3/SR_Prototype_V3/Content/ScanReach.umap" SILENT=true AUTOSAVING=false KEEPDIRTY=false
[2018.01.03-14.52.13:225][824]LogSavePackage: Save=96.95ms
[2018.01.03-14.52.13:225][824]LogSavePackage: Moving '../../../../../../Users/Bendick/Documents/GitHub/SR_Prototype_V3/SR_Prototype_V3/Saved/ScanReach0884FD0F4B3E4828EE625C8D1846A634.tmp' to '../../../../../../Users/Bendick/Documents/GitHub/SR_Prototype_V3/SR_Prototype_V3/Content/ScanReach.umap'
[2018.01.03-14.52.13:228][824]LogSavePackage:Display: Finished SavePackage ../../../../../../Users/Bendick/Documents/GitHub/SR_Prototype_V3/SR_Prototype_V3/Content/ScanReach.umap
[2018.01.03-14.52.13:256][824]Cmd: OBJ SAVEPACKAGE PACKAGE="/Game/ScanReach_BuiltData" FILE="../../../../../../Users/Bendick/Documents/GitHub/SR_Prototype_V3/SR_Prototype_V3/Content/ScanReach_BuiltData.uasset" SILENT=true
[2018.01.03-14.52.13:296][824]LogSavePackage: Save=17.19ms
[2018.01.03-14.52.13:296][824]LogSavePackage: Moving '../../../../../../Users/Bendick/Documents/GitHub/SR_Prototype_V3/SR_Prototype_V3/Saved/ScanReach_BuiltDataFED1356D4AA4445D4B0689A9DA59CD52.tmp' to '../../../../../../Users/Bendick/Documents/GitHub/SR_Prototype_V3/SR_Prototype_V3/Content/ScanReach_BuiltData.uasset'
[2018.01.03-14.52.13:297][824]LogSavePackage:Display: Finished SavePackage ../../../../../../Users/Bendick/Documents/GitHub/SR_Prototype_V3/SR_Prototype_V3/Content/ScanReach_BuiltData.uasset
[2018.01.03-14.52.14:499][939]Cmd: QUIT_EDITOR
[2018.01.03-14.52.14:520][939]LogWindowsTextInputMethodSystem:Display: IME system now deactivated.
[2018.01.03-14.52.14:521][939]LogWindowsTextInputMethodSystem:Display: IME system now deactivated.
[2018.01.03-14.52.14:529][939]LogExit: Preparing to exit.
[2018.01.03-14.52.15:700][939]LogDirectoryWatcher: A directory notification for 'C:/Users/Bendick/Documents/GitHub/SR_Prototype_V3/SR_Prototype_V3/Content/' was aborted.
[2018.01.03-14.52.15:719][939]LogExit: Editor shut down
[2018.01.03-14.52.15:722][939]LogExit: Transaction tracking system shut down
[2018.01.03-14.52.15:779][939]LogObj: Freed 0b from 0 cluster array pools.
[2018.01.03-14.52.15:779][939]LogExit: Object subsystem successfully closed.
[2018.01.03-14.52.15:792][939]LogD3D11RHI: Shutdown
[2018.01.03-14.52.15:792][939]LogD3D11RHI: CleanupD3DDevice
[2018.01.03-14.52.15:830][939]LogD3D11RHI: ~FD3D11DynamicRHI
[2018.01.03-14.52.15:839][939]LogModuleManager: Shutting down and abandoning module MovieSceneCapture (532)
[2018.01.03-14.52.15:839][939]LogModuleManager: Shutting down and abandoning module BlueprintGraph (530)
[2018.01.03-14.52.15:839][939]LogModuleManager: Shutting down and abandoning module BlueprintProfiler (528)
[2018.01.03-14.52.15:839][939]LogModuleManager: Shutting down and abandoning module HierarchicalLODOutliner (526)
[2018.01.03-14.52.15:839][939]LogModuleManager: Shutting down and abandoning module CrashTracker (524)
[2018.01.03-14.52.15:839][939]LogModuleManager: Shutting down and abandoning module SceneOutliner (522)
[2018.01.03-14.52.15:839][939]LogModuleManager: Shutting down and abandoning module AddContentDialog (520)
[2018.01.03-14.52.15:839][939]LogDirectoryWatcher: A directory notification for 'C:/Program Files/Epic Games/UE_4.16/FeaturePacks/' was aborted.
[2018.01.03-14.52.15:840][939]LogModuleManager: Shutting down and abandoning module WidgetCarousel (519)
[2018.01.03-14.52.15:840][939]LogModuleManager: Shutting down and abandoning module EditorWidgets (516)
[2018.01.03-14.52.15:840][939]LogModuleManager: Shutting down and abandoning module CollectionManager (514)
[2018.01.03-14.52.15:840][939]LogDirectoryWatcher: A directory notification for 'C:/Users/Bendick/Documents/GitHub/SR_Prototype_V3/SR_Prototype_V3/Content/Collections/' was aborted.
[2018.01.03-14.52.15:840][939]LogDirectoryWatcher: A directory notification for 'C:/Users/Bendick/Documents/GitHub/SR_Prototype_V3/SR_Prototype_V3/Content/Developers/Bendick/Collections/' was aborted.
[2018.01.03-14.52.15:840][939]LogDirectoryWatcher: A directory notification for 'C:/Users/Bendick/Documents/GitHub/SR_Prototype_V3/SR_Prototype_V3/Saved/Collections/' was aborted.
[2018.01.03-14.52.15:840][939]LogModuleManager: Shutting down and abandoning module StatsViewer (512)
[2018.01.03-14.52.15:840][939]LogModuleManager: Shutting down and abandoning module FoliageEdit (510)
[2018.01.03-14.52.15:840][939]LogModuleManager: Shutting down and abandoning module LandscapeEditor (508)
[2018.01.03-14.52.15:840][939]LogModuleManager: Shutting down and abandoning module MeshPaintMode (506)
[2018.01.03-14.52.15:840][939]LogModuleManager: Shutting down and abandoning module SceneDepthPickerMode (504)
[2018.01.03-14.52.15:840][939]LogModuleManager: Shutting down and abandoning module ActorPickerMode (502)
[2018.01.03-14.52.15:840][939]LogModuleManager: Shutting down and abandoning module GeometryMode (500)
[2018.01.03-14.52.15:840][939]LogModuleManager: Shutting down and abandoning module TextureAlignMode (498)
[2018.01.03-14.52.15:840][939]LogModuleManager: Shutting down and abandoning module BspMode (496)
[2018.01.03-14.52.15:840][939]LogModuleManager: Shutting down and abandoning module HardwareSurvey (494)
[2018.01.03-14.52.15:840][939]LogModuleManager: Shutting down and abandoning module SequenceRecorderSections (492)
[2018.01.03-14.52.15:840][939]LogModuleManager: Shutting down and abandoning module AutomationWorker (490)
[2018.01.03-14.52.15:840][939]LogModuleManager: Shutting down and abandoning module MatineeToLevelSequence (488)
[2018.01.03-14.52.15:840][939]LogModuleManager: Shutting down and abandoning module LevelSequenceEditor (486)
[2018.01.03-14.52.15:840][939]LogModuleManager: Shutting down and abandoning module PlacementMode (485)
[2018.01.03-14.52.15:840][939]LogModuleManager: Shutting down and abandoning module WmfMediaFactory (482)
[2018.01.03-14.52.15:840][939]LogModuleManager: Shutting down and abandoning module WmfMediaEditor (480)
[2018.01.03-14.52.15:840][939]LogModuleManager: Shutting down and abandoning module AvfMediaFactory (478)
[2018.01.03-14.52.15:840][939]LogModuleManager: Shutting down and abandoning module AvfMediaEditor (476)
[2018.01.03-14.52.15:840][939]LogModuleManager: Shutting down and abandoning module AndroidMediaFactory (474)
[2018.01.03-14.52.15:840][939]LogModuleManager: Shutting down and abandoning module Media (473)
[2018.01.03-14.52.15:840][939]LogModuleManager: Shutting down and abandoning module AndroidMediaEditor (470)
[2018.01.03-14.52.15:840][939]LogModuleManager: Shutting down and abandoning module CharacterAI (468)
[2018.01.03-14.52.15:840][939]LogModuleManager: Shutting down and abandoning module AudioCapture (466)
[2018.01.03-14.52.15:840][939]LogModuleManager: Shutting down and abandoning module SequenceRecorder (465)
[2018.01.03-14.52.15:840][939]LogModuleManager: Shutting down and abandoning module SmartSnapping (462)
[2018.01.03-14.52.15:840][939]LogModuleManager: Shutting down and abandoning module SessionServices (460)
[2018.01.03-14.52.15:840][939]LogModuleManager: Shutting down and abandoning module ViewportSnapping (458)
[2018.01.03-14.52.15:840][939]LogModuleManager: Shutting down and abandoning module ViewportInteraction (456)
[2018.01.03-14.52.15:840][939]LogModuleManager: Shutting down and abandoning module ClothPainter (454)
[2018.01.03-14.52.15:840][939]LogModuleManager: Shutting down and abandoning module LogVisualizer (452)
[2018.01.03-14.52.15:840][939]LogModuleManager: Shutting down and abandoning module IntroTutorials (450)
[2018.01.03-14.52.15:840][939]LogModuleManager: Shutting down and abandoning module GameProjectGeneration (449)
[2018.01.03-14.52.15:840][939]LogModuleManager: Shutting down and abandoning module EditorLiveStreaming (446)
[2018.01.03-14.52.15:840][939]LogModuleManager: Shutting down and abandoning module IOSPlatformEditor (444)
[2018.01.03-14.52.15:840][939]LogModuleManager: Shutting down and abandoning module HTML5PlatformEditor (442)
[2018.01.03-14.52.15:840][939]LogModuleManager: Shutting down and abandoning module AndroidPlatformEditor (440)
[2018.01.03-14.52.15:840][939]LogModuleManager: Shutting down and abandoning module AndroidDeviceDetection (439)
[2018.01.03-14.52.16:372][939]LogModuleManager: Shutting down and abandoning module IOSRuntimeSettings (436)
[2018.01.03-14.52.16:372][939]LogModuleManager: Shutting down and abandoning module AndroidRuntimeSettings (434)
[2018.01.03-14.52.16:372][939]LogModuleManager: Shutting down and abandoning module InputBindingEditor (432)
[2018.01.03-14.52.16:372][939]LogModuleManager: Shutting down and abandoning module MergeActors (430)
[2018.01.03-14.52.16:372][939]LogModuleManager: Shutting down and abandoning module SizeMap (428)
[2018.01.03-14.52.16:372][939]LogModuleManager: Shutting down and abandoning module TreeMap (426)
[2018.01.03-14.52.16:372][939]LogModuleManager: Shutting down and abandoning module ReferenceViewer (424)
[2018.01.03-14.52.16:372][939]LogModuleManager: Shutting down and abandoning module LocalizationDashboard (422)
[2018.01.03-14.52.16:372][939]LogModuleManager: Shutting down and abandoning module LocalizationService (421)
[2018.01.03-14.52.16:372][939]LogModuleManager: Shutting down and abandoning module HardwareTargeting (418)
[2018.01.03-14.52.16:372][939]LogModuleManager: Shutting down and abandoning module DeviceProfileEditor (416)
[2018.01.03-14.52.16:372][939]LogModuleManager: Shutting down and abandoning module UndoHistory (414)
[2018.01.03-14.52.16:372][939]LogModuleManager: Shutting down and abandoning module UserFeedback (412)
[2018.01.03-14.52.16:372][939]LogModuleManager: Shutting down and abandoning module XmlParser (410)
[2018.01.03-14.52.16:372][939]LogModuleManager: Shutting down and abandoning module Blutility (408)
[2018.01.03-14.52.16:372][939]LogModuleManager: Shutting down and abandoning module ProjectSettingsViewer (406)
[2018.01.03-14.52.16:372][939]LogModuleManager: Shutting down and abandoning module ProjectTargetPlatformEditor (405)
[2018.01.03-14.52.16:372][939]LogModuleManager: Shutting down and abandoning module EditorSettingsViewer (402)
[2018.01.03-14.52.16:372][939]LogModuleManager: Shutting down and abandoning module SettingsEditor (400)
[2018.01.03-14.52.16:372][939]LogModuleManager: Shutting down and abandoning module ProjectLauncher (398)
[2018.01.03-14.52.16:372][939]LogModuleManager: Shutting down and abandoning module SessionFrontend (396)
[2018.01.03-14.52.16:372][939]LogModuleManager: Shutting down and abandoning module ProfilerClient (394)
[2018.01.03-14.52.16:372][939]LogModuleManager: Shutting down and abandoning module DeviceManager (392)
[2018.01.03-14.52.16:372][939]LogModuleManager: Shutting down and abandoning module TargetDeviceServices (391)
[2018.01.03-14.52.16:423][939]LogModuleManager: Shutting down and abandoning module AutomationController (388)
[2018.01.03-14.52.16:423][939]LogModuleManager: Shutting down and abandoning module AutomationWindow (386)
[2018.01.03-14.52.16:423][939]LogModuleManager: Shutting down and abandoning module Layers (384)
[2018.01.03-14.52.16:423][939]LogModuleManager: Shutting down and abandoning module ComponentVisualizers (382)
[2018.01.03-14.52.16:423][939]LogModuleManager: Shutting down and abandoning module DetailCustomizations (380)
[2018.01.03-14.52.16:423][939]LogModuleManager: Shutting down and abandoning module PackagesDialog (378)
[2018.01.03-14.52.16:423][939]LogModuleManager: Shutting down and abandoning module Persona (376)
[2018.01.03-14.52.16:423][939]LogModuleManager: Shutting down and abandoning module AdvancedPreviewScene (375)
[2018.01.03-14.52.16:423][939]LogModuleManager: Shutting down and abandoning module AnimGraph (373)
[2018.01.03-14.52.16:423][939]LogModuleManager: Shutting down and abandoning module Kismet (370)
[2018.01.03-14.52.16:427][939]LogModuleManager: Shutting down and abandoning module ClassViewer (368)
[2018.01.03-14.52.16:428][939]LogModuleManager: Shutting down and abandoning module Toolbox (366)
[2018.01.03-14.52.16:428][939]LogModuleManager: Shutting down and abandoning module ModuleUI (364)
[2018.01.03-14.52.16:428][939]LogModuleManager: Shutting down and abandoning module MovieSceneTools (362)
[2018.01.03-14.52.16:428][939]LogModuleManager: Shutting down and abandoning module OutputLog (360)
[2018.01.03-14.52.16:428][939]LogModuleManager: Shutting down and abandoning module GammaUI (358)
[2018.01.03-14.52.16:428][939]LogModuleManager: Shutting down and abandoning module Documentation (356)
[2018.01.03-14.52.16:428][939]LogModuleManager: Shutting down and abandoning module MovieSceneTracks (354)
[2018.01.03-14.52.16:428][939]LogModuleManager: Shutting down and abandoning module MovieScene (352)
[2018.01.03-14.52.16:428][939]LogModuleManager: Shutting down and abandoning module Niagara (350)
[2018.01.03-14.52.16:428][939]LogModuleManager: Shutting down and abandoning module NiagaraEditor (349)
[2018.01.03-14.52.16:428][939]LogModuleManager: Shutting down and abandoning module StreamingPauseRendering (346)
[2018.01.03-14.52.16:428][939]LogModuleManager: Shutting down and abandoning module AnalyticsET (344)
[2018.01.03-14.52.16:428][939]LogModuleManager: Shutting down and abandoning module PortalServices (342)
[2018.01.03-14.52.16:428][939]LogModuleManager: Shutting down and abandoning module PortalRpc (340)
[2018.01.03-14.52.16:428][939]LogModuleManager: Shutting down and abandoning module MessagingRpc (338)
[2018.01.03-14.52.16:428][939]LogModuleManager: Shutting down and abandoning module AIModule (336)
[2018.01.03-14.52.16:428][939]LogModuleManager: Shutting down and abandoning module GameplayDebugger (335)
[2018.01.03-14.52.16:428][939]LogModuleManager: Shutting down and abandoning module AITestSuite (333)
[2018.01.03-14.52.16:428][939]LogModuleManager: Shutting down and abandoning module ProfilerService (330)
[2018.01.03-14.52.16:562][939]LogModuleManager: Shutting down and abandoning module TaskGraph (328)
[2018.01.03-14.52.16:562][939]LogModuleManager: Shutting down and abandoning module WebSocket (326)
[2018.01.03-14.52.16:562][939]LogModuleManager: Shutting down and abandoning module SteamVRController (324)
[2018.01.03-14.52.16:562][939]LogModuleManager: Shutting down and abandoning module SteamVR (322)
[2018.01.03-14.52.16:562][939]LogModuleManager: Shutting down and abandoning module ProceduralMeshComponentEditor (320)
[2018.01.03-14.52.16:562][939]LogModuleManager: Shutting down and abandoning module ProceduralMeshComponent (318)
[2018.01.03-14.52.16:562][939]LogModuleManager: Shutting down and abandoning module OculusLibrary (316)
[2018.01.03-14.52.16:562][939]LogModuleManager: Shutting down and abandoning module OculusInput (314)
[2018.01.03-14.52.16:562][939]LogModuleManager: Shutting down and abandoning module MobilePatchingUtils (312)
[2018.01.03-14.52.16:562][939]LogModuleManager: Shutting down and abandoning module CustomMeshComponent (310)
[2018.01.03-14.52.16:562][939]LogModuleManager: Shutting down and abandoning module CableComponent (308)
[2018.01.03-14.52.16:562][939]LogModuleManager: Shutting down and abandoning module ArchVisCharacter (306)
[2018.01.03-14.52.16:562][939]LogModuleManager: Shutting down and abandoning module AndroidPermission (304)
[2018.01.03-14.52.16:562][939]LogModuleManager: Shutting down and abandoning module MediaPlayerEditor (300)
[2018.01.03-14.52.16:563][939]LogModuleManager: Shutting down and abandoning module HTML5Networking (298)
[2018.01.03-14.52.16:563][939]LogModuleManager: Shutting down and abandoning module AlembicImporter (296)
[2018.01.03-14.52.16:563][939]LogModuleManager: Shutting down and abandoning module AlembicLibrary (295)
[2018.01.03-14.52.16:563][939]LogModuleManager: Shutting down and abandoning module GeometryCache (294)
[2018.01.03-14.52.16:563][939]LogModuleManager: Shutting down and abandoning module GeometryCacheEd (293)
[2018.01.03-14.52.16:563][939]LogModuleManager: Shutting down and abandoning module SuperSearchEditor (288)
[2018.01.03-14.52.16:563][939]LogModuleManager: Shutting down and abandoning module SuperSearch (287)
[2018.01.03-14.52.16:563][939]LogModuleManager: Shutting down and abandoning module SpeedTreeImporter (284)
[2018.01.03-14.52.16:563][939]LogModuleManager: Shutting down and abandoning module PluginBrowser (282)
[2018.01.03-14.52.16:563][939]LogModuleManager: Shutting down and abandoning module MobileLauncherProfileWizard (280)
[2018.01.03-14.52.16:563][939]LogModuleManager: Shutting down and abandoning module VisualStudioSourceCodeAccess (278)
[2018.01.03-14.52.16:563][939]LogModuleManager: Shutting down and abandoning module DesktopPlatform (277)
[2018.01.03-14.52.16:563][939]LogModuleManager: Shutting down and abandoning module UObjectPlugin (274)
[2018.01.03-14.52.16:563][939]LogModuleManager: Shutting down and abandoning module SubversionSourceControl (272)
[2018.01.03-14.52.16:563][939]LogModuleManager: Shutting down and abandoning module PerforceSourceControl (270)
[2018.01.03-14.52.16:563][939]LogModuleManager: Shutting down and abandoning module GitSourceControl (268)
[2018.01.03-14.52.16:563][939]LogModuleManager: Shutting down and abandoning module SourceControl (267)
[2018.01.03-14.52.16:563][939]LogModuleManager: Shutting down and abandoning module LightPropagationVolumeEditor (264)
[2018.01.03-14.52.16:563][939]LogModuleManager: Shutting down and abandoning module PaperTiledImporter (262)
[2018.01.03-14.52.16:563][939]LogModuleManager: Shutting down and abandoning module PaperSpriteSheetImporter (260)
[2018.01.03-14.52.16:563][939]LogModuleManager: Shutting down and abandoning module Paper2DEditor (258)
[2018.01.03-14.52.16:563][939]LogModuleManager: Shutting down and abandoning module MeshPaint (257)
[2018.01.03-14.52.16:563][939]LogModuleManager: Shutting down and abandoning module LevelEditor (255)
[2018.01.03-14.52.16:563][939]LogModuleManager: Shutting down and abandoning module PixelInspectorModule (254)
[2018.01.03-14.52.16:563][939]LogModuleManager: Shutting down and abandoning module MainFrame (252)
[2018.01.03-14.52.16:563][939]LogModuleManager: Shutting down and abandoning module HotReload (251)
[2018.01.03-14.52.16:563][939]LogDirectoryWatcher: A directory notification for 'C:/Users/Bendick/Documents/GitHub/SR_Prototype_V3/SR_Prototype_V3/Plugins/WebSocket/Binaries/Win64' was aborted.
[2018.01.03-14.52.16:563][939]LogModuleManager: Shutting down and abandoning module PhysXVehiclesEditor (246)
[2018.01.03-14.52.16:563][939]LogModuleManager: Shutting down and abandoning module PhysXVehicles (244)
[2018.01.03-14.52.16:564][939]LogModuleManager: Shutting down and abandoning module LocationServicesBPLibrary (242)
[2018.01.03-14.52.16:564][939]LogModuleManager: Shutting down and abandoning module ImmediatePhysicsEditor (240)
[2018.01.03-14.52.16:564][939]LogModuleManager: Shutting down and abandoning module ImmediatePhysics (238)
[2018.01.03-14.52.16:564][939]LogModuleManager: Shutting down and abandoning module UdpMessaging (236)
[2018.01.03-14.52.16:664][939]LogModuleManager: Shutting down and abandoning module TcpMessaging (234)
[2018.01.03-14.52.16:764][939]LogModuleManager: Shutting down and abandoning module GameplayTagsEditor (232)
[2018.01.03-14.52.16:764][939]LogModuleManager: Shutting down and abandoning module FacialAnimationEditor (230)
[2018.01.03-14.52.16:764][939]LogModuleManager: Shutting down and abandoning module FacialAnimation (228)
[2018.01.03-14.52.16:764][939]LogModuleManager: Shutting down and abandoning module AssetManagerEditor (226)
[2018.01.03-14.52.16:764][939]LogModuleManager: Shutting down and abandoning module GraphEditor (225)
[2018.01.03-14.52.16:764][939]LogModuleManager: Shutting down and abandoning module ContentBrowser (223)
[2018.01.03-14.52.16:765][939]LogModuleManager: Shutting down and abandoning module LightPropagationVolumeRuntime (220)
[2018.01.03-14.52.16:765][939]LogModuleManager: Shutting down and abandoning module Paper2D (218)
[2018.01.03-14.52.16:765][939]LogModuleManager: Shutting down and abandoning module WindowsMoviePlayer (216)
[2018.01.03-14.52.16:765][939]LogModuleManager: Shutting down and abandoning module WmfMedia (214)
[2018.01.03-14.52.16:766][939]LogModuleManager: Shutting down and abandoning module ClothingSystemEditor (212)
[2018.01.03-14.52.16:766][939]LogModuleManager: Shutting down and abandoning module ClothingSystemRuntime (210)
[2018.01.03-14.52.16:766][939]LogModuleManager: Shutting down and abandoning module MediaAssets (208)
[2018.01.03-14.52.16:766][939]LogModuleManager: Shutting down and abandoning module GameLiveStreaming (206)
[2018.01.03-14.52.16:766][939]LogModuleManager: Shutting down and abandoning module VREditor (204)
[2018.01.03-14.52.16:766][939]LogModuleManager: Shutting down and abandoning module StringTableEditor (202)
[2018.01.03-14.52.16:766][939]LogModuleManager: Shutting down and abandoning module GameplayTasksEditor (200)
[2018.01.03-14.52.16:766][939]LogModuleManager: Shutting down and abandoning module BehaviorTreeEditor (198)
[2018.01.03-14.52.16:766][939]LogModuleManager: Shutting down and abandoning module FunctionalTesting (196)
[2018.01.03-14.52.16:766][939]LogModuleManager: Shutting down and abandoning module CollisionAnalyzer (194)
[2018.01.03-14.52.16:766][939]LogModuleManager: Shutting down and abandoning module UMG (192)
[2018.01.03-14.52.16:766][939]LogModuleManager: Shutting down and abandoning module UMGEditor (191)
[2018.01.03-14.52.16:766][939]LogModuleManager: Shutting down and abandoning module Sequencer (190)
[2018.01.03-14.52.16:766][939]LogModuleManager: Shutting down and abandoning module AssetTools (188)
[2018.01.03-14.52.16:766][939]LogModuleManager: Shutting down and abandoning module MessageLog (187)
[2018.01.03-14.52.16:766][939]LogModuleManager: Shutting down and abandoning module WorkspaceMenuStructure (186)
[2018.01.03-14.52.16:766][939]LogModuleManager: Shutting down and abandoning module SlateReflector (180)
[2018.01.03-14.52.16:766][939]LogModuleManager: Shutting down and abandoning module Slate (178)
[2018.01.03-14.52.16:766][939]LogModuleManager: Shutting down and abandoning module EditorStyle (176)
[2018.01.03-14.52.16:768][939]LogModuleManager: Shutting down and abandoning module SourceCodeAccess (174)
[2018.01.03-14.52.16:768][939]LogModuleManager: Shutting down and abandoning module HeadMountedDisplay (172)
[2018.01.03-14.52.16:768][939]LogModuleManager: Shutting down and abandoning module XAudio2 (170)
[2018.01.03-14.52.16:768][939]LogModuleManager: Shutting down and abandoning module Networking (168)
[2018.01.03-14.52.16:768][939]LogModuleManager: Shutting down and abandoning module Core (164)
[2018.01.03-14.52.16:768][939]LogModuleManager: Shutting down and abandoning module AssetRegistry (162)
[2018.01.03-14.52.16:840][939]LogDirectoryWatcher: A directory notification for '../../../Engine/Content/' was aborted.
[2018.01.03-14.52.16:840][939]LogDirectoryWatcher: A directory notification for '../../../../../../Users/Bendick/Documents/GitHub/SR_Prototype_V3/SR_Prototype_V3/Content/' was aborted.
[2018.01.03-14.52.16:840][939]LogDirectoryWatcher: A directory notification for '../../../Engine/Plugins/2D/Paper2D/Content/' was aborted.
[2018.01.03-14.52.16:840][939]LogDirectoryWatcher: A directory notification for '../../../Engine/Plugins/Runtime/GearVR/Content/' was aborted.
[2018.01.03-14.52.16:842][939]LogModuleManager: Shutting down and abandoning module DirectoryWatcher (161)
[2018.01.03-14.52.16:842][939]LogModuleManager: Shutting down and abandoning module KismetCompiler (158)
[2018.01.03-14.52.16:842][939]LogModuleManager: Shutting down and abandoning module LevelSequence (156)
[2018.01.03-14.52.16:842][939]LogModuleManager: Shutting down and abandoning module PhysXFormats (154)
[2018.01.03-14.52.16:842][939]LogModuleManager: Shutting down and abandoning module MeshUtilities (152)
[2018.01.03-14.52.16:842][939]LogModuleManager: Shutting down and abandoning module SimplygonSwarm (151)
[2018.01.03-14.52.16:842][939]LogModuleManager: Shutting down and abandoning module SimplygonMeshReduction (149)
[2018.01.03-14.52.16:842][939]LogModuleManager: Shutting down and abandoning module QuadricMeshReduction (147)
[2018.01.03-14.52.16:842][939]LogModuleManager: Shutting down and abandoning module DerivedDataCache (144)
[2018.01.03-14.52.16:918][939]LogDerivedDataCache: Shutdown
[2018.01.03-14.52.16:918][939]LogModuleManager: Shutting down and abandoning module TargetPlatform (142)
[2018.01.03-14.52.16:918][939]LogModuleManager: Shutting down and abandoning module VulkanShaderFormat (141)
[2018.01.03-14.52.16:918][939]LogModuleManager: Shutting down and abandoning module ShaderFormatVectorVM (139)
[2018.01.03-14.52.16:918][939]LogModuleManager: Shutting down and abandoning module ShaderFormatOpenGL (137)
[2018.01.03-14.52.16:918][939]LogModuleManager: Shutting down and abandoning module ShaderFormatD3D (135)
[2018.01.03-14.52.16:918][939]LogModuleManager: Shutting down and abandoning module MetalShaderFormat (133)
[2018.01.03-14.52.16:918][939]LogModuleManager: Shutting down and abandoning module TextureFormatUncompressed (131)
[2018.01.03-14.52.16:918][939]LogModuleManager: Shutting down and abandoning module TextureFormatPVR (129)
[2018.01.03-14.52.16:918][939]LogModuleManager: Shutting down and abandoning module TextureFormatDXT (127)
[2018.01.03-14.52.16:918][939]LogModuleManager: Shutting down and abandoning module TextureFormatIntelISPCTexComp (125)
[2018.01.03-14.52.16:918][939]LogModuleManager: Shutting down and abandoning module TextureFormatASTC (123)
[2018.01.03-14.52.16:918][939]LogModuleManager: Shutting down and abandoning module ImageWrapper (122)
[2018.01.03-14.52.16:918][939]LogModuleManager: Shutting down and abandoning module TextureFormatAndroid (119)
[2018.01.03-14.52.16:918][939]LogModuleManager: Shutting down and abandoning module AudioFormatOpus (117)
[2018.01.03-14.52.16:918][939]LogModuleManager: Shutting down and abandoning module AudioFormatOgg (115)
[2018.01.03-14.52.16:918][939]LogModuleManager: Shutting down and abandoning module AudioFormatADPCM (113)
[2018.01.03-14.52.16:918][939]LogModuleManager: Shutting down and abandoning module LinuxTargetPlatform (111)
[2018.01.03-14.52.16:918][939]LogModuleManager: Shutting down and abandoning module LinuxServerTargetPlatform (109)
[2018.01.03-14.52.16:918][939]LogModuleManager: Shutting down and abandoning module LinuxNoEditorTargetPlatform (107)
[2018.01.03-14.52.16:918][939]LogModuleManager: Shutting down and abandoning module LinuxClientTargetPlatform (105)
[2018.01.03-14.52.16:918][939]LogModuleManager: Shutting down and abandoning module TVOSTargetPlatform (103)
[2018.01.03-14.52.16:918][939]LogModuleManager: Shutting down and abandoning module Messaging (101)
[2018.01.03-14.52.16:918][939]LogModuleManager: Shutting down and abandoning module IOSTargetPlatform (99)
[2018.01.03-14.52.16:918][939]LogModuleManager: Shutting down and abandoning module HTML5TargetPlatform (97)
[2018.01.03-14.52.16:918][939]LogModuleManager: Shutting down and abandoning module Android_PVRTCTargetPlatform (95)
[2018.01.03-14.52.16:918][939]LogModuleManager: Shutting down and abandoning module Android_MultiTargetPlatform (93)
[2018.01.03-14.52.16:918][939]LogModuleManager: Shutting down and abandoning module Android_ETC2TargetPlatform (91)
[2018.01.03-14.52.16:918][939]LogModuleManager: Shutting down and abandoning module Android_ETC1TargetPlatform (89)
[2018.01.03-14.52.16:918][939]LogModuleManager: Shutting down and abandoning module Android_DXTTargetPlatform (87)
[2018.01.03-14.52.16:918][939]LogModuleManager: Shutting down and abandoning module Android_ATCTargetPlatform (85)
[2018.01.03-14.52.16:918][939]LogModuleManager: Shutting down and abandoning module Android_ASTCTargetPlatform (83)
[2018.01.03-14.52.16:918][939]LogModuleManager: Shutting down and abandoning module AndroidTargetPlatform (81)
[2018.01.03-14.52.16:918][939]LogModuleManager: Shutting down and abandoning module WindowsTargetPlatform (79)
[2018.01.03-14.52.16:918][939]LogModuleManager: Shutting down and abandoning module WindowsServerTargetPlatform (77)
[2018.01.03-14.52.16:918][939]LogModuleManager: Shutting down and abandoning module WindowsNoEditorTargetPlatform (75)
[2018.01.03-14.52.16:918][939]LogModuleManager: Shutting down and abandoning module WindowsClientTargetPlatform (73)
[2018.01.03-14.52.16:918][939]LogModuleManager: Shutting down and abandoning module MacTargetPlatform (71)
[2018.01.03-14.52.16:918][939]LogModuleManager: Shutting down and abandoning module MacServerTargetPlatform (69)
[2018.01.03-14.52.16:918][939]LogModuleManager: Shutting down and abandoning module MacNoEditorTargetPlatform (67)
[2018.01.03-14.52.16:918][939]LogModuleManager: Shutting down and abandoning module MacClientTargetPlatform (65)
[2018.01.03-14.52.16:918][939]LogModuleManager: Shutting down and abandoning module AllDesktopTargetPlatform (63)
[2018.01.03-14.52.16:918][939]LogModuleManager: Shutting down and abandoning module InputCore (60)
[2018.01.03-14.52.16:918][939]LogModuleManager: Shutting down and abandoning module Settings (58)
[2018.01.03-14.52.16:918][939]LogModuleManager: Shutting down and abandoning module OculusRift (56)
[2018.01.03-14.52.16:918][939]LogModuleManager: Shutting down and abandoning module GearVRController (54)
[2018.01.03-14.52.16:918][939]LogModuleManager: Shutting down and abandoning module GearVR (52)
[2018.01.03-14.52.16:918][939]LogModuleManager: Shutting down and abandoning module ExampleDeviceProfileSelector (50)
[2018.01.03-14.52.16:918][939]LogModuleManager: Shutting down and abandoning module OnlineBlueprintSupport (48)
[2018.01.03-14.52.16:918][939]LogModuleManager: Shutting down and abandoning module OnlineSubsystem (44)
[2018.01.03-14.52.16:918][939]LogOnline:Display: Unloading online subsystem: NULL
[2018.01.03-14.52.16:918][939]LogModuleManager: Shutting down and abandoning module XMPP (43)
[2018.01.03-14.52.16:918][939]LogModuleManager: Shutting down and abandoning module HTTP (41)
[2018.01.03-14.52.16:918][939]LogHttp:Display: Http module shutting down, but needs to wait on 1 outstanding Http requests:
[2018.01.03-14.52.16:918][939]LogHttp:Display: 	verb=[POST] url=[https://datarouter.ol.epicgames.com/datarouter/api/v1/public/data?SessionID=%7BB28C2DF3-47A0-828D-BDAC-9B9AF99E7AED%7D&AppID=UEEditor.Rocket.Release&AppVersion=4.16.3-3561208%2B%2B%2BUE4%2BRelease-4.16&UserID=0c75b627499df609a8813c9ced46962c%7Cfebaf0232e0e4e628b45a2bec753bbbc%7C408adb04-e8c0-4c29-a1fb-4d7ed05dedd7&AppEnvironment=datacollector-binary&UploadType=eteventstream] status=Processing
[2018.01.03-14.52.16:926][939]LogModuleManager: Shutting down and abandoning module SSL (40)
[2018.01.03-14.52.16:927][939]LogModuleManager: Shutting down and abandoning module HTTPChunkInstaller (36)
[2018.01.03-14.52.16:927][939]LogModuleManager: Shutting down and abandoning module AnimationModifiers (34)
[2018.01.03-14.52.16:927][939]LogModuleManager: Shutting down and abandoning module PropertyEditor (33)
[2018.01.03-14.52.16:927][939]LogModuleManager: Shutting down and abandoning module AudioEditor (30)
[2018.01.03-14.52.16:927][939]LogModuleManager: Shutting down and abandoning module TextureCompressor (28)
[2018.01.03-14.52.16:927][939]LogModuleManager: Shutting down and abandoning module ShaderCore (26)
[2018.01.03-14.52.16:927][939]LogModuleManager: Shutting down and abandoning module Landscape (24)
[2018.01.03-14.52.16:927][939]LogModuleManager: Shutting down and abandoning module SlateRHIRenderer (22)
[2018.01.03-14.52.16:928][939]LogModuleManager: Shutting down and abandoning module OpenGLDrv (20)
[2018.01.03-14.52.16:928][939]LogModuleManager: Shutting down and abandoning module D3D11RHI (18)
[2018.01.03-14.52.16:928][939]LogModuleManager: Shutting down and abandoning module AnimGraphRuntime (16)
[2018.01.03-14.52.16:928][939]LogModuleManager: Shutting down and abandoning module Renderer (14)
[2018.01.03-14.52.16:928][939]LogModuleManager: Shutting down and abandoning module Engine (12)
[2018.01.03-14.52.16:928][939]LogModuleManager: Shutting down and abandoning module CoreUObject (10)
[2018.01.03-14.52.16:928][939]LogModuleManager: Shutting down and abandoning module NetworkFile (8)
[2018.01.03-14.52.16:928][939]LogModuleManager: Shutting down and abandoning module StreamingFile (6)
[2018.01.03-14.52.16:928][939]LogModuleManager: Shutting down and abandoning module SandboxFile (4)
[2018.01.03-14.52.16:928][939]LogModuleManager: Shutting down and abandoning module PakFile (2)
[2018.01.03-14.52.16:929][939]LogExit: Exiting.
[2018.01.03-14.52.16:941][939]Log file closed, 01/03/18 15:52:16
