Log file open, 09/21/17 14:33:24
LogInit:Display: Running engine for game: SR_Prototype_V3
LogPlatformFile: Not using cached read wrapper
LogInit:Display: RandInit(717169278) SRandInit(717169278).
LogTaskGraph: Started task graph with 5 named threads and 8 total threads with 1 sets of task threads.
LogStats: Stats thread started at 0.073291
LogInit: Using libcurl 7.47.1
LogInit:  - built for x86_64-pc-win32
LogInit:  - supports SSL with OpenSSL/1.0.2g
LogInit:  - supports HTTP deflate (compression) using libz 1.2.8
LogInit:  - other features:
LogInit:      CURL_VERSION_SSL
LogInit:      CURL_VERSION_LIBZ
LogInit:      CURL_VERSION_IPV6
LogInit:      CURL_VERSION_ASYNCHDNS
LogInit:      CURL_VERSION_LARGEFILE
LogInit:      CURL_VERSION_IDN
LogInit:  CurlRequestOptions (configurable via config and command line):
LogInit:  - bVerifyPeer = false  - Libcurl will NOT verify peer certificate
LogInit:  - bUseHttpProxy = false  - Libcurl will NOT use HTTP proxy
LogInit:  - bDontReuseConnections = false  - Libcurl will reuse connections
LogInit:  - CertBundlePath = nullptr  - Libcurl will use whatever was configured at build time.
LogInit: Build: ++UE4+Release-4.16-CL-3561208
LogInit: Engine Version: 4.16.3-3561208+++UE4+Release-4.16
LogInit: Compatible Engine Version: 4.16.0-3452394+++UE4+Release-4.16
LogInit: Net CL: 3452394
LogDevObjectVersion: Number of dev versions registered: 16
LogDevObjectVersion:   Dev-Blueprints (B0D832E4-1F89-4F0D-ACCF-7EB736FD4AA2): 9
LogDevObjectVersion:   Dev-Build (E1C64328-A22C-4D53-A36C-8E866417BD8C): 0
LogDevObjectVersion:   Dev-Core (375EC13C-06E4-48FB-B500-84F0262A717E): 2
LogDevObjectVersion:   Dev-Editor (E4B068ED-F494-42E9-A231-DA0B2E46BB41): 17
LogDevObjectVersion:   Dev-Framework (CFFC743F-43B0-4480-9391-14DF171D2073): 23
LogDevObjectVersion:   Dev-Mobile (B02B49B5-BB20-44E9-A304-32B752E40360): 0
LogDevObjectVersion:   Dev-Networking (A4E4105C-59A1-49B5-A7C5-40C4547EDFEE): 0
LogDevObjectVersion:   Dev-Online (39C831C9-5AE6-47DC-9A44-9C173E1C8E7C): 0
LogDevObjectVersion:   Dev-Physics (78F01B33-EBEA-4F98-B9B4-84EACCB95AA2): 0
LogDevObjectVersion:   Dev-Platform (6631380F-2D4D-43E0-8009-CF276956A95A): 0
LogDevObjectVersion:   Dev-Rendering (12F88B9F-8875-4AFC-A67C-D90C383ABD29): 15
LogDevObjectVersion:   Dev-Sequencer (7B5AE74C-D270-4C10-A958-57980B212A5A): 4
LogDevObjectVersion:   Dev-VR (D7296918-1DD6-4BDD-9DE2-64A83CC13884): 0
LogDevObjectVersion:   Dev-LoadTimes (C2A15278-BFE7-4AFE-6C17-90FF531DF755): 1
LogDevObjectVersion:   Private-Geometry (6EACA3D4-40EC-4CC1-B786-8BED09428FC5): 1
LogDevObjectVersion:   Dev-AnimPhys (29E575DD-E0A3-4627-9D10-D276232CDCEA): 3
LogInit: Compiled (64-bit): Jul 28 2017 11:49:47
LogInit: Compiled with Visual C++: 19.00.24215.01
LogInit: Build Configuration: Development
LogInit: Branch Name: ++UE4+Release-4.16
LogInit: Command line:  
LogInit: Base directory: C:/Program Files/Epic Games/UE_4.16/Engine/Binaries/Win64/
LogInit: Installed Engine Build: 1
LogInit: Presizing for max 8388607 objects, including 0 objects not considered by GC, pre-allocating 0 bytes for permanent pool.
LogInit: Object subsystem initialized
[2017.09.21-12.33.24:779][  0]LogInit: Selected Device Profile: [Windows]
[2017.09.21-12.33.24:779][  0]LogInit: Applying CVar settings loaded from the selected device profile: [Windows]
[2017.09.21-12.33.24:787][  0]LogInit: Computer: WINDOWS-EUOFFC3
[2017.09.21-12.33.24:787][  0]LogInit: User: Bendick
[2017.09.21-12.33.24:787][  0]LogInit: CPU Page size=4096, Cores=4
[2017.09.21-12.33.24:787][  0]LogInit: High frequency timer resolution =3.914065 MHz
[2017.09.21-12.33.24:787][  0]LogMemory: Memory total: Physical=15.9GB (16GB approx)
[2017.09.21-12.33.24:787][  0]LogMemory: Platform Memory Stats for Windows
[2017.09.21-12.33.24:787][  0]LogMemory: Process Physical Memory: 273.45 MB used, 273.45 MB peak
[2017.09.21-12.33.24:787][  0]LogMemory: Process Virtual Memory: 264.96 MB used, 264.96 MB peak
[2017.09.21-12.33.24:787][  0]LogMemory: Physical Memory: 7641.28 MB used,  8681.70 MB free, 16322.98 MB total
[2017.09.21-12.33.24:787][  0]LogMemory: Virtual Memory: 642.61 MB used,  8681.70 MB free, 134217728.00 MB total
[2017.09.21-12.33.24:832][  0]LogInit: Using OS detected language (en-US).
[2017.09.21-12.33.24:832][  0]LogInit: Using OS detected locale (en-GB).
[2017.09.21-12.33.24:834][  0]LogTextLocalizationManager: No specific localization for 'en-US' exists, so the 'en' localization will be used.
[2017.09.21-12.33.25:452][  0]LogD3D11RHI: D3D11 adapters:
[2017.09.21-12.33.25:873][  0]LogD3D11RHI:    0. 'NVIDIA GeForce GTX 1070' (Feature Level 11_0)
[2017.09.21-12.33.25:873][  0]LogD3D11RHI:       8119/0/8161 MB DedicatedVideo/DedicatedSystem/SharedSystem, Outputs:2, VendorId:0x10de
[2017.09.21-12.33.25:873][  0]LogD3D11RHI:    1. 'Microsoft Basic Render Driver' (Feature Level 11_0)
[2017.09.21-12.33.25:873][  0]LogD3D11RHI:       0/0/8161 MB DedicatedVideo/DedicatedSystem/SharedSystem, Outputs:0, VendorId:0x1414
[2017.09.21-12.33.25:873][  0]LogD3D11RHI: Chosen D3D11 Adapter: 0
[2017.09.21-12.33.25:878][  0]LogD3D11RHI: Creating new Direct3DDevice
[2017.09.21-12.33.25:878][  0]LogD3D11RHI:     GPU DeviceId: 0x1b81 (for the marketing name, search the web for "GPU Device Id")
[2017.09.21-12.33.25:878][  0]LogWindows: EnumDisplayDevices:
[2017.09.21-12.33.25:878][  0]LogWindows:    0. 'NVIDIA GeForce GTX 1070' (P:1 D:1)
[2017.09.21-12.33.25:878][  0]LogWindows:    1. 'NVIDIA GeForce GTX 1070' (P:0 D:1)
[2017.09.21-12.33.25:878][  0]LogWindows:    2. 'NVIDIA GeForce GTX 1070' (P:0 D:0)
[2017.09.21-12.33.25:878][  0]LogWindows:    3. 'NVIDIA GeForce GTX 1070' (P:0 D:0)
[2017.09.21-12.33.25:878][  0]LogWindows: DebugString: FoundDriverCount:4 
[2017.09.21-12.33.25:878][  0]LogD3D11RHI:     Adapter Name: NVIDIA GeForce GTX 1070
[2017.09.21-12.33.25:878][  0]LogD3D11RHI:   Driver Version: 382.05 (internal:22.21.13.8205, unified:382.05)
[2017.09.21-12.33.25:878][  0]LogD3D11RHI:      Driver Date: 5-1-2017
[2017.09.21-12.33.25:878][  0]LogRHI: Texture pool is 1361 MB (70% of 1945 MB)
[2017.09.21-12.33.26:278][  0]LogD3D11RHI: Async texture creation enabled
[2017.09.21-12.33.26:357][  0]LogD3D11RHI: GPU Timing Frequency: 1000.000000 (Debug: 2 1)
[2017.09.21-12.33.26:447][  0]LogShaderCompilers: Guid format shader working directory is -33 characters bigger than the processId version (../../../../../../Users/Bendick/Documents/GitHub/SR_Prototype_V3/SR_Prototype_V3/Intermediate/Shaders/WorkingDirectory/10716/).
[2017.09.21-12.33.26:447][  0]LogShaderCompilers: Cleaned the shader compiler working directory 'C:/Users/Bendick/AppData/Local/Temp/UnrealShaderWorkingDir/972101F3462266AAD841E58BBD6CD9AE/'.
[2017.09.21-12.33.26:447][  0]LogShaderCompilers:Display: Using Local Shader Compiler.
[2017.09.21-12.33.27:101][  0]LogTemp:Display: Loaded TP AllDesktopTargetPlatform
[2017.09.21-12.33.27:134][  0]LogTemp:Display: Loaded TP MacClientTargetPlatform
[2017.09.21-12.33.27:167][  0]LogTemp:Display: Loaded TP MacNoEditorTargetPlatform
[2017.09.21-12.33.27:199][  0]LogTemp:Display: Loaded TP MacServerTargetPlatform
[2017.09.21-12.33.27:232][  0]LogTemp:Display: Loaded TP MacTargetPlatform
[2017.09.21-12.33.27:265][  0]LogTemp:Display: Loaded TP WindowsClientTargetPlatform
[2017.09.21-12.33.27:297][  0]LogTemp:Display: Loaded TP WindowsNoEditorTargetPlatform
[2017.09.21-12.33.27:330][  0]LogTemp:Display: Loaded TP WindowsServerTargetPlatform
[2017.09.21-12.33.27:359][  0]LogTemp:Display: Loaded TP WindowsTargetPlatform
[2017.09.21-12.33.27:391][  0]LogTemp:Display: Loaded TP AndroidTargetPlatform
[2017.09.21-12.33.27:423][  0]LogTemp:Display: Loaded TP Android_ASTCTargetPlatform
[2017.09.21-12.33.27:454][  0]LogTemp:Display: Loaded TP Android_ATCTargetPlatform
[2017.09.21-12.33.27:487][  0]LogTemp:Display: Loaded TP Android_DXTTargetPlatform
[2017.09.21-12.33.27:518][  0]LogTemp:Display: Loaded TP Android_ETC1TargetPlatform
[2017.09.21-12.33.27:550][  0]LogTemp:Display: Loaded TP Android_ETC2TargetPlatform
[2017.09.21-12.33.27:613][  0]LogTemp:Display: Loaded TP Android_MultiTargetPlatform
[2017.09.21-12.33.27:613][  0]LogTemp:Display: Loaded TP Android_PVRTCTargetPlatform
[2017.09.21-12.33.27:638][  0]LogTemp:Display: Loaded TP HTML5TargetPlatform
[2017.09.21-12.33.27:704][  0]LogTemp:Display: Loaded TP IOSTargetPlatform
[2017.09.21-12.33.27:726][  0]LogTemp:Display: Loaded TP TVOSTargetPlatform
[2017.09.21-12.33.27:758][  0]LogTemp:Display: Loaded TP LinuxClientTargetPlatform
[2017.09.21-12.33.27:789][  0]LogTemp:Display: Loaded TP LinuxNoEditorTargetPlatform
[2017.09.21-12.33.27:822][  0]LogTemp:Display: Loaded TP LinuxServerTargetPlatform
[2017.09.21-12.33.27:854][  0]LogTemp:Display: Loaded TP LinuxTargetPlatform
[2017.09.21-12.33.27:854][  0]LogTargetPlatformManager:Display: Building Assets For Windows
[2017.09.21-12.33.28:163][  0]LogDerivedDataCache:Display: Max Cache Size: 512 MB
[2017.09.21-12.33.28:240][  0]LogDerivedDataCache: Loaded boot cache 0.08s 111MB C:/Users/Bendick/AppData/Local/UnrealEngine/4.16/DerivedDataCache/Boot.ddc.
[2017.09.21-12.33.28:240][  0]LogDerivedDataCache:Display: Loaded Boot cache: C:/Users/Bendick/AppData/Local/UnrealEngine/4.16/DerivedDataCache/Boot.ddc
[2017.09.21-12.33.28:240][  0]LogDerivedDataCache: FDerivedDataBackendGraph:  Pak pak cache file ../../../../../../Users/Bendick/Documents/GitHub/SR_Prototype_V3/SR_Prototype_V3/DerivedDataCache/DDC.ddp not found, will not use a pak cache.
[2017.09.21-12.33.28:240][  0]LogDerivedDataCache: Unable to find inner node Pak for hierarchical cache Hierarchy.
[2017.09.21-12.33.28:240][  0]LogDerivedDataCache: FDerivedDataBackendGraph:  CompressedPak pak cache file ../../../../../../Users/Bendick/Documents/GitHub/SR_Prototype_V3/SR_Prototype_V3/DerivedDataCache/Compressed.ddp not found, will not use a pak cache.
[2017.09.21-12.33.28:240][  0]LogDerivedDataCache: Unable to find inner node CompressedPak for hierarchical cache Hierarchy.
[2017.09.21-12.33.28:251][  0]LogDerivedDataCache:Display: Pak cache opened for reading ../../../Engine/DerivedDataCache/Compressed.ddp.
[2017.09.21-12.33.28:262][  0]LogDerivedDataCache: Using Local data cache path C:/Users/Bendick/AppData/Local/UnrealEngine/Common/DerivedDataCache: Writable
[2017.09.21-12.33.28:268][  0]LogMaterial: Verifying Global Shaders for PCD3D_SM5
[2017.09.21-12.33.28:269][  0]LogSlate: Using Freetype 2.6.0
[2017.09.21-12.33.28:269][  0]LogSlate: SlateFontCache - WITH_FREETYPE: 1, WITH_HARFBUZZ: 1
[2017.09.21-12.33.28:269][  0]LogSlate: SlateFontCache - WITH_FREETYPE: 1, WITH_HARFBUZZ: 1
[2017.09.21-12.33.28:476][  0]LogInit: Selected Device Profile: [Windows]
[2017.09.21-12.33.28:624][  0]LogMeshUtilities: Using QuadricMeshReduction for automatic static mesh reduction
[2017.09.21-12.33.28:652][  0]LogSimplygon: Simplygon DLL not present - disabling.
[2017.09.21-12.33.28:682][  0]LogMeshUtilities: Using SimplygonSwarm for distributed automatic mesh merging
[2017.09.21-12.33.28:682][  0]LogMeshUtilities: No automatic skeletal mesh reduction module available
[2017.09.21-12.33.28:682][  0]LogMeshUtilities: No automatic mesh merging module available
[2017.09.21-12.33.29:037][  0]LogNetVersion: SR_Prototype_V3 , NetCL: 3452394, EngineNetVer: 2, GameNetVer: 0 (Checksum: 2708348065)
[2017.09.21-12.33.29:085][  0]LogAssetRegistry: FAssetRegistry took 0.0239 seconds to start up
[2017.09.21-12.33.29:126][  0]LogPackageLocalizationCache: Processed 4 localized package path(s) for 2 prioritized culture(s) in 0.026663 seconds
[2017.09.21-12.33.29:130][  0]LogUObjectArray: 34194 objects as part of root set at end of initial load.
[2017.09.21-12.33.29:130][  0]LogUObjectAllocator: 7260424 out of 0 bytes used by permanent object pool.
[2017.09.21-12.33.29:130][  0]LogUObjectArray: CloseDisregardForGC: 0/0 objects in disregard for GC pool
[2017.09.21-12.33.29:170][  0]LogInit: WinSock: version 1.1 (2.2), MaxSocks=32767, MaxUdp=65467
[2017.09.21-12.33.30:692][  0]LogTcpMessaging: Initializing TcpMessaging bridge
[2017.09.21-12.33.30:720][  0]LogUdpMessaging: Initializing bridge on interface 0.0.0.0:0 to multicast group 230.0.0.1:6666.
[2017.09.21-12.33.31:064][  0]LogMaterial: Uniform references updated for custom material expression Custom.
[2017.09.21-12.33.31:311][  0]SourceControl: Info Source control is disabled
[2017.09.21-12.33.31:333][  0]SourceControl: Info Source control is disabled
[2017.09.21-12.33.31:366][  0]SourceControl: Info Source control is disabled
[2017.09.21-12.33.31:395][  0]SourceControl: Info Source control is disabled
[2017.09.21-12.33.31:810][  0]LogAndroidPermission: UAndroidPermissionCallbackProxy::GetInstance
[2017.09.21-12.33.32:180][  0]LogEngine: Initializing Engine...
[2017.09.21-12.33.32:180][  0]LogHMD: Failed to initialize OpenVR with code 110
[2017.09.21-12.33.32:311][  0]LogStats: UGameplayTagsManager::ConstructGameplayTagTree: Construct from data asset -  0.000 s
[2017.09.21-12.33.32:311][  0]LogStats: UGameplayTagsManager::ConstructGameplayTagTree: GameplayTagTreeChangedEvent.Broadcast -  0.000 s
[2017.09.21-12.33.32:394][  0]LogAIModule: Creating AISystem for world Untitled
[2017.09.21-12.33.32:401][  0]LogInit: XAudio2 using 'Speakers (2- Logitech G933 Gaming Headset)' : 6 channels at 48 kHz using 16 bits per sample (channel mask 0x3f)
[2017.09.21-12.33.32:414][  0]LogInit: FAudioDevice initialized.
[2017.09.21-12.33.32:450][  0]LogDerivedDataCache: Saved boot cache 0.04s 111MB C:/Users/Bendick/AppData/Local/UnrealEngine/4.16/DerivedDataCache/Boot.ddc.
[2017.09.21-12.33.32:462][  0]LogInit: Texture streaming: Disabled
[2017.09.21-12.33.32:525][  0]LogEngineSessionManager: EngineSessionManager initialized
[2017.09.21-12.33.32:661][  0]LogInit: Transaction tracking system initialized
[2017.09.21-12.33.32:855][  0]BlueprintLog: New page: Editor Load
[2017.09.21-12.33.33:440][  0]LocalizationService: Info Localization service is disabled
[2017.09.21-12.33.33:868][  0]LogConsoleResponse:Display: 
[2017.09.21-12.33.33:970][  0]LogCook:Display: Max memory allowance for cook 16384mb min free memory 0mb
[2017.09.21-12.33.33:970][  0]LogCook:Display: Mobile HDR setting 1
[2017.09.21-12.33.34:215][  0]LogFileCache: Scanning file cache for directory 'C:/Users/Bendick/Documents/GitHub/SR_Prototype_V3/SR_Prototype_V3/Content/' took 0.01s
[2017.09.21-12.33.34:603][  0]SourceControl: Info Source control is disabled
[2017.09.21-12.33.34:603][  0]Cmd: MAP LOAD FILE="../../../../../../Users/Bendick/Documents/GitHub/SR_Prototype_V3/SR_Prototype_V3/Content/ScanReach.umap" TEMPLATE=0 SHOWPROGRESS=1 FEATURELEVEL=3
[2017.09.21-12.33.34:604][  0]LightingResults: New page: Lighting Build
[2017.09.21-12.33.34:629][  0]MapCheck: New page: Map Check
[2017.09.21-12.33.34:629][  0]LightingResults: New page: Lighting Build
[2017.09.21-12.33.34:907][  0]LogAIModule: Creating AISystem for world ScanReach
[2017.09.21-12.33.34:912][  0]LogEditorServer: Finished looking for orphan Actors (0.000 secs)
[2017.09.21-12.33.34:921][  0]Cmd: MAP CHECKDEP NOCLEARLOG
[2017.09.21-12.33.34:951][  0]MapCheck: Info Map check complete: 0 Error(s), 0 Warning(s), took 29.784ms to complete.
[2017.09.21-12.33.34:951][  0]LogFileHelpers: Loading map 'ScanReach' took 0.348
[2017.09.21-12.33.35:059][  0]LogCollectionManager: Loaded 0 collections in 0.000950 seconds
[2017.09.21-12.33.35:125][  0]LogFileCache: Scanning file cache for directory 'C:/Users/Bendick/Documents/GitHub/SR_Prototype_V3/SR_Prototype_V3/Saved/Collections/' took 0.01s
[2017.09.21-12.33.35:125][  0]LogFileCache: Scanning file cache for directory 'C:/Users/Bendick/Documents/GitHub/SR_Prototype_V3/SR_Prototype_V3/Content/Developers/Bendick/Collections/' took 0.01s
[2017.09.21-12.33.35:125][  0]LogFileCache: Scanning file cache for directory 'C:/Users/Bendick/Documents/GitHub/SR_Prototype_V3/SR_Prototype_V3/Content/Collections/' took 0.01s
[2017.09.21-12.33.35:125][  0]LogCollectionManager: Rebuilt the GUID cache for 0 collections in 0.000001 seconds
[2017.09.21-12.33.35:132][  0]LogContentBrowser: Native class hierarchy populated in 0.0057 seconds. Added 2329 classes and 491 folders.
[2017.09.21-12.33.35:173][  0]LogContentBrowser: Native class hierarchy updated for 'WidgetCarousel' in 0.0003 seconds. Added 0 classes and 0 folders.
[2017.09.21-12.33.35:195][  0]LogContentBrowser: Native class hierarchy updated for 'AddContentDialog' in 0.0003 seconds. Added 0 classes and 0 folders.
[2017.09.21-12.33.35:221][  0]LogContentBrowser: Native class hierarchy updated for 'SceneOutliner' in 0.0004 seconds. Added 1 classes and 2 folders.
[2017.09.21-12.33.35:272][  0]LogCrashTracker: Crashtracker disabled due to settings.
[2017.09.21-12.33.35:276][  0]LogSlate: Took 0.000128 seconds to synchronously load lazily loaded font '../../../Engine/Content/Slate/Fonts/Roboto-Regular.ttf' (155K)
[2017.09.21-12.33.35:277][  0]LogSlate: Took 0.000101 seconds to synchronously load lazily loaded font '../../../Engine/Content/Slate/Fonts/Roboto-Bold.ttf' (160K)
[2017.09.21-12.33.35:280][  0]LogSlate: Took 0.000110 seconds to synchronously load lazily loaded font '../../../Engine/Content/Editor/Slate/Fonts/FontAwesome.ttf' (139K)
[2017.09.21-12.33.35:341][  0]LogRenderer: Reallocating scene render targets to support 1276x604 NumSamples 1 (Frame:1).
[2017.09.21-12.33.35:370][  0]LogSlate: Took 0.000083 seconds to synchronously load lazily loaded font '../../../Engine/Content/Slate/Fonts/Roboto-Light.ttf' (159K)
[2017.09.21-12.33.35:416][  0]LogUObjectGlobals:Warning: Failed to find object 'Class None.'
[2017.09.21-12.33.35:464][  0]LogContentBrowser: Native class hierarchy updated for 'HierarchicalLODOutliner' in 0.0004 seconds. Added 1 classes and 2 folders.
[2017.09.21-12.33.35:465][  0]LogLoad: (Engine Initialization) Total time: 11.77 seconds
[2017.09.21-12.33.35:465][  0]LogLoad: (Engine Initialization) Total Blueprint compile time: 0.09 seconds
[2017.09.21-12.33.35:465][  0]LogExternalProfiler: Found external profiler: VSPerf
[2017.09.21-12.33.35:465][  0]LogExternalProfiler: Using external profiler: VSPerf
[2017.09.21-12.33.35:804][  0]LogOcInput: OculusInput pre-init called
[2017.09.21-12.33.35:804][  0]LogHMD: Starting GearVRController plugin
[2017.09.21-12.33.35:814][  0]LogAssetRegistry: Asset discovery search completed in 6.7505 seconds
[2017.09.21-12.33.35:815][  0]LogCollectionManager: Rebuilt the object cache for 0 collections in 0.000000 seconds (found 0 objects)
[2017.09.21-12.33.35:815][  0]LogCollectionManager: Fixed up redirectors for 0 collections in 0.000022 seconds (updated 0 objects)
[2017.09.21-12.33.35:872][  1]LogRenderer: Reallocating scene render targets to support 1276x624 NumSamples 1 (Frame:3).
[2017.09.21-12.33.36:807][  3]LogSlate: Took 0.000169 seconds to synchronously load lazily loaded font '../../../Engine/Content/Slate/Fonts/Roboto-Light.ttf' (159K)
[2017.09.21-12.33.45:802][ 30]LogEditorViewport: Clicking on Actor (LMB): Brush (Brush1)
[2017.09.21-12.33.48:430][336]LogSlate: Took 0.000087 seconds to synchronously load lazily loaded font '../../../Engine/Content/Slate/Fonts/Roboto-Light.ttf' (159K)
[2017.09.21-12.33.48:438][336]Cmd: OBJ SAVEPACKAGE PACKAGE="/Game/ScanReach" FILE="../../../../../../Users/Bendick/Documents/GitHub/SR_Prototype_V3/SR_Prototype_V3/Content/ScanReach.umap" SILENT=true AUTOSAVING=false KEEPDIRTY=false
[2017.09.21-12.33.48:535][336]LogSavePackage: Save=68.06ms
[2017.09.21-12.33.48:535][336]LogSavePackage: Moving '../../../../../../Users/Bendick/Documents/GitHub/SR_Prototype_V3/SR_Prototype_V3/Saved/ScanReach2CCF894C43F50D081BF1ACB6C24522AA.tmp' to '../../../../../../Users/Bendick/Documents/GitHub/SR_Prototype_V3/SR_Prototype_V3/Content/ScanReach.umap'
[2017.09.21-12.33.48:535][336]LogSavePackage:Display: Finished SavePackage ../../../../../../Users/Bendick/Documents/GitHub/SR_Prototype_V3/SR_Prototype_V3/Content/ScanReach.umap
[2017.09.21-12.33.48:558][336]Cmd: OBJ SAVEPACKAGE PACKAGE="/Game/ScanReach_BuiltData" FILE="../../../../../../Users/Bendick/Documents/GitHub/SR_Prototype_V3/SR_Prototype_V3/Content/ScanReach_BuiltData.uasset" SILENT=true
[2017.09.21-12.33.48:577][336]LogSavePackage: Save=11.19ms
[2017.09.21-12.33.48:577][336]LogSavePackage: Moving '../../../../../../Users/Bendick/Documents/GitHub/SR_Prototype_V3/SR_Prototype_V3/Saved/ScanReach_BuiltDataCF5309724F06685F1409798D45926EBD.tmp' to '../../../../../../Users/Bendick/Documents/GitHub/SR_Prototype_V3/SR_Prototype_V3/Content/ScanReach_BuiltData.uasset'
[2017.09.21-12.33.48:578][336]LogSavePackage:Display: Finished SavePackage ../../../../../../Users/Bendick/Documents/GitHub/SR_Prototype_V3/SR_Prototype_V3/Content/ScanReach_BuiltData.uasset
[2017.09.21-12.33.49:498][443]LogTemp: Repeting last play command: Selected Viewport
[2017.09.21-12.33.49:518][443]LogBlueprintUserMessages: Early PlayInEditor Detection: Level '/Game/ScanReach.ScanReach:PersistentLevel' has LevelScriptBlueprint '/Game/ScanReach.ScanReach:PersistentLevel.ScanReach' with GeneratedClass '/Game/ScanReach.ScanReach_C' with ClassGeneratedBy '/Game/ScanReach.ScanReach:PersistentLevel.ScanReach'
[2017.09.21-12.33.49:518][443]LogPlayLevel: PlayLevel: No blueprints needed recompiling
[2017.09.21-12.33.49:519][443]PIE: New page: PIE session: ScanReach (21 Sep 2017 16:33:49)
[2017.09.21-12.33.49:519][443]LogPlayLevel: Creating play world package: /Game/UEDPIE_0_ScanReach
[2017.09.21-12.33.49:520][443]LogPlayLevel: PIE: StaticDuplicateObject took: (0.001623s)
[2017.09.21-12.33.49:521][443]LogAIModule: Creating AISystem for world ScanReach
[2017.09.21-12.33.49:521][443]LogPlayLevel: PIE: World Init took: (0.000458s)
[2017.09.21-12.33.49:521][443]LogPlayLevel: PIE: Created PIE world by copying editor world from /Game/ScanReach.ScanReach to /Game/UEDPIE_0_ScanReach.ScanReach (0.002198s)
[2017.09.21-12.33.49:531][443]LogInit: XAudio2 using 'Speakers (2- Logitech G933 Gaming Headset)' : 6 channels at 48 kHz using 16 bits per sample (channel mask 0x3f)
[2017.09.21-12.33.49:540][443]LogInit: FAudioDevice initialized.
[2017.09.21-12.33.49:579][443]LogLoad: Game class is 'ScanReach_GM_C'
[2017.09.21-12.33.49:580][443]LogWorld: Bringing World /Game/UEDPIE_0_ScanReach.ScanReach up for play (max tick rate 0) at 2017.09.21-14.33.49
[2017.09.21-12.33.49:581][443]LogWorld: Bringing up level for play took: 0.000859
[2017.09.21-12.33.49:607][443]LogContentBrowser: Native class hierarchy updated for 'MovieSceneCapture' in 0.0004 seconds. Added 11 classes and 0 folders.
[2017.09.21-12.33.49:608][443]PIE: Info Play in editor start time for /Game/UEDPIE_0_ScanReach -0.474
[2017.09.21-12.33.49:609][443]LogBlueprintUserMessages: Late PlayInEditor Detection: Level '/Game/ScanReach.ScanReach:PersistentLevel' has LevelScriptBlueprint '/Game/ScanReach.ScanReach:PersistentLevel.ScanReach' with GeneratedClass '/Game/ScanReach.ScanReach_C' with ClassGeneratedBy '/Game/ScanReach.ScanReach:PersistentLevel.ScanReach'
[2017.09.21-12.33.49:626][444]LogRenderer: Reallocating scene render targets to support 1280x624 NumSamples 1 (Frame:1).
[2017.09.21-12.33.51:426][659]LogBlueprintUserMessages: Early EndPlayMap Detection: Level '/Game/ScanReach.ScanReach:PersistentLevel' has LevelScriptBlueprint '/Game/ScanReach.ScanReach:PersistentLevel.ScanReach' with GeneratedClass '/Game/ScanReach.ScanReach_C' with ClassGeneratedBy '/Game/ScanReach.ScanReach:PersistentLevel.ScanReach'
[2017.09.21-12.33.51:458][659]LogBlueprintUserMessages: Late EndPlayMap Detection: Level '/Game/ScanReach.ScanReach:PersistentLevel' has LevelScriptBlueprint '/Game/ScanReach.ScanReach:PersistentLevel.ScanReach' with GeneratedClass '/Game/ScanReach.ScanReach_C' with ClassGeneratedBy '/Game/ScanReach.ScanReach:PersistentLevel.ScanReach'
[2017.09.21-12.33.51:947][716]LogTemp: Repeting last play command: Selected Viewport
[2017.09.21-12.33.51:957][716]LogBlueprintUserMessages: Early PlayInEditor Detection: Level '/Game/ScanReach.ScanReach:PersistentLevel' has LevelScriptBlueprint '/Game/ScanReach.ScanReach:PersistentLevel.ScanReach' with GeneratedClass '/Game/ScanReach.ScanReach_C' with ClassGeneratedBy '/Game/ScanReach.ScanReach:PersistentLevel.ScanReach'
[2017.09.21-12.33.51:957][716]LogPlayLevel: PlayLevel: No blueprints needed recompiling
[2017.09.21-12.33.51:957][716]PIE: New page: PIE session: ScanReach (21 Sep 2017 16:33:51)
[2017.09.21-12.33.51:958][716]LogPlayLevel: Creating play world package: /Game/UEDPIE_0_ScanReach
[2017.09.21-12.33.51:959][716]LogPlayLevel: PIE: StaticDuplicateObject took: (0.001852s)
[2017.09.21-12.33.51:960][716]LogAIModule: Creating AISystem for world ScanReach
[2017.09.21-12.33.51:960][716]LogPlayLevel: PIE: World Init took: (0.000409s)
[2017.09.21-12.33.51:960][716]LogPlayLevel: PIE: Created PIE world by copying editor world from /Game/ScanReach.ScanReach to /Game/UEDPIE_0_ScanReach.ScanReach (0.002373s)
[2017.09.21-12.33.51:968][716]LogInit: XAudio2 using 'Speakers (2- Logitech G933 Gaming Headset)' : 6 channels at 48 kHz using 16 bits per sample (channel mask 0x3f)
[2017.09.21-12.33.51:978][716]LogInit: FAudioDevice initialized.
[2017.09.21-12.33.52:010][716]LogLoad: Game class is 'ScanReach_GM_C'
[2017.09.21-12.33.52:011][716]LogWorld: Bringing World /Game/UEDPIE_0_ScanReach.ScanReach up for play (max tick rate 0) at 2017.09.21-14.33.52
[2017.09.21-12.33.52:011][716]LogWorld: Bringing up level for play took: 0.000821
[2017.09.21-12.33.52:013][716]PIE: Info Play in editor start time for /Game/UEDPIE_0_ScanReach -0.07
[2017.09.21-12.33.52:013][716]LogBlueprintUserMessages: Late PlayInEditor Detection: Level '/Game/ScanReach.ScanReach:PersistentLevel' has LevelScriptBlueprint '/Game/ScanReach.ScanReach:PersistentLevel.ScanReach' with GeneratedClass '/Game/ScanReach.ScanReach_C' with ClassGeneratedBy '/Game/ScanReach.ScanReach:PersistentLevel.ScanReach'
[2017.09.21-12.34.12:132][ 38]LogBlueprintUserMessages: Early EndPlayMap Detection: Level '/Game/ScanReach.ScanReach:PersistentLevel' has LevelScriptBlueprint '/Game/ScanReach.ScanReach:PersistentLevel.ScanReach' with GeneratedClass '/Game/ScanReach.ScanReach_C' with ClassGeneratedBy '/Game/ScanReach.ScanReach:PersistentLevel.ScanReach'
[2017.09.21-12.34.12:168][ 38]LogBlueprintUserMessages: Late EndPlayMap Detection: Level '/Game/ScanReach.ScanReach:PersistentLevel' has LevelScriptBlueprint '/Game/ScanReach.ScanReach:PersistentLevel.ScanReach' with GeneratedClass '/Game/ScanReach.ScanReach_C' with ClassGeneratedBy '/Game/ScanReach.ScanReach:PersistentLevel.ScanReach'
[2017.09.21-12.34.23:142][352]LogTemp: Repeting last play command: Selected Viewport
[2017.09.21-12.34.23:153][352]LogBlueprintUserMessages: Early PlayInEditor Detection: Level '/Game/ScanReach.ScanReach:PersistentLevel' has LevelScriptBlueprint '/Game/ScanReach.ScanReach:PersistentLevel.ScanReach' with GeneratedClass '/Game/ScanReach.ScanReach_C' with ClassGeneratedBy '/Game/ScanReach.ScanReach:PersistentLevel.ScanReach'
[2017.09.21-12.34.23:153][352]LogPlayLevel: PlayLevel: No blueprints needed recompiling
[2017.09.21-12.34.23:153][352]PIE: New page: PIE session: ScanReach (21 Sep 2017 16:34:23)
[2017.09.21-12.34.23:153][352]LogPlayLevel: Creating play world package: /Game/UEDPIE_0_ScanReach
[2017.09.21-12.34.23:155][352]LogPlayLevel: PIE: StaticDuplicateObject took: (0.001671s)
[2017.09.21-12.34.23:155][352]LogAIModule: Creating AISystem for world ScanReach
[2017.09.21-12.34.23:155][352]LogPlayLevel: PIE: World Init took: (0.000675s)
[2017.09.21-12.34.23:155][352]LogPlayLevel: PIE: Created PIE world by copying editor world from /Game/ScanReach.ScanReach to /Game/UEDPIE_0_ScanReach.ScanReach (0.002484s)
[2017.09.21-12.34.23:163][352]LogInit: XAudio2 using 'Speakers (2- Logitech G933 Gaming Headset)' : 6 channels at 48 kHz using 16 bits per sample (channel mask 0x3f)
[2017.09.21-12.34.23:172][352]LogInit: FAudioDevice initialized.
[2017.09.21-12.34.23:203][352]LogLoad: Game class is 'ScanReach_GM_C'
[2017.09.21-12.34.23:204][352]LogWorld: Bringing World /Game/UEDPIE_0_ScanReach.ScanReach up for play (max tick rate 0) at 2017.09.21-14.34.23
[2017.09.21-12.34.23:204][352]LogWorld: Bringing up level for play took: 0.000781
[2017.09.21-12.34.23:206][352]PIE: Info Play in editor start time for /Game/UEDPIE_0_ScanReach -0.877
[2017.09.21-12.34.23:206][352]LogBlueprintUserMessages: Late PlayInEditor Detection: Level '/Game/ScanReach.ScanReach:PersistentLevel' has LevelScriptBlueprint '/Game/ScanReach.ScanReach:PersistentLevel.ScanReach' with GeneratedClass '/Game/ScanReach.ScanReach_C' with ClassGeneratedBy '/Game/ScanReach.ScanReach:PersistentLevel.ScanReach'
[2017.09.21-12.34.34:833][747]LogBlueprintUserMessages: Early EndPlayMap Detection: Level '/Game/ScanReach.ScanReach:PersistentLevel' has LevelScriptBlueprint '/Game/ScanReach.ScanReach:PersistentLevel.ScanReach' with GeneratedClass '/Game/ScanReach.ScanReach_C' with ClassGeneratedBy '/Game/ScanReach.ScanReach:PersistentLevel.ScanReach'
[2017.09.21-12.34.34:864][747]LogBlueprintUserMessages: Late EndPlayMap Detection: Level '/Game/ScanReach.ScanReach:PersistentLevel' has LevelScriptBlueprint '/Game/ScanReach.ScanReach:PersistentLevel.ScanReach' with GeneratedClass '/Game/ScanReach.ScanReach_C' with ClassGeneratedBy '/Game/ScanReach.ScanReach:PersistentLevel.ScanReach'
[2017.09.21-12.34.46:546][112]LogContentBrowser: Native class hierarchy updated for 'BlueprintGraph' in 0.0006 seconds. Added 112 classes and 0 folders.
[2017.09.21-12.34.46:947][112]LogSlate: Took 0.000100 seconds to synchronously load lazily loaded font '../../../Engine/Content/Editor/Slate/Fonts/Roboto-BoldCondensed.ttf' (158K)
[2017.09.21-12.34.51:189][480]LogSavePackage: Save=15.41ms
[2017.09.21-12.34.51:189][480]LogSavePackage: Moving '../../../../../../Users/Bendick/Documents/GitHub/SR_Prototype_V3/SR_Prototype_V3/Saved/w_DeckButton386A5CB5456E70D3A464FAAC08574C2F.tmp' to '../../../../../../Users/Bendick/Documents/GitHub/SR_Prototype_V3/SR_Prototype_V3/Content/Blueprints/Widgets/w_DeckButton.uasset'
[2017.09.21-12.34.51:190][480]LogSavePackage:Display: Finished SavePackage ../../../../../../Users/Bendick/Documents/GitHub/SR_Prototype_V3/SR_Prototype_V3/Content/Blueprints/Widgets/w_DeckButton.uasset
[2017.09.21-12.34.51:959][548]BlueprintLog: New page: Compile w_DeckButton
[2017.09.21-12.34.52:040][548]BlueprintEditorCompileResults: Info Fast Template Successfully Created.
[2017.09.21-12.34.52:331][571]LogSavePackage: Save=14.94ms
[2017.09.21-12.34.52:331][571]LogSavePackage: Moving '../../../../../../Users/Bendick/Documents/GitHub/SR_Prototype_V3/SR_Prototype_V3/Saved/w_DeckButtonA47765414534C26F6AE57EB2DDF14956.tmp' to '../../../../../../Users/Bendick/Documents/GitHub/SR_Prototype_V3/SR_Prototype_V3/Content/Blueprints/Widgets/w_DeckButton.uasset'
[2017.09.21-12.34.52:332][571]LogSavePackage:Display: Finished SavePackage ../../../../../../Users/Bendick/Documents/GitHub/SR_Prototype_V3/SR_Prototype_V3/Content/Blueprints/Widgets/w_DeckButton.uasset
[2017.09.21-12.35.05:723][  2]LogSlate: Took 0.000131 seconds to synchronously load lazily loaded font '../../../Engine/Content/Editor/Slate/Fonts/Roboto-BoldCondensedItalic.ttf' (160K)
[2017.09.21-12.35.35:211][495]LogSavePackage: Save=14.24ms
[2017.09.21-12.35.35:211][495]LogSavePackage: Moving '../../../../../../Users/Bendick/Documents/GitHub/SR_Prototype_V3/SR_Prototype_V3/Saved/w_DeckButton8FEDC3A14CA0412CB4013FAB976A8227.tmp' to '../../../../../../Users/Bendick/Documents/GitHub/SR_Prototype_V3/SR_Prototype_V3/Content/Blueprints/Widgets/w_DeckButton.uasset'
[2017.09.21-12.35.35:212][495]LogSavePackage:Display: Finished SavePackage ../../../../../../Users/Bendick/Documents/GitHub/SR_Prototype_V3/SR_Prototype_V3/Content/Blueprints/Widgets/w_DeckButton.uasset
[2017.09.21-12.35.35:645][546]BlueprintLog: New page: Compile w_DeckButton
[2017.09.21-12.35.35:704][546]BlueprintEditorCompileResults: Info Fast Template Successfully Created.
[2017.09.21-12.35.50:254][258]BlueprintLog: New page: Compile w_DeckButton
[2017.09.21-12.35.50:313][258]BlueprintEditorCompileResults: Info Fast Template Successfully Created.
[2017.09.21-12.35.50:824][314]LogSavePackage: Save=15.82ms
[2017.09.21-12.35.50:824][314]LogSavePackage: Moving '../../../../../../Users/Bendick/Documents/GitHub/SR_Prototype_V3/SR_Prototype_V3/Saved/w_DeckButtonB0EACCAE4FC75A37F8BE0BA251676049.tmp' to '../../../../../../Users/Bendick/Documents/GitHub/SR_Prototype_V3/SR_Prototype_V3/Content/Blueprints/Widgets/w_DeckButton.uasset'
[2017.09.21-12.35.50:826][314]LogSavePackage:Display: Finished SavePackage ../../../../../../Users/Bendick/Documents/GitHub/SR_Prototype_V3/SR_Prototype_V3/Content/Blueprints/Widgets/w_DeckButton.uasset
[2017.09.21-12.36.05:557][ 56]BlueprintLog: New page: Compile w_DeckButton
[2017.09.21-12.36.05:617][ 56]BlueprintEditorCompileResults: Info Fast Template Successfully Created.
[2017.09.21-12.36.06:087][107]LogSavePackage: Save=15.84ms
[2017.09.21-12.36.06:087][107]LogSavePackage: Moving '../../../../../../Users/Bendick/Documents/GitHub/SR_Prototype_V3/SR_Prototype_V3/Saved/w_DeckButtonB967E572477BCE95BE6DAE936C9AEC21.tmp' to '../../../../../../Users/Bendick/Documents/GitHub/SR_Prototype_V3/SR_Prototype_V3/Content/Blueprints/Widgets/w_DeckButton.uasset'
[2017.09.21-12.36.06:089][107]LogSavePackage:Display: Finished SavePackage ../../../../../../Users/Bendick/Documents/GitHub/SR_Prototype_V3/SR_Prototype_V3/Content/Blueprints/Widgets/w_DeckButton.uasset
[2017.09.21-12.36.06:753][181]LogSavePackage: Save=14.29ms
[2017.09.21-12.36.06:753][181]LogSavePackage: Moving '../../../../../../Users/Bendick/Documents/GitHub/SR_Prototype_V3/SR_Prototype_V3/Saved/w_DeckButton3C3E167B4043FF4FCEAD2893056027CA.tmp' to '../../../../../../Users/Bendick/Documents/GitHub/SR_Prototype_V3/SR_Prototype_V3/Content/Blueprints/Widgets/w_DeckButton.uasset'
[2017.09.21-12.36.06:753][181]LogSavePackage:Display: Finished SavePackage ../../../../../../Users/Bendick/Documents/GitHub/SR_Prototype_V3/SR_Prototype_V3/Content/Blueprints/Widgets/w_DeckButton.uasset
[2017.09.21-12.36.21:996][969]LogTemp: Repeting last play command: Selected Viewport
[2017.09.21-12.36.22:018][969]LogBlueprintUserMessages: Early PlayInEditor Detection: Level '/Game/ScanReach.ScanReach:PersistentLevel' has LevelScriptBlueprint '/Game/ScanReach.ScanReach:PersistentLevel.ScanReach' with GeneratedClass '/Game/ScanReach.ScanReach_C' with ClassGeneratedBy '/Game/ScanReach.ScanReach:PersistentLevel.ScanReach'
[2017.09.21-12.36.22:018][969]LogPlayLevel: PlayLevel: No blueprints needed recompiling
[2017.09.21-12.36.22:018][969]PIE: New page: PIE session: ScanReach (21 Sep 2017 16:36:22)
[2017.09.21-12.36.22:018][969]LogPlayLevel: Creating play world package: /Game/UEDPIE_0_ScanReach
[2017.09.21-12.36.22:020][969]LogPlayLevel: PIE: StaticDuplicateObject took: (0.002086s)
[2017.09.21-12.36.22:021][969]LogAIModule: Creating AISystem for world ScanReach
[2017.09.21-12.36.22:021][969]LogPlayLevel: PIE: World Init took: (0.000700s)
[2017.09.21-12.36.22:021][969]LogPlayLevel: PIE: Created PIE world by copying editor world from /Game/ScanReach.ScanReach to /Game/UEDPIE_0_ScanReach.ScanReach (0.002924s)
[2017.09.21-12.36.22:034][969]LogInit: XAudio2 using 'Speakers (2- Logitech G933 Gaming Headset)' : 6 channels at 48 kHz using 16 bits per sample (channel mask 0x3f)
[2017.09.21-12.36.22:044][969]LogInit: FAudioDevice initialized.
[2017.09.21-12.36.22:070][969]LogLoad: Game class is 'ScanReach_GM_C'
[2017.09.21-12.36.22:071][969]LogWorld: Bringing World /Game/UEDPIE_0_ScanReach.ScanReach up for play (max tick rate 0) at 2017.09.21-14.36.22
[2017.09.21-12.36.22:072][969]LogWorld: Bringing up level for play took: 0.000813
[2017.09.21-12.36.22:073][969]PIE: Info Play in editor start time for /Game/UEDPIE_0_ScanReach -0.01
[2017.09.21-12.36.22:073][969]LogBlueprintUserMessages: Late PlayInEditor Detection: Level '/Game/ScanReach.ScanReach:PersistentLevel' has LevelScriptBlueprint '/Game/ScanReach.ScanReach:PersistentLevel.ScanReach' with GeneratedClass '/Game/ScanReach.ScanReach_C' with ClassGeneratedBy '/Game/ScanReach.ScanReach:PersistentLevel.ScanReach'
[2017.09.21-12.36.30:720][999]LogBlueprintUserMessages: Early EndPlayMap Detection: Level '/Game/ScanReach.ScanReach:PersistentLevel' has LevelScriptBlueprint '/Game/ScanReach.ScanReach:PersistentLevel.ScanReach' with GeneratedClass '/Game/ScanReach.ScanReach_C' with ClassGeneratedBy '/Game/ScanReach.ScanReach:PersistentLevel.ScanReach'
[2017.09.21-12.36.30:754][999]LogBlueprintUserMessages: Late EndPlayMap Detection: Level '/Game/ScanReach.ScanReach:PersistentLevel' has LevelScriptBlueprint '/Game/ScanReach.ScanReach:PersistentLevel.ScanReach' with GeneratedClass '/Game/ScanReach.ScanReach_C' with ClassGeneratedBy '/Game/ScanReach.ScanReach:PersistentLevel.ScanReach'
[2017.09.21-12.36.32:826][240]LogSavePackage: Save=14.20ms
[2017.09.21-12.36.32:826][240]LogSavePackage: Moving '../../../../../../Users/Bendick/Documents/GitHub/SR_Prototype_V3/SR_Prototype_V3/Saved/w_DeckButton177A591A4B5F53AAB5118CB3BF7B7DCC.tmp' to '../../../../../../Users/Bendick/Documents/GitHub/SR_Prototype_V3/SR_Prototype_V3/Content/Blueprints/Widgets/w_DeckButton.uasset'
[2017.09.21-12.36.32:826][240]LogSavePackage:Display: Finished SavePackage ../../../../../../Users/Bendick/Documents/GitHub/SR_Prototype_V3/SR_Prototype_V3/Content/Blueprints/Widgets/w_DeckButton.uasset
