Log file open, 12/11/17 14:36:55
LogInit:Display: Running engine for game: SR_Prototype_V3
LogPlatformFile: Not using cached read wrapper
LogInit:Display: RandInit(1196999672) SRandInit(1196999672).
LogTaskGraph: Started task graph with 5 named threads and 8 total threads with 1 sets of task threads.
LogStats: Stats thread started at 0.073130
LogInit: Using libcurl 7.47.1
LogInit:  - built for x86_64-pc-win32
LogInit:  - supports SSL with OpenSSL/1.0.2g
LogInit:  - supports HTTP deflate (compression) using libz 1.2.8
LogInit:  - other features:
LogInit:      CURL_VERSION_SSL
LogInit:      CURL_VERSION_LIBZ
LogInit:      CURL_VERSION_IPV6
LogInit:      CURL_VERSION_ASYNCHDNS
LogInit:      CURL_VERSION_LARGEFILE
LogInit:      CURL_VERSION_IDN
LogInit:  CurlRequestOptions (configurable via config and command line):
LogInit:  - bVerifyPeer = false  - Libcurl will NOT verify peer certificate
LogInit:  - bUseHttpProxy = false  - Libcurl will NOT use HTTP proxy
LogInit:  - bDontReuseConnections = false  - Libcurl will reuse connections
LogInit:  - CertBundlePath = nullptr  - Libcurl will use whatever was configured at build time.
LogInit: Build: ++UE4+Release-4.16-CL-3561208
LogInit: Engine Version: 4.16.3-3561208+++UE4+Release-4.16
LogInit: Compatible Engine Version: 4.16.0-3452394+++UE4+Release-4.16
LogInit: Net CL: 3452394
LogDevObjectVersion: Number of dev versions registered: 16
LogDevObjectVersion:   Dev-Blueprints (B0D832E4-1F89-4F0D-ACCF-7EB736FD4AA2): 9
LogDevObjectVersion:   Dev-Build (E1C64328-A22C-4D53-A36C-8E866417BD8C): 0
LogDevObjectVersion:   Dev-Core (375EC13C-06E4-48FB-B500-84F0262A717E): 2
LogDevObjectVersion:   Dev-Editor (E4B068ED-F494-42E9-A231-DA0B2E46BB41): 17
LogDevObjectVersion:   Dev-Framework (CFFC743F-43B0-4480-9391-14DF171D2073): 23
LogDevObjectVersion:   Dev-Mobile (B02B49B5-BB20-44E9-A304-32B752E40360): 0
LogDevObjectVersion:   Dev-Networking (A4E4105C-59A1-49B5-A7C5-40C4547EDFEE): 0
LogDevObjectVersion:   Dev-Online (39C831C9-5AE6-47DC-9A44-9C173E1C8E7C): 0
LogDevObjectVersion:   Dev-Physics (78F01B33-EBEA-4F98-B9B4-84EACCB95AA2): 0
LogDevObjectVersion:   Dev-Platform (6631380F-2D4D-43E0-8009-CF276956A95A): 0
LogDevObjectVersion:   Dev-Rendering (12F88B9F-8875-4AFC-A67C-D90C383ABD29): 15
LogDevObjectVersion:   Dev-Sequencer (7B5AE74C-D270-4C10-A958-57980B212A5A): 4
LogDevObjectVersion:   Dev-VR (D7296918-1DD6-4BDD-9DE2-64A83CC13884): 0
LogDevObjectVersion:   Dev-LoadTimes (C2A15278-BFE7-4AFE-6C17-90FF531DF755): 1
LogDevObjectVersion:   Private-Geometry (6EACA3D4-40EC-4CC1-B786-8BED09428FC5): 1
LogDevObjectVersion:   Dev-AnimPhys (29E575DD-E0A3-4627-9D10-D276232CDCEA): 3
LogInit: Compiled (64-bit): Jul 28 2017 11:49:47
LogInit: Compiled with Visual C++: 19.00.24215.01
LogInit: Build Configuration: Development
LogInit: Branch Name: ++UE4+Release-4.16
LogInit: Command line:  
LogInit: Base directory: C:/Program Files/Epic Games/UE_4.16/Engine/Binaries/Win64/
LogInit: Installed Engine Build: 1
LogInit: Presizing for max 8388607 objects, including 0 objects not considered by GC, pre-allocating 0 bytes for permanent pool.
LogInit: Object subsystem initialized
[2017.12.11-13.36.55:620][  0]LogInit: Selected Device Profile: [Windows]
[2017.12.11-13.36.55:620][  0]LogInit: Applying CVar settings loaded from the selected device profile: [Windows]
[2017.12.11-13.36.55:628][  0]LogInit: Computer: WINDOWS-EUOFFC3
[2017.12.11-13.36.55:628][  0]LogInit: User: Bendick
[2017.12.11-13.36.55:628][  0]LogInit: CPU Page size=4096, Cores=4
[2017.12.11-13.36.55:628][  0]LogInit: High frequency timer resolution =3.914064 MHz
[2017.12.11-13.36.55:628][  0]LogMemory: Memory total: Physical=15.9GB (16GB approx)
[2017.12.11-13.36.55:628][  0]LogMemory: Platform Memory Stats for Windows
[2017.12.11-13.36.55:628][  0]LogMemory: Process Physical Memory: 274.73 MB used, 274.73 MB peak
[2017.12.11-13.36.55:628][  0]LogMemory: Process Virtual Memory: 267.11 MB used, 267.11 MB peak
[2017.12.11-13.36.55:628][  0]LogMemory: Physical Memory: 6427.09 MB used,  9895.89 MB free, 16322.98 MB total
[2017.12.11-13.36.55:628][  0]LogMemory: Virtual Memory: 678.06 MB used,  9895.89 MB free, 134217728.00 MB total
[2017.12.11-13.36.55:676][  0]LogInit: Using OS detected language (en-US).
[2017.12.11-13.36.55:676][  0]LogInit: Using OS detected locale (en-GB).
[2017.12.11-13.36.55:677][  0]LogTextLocalizationManager: No specific localization for 'en-US' exists, so the 'en' localization will be used.
[2017.12.11-13.36.56:277][  0]LogD3D11RHI: D3D11 adapters:
[2017.12.11-13.36.56:303][  0]LogD3D11RHI:    0. 'NVIDIA GeForce GTX 1070' (Feature Level 11_0)
[2017.12.11-13.36.56:303][  0]LogD3D11RHI:       8096/0/8161 MB DedicatedVideo/DedicatedSystem/SharedSystem, Outputs:2, VendorId:0x10de
[2017.12.11-13.36.56:305][  0]LogD3D11RHI:    1. 'Microsoft Basic Render Driver' (Feature Level 11_0)
[2017.12.11-13.36.56:305][  0]LogD3D11RHI:       0/0/8161 MB DedicatedVideo/DedicatedSystem/SharedSystem, Outputs:0, VendorId:0x1414
[2017.12.11-13.36.56:305][  0]LogD3D11RHI: Chosen D3D11 Adapter: 0
[2017.12.11-13.36.56:308][  0]LogD3D11RHI: Creating new Direct3DDevice
[2017.12.11-13.36.56:308][  0]LogD3D11RHI:     GPU DeviceId: 0x1b81 (for the marketing name, search the web for "GPU Device Id")
[2017.12.11-13.36.56:308][  0]LogWindows: EnumDisplayDevices:
[2017.12.11-13.36.56:309][  0]LogWindows:    0. 'NVIDIA GeForce GTX 1070' (P:1 D:1)
[2017.12.11-13.36.56:309][  0]LogWindows:    1. 'NVIDIA GeForce GTX 1070' (P:0 D:1)
[2017.12.11-13.36.56:309][  0]LogWindows:    2. 'NVIDIA GeForce GTX 1070' (P:0 D:0)
[2017.12.11-13.36.56:309][  0]LogWindows:    3. 'NVIDIA GeForce GTX 1070' (P:0 D:0)
[2017.12.11-13.36.56:309][  0]LogWindows: DebugString: GetVideoDriverDetailsInvalid PrimaryIsNotTheChoosenAdapter GetVideoDriverDetailsInvalid PrimaryIsNotTheChoosenAdapter GetVideoDriverDetailsInvalid PrimaryIsNotTheChoosenAdapter GetVideoDriverDetailsInvalid PrimaryIsNotTheChoosenAdapter FoundDriverCount:0 
[2017.12.11-13.36.56:309][  0]LogD3D11RHI:     Adapter Name: NVIDIA GeForce GTX 1070
[2017.12.11-13.36.56:309][  0]LogD3D11RHI:   Driver Version: Unknown (internal:Unknown, unified:Unknown)
[2017.12.11-13.36.56:309][  0]LogD3D11RHI:      Driver Date: Unknown
[2017.12.11-13.36.56:309][  0]LogRHI: Texture pool is 1361 MB (70% of 1945 MB)
[2017.12.11-13.36.56:327][  0]LogD3D11RHI: Async texture creation enabled
[2017.12.11-13.36.56:411][  0]LogD3D11RHI: GPU Timing Frequency: 1000.000000 (Debug: 2 2)
[2017.12.11-13.36.56:501][  0]LogShaderCompilers: Guid format shader working directory is -32 characters bigger than the processId version (../../../../../../Users/Bendick/Documents/GitHub/SR_Prototype_V3/SR_Prototype_V3/Intermediate/Shaders/WorkingDirectory/7052/).
[2017.12.11-13.36.56:502][  0]LogShaderCompilers: Cleaned the shader compiler working directory 'C:/Users/Bendick/AppData/Local/Temp/UnrealShaderWorkingDir/BC683CD0488ED32C5EA800AA086C362D/'.
[2017.12.11-13.36.56:502][  0]LogShaderCompilers:Display: Using Local Shader Compiler.
[2017.12.11-13.36.57:161][  0]LogTemp:Display: Loaded TP AllDesktopTargetPlatform
[2017.12.11-13.36.57:195][  0]LogTemp:Display: Loaded TP MacClientTargetPlatform
[2017.12.11-13.36.57:228][  0]LogTemp:Display: Loaded TP MacNoEditorTargetPlatform
[2017.12.11-13.36.57:262][  0]LogTemp:Display: Loaded TP MacServerTargetPlatform
[2017.12.11-13.36.57:295][  0]LogTemp:Display: Loaded TP MacTargetPlatform
[2017.12.11-13.36.57:329][  0]LogTemp:Display: Loaded TP WindowsClientTargetPlatform
[2017.12.11-13.36.57:363][  0]LogTemp:Display: Loaded TP WindowsNoEditorTargetPlatform
[2017.12.11-13.36.57:396][  0]LogTemp:Display: Loaded TP WindowsServerTargetPlatform
[2017.12.11-13.36.57:427][  0]LogTemp:Display: Loaded TP WindowsTargetPlatform
[2017.12.11-13.36.57:460][  0]LogTemp:Display: Loaded TP AndroidTargetPlatform
[2017.12.11-13.36.57:493][  0]LogTemp:Display: Loaded TP Android_ASTCTargetPlatform
[2017.12.11-13.36.57:525][  0]LogTemp:Display: Loaded TP Android_ATCTargetPlatform
[2017.12.11-13.36.57:558][  0]LogTemp:Display: Loaded TP Android_DXTTargetPlatform
[2017.12.11-13.36.57:590][  0]LogTemp:Display: Loaded TP Android_ETC1TargetPlatform
[2017.12.11-13.36.57:623][  0]LogTemp:Display: Loaded TP Android_ETC2TargetPlatform
[2017.12.11-13.36.57:688][  0]LogTemp:Display: Loaded TP Android_MultiTargetPlatform
[2017.12.11-13.36.57:688][  0]LogTemp:Display: Loaded TP Android_PVRTCTargetPlatform
[2017.12.11-13.36.57:714][  0]LogTemp:Display: Loaded TP HTML5TargetPlatform
[2017.12.11-13.36.57:782][  0]LogTemp:Display: Loaded TP IOSTargetPlatform
[2017.12.11-13.36.57:803][  0]LogTemp:Display: Loaded TP TVOSTargetPlatform
[2017.12.11-13.36.57:836][  0]LogTemp:Display: Loaded TP LinuxClientTargetPlatform
[2017.12.11-13.36.57:868][  0]LogTemp:Display: Loaded TP LinuxNoEditorTargetPlatform
[2017.12.11-13.36.57:901][  0]LogTemp:Display: Loaded TP LinuxServerTargetPlatform
[2017.12.11-13.36.57:935][  0]LogTemp:Display: Loaded TP LinuxTargetPlatform
[2017.12.11-13.36.57:935][  0]LogTargetPlatformManager:Display: Building Assets For Windows
[2017.12.11-13.36.58:262][  0]LogDerivedDataCache:Display: Max Cache Size: 512 MB
[2017.12.11-13.36.58:323][  0]LogDerivedDataCache: Loaded boot cache 0.06s 111MB C:/Users/Bendick/AppData/Local/UnrealEngine/4.16/DerivedDataCache/Boot.ddc.
[2017.12.11-13.36.58:323][  0]LogDerivedDataCache:Display: Loaded Boot cache: C:/Users/Bendick/AppData/Local/UnrealEngine/4.16/DerivedDataCache/Boot.ddc
[2017.12.11-13.36.58:323][  0]LogDerivedDataCache: FDerivedDataBackendGraph:  Pak pak cache file ../../../../../../Users/Bendick/Documents/GitHub/SR_Prototype_V3/SR_Prototype_V3/DerivedDataCache/DDC.ddp not found, will not use a pak cache.
[2017.12.11-13.36.58:323][  0]LogDerivedDataCache: Unable to find inner node Pak for hierarchical cache Hierarchy.
[2017.12.11-13.36.58:323][  0]LogDerivedDataCache: FDerivedDataBackendGraph:  CompressedPak pak cache file ../../../../../../Users/Bendick/Documents/GitHub/SR_Prototype_V3/SR_Prototype_V3/DerivedDataCache/Compressed.ddp not found, will not use a pak cache.
[2017.12.11-13.36.58:323][  0]LogDerivedDataCache: Unable to find inner node CompressedPak for hierarchical cache Hierarchy.
[2017.12.11-13.36.58:334][  0]LogDerivedDataCache:Display: Pak cache opened for reading ../../../Engine/DerivedDataCache/Compressed.ddp.
[2017.12.11-13.36.58:345][  0]LogDerivedDataCache: Using Local data cache path C:/Users/Bendick/AppData/Local/UnrealEngine/Common/DerivedDataCache: Writable
[2017.12.11-13.36.58:352][  0]LogMaterial: Verifying Global Shaders for PCD3D_SM5
[2017.12.11-13.36.58:352][  0]LogSlate: Using Freetype 2.6.0
[2017.12.11-13.36.58:352][  0]LogSlate: SlateFontCache - WITH_FREETYPE: 1, WITH_HARFBUZZ: 1
[2017.12.11-13.36.58:352][  0]LogSlate: SlateFontCache - WITH_FREETYPE: 1, WITH_HARFBUZZ: 1
[2017.12.11-13.36.58:555][  0]LogInit: Selected Device Profile: [Windows]
[2017.12.11-13.36.58:699][  0]LogMeshUtilities: Using QuadricMeshReduction for automatic static mesh reduction
[2017.12.11-13.36.58:729][  0]LogSimplygon: Simplygon DLL not present - disabling.
[2017.12.11-13.36.58:760][  0]LogMeshUtilities: Using SimplygonSwarm for distributed automatic mesh merging
[2017.12.11-13.36.58:760][  0]LogMeshUtilities: No automatic skeletal mesh reduction module available
[2017.12.11-13.36.58:760][  0]LogMeshUtilities: No automatic mesh merging module available
[2017.12.11-13.36.59:108][  0]LogNetVersion: SR_Prototype_V3 , NetCL: 3452394, EngineNetVer: 2, GameNetVer: 0 (Checksum: 2708348065)
[2017.12.11-13.36.59:156][  0]LogAssetRegistry: FAssetRegistry took 0.0239 seconds to start up
[2017.12.11-13.36.59:203][  0]LogPackageLocalizationCache: Processed 5 localized package path(s) for 2 prioritized culture(s) in 0.029977 seconds
[2017.12.11-13.36.59:206][  0]LogUObjectArray: 34194 objects as part of root set at end of initial load.
[2017.12.11-13.36.59:206][  0]LogUObjectAllocator: 7260416 out of 0 bytes used by permanent object pool.
[2017.12.11-13.36.59:206][  0]LogUObjectArray: CloseDisregardForGC: 0/0 objects in disregard for GC pool
[2017.12.11-13.36.59:249][  0]LogInit: WinSock: version 1.1 (2.2), MaxSocks=32767, MaxUdp=65467
[2017.12.11-13.37.00:800][  0]LogTcpMessaging: Initializing TcpMessaging bridge
[2017.12.11-13.37.00:829][  0]LogUdpMessaging: Initializing bridge on interface 0.0.0.0:0 to multicast group 230.0.0.1:6666.
[2017.12.11-13.37.01:200][  0]LogMaterial: Uniform references updated for custom material expression Custom.
[2017.12.11-13.37.01:456][  0]SourceControl: Info Source control is disabled
[2017.12.11-13.37.01:483][  0]SourceControl: Info Source control is disabled
[2017.12.11-13.37.01:515][  0]SourceControl: Info Source control is disabled
[2017.12.11-13.37.01:545][  0]SourceControl: Info Source control is disabled
[2017.12.11-13.37.01:982][  0]LogAndroidPermission: UAndroidPermissionCallbackProxy::GetInstance
[2017.12.11-13.37.02:399][  0]LogEngine: Initializing Engine...
[2017.12.11-13.37.02:399][  0]LogHMD: Failed to initialize OpenVR with code 110
[2017.12.11-13.37.02:520][  0]LogStats: UGameplayTagsManager::ConstructGameplayTagTree: Construct from data asset -  0.000 s
[2017.12.11-13.37.02:520][  0]LogStats: UGameplayTagsManager::ConstructGameplayTagTree: GameplayTagTreeChangedEvent.Broadcast -  0.000 s
[2017.12.11-13.37.02:605][  0]LogAIModule: Creating AISystem for world Untitled
[2017.12.11-13.37.02:609][  0]LogInit: XAudio2 using 'Speakers (Logitech G933 Gaming Headset)' : 6 channels at 48 kHz using 16 bits per sample (channel mask 0x3f)
[2017.12.11-13.37.02:622][  0]LogInit: FAudioDevice initialized.
[2017.12.11-13.37.02:656][  0]LogDerivedDataCache: Saved boot cache 0.03s 111MB C:/Users/Bendick/AppData/Local/UnrealEngine/4.16/DerivedDataCache/Boot.ddc.
[2017.12.11-13.37.02:666][  0]LogInit: Texture streaming: Disabled
[2017.12.11-13.37.02:732][  0]LogEngineSessionManager: EngineSessionManager initialized
[2017.12.11-13.37.02:875][  0]LogInit: Transaction tracking system initialized
[2017.12.11-13.37.03:081][  0]BlueprintLog: New page: Editor Load
[2017.12.11-13.37.03:697][  0]LocalizationService: Info Localization service is disabled
[2017.12.11-13.37.04:150][  0]LogConsoleResponse:Display: 
[2017.12.11-13.37.04:248][  0]LogCook:Display: Max memory allowance for cook 16384mb min free memory 0mb
[2017.12.11-13.37.04:248][  0]LogCook:Display: Mobile HDR setting 1
[2017.12.11-13.37.04:915][  0]LogFileCache: Scanning file cache for directory 'C:/Users/Bendick/Documents/GitHub/SR_Prototype_V3/SR_Prototype_V3/Content/' took 0.01s
[2017.12.11-13.37.04:915][  0]SourceControl: Info Source control is disabled
[2017.12.11-13.37.04:915][  0]Cmd: MAP LOAD FILE="../../../../../../Users/Bendick/Documents/GitHub/SR_Prototype_V3/SR_Prototype_V3/Content/ScanReach.umap" TEMPLATE=0 SHOWPROGRESS=1 FEATURELEVEL=3
[2017.12.11-13.37.04:915][  0]LightingResults: New page: Lighting Build
[2017.12.11-13.37.04:943][  0]MapCheck: New page: Map Check
[2017.12.11-13.37.04:943][  0]LightingResults: New page: Lighting Build
[2017.12.11-13.37.05:592][  0]LogAIModule: Creating AISystem for world ScanReach
[2017.12.11-13.37.05:612][  0]LogEditorServer: Finished looking for orphan Actors (0.000 secs)
[2017.12.11-13.37.05:625][  0]Cmd: MAP CHECKDEP NOCLEARLOG
[2017.12.11-13.37.05:660][  0]MapCheck: Info Map check complete: 0 Error(s), 0 Warning(s), took 35.409ms to complete.
[2017.12.11-13.37.05:660][  0]LogFileHelpers: Loading map 'ScanReach' took 0.745
[2017.12.11-13.37.05:724][  0]LogWindowsTextInputMethodSystem:Display: IME system now deactivated.
[2017.12.11-13.37.05:724][  0]LogWindowsTextInputMethodSystem:Display: IME system now deactivated.
[2017.12.11-13.37.05:776][  0]LogCollectionManager: Loaded 0 collections in 0.000911 seconds
[2017.12.11-13.37.05:843][  0]LogFileCache: Scanning file cache for directory 'C:/Users/Bendick/Documents/GitHub/SR_Prototype_V3/SR_Prototype_V3/Saved/Collections/' took 0.01s
[2017.12.11-13.37.05:843][  0]LogFileCache: Scanning file cache for directory 'C:/Users/Bendick/Documents/GitHub/SR_Prototype_V3/SR_Prototype_V3/Content/Developers/Bendick/Collections/' took 0.01s
[2017.12.11-13.37.05:843][  0]LogFileCache: Scanning file cache for directory 'C:/Users/Bendick/Documents/GitHub/SR_Prototype_V3/SR_Prototype_V3/Content/Collections/' took 0.01s
[2017.12.11-13.37.05:843][  0]LogCollectionManager: Rebuilt the GUID cache for 0 collections in 0.000001 seconds
[2017.12.11-13.37.05:850][  0]LogContentBrowser: Native class hierarchy populated in 0.0065 seconds. Added 2334 classes and 495 folders.
[2017.12.11-13.37.05:894][  0]LogContentBrowser: Native class hierarchy updated for 'WidgetCarousel' in 0.0008 seconds. Added 0 classes and 0 folders.
[2017.12.11-13.37.05:917][  0]LogContentBrowser: Native class hierarchy updated for 'AddContentDialog' in 0.0008 seconds. Added 0 classes and 0 folders.
[2017.12.11-13.37.05:945][  0]LogContentBrowser: Native class hierarchy updated for 'SceneOutliner' in 0.0008 seconds. Added 1 classes and 2 folders.
[2017.12.11-13.37.06:002][  0]LogCrashTracker: Crashtracker disabled due to settings.
[2017.12.11-13.37.06:005][  0]LogSlate: Took 0.000107 seconds to synchronously load lazily loaded font '../../../Engine/Content/Slate/Fonts/Roboto-Regular.ttf' (155K)
[2017.12.11-13.37.06:007][  0]LogSlate: Took 0.000132 seconds to synchronously load lazily loaded font '../../../Engine/Content/Slate/Fonts/Roboto-Bold.ttf' (160K)
[2017.12.11-13.37.06:011][  0]LogSlate: Took 0.000125 seconds to synchronously load lazily loaded font '../../../Engine/Content/Editor/Slate/Fonts/FontAwesome.ttf' (139K)
[2017.12.11-13.37.06:071][  0]LogRenderer: Reallocating scene render targets to support 1276x604 NumSamples 1 (Frame:1).
[2017.12.11-13.37.06:099][  0]LogSlate: Took 0.000086 seconds to synchronously load lazily loaded font '../../../Engine/Content/Slate/Fonts/Roboto-Light.ttf' (159K)
[2017.12.11-13.37.06:178][  0]LogUObjectGlobals:Warning: Failed to find object 'Class None.'
[2017.12.11-13.37.06:230][  0]LogContentBrowser: Native class hierarchy updated for 'HierarchicalLODOutliner' in 0.0008 seconds. Added 1 classes and 2 folders.
[2017.12.11-13.37.06:230][  0]LogLoad: (Engine Initialization) Total time: 11.73 seconds
[2017.12.11-13.37.06:230][  0]LogLoad: (Engine Initialization) Total Blueprint compile time: 0.24 seconds
[2017.12.11-13.37.06:230][  0]LogExternalProfiler: Found external profiler: VSPerf
[2017.12.11-13.37.06:230][  0]LogExternalProfiler: Using external profiler: VSPerf
[2017.12.11-13.37.06:240][  0]LogOcInput: OculusInput pre-init called
[2017.12.11-13.37.06:240][  0]LogHMD: Starting GearVRController plugin
[2017.12.11-13.37.06:254][  0]LogAssetRegistry: Asset discovery search completed in 7.1196 seconds
[2017.12.11-13.37.06:256][  0]LogCollectionManager: Rebuilt the object cache for 0 collections in 0.000001 seconds (found 0 objects)
[2017.12.11-13.37.06:256][  0]LogCollectionManager: Fixed up redirectors for 0 collections in 0.000019 seconds (updated 0 objects)
[2017.12.11-13.37.06:327][  1]LogRenderer: Reallocating scene render targets to support 1276x624 NumSamples 1 (Frame:3).
[2017.12.11-13.37.14:945][888]LogSlate: Took 0.000088 seconds to synchronously load lazily loaded font '../../../Engine/Content/Slate/Fonts/Roboto-Light.ttf' (159K)
[2017.12.11-13.37.14:971][888]LogSlate: Took 0.000164 seconds to synchronously load lazily loaded font '../../../Engine/Content/Editor/Slate/Fonts/Roboto-BoldCondensed.ttf' (158K)
[2017.12.11-13.37.34:758][317]Running C:/Program Files/Epic Games/UE_4.16/Engine/Binaries/DotNET/UnrealBuildTool.exe  -projectfiles -project="C:/Users/Bendick/Documents/GitHub/SR_Prototype_V3/SR_Prototype_V3/SR_Prototype_V3.uproject" -game -rocket -progress
[2017.12.11-13.37.34:968][317]Discovering modules, targets and source code for project...
[2017.12.11-13.37.35:169][317]C:\Users\Bendick\Documents\GitHub\SR_Prototype_V3\SR_Prototype_V3\Plugins\WebSocket\Source\WebSocket\WebSocket.Build.cs: warning: Module constructors should take a ReadOnlyTargetRules argument (rather than a TargetInfo argument) and pass it to the base class constructor from 4.15 onwards. Please update the method signature.
[2017.12.11-13.37.36:674][317]LogSlate: Took 0.000099 seconds to synchronously load lazily loaded font '../../../Engine/Content/Slate/Fonts/Roboto-Regular.ttf' (155K)
[2017.12.11-13.37.37:086][317]LogHotReload: Recompiling module SR_Prototype_V3...
[2017.12.11-13.37.37:086][317]LogVSAccessor:Warning: Couldn't access Visual Studio
[2017.12.11-13.37.37:093][317]Candidate modules for hot reload:
[2017.12.11-13.37.37:093][317]  SR_Prototype_V3
[2017.12.11-13.37.37:093][317]Launching UnrealBuildTool... [C:/Program Files/Epic Games/UE_4.16/Engine/Binaries/DotNET/UnrealBuildTool.exe SR_Prototype_V3 -ModuleWithSuffix SR_Prototype_V3 8812 Win64 Development -editorrecompile -FailIfGeneratedCodeChanges -canskiplink "C:/Users/Bendick/Documents/GitHub/SR_Prototype_V3/SR_Prototype_V3/SR_Prototype_V3.uproject" ]
[2017.12.11-13.37.40:586][317]C:\Users\Bendick\Documents\GitHub\SR_Prototype_V3\SR_Prototype_V3\Plugins\WebSocket\Source\WebSocket\WebSocket.Build.cs: warning: Module constructors should take a ReadOnlyTargetRules argument (rather than a TargetInfo argument) and pass it to the base class constructor from 4.15 onwards. Please update the method signature.
Compiling game modules for hot reload
Parsing headers for SR_Prototype_V3Editor
  Running UnrealHeaderTool "C:\Users\Bendick\Documents\GitHub\SR_Prototype_V3\SR_Prototype_V3\SR_Prototype_V3.uproject" "C:\Users\Bendick\Documents\GitHub\SR_Prototype_V3\SR_Prototype_V3\Intermediate\Build\Win64\SR_Prototype_V3Editor\Development\SR_Prototype_V3Editor.uhtmanifest" -LogCmds="loginit warning, logexit warning, logdatabase error" -Unattended -WarningsAsErrors -installed -FailIfGeneratedCodeChanges
ERROR: 'C:/Users/Bendick/Documents/GitHub/SR_Prototype_V3/SR_Prototype_V3/Intermediate/Build/Win64/UE4Editor/Inc/SR_Prototype_V3/URWTxtFile.generated.h': Changes to generated code are not allowed - conflicts written to 'C:/Users/Bendick/Documents/GitHub/SR_Prototype_V3/SR_Prototype_V3/Intermediate/Build/Win64/UE4Editor/Inc/SR_Prototype_V3/URWTxtFile.generated.h.conflict'
Error: UnrealHeaderTool failed for target 'SR_Prototype_V3Editor' (platform: Win64, module info: C:\Users\Bendick\Documents\GitHub\SR_Prototype_V3\SR_Prototype_V3\Intermediate\Build\Win64\SR_Prototype_V3Editor\Development\SR_Prototype_V3Editor.uhtmanifest, exit code: OtherCompilationError (5)).

[2017.12.11-13.37.40:586][317]CompilerResultsLog: New page: Compilation - 11 Dec 2017 15:37:40
[2017.12.11-13.37.40:586][317]CompilerResultsLog: Info C:\Users\Bendick\Documents\GitHub\SR_Prototype_V3\SR_Prototype_V3\Plugins\WebSocket\Source\WebSocket\WebSocket.Build.cs: warning: Module constructors should take a ReadOnlyTargetRules argument (rather than a TargetInfo argument) and pass it to the base class constructor from 4.15 onwards. Please update the method signature.
[2017.12.11-13.37.40:586][317]CompilerResultsLog: Info Compiling game modules for hot reload
[2017.12.11-13.37.40:586][317]CompilerResultsLog: Info Parsing headers for SR_Prototype_V3Editor
[2017.12.11-13.37.40:586][317]CompilerResultsLog: Info   Running UnrealHeaderTool "C:\Users\Bendick\Documents\GitHub\SR_Prototype_V3\SR_Prototype_V3\SR_Prototype_V3.uproject" "C:\Users\Bendick\Documents\GitHub\SR_Prototype_V3\SR_Prototype_V3\Intermediate\Build\Win64\SR_Prototype_V3Editor\Development\SR_Prototype_V3Editor.uhtmanifest" -LogCmds="loginit warning, logexit warning, logdatabase error" -Unattended -WarningsAsErrors -installed -FailIfGeneratedCodeChanges
[2017.12.11-13.37.40:586][317]CompilerResultsLog: Info ERROR: 'C:/Users/Bendick/Documents/GitHub/SR_Prototype_V3/SR_Prototype_V3/Intermediate/Build/Win64/UE4Editor/Inc/SR_Prototype_V3/URWTxtFile.generated.h': Changes to generated code are not allowed - conflicts written to 'C:/Users/Bendick/Documents/GitHub/SR_Prototype_V3/SR_Prototype_V3/Intermediate/Build/Win64/UE4Editor/Inc/SR_Prototype_V3/URWTxtFile.generated.h.conflict'
[2017.12.11-13.37.40:586][317]CompilerResultsLog: Info Error: UnrealHeaderTool failed for target 'SR_Prototype_V3Editor' (platform: Win64, module info: C:\Users\Bendick\Documents\GitHub\SR_Prototype_V3\SR_Prototype_V3\Intermediate\Build\Win64\SR_Prototype_V3Editor\Development\SR_Prototype_V3Editor.uhtmanifest, exit code: OtherCompilationError (5)).
[2017.12.11-13.37.40:586][317]LogMainFrame: MainFrame: Module compiling took 3.501 seconds
[2017.12.11-13.37.43:625][317]LogSlate: Took 0.000102 seconds to synchronously load lazily loaded font '../../../Engine/Content/Editor/Slate/Fonts/DroidSansMono.ttf' (77K)
[2017.12.11-13.37.48:539][591]Warning: RebindPackages not possible for specified packages (or application was compiled in monolithic mode.)
[2017.12.11-13.37.50:383][732]LogWindowsTextInputMethodSystem:Display: IME system now deactivated.
[2017.12.11-13.37.50:383][732]LogWindowsTextInputMethodSystem:Display: IME system now deactivated.
[2017.12.11-13.37.50:529][733]Cmd: QUIT_EDITOR
[2017.12.11-13.37.50:548][733]LogExit: Preparing to exit.
[2017.12.11-13.37.50:963][733]LogDirectoryWatcher: A directory notification for 'C:/Users/Bendick/Documents/GitHub/SR_Prototype_V3/SR_Prototype_V3/Content/' was aborted.
[2017.12.11-13.37.50:979][733]LogExit: Editor shut down
[2017.12.11-13.37.50:981][733]LogExit: Transaction tracking system shut down
[2017.12.11-13.37.51:022][733]LogObj: Freed 0b from 0 cluster array pools.
[2017.12.11-13.37.51:022][733]LogExit: Object subsystem successfully closed.
[2017.12.11-13.37.51:137][733]LogD3D11RHI: Shutdown
[2017.12.11-13.37.51:137][733]LogD3D11RHI: CleanupD3DDevice
[2017.12.11-13.37.51:484][733]LogD3D11RHI: ~FD3D11DynamicRHI
[2017.12.11-13.37.51:505][733]LogModuleManager: Shutting down and abandoning module HierarchicalLODOutliner (528)
[2017.12.11-13.37.51:505][733]LogModuleManager: Shutting down and abandoning module CrashTracker (526)
[2017.12.11-13.37.51:505][733]LogModuleManager: Shutting down and abandoning module SceneOutliner (524)
[2017.12.11-13.37.51:505][733]LogModuleManager: Shutting down and abandoning module AddContentDialog (522)
[2017.12.11-13.37.51:505][733]LogDirectoryWatcher: A directory notification for 'C:/Program Files/Epic Games/UE_4.16/FeaturePacks/' was aborted.
[2017.12.11-13.37.51:505][733]LogModuleManager: Shutting down and abandoning module WidgetCarousel (521)
[2017.12.11-13.37.51:505][733]LogModuleManager: Shutting down and abandoning module EditorWidgets (518)
[2017.12.11-13.37.51:505][733]LogModuleManager: Shutting down and abandoning module CollectionManager (516)
[2017.12.11-13.37.51:505][733]LogDirectoryWatcher: A directory notification for 'C:/Users/Bendick/Documents/GitHub/SR_Prototype_V3/SR_Prototype_V3/Content/Collections/' was aborted.
[2017.12.11-13.37.51:505][733]LogDirectoryWatcher: A directory notification for 'C:/Users/Bendick/Documents/GitHub/SR_Prototype_V3/SR_Prototype_V3/Content/Developers/Bendick/Collections/' was aborted.
[2017.12.11-13.37.51:505][733]LogDirectoryWatcher: A directory notification for 'C:/Users/Bendick/Documents/GitHub/SR_Prototype_V3/SR_Prototype_V3/Saved/Collections/' was aborted.
[2017.12.11-13.37.51:505][733]LogModuleManager: Shutting down and abandoning module StatsViewer (514)
[2017.12.11-13.37.51:505][733]LogModuleManager: Shutting down and abandoning module FoliageEdit (512)
[2017.12.11-13.37.51:505][733]LogModuleManager: Shutting down and abandoning module LandscapeEditor (510)
[2017.12.11-13.37.51:505][733]LogModuleManager: Shutting down and abandoning module MeshPaintMode (508)
[2017.12.11-13.37.51:505][733]LogModuleManager: Shutting down and abandoning module SceneDepthPickerMode (506)
[2017.12.11-13.37.51:505][733]LogModuleManager: Shutting down and abandoning module ActorPickerMode (504)
[2017.12.11-13.37.51:505][733]LogModuleManager: Shutting down and abandoning module GeometryMode (502)
[2017.12.11-13.37.51:505][733]LogModuleManager: Shutting down and abandoning module TextureAlignMode (500)
[2017.12.11-13.37.51:506][733]LogModuleManager: Shutting down and abandoning module BspMode (498)
[2017.12.11-13.37.51:506][733]LogModuleManager: Shutting down and abandoning module HardwareSurvey (496)
[2017.12.11-13.37.51:506][733]LogModuleManager: Shutting down and abandoning module SequenceRecorderSections (494)
[2017.12.11-13.37.51:506][733]LogModuleManager: Shutting down and abandoning module AutomationWorker (492)
[2017.12.11-13.37.51:506][733]LogModuleManager: Shutting down and abandoning module MatineeToLevelSequence (490)
[2017.12.11-13.37.51:506][733]LogModuleManager: Shutting down and abandoning module LevelSequenceEditor (488)
[2017.12.11-13.37.51:506][733]LogModuleManager: Shutting down and abandoning module PlacementMode (487)
[2017.12.11-13.37.51:506][733]LogModuleManager: Shutting down and abandoning module WmfMediaFactory (484)
[2017.12.11-13.37.51:506][733]LogModuleManager: Shutting down and abandoning module WmfMediaEditor (482)
[2017.12.11-13.37.51:506][733]LogModuleManager: Shutting down and abandoning module AvfMediaFactory (480)
[2017.12.11-13.37.51:506][733]LogModuleManager: Shutting down and abandoning module AvfMediaEditor (478)
[2017.12.11-13.37.51:506][733]LogModuleManager: Shutting down and abandoning module AndroidMediaFactory (476)
[2017.12.11-13.37.51:506][733]LogModuleManager: Shutting down and abandoning module Media (475)
[2017.12.11-13.37.51:506][733]LogModuleManager: Shutting down and abandoning module AndroidMediaEditor (472)
[2017.12.11-13.37.51:506][733]LogModuleManager: Shutting down and abandoning module CharacterAI (470)
[2017.12.11-13.37.51:506][733]LogModuleManager: Shutting down and abandoning module AudioCapture (468)
[2017.12.11-13.37.51:506][733]LogModuleManager: Shutting down and abandoning module SequenceRecorder (467)
[2017.12.11-13.37.51:506][733]LogModuleManager: Shutting down and abandoning module SmartSnapping (464)
[2017.12.11-13.37.51:506][733]LogModuleManager: Shutting down and abandoning module SessionServices (462)
[2017.12.11-13.37.51:506][733]LogModuleManager: Shutting down and abandoning module ViewportSnapping (460)
[2017.12.11-13.37.51:506][733]LogModuleManager: Shutting down and abandoning module ViewportInteraction (458)
[2017.12.11-13.37.51:506][733]LogModuleManager: Shutting down and abandoning module ClothPainter (456)
[2017.12.11-13.37.51:506][733]LogModuleManager: Shutting down and abandoning module LogVisualizer (454)
[2017.12.11-13.37.51:506][733]LogModuleManager: Shutting down and abandoning module IntroTutorials (452)
[2017.12.11-13.37.51:506][733]LogModuleManager: Shutting down and abandoning module GameProjectGeneration (451)
[2017.12.11-13.37.51:506][733]LogModuleManager: Shutting down and abandoning module EditorLiveStreaming (448)
[2017.12.11-13.37.51:506][733]LogModuleManager: Shutting down and abandoning module IOSPlatformEditor (446)
[2017.12.11-13.37.51:506][733]LogModuleManager: Shutting down and abandoning module HTML5PlatformEditor (444)
[2017.12.11-13.37.51:506][733]LogModuleManager: Shutting down and abandoning module AndroidPlatformEditor (442)
[2017.12.11-13.37.51:506][733]LogModuleManager: Shutting down and abandoning module AndroidDeviceDetection (441)
[2017.12.11-13.37.51:925][733]LogModuleManager: Shutting down and abandoning module IOSRuntimeSettings (438)
[2017.12.11-13.37.51:925][733]LogModuleManager: Shutting down and abandoning module AndroidRuntimeSettings (436)
[2017.12.11-13.37.51:925][733]LogModuleManager: Shutting down and abandoning module InputBindingEditor (434)
[2017.12.11-13.37.51:925][733]LogModuleManager: Shutting down and abandoning module MergeActors (432)
[2017.12.11-13.37.51:925][733]LogModuleManager: Shutting down and abandoning module SizeMap (430)
[2017.12.11-13.37.51:925][733]LogModuleManager: Shutting down and abandoning module TreeMap (428)
[2017.12.11-13.37.51:925][733]LogModuleManager: Shutting down and abandoning module ReferenceViewer (426)
[2017.12.11-13.37.51:925][733]LogModuleManager: Shutting down and abandoning module LocalizationDashboard (424)
[2017.12.11-13.37.51:925][733]LogModuleManager: Shutting down and abandoning module LocalizationService (423)
[2017.12.11-13.37.51:925][733]LogModuleManager: Shutting down and abandoning module HardwareTargeting (420)
[2017.12.11-13.37.51:925][733]LogModuleManager: Shutting down and abandoning module DeviceProfileEditor (418)
[2017.12.11-13.37.51:925][733]LogModuleManager: Shutting down and abandoning module UndoHistory (416)
[2017.12.11-13.37.51:926][733]LogModuleManager: Shutting down and abandoning module UserFeedback (414)
[2017.12.11-13.37.51:926][733]LogModuleManager: Shutting down and abandoning module XmlParser (412)
[2017.12.11-13.37.51:926][733]LogModuleManager: Shutting down and abandoning module Blutility (410)
[2017.12.11-13.37.51:926][733]LogModuleManager: Shutting down and abandoning module ProjectSettingsViewer (408)
[2017.12.11-13.37.51:926][733]LogModuleManager: Shutting down and abandoning module ProjectTargetPlatformEditor (407)
[2017.12.11-13.37.51:926][733]LogModuleManager: Shutting down and abandoning module EditorSettingsViewer (404)
[2017.12.11-13.37.51:926][733]LogModuleManager: Shutting down and abandoning module SettingsEditor (402)
[2017.12.11-13.37.51:926][733]LogModuleManager: Shutting down and abandoning module ProjectLauncher (400)
[2017.12.11-13.37.51:926][733]LogModuleManager: Shutting down and abandoning module SessionFrontend (398)
[2017.12.11-13.37.51:926][733]LogModuleManager: Shutting down and abandoning module ProfilerClient (396)
[2017.12.11-13.37.51:926][733]LogModuleManager: Shutting down and abandoning module DeviceManager (394)
[2017.12.11-13.37.51:926][733]LogModuleManager: Shutting down and abandoning module TargetDeviceServices (393)
[2017.12.11-13.37.51:977][733]LogModuleManager: Shutting down and abandoning module AutomationController (390)
[2017.12.11-13.37.51:977][733]LogModuleManager: Shutting down and abandoning module AutomationWindow (388)
[2017.12.11-13.37.51:977][733]LogModuleManager: Shutting down and abandoning module Layers (386)
[2017.12.11-13.37.51:977][733]LogModuleManager: Shutting down and abandoning module ComponentVisualizers (384)
[2017.12.11-13.37.51:977][733]LogModuleManager: Shutting down and abandoning module DetailCustomizations (382)
[2017.12.11-13.37.51:977][733]LogModuleManager: Shutting down and abandoning module PackagesDialog (380)
[2017.12.11-13.37.51:977][733]LogModuleManager: Shutting down and abandoning module Persona (378)
[2017.12.11-13.37.51:977][733]LogModuleManager: Shutting down and abandoning module AdvancedPreviewScene (377)
[2017.12.11-13.37.51:977][733]LogModuleManager: Shutting down and abandoning module AnimGraph (375)
[2017.12.11-13.37.51:977][733]LogModuleManager: Shutting down and abandoning module Kismet (372)
[2017.12.11-13.37.51:977][733]LogModuleManager: Shutting down and abandoning module ClassViewer (370)
[2017.12.11-13.37.51:978][733]LogModuleManager: Shutting down and abandoning module Toolbox (368)
[2017.12.11-13.37.51:978][733]LogModuleManager: Shutting down and abandoning module ModuleUI (366)
[2017.12.11-13.37.51:978][733]LogModuleManager: Shutting down and abandoning module MovieSceneTools (364)
[2017.12.11-13.37.51:978][733]LogModuleManager: Shutting down and abandoning module OutputLog (362)
[2017.12.11-13.37.51:978][733]LogModuleManager: Shutting down and abandoning module GammaUI (360)
[2017.12.11-13.37.51:978][733]LogModuleManager: Shutting down and abandoning module Documentation (358)
[2017.12.11-13.37.51:978][733]LogModuleManager: Shutting down and abandoning module MovieSceneTracks (356)
[2017.12.11-13.37.51:978][733]LogModuleManager: Shutting down and abandoning module MovieScene (354)
[2017.12.11-13.37.51:978][733]LogModuleManager: Shutting down and abandoning module Niagara (352)
[2017.12.11-13.37.51:978][733]LogModuleManager: Shutting down and abandoning module NiagaraEditor (351)
[2017.12.11-13.37.51:978][733]LogModuleManager: Shutting down and abandoning module StreamingPauseRendering (348)
[2017.12.11-13.37.51:978][733]LogModuleManager: Shutting down and abandoning module AnalyticsET (346)
[2017.12.11-13.37.51:978][733]LogModuleManager: Shutting down and abandoning module PortalServices (344)
[2017.12.11-13.37.51:978][733]LogModuleManager: Shutting down and abandoning module PortalRpc (342)
[2017.12.11-13.37.51:978][733]LogModuleManager: Shutting down and abandoning module MessagingRpc (340)
[2017.12.11-13.37.51:978][733]LogModuleManager: Shutting down and abandoning module AIModule (338)
[2017.12.11-13.37.51:978][733]LogModuleManager: Shutting down and abandoning module GameplayDebugger (337)
[2017.12.11-13.37.51:978][733]LogModuleManager: Shutting down and abandoning module AITestSuite (335)
[2017.12.11-13.37.51:978][733]LogModuleManager: Shutting down and abandoning module ProfilerService (332)
[2017.12.11-13.37.52:151][733]LogModuleManager: Shutting down and abandoning module TaskGraph (330)
[2017.12.11-13.37.52:151][733]LogModuleManager: Shutting down and abandoning module WebSocket (328)
[2017.12.11-13.37.52:151][733]LogModuleManager: Shutting down and abandoning module SteamVRController (326)
[2017.12.11-13.37.52:151][733]LogModuleManager: Shutting down and abandoning module SteamVR (324)
[2017.12.11-13.37.52:151][733]LogModuleManager: Shutting down and abandoning module ProceduralMeshComponentEditor (322)
[2017.12.11-13.37.52:151][733]LogModuleManager: Shutting down and abandoning module ProceduralMeshComponent (320)
[2017.12.11-13.37.52:151][733]LogModuleManager: Shutting down and abandoning module OculusLibrary (318)
[2017.12.11-13.37.52:151][733]LogModuleManager: Shutting down and abandoning module OculusInput (316)
[2017.12.11-13.37.52:151][733]LogModuleManager: Shutting down and abandoning module MobilePatchingUtils (314)
[2017.12.11-13.37.52:151][733]LogModuleManager: Shutting down and abandoning module CustomMeshComponent (312)
[2017.12.11-13.37.52:151][733]LogModuleManager: Shutting down and abandoning module CableComponent (310)
[2017.12.11-13.37.52:151][733]LogModuleManager: Shutting down and abandoning module ArchVisCharacter (308)
[2017.12.11-13.37.52:151][733]LogModuleManager: Shutting down and abandoning module AndroidPermission (306)
[2017.12.11-13.37.52:151][733]LogModuleManager: Shutting down and abandoning module MediaPlayerEditor (302)
[2017.12.11-13.37.52:151][733]LogModuleManager: Shutting down and abandoning module HTML5Networking (300)
[2017.12.11-13.37.52:151][733]LogModuleManager: Shutting down and abandoning module AlembicImporter (298)
[2017.12.11-13.37.52:151][733]LogModuleManager: Shutting down and abandoning module AlembicLibrary (297)
[2017.12.11-13.37.52:151][733]LogModuleManager: Shutting down and abandoning module GeometryCache (296)
[2017.12.11-13.37.52:151][733]LogModuleManager: Shutting down and abandoning module GeometryCacheEd (295)
[2017.12.11-13.37.52:151][733]LogModuleManager: Shutting down and abandoning module SuperSearchEditor (290)
[2017.12.11-13.37.52:151][733]LogModuleManager: Shutting down and abandoning module SuperSearch (289)
[2017.12.11-13.37.52:151][733]LogModuleManager: Shutting down and abandoning module SpeedTreeImporter (286)
[2017.12.11-13.37.52:151][733]LogModuleManager: Shutting down and abandoning module PluginBrowser (284)
[2017.12.11-13.37.52:151][733]LogModuleManager: Shutting down and abandoning module MobileLauncherProfileWizard (282)
[2017.12.11-13.37.52:151][733]LogModuleManager: Shutting down and abandoning module VisualStudioSourceCodeAccess (280)
[2017.12.11-13.37.52:151][733]LogModuleManager: Shutting down and abandoning module DesktopPlatform (279)
[2017.12.11-13.37.52:151][733]LogModuleManager: Shutting down and abandoning module UObjectPlugin (276)
[2017.12.11-13.37.52:151][733]LogModuleManager: Shutting down and abandoning module SubversionSourceControl (274)
[2017.12.11-13.37.52:151][733]LogModuleManager: Shutting down and abandoning module PerforceSourceControl (272)
[2017.12.11-13.37.52:151][733]LogModuleManager: Shutting down and abandoning module GitSourceControl (270)
[2017.12.11-13.37.52:151][733]LogModuleManager: Shutting down and abandoning module SourceControl (269)
[2017.12.11-13.37.52:151][733]LogModuleManager: Shutting down and abandoning module LightPropagationVolumeEditor (266)
[2017.12.11-13.37.52:151][733]LogModuleManager: Shutting down and abandoning module PaperTiledImporter (264)
[2017.12.11-13.37.52:151][733]LogModuleManager: Shutting down and abandoning module PaperSpriteSheetImporter (262)
[2017.12.11-13.37.52:151][733]LogModuleManager: Shutting down and abandoning module Paper2DEditor (260)
[2017.12.11-13.37.52:151][733]LogModuleManager: Shutting down and abandoning module MeshPaint (259)
[2017.12.11-13.37.52:151][733]LogModuleManager: Shutting down and abandoning module LevelEditor (257)
[2017.12.11-13.37.52:152][733]LogModuleManager: Shutting down and abandoning module PixelInspectorModule (256)
[2017.12.11-13.37.52:152][733]LogModuleManager: Shutting down and abandoning module MainFrame (254)
[2017.12.11-13.37.52:152][733]LogModuleManager: Shutting down and abandoning module HotReload (253)
[2017.12.11-13.37.52:152][733]LogDirectoryWatcher: A directory notification for 'C:/Users/Bendick/Documents/GitHub/SR_Prototype_V3/SR_Prototype_V3/Binaries/Win64' was aborted.
[2017.12.11-13.37.52:152][733]LogDirectoryWatcher: A directory notification for 'C:/Users/Bendick/Documents/GitHub/SR_Prototype_V3/SR_Prototype_V3/Plugins/WebSocket/Binaries/Win64' was aborted.
[2017.12.11-13.37.52:152][733]LogModuleManager: Shutting down and abandoning module SR_Prototype_V3 (248)
[2017.12.11-13.37.52:152][733]LogModuleManager: Shutting down and abandoning module PhysXVehiclesEditor (246)
[2017.12.11-13.37.52:152][733]LogModuleManager: Shutting down and abandoning module PhysXVehicles (244)
[2017.12.11-13.37.52:152][733]LogModuleManager: Shutting down and abandoning module LocationServicesBPLibrary (242)
[2017.12.11-13.37.52:152][733]LogModuleManager: Shutting down and abandoning module ImmediatePhysicsEditor (240)
[2017.12.11-13.37.52:152][733]LogModuleManager: Shutting down and abandoning module ImmediatePhysics (238)
[2017.12.11-13.37.52:152][733]LogModuleManager: Shutting down and abandoning module UdpMessaging (236)
[2017.12.11-13.37.52:252][733]LogModuleManager: Shutting down and abandoning module TcpMessaging (234)
[2017.12.11-13.37.52:353][733]LogModuleManager: Shutting down and abandoning module GameplayTagsEditor (232)
[2017.12.11-13.37.52:353][733]LogModuleManager: Shutting down and abandoning module FacialAnimationEditor (230)
[2017.12.11-13.37.52:353][733]LogModuleManager: Shutting down and abandoning module FacialAnimation (228)
[2017.12.11-13.37.52:353][733]LogModuleManager: Shutting down and abandoning module AssetManagerEditor (226)
[2017.12.11-13.37.52:353][733]LogModuleManager: Shutting down and abandoning module GraphEditor (225)
[2017.12.11-13.37.52:353][733]LogModuleManager: Shutting down and abandoning module ContentBrowser (223)
[2017.12.11-13.37.52:353][733]LogModuleManager: Shutting down and abandoning module LightPropagationVolumeRuntime (220)
[2017.12.11-13.37.52:353][733]LogModuleManager: Shutting down and abandoning module Paper2D (218)
[2017.12.11-13.37.52:353][733]LogModuleManager: Shutting down and abandoning module WindowsMoviePlayer (216)
[2017.12.11-13.37.52:353][733]LogModuleManager: Shutting down and abandoning module WmfMedia (214)
[2017.12.11-13.37.52:354][733]LogModuleManager: Shutting down and abandoning module ClothingSystemEditor (212)
[2017.12.11-13.37.52:354][733]LogModuleManager: Shutting down and abandoning module ClothingSystemRuntime (210)
[2017.12.11-13.37.52:354][733]LogModuleManager: Shutting down and abandoning module MediaAssets (208)
[2017.12.11-13.37.52:354][733]LogModuleManager: Shutting down and abandoning module GameLiveStreaming (206)
[2017.12.11-13.37.52:354][733]LogModuleManager: Shutting down and abandoning module VREditor (204)
[2017.12.11-13.37.52:354][733]LogModuleManager: Shutting down and abandoning module StringTableEditor (202)
[2017.12.11-13.37.52:354][733]LogModuleManager: Shutting down and abandoning module GameplayTasksEditor (200)
[2017.12.11-13.37.52:354][733]LogModuleManager: Shutting down and abandoning module BehaviorTreeEditor (198)
[2017.12.11-13.37.52:354][733]LogModuleManager: Shutting down and abandoning module FunctionalTesting (196)
[2017.12.11-13.37.52:354][733]LogModuleManager: Shutting down and abandoning module CollisionAnalyzer (194)
[2017.12.11-13.37.52:354][733]LogModuleManager: Shutting down and abandoning module UMG (192)
[2017.12.11-13.37.52:354][733]LogModuleManager: Shutting down and abandoning module UMGEditor (191)
[2017.12.11-13.37.52:354][733]LogModuleManager: Shutting down and abandoning module Sequencer (190)
[2017.12.11-13.37.52:354][733]LogModuleManager: Shutting down and abandoning module AssetTools (188)
[2017.12.11-13.37.52:354][733]LogModuleManager: Shutting down and abandoning module MessageLog (187)
[2017.12.11-13.37.52:354][733]LogModuleManager: Shutting down and abandoning module WorkspaceMenuStructure (186)
[2017.12.11-13.37.52:354][733]LogModuleManager: Shutting down and abandoning module SlateReflector (180)
[2017.12.11-13.37.52:354][733]LogModuleManager: Shutting down and abandoning module Slate (178)
[2017.12.11-13.37.52:354][733]LogModuleManager: Shutting down and abandoning module EditorStyle (176)
[2017.12.11-13.37.52:356][733]LogModuleManager: Shutting down and abandoning module SourceCodeAccess (174)
[2017.12.11-13.37.52:356][733]LogModuleManager: Shutting down and abandoning module HeadMountedDisplay (172)
[2017.12.11-13.37.52:356][733]LogModuleManager: Shutting down and abandoning module XAudio2 (170)
[2017.12.11-13.37.52:356][733]LogModuleManager: Shutting down and abandoning module Networking (168)
[2017.12.11-13.37.52:356][733]LogModuleManager: Shutting down and abandoning module Core (164)
[2017.12.11-13.37.52:356][733]LogModuleManager: Shutting down and abandoning module AssetRegistry (162)
[2017.12.11-13.37.52:431][733]LogDirectoryWatcher: A directory notification for '../../../Engine/Content/' was aborted.
[2017.12.11-13.37.52:431][733]LogDirectoryWatcher: A directory notification for '../../../../../../Users/Bendick/Documents/GitHub/SR_Prototype_V3/SR_Prototype_V3/Content/' was aborted.
[2017.12.11-13.37.52:431][733]LogDirectoryWatcher: A directory notification for '../../../Engine/Plugins/2D/Paper2D/Content/' was aborted.
[2017.12.11-13.37.52:431][733]LogDirectoryWatcher: A directory notification for '../../../Engine/Plugins/Runtime/GearVR/Content/' was aborted.
[2017.12.11-13.37.52:432][733]LogModuleManager: Shutting down and abandoning module DirectoryWatcher (161)
[2017.12.11-13.37.52:433][733]LogModuleManager: Shutting down and abandoning module KismetCompiler (158)
[2017.12.11-13.37.52:433][733]LogModuleManager: Shutting down and abandoning module LevelSequence (156)
[2017.12.11-13.37.52:433][733]LogModuleManager: Shutting down and abandoning module PhysXFormats (154)
[2017.12.11-13.37.52:433][733]LogModuleManager: Shutting down and abandoning module MeshUtilities (152)
[2017.12.11-13.37.52:433][733]LogModuleManager: Shutting down and abandoning module SimplygonSwarm (151)
[2017.12.11-13.37.52:433][733]LogModuleManager: Shutting down and abandoning module SimplygonMeshReduction (149)
[2017.12.11-13.37.52:433][733]LogModuleManager: Shutting down and abandoning module QuadricMeshReduction (147)
[2017.12.11-13.37.52:433][733]LogModuleManager: Shutting down and abandoning module DerivedDataCache (144)
[2017.12.11-13.37.52:871][733]LogDerivedDataCache: Shutdown
[2017.12.11-13.37.52:871][733]LogModuleManager: Shutting down and abandoning module TargetPlatform (142)
[2017.12.11-13.37.52:871][733]LogModuleManager: Shutting down and abandoning module VulkanShaderFormat (141)
[2017.12.11-13.37.52:871][733]LogModuleManager: Shutting down and abandoning module ShaderFormatVectorVM (139)
[2017.12.11-13.37.52:871][733]LogModuleManager: Shutting down and abandoning module ShaderFormatOpenGL (137)
[2017.12.11-13.37.52:871][733]LogModuleManager: Shutting down and abandoning module ShaderFormatD3D (135)
[2017.12.11-13.37.52:871][733]LogModuleManager: Shutting down and abandoning module MetalShaderFormat (133)
[2017.12.11-13.37.52:871][733]LogModuleManager: Shutting down and abandoning module TextureFormatUncompressed (131)
[2017.12.11-13.37.52:871][733]LogModuleManager: Shutting down and abandoning module TextureFormatPVR (129)
[2017.12.11-13.37.52:871][733]LogModuleManager: Shutting down and abandoning module TextureFormatDXT (127)
[2017.12.11-13.37.52:871][733]LogModuleManager: Shutting down and abandoning module TextureFormatIntelISPCTexComp (125)
[2017.12.11-13.37.52:871][733]LogModuleManager: Shutting down and abandoning module TextureFormatASTC (123)
[2017.12.11-13.37.52:871][733]LogModuleManager: Shutting down and abandoning module ImageWrapper (122)
[2017.12.11-13.37.52:871][733]LogModuleManager: Shutting down and abandoning module TextureFormatAndroid (119)
[2017.12.11-13.37.52:871][733]LogModuleManager: Shutting down and abandoning module AudioFormatOpus (117)
[2017.12.11-13.37.52:871][733]LogModuleManager: Shutting down and abandoning module AudioFormatOgg (115)
[2017.12.11-13.37.52:871][733]LogModuleManager: Shutting down and abandoning module AudioFormatADPCM (113)
[2017.12.11-13.37.52:871][733]LogModuleManager: Shutting down and abandoning module LinuxTargetPlatform (111)
[2017.12.11-13.37.52:871][733]LogModuleManager: Shutting down and abandoning module LinuxServerTargetPlatform (109)
[2017.12.11-13.37.52:871][733]LogModuleManager: Shutting down and abandoning module LinuxNoEditorTargetPlatform (107)
[2017.12.11-13.37.52:871][733]LogModuleManager: Shutting down and abandoning module LinuxClientTargetPlatform (105)
[2017.12.11-13.37.52:871][733]LogModuleManager: Shutting down and abandoning module TVOSTargetPlatform (103)
[2017.12.11-13.37.52:871][733]LogModuleManager: Shutting down and abandoning module Messaging (101)
[2017.12.11-13.37.52:871][733]LogModuleManager: Shutting down and abandoning module IOSTargetPlatform (99)
[2017.12.11-13.37.52:871][733]LogModuleManager: Shutting down and abandoning module HTML5TargetPlatform (97)
[2017.12.11-13.37.52:871][733]LogModuleManager: Shutting down and abandoning module Android_PVRTCTargetPlatform (95)
[2017.12.11-13.37.52:871][733]LogModuleManager: Shutting down and abandoning module Android_MultiTargetPlatform (93)
[2017.12.11-13.37.52:871][733]LogModuleManager: Shutting down and abandoning module Android_ETC2TargetPlatform (91)
[2017.12.11-13.37.52:871][733]LogModuleManager: Shutting down and abandoning module Android_ETC1TargetPlatform (89)
[2017.12.11-13.37.52:871][733]LogModuleManager: Shutting down and abandoning module Android_DXTTargetPlatform (87)
[2017.12.11-13.37.52:871][733]LogModuleManager: Shutting down and abandoning module Android_ATCTargetPlatform (85)
[2017.12.11-13.37.52:871][733]LogModuleManager: Shutting down and abandoning module Android_ASTCTargetPlatform (83)
[2017.12.11-13.37.52:871][733]LogModuleManager: Shutting down and abandoning module AndroidTargetPlatform (81)
[2017.12.11-13.37.52:871][733]LogModuleManager: Shutting down and abandoning module WindowsTargetPlatform (79)
[2017.12.11-13.37.52:871][733]LogModuleManager: Shutting down and abandoning module WindowsServerTargetPlatform (77)
[2017.12.11-13.37.52:871][733]LogModuleManager: Shutting down and abandoning module WindowsNoEditorTargetPlatform (75)
[2017.12.11-13.37.52:871][733]LogModuleManager: Shutting down and abandoning module WindowsClientTargetPlatform (73)
[2017.12.11-13.37.52:871][733]LogModuleManager: Shutting down and abandoning module MacTargetPlatform (71)
[2017.12.11-13.37.52:871][733]LogModuleManager: Shutting down and abandoning module MacServerTargetPlatform (69)
[2017.12.11-13.37.52:871][733]LogModuleManager: Shutting down and abandoning module MacNoEditorTargetPlatform (67)
[2017.12.11-13.37.52:871][733]LogModuleManager: Shutting down and abandoning module MacClientTargetPlatform (65)
[2017.12.11-13.37.52:871][733]LogModuleManager: Shutting down and abandoning module AllDesktopTargetPlatform (63)
[2017.12.11-13.37.52:871][733]LogModuleManager: Shutting down and abandoning module InputCore (60)
[2017.12.11-13.37.52:871][733]LogModuleManager: Shutting down and abandoning module Settings (58)
[2017.12.11-13.37.52:871][733]LogModuleManager: Shutting down and abandoning module OculusRift (56)
[2017.12.11-13.37.52:871][733]LogModuleManager: Shutting down and abandoning module GearVRController (54)
[2017.12.11-13.37.52:871][733]LogModuleManager: Shutting down and abandoning module GearVR (52)
[2017.12.11-13.37.52:871][733]LogModuleManager: Shutting down and abandoning module ExampleDeviceProfileSelector (50)
[2017.12.11-13.37.52:871][733]LogModuleManager: Shutting down and abandoning module OnlineBlueprintSupport (48)
[2017.12.11-13.37.52:871][733]LogModuleManager: Shutting down and abandoning module OnlineSubsystem (44)
[2017.12.11-13.37.52:871][733]LogOnline:Display: Unloading online subsystem: NULL
[2017.12.11-13.37.52:871][733]LogModuleManager: Shutting down and abandoning module XMPP (43)
[2017.12.11-13.37.52:871][733]LogModuleManager: Shutting down and abandoning module HTTP (41)
[2017.12.11-13.37.52:871][733]LogHttp:Display: Http module shutting down, but needs to wait on 1 outstanding Http requests:
[2017.12.11-13.37.52:871][733]LogHttp:Display: 	verb=[POST] url=[https://datarouter.ol.epicgames.com/datarouter/api/v1/public/data?SessionID=%7BD917AB31-46E1-BEEB-3396-2FBB0BA198CF%7D&AppID=UEEditor.Rocket.Release&AppVersion=4.16.3-3561208%2B%2B%2BUE4%2BRelease-4.16&UserID=0c75b627499df609a8813c9ced46962c%7Cfebaf0232e0e4e628b45a2bec753bbbc%7C408adb04-e8c0-4c29-a1fb-4d7ed05dedd7&AppEnvironment=datacollector-binary&UploadType=eteventstream] status=Processing
[2017.12.11-13.37.52:903][733]LogModuleManager: Shutting down and abandoning module SSL (40)
[2017.12.11-13.37.52:903][733]LogModuleManager: Shutting down and abandoning module HTTPChunkInstaller (36)
[2017.12.11-13.37.52:903][733]LogModuleManager: Shutting down and abandoning module AnimationModifiers (34)
[2017.12.11-13.37.52:903][733]LogModuleManager: Shutting down and abandoning module PropertyEditor (33)
[2017.12.11-13.37.52:903][733]LogModuleManager: Shutting down and abandoning module AudioEditor (30)
[2017.12.11-13.37.52:903][733]LogModuleManager: Shutting down and abandoning module TextureCompressor (28)
[2017.12.11-13.37.52:903][733]LogModuleManager: Shutting down and abandoning module ShaderCore (26)
[2017.12.11-13.37.52:903][733]LogModuleManager: Shutting down and abandoning module Landscape (24)
[2017.12.11-13.37.52:903][733]LogModuleManager: Shutting down and abandoning module SlateRHIRenderer (22)
[2017.12.11-13.37.52:904][733]LogModuleManager: Shutting down and abandoning module OpenGLDrv (20)
[2017.12.11-13.37.52:904][733]LogModuleManager: Shutting down and abandoning module D3D11RHI (18)
[2017.12.11-13.37.52:904][733]LogModuleManager: Shutting down and abandoning module AnimGraphRuntime (16)
[2017.12.11-13.37.52:904][733]LogModuleManager: Shutting down and abandoning module Renderer (14)
[2017.12.11-13.37.52:904][733]LogModuleManager: Shutting down and abandoning module Engine (12)
[2017.12.11-13.37.52:904][733]LogModuleManager: Shutting down and abandoning module CoreUObject (10)
[2017.12.11-13.37.52:904][733]LogModuleManager: Shutting down and abandoning module NetworkFile (8)
[2017.12.11-13.37.52:904][733]LogModuleManager: Shutting down and abandoning module StreamingFile (6)
[2017.12.11-13.37.52:904][733]LogModuleManager: Shutting down and abandoning module SandboxFile (4)
[2017.12.11-13.37.52:904][733]LogModuleManager: Shutting down and abandoning module PakFile (2)
[2017.12.11-13.37.52:905][733]LogExit: Exiting.
[2017.12.11-13.37.52:917][733]Log file closed, 12/11/17 14:37:52
