Log file open, 11/03/17 15:15:40
LogInit:Display: Running engine for game: SR_Prototype_V3
LogPlatformFile: Not using cached read wrapper
LogInit:Display: RandInit(-331362820) SRandInit(-331362820).
LogTaskGraph: Started task graph with 5 named threads and 8 total threads with 1 sets of task threads.
LogStats: Stats thread started at 0.073839
LogInit: Using libcurl 7.47.1
LogInit:  - built for x86_64-pc-win32
LogInit:  - supports SSL with OpenSSL/1.0.2g
LogInit:  - supports HTTP deflate (compression) using libz 1.2.8
LogInit:  - other features:
LogInit:      CURL_VERSION_SSL
LogInit:      CURL_VERSION_LIBZ
LogInit:      CURL_VERSION_IPV6
LogInit:      CURL_VERSION_ASYNCHDNS
LogInit:      CURL_VERSION_LARGEFILE
LogInit:      CURL_VERSION_IDN
LogInit:  CurlRequestOptions (configurable via config and command line):
LogInit:  - bVerifyPeer = false  - Libcurl will NOT verify peer certificate
LogInit:  - bUseHttpProxy = false  - Libcurl will NOT use HTTP proxy
LogInit:  - bDontReuseConnections = false  - Libcurl will reuse connections
LogInit:  - CertBundlePath = nullptr  - Libcurl will use whatever was configured at build time.
LogInit: Build: ++UE4+Release-4.16-CL-3561208
LogInit: Engine Version: 4.16.3-3561208+++UE4+Release-4.16
LogInit: Compatible Engine Version: 4.16.0-3452394+++UE4+Release-4.16
LogInit: Net CL: 3452394
LogDevObjectVersion: Number of dev versions registered: 16
LogDevObjectVersion:   Dev-Blueprints (B0D832E4-1F89-4F0D-ACCF-7EB736FD4AA2): 9
LogDevObjectVersion:   Dev-Build (E1C64328-A22C-4D53-A36C-8E866417BD8C): 0
LogDevObjectVersion:   Dev-Core (375EC13C-06E4-48FB-B500-84F0262A717E): 2
LogDevObjectVersion:   Dev-Editor (E4B068ED-F494-42E9-A231-DA0B2E46BB41): 17
LogDevObjectVersion:   Dev-Framework (CFFC743F-43B0-4480-9391-14DF171D2073): 23
LogDevObjectVersion:   Dev-Mobile (B02B49B5-BB20-44E9-A304-32B752E40360): 0
LogDevObjectVersion:   Dev-Networking (A4E4105C-59A1-49B5-A7C5-40C4547EDFEE): 0
LogDevObjectVersion:   Dev-Online (39C831C9-5AE6-47DC-9A44-9C173E1C8E7C): 0
LogDevObjectVersion:   Dev-Physics (78F01B33-EBEA-4F98-B9B4-84EACCB95AA2): 0
LogDevObjectVersion:   Dev-Platform (6631380F-2D4D-43E0-8009-CF276956A95A): 0
LogDevObjectVersion:   Dev-Rendering (12F88B9F-8875-4AFC-A67C-D90C383ABD29): 15
LogDevObjectVersion:   Dev-Sequencer (7B5AE74C-D270-4C10-A958-57980B212A5A): 4
LogDevObjectVersion:   Dev-VR (D7296918-1DD6-4BDD-9DE2-64A83CC13884): 0
LogDevObjectVersion:   Dev-LoadTimes (C2A15278-BFE7-4AFE-6C17-90FF531DF755): 1
LogDevObjectVersion:   Private-Geometry (6EACA3D4-40EC-4CC1-B786-8BED09428FC5): 1
LogDevObjectVersion:   Dev-AnimPhys (29E575DD-E0A3-4627-9D10-D276232CDCEA): 3
LogInit: Compiled (64-bit): Jul 28 2017 11:49:47
LogInit: Compiled with Visual C++: 19.00.24215.01
LogInit: Build Configuration: Development
LogInit: Branch Name: ++UE4+Release-4.16
LogInit: Command line:  
LogInit: Base directory: C:/Program Files/Epic Games/UE_4.16/Engine/Binaries/Win64/
LogInit: Installed Engine Build: 1
LogInit: Presizing for max 8388607 objects, including 0 objects not considered by GC, pre-allocating 0 bytes for permanent pool.
LogInit: Object subsystem initialized
[2017.11.03-14.15.40:863][  0]LogInit: Selected Device Profile: [Windows]
[2017.11.03-14.15.40:863][  0]LogInit: Applying CVar settings loaded from the selected device profile: [Windows]
[2017.11.03-14.15.40:885][  0]LogInit: Computer: WINDOWS-EUOFFC3
[2017.11.03-14.15.40:885][  0]LogInit: User: Bendick
[2017.11.03-14.15.40:885][  0]LogInit: CPU Page size=4096, Cores=4
[2017.11.03-14.15.40:885][  0]LogInit: High frequency timer resolution =3.914068 MHz
[2017.11.03-14.15.40:885][  0]LogMemory: Memory total: Physical=15.9GB (16GB approx)
[2017.11.03-14.15.40:885][  0]LogMemory: Platform Memory Stats for Windows
[2017.11.03-14.15.40:885][  0]LogMemory: Process Physical Memory: 274.36 MB used, 274.36 MB peak
[2017.11.03-14.15.40:885][  0]LogMemory: Process Virtual Memory: 265.01 MB used, 265.01 MB peak
[2017.11.03-14.15.40:885][  0]LogMemory: Physical Memory: 7080.80 MB used,  9242.17 MB free, 16322.98 MB total
[2017.11.03-14.15.40:885][  0]LogMemory: Virtual Memory: 642.60 MB used,  9242.17 MB free, 134217728.00 MB total
[2017.11.03-14.15.41:059][  0]LogInit: Using OS detected language (en-US).
[2017.11.03-14.15.41:059][  0]LogInit: Using OS detected locale (en-GB).
[2017.11.03-14.15.41:102][  0]LogTextLocalizationManager: No specific localization for 'en-US' exists, so the 'en' localization will be used.
[2017.11.03-14.15.43:091][  0]LogD3D11RHI: D3D11 adapters:
[2017.11.03-14.15.43:145][  0]LogD3D11RHI:    0. 'NVIDIA GeForce GTX 1070' (Feature Level 11_0)
[2017.11.03-14.15.43:145][  0]LogD3D11RHI:       8119/0/8161 MB DedicatedVideo/DedicatedSystem/SharedSystem, Outputs:2, VendorId:0x10de
[2017.11.03-14.15.43:146][  0]LogD3D11RHI:    1. 'Microsoft Basic Render Driver' (Feature Level 11_0)
[2017.11.03-14.15.43:146][  0]LogD3D11RHI:       0/0/8161 MB DedicatedVideo/DedicatedSystem/SharedSystem, Outputs:0, VendorId:0x1414
[2017.11.03-14.15.43:146][  0]LogD3D11RHI: Chosen D3D11 Adapter: 0
[2017.11.03-14.15.43:151][  0]LogD3D11RHI: Creating new Direct3DDevice
[2017.11.03-14.15.43:151][  0]LogD3D11RHI:     GPU DeviceId: 0x1b81 (for the marketing name, search the web for "GPU Device Id")
[2017.11.03-14.15.43:151][  0]LogWindows: EnumDisplayDevices:
[2017.11.03-14.15.43:151][  0]LogWindows:    0. 'NVIDIA GeForce GTX 1070' (P:0 D:1)
[2017.11.03-14.15.43:151][  0]LogWindows:    1. 'NVIDIA GeForce GTX 1070' (P:1 D:1)
[2017.11.03-14.15.43:151][  0]LogWindows:    2. 'NVIDIA GeForce GTX 1070' (P:0 D:0)
[2017.11.03-14.15.43:151][  0]LogWindows:    3. 'NVIDIA GeForce GTX 1070' (P:0 D:0)
[2017.11.03-14.15.43:151][  0]LogWindows: DebugString: FoundDriverCount:4 
[2017.11.03-14.15.43:151][  0]LogD3D11RHI:     Adapter Name: NVIDIA GeForce GTX 1070
[2017.11.03-14.15.43:151][  0]LogD3D11RHI:   Driver Version: 382.05 (internal:22.21.13.8205, unified:382.05)
[2017.11.03-14.15.43:151][  0]LogD3D11RHI:      Driver Date: 5-1-2017
[2017.11.03-14.15.43:151][  0]LogRHI: Texture pool is 1361 MB (70% of 1945 MB)
[2017.11.03-14.15.43:171][  0]LogD3D11RHI: Async texture creation enabled
[2017.11.03-14.15.43:180][  0]LogD3D11RHI: GPU Timing Frequency: 1000.000000 (Debug: 2 1)
[2017.11.03-14.15.43:270][  0]LogShaderCompilers: Guid format shader working directory is -32 characters bigger than the processId version (../../../../../../Users/Bendick/Documents/GitHub/SR_Prototype_V3/SR_Prototype_V3/Intermediate/Shaders/WorkingDirectory/5640/).
[2017.11.03-14.15.43:270][  0]LogShaderCompilers: Cleaned the shader compiler working directory 'C:/Users/Bendick/AppData/Local/Temp/UnrealShaderWorkingDir/BE884F1F499C2E067DC84AAE64560095/'.
[2017.11.03-14.15.43:270][  0]LogShaderCompilers:Display: Using Local Shader Compiler.
[2017.11.03-14.15.44:616][  0]LogTemp:Display: Loaded TP AllDesktopTargetPlatform
[2017.11.03-14.15.44:650][  0]LogTemp:Display: Loaded TP MacClientTargetPlatform
[2017.11.03-14.15.44:683][  0]LogTemp:Display: Loaded TP MacNoEditorTargetPlatform
[2017.11.03-14.15.44:717][  0]LogTemp:Display: Loaded TP MacServerTargetPlatform
[2017.11.03-14.15.44:753][  0]LogTemp:Display: Loaded TP MacTargetPlatform
[2017.11.03-14.15.44:788][  0]LogTemp:Display: Loaded TP WindowsClientTargetPlatform
[2017.11.03-14.15.44:821][  0]LogTemp:Display: Loaded TP WindowsNoEditorTargetPlatform
[2017.11.03-14.15.44:855][  0]LogTemp:Display: Loaded TP WindowsServerTargetPlatform
[2017.11.03-14.15.44:888][  0]LogTemp:Display: Loaded TP WindowsTargetPlatform
[2017.11.03-14.15.44:924][  0]LogTemp:Display: Loaded TP AndroidTargetPlatform
[2017.11.03-14.15.44:957][  0]LogTemp:Display: Loaded TP Android_ASTCTargetPlatform
[2017.11.03-14.15.44:991][  0]LogTemp:Display: Loaded TP Android_ATCTargetPlatform
[2017.11.03-14.15.45:024][  0]LogTemp:Display: Loaded TP Android_DXTTargetPlatform
[2017.11.03-14.15.45:058][  0]LogTemp:Display: Loaded TP Android_ETC1TargetPlatform
[2017.11.03-14.15.45:091][  0]LogTemp:Display: Loaded TP Android_ETC2TargetPlatform
[2017.11.03-14.15.45:155][  0]LogTemp:Display: Loaded TP Android_MultiTargetPlatform
[2017.11.03-14.15.45:155][  0]LogTemp:Display: Loaded TP Android_PVRTCTargetPlatform
[2017.11.03-14.15.45:182][  0]LogTemp:Display: Loaded TP HTML5TargetPlatform
[2017.11.03-14.15.45:256][  0]LogTemp:Display: Loaded TP IOSTargetPlatform
[2017.11.03-14.15.45:279][  0]LogTemp:Display: Loaded TP TVOSTargetPlatform
[2017.11.03-14.15.45:314][  0]LogTemp:Display: Loaded TP LinuxClientTargetPlatform
[2017.11.03-14.15.45:350][  0]LogTemp:Display: Loaded TP LinuxNoEditorTargetPlatform
[2017.11.03-14.15.45:382][  0]LogTemp:Display: Loaded TP LinuxServerTargetPlatform
[2017.11.03-14.15.45:417][  0]LogTemp:Display: Loaded TP LinuxTargetPlatform
[2017.11.03-14.15.45:417][  0]LogTargetPlatformManager:Display: Building Assets For Windows
[2017.11.03-14.15.45:821][  0]LogDerivedDataCache:Display: Max Cache Size: 512 MB
[2017.11.03-14.15.45:901][  0]LogDerivedDataCache: Loaded boot cache 0.08s 111MB C:/Users/Bendick/AppData/Local/UnrealEngine/4.16/DerivedDataCache/Boot.ddc.
[2017.11.03-14.15.45:901][  0]LogDerivedDataCache:Display: Loaded Boot cache: C:/Users/Bendick/AppData/Local/UnrealEngine/4.16/DerivedDataCache/Boot.ddc
[2017.11.03-14.15.45:901][  0]LogDerivedDataCache: FDerivedDataBackendGraph:  Pak pak cache file ../../../../../../Users/Bendick/Documents/GitHub/SR_Prototype_V3/SR_Prototype_V3/DerivedDataCache/DDC.ddp not found, will not use a pak cache.
[2017.11.03-14.15.45:901][  0]LogDerivedDataCache: Unable to find inner node Pak for hierarchical cache Hierarchy.
[2017.11.03-14.15.45:901][  0]LogDerivedDataCache: FDerivedDataBackendGraph:  CompressedPak pak cache file ../../../../../../Users/Bendick/Documents/GitHub/SR_Prototype_V3/SR_Prototype_V3/DerivedDataCache/Compressed.ddp not found, will not use a pak cache.
[2017.11.03-14.15.45:901][  0]LogDerivedDataCache: Unable to find inner node CompressedPak for hierarchical cache Hierarchy.
[2017.11.03-14.15.45:926][  0]LogDerivedDataCache:Display: Pak cache opened for reading ../../../Engine/DerivedDataCache/Compressed.ddp.
[2017.11.03-14.15.45:937][  0]LogDerivedDataCache: Using Local data cache path C:/Users/Bendick/AppData/Local/UnrealEngine/Common/DerivedDataCache: Writable
[2017.11.03-14.15.45:944][  0]LogMaterial: Verifying Global Shaders for PCD3D_SM5
[2017.11.03-14.15.45:944][  0]LogSlate: Using Freetype 2.6.0
[2017.11.03-14.15.45:953][  0]LogSlate: SlateFontCache - WITH_FREETYPE: 1, WITH_HARFBUZZ: 1
[2017.11.03-14.15.45:953][  0]LogSlate: SlateFontCache - WITH_FREETYPE: 1, WITH_HARFBUZZ: 1
[2017.11.03-14.15.46:245][  0]LogInit: Selected Device Profile: [Windows]
[2017.11.03-14.15.46:482][  0]LogMeshUtilities: Using QuadricMeshReduction for automatic static mesh reduction
[2017.11.03-14.15.46:512][  0]LogSimplygon: Simplygon DLL not present - disabling.
[2017.11.03-14.15.46:543][  0]LogMeshUtilities: Using SimplygonSwarm for distributed automatic mesh merging
[2017.11.03-14.15.46:543][  0]LogMeshUtilities: No automatic skeletal mesh reduction module available
[2017.11.03-14.15.46:543][  0]LogMeshUtilities: No automatic mesh merging module available
[2017.11.03-14.15.47:331][  0]LogNetVersion: SR_Prototype_V3 , NetCL: 3452394, EngineNetVer: 2, GameNetVer: 0 (Checksum: 2708348065)
[2017.11.03-14.15.47:394][  0]LogAssetRegistry: FAssetRegistry took 0.0237 seconds to start up
[2017.11.03-14.15.47:448][  0]LogPackageLocalizationCache: Processed 5 localized package path(s) for 2 prioritized culture(s) in 0.038504 seconds
[2017.11.03-14.15.47:451][  0]LogUObjectArray: 34194 objects as part of root set at end of initial load.
[2017.11.03-14.15.47:451][  0]LogUObjectAllocator: 7260416 out of 0 bytes used by permanent object pool.
[2017.11.03-14.15.47:451][  0]LogUObjectArray: CloseDisregardForGC: 0/0 objects in disregard for GC pool
[2017.11.03-14.15.47:495][  0]LogInit: WinSock: version 1.1 (2.2), MaxSocks=32767, MaxUdp=65467
[2017.11.03-14.15.50:166][  0]LogTcpMessaging: Initializing TcpMessaging bridge
[2017.11.03-14.15.50:196][  0]LogUdpMessaging: Initializing bridge on interface 0.0.0.0:0 to multicast group 230.0.0.1:6666.
[2017.11.03-14.15.50:627][  0]LogMaterial: Uniform references updated for custom material expression Custom.
[2017.11.03-14.15.50:946][  0]SourceControl: Info Source control is disabled
[2017.11.03-14.15.50:986][  0]SourceControl: Info Source control is disabled
[2017.11.03-14.15.51:017][  0]SourceControl: Info Source control is disabled
[2017.11.03-14.15.51:048][  0]SourceControl: Info Source control is disabled
[2017.11.03-14.15.51:499][  0]LogAndroidPermission: UAndroidPermissionCallbackProxy::GetInstance
[2017.11.03-14.15.51:923][  0]LogEngine: Initializing Engine...
[2017.11.03-14.15.51:923][  0]LogHMD: Failed to initialize OpenVR with code 110
[2017.11.03-14.15.52:206][  0]LogStats: UGameplayTagsManager::ConstructGameplayTagTree: Construct from data asset -  0.000 s
[2017.11.03-14.15.52:206][  0]LogStats: UGameplayTagsManager::ConstructGameplayTagTree: GameplayTagTreeChangedEvent.Broadcast -  0.000 s
[2017.11.03-14.15.52:287][  0]LogAIModule: Creating AISystem for world Untitled
[2017.11.03-14.15.52:293][  0]LogInit: XAudio2 using 'Speakers (2- Logitech G933 Gaming Headset)' : 6 channels at 48 kHz using 16 bits per sample (channel mask 0x3f)
[2017.11.03-14.15.52:306][  0]LogInit: FAudioDevice initialized.
[2017.11.03-14.15.52:342][  0]LogDerivedDataCache: Saved boot cache 0.04s 111MB C:/Users/Bendick/AppData/Local/UnrealEngine/4.16/DerivedDataCache/Boot.ddc.
[2017.11.03-14.15.52:355][  0]LogInit: Texture streaming: Disabled
[2017.11.03-14.15.52:418][  0]LogEngineSessionManager: EngineSessionManager initialized
[2017.11.03-14.15.52:565][  0]LogInit: Transaction tracking system initialized
[2017.11.03-14.15.52:768][  0]BlueprintLog: New page: Editor Load
[2017.11.03-14.15.53:395][  0]LocalizationService: Info Localization service is disabled
[2017.11.03-14.15.53:857][  0]LogConsoleResponse:Display: 
[2017.11.03-14.15.54:106][  0]LogCook:Display: Max memory allowance for cook 16384mb min free memory 0mb
[2017.11.03-14.15.54:106][  0]LogCook:Display: Mobile HDR setting 1
[2017.11.03-14.15.54:445][  0]LogFileCache: Scanning file cache for directory 'C:/Users/Bendick/Documents/GitHub/SR_Prototype_V3/SR_Prototype_V3/Content/' took 0.01s
[2017.11.03-14.15.54:800][  0]SourceControl: Info Source control is disabled
[2017.11.03-14.15.54:800][  0]Cmd: MAP LOAD FILE="../../../../../../Users/Bendick/Documents/GitHub/SR_Prototype_V3/SR_Prototype_V3/Content/ScanReach.umap" TEMPLATE=0 SHOWPROGRESS=1 FEATURELEVEL=3
[2017.11.03-14.15.54:800][  0]LightingResults: New page: Lighting Build
[2017.11.03-14.15.54:828][  0]MapCheck: New page: Map Check
[2017.11.03-14.15.54:828][  0]LightingResults: New page: Lighting Build
[2017.11.03-14.15.55:760][  0]LogAIModule: Creating AISystem for world ScanReach
[2017.11.03-14.15.55:770][  0]LogEditorServer: Finished looking for orphan Actors (0.000 secs)
[2017.11.03-14.15.55:782][  0]Cmd: MAP CHECKDEP NOCLEARLOG
[2017.11.03-14.15.55:816][  0]MapCheck: Info Map check complete: 0 Error(s), 0 Warning(s), took 33.061ms to complete.
[2017.11.03-14.15.55:816][  0]LogFileHelpers: Loading map 'ScanReach' took 1.015
[2017.11.03-14.15.55:952][  0]LogCollectionManager: Loaded 0 collections in 0.000924 seconds
[2017.11.03-14.15.56:019][  0]LogFileCache: Scanning file cache for directory 'C:/Users/Bendick/Documents/GitHub/SR_Prototype_V3/SR_Prototype_V3/Saved/Collections/' took 0.01s
[2017.11.03-14.15.56:019][  0]LogFileCache: Scanning file cache for directory 'C:/Users/Bendick/Documents/GitHub/SR_Prototype_V3/SR_Prototype_V3/Content/Developers/Bendick/Collections/' took 0.01s
[2017.11.03-14.15.56:019][  0]LogFileCache: Scanning file cache for directory 'C:/Users/Bendick/Documents/GitHub/SR_Prototype_V3/SR_Prototype_V3/Content/Collections/' took 0.01s
[2017.11.03-14.15.56:019][  0]LogCollectionManager: Rebuilt the GUID cache for 0 collections in 0.000001 seconds
[2017.11.03-14.15.56:026][  0]LogContentBrowser: Native class hierarchy populated in 0.0070 seconds. Added 2334 classes and 495 folders.
[2017.11.03-14.15.56:069][  0]LogContentBrowser: Native class hierarchy updated for 'WidgetCarousel' in 0.0008 seconds. Added 0 classes and 0 folders.
[2017.11.03-14.15.56:275][  0]LogContentBrowser: Native class hierarchy updated for 'AddContentDialog' in 0.0008 seconds. Added 0 classes and 0 folders.
[2017.11.03-14.15.56:303][  0]LogContentBrowser: Native class hierarchy updated for 'SceneOutliner' in 0.0008 seconds. Added 1 classes and 2 folders.
[2017.11.03-14.15.56:364][  0]LogCrashTracker: Crashtracker disabled due to settings.
[2017.11.03-14.15.56:382][  0]LogSlate: Took 0.002653 seconds to synchronously load lazily loaded font '../../../Engine/Content/Slate/Fonts/Roboto-Regular.ttf' (155K)
[2017.11.03-14.15.56:386][  0]LogSlate: Took 0.002324 seconds to synchronously load lazily loaded font '../../../Engine/Content/Slate/Fonts/Roboto-Bold.ttf' (160K)
[2017.11.03-14.15.56:392][  0]LogSlate: Took 0.002974 seconds to synchronously load lazily loaded font '../../../Engine/Content/Editor/Slate/Fonts/FontAwesome.ttf' (139K)
[2017.11.03-14.15.56:491][  0]LogRenderer: Reallocating scene render targets to support 1276x604 NumSamples 1 (Frame:1).
[2017.11.03-14.15.56:537][  0]LogSlate: Took 0.002675 seconds to synchronously load lazily loaded font '../../../Engine/Content/Slate/Fonts/Roboto-Light.ttf' (159K)
[2017.11.03-14.15.56:606][  0]LogUObjectGlobals:Warning: Failed to find object 'Class None.'
[2017.11.03-14.15.56:658][  0]LogContentBrowser: Native class hierarchy updated for 'HierarchicalLODOutliner' in 0.0009 seconds. Added 1 classes and 2 folders.
[2017.11.03-14.15.56:661][  0]LogLoad: (Engine Initialization) Total time: 17.50 seconds
[2017.11.03-14.15.56:661][  0]LogLoad: (Engine Initialization) Total Blueprint compile time: 0.21 seconds
[2017.11.03-14.15.56:661][  0]LogExternalProfiler: Found external profiler: VSPerf
[2017.11.03-14.15.56:661][  0]LogExternalProfiler: Using external profiler: VSPerf
[2017.11.03-14.15.57:001][  0]LogOcInput: OculusInput pre-init called
[2017.11.03-14.15.57:001][  0]LogHMD: Starting GearVRController plugin
[2017.11.03-14.15.57:013][  0]LogAssetRegistry: Asset discovery search completed in 9.6401 seconds
[2017.11.03-14.15.57:014][  0]LogCollectionManager: Rebuilt the object cache for 0 collections in 0.000000 seconds (found 0 objects)
[2017.11.03-14.15.57:014][  0]LogCollectionManager: Fixed up redirectors for 0 collections in 0.000016 seconds (updated 0 objects)
[2017.11.03-14.15.57:062][  0]LogRenderer: Reallocating scene render targets to support 1276x624 NumSamples 1 (Frame:3).
[2017.11.03-14.15.58:007][  3]LogSlate: Took 0.000183 seconds to synchronously load lazily loaded font '../../../Engine/Content/Slate/Fonts/Roboto-Light.ttf' (159K)
[2017.11.03-14.15.59:999][  9]LogEditorViewport: Clicking on Actor (LMB): Brush (Brush1)
[2017.11.03-14.16.04:187][493]LogTemp: Repeting last play command: New Editor Window (PIE)
[2017.11.03-14.16.04:226][493]LogBlueprintUserMessages: Early PlayInEditor Detection: Level '/Game/ScanReach.ScanReach:PersistentLevel' has LevelScriptBlueprint '/Game/ScanReach.ScanReach:PersistentLevel.ScanReach' with GeneratedClass '/Game/ScanReach.ScanReach_C' with ClassGeneratedBy '/Game/ScanReach.ScanReach:PersistentLevel.ScanReach'
[2017.11.03-14.16.04:226][493]LogPlayLevel: PlayLevel: No blueprints needed recompiling
[2017.11.03-14.16.04:226][493]PIE: New page: PIE session: ScanReach (3 Nov 2017 16:16:04)
[2017.11.03-14.16.04:226][493]LogPlayLevel: Creating play world package: /Game/UEDPIE_0_ScanReach
[2017.11.03-14.16.04:228][493]LogPlayLevel: PIE: StaticDuplicateObject took: (0.002289s)
[2017.11.03-14.16.04:229][493]LogAIModule: Creating AISystem for world ScanReach
[2017.11.03-14.16.04:229][493]LogPlayLevel: PIE: World Init took: (0.000422s)
[2017.11.03-14.16.04:229][493]LogPlayLevel: PIE: Created PIE world by copying editor world from /Game/ScanReach.ScanReach to /Game/UEDPIE_0_ScanReach.ScanReach (0.002839s)
[2017.11.03-14.16.04:237][493]LogInit: XAudio2 using 'Speakers (2- Logitech G933 Gaming Headset)' : 6 channels at 48 kHz using 16 bits per sample (channel mask 0x3f)
[2017.11.03-14.16.04:246][493]LogInit: FAudioDevice initialized.
[2017.11.03-14.16.04:316][493]LogLoad: Game class is 'ScanReach_GM_C'
[2017.11.03-14.16.04:318][493]LogWorld: Bringing World /Game/UEDPIE_0_ScanReach.ScanReach up for play (max tick rate 0) at 2017.11.03-15.16.04
[2017.11.03-14.16.04:318][493]LogWorld: Bringing up level for play took: 0.000984
[2017.11.03-14.16.04:347][493]LogContentBrowser: Native class hierarchy updated for 'MovieSceneCapture' in 0.0009 seconds. Added 11 classes and 0 folders.
[2017.11.03-14.16.04:352][493]PIE: Info Play in editor start time for /Game/UEDPIE_0_ScanReach 0.264
[2017.11.03-14.16.04:352][493]LogBlueprintUserMessages: Late PlayInEditor Detection: Level '/Game/ScanReach.ScanReach:PersistentLevel' has LevelScriptBlueprint '/Game/ScanReach.ScanReach:PersistentLevel.ScanReach' with GeneratedClass '/Game/ScanReach.ScanReach_C' with ClassGeneratedBy '/Game/ScanReach.ScanReach:PersistentLevel.ScanReach'
[2017.11.03-14.16.04:374][493]LogRenderer: Reallocating scene render targets to support 1292x756 NumSamples 1 (Frame:1).
[2017.11.03-14.16.06:495][694]LogBlueprintUserMessages: [BP_WebsocketMaster_222] Connected To: ws://srtdev7-inrange-websocket.azurewebsites.net/inrange
[2017.11.03-14.16.07:687][837]LogBlueprintUserMessages: [BP_WebsocketMaster_222] {
	"tagId": "a4f627c7-66e7-40b6-af13-18d95bb7302e",
	"sensorId": "7f464d36-31a3-4a56-894a-a94f14707e09",
	"rSSI": "-79.668274",
	"onConnectError": "()",
	"onClosed": "()",
	"onConnectComplete": "()",
	"onReceiveData": "()"
}
[2017.11.03-14.16.07:687][837]LogBlueprintUserMessages: [BP_WebsocketMaster_222] New Pawn: a4f627c7-66e7-40b6-af13-18d95bb7302e
[2017.11.03-14.16.08:761][966]LogBlueprintUserMessages: [BP_WebsocketMaster_222] {
	"tagId": "d343d373-0696-4542-8a05-52a261511d54",
	"sensorId": "b1f089d5-6e8e-4001-b860-b29937bc82d6",
	"rSSI": "-72.56544",
	"onConnectError": "()",
	"onClosed": "()",
	"onConnectComplete": "()",
	"onReceiveData": "()"
}
[2017.11.03-14.16.08:762][966]LogBlueprintUserMessages: [BP_WebsocketMaster_222] New Pawn: d343d373-0696-4542-8a05-52a261511d54
[2017.11.03-14.16.08:762][966]LogScript:Warning: Accessed None trying to read property CurrentSensor
	bp_Sensor_C /Game/UEDPIE_0_ScanReach.ScanReach:PersistentLevel.bp_Sensor4_2394
	Function /Game/Blueprints/Ship/bp_Sensor.bp_Sensor_C:SearchAndMoveTagId:0075
[2017.11.03-14.16.08:762][966]LogBlueprintUserMessages: [bp_Sensor4_2394] b1f089d5-6e8e-4001-b860-b29937bc82d6
[2017.11.03-14.16.08:837][975]LogBlueprintUserMessages: Early EndPlayMap Detection: Level '/Game/ScanReach.ScanReach:PersistentLevel' has LevelScriptBlueprint '/Game/ScanReach.ScanReach:PersistentLevel.ScanReach' with GeneratedClass '/Game/ScanReach.ScanReach_C' with ClassGeneratedBy '/Game/ScanReach.ScanReach:PersistentLevel.ScanReach'
[2017.11.03-14.16.08:899][975]LogBlueprintUserMessages: Late EndPlayMap Detection: Level '/Game/ScanReach.ScanReach:PersistentLevel' has LevelScriptBlueprint '/Game/ScanReach.ScanReach:PersistentLevel.ScanReach' with GeneratedClass '/Game/ScanReach.ScanReach_C' with ClassGeneratedBy '/Game/ScanReach.ScanReach:PersistentLevel.ScanReach'
[2017.11.03-14.16.17:837][ 42]LogSlate: Took 0.000106 seconds to synchronously load lazily loaded font '../../../Engine/Content/Slate/Fonts/Roboto-Light.ttf' (159K)
[2017.11.03-14.16.18:122][ 42]LogContentBrowser: Native class hierarchy updated for 'BlueprintGraph' in 0.0011 seconds. Added 112 classes and 0 folders.
[2017.11.03-14.16.18:550][ 42]LogSlate: Took 0.002733 seconds to synchronously load lazily loaded font '../../../Engine/Content/Editor/Slate/Fonts/Roboto-BoldCondensed.ttf' (158K)
[2017.11.03-14.16.30:673][450]BlueprintLog: New page: Compile w_Deckview
[2017.11.03-14.16.30:761][450]BlueprintEditorCompileResults: Info Fast Template Successfully Created.
[2017.11.03-14.16.31:672][551]LogSavePackage: Save=17.48ms
[2017.11.03-14.16.31:672][551]LogSavePackage: Moving '../../../../../../Users/Bendick/Documents/GitHub/SR_Prototype_V3/SR_Prototype_V3/Saved/w_DeckviewE7B033934DB423870EFF8DBA738398A9.tmp' to '../../../../../../Users/Bendick/Documents/GitHub/SR_Prototype_V3/SR_Prototype_V3/Content/Blueprints/Widgets/w_Deckview.uasset'
[2017.11.03-14.16.31:675][551]LogSavePackage:Display: Finished SavePackage ../../../../../../Users/Bendick/Documents/GitHub/SR_Prototype_V3/SR_Prototype_V3/Content/Blueprints/Widgets/w_Deckview.uasset
[2017.11.03-14.16.32:070][593]LogSavePackage: Save=15.97ms
[2017.11.03-14.16.32:070][593]LogSavePackage: Moving '../../../../../../Users/Bendick/Documents/GitHub/SR_Prototype_V3/SR_Prototype_V3/Saved/w_DeckviewC3BCA81B4C95E56DF08A4D9E5DB051F0.tmp' to '../../../../../../Users/Bendick/Documents/GitHub/SR_Prototype_V3/SR_Prototype_V3/Content/Blueprints/Widgets/w_Deckview.uasset'
[2017.11.03-14.16.32:071][593]LogSavePackage:Display: Finished SavePackage ../../../../../../Users/Bendick/Documents/GitHub/SR_Prototype_V3/SR_Prototype_V3/Content/Blueprints/Widgets/w_Deckview.uasset
[2017.11.03-14.16.32:378][630]LogTemp: Repeting last play command: New Editor Window (PIE)
[2017.11.03-14.16.32:398][630]LogBlueprintUserMessages: Early PlayInEditor Detection: Level '/Game/ScanReach.ScanReach:PersistentLevel' has LevelScriptBlueprint '/Game/ScanReach.ScanReach:PersistentLevel.ScanReach' with GeneratedClass '/Game/ScanReach.ScanReach_C' with ClassGeneratedBy '/Game/ScanReach.ScanReach:PersistentLevel.ScanReach'
[2017.11.03-14.16.32:398][630]LogPlayLevel: PlayLevel: No blueprints needed recompiling
[2017.11.03-14.16.32:398][630]PIE: New page: PIE session: ScanReach (3 Nov 2017 16:16:32)
[2017.11.03-14.16.32:398][630]LogPlayLevel: Creating play world package: /Game/UEDPIE_0_ScanReach
[2017.11.03-14.16.32:401][630]LogPlayLevel: PIE: StaticDuplicateObject took: (0.002389s)
[2017.11.03-14.16.32:401][630]LogAIModule: Creating AISystem for world ScanReach
[2017.11.03-14.16.32:402][630]LogPlayLevel: PIE: World Init took: (0.000609s)
[2017.11.03-14.16.32:402][630]LogPlayLevel: PIE: Created PIE world by copying editor world from /Game/ScanReach.ScanReach to /Game/UEDPIE_0_ScanReach.ScanReach (0.003140s)
[2017.11.03-14.16.32:415][630]LogInit: XAudio2 using 'Speakers (2- Logitech G933 Gaming Headset)' : 6 channels at 48 kHz using 16 bits per sample (channel mask 0x3f)
[2017.11.03-14.16.32:425][630]LogInit: FAudioDevice initialized.
[2017.11.03-14.16.32:475][630]LogLoad: Game class is 'ScanReach_GM_C'
[2017.11.03-14.16.32:477][630]LogWorld: Bringing World /Game/UEDPIE_0_ScanReach.ScanReach up for play (max tick rate 0) at 2017.11.03-15.16.32
[2017.11.03-14.16.32:477][630]LogWorld: Bringing up level for play took: 0.001036
[2017.11.03-14.16.32:481][630]PIE: Info Play in editor start time for /Game/UEDPIE_0_ScanReach 0.392
[2017.11.03-14.16.32:481][630]LogBlueprintUserMessages: Late PlayInEditor Detection: Level '/Game/ScanReach.ScanReach:PersistentLevel' has LevelScriptBlueprint '/Game/ScanReach.ScanReach:PersistentLevel.ScanReach' with GeneratedClass '/Game/ScanReach.ScanReach_C' with ClassGeneratedBy '/Game/ScanReach.ScanReach:PersistentLevel.ScanReach'
[2017.11.03-14.16.34:123][824]LogBlueprintUserMessages: [BP_WebsocketMaster_222] Connected To: ws://srtdev7-inrange-websocket.azurewebsites.net/inrange
[2017.11.03-14.16.35:515][991]LogBlueprintUserMessages: [BP_WebsocketMaster_222] {
	"tagId": "c1a8b364-77b6-400e-883c-c93cbc2fa96e",
	"sensorId": "3cff7215-ab99-4071-b738-9ede02b36604",
	"rSSI": "-65.509514",
	"onConnectError": "()",
	"onClosed": "()",
	"onConnectComplete": "()",
	"onReceiveData": "()"
}
[2017.11.03-14.16.35:515][991]LogBlueprintUserMessages: [BP_WebsocketMaster_222] New Pawn: c1a8b364-77b6-400e-883c-c93cbc2fa96e
[2017.11.03-14.16.36:306][ 86]LogBlueprintUserMessages: [BP_WebsocketMaster_222] {
	"tagId": "a4f627c7-66e7-40b6-af13-18d95bb7302e",
	"sensorId": "6a46c0b8-f691-40a2-bf8c-041ec09dc7ac",
	"rSSI": "-59.708103",
	"onConnectError": "()",
	"onClosed": "()",
	"onConnectComplete": "()",
	"onReceiveData": "()"
}
[2017.11.03-14.16.36:307][ 86]LogBlueprintUserMessages: [BP_WebsocketMaster_222] New Pawn: a4f627c7-66e7-40b6-af13-18d95bb7302e
[2017.11.03-14.16.37:524][232]LogBlueprintUserMessages: [BP_WebsocketMaster_222] {
	"tagId": "c1a8b364-77b6-400e-883c-c93cbc2fa96e",
	"sensorId": "7f464d36-31a3-4a56-894a-a94f14707e09",
	"rSSI": "-67.2993",
	"onConnectError": "()",
	"onClosed": "()",
	"onConnectComplete": "()",
	"onReceiveData": "()"
}
[2017.11.03-14.16.37:524][232]LogScript:Warning: Accessed None trying to read property CallFunc_Array_Get_Item2
	BP_WebsocketMaster_C /Game/UEDPIE_0_ScanReach.ScanReach:PersistentLevel.BP_WebsocketMaster_222
	Function /Game/Blueprints/Websocket/BP_WebsocketMaster.BP_WebsocketMaster_C:ExecuteUbergraph_BP_WebsocketMaster:0463
[2017.11.03-14.16.38:323][328]LogBlueprintUserMessages: [BP_WebsocketMaster_222] {
	"tagId": "c1a8b364-77b6-400e-883c-c93cbc2fa96e",
	"sensorId": "6a46c0b8-f691-40a2-bf8c-041ec09dc7ac",
	"rSSI": "-57.341858",
	"onConnectError": "()",
	"onClosed": "()",
	"onConnectComplete": "()",
	"onReceiveData": "()"
}
[2017.11.03-14.16.38:324][328]LogScript:Warning: Accessed None trying to read property CallFunc_Array_Get_Item2
	BP_WebsocketMaster_C /Game/UEDPIE_0_ScanReach.ScanReach:PersistentLevel.BP_WebsocketMaster_222
	Function /Game/Blueprints/Websocket/BP_WebsocketMaster.BP_WebsocketMaster_C:ExecuteUbergraph_BP_WebsocketMaster:0463
[2017.11.03-14.16.39:532][473]LogBlueprintUserMessages: [BP_WebsocketMaster_222] {
	"tagId": "d63e739a-fca8-4ed6-b0b9-df8ccc003eee",
	"sensorId": "6a46c0b8-f691-40a2-bf8c-041ec09dc7ac",
	"rSSI": "-77.95636",
	"onConnectError": "()",
	"onClosed": "()",
	"onConnectComplete": "()",
	"onReceiveData": "()"
}
[2017.11.03-14.16.39:533][473]LogBlueprintUserMessages: [BP_WebsocketMaster_222] New Pawn: d63e739a-fca8-4ed6-b0b9-df8ccc003eee
[2017.11.03-14.16.40:341][570]LogBlueprintUserMessages: [BP_WebsocketMaster_222] {
	"tagId": "a4f627c7-66e7-40b6-af13-18d95bb7302e",
	"sensorId": "6a46c0b8-f691-40a2-bf8c-041ec09dc7ac",
	"rSSI": "-57.228714",
	"onConnectError": "()",
	"onClosed": "()",
	"onConnectComplete": "()",
	"onReceiveData": "()"
}
[2017.11.03-14.16.40:341][570]LogScript:Warning: Accessed None trying to read property CallFunc_Array_Get_Item2
	BP_WebsocketMaster_C /Game/UEDPIE_0_ScanReach.ScanReach:PersistentLevel.BP_WebsocketMaster_222
	Function /Game/Blueprints/Websocket/BP_WebsocketMaster.BP_WebsocketMaster_C:ExecuteUbergraph_BP_WebsocketMaster:0463
[2017.11.03-14.16.41:549][715]LogBlueprintUserMessages: [BP_WebsocketMaster_222] {
	"tagId": "c1a8b364-77b6-400e-883c-c93cbc2fa96e",
	"sensorId": "cfdfb18f-7a15-4922-b52e-2dbed43c299d",
	"rSSI": "-48.226864",
	"onConnectError": "()",
	"onClosed": "()",
	"onConnectComplete": "()",
	"onReceiveData": "()"
}
[2017.11.03-14.16.41:549][715]LogScript:Warning: Accessed None trying to read property CallFunc_Array_Get_Item2
	BP_WebsocketMaster_C /Game/UEDPIE_0_ScanReach.ScanReach:PersistentLevel.BP_WebsocketMaster_222
	Function /Game/Blueprints/Websocket/BP_WebsocketMaster.BP_WebsocketMaster_C:ExecuteUbergraph_BP_WebsocketMaster:0463
[2017.11.03-14.16.41:549][715]LogScript:Warning: Accessed None trying to read property CurrentSensor
	bp_Sensor_C /Game/UEDPIE_0_ScanReach.ScanReach:PersistentLevel.bp_Sensor3_2043
	Function /Game/Blueprints/Ship/bp_Sensor.bp_Sensor_C:SearchAndMoveTagId:0075
[2017.11.03-14.16.41:549][715]LogBlueprintUserMessages: [bp_Sensor3_2043] cfdfb18f-7a15-4922-b52e-2dbed43c299d
[2017.11.03-14.16.42:366][813]LogBlueprintUserMessages: [BP_WebsocketMaster_222] {
	"tagId": "490d1d0f-0670-4675-a278-c3e0a54a389a",
	"sensorId": "7f464d36-31a3-4a56-894a-a94f14707e09",
	"rSSI": "-73.727264",
	"onConnectError": "()",
	"onClosed": "()",
	"onConnectComplete": "()",
	"onReceiveData": "()"
}
[2017.11.03-14.16.42:366][813]LogBlueprintUserMessages: [BP_WebsocketMaster_222] New Pawn: 490d1d0f-0670-4675-a278-c3e0a54a389a
[2017.11.03-14.16.43:541][954]LogBlueprintUserMessages: [BP_WebsocketMaster_222] {
	"tagId": "c1a8b364-77b6-400e-883c-c93cbc2fa96e",
	"sensorId": "3cff7215-ab99-4071-b738-9ede02b36604",
	"rSSI": "-69.66477",
	"onConnectError": "()",
	"onClosed": "()",
	"onConnectComplete": "()",
	"onReceiveData": "()"
}
[2017.11.03-14.16.43:541][954]LogScript:Warning: Accessed None trying to read property CallFunc_Array_Get_Item2
	BP_WebsocketMaster_C /Game/UEDPIE_0_ScanReach.ScanReach:PersistentLevel.BP_WebsocketMaster_222
	Function /Game/Blueprints/Websocket/BP_WebsocketMaster.BP_WebsocketMaster_C:ExecuteUbergraph_BP_WebsocketMaster:0463
[2017.11.03-14.16.44:383][ 55]LogBlueprintUserMessages: [BP_WebsocketMaster_222] {
	"tagId": "d63e739a-fca8-4ed6-b0b9-df8ccc003eee",
	"sensorId": "5a161fa2-488f-4024-9753-a4e4a3ded31a",
	"rSSI": "-42.747482",
	"onConnectError": "()",
	"onClosed": "()",
	"onConnectComplete": "()",
	"onReceiveData": "()"
}
[2017.11.03-14.16.44:383][ 55]LogScript:Warning: Accessed None trying to read property CallFunc_Array_Get_Item2
	BP_WebsocketMaster_C /Game/UEDPIE_0_ScanReach.ScanReach:PersistentLevel.BP_WebsocketMaster_222
	Function /Game/Blueprints/Websocket/BP_WebsocketMaster.BP_WebsocketMaster_C:ExecuteUbergraph_BP_WebsocketMaster:0463
[2017.11.03-14.16.44:383][ 55]LogScript:Warning: Accessed None trying to read property CurrentSensor
	bp_Sensor_C /Game/UEDPIE_0_ScanReach.ScanReach:PersistentLevel.bp_Sensor2_1902
	Function /Game/Blueprints/Ship/bp_Sensor.bp_Sensor_C:SearchAndMoveTagId:0075
[2017.11.03-14.16.44:383][ 55]LogBlueprintUserMessages: [bp_Sensor2_1902] 5a161fa2-488f-4024-9753-a4e4a3ded31a
[2017.11.03-14.16.45:541][194]LogBlueprintUserMessages: [BP_WebsocketMaster_222] {
	"tagId": "d63e739a-fca8-4ed6-b0b9-df8ccc003eee",
	"sensorId": "5a161fa2-488f-4024-9753-a4e4a3ded31a",
	"rSSI": "-71.768555",
	"onConnectError": "()",
	"onClosed": "()",
	"onConnectComplete": "()",
	"onReceiveData": "()"
}
[2017.11.03-14.16.45:541][194]LogScript:Warning: Accessed None trying to read property CallFunc_Array_Get_Item2
	BP_WebsocketMaster_C /Game/UEDPIE_0_ScanReach.ScanReach:PersistentLevel.BP_WebsocketMaster_222
	Function /Game/Blueprints/Websocket/BP_WebsocketMaster.BP_WebsocketMaster_C:ExecuteUbergraph_BP_WebsocketMaster:0463
[2017.11.03-14.16.45:541][194]LogBlueprintUserMessages: [bp_Sensor2_1902] 5a161fa2-488f-4024-9753-a4e4a3ded31a
[2017.11.03-14.16.45:852][227]LogRenderer: Reallocating scene render targets to support 1920x1028 NumSamples 1 (Frame:1599).
[2017.11.03-14.16.46:406][293]LogBlueprintUserMessages: [BP_WebsocketMaster_222] {
	"tagId": "d343d373-0696-4542-8a05-52a261511d54",
	"sensorId": "6a46c0b8-f691-40a2-bf8c-041ec09dc7ac",
	"rSSI": "-67.91434",
	"onConnectError": "()",
	"onClosed": "()",
	"onConnectComplete": "()",
	"onReceiveData": "()"
}
[2017.11.03-14.16.46:406][293]LogBlueprintUserMessages: [BP_WebsocketMaster_222] New Pawn: d343d373-0696-4542-8a05-52a261511d54
[2017.11.03-14.16.47:565][432]LogBlueprintUserMessages: [BP_WebsocketMaster_222] {
	"tagId": "c1a8b364-77b6-400e-883c-c93cbc2fa96e",
	"sensorId": "7f464d36-31a3-4a56-894a-a94f14707e09",
	"rSSI": "-45.34566",
	"onConnectError": "()",
	"onClosed": "()",
	"onConnectComplete": "()",
	"onReceiveData": "()"
}
[2017.11.03-14.16.47:565][432]LogScript:Warning: Accessed None trying to read property CallFunc_Array_Get_Item2
	BP_WebsocketMaster_C /Game/UEDPIE_0_ScanReach.ScanReach:PersistentLevel.BP_WebsocketMaster_222
	Function /Game/Blueprints/Websocket/BP_WebsocketMaster.BP_WebsocketMaster_C:ExecuteUbergraph_BP_WebsocketMaster:0463
[2017.11.03-14.16.48:423][535]LogBlueprintUserMessages: [BP_WebsocketMaster_222] {
	"tagId": "a4f627c7-66e7-40b6-af13-18d95bb7302e",
	"sensorId": "5a161fa2-488f-4024-9753-a4e4a3ded31a",
	"rSSI": "-40.51604",
	"onConnectError": "()",
	"onClosed": "()",
	"onConnectComplete": "()",
	"onReceiveData": "()"
}
[2017.11.03-14.16.48:423][535]LogScript:Warning: Accessed None trying to read property CallFunc_Array_Get_Item2
	BP_WebsocketMaster_C /Game/UEDPIE_0_ScanReach.ScanReach:PersistentLevel.BP_WebsocketMaster_222
	Function /Game/Blueprints/Websocket/BP_WebsocketMaster.BP_WebsocketMaster_C:ExecuteUbergraph_BP_WebsocketMaster:0463
[2017.11.03-14.16.48:423][535]LogScript:Warning: Accessed None trying to read property CurrentSensor
	bp_Sensor_C /Game/UEDPIE_0_ScanReach.ScanReach:PersistentLevel.bp_Sensor2_1902
	Function /Game/Blueprints/Ship/bp_Sensor.bp_Sensor_C:SearchAndMoveTagId:0075
[2017.11.03-14.16.48:423][535]LogBlueprintUserMessages: [bp_Sensor2_1902] 5a161fa2-488f-4024-9753-a4e4a3ded31a
[2017.11.03-14.16.49:606][677]LogBlueprintUserMessages: [BP_WebsocketMaster_222] {
	"tagId": "490d1d0f-0670-4675-a278-c3e0a54a389a",
	"sensorId": "cfdfb18f-7a15-4922-b52e-2dbed43c299d",
	"rSSI": "-55.14769",
	"onConnectError": "()",
	"onClosed": "()",
	"onConnectComplete": "()",
	"onReceiveData": "()"
}
[2017.11.03-14.16.49:606][677]LogScript:Warning: Accessed None trying to read property CallFunc_Array_Get_Item2
	BP_WebsocketMaster_C /Game/UEDPIE_0_ScanReach.ScanReach:PersistentLevel.BP_WebsocketMaster_222
	Function /Game/Blueprints/Websocket/BP_WebsocketMaster.BP_WebsocketMaster_C:ExecuteUbergraph_BP_WebsocketMaster:0463
[2017.11.03-14.16.49:606][677]LogScript:Warning: Accessed None trying to read property CurrentSensor
	bp_Sensor_C /Game/UEDPIE_0_ScanReach.ScanReach:PersistentLevel.bp_Sensor3_2043
	Function /Game/Blueprints/Ship/bp_Sensor.bp_Sensor_C:SearchAndMoveTagId:0075
[2017.11.03-14.16.49:606][677]LogBlueprintUserMessages: [bp_Sensor3_2043] cfdfb18f-7a15-4922-b52e-2dbed43c299d
[2017.11.03-14.16.50:440][777]LogBlueprintUserMessages: [BP_WebsocketMaster_222] {
	"tagId": "a4f627c7-66e7-40b6-af13-18d95bb7302e",
	"sensorId": "a895776a-5510-48c3-88bc-56118557b179",
	"rSSI": "-42.62071",
	"onConnectError": "()",
	"onClosed": "()",
	"onConnectComplete": "()",
	"onReceiveData": "()"
}
[2017.11.03-14.16.50:440][777]LogScript:Warning: Accessed None trying to read property CallFunc_Array_Get_Item2
	BP_WebsocketMaster_C /Game/UEDPIE_0_ScanReach.ScanReach:PersistentLevel.BP_WebsocketMaster_222
	Function /Game/Blueprints/Websocket/BP_WebsocketMaster.BP_WebsocketMaster_C:ExecuteUbergraph_BP_WebsocketMaster:0463
[2017.11.03-14.16.50:440][777]LogBlueprintUserMessages: [bp_Sensor_1695] a895776a-5510-48c3-88bc-56118557b179
[2017.11.03-14.16.51:573][913]LogBlueprintUserMessages: [BP_WebsocketMaster_222] {
	"tagId": "490d1d0f-0670-4675-a278-c3e0a54a389a",
	"sensorId": "a895776a-5510-48c3-88bc-56118557b179",
	"rSSI": "-69.86846",
	"onConnectError": "()",
	"onClosed": "()",
	"onConnectComplete": "()",
	"onReceiveData": "()"
}
[2017.11.03-14.16.51:573][913]LogScript:Warning: Accessed None trying to read property CallFunc_Array_Get_Item2
	BP_WebsocketMaster_C /Game/UEDPIE_0_ScanReach.ScanReach:PersistentLevel.BP_WebsocketMaster_222
	Function /Game/Blueprints/Websocket/BP_WebsocketMaster.BP_WebsocketMaster_C:ExecuteUbergraph_BP_WebsocketMaster:0463
[2017.11.03-14.16.51:573][913]LogBlueprintUserMessages: [bp_Sensor_1695] a895776a-5510-48c3-88bc-56118557b179
[2017.11.03-14.16.52:448][ 18]LogBlueprintUserMessages: [BP_WebsocketMaster_222] {
	"tagId": "a4f627c7-66e7-40b6-af13-18d95bb7302e",
	"sensorId": "b1f089d5-6e8e-4001-b860-b29937bc82d6",
	"rSSI": "-58.315407",
	"onConnectError": "()",
	"onClosed": "()",
	"onConnectComplete": "()",
	"onReceiveData": "()"
}
[2017.11.03-14.16.52:448][ 18]LogScript:Warning: Accessed None trying to read property CallFunc_Array_Get_Item2
	BP_WebsocketMaster_C /Game/UEDPIE_0_ScanReach.ScanReach:PersistentLevel.BP_WebsocketMaster_222
	Function /Game/Blueprints/Websocket/BP_WebsocketMaster.BP_WebsocketMaster_C:ExecuteUbergraph_BP_WebsocketMaster:0463
[2017.11.03-14.16.52:448][ 18]LogBlueprintUserMessages: [bp_Sensor4_2394] b1f089d5-6e8e-4001-b860-b29937bc82d6
[2017.11.03-14.16.53:540][149]LogBlueprintUserMessages: [BP_WebsocketMaster_222] {
	"tagId": "490d1d0f-0670-4675-a278-c3e0a54a389a",
	"sensorId": "302316ab-3b7b-45f1-9fc0-5f0b4f819c41",
	"rSSI": "-41.947594",
	"onConnectError": "()",
	"onClosed": "()",
	"onConnectComplete": "()",
	"onReceiveData": "()"
}
[2017.11.03-14.16.53:540][149]LogScript:Warning: Accessed None trying to read property CallFunc_Array_Get_Item2
	BP_WebsocketMaster_C /Game/UEDPIE_0_ScanReach.ScanReach:PersistentLevel.BP_WebsocketMaster_222
	Function /Game/Blueprints/Websocket/BP_WebsocketMaster.BP_WebsocketMaster_C:ExecuteUbergraph_BP_WebsocketMaster:0463
[2017.11.03-14.16.54:457][259]LogBlueprintUserMessages: [BP_WebsocketMaster_222] {
	"tagId": "490d1d0f-0670-4675-a278-c3e0a54a389a",
	"sensorId": "3cff7215-ab99-4071-b738-9ede02b36604",
	"rSSI": "-52.12405",
	"onConnectError": "()",
	"onClosed": "()",
	"onConnectComplete": "()",
	"onReceiveData": "()"
}
[2017.11.03-14.16.54:457][259]LogScript:Warning: Accessed None trying to read property CallFunc_Array_Get_Item2
	BP_WebsocketMaster_C /Game/UEDPIE_0_ScanReach.ScanReach:PersistentLevel.BP_WebsocketMaster_222
	Function /Game/Blueprints/Websocket/BP_WebsocketMaster.BP_WebsocketMaster_C:ExecuteUbergraph_BP_WebsocketMaster:0463
[2017.11.03-14.16.55:548][390]LogBlueprintUserMessages: [BP_WebsocketMaster_222] {
	"tagId": "a4f627c7-66e7-40b6-af13-18d95bb7302e",
	"sensorId": "70c81956-1c1a-40f4-aa2b-3a743a9deac3",
	"rSSI": "-70.678215",
	"onConnectError": "()",
	"onClosed": "()",
	"onConnectComplete": "()",
	"onReceiveData": "()"
}
[2017.11.03-14.16.55:548][390]LogScript:Warning: Accessed None trying to read property CallFunc_Array_Get_Item2
	BP_WebsocketMaster_C /Game/UEDPIE_0_ScanReach.ScanReach:PersistentLevel.BP_WebsocketMaster_222
	Function /Game/Blueprints/Websocket/BP_WebsocketMaster.BP_WebsocketMaster_C:ExecuteUbergraph_BP_WebsocketMaster:0463
[2017.11.03-14.16.56:482][502]LogBlueprintUserMessages: [BP_WebsocketMaster_222] {
	"tagId": "d63e739a-fca8-4ed6-b0b9-df8ccc003eee",
	"sensorId": "b1f089d5-6e8e-4001-b860-b29937bc82d6",
	"rSSI": "-62.7408",
	"onConnectError": "()",
	"onClosed": "()",
	"onConnectComplete": "()",
	"onReceiveData": "()"
}
[2017.11.03-14.16.56:482][502]LogScript:Warning: Accessed None trying to read property CallFunc_Array_Get_Item2
	BP_WebsocketMaster_C /Game/UEDPIE_0_ScanReach.ScanReach:PersistentLevel.BP_WebsocketMaster_222
	Function /Game/Blueprints/Websocket/BP_WebsocketMaster.BP_WebsocketMaster_C:ExecuteUbergraph_BP_WebsocketMaster:0463
[2017.11.03-14.16.56:482][502]LogBlueprintUserMessages: [bp_Sensor4_2394] b1f089d5-6e8e-4001-b860-b29937bc82d6
[2017.11.03-14.16.57:637][640]LogBlueprintUserMessages: [BP_WebsocketMaster_222] {
	"tagId": "490d1d0f-0670-4675-a278-c3e0a54a389a",
	"sensorId": "9f7e559f-d9e4-4143-bea3-69bb144d9d76",
	"rSSI": "-57.759895",
	"onConnectError": "()",
	"onClosed": "()",
	"onConnectComplete": "()",
	"onReceiveData": "()"
}
[2017.11.03-14.16.58:495][743]LogBlueprintUserMessages: [BP_WebsocketMaster_222] {
	"tagId": "d343d373-0696-4542-8a05-52a261511d54",
	"sensorId": "70c81956-1c1a-40f4-aa2b-3a743a9deac3",
	"rSSI": "-75.759514",
	"onConnectError": "()",
	"onClosed": "()",
	"onConnectComplete": "()",
	"onReceiveData": "()"
}
[2017.11.03-14.16.59:629][879]LogBlueprintUserMessages: [BP_WebsocketMaster_222] {
	"tagId": "d343d373-0696-4542-8a05-52a261511d54",
	"sensorId": "7f464d36-31a3-4a56-894a-a94f14707e09",
	"rSSI": "-60.740963",
	"onConnectError": "()",
	"onClosed": "()",
	"onConnectComplete": "()",
	"onReceiveData": "()"
}
[2017.11.03-14.17.00:495][983]LogBlueprintUserMessages: [BP_WebsocketMaster_222] {
	"tagId": "d63e739a-fca8-4ed6-b0b9-df8ccc003eee",
	"sensorId": "3cff7215-ab99-4071-b738-9ede02b36604",
	"rSSI": "-45.304863",
	"onConnectError": "()",
	"onClosed": "()",
	"onConnectComplete": "()",
	"onReceiveData": "()"
}
[2017.11.03-14.17.01:645][121]LogBlueprintUserMessages: [BP_WebsocketMaster_222] {
	"tagId": "a4f627c7-66e7-40b6-af13-18d95bb7302e",
	"sensorId": "70c81956-1c1a-40f4-aa2b-3a743a9deac3",
	"rSSI": "-76.27461",
	"onConnectError": "()",
	"onClosed": "()",
	"onConnectComplete": "()",
	"onReceiveData": "()"
}
[2017.11.03-14.17.02:520][226]LogBlueprintUserMessages: [BP_WebsocketMaster_222] {
	"tagId": "490d1d0f-0670-4675-a278-c3e0a54a389a",
	"sensorId": "3cff7215-ab99-4071-b738-9ede02b36604",
	"rSSI": "-57.180588",
	"onConnectError": "()",
	"onClosed": "()",
	"onConnectComplete": "()",
	"onReceiveData": "()"
}
[2017.11.03-14.17.03:541][347]LogBlueprintUserMessages: [BP_WebsocketMaster_222] {
	"tagId": "d63e739a-fca8-4ed6-b0b9-df8ccc003eee",
	"sensorId": "cfdfb18f-7a15-4922-b52e-2dbed43c299d",
	"rSSI": "-43.975338",
	"onConnectError": "()",
	"onClosed": "()",
	"onConnectComplete": "()",
	"onReceiveData": "()"
}
[2017.11.03-14.17.03:541][347]LogBlueprintUserMessages: [bp_Sensor3_2043] cfdfb18f-7a15-4922-b52e-2dbed43c299d
[2017.11.03-14.17.03:542][347]LogBlueprintUserMessages: Early EndPlayMap Detection: Level '/Game/ScanReach.ScanReach:PersistentLevel' has LevelScriptBlueprint '/Game/ScanReach.ScanReach:PersistentLevel.ScanReach' with GeneratedClass '/Game/ScanReach.ScanReach_C' with ClassGeneratedBy '/Game/ScanReach.ScanReach:PersistentLevel.ScanReach'
[2017.11.03-14.17.03:591][347]LogBlueprintUserMessages: Late EndPlayMap Detection: Level '/Game/ScanReach.ScanReach:PersistentLevel' has LevelScriptBlueprint '/Game/ScanReach.ScanReach:PersistentLevel.ScanReach' with GeneratedClass '/Game/ScanReach.ScanReach_C' with ClassGeneratedBy '/Game/ScanReach.ScanReach:PersistentLevel.ScanReach'
[2017.11.03-14.18.50:525][112]LogSavePackage: Save=17.04ms
[2017.11.03-14.18.50:525][112]LogSavePackage: Moving '../../../../../../Users/Bendick/Documents/GitHub/SR_Prototype_V3/SR_Prototype_V3/Saved/w_DeckviewFA9834B04A1A5724072851B5839B806F.tmp' to '../../../../../../Users/Bendick/Documents/GitHub/SR_Prototype_V3/SR_Prototype_V3/Content/Blueprints/Widgets/w_Deckview.uasset'
[2017.11.03-14.18.50:526][112]LogSavePackage:Display: Finished SavePackage ../../../../../../Users/Bendick/Documents/GitHub/SR_Prototype_V3/SR_Prototype_V3/Content/Blueprints/Widgets/w_Deckview.uasset
[2017.11.03-14.18.58:480][ 56]LogSlate: Took 0.003655 seconds to synchronously load lazily loaded font '../../../Engine/Content/Editor/Slate/Fonts/Roboto-Italic.ttf' (157K)
[2017.11.03-14.20.53:438][730]BlueprintLog: New page: Compile w_Deckview
[2017.11.03-14.20.53:552][730]BlueprintEditorCompileResults: Info Fast Template Successfully Created.
[2017.11.03-14.20.53:809][753]LogSavePackage: Save=25.98ms
[2017.11.03-14.20.53:809][753]LogSavePackage: Moving '../../../../../../Users/Bendick/Documents/GitHub/SR_Prototype_V3/SR_Prototype_V3/Saved/w_Deckview64D198DC45660B47A327F9985A6C1753.tmp' to '../../../../../../Users/Bendick/Documents/GitHub/SR_Prototype_V3/SR_Prototype_V3/Content/Blueprints/Widgets/w_Deckview.uasset'
[2017.11.03-14.20.53:811][753]LogSavePackage:Display: Finished SavePackage ../../../../../../Users/Bendick/Documents/GitHub/SR_Prototype_V3/SR_Prototype_V3/Content/Blueprints/Widgets/w_Deckview.uasset
[2017.11.03-14.20.54:090][779]LogSavePackage: Save=24.12ms
[2017.11.03-14.20.54:090][779]LogSavePackage: Moving '../../../../../../Users/Bendick/Documents/GitHub/SR_Prototype_V3/SR_Prototype_V3/Saved/w_Deckview1DE014F240C3CE9D713A60BBE310E93C.tmp' to '../../../../../../Users/Bendick/Documents/GitHub/SR_Prototype_V3/SR_Prototype_V3/Content/Blueprints/Widgets/w_Deckview.uasset'
[2017.11.03-14.20.54:091][779]LogSavePackage:Display: Finished SavePackage ../../../../../../Users/Bendick/Documents/GitHub/SR_Prototype_V3/SR_Prototype_V3/Content/Blueprints/Widgets/w_Deckview.uasset
[2017.11.03-14.24.22:291][178]LogLinker: Can't find file '/Game/Blueprints/Widgets/w_Options'
[2017.11.03-14.24.22:291][178]LogLinker: Can't find file '/Game/Blueprints/Widgets/w_Options'
[2017.11.03-14.25.17:250][741]LogSavePackage: Save=8.25ms
[2017.11.03-14.25.17:250][741]LogSavePackage: Moving '../../../../../../Users/Bendick/Documents/GitHub/SR_Prototype_V3/SR_Prototype_V3/Saved/w_Options4BDA27F546AA5ED9C84D568800AE745B.tmp' to '../../../../../../Users/Bendick/Documents/GitHub/SR_Prototype_V3/SR_Prototype_V3/Content/Blueprints/Widgets/w_Options.uasset'
[2017.11.03-14.25.17:253][741]LogSavePackage:Display: Finished SavePackage ../../../../../../Users/Bendick/Documents/GitHub/SR_Prototype_V3/SR_Prototype_V3/Content/Blueprints/Widgets/w_Options.uasset
[2017.11.03-14.29.28:346][655]LogSavePackage: Save=7.66ms
[2017.11.03-14.29.28:346][655]LogSavePackage: Moving '../../../../../../Users/Bendick/Documents/GitHub/SR_Prototype_V3/SR_Prototype_V3/Saved/w_OptionsCCD7F1904FFB5928583164958EC3563E.tmp' to '../../../../../../Users/Bendick/Documents/GitHub/SR_Prototype_V3/SR_Prototype_V3/Content/Blueprints/Widgets/w_Options.uasset'
[2017.11.03-14.29.28:346][655]LogSavePackage:Display: Finished SavePackage ../../../../../../Users/Bendick/Documents/GitHub/SR_Prototype_V3/SR_Prototype_V3/Content/Blueprints/Widgets/w_Options.uasset
[2017.11.03-14.29.29:521][796]BlueprintLog: New page: Compile w_Options
[2017.11.03-14.29.29:596][796]BlueprintEditorCompileResults: Info Fast Template Successfully Created.
[2017.11.03-14.29.29:966][835]LogSavePackage: Save=7.78ms
[2017.11.03-14.29.29:966][835]LogSavePackage: Moving '../../../../../../Users/Bendick/Documents/GitHub/SR_Prototype_V3/SR_Prototype_V3/Saved/w_Options15C8C96445B005997EE191884B6B3E9F.tmp' to '../../../../../../Users/Bendick/Documents/GitHub/SR_Prototype_V3/SR_Prototype_V3/Content/Blueprints/Widgets/w_Options.uasset'
[2017.11.03-14.29.29:967][835]LogSavePackage:Display: Finished SavePackage ../../../../../../Users/Bendick/Documents/GitHub/SR_Prototype_V3/SR_Prototype_V3/Content/Blueprints/Widgets/w_Options.uasset
[2017.11.03-14.29.31:687][ 34]LogSavePackage: Save=19.17ms
[2017.11.03-14.29.31:687][ 34]LogSavePackage: Moving '../../../../../../Users/Bendick/Documents/GitHub/SR_Prototype_V3/SR_Prototype_V3/Saved/w_Options7F6EB15342A6BE06EE8C7DB2DC734AE8.tmp' to '../../../../../../Users/Bendick/Documents/GitHub/SR_Prototype_V3/SR_Prototype_V3/Content/Blueprints/Widgets/w_Options.uasset'
[2017.11.03-14.29.31:687][ 34]LogSavePackage:Display: Finished SavePackage ../../../../../../Users/Bendick/Documents/GitHub/SR_Prototype_V3/SR_Prototype_V3/Content/Blueprints/Widgets/w_Options.uasset
[2017.11.03-14.29.33:041][161]Cmd: QUIT_EDITOR
[2017.11.03-14.29.33:461][161]LogWindowsTextInputMethodSystem:Display: IME system now deactivated.
[2017.11.03-14.29.33:461][161]LogWindowsTextInputMethodSystem:Display: IME system now deactivated.
[2017.11.03-14.29.33:471][161]LogExit: Preparing to exit.
[2017.11.03-14.29.34:481][161]LogDirectoryWatcher: A directory notification for 'C:/Users/Bendick/Documents/GitHub/SR_Prototype_V3/SR_Prototype_V3/Content/' was aborted.
[2017.11.03-14.29.34:502][161]LogExit: Editor shut down
[2017.11.03-14.29.34:505][161]LogExit: Transaction tracking system shut down
[2017.11.03-14.29.34:567][161]LogObj: Freed 0b from 0 cluster array pools.
[2017.11.03-14.29.34:567][161]LogExit: Object subsystem successfully closed.
[2017.11.03-14.29.34:580][161]LogD3D11RHI: Shutdown
[2017.11.03-14.29.34:580][161]LogD3D11RHI: CleanupD3DDevice
[2017.11.03-14.29.34:641][161]LogD3D11RHI: ~FD3D11DynamicRHI
[2017.11.03-14.29.34:651][161]LogModuleManager: Shutting down and abandoning module SequencerWidgets (536)
[2017.11.03-14.29.34:651][161]LogModuleManager: Shutting down and abandoning module BlueprintGraph (534)
[2017.11.03-14.29.34:651][161]LogModuleManager: Shutting down and abandoning module BlueprintProfiler (532)
[2017.11.03-14.29.34:651][161]LogModuleManager: Shutting down and abandoning module MovieSceneCapture (530)
[2017.11.03-14.29.34:651][161]LogModuleManager: Shutting down and abandoning module HierarchicalLODOutliner (528)
[2017.11.03-14.29.34:651][161]LogModuleManager: Shutting down and abandoning module CrashTracker (526)
[2017.11.03-14.29.34:651][161]LogModuleManager: Shutting down and abandoning module SceneOutliner (524)
[2017.11.03-14.29.34:651][161]LogModuleManager: Shutting down and abandoning module AddContentDialog (522)
[2017.11.03-14.29.34:651][161]LogDirectoryWatcher: A directory notification for 'C:/Program Files/Epic Games/UE_4.16/FeaturePacks/' was aborted.
[2017.11.03-14.29.34:651][161]LogModuleManager: Shutting down and abandoning module WidgetCarousel (521)
[2017.11.03-14.29.34:651][161]LogModuleManager: Shutting down and abandoning module EditorWidgets (518)
[2017.11.03-14.29.34:651][161]LogModuleManager: Shutting down and abandoning module CollectionManager (516)
[2017.11.03-14.29.34:652][161]LogDirectoryWatcher: A directory notification for 'C:/Users/Bendick/Documents/GitHub/SR_Prototype_V3/SR_Prototype_V3/Content/Collections/' was aborted.
[2017.11.03-14.29.34:652][161]LogDirectoryWatcher: A directory notification for 'C:/Users/Bendick/Documents/GitHub/SR_Prototype_V3/SR_Prototype_V3/Content/Developers/Bendick/Collections/' was aborted.
[2017.11.03-14.29.34:652][161]LogDirectoryWatcher: A directory notification for 'C:/Users/Bendick/Documents/GitHub/SR_Prototype_V3/SR_Prototype_V3/Saved/Collections/' was aborted.
[2017.11.03-14.29.34:652][161]LogModuleManager: Shutting down and abandoning module StatsViewer (514)
[2017.11.03-14.29.34:652][161]LogModuleManager: Shutting down and abandoning module FoliageEdit (512)
[2017.11.03-14.29.34:652][161]LogModuleManager: Shutting down and abandoning module LandscapeEditor (510)
[2017.11.03-14.29.34:652][161]LogModuleManager: Shutting down and abandoning module MeshPaintMode (508)
[2017.11.03-14.29.34:652][161]LogModuleManager: Shutting down and abandoning module SceneDepthPickerMode (506)
[2017.11.03-14.29.34:652][161]LogModuleManager: Shutting down and abandoning module ActorPickerMode (504)
[2017.11.03-14.29.34:652][161]LogModuleManager: Shutting down and abandoning module GeometryMode (502)
[2017.11.03-14.29.34:652][161]LogModuleManager: Shutting down and abandoning module TextureAlignMode (500)
[2017.11.03-14.29.34:652][161]LogModuleManager: Shutting down and abandoning module BspMode (498)
[2017.11.03-14.29.34:652][161]LogModuleManager: Shutting down and abandoning module HardwareSurvey (496)
[2017.11.03-14.29.34:652][161]LogModuleManager: Shutting down and abandoning module SequenceRecorderSections (494)
[2017.11.03-14.29.34:652][161]LogModuleManager: Shutting down and abandoning module AutomationWorker (492)
[2017.11.03-14.29.34:652][161]LogModuleManager: Shutting down and abandoning module MatineeToLevelSequence (490)
[2017.11.03-14.29.34:652][161]LogModuleManager: Shutting down and abandoning module LevelSequenceEditor (488)
[2017.11.03-14.29.34:652][161]LogModuleManager: Shutting down and abandoning module PlacementMode (487)
[2017.11.03-14.29.34:652][161]LogModuleManager: Shutting down and abandoning module WmfMediaFactory (484)
[2017.11.03-14.29.34:652][161]LogModuleManager: Shutting down and abandoning module WmfMediaEditor (482)
[2017.11.03-14.29.34:652][161]LogModuleManager: Shutting down and abandoning module AvfMediaFactory (480)
[2017.11.03-14.29.34:652][161]LogModuleManager: Shutting down and abandoning module AvfMediaEditor (478)
[2017.11.03-14.29.34:652][161]LogModuleManager: Shutting down and abandoning module AndroidMediaFactory (476)
[2017.11.03-14.29.34:652][161]LogModuleManager: Shutting down and abandoning module Media (475)
[2017.11.03-14.29.34:652][161]LogModuleManager: Shutting down and abandoning module AndroidMediaEditor (472)
[2017.11.03-14.29.34:652][161]LogModuleManager: Shutting down and abandoning module CharacterAI (470)
[2017.11.03-14.29.34:652][161]LogModuleManager: Shutting down and abandoning module AudioCapture (468)
[2017.11.03-14.29.34:652][161]LogModuleManager: Shutting down and abandoning module SequenceRecorder (467)
[2017.11.03-14.29.34:652][161]LogModuleManager: Shutting down and abandoning module SmartSnapping (464)
[2017.11.03-14.29.34:652][161]LogModuleManager: Shutting down and abandoning module SessionServices (462)
[2017.11.03-14.29.34:652][161]LogModuleManager: Shutting down and abandoning module ViewportSnapping (460)
[2017.11.03-14.29.34:652][161]LogModuleManager: Shutting down and abandoning module ViewportInteraction (458)
[2017.11.03-14.29.34:652][161]LogModuleManager: Shutting down and abandoning module ClothPainter (456)
[2017.11.03-14.29.34:652][161]LogModuleManager: Shutting down and abandoning module LogVisualizer (454)
[2017.11.03-14.29.34:652][161]LogModuleManager: Shutting down and abandoning module IntroTutorials (452)
[2017.11.03-14.29.34:652][161]LogModuleManager: Shutting down and abandoning module GameProjectGeneration (451)
[2017.11.03-14.29.34:652][161]LogModuleManager: Shutting down and abandoning module EditorLiveStreaming (448)
[2017.11.03-14.29.34:652][161]LogModuleManager: Shutting down and abandoning module IOSPlatformEditor (446)
[2017.11.03-14.29.34:652][161]LogModuleManager: Shutting down and abandoning module HTML5PlatformEditor (444)
[2017.11.03-14.29.34:652][161]LogModuleManager: Shutting down and abandoning module AndroidPlatformEditor (442)
[2017.11.03-14.29.34:652][161]LogModuleManager: Shutting down and abandoning module AndroidDeviceDetection (441)
[2017.11.03-14.29.34:790][161]LogModuleManager: Shutting down and abandoning module IOSRuntimeSettings (438)
[2017.11.03-14.29.34:790][161]LogModuleManager: Shutting down and abandoning module AndroidRuntimeSettings (436)
[2017.11.03-14.29.34:790][161]LogModuleManager: Shutting down and abandoning module InputBindingEditor (434)
[2017.11.03-14.29.34:790][161]LogModuleManager: Shutting down and abandoning module MergeActors (432)
[2017.11.03-14.29.34:790][161]LogModuleManager: Shutting down and abandoning module SizeMap (430)
[2017.11.03-14.29.34:790][161]LogModuleManager: Shutting down and abandoning module TreeMap (428)
[2017.11.03-14.29.34:790][161]LogModuleManager: Shutting down and abandoning module ReferenceViewer (426)
[2017.11.03-14.29.34:790][161]LogModuleManager: Shutting down and abandoning module LocalizationDashboard (424)
[2017.11.03-14.29.34:790][161]LogModuleManager: Shutting down and abandoning module LocalizationService (423)
[2017.11.03-14.29.34:790][161]LogModuleManager: Shutting down and abandoning module HardwareTargeting (420)
[2017.11.03-14.29.34:790][161]LogModuleManager: Shutting down and abandoning module DeviceProfileEditor (418)
[2017.11.03-14.29.34:790][161]LogModuleManager: Shutting down and abandoning module UndoHistory (416)
[2017.11.03-14.29.34:790][161]LogModuleManager: Shutting down and abandoning module UserFeedback (414)
[2017.11.03-14.29.34:790][161]LogModuleManager: Shutting down and abandoning module XmlParser (412)
[2017.11.03-14.29.34:790][161]LogModuleManager: Shutting down and abandoning module Blutility (410)
[2017.11.03-14.29.34:790][161]LogModuleManager: Shutting down and abandoning module ProjectSettingsViewer (408)
[2017.11.03-14.29.34:791][161]LogModuleManager: Shutting down and abandoning module ProjectTargetPlatformEditor (407)
[2017.11.03-14.29.34:791][161]LogModuleManager: Shutting down and abandoning module EditorSettingsViewer (404)
[2017.11.03-14.29.34:791][161]LogModuleManager: Shutting down and abandoning module SettingsEditor (402)
[2017.11.03-14.29.34:791][161]LogModuleManager: Shutting down and abandoning module ProjectLauncher (400)
[2017.11.03-14.29.34:791][161]LogModuleManager: Shutting down and abandoning module SessionFrontend (398)
[2017.11.03-14.29.34:791][161]LogModuleManager: Shutting down and abandoning module ProfilerClient (396)
[2017.11.03-14.29.34:791][161]LogModuleManager: Shutting down and abandoning module DeviceManager (394)
[2017.11.03-14.29.34:791][161]LogModuleManager: Shutting down and abandoning module TargetDeviceServices (393)
[2017.11.03-14.29.34:841][161]LogModuleManager: Shutting down and abandoning module AutomationController (390)
[2017.11.03-14.29.34:841][161]LogModuleManager: Shutting down and abandoning module AutomationWindow (388)
[2017.11.03-14.29.34:841][161]LogModuleManager: Shutting down and abandoning module Layers (386)
[2017.11.03-14.29.34:841][161]LogModuleManager: Shutting down and abandoning module ComponentVisualizers (384)
[2017.11.03-14.29.34:841][161]LogModuleManager: Shutting down and abandoning module DetailCustomizations (382)
[2017.11.03-14.29.34:841][161]LogModuleManager: Shutting down and abandoning module PackagesDialog (380)
[2017.11.03-14.29.34:841][161]LogModuleManager: Shutting down and abandoning module Persona (378)
[2017.11.03-14.29.34:841][161]LogModuleManager: Shutting down and abandoning module AdvancedPreviewScene (377)
[2017.11.03-14.29.34:841][161]LogModuleManager: Shutting down and abandoning module AnimGraph (375)
[2017.11.03-14.29.34:841][161]LogModuleManager: Shutting down and abandoning module Kismet (372)
[2017.11.03-14.29.34:845][161]LogModuleManager: Shutting down and abandoning module ClassViewer (370)
[2017.11.03-14.29.34:845][161]LogModuleManager: Shutting down and abandoning module Toolbox (368)
[2017.11.03-14.29.34:845][161]LogModuleManager: Shutting down and abandoning module ModuleUI (366)
[2017.11.03-14.29.34:845][161]LogModuleManager: Shutting down and abandoning module MovieSceneTools (364)
[2017.11.03-14.29.34:846][161]LogModuleManager: Shutting down and abandoning module OutputLog (362)
[2017.11.03-14.29.34:846][161]LogModuleManager: Shutting down and abandoning module GammaUI (360)
[2017.11.03-14.29.34:846][161]LogModuleManager: Shutting down and abandoning module Documentation (358)
[2017.11.03-14.29.34:846][161]LogModuleManager: Shutting down and abandoning module MovieSceneTracks (356)
[2017.11.03-14.29.34:846][161]LogModuleManager: Shutting down and abandoning module MovieScene (354)
[2017.11.03-14.29.34:846][161]LogModuleManager: Shutting down and abandoning module Niagara (352)
[2017.11.03-14.29.34:846][161]LogModuleManager: Shutting down and abandoning module NiagaraEditor (351)
[2017.11.03-14.29.34:846][161]LogModuleManager: Shutting down and abandoning module StreamingPauseRendering (348)
[2017.11.03-14.29.34:846][161]LogModuleManager: Shutting down and abandoning module AnalyticsET (346)
[2017.11.03-14.29.34:846][161]LogModuleManager: Shutting down and abandoning module PortalServices (344)
[2017.11.03-14.29.34:846][161]LogModuleManager: Shutting down and abandoning module PortalRpc (342)
[2017.11.03-14.29.34:846][161]LogModuleManager: Shutting down and abandoning module MessagingRpc (340)
[2017.11.03-14.29.34:846][161]LogModuleManager: Shutting down and abandoning module AIModule (338)
[2017.11.03-14.29.34:846][161]LogModuleManager: Shutting down and abandoning module GameplayDebugger (337)
[2017.11.03-14.29.34:846][161]LogModuleManager: Shutting down and abandoning module AITestSuite (335)
[2017.11.03-14.29.34:846][161]LogModuleManager: Shutting down and abandoning module ProfilerService (332)
[2017.11.03-14.29.35:049][161]LogModuleManager: Shutting down and abandoning module TaskGraph (330)
[2017.11.03-14.29.35:049][161]LogModuleManager: Shutting down and abandoning module WebSocket (328)
[2017.11.03-14.29.35:049][161]LogModuleManager: Shutting down and abandoning module SteamVRController (326)
[2017.11.03-14.29.35:049][161]LogModuleManager: Shutting down and abandoning module SteamVR (324)
[2017.11.03-14.29.35:049][161]LogModuleManager: Shutting down and abandoning module ProceduralMeshComponentEditor (322)
[2017.11.03-14.29.35:049][161]LogModuleManager: Shutting down and abandoning module ProceduralMeshComponent (320)
[2017.11.03-14.29.35:049][161]LogModuleManager: Shutting down and abandoning module OculusLibrary (318)
[2017.11.03-14.29.35:049][161]LogModuleManager: Shutting down and abandoning module OculusInput (316)
[2017.11.03-14.29.35:049][161]LogModuleManager: Shutting down and abandoning module MobilePatchingUtils (314)
[2017.11.03-14.29.35:049][161]LogModuleManager: Shutting down and abandoning module CustomMeshComponent (312)
[2017.11.03-14.29.35:049][161]LogModuleManager: Shutting down and abandoning module CableComponent (310)
[2017.11.03-14.29.35:049][161]LogModuleManager: Shutting down and abandoning module ArchVisCharacter (308)
[2017.11.03-14.29.35:049][161]LogModuleManager: Shutting down and abandoning module AndroidPermission (306)
[2017.11.03-14.29.35:049][161]LogModuleManager: Shutting down and abandoning module MediaPlayerEditor (302)
[2017.11.03-14.29.35:049][161]LogModuleManager: Shutting down and abandoning module HTML5Networking (300)
[2017.11.03-14.29.35:049][161]LogModuleManager: Shutting down and abandoning module AlembicImporter (298)
[2017.11.03-14.29.35:049][161]LogModuleManager: Shutting down and abandoning module AlembicLibrary (297)
[2017.11.03-14.29.35:049][161]LogModuleManager: Shutting down and abandoning module GeometryCache (296)
[2017.11.03-14.29.35:049][161]LogModuleManager: Shutting down and abandoning module GeometryCacheEd (295)
[2017.11.03-14.29.35:049][161]LogModuleManager: Shutting down and abandoning module SuperSearchEditor (290)
[2017.11.03-14.29.35:049][161]LogModuleManager: Shutting down and abandoning module SuperSearch (289)
[2017.11.03-14.29.35:049][161]LogModuleManager: Shutting down and abandoning module SpeedTreeImporter (286)
[2017.11.03-14.29.35:049][161]LogModuleManager: Shutting down and abandoning module PluginBrowser (284)
[2017.11.03-14.29.35:049][161]LogModuleManager: Shutting down and abandoning module MobileLauncherProfileWizard (282)
[2017.11.03-14.29.35:049][161]LogModuleManager: Shutting down and abandoning module VisualStudioSourceCodeAccess (280)
[2017.11.03-14.29.35:049][161]LogModuleManager: Shutting down and abandoning module DesktopPlatform (279)
[2017.11.03-14.29.35:049][161]LogModuleManager: Shutting down and abandoning module UObjectPlugin (276)
[2017.11.03-14.29.35:049][161]LogModuleManager: Shutting down and abandoning module SubversionSourceControl (274)
[2017.11.03-14.29.35:049][161]LogModuleManager: Shutting down and abandoning module PerforceSourceControl (272)
[2017.11.03-14.29.35:049][161]LogModuleManager: Shutting down and abandoning module GitSourceControl (270)
[2017.11.03-14.29.35:049][161]LogModuleManager: Shutting down and abandoning module SourceControl (269)
[2017.11.03-14.29.35:049][161]LogModuleManager: Shutting down and abandoning module LightPropagationVolumeEditor (266)
[2017.11.03-14.29.35:049][161]LogModuleManager: Shutting down and abandoning module PaperTiledImporter (264)
[2017.11.03-14.29.35:049][161]LogModuleManager: Shutting down and abandoning module PaperSpriteSheetImporter (262)
[2017.11.03-14.29.35:049][161]LogModuleManager: Shutting down and abandoning module Paper2DEditor (260)
[2017.11.03-14.29.35:049][161]LogModuleManager: Shutting down and abandoning module MeshPaint (259)
[2017.11.03-14.29.35:049][161]LogModuleManager: Shutting down and abandoning module LevelEditor (257)
[2017.11.03-14.29.35:050][161]LogModuleManager: Shutting down and abandoning module PixelInspectorModule (256)
[2017.11.03-14.29.35:050][161]LogModuleManager: Shutting down and abandoning module MainFrame (254)
[2017.11.03-14.29.35:050][161]LogModuleManager: Shutting down and abandoning module HotReload (253)
[2017.11.03-14.29.35:050][161]LogDirectoryWatcher: A directory notification for 'C:/Users/Bendick/Documents/GitHub/SR_Prototype_V3/SR_Prototype_V3/Binaries/Win64' was aborted.
[2017.11.03-14.29.35:050][161]LogDirectoryWatcher: A directory notification for 'C:/Users/Bendick/Documents/GitHub/SR_Prototype_V3/SR_Prototype_V3/Plugins/WebSocket/Binaries/Win64' was aborted.
[2017.11.03-14.29.35:050][161]LogModuleManager: Shutting down and abandoning module SR_Prototype_V3 (248)
[2017.11.03-14.29.35:050][161]LogModuleManager: Shutting down and abandoning module PhysXVehiclesEditor (246)
[2017.11.03-14.29.35:050][161]LogModuleManager: Shutting down and abandoning module PhysXVehicles (244)
[2017.11.03-14.29.35:050][161]LogModuleManager: Shutting down and abandoning module LocationServicesBPLibrary (242)
[2017.11.03-14.29.35:050][161]LogModuleManager: Shutting down and abandoning module ImmediatePhysicsEditor (240)
[2017.11.03-14.29.35:050][161]LogModuleManager: Shutting down and abandoning module ImmediatePhysics (238)
[2017.11.03-14.29.35:050][161]LogModuleManager: Shutting down and abandoning module UdpMessaging (236)
[2017.11.03-14.29.35:151][161]LogModuleManager: Shutting down and abandoning module TcpMessaging (234)
[2017.11.03-14.29.35:336][161]LogModuleManager: Shutting down and abandoning module GameplayTagsEditor (232)
[2017.11.03-14.29.35:336][161]LogModuleManager: Shutting down and abandoning module FacialAnimationEditor (230)
[2017.11.03-14.29.35:336][161]LogModuleManager: Shutting down and abandoning module FacialAnimation (228)
[2017.11.03-14.29.35:336][161]LogModuleManager: Shutting down and abandoning module AssetManagerEditor (226)
[2017.11.03-14.29.35:337][161]LogModuleManager: Shutting down and abandoning module GraphEditor (225)
[2017.11.03-14.29.35:337][161]LogModuleManager: Shutting down and abandoning module ContentBrowser (223)
[2017.11.03-14.29.35:337][161]LogModuleManager: Shutting down and abandoning module LightPropagationVolumeRuntime (220)
[2017.11.03-14.29.35:337][161]LogModuleManager: Shutting down and abandoning module Paper2D (218)
[2017.11.03-14.29.35:337][161]LogModuleManager: Shutting down and abandoning module WindowsMoviePlayer (216)
[2017.11.03-14.29.35:337][161]LogModuleManager: Shutting down and abandoning module WmfMedia (214)
[2017.11.03-14.29.35:337][161]LogModuleManager: Shutting down and abandoning module ClothingSystemEditor (212)
[2017.11.03-14.29.35:337][161]LogModuleManager: Shutting down and abandoning module ClothingSystemRuntime (210)
[2017.11.03-14.29.35:337][161]LogModuleManager: Shutting down and abandoning module MediaAssets (208)
[2017.11.03-14.29.35:337][161]LogModuleManager: Shutting down and abandoning module GameLiveStreaming (206)
[2017.11.03-14.29.35:337][161]LogModuleManager: Shutting down and abandoning module VREditor (204)
[2017.11.03-14.29.35:337][161]LogModuleManager: Shutting down and abandoning module StringTableEditor (202)
[2017.11.03-14.29.35:337][161]LogModuleManager: Shutting down and abandoning module GameplayTasksEditor (200)
[2017.11.03-14.29.35:337][161]LogModuleManager: Shutting down and abandoning module BehaviorTreeEditor (198)
[2017.11.03-14.29.35:338][161]LogModuleManager: Shutting down and abandoning module FunctionalTesting (196)
[2017.11.03-14.29.35:338][161]LogModuleManager: Shutting down and abandoning module CollisionAnalyzer (194)
[2017.11.03-14.29.35:338][161]LogModuleManager: Shutting down and abandoning module UMG (192)
[2017.11.03-14.29.35:338][161]LogModuleManager: Shutting down and abandoning module UMGEditor (191)
[2017.11.03-14.29.35:338][161]LogModuleManager: Shutting down and abandoning module Sequencer (190)
[2017.11.03-14.29.35:338][161]LogModuleManager: Shutting down and abandoning module AssetTools (188)
[2017.11.03-14.29.35:338][161]LogModuleManager: Shutting down and abandoning module MessageLog (187)
[2017.11.03-14.29.35:338][161]LogModuleManager: Shutting down and abandoning module WorkspaceMenuStructure (186)
[2017.11.03-14.29.35:338][161]LogModuleManager: Shutting down and abandoning module SlateReflector (180)
[2017.11.03-14.29.35:338][161]LogModuleManager: Shutting down and abandoning module Slate (178)
[2017.11.03-14.29.35:338][161]LogModuleManager: Shutting down and abandoning module EditorStyle (176)
[2017.11.03-14.29.35:339][161]LogModuleManager: Shutting down and abandoning module SourceCodeAccess (174)
[2017.11.03-14.29.35:339][161]LogModuleManager: Shutting down and abandoning module HeadMountedDisplay (172)
[2017.11.03-14.29.35:339][161]LogModuleManager: Shutting down and abandoning module XAudio2 (170)
[2017.11.03-14.29.35:339][161]LogModuleManager: Shutting down and abandoning module Networking (168)
[2017.11.03-14.29.35:339][161]LogModuleManager: Shutting down and abandoning module Core (164)
[2017.11.03-14.29.35:339][161]LogModuleManager: Shutting down and abandoning module AssetRegistry (162)
[2017.11.03-14.29.35:443][161]LogDirectoryWatcher: A directory notification for '../../../Engine/Content/' was aborted.
[2017.11.03-14.29.35:443][161]LogDirectoryWatcher: A directory notification for '../../../../../../Users/Bendick/Documents/GitHub/SR_Prototype_V3/SR_Prototype_V3/Content/' was aborted.
[2017.11.03-14.29.35:443][161]LogDirectoryWatcher: A directory notification for '../../../Engine/Plugins/2D/Paper2D/Content/' was aborted.
[2017.11.03-14.29.35:443][161]LogDirectoryWatcher: A directory notification for '../../../Engine/Plugins/Runtime/GearVR/Content/' was aborted.
[2017.11.03-14.29.35:444][161]LogModuleManager: Shutting down and abandoning module DirectoryWatcher (161)
[2017.11.03-14.29.35:445][161]LogModuleManager: Shutting down and abandoning module KismetCompiler (158)
[2017.11.03-14.29.35:445][161]LogModuleManager: Shutting down and abandoning module LevelSequence (156)
[2017.11.03-14.29.35:445][161]LogModuleManager: Shutting down and abandoning module PhysXFormats (154)
[2017.11.03-14.29.35:445][161]LogModuleManager: Shutting down and abandoning module MeshUtilities (152)
[2017.11.03-14.29.35:445][161]LogModuleManager: Shutting down and abandoning module SimplygonSwarm (151)
[2017.11.03-14.29.35:445][161]LogModuleManager: Shutting down and abandoning module SimplygonMeshReduction (149)
[2017.11.03-14.29.35:445][161]LogModuleManager: Shutting down and abandoning module QuadricMeshReduction (147)
[2017.11.03-14.29.35:445][161]LogModuleManager: Shutting down and abandoning module DerivedDataCache (144)
[2017.11.03-14.29.35:459][161]LogDerivedDataCache: Shutdown
[2017.11.03-14.29.35:459][161]LogModuleManager: Shutting down and abandoning module TargetPlatform (142)
[2017.11.03-14.29.35:459][161]LogModuleManager: Shutting down and abandoning module VulkanShaderFormat (141)
[2017.11.03-14.29.35:459][161]LogModuleManager: Shutting down and abandoning module ShaderFormatVectorVM (139)
[2017.11.03-14.29.35:459][161]LogModuleManager: Shutting down and abandoning module ShaderFormatOpenGL (137)
[2017.11.03-14.29.35:459][161]LogModuleManager: Shutting down and abandoning module ShaderFormatD3D (135)
[2017.11.03-14.29.35:459][161]LogModuleManager: Shutting down and abandoning module MetalShaderFormat (133)
[2017.11.03-14.29.35:459][161]LogModuleManager: Shutting down and abandoning module TextureFormatUncompressed (131)
[2017.11.03-14.29.35:459][161]LogModuleManager: Shutting down and abandoning module TextureFormatPVR (129)
[2017.11.03-14.29.35:459][161]LogModuleManager: Shutting down and abandoning module TextureFormatDXT (127)
[2017.11.03-14.29.35:459][161]LogModuleManager: Shutting down and abandoning module TextureFormatIntelISPCTexComp (125)
[2017.11.03-14.29.35:460][161]LogModuleManager: Shutting down and abandoning module TextureFormatASTC (123)
[2017.11.03-14.29.35:460][161]LogModuleManager: Shutting down and abandoning module ImageWrapper (122)
[2017.11.03-14.29.35:460][161]LogModuleManager: Shutting down and abandoning module TextureFormatAndroid (119)
[2017.11.03-14.29.35:460][161]LogModuleManager: Shutting down and abandoning module AudioFormatOpus (117)
[2017.11.03-14.29.35:460][161]LogModuleManager: Shutting down and abandoning module AudioFormatOgg (115)
[2017.11.03-14.29.35:460][161]LogModuleManager: Shutting down and abandoning module AudioFormatADPCM (113)
[2017.11.03-14.29.35:460][161]LogModuleManager: Shutting down and abandoning module LinuxTargetPlatform (111)
[2017.11.03-14.29.35:460][161]LogModuleManager: Shutting down and abandoning module LinuxServerTargetPlatform (109)
[2017.11.03-14.29.35:460][161]LogModuleManager: Shutting down and abandoning module LinuxNoEditorTargetPlatform (107)
[2017.11.03-14.29.35:460][161]LogModuleManager: Shutting down and abandoning module LinuxClientTargetPlatform (105)
[2017.11.03-14.29.35:460][161]LogModuleManager: Shutting down and abandoning module TVOSTargetPlatform (103)
[2017.11.03-14.29.35:460][161]LogModuleManager: Shutting down and abandoning module Messaging (101)
[2017.11.03-14.29.35:460][161]LogModuleManager: Shutting down and abandoning module IOSTargetPlatform (99)
[2017.11.03-14.29.35:460][161]LogModuleManager: Shutting down and abandoning module HTML5TargetPlatform (97)
[2017.11.03-14.29.35:460][161]LogModuleManager: Shutting down and abandoning module Android_PVRTCTargetPlatform (95)
[2017.11.03-14.29.35:460][161]LogModuleManager: Shutting down and abandoning module Android_MultiTargetPlatform (93)
[2017.11.03-14.29.35:460][161]LogModuleManager: Shutting down and abandoning module Android_ETC2TargetPlatform (91)
[2017.11.03-14.29.35:460][161]LogModuleManager: Shutting down and abandoning module Android_ETC1TargetPlatform (89)
[2017.11.03-14.29.35:460][161]LogModuleManager: Shutting down and abandoning module Android_DXTTargetPlatform (87)
[2017.11.03-14.29.35:460][161]LogModuleManager: Shutting down and abandoning module Android_ATCTargetPlatform (85)
[2017.11.03-14.29.35:460][161]LogModuleManager: Shutting down and abandoning module Android_ASTCTargetPlatform (83)
[2017.11.03-14.29.35:460][161]LogModuleManager: Shutting down and abandoning module AndroidTargetPlatform (81)
[2017.11.03-14.29.35:460][161]LogModuleManager: Shutting down and abandoning module WindowsTargetPlatform (79)
[2017.11.03-14.29.35:460][161]LogModuleManager: Shutting down and abandoning module WindowsServerTargetPlatform (77)
[2017.11.03-14.29.35:460][161]LogModuleManager: Shutting down and abandoning module WindowsNoEditorTargetPlatform (75)
[2017.11.03-14.29.35:460][161]LogModuleManager: Shutting down and abandoning module WindowsClientTargetPlatform (73)
[2017.11.03-14.29.35:460][161]LogModuleManager: Shutting down and abandoning module MacTargetPlatform (71)
[2017.11.03-14.29.35:460][161]LogModuleManager: Shutting down and abandoning module MacServerTargetPlatform (69)
[2017.11.03-14.29.35:460][161]LogModuleManager: Shutting down and abandoning module MacNoEditorTargetPlatform (67)
[2017.11.03-14.29.35:460][161]LogModuleManager: Shutting down and abandoning module MacClientTargetPlatform (65)
[2017.11.03-14.29.35:460][161]LogModuleManager: Shutting down and abandoning module AllDesktopTargetPlatform (63)
[2017.11.03-14.29.35:460][161]LogModuleManager: Shutting down and abandoning module InputCore (60)
[2017.11.03-14.29.35:460][161]LogModuleManager: Shutting down and abandoning module Settings (58)
[2017.11.03-14.29.35:460][161]LogModuleManager: Shutting down and abandoning module OculusRift (56)
[2017.11.03-14.29.35:460][161]LogModuleManager: Shutting down and abandoning module GearVRController (54)
[2017.11.03-14.29.35:460][161]LogModuleManager: Shutting down and abandoning module GearVR (52)
[2017.11.03-14.29.35:460][161]LogModuleManager: Shutting down and abandoning module ExampleDeviceProfileSelector (50)
[2017.11.03-14.29.35:460][161]LogModuleManager: Shutting down and abandoning module OnlineBlueprintSupport (48)
[2017.11.03-14.29.35:460][161]LogModuleManager: Shutting down and abandoning module OnlineSubsystem (44)
[2017.11.03-14.29.35:460][161]LogOnline:Display: Unloading online subsystem: NULL
[2017.11.03-14.29.35:460][161]LogModuleManager: Shutting down and abandoning module XMPP (43)
[2017.11.03-14.29.35:460][161]LogModuleManager: Shutting down and abandoning module HTTP (41)
[2017.11.03-14.29.35:460][161]LogHttp:Display: Http module shutting down, but needs to wait on 1 outstanding Http requests:
[2017.11.03-14.29.35:460][161]LogHttp:Display: 	verb=[POST] url=[https://datarouter.ol.epicgames.com/datarouter/api/v1/public/data?SessionID=%7BDEC35FB3-41C7-C622-0036-ABA6FC7589D7%7D&AppID=UEEditor.Rocket.Release&AppVersion=4.16.3-3561208%2B%2B%2BUE4%2BRelease-4.16&UserID=0c75b627499df609a8813c9ced46962c%7Cfebaf0232e0e4e628b45a2bec753bbbc%7C408adb04-e8c0-4c29-a1fb-4d7ed05dedd7&AppEnvironment=datacollector-binary&UploadType=eteventstream] status=Processing
[2017.11.03-14.29.35:494][161]LogModuleManager: Shutting down and abandoning module SSL (40)
[2017.11.03-14.29.35:495][161]LogModuleManager: Shutting down and abandoning module HTTPChunkInstaller (36)
[2017.11.03-14.29.35:495][161]LogModuleManager: Shutting down and abandoning module AnimationModifiers (34)
[2017.11.03-14.29.35:495][161]LogModuleManager: Shutting down and abandoning module PropertyEditor (33)
[2017.11.03-14.29.35:495][161]LogModuleManager: Shutting down and abandoning module AudioEditor (30)
[2017.11.03-14.29.35:495][161]LogModuleManager: Shutting down and abandoning module TextureCompressor (28)
[2017.11.03-14.29.35:495][161]LogModuleManager: Shutting down and abandoning module ShaderCore (26)
[2017.11.03-14.29.35:495][161]LogModuleManager: Shutting down and abandoning module Landscape (24)
[2017.11.03-14.29.35:495][161]LogModuleManager: Shutting down and abandoning module SlateRHIRenderer (22)
[2017.11.03-14.29.35:496][161]LogModuleManager: Shutting down and abandoning module OpenGLDrv (20)
[2017.11.03-14.29.35:496][161]LogModuleManager: Shutting down and abandoning module D3D11RHI (18)
[2017.11.03-14.29.35:496][161]LogModuleManager: Shutting down and abandoning module AnimGraphRuntime (16)
[2017.11.03-14.29.35:496][161]LogModuleManager: Shutting down and abandoning module Renderer (14)
[2017.11.03-14.29.35:496][161]LogModuleManager: Shutting down and abandoning module Engine (12)
[2017.11.03-14.29.35:496][161]LogModuleManager: Shutting down and abandoning module CoreUObject (10)
[2017.11.03-14.29.35:496][161]LogModuleManager: Shutting down and abandoning module NetworkFile (8)
[2017.11.03-14.29.35:496][161]LogModuleManager: Shutting down and abandoning module StreamingFile (6)
[2017.11.03-14.29.35:496][161]LogModuleManager: Shutting down and abandoning module SandboxFile (4)
[2017.11.03-14.29.35:496][161]LogModuleManager: Shutting down and abandoning module PakFile (2)
[2017.11.03-14.29.35:497][161]LogExit: Exiting.
[2017.11.03-14.29.35:510][161]Log file closed, 11/03/17 15:29:35
