Log file open, 01/04/18 12:40:48
LogInit:Display: Running engine for game: SR_Prototype_V3
LogPlatformFile: Not using cached read wrapper
LogInit:Display: RandInit(-1393039626) SRandInit(-1393039626).
LogTaskGraph: Started task graph with 5 named threads and 8 total threads with 1 sets of task threads.
LogStats: Stats thread started at 0.074962
LogInit: Using libcurl 7.47.1
LogInit:  - built for x86_64-pc-win32
LogInit:  - supports SSL with OpenSSL/1.0.2g
LogInit:  - supports HTTP deflate (compression) using libz 1.2.8
LogInit:  - other features:
LogInit:      CURL_VERSION_SSL
LogInit:      CURL_VERSION_LIBZ
LogInit:      CURL_VERSION_IPV6
LogInit:      CURL_VERSION_ASYNCHDNS
LogInit:      CURL_VERSION_LARGEFILE
LogInit:      CURL_VERSION_IDN
LogInit:  CurlRequestOptions (configurable via config and command line):
LogInit:  - bVerifyPeer = false  - Libcurl will NOT verify peer certificate
LogInit:  - bUseHttpProxy = false  - Libcurl will NOT use HTTP proxy
LogInit:  - bDontReuseConnections = false  - Libcurl will reuse connections
LogInit:  - CertBundlePath = nullptr  - Libcurl will use whatever was configured at build time.
LogInit: Build: ++UE4+Release-4.16-CL-3561208
LogInit: Engine Version: 4.16.3-3561208+++UE4+Release-4.16
LogInit: Compatible Engine Version: 4.16.0-3452394+++UE4+Release-4.16
LogInit: Net CL: 3452394
LogDevObjectVersion: Number of dev versions registered: 16
LogDevObjectVersion:   Dev-Blueprints (B0D832E4-1F89-4F0D-ACCF-7EB736FD4AA2): 9
LogDevObjectVersion:   Dev-Build (E1C64328-A22C-4D53-A36C-8E866417BD8C): 0
LogDevObjectVersion:   Dev-Core (375EC13C-06E4-48FB-B500-84F0262A717E): 2
LogDevObjectVersion:   Dev-Editor (E4B068ED-F494-42E9-A231-DA0B2E46BB41): 17
LogDevObjectVersion:   Dev-Framework (CFFC743F-43B0-4480-9391-14DF171D2073): 23
LogDevObjectVersion:   Dev-Mobile (B02B49B5-BB20-44E9-A304-32B752E40360): 0
LogDevObjectVersion:   Dev-Networking (A4E4105C-59A1-49B5-A7C5-40C4547EDFEE): 0
LogDevObjectVersion:   Dev-Online (39C831C9-5AE6-47DC-9A44-9C173E1C8E7C): 0
LogDevObjectVersion:   Dev-Physics (78F01B33-EBEA-4F98-B9B4-84EACCB95AA2): 0
LogDevObjectVersion:   Dev-Platform (6631380F-2D4D-43E0-8009-CF276956A95A): 0
LogDevObjectVersion:   Dev-Rendering (12F88B9F-8875-4AFC-A67C-D90C383ABD29): 15
LogDevObjectVersion:   Dev-Sequencer (7B5AE74C-D270-4C10-A958-57980B212A5A): 4
LogDevObjectVersion:   Dev-VR (D7296918-1DD6-4BDD-9DE2-64A83CC13884): 0
LogDevObjectVersion:   Dev-LoadTimes (C2A15278-BFE7-4AFE-6C17-90FF531DF755): 1
LogDevObjectVersion:   Private-Geometry (6EACA3D4-40EC-4CC1-B786-8BED09428FC5): 1
LogDevObjectVersion:   Dev-AnimPhys (29E575DD-E0A3-4627-9D10-D276232CDCEA): 3
LogInit: Compiled (64-bit): Jul 28 2017 11:49:47
LogInit: Compiled with Visual C++: 19.00.24215.01
LogInit: Build Configuration: Development
LogInit: Branch Name: ++UE4+Release-4.16
LogInit: Command line:  
LogInit: Base directory: C:/Program Files/Epic Games/UE_4.16/Engine/Binaries/Win64/
LogInit: Installed Engine Build: 1
LogInit: Presizing for max 8388607 objects, including 0 objects not considered by GC, pre-allocating 0 bytes for permanent pool.
LogInit: Object subsystem initialized
[2018.01.04-11.40.48:391][  0]LogInit: Selected Device Profile: [Windows]
[2018.01.04-11.40.48:391][  0]LogInit: Applying CVar settings loaded from the selected device profile: [Windows]
[2018.01.04-11.40.48:399][  0]LogInit: Computer: WINDOWS-EUOFFC3
[2018.01.04-11.40.48:399][  0]LogInit: User: Bendick
[2018.01.04-11.40.48:399][  0]LogInit: CPU Page size=4096, Cores=4
[2018.01.04-11.40.48:399][  0]LogInit: High frequency timer resolution =3.914066 MHz
[2018.01.04-11.40.48:399][  0]LogMemory: Memory total: Physical=15.9GB (16GB approx)
[2018.01.04-11.40.48:399][  0]LogMemory: Platform Memory Stats for Windows
[2018.01.04-11.40.48:399][  0]LogMemory: Process Physical Memory: 274.18 MB used, 274.18 MB peak
[2018.01.04-11.40.48:399][  0]LogMemory: Process Virtual Memory: 264.92 MB used, 264.92 MB peak
[2018.01.04-11.40.48:399][  0]LogMemory: Physical Memory: 6058.18 MB used,  10264.79 MB free, 16322.98 MB total
[2018.01.04-11.40.48:399][  0]LogMemory: Virtual Memory: 675.99 MB used,  10264.79 MB free, 134217728.00 MB total
[2018.01.04-11.40.48:462][  0]LogInit: Using OS detected language (en-US).
[2018.01.04-11.40.48:462][  0]LogInit: Using OS detected locale (en-GB).
[2018.01.04-11.40.48:464][  0]LogTextLocalizationManager: No specific localization for 'en-US' exists, so the 'en' localization will be used.
[2018.01.04-11.40.49:073][  0]LogD3D11RHI: D3D11 adapters:
[2018.01.04-11.40.49:110][  0]LogD3D11RHI:    0. 'NVIDIA GeForce GTX 1070' (Feature Level 11_0)
[2018.01.04-11.40.49:110][  0]LogD3D11RHI:       8096/0/8161 MB DedicatedVideo/DedicatedSystem/SharedSystem, Outputs:2, VendorId:0x10de
[2018.01.04-11.40.49:111][  0]LogD3D11RHI:    1. 'Microsoft Basic Render Driver' (Feature Level 11_0)
[2018.01.04-11.40.49:111][  0]LogD3D11RHI:       0/0/8161 MB DedicatedVideo/DedicatedSystem/SharedSystem, Outputs:0, VendorId:0x1414
[2018.01.04-11.40.49:111][  0]LogD3D11RHI: Chosen D3D11 Adapter: 0
[2018.01.04-11.40.49:116][  0]LogD3D11RHI: Creating new Direct3DDevice
[2018.01.04-11.40.49:116][  0]LogD3D11RHI:     GPU DeviceId: 0x1b81 (for the marketing name, search the web for "GPU Device Id")
[2018.01.04-11.40.49:116][  0]LogWindows: EnumDisplayDevices:
[2018.01.04-11.40.49:116][  0]LogWindows:    0. 'NVIDIA GeForce GTX 1070' (P:1 D:1)
[2018.01.04-11.40.49:116][  0]LogWindows:    1. 'NVIDIA GeForce GTX 1070' (P:0 D:1)
[2018.01.04-11.40.49:116][  0]LogWindows:    2. 'NVIDIA GeForce GTX 1070' (P:0 D:0)
[2018.01.04-11.40.49:116][  0]LogWindows:    3. 'NVIDIA GeForce GTX 1070' (P:0 D:0)
[2018.01.04-11.40.49:116][  0]LogWindows: DebugString: GetVideoDriverDetailsInvalid PrimaryIsNotTheChoosenAdapter GetVideoDriverDetailsInvalid PrimaryIsNotTheChoosenAdapter GetVideoDriverDetailsInvalid PrimaryIsNotTheChoosenAdapter GetVideoDriverDetailsInvalid PrimaryIsNotTheChoosenAdapter FoundDriverCount:0 
[2018.01.04-11.40.49:116][  0]LogD3D11RHI:     Adapter Name: NVIDIA GeForce GTX 1070
[2018.01.04-11.40.49:116][  0]LogD3D11RHI:   Driver Version: Unknown (internal:Unknown, unified:Unknown)
[2018.01.04-11.40.49:116][  0]LogD3D11RHI:      Driver Date: Unknown
[2018.01.04-11.40.49:116][  0]LogRHI: Texture pool is 1361 MB (70% of 1945 MB)
[2018.01.04-11.40.49:133][  0]LogD3D11RHI: Async texture creation enabled
[2018.01.04-11.40.49:142][  0]LogD3D11RHI: GPU Timing Frequency: 1000.000000 (Debug: 2 1)
[2018.01.04-11.40.49:232][  0]LogShaderCompilers: Guid format shader working directory is -32 characters bigger than the processId version (../../../../../../Users/Bendick/Documents/GitHub/SR_Prototype_V3/SR_Prototype_V3/Intermediate/Shaders/WorkingDirectory/6028/).
[2018.01.04-11.40.49:232][  0]LogShaderCompilers: Cleaned the shader compiler working directory 'C:/Users/Bendick/AppData/Local/Temp/UnrealShaderWorkingDir/CAAC7D6B42C86BC2E4B376A0332AFCBD/'.
[2018.01.04-11.40.49:232][  0]LogShaderCompilers:Display: Using Local Shader Compiler.
[2018.01.04-11.40.49:904][  0]LogTemp:Display: Loaded TP AllDesktopTargetPlatform
[2018.01.04-11.40.49:939][  0]LogTemp:Display: Loaded TP MacClientTargetPlatform
[2018.01.04-11.40.49:971][  0]LogTemp:Display: Loaded TP MacNoEditorTargetPlatform
[2018.01.04-11.40.50:004][  0]LogTemp:Display: Loaded TP MacServerTargetPlatform
[2018.01.04-11.40.50:038][  0]LogTemp:Display: Loaded TP MacTargetPlatform
[2018.01.04-11.40.50:071][  0]LogTemp:Display: Loaded TP WindowsClientTargetPlatform
[2018.01.04-11.40.50:105][  0]LogTemp:Display: Loaded TP WindowsNoEditorTargetPlatform
[2018.01.04-11.40.50:138][  0]LogTemp:Display: Loaded TP WindowsServerTargetPlatform
[2018.01.04-11.40.50:169][  0]LogTemp:Display: Loaded TP WindowsTargetPlatform
[2018.01.04-11.40.50:202][  0]LogTemp:Display: Loaded TP AndroidTargetPlatform
[2018.01.04-11.40.50:236][  0]LogTemp:Display: Loaded TP Android_ASTCTargetPlatform
[2018.01.04-11.40.50:270][  0]LogTemp:Display: Loaded TP Android_ATCTargetPlatform
[2018.01.04-11.40.50:302][  0]LogTemp:Display: Loaded TP Android_DXTTargetPlatform
[2018.01.04-11.40.50:335][  0]LogTemp:Display: Loaded TP Android_ETC1TargetPlatform
[2018.01.04-11.40.50:368][  0]LogTemp:Display: Loaded TP Android_ETC2TargetPlatform
[2018.01.04-11.40.50:434][  0]LogTemp:Display: Loaded TP Android_MultiTargetPlatform
[2018.01.04-11.40.50:434][  0]LogTemp:Display: Loaded TP Android_PVRTCTargetPlatform
[2018.01.04-11.40.50:461][  0]LogTemp:Display: Loaded TP HTML5TargetPlatform
[2018.01.04-11.40.50:532][  0]LogTemp:Display: Loaded TP IOSTargetPlatform
[2018.01.04-11.40.50:553][  0]LogTemp:Display: Loaded TP TVOSTargetPlatform
[2018.01.04-11.40.50:587][  0]LogTemp:Display: Loaded TP LinuxClientTargetPlatform
[2018.01.04-11.40.50:622][  0]LogTemp:Display: Loaded TP LinuxNoEditorTargetPlatform
[2018.01.04-11.40.50:657][  0]LogTemp:Display: Loaded TP LinuxServerTargetPlatform
[2018.01.04-11.40.50:691][  0]LogTemp:Display: Loaded TP LinuxTargetPlatform
[2018.01.04-11.40.50:691][  0]LogTargetPlatformManager:Display: Building Assets For Windows
[2018.01.04-11.40.51:042][  0]LogDerivedDataCache:Display: Max Cache Size: 512 MB
[2018.01.04-11.40.51:104][  0]LogDerivedDataCache: Loaded boot cache 0.06s 111MB C:/Users/Bendick/AppData/Local/UnrealEngine/4.16/DerivedDataCache/Boot.ddc.
[2018.01.04-11.40.51:104][  0]LogDerivedDataCache:Display: Loaded Boot cache: C:/Users/Bendick/AppData/Local/UnrealEngine/4.16/DerivedDataCache/Boot.ddc
[2018.01.04-11.40.51:104][  0]LogDerivedDataCache: FDerivedDataBackendGraph:  Pak pak cache file ../../../../../../Users/Bendick/Documents/GitHub/SR_Prototype_V3/SR_Prototype_V3/DerivedDataCache/DDC.ddp not found, will not use a pak cache.
[2018.01.04-11.40.51:104][  0]LogDerivedDataCache: Unable to find inner node Pak for hierarchical cache Hierarchy.
[2018.01.04-11.40.51:104][  0]LogDerivedDataCache: FDerivedDataBackendGraph:  CompressedPak pak cache file ../../../../../../Users/Bendick/Documents/GitHub/SR_Prototype_V3/SR_Prototype_V3/DerivedDataCache/Compressed.ddp not found, will not use a pak cache.
[2018.01.04-11.40.51:104][  0]LogDerivedDataCache: Unable to find inner node CompressedPak for hierarchical cache Hierarchy.
[2018.01.04-11.40.51:115][  0]LogDerivedDataCache:Display: Pak cache opened for reading ../../../Engine/DerivedDataCache/Compressed.ddp.
[2018.01.04-11.40.51:127][  0]LogDerivedDataCache: Using Local data cache path C:/Users/Bendick/AppData/Local/UnrealEngine/Common/DerivedDataCache: Writable
[2018.01.04-11.40.51:133][  0]LogMaterial: Verifying Global Shaders for PCD3D_SM5
[2018.01.04-11.40.51:133][  0]LogSlate: Using Freetype 2.6.0
[2018.01.04-11.40.51:133][  0]LogSlate: SlateFontCache - WITH_FREETYPE: 1, WITH_HARFBUZZ: 1
[2018.01.04-11.40.51:133][  0]LogSlate: SlateFontCache - WITH_FREETYPE: 1, WITH_HARFBUZZ: 1
[2018.01.04-11.40.51:345][  0]LogInit: Selected Device Profile: [Windows]
[2018.01.04-11.40.51:489][  0]LogMeshUtilities: Using QuadricMeshReduction for automatic static mesh reduction
[2018.01.04-11.40.51:519][  0]LogSimplygon: Simplygon DLL not present - disabling.
[2018.01.04-11.40.51:551][  0]LogMeshUtilities: Using SimplygonSwarm for distributed automatic mesh merging
[2018.01.04-11.40.51:551][  0]LogMeshUtilities: No automatic skeletal mesh reduction module available
[2018.01.04-11.40.51:551][  0]LogMeshUtilities: No automatic mesh merging module available
[2018.01.04-11.40.51:903][  0]LogNetVersion: SR_Prototype_V3 , NetCL: 3452394, EngineNetVer: 2, GameNetVer: 0 (Checksum: 2708348065)
[2018.01.04-11.40.51:951][  0]LogAssetRegistry: FAssetRegistry took 0.0236 seconds to start up
[2018.01.04-11.40.52:000][  0]LogPackageLocalizationCache: Processed 5 localized package path(s) for 2 prioritized culture(s) in 0.032674 seconds
[2018.01.04-11.40.52:004][  0]LogUObjectArray: 34194 objects as part of root set at end of initial load.
[2018.01.04-11.40.52:004][  0]LogUObjectAllocator: 7260424 out of 0 bytes used by permanent object pool.
[2018.01.04-11.40.52:004][  0]LogUObjectArray: CloseDisregardForGC: 0/0 objects in disregard for GC pool
[2018.01.04-11.40.52:052][  0]LogInit: WinSock: version 1.1 (2.2), MaxSocks=32767, MaxUdp=65467
[2018.01.04-11.40.53:753][  0]LogTcpMessaging: Initializing TcpMessaging bridge
[2018.01.04-11.40.53:783][  0]LogUdpMessaging: Initializing bridge on interface 0.0.0.0:0 to multicast group 230.0.0.1:6666.
[2018.01.04-11.40.54:142][  0]LogMaterial: Uniform references updated for custom material expression Custom.
[2018.01.04-11.40.54:399][  0]SourceControl: Info Source control is disabled
[2018.01.04-11.40.54:434][  0]SourceControl: Info Source control is disabled
[2018.01.04-11.40.54:466][  0]SourceControl: Info Source control is disabled
[2018.01.04-11.40.54:496][  0]SourceControl: Info Source control is disabled
[2018.01.04-11.40.54:931][  0]LogAndroidPermission: UAndroidPermissionCallbackProxy::GetInstance
[2018.01.04-11.40.55:351][  0]LogEngine: Initializing Engine...
[2018.01.04-11.40.55:352][  0]LogHMD: Failed to initialize OpenVR with code 110
[2018.01.04-11.40.55:474][  0]LogStats: UGameplayTagsManager::ConstructGameplayTagTree: Construct from data asset -  0.000 s
[2018.01.04-11.40.55:474][  0]LogStats: UGameplayTagsManager::ConstructGameplayTagTree: GameplayTagTreeChangedEvent.Broadcast -  0.000 s
[2018.01.04-11.40.55:560][  0]LogAIModule: Creating AISystem for world Untitled
[2018.01.04-11.40.55:565][  0]LogInit: XAudio2 using 'Speakers (Logitech G933 Gaming Headset)' : 6 channels at 48 kHz using 16 bits per sample (channel mask 0x3f)
[2018.01.04-11.40.55:578][  0]LogInit: FAudioDevice initialized.
[2018.01.04-11.40.55:612][  0]LogDerivedDataCache: Saved boot cache 0.03s 111MB C:/Users/Bendick/AppData/Local/UnrealEngine/4.16/DerivedDataCache/Boot.ddc.
[2018.01.04-11.40.55:623][  0]LogInit: Texture streaming: Disabled
[2018.01.04-11.40.55:688][  0]LogEngineSessionManager: EngineSessionManager initialized
[2018.01.04-11.40.55:831][  0]LogInit: Transaction tracking system initialized
[2018.01.04-11.40.56:035][  0]BlueprintLog: New page: Editor Load
[2018.01.04-11.40.56:649][  0]LocalizationService: Info Localization service is disabled
[2018.01.04-11.40.57:098][  0]LogConsoleResponse:Display: 
[2018.01.04-11.40.57:197][  0]LogCook:Display: Max memory allowance for cook 16384mb min free memory 0mb
[2018.01.04-11.40.57:197][  0]LogCook:Display: Mobile HDR setting 1
[2018.01.04-11.40.57:856][  0]LogFileCache: Scanning file cache for directory 'C:/Users/Bendick/Documents/GitHub/SR_Prototype_V3/SR_Prototype_V3/Content/' took 0.01s
[2018.01.04-11.40.57:856][  0]SourceControl: Info Source control is disabled
[2018.01.04-11.40.57:856][  0]Cmd: MAP LOAD FILE="../../../../../../Users/Bendick/Documents/GitHub/SR_Prototype_V3/SR_Prototype_V3/Content/ScanReach.umap" TEMPLATE=0 SHOWPROGRESS=1 FEATURELEVEL=3
[2018.01.04-11.40.57:856][  0]LightingResults: New page: Lighting Build
[2018.01.04-11.40.57:883][  0]MapCheck: New page: Map Check
[2018.01.04-11.40.57:883][  0]LightingResults: New page: Lighting Build
[2018.01.04-11.40.58:185][  0]LogTexture:Display: Building textures: T_Options_Pressed (BGRA8, 31X31)
[2018.01.04-11.40.58:185][  0]LogTexture:Display: Building textures: T_Options_Normal (BGRA8, 31X31)
[2018.01.04-11.40.58:185][  0]LogTexture:Display: Building textures: T_Options_Hoverd (BGRA8, 31X31)
[2018.01.04-11.40.58:389][  0]LogAIModule: Creating AISystem for world ScanReach
[2018.01.04-11.40.58:403][  0]LogEditorServer: Finished looking for orphan Actors (0.000 secs)
[2018.01.04-11.40.58:413][  0]Cmd: MAP CHECKDEP NOCLEARLOG
[2018.01.04-11.40.58:448][  0]MapCheck: Info Map check complete: 0 Error(s), 0 Warning(s), took 33.844ms to complete.
[2018.01.04-11.40.58:448][  0]LogFileHelpers: Loading map 'ScanReach' took 0.592
[2018.01.04-11.40.58:516][  0]LogWindowsTextInputMethodSystem:Display: IME system now deactivated.
[2018.01.04-11.40.58:516][  0]LogWindowsTextInputMethodSystem:Display: IME system now deactivated.
[2018.01.04-11.40.58:573][  0]LogCollectionManager: Loaded 0 collections in 0.001000 seconds
[2018.01.04-11.40.58:640][  0]LogFileCache: Scanning file cache for directory 'C:/Users/Bendick/Documents/GitHub/SR_Prototype_V3/SR_Prototype_V3/Saved/Collections/' took 0.01s
[2018.01.04-11.40.58:641][  0]LogFileCache: Scanning file cache for directory 'C:/Users/Bendick/Documents/GitHub/SR_Prototype_V3/SR_Prototype_V3/Content/Developers/Bendick/Collections/' took 0.01s
[2018.01.04-11.40.58:641][  0]LogFileCache: Scanning file cache for directory 'C:/Users/Bendick/Documents/GitHub/SR_Prototype_V3/SR_Prototype_V3/Content/Collections/' took 0.01s
[2018.01.04-11.40.58:641][  0]LogCollectionManager: Rebuilt the GUID cache for 0 collections in 0.000001 seconds
[2018.01.04-11.40.58:647][  0]LogContentBrowser: Native class hierarchy populated in 0.0060 seconds. Added 2334 classes and 495 folders.
[2018.01.04-11.40.58:689][  0]LogContentBrowser: Native class hierarchy updated for 'WidgetCarousel' in 0.0004 seconds. Added 0 classes and 0 folders.
[2018.01.04-11.40.58:711][  0]LogContentBrowser: Native class hierarchy updated for 'AddContentDialog' in 0.0004 seconds. Added 0 classes and 0 folders.
[2018.01.04-11.40.58:739][  0]LogContentBrowser: Native class hierarchy updated for 'SceneOutliner' in 0.0004 seconds. Added 1 classes and 2 folders.
[2018.01.04-11.40.58:795][  0]LogCrashTracker: Crashtracker disabled due to settings.
[2018.01.04-11.40.58:799][  0]LogSlate: Took 0.000113 seconds to synchronously load lazily loaded font '../../../Engine/Content/Slate/Fonts/Roboto-Regular.ttf' (155K)
[2018.01.04-11.40.58:800][  0]LogSlate: Took 0.000119 seconds to synchronously load lazily loaded font '../../../Engine/Content/Slate/Fonts/Roboto-Bold.ttf' (160K)
[2018.01.04-11.40.58:804][  0]LogSlate: Took 0.000128 seconds to synchronously load lazily loaded font '../../../Engine/Content/Editor/Slate/Fonts/FontAwesome.ttf' (139K)
[2018.01.04-11.40.58:864][  0]LogRenderer: Reallocating scene render targets to support 1276x628 NumSamples 1 (Frame:1).
[2018.01.04-11.40.58:893][  0]LogSlate: Took 0.000096 seconds to synchronously load lazily loaded font '../../../Engine/Content/Slate/Fonts/Roboto-Light.ttf' (159K)
[2018.01.04-11.40.58:938][  0]LogUObjectGlobals:Warning: Failed to find object 'Class None.'
[2018.01.04-11.40.58:989][  0]LogContentBrowser: Native class hierarchy updated for 'HierarchicalLODOutliner' in 0.0004 seconds. Added 1 classes and 2 folders.
[2018.01.04-11.40.58:989][  0]LogLoad: (Engine Initialization) Total time: 11.68 seconds
[2018.01.04-11.40.58:989][  0]LogLoad: (Engine Initialization) Total Blueprint compile time: 0.16 seconds
[2018.01.04-11.40.58:989][  0]LogExternalProfiler: Found external profiler: VSPerf
[2018.01.04-11.40.58:989][  0]LogExternalProfiler: Using external profiler: VSPerf
[2018.01.04-11.40.58:999][  0]LogOcInput: OculusInput pre-init called
[2018.01.04-11.40.58:999][  0]LogHMD: Starting GearVRController plugin
[2018.01.04-11.40.59:011][  0]LogAssetRegistry: Asset discovery search completed in 7.0818 seconds
[2018.01.04-11.40.59:012][  0]LogCollectionManager: Rebuilt the object cache for 0 collections in 0.000000 seconds (found 0 objects)
[2018.01.04-11.40.59:012][  0]LogCollectionManager: Fixed up redirectors for 0 collections in 0.000016 seconds (updated 0 objects)
[2018.01.04-11.40.59:087][  1]LogRenderer: Reallocating scene render targets to support 1276x644 NumSamples 1 (Frame:3).
[2018.01.04-11.41.08:194][ 83]LogSynthBenchmark:Display: FSynthBenchmark (V0.95):  requested WorkScale=5.00
[2018.01.04-11.41.08:194][ 83]LogSynthBenchmark:Display: ===============
[2018.01.04-11.41.08:194][ 83]LogSynthBenchmark:Display: Main Processor:
[2018.01.04-11.41.08:348][ 83]LogSynthBenchmark:Display:          ... 0.015706 s/Run 'RayIntersect'
[2018.01.04-11.41.08:348][ 83]LogSynthBenchmark:Display:          ... 0.014913 s/Run 'Fractal'
[2018.01.04-11.41.08:348][ 83]LogSynthBenchmark:Display: 
[2018.01.04-11.41.08:348][ 83]LogSynthBenchmark:Display:   CompiledTarget_x_Bits: 64
[2018.01.04-11.41.08:348][ 83]LogSynthBenchmark:Display:   UE_BUILD_SHIPPING: 0
[2018.01.04-11.41.08:348][ 83]LogSynthBenchmark:Display:   UE_BUILD_TEST: 0
[2018.01.04-11.41.08:348][ 83]LogSynthBenchmark:Display:   UE_BUILD_DEBUG: 0
[2018.01.04-11.41.08:348][ 83]LogSynthBenchmark:Display:   TotalPhysicalGBRam: 16
[2018.01.04-11.41.08:348][ 83]LogSynthBenchmark:Display:   NumberOfCores (physical): 4
[2018.01.04-11.41.08:348][ 83]LogSynthBenchmark:Display:   NumberOfCores (logical): 8
[2018.01.04-11.41.08:348][ 83]LogSynthBenchmark:Display:   CPU Perf Index 0: 163.1 (weight 1.00)
[2018.01.04-11.41.08:348][ 83]LogSynthBenchmark:Display:   CPU Perf Index 1: 191.8 (weight 1.50)
[2018.01.04-11.41.08:348][ 83]LogSynthBenchmark:Display:  
[2018.01.04-11.41.08:348][ 83]LogSynthBenchmark:Display: Graphics:
[2018.01.04-11.41.08:348][ 83]LogSynthBenchmark:Display:   Adapter Name: 'NVIDIA GeForce GTX 1070'
[2018.01.04-11.41.08:348][ 83]LogSynthBenchmark:Display:   (On Optimus the name might be wrong, memory should be ok)
[2018.01.04-11.41.08:348][ 83]LogSynthBenchmark:Display:   Vendor Id: 0x10DE
[2018.01.04-11.41.08:348][ 83]LogSynthBenchmark:Display:   Device Id: 0x1B81
[2018.01.04-11.41.08:348][ 83]LogSynthBenchmark:Display:   Device Revision: 0xA1
[2018.01.04-11.41.08:348][ 83]LogSynthBenchmark:Display:   GPU Memory: 8096/0/8162 MB
[2018.01.04-11.41.08:445][ 83]LogSynthBenchmark:Display:   GPU first test: 0.01s
[2018.01.04-11.41.08:445][ 83]LogSynthBenchmark:Display:          ... 9.093 s/GigaPix, Confidence=100% 'ALUHeavyNoise' (likely to be very inaccurate)
[2018.01.04-11.41.08:445][ 83]LogSynthBenchmark:Display:          ... 8.230 s/GigaPix, Confidence=100% 'TexHeavy' (likely to be very inaccurate)
[2018.01.04-11.41.08:445][ 83]LogSynthBenchmark:Display:          ... 6.583 s/GigaPix, Confidence=89% 'DepTexHeavy' (likely to be very inaccurate)
[2018.01.04-11.41.08:445][ 83]LogSynthBenchmark:Display:          ... 30.258 s/GigaPix, Confidence=89% 'FillOnly' (likely to be very inaccurate)
[2018.01.04-11.41.08:445][ 83]LogSynthBenchmark:Display:          ... 1.238 s/GigaPix, Confidence=100% 'Bandwidth' (likely to be very inaccurate)
[2018.01.04-11.41.08:445][ 83]LogSynthBenchmark:Display:          ... 15.233 s/GigaVert, Confidence=60% 'VertThroughPut1' (likely to be very inaccurate)
[2018.01.04-11.41.08:445][ 83]LogSynthBenchmark:Display:          ... 6.739 s/GigaVert, Confidence=100% 'VertThroughPut2' (likely to be very inaccurate)
[2018.01.04-11.41.08:550][ 83]LogSynthBenchmark:Display:   GPU second test: 0.08s
[2018.01.04-11.41.08:550][ 83]LogSynthBenchmark:Display:          ... 12.645 s/GigaPix, Confidence=100% 'ALUHeavyNoise' (likely to be inaccurate)
[2018.01.04-11.41.08:550][ 83]LogSynthBenchmark:Display:          ... 10.373 s/GigaPix, Confidence=100% 'TexHeavy' (likely to be inaccurate)
[2018.01.04-11.41.08:550][ 83]LogSynthBenchmark:Display:          ... 9.561 s/GigaPix, Confidence=100% 'DepTexHeavy' (likely to be inaccurate)
[2018.01.04-11.41.08:550][ 83]LogSynthBenchmark:Display:          ... 57.338 s/GigaPix, Confidence=100% 'FillOnly' (likely to be inaccurate)
[2018.01.04-11.41.08:550][ 83]LogSynthBenchmark:Display:          ... 1.306 s/GigaPix, Confidence=100% 'Bandwidth' (likely to be inaccurate)
[2018.01.04-11.41.08:550][ 83]LogSynthBenchmark:Display:          ... 6.286 s/GigaVert, Confidence=89% 'VertThroughPut1' (likely to be inaccurate)
[2018.01.04-11.41.08:550][ 83]LogSynthBenchmark:Display:          ... 5.370 s/GigaVert, Confidence=100% 'VertThroughPut2' (likely to be inaccurate)
[2018.01.04-11.41.09:296][ 83]LogSynthBenchmark:Display:   GPU third test: 0.69s
[2018.01.04-11.41.09:296][ 83]LogSynthBenchmark:Display:          ... 15.879 s/GigaPix, Confidence=100% 'ALUHeavyNoise'
[2018.01.04-11.41.09:296][ 83]LogSynthBenchmark:Display:          ... 12.665 s/GigaPix, Confidence=100% 'TexHeavy'
[2018.01.04-11.41.09:296][ 83]LogSynthBenchmark:Display:          ... 11.942 s/GigaPix, Confidence=100% 'DepTexHeavy'
[2018.01.04-11.41.09:296][ 83]LogSynthBenchmark:Display:          ... 75.680 s/GigaPix, Confidence=89% 'FillOnly'
[2018.01.04-11.41.09:296][ 83]LogSynthBenchmark:Display:          ... 1.567 s/GigaPix, Confidence=100% 'Bandwidth'
[2018.01.04-11.41.09:296][ 83]LogSynthBenchmark:Display:          ... 5.372 s/GigaVert, Confidence=100% 'VertThroughPut1'
[2018.01.04-11.41.09:296][ 83]LogSynthBenchmark:Display:          ... 6.361 s/GigaVert, Confidence=100% 'VertThroughPut2'
[2018.01.04-11.41.09:296][ 83]LogSynthBenchmark:Display:   GPU Final Results:
[2018.01.04-11.41.09:296][ 83]LogSynthBenchmark:Display:          ... 15.879 s/GigaPix, Confidence=100% 'ALUHeavyNoise'
[2018.01.04-11.41.09:296][ 83]LogSynthBenchmark:Display:          ... 12.665 s/GigaPix, Confidence=100% 'TexHeavy'
[2018.01.04-11.41.09:296][ 83]LogSynthBenchmark:Display:          ... 11.942 s/GigaPix, Confidence=100% 'DepTexHeavy'
[2018.01.04-11.41.09:296][ 83]LogSynthBenchmark:Display:          ... 75.680 s/GigaPix, Confidence=89% 'FillOnly'
[2018.01.04-11.41.09:296][ 83]LogSynthBenchmark:Display:          ... 1.567 s/GigaPix, Confidence=100% 'Bandwidth'
[2018.01.04-11.41.09:296][ 83]LogSynthBenchmark:Display:          ... 5.372 s/GigaVert, Confidence=100% 'VertThroughPut1'
[2018.01.04-11.41.09:296][ 83]LogSynthBenchmark:Display:          ... 6.361 s/GigaVert, Confidence=100% 'VertThroughPut2'
[2018.01.04-11.41.09:296][ 83]LogSynthBenchmark:Display: 
[2018.01.04-11.41.09:296][ 83]LogSynthBenchmark:Display:   GPU Perf Index 0: 345.1 (weight 1.00)
[2018.01.04-11.41.09:296][ 83]LogSynthBenchmark:Display:   GPU Perf Index 1: 170.1 (weight 0.10)
[2018.01.04-11.41.09:296][ 83]LogSynthBenchmark:Display:   GPU Perf Index 2: 310.4 (weight 0.10)
[2018.01.04-11.41.09:296][ 83]LogSynthBenchmark:Display:   GPU Perf Index 3: 297.2 (weight 3.00)
[2018.01.04-11.41.09:296][ 83]LogSynthBenchmark:Display:   GPU Perf Index 4: 146.2 (weight 1.00)
[2018.01.04-11.41.09:296][ 83]LogSynthBenchmark:Display:   GPU Perf Index 5: 349.5 (weight 0.00)
[2018.01.04-11.41.09:296][ 83]LogSynthBenchmark:Display:   GPU Perf Index 6: 360.0 (weight 0.00)
[2018.01.04-11.41.09:296][ 83]LogSynthBenchmark:Display:   CPUIndex: 180.3
[2018.01.04-11.41.09:296][ 83]LogSynthBenchmark:Display:   GPUIndex: 275.2
[2018.01.04-11.41.09:296][ 83]LogSynthBenchmark:Display: 
[2018.01.04-11.41.09:296][ 83]LogSynthBenchmark:Display:          ... Total Time: 1.101270 sec
[2018.01.04-11.41.15:250][792]LogSlate: Took 0.000100 seconds to synchronously load lazily loaded font '../../../Engine/Content/Slate/Fonts/Roboto-Light.ttf' (159K)
[2018.01.04-11.41.15:493][792]LogContentBrowser: Native class hierarchy updated for 'BlueprintGraph' in 0.0006 seconds. Added 112 classes and 0 folders.
[2018.01.04-11.41.15:897][792]LogSlate: Took 0.000094 seconds to synchronously load lazily loaded font '../../../Engine/Content/Slate/Fonts/Roboto-Light.ttf' (159K)
[2018.01.04-11.41.15:897][792]LogSlate: Took 0.000085 seconds to synchronously load lazily loaded font '../../../Engine/Content/Editor/Slate/Fonts/Roboto-BoldCondensed.ttf' (158K)
[2018.01.04-11.41.34:373][860]LogTexture:Display: Building textures: T_Exit_Program (BGRA8, 182X23)
[2018.01.04-11.41.45:830][224]LogSlate: Took 0.001214 seconds to synchronously load lazily loaded font '../../../Engine/Content/Slate/Fonts/DroidSansFallback.ttf' (3848K)
[2018.01.04-11.42.07:143][760]BlueprintLog: New page: Compile w_Options
[2018.01.04-11.42.07:214][760]BlueprintEditorCompileResults: Info Fast Template Successfully Created.
[2018.01.04-11.42.07:582][797]LogSavePackage: Save=19.60ms
[2018.01.04-11.42.07:582][797]LogSavePackage: Moving '../../../../../../Users/Bendick/Documents/GitHub/SR_Prototype_V3/SR_Prototype_V3/Saved/w_Options968B47C742FEFC7566BBA78F80C8D452.tmp' to '../../../../../../Users/Bendick/Documents/GitHub/SR_Prototype_V3/SR_Prototype_V3/Content/Blueprints/Widgets/w_Options.uasset'
[2018.01.04-11.42.07:587][797]LogSavePackage:Display: Finished SavePackage ../../../../../../Users/Bendick/Documents/GitHub/SR_Prototype_V3/SR_Prototype_V3/Content/Blueprints/Widgets/w_Options.uasset
[2018.01.04-11.42.07:978][844]LogTemp: Repeting last play command: New Editor Window (PIE)
[2018.01.04-11.42.08:025][844]LogBlueprintUserMessages: Early PlayInEditor Detection: Level '/Game/ScanReach.ScanReach:PersistentLevel' has LevelScriptBlueprint '/Game/ScanReach.ScanReach:PersistentLevel.ScanReach' with GeneratedClass '/Game/ScanReach.ScanReach_C' with ClassGeneratedBy '/Game/ScanReach.ScanReach:PersistentLevel.ScanReach'
[2018.01.04-11.42.08:025][844]LogPlayLevel: PlayLevel: No blueprints needed recompiling
[2018.01.04-11.42.08:026][844]PIE: New page: PIE session: ScanReach (4 Jan 2018 13:42:08)
[2018.01.04-11.42.08:026][844]LogPlayLevel: Creating play world package: /Game/UEDPIE_0_ScanReach
[2018.01.04-11.42.08:029][844]LogPlayLevel: PIE: StaticDuplicateObject took: (0.002944s)
[2018.01.04-11.42.08:029][844]LogAIModule: Creating AISystem for world ScanReach
[2018.01.04-11.42.08:029][844]LogPlayLevel: PIE: World Init took: (0.000367s)
[2018.01.04-11.42.08:029][844]LogPlayLevel: PIE: Created PIE world by copying editor world from /Game/ScanReach.ScanReach to /Game/UEDPIE_0_ScanReach.ScanReach (0.003440s)
[2018.01.04-11.42.08:039][844]LogInit: XAudio2 using 'Speakers (Logitech G933 Gaming Headset)' : 6 channels at 48 kHz using 16 bits per sample (channel mask 0x3f)
[2018.01.04-11.42.08:049][844]LogInit: FAudioDevice initialized.
[2018.01.04-11.42.08:117][844]LogLoad: Game class is 'ScanReach_GM_C'
[2018.01.04-11.42.08:121][844]LogWorld: Bringing World /Game/UEDPIE_0_ScanReach.ScanReach up for play (max tick rate 0) at 2018.01.04-12.42.08
[2018.01.04-11.42.08:121][844]LogWorld: Bringing up level for play took: 0.003205
[2018.01.04-11.42.08:149][844]LogContentBrowser: Native class hierarchy updated for 'MovieSceneCapture' in 0.0004 seconds. Added 11 classes and 0 folders.
[2018.01.04-11.42.08:153][844]LogBlueprintUserMessages: [Websocket_Master_58] 302316ab-3b7b-45f1-9fc0-5f0b4f819c41
[2018.01.04-11.42.08:153][844]LogBlueprintUserMessages: [Websocket_Master_58] 3cff7215-ab99-4071-b738-9ede02b36604
[2018.01.04-11.42.08:153][844]LogBlueprintUserMessages: [Websocket_Master_58] 5a161fa2-488f-4024-9753-a4e4a3ded31a
[2018.01.04-11.42.08:153][844]LogBlueprintUserMessages: [Websocket_Master_58] 6a46c0b8-f691-40a2-bf8c-041ec09dc7ac
[2018.01.04-11.42.08:153][844]LogBlueprintUserMessages: [Websocket_Master_58] 70c81956-1c1a-40f4-aa2b-3a743a9deac3
[2018.01.04-11.42.08:153][844]LogBlueprintUserMessages: [Websocket_Master_58] 7f464d36-31a3-4a56-894a-a94f14707e09
[2018.01.04-11.42.08:153][844]LogBlueprintUserMessages: [Websocket_Master_58] 9f7e559f-d9e4-4143-bea3-69bb144d9d76
[2018.01.04-11.42.08:153][844]LogBlueprintUserMessages: [Websocket_Master_58] a895776a-5510-48c3-88bc-56118557b179
[2018.01.04-11.42.08:153][844]LogBlueprintUserMessages: [Websocket_Master_58] b1f089d5-6e8e-4001-b860-b29937bc82d6
[2018.01.04-11.42.08:153][844]LogBlueprintUserMessages: [Websocket_Master_58] cfdfb18f-7a15-4922-b52e-2dbed43c299d
[2018.01.04-11.42.08:154][844]PIE: Info Play in editor start time for /Game/UEDPIE_0_ScanReach 1.082
[2018.01.04-11.42.08:154][844]LogBlueprintUserMessages: Late PlayInEditor Detection: Level '/Game/ScanReach.ScanReach:PersistentLevel' has LevelScriptBlueprint '/Game/ScanReach.ScanReach:PersistentLevel.ScanReach' with GeneratedClass '/Game/ScanReach.ScanReach_C' with ClassGeneratedBy '/Game/ScanReach.ScanReach:PersistentLevel.ScanReach'
[2018.01.04-11.42.08:164][844]LogRenderer: Reallocating scene render targets to support 1292x756 NumSamples 1 (Frame:1).
[2018.01.04-11.42.09:908][ 40]LogBlueprintUserMessages: [Websocket_Master_58] Connected To: ws://srtdev7-inrange-websocket.azurewebsites.net/inrange
[2018.01.04-11.42.12:149][309]LogBlueprintUserMessages: [Websocket_Master_58] RSSI: -78.25184

TagID: a4f627c7-66e7-40b6-af13-18d95bb7302e

SensorID: 70c81956-1c1a-40f4-aa2b-3a743a9deac3
[2018.01.04-11.42.14:140][548]LogBlueprintUserMessages: [Websocket_Master_58] RSSI: -63.552635

TagID: d343d373-0696-4542-8a05-52a261511d54

SensorID: 302316ab-3b7b-45f1-9fc0-5f0b4f819c41
[2018.01.04-11.42.14:517][593]LogBlueprintUserMessages: Early EndPlayMap Detection: Level '/Game/ScanReach.ScanReach:PersistentLevel' has LevelScriptBlueprint '/Game/ScanReach.ScanReach:PersistentLevel.ScanReach' with GeneratedClass '/Game/ScanReach.ScanReach_C' with ClassGeneratedBy '/Game/ScanReach.ScanReach:PersistentLevel.ScanReach'
[2018.01.04-11.42.14:557][593]LogBlueprintUserMessages: Late EndPlayMap Detection: Level '/Game/ScanReach.ScanReach:PersistentLevel' has LevelScriptBlueprint '/Game/ScanReach.ScanReach:PersistentLevel.ScanReach' with GeneratedClass '/Game/ScanReach.ScanReach_C' with ClassGeneratedBy '/Game/ScanReach.ScanReach:PersistentLevel.ScanReach'
[2018.01.04-11.42.25:653][916]BlueprintLog: New page: Compile w_Options
[2018.01.04-11.42.25:739][916]BlueprintEditorCompileResults: Info Fast Template Successfully Created.
[2018.01.04-11.42.26:042][951]LogTemp: Repeting last play command: New Editor Window (PIE)
[2018.01.04-11.42.26:055][951]LogBlueprintUserMessages: Early PlayInEditor Detection: Level '/Game/ScanReach.ScanReach:PersistentLevel' has LevelScriptBlueprint '/Game/ScanReach.ScanReach:PersistentLevel.ScanReach' with GeneratedClass '/Game/ScanReach.ScanReach_C' with ClassGeneratedBy '/Game/ScanReach.ScanReach:PersistentLevel.ScanReach'
[2018.01.04-11.42.26:055][951]LogPlayLevel: PlayLevel: No blueprints needed recompiling
[2018.01.04-11.42.26:056][951]PIE: New page: PIE session: ScanReach (4 Jan 2018 13:42:26)
[2018.01.04-11.42.26:056][951]LogPlayLevel: Creating play world package: /Game/UEDPIE_0_ScanReach
[2018.01.04-11.42.26:058][951]LogPlayLevel: PIE: StaticDuplicateObject took: (0.002823s)
[2018.01.04-11.42.26:059][951]LogAIModule: Creating AISystem for world ScanReach
[2018.01.04-11.42.26:059][951]LogPlayLevel: PIE: World Init took: (0.000366s)
[2018.01.04-11.42.26:059][951]LogPlayLevel: PIE: Created PIE world by copying editor world from /Game/ScanReach.ScanReach to /Game/UEDPIE_0_ScanReach.ScanReach (0.003303s)
[2018.01.04-11.42.26:070][951]LogInit: XAudio2 using 'Speakers (Logitech G933 Gaming Headset)' : 6 channels at 48 kHz using 16 bits per sample (channel mask 0x3f)
[2018.01.04-11.42.26:079][951]LogInit: FAudioDevice initialized.
[2018.01.04-11.42.26:127][951]LogLoad: Game class is 'ScanReach_GM_C'
[2018.01.04-11.42.26:131][951]LogWorld: Bringing World /Game/UEDPIE_0_ScanReach.ScanReach up for play (max tick rate 0) at 2018.01.04-12.42.26
[2018.01.04-11.42.26:131][951]LogWorld: Bringing up level for play took: 0.003322
[2018.01.04-11.42.26:134][951]LogBlueprintUserMessages: [Websocket_Master_58] 302316ab-3b7b-45f1-9fc0-5f0b4f819c41
[2018.01.04-11.42.26:134][951]LogBlueprintUserMessages: [Websocket_Master_58] 3cff7215-ab99-4071-b738-9ede02b36604
[2018.01.04-11.42.26:134][951]LogBlueprintUserMessages: [Websocket_Master_58] 5a161fa2-488f-4024-9753-a4e4a3ded31a
[2018.01.04-11.42.26:134][951]LogBlueprintUserMessages: [Websocket_Master_58] 6a46c0b8-f691-40a2-bf8c-041ec09dc7ac
[2018.01.04-11.42.26:134][951]LogBlueprintUserMessages: [Websocket_Master_58] 70c81956-1c1a-40f4-aa2b-3a743a9deac3
[2018.01.04-11.42.26:134][951]LogBlueprintUserMessages: [Websocket_Master_58] 7f464d36-31a3-4a56-894a-a94f14707e09
[2018.01.04-11.42.26:134][951]LogBlueprintUserMessages: [Websocket_Master_58] 9f7e559f-d9e4-4143-bea3-69bb144d9d76
[2018.01.04-11.42.26:135][951]LogBlueprintUserMessages: [Websocket_Master_58] a895776a-5510-48c3-88bc-56118557b179
[2018.01.04-11.42.26:135][951]LogBlueprintUserMessages: [Websocket_Master_58] b1f089d5-6e8e-4001-b860-b29937bc82d6
[2018.01.04-11.42.26:135][951]LogBlueprintUserMessages: [Websocket_Master_58] cfdfb18f-7a15-4922-b52e-2dbed43c299d
[2018.01.04-11.42.26:136][951]PIE: Info Play in editor start time for /Game/UEDPIE_0_ScanReach 1.064
[2018.01.04-11.42.26:136][951]LogBlueprintUserMessages: Late PlayInEditor Detection: Level '/Game/ScanReach.ScanReach:PersistentLevel' has LevelScriptBlueprint '/Game/ScanReach.ScanReach:PersistentLevel.ScanReach' with GeneratedClass '/Game/ScanReach.ScanReach_C' with ClassGeneratedBy '/Game/ScanReach.ScanReach:PersistentLevel.ScanReach'
[2018.01.04-11.42.28:018][173]LogBlueprintUserMessages: [Websocket_Master_58] Connected To: ws://srtdev7-inrange-websocket.azurewebsites.net/inrange
[2018.01.04-11.42.30:243][440]LogBlueprintUserMessages: [Websocket_Master_58] RSSI: -62.589146

TagID: d63e739a-fca8-4ed6-b0b9-df8ccc003eee

SensorID: 5a161fa2-488f-4024-9753-a4e4a3ded31a
[2018.01.04-11.42.31:017][533]LogBlueprintUserMessages: Early EndPlayMap Detection: Level '/Game/ScanReach.ScanReach:PersistentLevel' has LevelScriptBlueprint '/Game/ScanReach.ScanReach:PersistentLevel.ScanReach' with GeneratedClass '/Game/ScanReach.ScanReach_C' with ClassGeneratedBy '/Game/ScanReach.ScanReach:PersistentLevel.ScanReach'
[2018.01.04-11.42.31:057][533]LogBlueprintUserMessages: Late EndPlayMap Detection: Level '/Game/ScanReach.ScanReach:PersistentLevel' has LevelScriptBlueprint '/Game/ScanReach.ScanReach:PersistentLevel.ScanReach' with GeneratedClass '/Game/ScanReach.ScanReach_C' with ClassGeneratedBy '/Game/ScanReach.ScanReach:PersistentLevel.ScanReach'
[2018.01.04-11.43.20:171][510]BlueprintLog: New page: Compile w_Options
[2018.01.04-11.43.20:246][510]BlueprintEditorCompileResults: Info Fast Template Successfully Created.
[2018.01.04-11.43.20:330][519]BlueprintLog: New page: Compile w_Options
[2018.01.04-11.43.20:403][519]BlueprintEditorCompileResults: Info Fast Template Successfully Created.
[2018.01.04-11.43.20:496][529]BlueprintLog: New page: Compile w_Options
[2018.01.04-11.43.20:568][529]BlueprintEditorCompileResults: Info Fast Template Successfully Created.
[2018.01.04-11.43.20:661][539]BlueprintLog: New page: Compile w_Options
[2018.01.04-11.43.20:734][539]BlueprintEditorCompileResults: Info Fast Template Successfully Created.
[2018.01.04-11.43.20:800][546]BlueprintLog: New page: Compile w_Options
[2018.01.04-11.43.20:874][546]BlueprintEditorCompileResults: Info Fast Template Successfully Created.
[2018.01.04-11.51.10:330][  0]LogFileHelpers: Editor autosave (incl. sublevels) for '/Game/ScanReach' took 0.011
[2018.01.04-11.51.10:331][  0]OBJ SavePackage: Generating thumbnails for [0] asset(s) in package [/Game/Blueprints/Widgets/w_Options] ([1] browsable assets)...
[2018.01.04-11.51.10:331][  0]OBJ SavePackage: Finished generating thumbnails for package [/Game/Blueprints/Widgets/w_Options]
[2018.01.04-11.51.10:376][  0]LogSavePackage: Save=20.03ms
[2018.01.04-11.51.10:376][  0]LogSavePackage: Moving '../../../../../../Users/Bendick/Documents/GitHub/SR_Prototype_V3/SR_Prototype_V3/Saved/w_Options_Auto13D23F03F4BCF43E6B0F9C18AD8F27F4F.tmp' to '../../../../../../Users/Bendick/Documents/GitHub/SR_Prototype_V3/SR_Prototype_V3/Saved/Autosaves/Game/Blueprints/Widgets/w_Options_Auto1.uasset'
[2018.01.04-11.51.10:376][  0]LogSavePackage:Display: Finished SavePackage ../../../../../../Users/Bendick/Documents/GitHub/SR_Prototype_V3/SR_Prototype_V3/Saved/Autosaves/Game/Blueprints/Widgets/w_Options_Auto1.uasset
[2018.01.04-11.51.10:376][  0]LogFileHelpers: Auto-saving content packages took 0.046
[2018.01.04-12.20.40:670][ 39]LogEditorViewport: Clicking on Actor (LMB): bp_Ship_C (bp_Ship)
[2018.01.04-12.20.41:373][117]LogTemp: Repeting last play command: New Editor Window (PIE)
[2018.01.04-12.20.41:387][117]LogBlueprintUserMessages: Early PlayInEditor Detection: Level '/Game/ScanReach.ScanReach:PersistentLevel' has LevelScriptBlueprint '/Game/ScanReach.ScanReach:PersistentLevel.ScanReach' with GeneratedClass '/Game/ScanReach.ScanReach_C' with ClassGeneratedBy '/Game/ScanReach.ScanReach:PersistentLevel.ScanReach'
[2018.01.04-12.20.41:387][117]BlueprintLog: New page: Pre-Play auto-recompile
[2018.01.04-12.20.41:387][117]LogPlayLevel: [PlayLevel] Compiling w_Options before play...
[2018.01.04-12.20.41:460][117]LogPlayLevel: PlayLevel: Blueprint regeneration took 73 ms (1 blueprints)
[2018.01.04-12.20.41:460][117]PIE: New page: PIE session: ScanReach (4 Jan 2018 14:20:41)
[2018.01.04-12.20.41:460][117]LogPlayLevel: Creating play world package: /Game/UEDPIE_0_ScanReach
[2018.01.04-12.20.41:463][117]LogPlayLevel: PIE: StaticDuplicateObject took: (0.002857s)
[2018.01.04-12.20.41:464][117]LogAIModule: Creating AISystem for world ScanReach
[2018.01.04-12.20.41:464][117]LogPlayLevel: PIE: World Init took: (0.000455s)
[2018.01.04-12.20.41:464][117]LogPlayLevel: PIE: Created PIE world by copying editor world from /Game/ScanReach.ScanReach to /Game/UEDPIE_0_ScanReach.ScanReach (0.003429s)
[2018.01.04-12.20.41:475][117]LogInit: XAudio2 using 'Speakers (Logitech G933 Gaming Headset)' : 6 channels at 48 kHz using 16 bits per sample (channel mask 0x3f)
[2018.01.04-12.20.41:485][117]LogInit: FAudioDevice initialized.
[2018.01.04-12.20.41:541][117]LogLoad: Game class is 'ScanReach_GM_C'
[2018.01.04-12.20.41:545][117]LogWorld: Bringing World /Game/UEDPIE_0_ScanReach.ScanReach up for play (max tick rate 0) at 2018.01.04-13.20.41
[2018.01.04-12.20.41:545][117]LogWorld: Bringing up level for play took: 0.003186
[2018.01.04-12.20.41:549][117]LogBlueprintUserMessages: [Websocket_Master_58] 302316ab-3b7b-45f1-9fc0-5f0b4f819c41
[2018.01.04-12.20.41:549][117]LogBlueprintUserMessages: [Websocket_Master_58] 3cff7215-ab99-4071-b738-9ede02b36604
[2018.01.04-12.20.41:549][117]LogBlueprintUserMessages: [Websocket_Master_58] 5a161fa2-488f-4024-9753-a4e4a3ded31a
[2018.01.04-12.20.41:549][117]LogBlueprintUserMessages: [Websocket_Master_58] 6a46c0b8-f691-40a2-bf8c-041ec09dc7ac
[2018.01.04-12.20.41:549][117]LogBlueprintUserMessages: [Websocket_Master_58] 70c81956-1c1a-40f4-aa2b-3a743a9deac3
[2018.01.04-12.20.41:549][117]LogBlueprintUserMessages: [Websocket_Master_58] 7f464d36-31a3-4a56-894a-a94f14707e09
[2018.01.04-12.20.41:549][117]LogBlueprintUserMessages: [Websocket_Master_58] 9f7e559f-d9e4-4143-bea3-69bb144d9d76
[2018.01.04-12.20.41:549][117]LogBlueprintUserMessages: [Websocket_Master_58] a895776a-5510-48c3-88bc-56118557b179
[2018.01.04-12.20.41:549][117]LogBlueprintUserMessages: [Websocket_Master_58] b1f089d5-6e8e-4001-b860-b29937bc82d6
[2018.01.04-12.20.41:549][117]LogBlueprintUserMessages: [Websocket_Master_58] cfdfb18f-7a15-4922-b52e-2dbed43c299d
[2018.01.04-12.20.41:552][117]PIE: Info Play in editor start time for /Game/UEDPIE_0_ScanReach 0.48
[2018.01.04-12.20.41:552][117]LogBlueprintUserMessages: Late PlayInEditor Detection: Level '/Game/ScanReach.ScanReach:PersistentLevel' has LevelScriptBlueprint '/Game/ScanReach.ScanReach:PersistentLevel.ScanReach' with GeneratedClass '/Game/ScanReach.ScanReach_C' with ClassGeneratedBy '/Game/ScanReach.ScanReach:PersistentLevel.ScanReach'
[2018.01.04-12.20.43:319][319]LogBlueprintUserMessages: [Websocket_Master_58] Connected To: ws://srtdev7-inrange-websocket.azurewebsites.net/inrange
[2018.01.04-12.20.45:536][585]LogBlueprintUserMessages: [Websocket_Master_58] RSSI: -40.278225

TagID: 490d1d0f-0670-4675-a278-c3e0a54a389a

SensorID: a895776a-5510-48c3-88bc-56118557b179
[2018.01.04-12.20.47:544][826]LogBlueprintUserMessages: [Websocket_Master_58] RSSI: -61.955074

TagID: a4f627c7-66e7-40b6-af13-18d95bb7302e

SensorID: b1f089d5-6e8e-4001-b860-b29937bc82d6
[2018.01.04-12.20.47:869][865]LogBlueprintUserMessages: Early EndPlayMap Detection: Level '/Game/ScanReach.ScanReach:PersistentLevel' has LevelScriptBlueprint '/Game/ScanReach.ScanReach:PersistentLevel.ScanReach' with GeneratedClass '/Game/ScanReach.ScanReach_C' with ClassGeneratedBy '/Game/ScanReach.ScanReach:PersistentLevel.ScanReach'
[2018.01.04-12.20.47:936][865]LogBlueprintUserMessages: Late EndPlayMap Detection: Level '/Game/ScanReach.ScanReach:PersistentLevel' has LevelScriptBlueprint '/Game/ScanReach.ScanReach:PersistentLevel.ScanReach' with GeneratedClass '/Game/ScanReach.ScanReach_C' with ClassGeneratedBy '/Game/ScanReach.ScanReach:PersistentLevel.ScanReach'
[2018.01.04-12.20.50:244][137]LogEditorViewport: Clicking on Actor (LMB): StaticMeshActor (Floor)
[2018.01.04-12.21.35:708][570]LogTexture:Display: Building textures: T_OptionsWindow (BGRA8, 189X234)
[2018.01.04-12.21.39:505][ 25]BlueprintLog: New page: Compile w_Options
[2018.01.04-12.21.39:582][ 25]BlueprintEditorCompileResults: Info Fast Template Successfully Created.
[2018.01.04-12.21.39:979][ 65]LogSavePackage: Save=19.07ms
[2018.01.04-12.21.39:979][ 65]LogSavePackage: Moving '../../../../../../Users/Bendick/Documents/GitHub/SR_Prototype_V3/SR_Prototype_V3/Saved/w_Options2D3116304F55EBCE1ABC6EA885782016.tmp' to '../../../../../../Users/Bendick/Documents/GitHub/SR_Prototype_V3/SR_Prototype_V3/Content/Blueprints/Widgets/w_Options.uasset'
[2018.01.04-12.21.39:993][ 65]LogSavePackage:Display: Finished SavePackage ../../../../../../Users/Bendick/Documents/GitHub/SR_Prototype_V3/SR_Prototype_V3/Content/Blueprints/Widgets/w_Options.uasset
[2018.01.04-12.21.40:986][184]LogTemp: Repeting last play command: New Editor Window (PIE)
[2018.01.04-12.21.40:999][184]LogBlueprintUserMessages: Early PlayInEditor Detection: Level '/Game/ScanReach.ScanReach:PersistentLevel' has LevelScriptBlueprint '/Game/ScanReach.ScanReach:PersistentLevel.ScanReach' with GeneratedClass '/Game/ScanReach.ScanReach_C' with ClassGeneratedBy '/Game/ScanReach.ScanReach:PersistentLevel.ScanReach'
[2018.01.04-12.21.40:999][184]LogPlayLevel: PlayLevel: No blueprints needed recompiling
[2018.01.04-12.21.40:999][184]PIE: New page: PIE session: ScanReach (4 Jan 2018 14:21:40)
[2018.01.04-12.21.40:999][184]LogPlayLevel: Creating play world package: /Game/UEDPIE_0_ScanReach
[2018.01.04-12.21.41:002][184]LogPlayLevel: PIE: StaticDuplicateObject took: (0.002839s)
[2018.01.04-12.21.41:002][184]LogAIModule: Creating AISystem for world ScanReach
[2018.01.04-12.21.41:002][184]LogPlayLevel: PIE: World Init took: (0.000368s)
[2018.01.04-12.21.41:002][184]LogPlayLevel: PIE: Created PIE world by copying editor world from /Game/ScanReach.ScanReach to /Game/UEDPIE_0_ScanReach.ScanReach (0.003320s)
[2018.01.04-12.21.41:015][184]LogInit: XAudio2 using 'Speakers (Logitech G933 Gaming Headset)' : 6 channels at 48 kHz using 16 bits per sample (channel mask 0x3f)
[2018.01.04-12.21.41:024][184]LogInit: FAudioDevice initialized.
[2018.01.04-12.21.41:076][184]LogLoad: Game class is 'ScanReach_GM_C'
[2018.01.04-12.21.41:080][184]LogWorld: Bringing World /Game/UEDPIE_0_ScanReach.ScanReach up for play (max tick rate 0) at 2018.01.04-13.21.41
[2018.01.04-12.21.41:081][184]LogWorld: Bringing up level for play took: 0.003434
[2018.01.04-12.21.41:084][184]LogBlueprintUserMessages: [Websocket_Master_58] 302316ab-3b7b-45f1-9fc0-5f0b4f819c41
[2018.01.04-12.21.41:084][184]LogBlueprintUserMessages: [Websocket_Master_58] 3cff7215-ab99-4071-b738-9ede02b36604
[2018.01.04-12.21.41:084][184]LogBlueprintUserMessages: [Websocket_Master_58] 5a161fa2-488f-4024-9753-a4e4a3ded31a
[2018.01.04-12.21.41:084][184]LogBlueprintUserMessages: [Websocket_Master_58] 6a46c0b8-f691-40a2-bf8c-041ec09dc7ac
[2018.01.04-12.21.41:084][184]LogBlueprintUserMessages: [Websocket_Master_58] 70c81956-1c1a-40f4-aa2b-3a743a9deac3
[2018.01.04-12.21.41:084][184]LogBlueprintUserMessages: [Websocket_Master_58] 7f464d36-31a3-4a56-894a-a94f14707e09
[2018.01.04-12.21.41:084][184]LogBlueprintUserMessages: [Websocket_Master_58] 9f7e559f-d9e4-4143-bea3-69bb144d9d76
[2018.01.04-12.21.41:084][184]LogBlueprintUserMessages: [Websocket_Master_58] a895776a-5510-48c3-88bc-56118557b179
[2018.01.04-12.21.41:084][184]LogBlueprintUserMessages: [Websocket_Master_58] b1f089d5-6e8e-4001-b860-b29937bc82d6
[2018.01.04-12.21.41:084][184]LogBlueprintUserMessages: [Websocket_Master_58] cfdfb18f-7a15-4922-b52e-2dbed43c299d
[2018.01.04-12.21.41:085][184]PIE: Info Play in editor start time for /Game/UEDPIE_0_ScanReach 0.013
[2018.01.04-12.21.41:085][184]LogBlueprintUserMessages: Late PlayInEditor Detection: Level '/Game/ScanReach.ScanReach:PersistentLevel' has LevelScriptBlueprint '/Game/ScanReach.ScanReach:PersistentLevel.ScanReach' with GeneratedClass '/Game/ScanReach.ScanReach_C' with ClassGeneratedBy '/Game/ScanReach.ScanReach:PersistentLevel.ScanReach'
[2018.01.04-12.21.42:921][396]LogBlueprintUserMessages: [Websocket_Master_58] Connected To: ws://srtdev7-inrange-websocket.azurewebsites.net/inrange
[2018.01.04-12.21.45:137][662]LogBlueprintUserMessages: [Websocket_Master_58] RSSI: -68.81736

TagID: d343d373-0696-4542-8a05-52a261511d54

SensorID: 3cff7215-ab99-4071-b738-9ede02b36604
[2018.01.04-12.21.47:137][902]LogBlueprintUserMessages: [Websocket_Master_58] RSSI: -70.10908

TagID: d63e739a-fca8-4ed6-b0b9-df8ccc003eee

SensorID: 9f7e559f-d9e4-4143-bea3-69bb144d9d76
[2018.01.04-12.21.49:138][142]LogBlueprintUserMessages: [Websocket_Master_58] RSSI: -51.860817

TagID: a4f627c7-66e7-40b6-af13-18d95bb7302e

SensorID: 9f7e559f-d9e4-4143-bea3-69bb144d9d76
[2018.01.04-12.21.51:137][382]LogBlueprintUserMessages: [Websocket_Master_58] RSSI: -71.26434

TagID: a4f627c7-66e7-40b6-af13-18d95bb7302e

SensorID: 6a46c0b8-f691-40a2-bf8c-041ec09dc7ac
[2018.01.04-12.21.52:229][513]LogBlueprintUserMessages: Early EndPlayMap Detection: Level '/Game/ScanReach.ScanReach:PersistentLevel' has LevelScriptBlueprint '/Game/ScanReach.ScanReach:PersistentLevel.ScanReach' with GeneratedClass '/Game/ScanReach.ScanReach_C' with ClassGeneratedBy '/Game/ScanReach.ScanReach:PersistentLevel.ScanReach'
[2018.01.04-12.21.52:282][513]LogBlueprintUserMessages: Late EndPlayMap Detection: Level '/Game/ScanReach.ScanReach:PersistentLevel' has LevelScriptBlueprint '/Game/ScanReach.ScanReach:PersistentLevel.ScanReach' with GeneratedClass '/Game/ScanReach.ScanReach_C' with ClassGeneratedBy '/Game/ScanReach.ScanReach:PersistentLevel.ScanReach'
[2018.01.04-12.22.48:216][196]BlueprintLog: New page: Compile w_Options
[2018.01.04-12.22.48:290][196]BlueprintEditorCompileResults: Info Fast Template Successfully Created.
[2018.01.04-12.24.28:565][143]LogEditorTransaction: Undo Edit Width Override
[2018.01.04-12.25.15:082][699]BlueprintLog: New page: Compile w_Options
[2018.01.04-12.25.15:202][699]BlueprintEditorCompileResults: Info Fast Template Successfully Created.
[2018.01.04-12.25.15:390][715]LogSavePackage: Save=18.43ms
[2018.01.04-12.25.15:390][715]LogSavePackage: Moving '../../../../../../Users/Bendick/Documents/GitHub/SR_Prototype_V3/SR_Prototype_V3/Saved/w_Options09621CFD4E2549206EF2E59DA0A90F2A.tmp' to '../../../../../../Users/Bendick/Documents/GitHub/SR_Prototype_V3/SR_Prototype_V3/Content/Blueprints/Widgets/w_Options.uasset'
[2018.01.04-12.25.15:392][715]LogSavePackage:Display: Finished SavePackage ../../../../../../Users/Bendick/Documents/GitHub/SR_Prototype_V3/SR_Prototype_V3/Content/Blueprints/Widgets/w_Options.uasset
[2018.01.04-12.25.15:660][747]LogTemp: Repeting last play command: New Editor Window (PIE)
[2018.01.04-12.25.15:674][747]LogBlueprintUserMessages: Early PlayInEditor Detection: Level '/Game/ScanReach.ScanReach:PersistentLevel' has LevelScriptBlueprint '/Game/ScanReach.ScanReach:PersistentLevel.ScanReach' with GeneratedClass '/Game/ScanReach.ScanReach_C' with ClassGeneratedBy '/Game/ScanReach.ScanReach:PersistentLevel.ScanReach'
[2018.01.04-12.25.15:674][747]LogPlayLevel: PlayLevel: No blueprints needed recompiling
[2018.01.04-12.25.15:674][747]PIE: New page: PIE session: ScanReach (4 Jan 2018 14:25:15)
[2018.01.04-12.25.15:674][747]LogPlayLevel: Creating play world package: /Game/UEDPIE_0_ScanReach
[2018.01.04-12.25.15:677][747]LogPlayLevel: PIE: StaticDuplicateObject took: (0.003030s)
[2018.01.04-12.25.15:677][747]LogAIModule: Creating AISystem for world ScanReach
[2018.01.04-12.25.15:677][747]LogPlayLevel: PIE: World Init took: (0.000547s)
[2018.01.04-12.25.15:677][747]LogPlayLevel: PIE: Created PIE world by copying editor world from /Game/ScanReach.ScanReach to /Game/UEDPIE_0_ScanReach.ScanReach (0.003779s)
[2018.01.04-12.25.15:689][747]LogInit: XAudio2 using 'Speakers (Logitech G933 Gaming Headset)' : 6 channels at 48 kHz using 16 bits per sample (channel mask 0x3f)
[2018.01.04-12.25.15:699][747]LogInit: FAudioDevice initialized.
[2018.01.04-12.25.15:749][747]LogLoad: Game class is 'ScanReach_GM_C'
[2018.01.04-12.25.15:753][747]LogWorld: Bringing World /Game/UEDPIE_0_ScanReach.ScanReach up for play (max tick rate 0) at 2018.01.04-13.25.15
[2018.01.04-12.25.15:754][747]LogWorld: Bringing up level for play took: 0.003476
[2018.01.04-12.25.15:757][747]LogBlueprintUserMessages: [Websocket_Master_58] 302316ab-3b7b-45f1-9fc0-5f0b4f819c41
[2018.01.04-12.25.15:757][747]LogBlueprintUserMessages: [Websocket_Master_58] 3cff7215-ab99-4071-b738-9ede02b36604
[2018.01.04-12.25.15:757][747]LogBlueprintUserMessages: [Websocket_Master_58] 5a161fa2-488f-4024-9753-a4e4a3ded31a
[2018.01.04-12.25.15:757][747]LogBlueprintUserMessages: [Websocket_Master_58] 6a46c0b8-f691-40a2-bf8c-041ec09dc7ac
[2018.01.04-12.25.15:757][747]LogBlueprintUserMessages: [Websocket_Master_58] 70c81956-1c1a-40f4-aa2b-3a743a9deac3
[2018.01.04-12.25.15:757][747]LogBlueprintUserMessages: [Websocket_Master_58] 7f464d36-31a3-4a56-894a-a94f14707e09
[2018.01.04-12.25.15:757][747]LogBlueprintUserMessages: [Websocket_Master_58] 9f7e559f-d9e4-4143-bea3-69bb144d9d76
[2018.01.04-12.25.15:757][747]LogBlueprintUserMessages: [Websocket_Master_58] a895776a-5510-48c3-88bc-56118557b179
[2018.01.04-12.25.15:757][747]LogBlueprintUserMessages: [Websocket_Master_58] b1f089d5-6e8e-4001-b860-b29937bc82d6
[2018.01.04-12.25.15:757][747]LogBlueprintUserMessages: [Websocket_Master_58] cfdfb18f-7a15-4922-b52e-2dbed43c299d
[2018.01.04-12.25.15:758][747]PIE: Info Play in editor start time for /Game/UEDPIE_0_ScanReach 0.687
[2018.01.04-12.25.15:759][747]LogBlueprintUserMessages: Late PlayInEditor Detection: Level '/Game/ScanReach.ScanReach:PersistentLevel' has LevelScriptBlueprint '/Game/ScanReach.ScanReach:PersistentLevel.ScanReach' with GeneratedClass '/Game/ScanReach.ScanReach_C' with ClassGeneratedBy '/Game/ScanReach.ScanReach:PersistentLevel.ScanReach'
[2018.01.04-12.25.17:636][964]LogBlueprintUserMessages: [Websocket_Master_58] Connected To: ws://srtdev7-inrange-websocket.azurewebsites.net/inrange
[2018.01.04-12.25.19:861][231]LogBlueprintUserMessages: [Websocket_Master_58] RSSI: -62.607468

TagID: d343d373-0696-4542-8a05-52a261511d54

SensorID: cfdfb18f-7a15-4922-b52e-2dbed43c299d
[2018.01.04-12.25.21:861][471]LogBlueprintUserMessages: [Websocket_Master_58] RSSI: -44.628765

TagID: c1a8b364-77b6-400e-883c-c93cbc2fa96e

SensorID: 302316ab-3b7b-45f1-9fc0-5f0b4f819c41
[2018.01.04-12.25.22:711][573]LogBlueprintUserMessages: Early EndPlayMap Detection: Level '/Game/ScanReach.ScanReach:PersistentLevel' has LevelScriptBlueprint '/Game/ScanReach.ScanReach:PersistentLevel.ScanReach' with GeneratedClass '/Game/ScanReach.ScanReach_C' with ClassGeneratedBy '/Game/ScanReach.ScanReach:PersistentLevel.ScanReach'
[2018.01.04-12.25.22:763][573]LogBlueprintUserMessages: Late EndPlayMap Detection: Level '/Game/ScanReach.ScanReach:PersistentLevel' has LevelScriptBlueprint '/Game/ScanReach.ScanReach:PersistentLevel.ScanReach' with GeneratedClass '/Game/ScanReach.ScanReach_C' with ClassGeneratedBy '/Game/ScanReach.ScanReach:PersistentLevel.ScanReach'
[2018.01.04-12.25.25:337][875]LogSavePackage: Save=17.22ms
[2018.01.04-12.25.25:337][875]LogSavePackage: Moving '../../../../../../Users/Bendick/Documents/GitHub/SR_Prototype_V3/SR_Prototype_V3/Saved/w_Options64CB86324FB12ED8224143B1FD53CD85.tmp' to '../../../../../../Users/Bendick/Documents/GitHub/SR_Prototype_V3/SR_Prototype_V3/Content/Blueprints/Widgets/w_Options.uasset'
[2018.01.04-12.25.25:338][875]LogSavePackage:Display: Finished SavePackage ../../../../../../Users/Bendick/Documents/GitHub/SR_Prototype_V3/SR_Prototype_V3/Content/Blueprints/Widgets/w_Options.uasset
[2018.01.04-12.25.49:535][967]BlueprintLog: New page: Compile w_Options
[2018.01.04-12.25.49:617][967]BlueprintEditorCompileResults: Info Fast Template Successfully Created.
[2018.01.04-12.25.50:108][ 18]LogSavePackage: Save=18.16ms
[2018.01.04-12.25.50:108][ 18]LogSavePackage: Moving '../../../../../../Users/Bendick/Documents/GitHub/SR_Prototype_V3/SR_Prototype_V3/Saved/w_Options4AFFFBD84ACFE30C8E502D8D70D61D80.tmp' to '../../../../../../Users/Bendick/Documents/GitHub/SR_Prototype_V3/SR_Prototype_V3/Content/Blueprints/Widgets/w_Options.uasset'
[2018.01.04-12.25.50:109][ 18]LogSavePackage:Display: Finished SavePackage ../../../../../../Users/Bendick/Documents/GitHub/SR_Prototype_V3/SR_Prototype_V3/Content/Blueprints/Widgets/w_Options.uasset
[2018.01.04-12.25.55:538][667]LogEditorTransaction: Undo Remove Widget
[2018.01.04-12.26.02:779][516]LogSlate: Took 0.000105 seconds to synchronously load lazily loaded font '../../../Engine/Content/Editor/Slate/Fonts/Roboto-Italic.ttf' (157K)
[2018.01.04-12.26.24:591][109]BlueprintLog: New page: Compile w_Main
[2018.01.04-12.26.24:708][109]BlueprintEditorCompileResults: Info Fast Template Successfully Created.
[2018.01.04-12.26.25:052][148]Cmd: OBJ SAVEPACKAGE PACKAGE="/Game/Blueprints/Widgets/w_Main" FILE="../../../../../../Users/Bendick/Documents/GitHub/SR_Prototype_V3/SR_Prototype_V3/Content/Blueprints/Widgets/w_Main.uasset" SILENT=true
[2018.01.04-12.26.25:111][148]LogSavePackage: Save=37.32ms
[2018.01.04-12.26.25:111][148]LogSavePackage: Moving '../../../../../../Users/Bendick/Documents/GitHub/SR_Prototype_V3/SR_Prototype_V3/Saved/w_MainECC7DB6E494E33CAD73153A3BDA7CE0E.tmp' to '../../../../../../Users/Bendick/Documents/GitHub/SR_Prototype_V3/SR_Prototype_V3/Content/Blueprints/Widgets/w_Main.uasset'
[2018.01.04-12.26.25:113][148]LogSavePackage:Display: Finished SavePackage ../../../../../../Users/Bendick/Documents/GitHub/SR_Prototype_V3/SR_Prototype_V3/Content/Blueprints/Widgets/w_Main.uasset
[2018.01.04-12.26.38:580][608]Cmd: OBJ SAVEPACKAGE PACKAGE="/Game/Blueprints/Widgets/w_Main" FILE="../../../../../../Users/Bendick/Documents/GitHub/SR_Prototype_V3/SR_Prototype_V3/Content/Blueprints/Widgets/w_Main.uasset" SILENT=true
[2018.01.04-12.26.38:635][608]LogSavePackage: Save=36.50ms
[2018.01.04-12.26.38:635][608]LogSavePackage: Moving '../../../../../../Users/Bendick/Documents/GitHub/SR_Prototype_V3/SR_Prototype_V3/Saved/w_MainC9798E344D3290E6CC1253AF658230D8.tmp' to '../../../../../../Users/Bendick/Documents/GitHub/SR_Prototype_V3/SR_Prototype_V3/Content/Blueprints/Widgets/w_Main.uasset'
[2018.01.04-12.26.38:637][608]LogSavePackage:Display: Finished SavePackage ../../../../../../Users/Bendick/Documents/GitHub/SR_Prototype_V3/SR_Prototype_V3/Content/Blueprints/Widgets/w_Main.uasset
[2018.01.04-12.26.38:858][609]Cmd: QUIT_EDITOR
[2018.01.04-12.26.39:135][609]LogWindowsTextInputMethodSystem:Display: IME system now deactivated.
[2018.01.04-12.26.39:135][609]LogWindowsTextInputMethodSystem:Display: IME system now deactivated.
[2018.01.04-12.26.39:142][609]LogExit: Preparing to exit.
[2018.01.04-12.26.40:422][609]LogDirectoryWatcher: A directory notification failed for 'C:/Users/Bendick/Documents/GitHub/SR_Prototype_V3/SR_Prototype_V3/Content/', and we were unable to create a new request.
[2018.01.04-12.26.40:445][609]LogExit: Editor shut down
[2018.01.04-12.26.40:450][609]LogExit: Transaction tracking system shut down
[2018.01.04-12.26.40:510][609]LogObj: Freed 0b from 0 cluster array pools.
[2018.01.04-12.26.40:510][609]LogExit: Object subsystem successfully closed.
[2018.01.04-12.26.40:531][609]LogD3D11RHI: Shutdown
[2018.01.04-12.26.40:531][609]LogD3D11RHI: CleanupD3DDevice
[2018.01.04-12.26.40:579][609]LogD3D11RHI: ~FD3D11DynamicRHI
[2018.01.04-12.26.40:589][609]LogModuleManager: Shutting down and abandoning module MovieSceneCapture (536)
[2018.01.04-12.26.40:589][609]LogModuleManager: Shutting down and abandoning module SequencerWidgets (534)
[2018.01.04-12.26.40:589][609]LogModuleManager: Shutting down and abandoning module BlueprintGraph (532)
[2018.01.04-12.26.40:589][609]LogModuleManager: Shutting down and abandoning module BlueprintProfiler (530)
[2018.01.04-12.26.40:589][609]LogModuleManager: Shutting down and abandoning module SynthBenchmark (528)
[2018.01.04-12.26.40:589][609]LogModuleManager: Shutting down and abandoning module HierarchicalLODOutliner (526)
[2018.01.04-12.26.40:589][609]LogModuleManager: Shutting down and abandoning module CrashTracker (524)
[2018.01.04-12.26.40:589][609]LogModuleManager: Shutting down and abandoning module SceneOutliner (522)
[2018.01.04-12.26.40:589][609]LogModuleManager: Shutting down and abandoning module AddContentDialog (520)
[2018.01.04-12.26.40:589][609]LogDirectoryWatcher: A directory notification for 'C:/Program Files/Epic Games/UE_4.16/FeaturePacks/' was aborted.
[2018.01.04-12.26.40:589][609]LogModuleManager: Shutting down and abandoning module WidgetCarousel (519)
[2018.01.04-12.26.40:589][609]LogModuleManager: Shutting down and abandoning module EditorWidgets (516)
[2018.01.04-12.26.40:589][609]LogModuleManager: Shutting down and abandoning module CollectionManager (514)
[2018.01.04-12.26.40:589][609]LogDirectoryWatcher: A directory notification for 'C:/Users/Bendick/Documents/GitHub/SR_Prototype_V3/SR_Prototype_V3/Content/Collections/' was aborted.
[2018.01.04-12.26.40:589][609]LogDirectoryWatcher: A directory notification for 'C:/Users/Bendick/Documents/GitHub/SR_Prototype_V3/SR_Prototype_V3/Content/Developers/Bendick/Collections/' was aborted.
[2018.01.04-12.26.40:590][609]LogDirectoryWatcher: A directory notification for 'C:/Users/Bendick/Documents/GitHub/SR_Prototype_V3/SR_Prototype_V3/Saved/Collections/' was aborted.
[2018.01.04-12.26.40:590][609]LogModuleManager: Shutting down and abandoning module StatsViewer (512)
[2018.01.04-12.26.40:590][609]LogModuleManager: Shutting down and abandoning module FoliageEdit (510)
[2018.01.04-12.26.40:590][609]LogModuleManager: Shutting down and abandoning module LandscapeEditor (508)
[2018.01.04-12.26.40:590][609]LogModuleManager: Shutting down and abandoning module MeshPaintMode (506)
[2018.01.04-12.26.40:590][609]LogModuleManager: Shutting down and abandoning module SceneDepthPickerMode (504)
[2018.01.04-12.26.40:590][609]LogModuleManager: Shutting down and abandoning module ActorPickerMode (502)
[2018.01.04-12.26.40:590][609]LogModuleManager: Shutting down and abandoning module GeometryMode (500)
[2018.01.04-12.26.40:590][609]LogModuleManager: Shutting down and abandoning module TextureAlignMode (498)
[2018.01.04-12.26.40:590][609]LogModuleManager: Shutting down and abandoning module BspMode (496)
[2018.01.04-12.26.40:590][609]LogModuleManager: Shutting down and abandoning module HardwareSurvey (494)
[2018.01.04-12.26.40:590][609]LogModuleManager: Shutting down and abandoning module SequenceRecorderSections (492)
[2018.01.04-12.26.40:590][609]LogModuleManager: Shutting down and abandoning module AutomationWorker (490)
[2018.01.04-12.26.40:590][609]LogModuleManager: Shutting down and abandoning module MatineeToLevelSequence (488)
[2018.01.04-12.26.40:590][609]LogModuleManager: Shutting down and abandoning module LevelSequenceEditor (486)
[2018.01.04-12.26.40:590][609]LogModuleManager: Shutting down and abandoning module PlacementMode (485)
[2018.01.04-12.26.40:590][609]LogModuleManager: Shutting down and abandoning module WmfMediaFactory (482)
[2018.01.04-12.26.40:590][609]LogModuleManager: Shutting down and abandoning module WmfMediaEditor (480)
[2018.01.04-12.26.40:590][609]LogModuleManager: Shutting down and abandoning module AvfMediaFactory (478)
[2018.01.04-12.26.40:590][609]LogModuleManager: Shutting down and abandoning module AvfMediaEditor (476)
[2018.01.04-12.26.40:590][609]LogModuleManager: Shutting down and abandoning module AndroidMediaFactory (474)
[2018.01.04-12.26.40:590][609]LogModuleManager: Shutting down and abandoning module Media (473)
[2018.01.04-12.26.40:590][609]LogModuleManager: Shutting down and abandoning module AndroidMediaEditor (470)
[2018.01.04-12.26.40:590][609]LogModuleManager: Shutting down and abandoning module CharacterAI (468)
[2018.01.04-12.26.40:590][609]LogModuleManager: Shutting down and abandoning module AudioCapture (466)
[2018.01.04-12.26.40:590][609]LogModuleManager: Shutting down and abandoning module SequenceRecorder (465)
[2018.01.04-12.26.40:590][609]LogModuleManager: Shutting down and abandoning module SmartSnapping (462)
[2018.01.04-12.26.40:590][609]LogModuleManager: Shutting down and abandoning module SessionServices (460)
[2018.01.04-12.26.40:590][609]LogModuleManager: Shutting down and abandoning module ViewportSnapping (458)
[2018.01.04-12.26.40:590][609]LogModuleManager: Shutting down and abandoning module ViewportInteraction (456)
[2018.01.04-12.26.40:590][609]LogModuleManager: Shutting down and abandoning module ClothPainter (454)
[2018.01.04-12.26.40:590][609]LogModuleManager: Shutting down and abandoning module LogVisualizer (452)
[2018.01.04-12.26.40:590][609]LogModuleManager: Shutting down and abandoning module IntroTutorials (450)
[2018.01.04-12.26.40:590][609]LogModuleManager: Shutting down and abandoning module GameProjectGeneration (449)
[2018.01.04-12.26.40:590][609]LogModuleManager: Shutting down and abandoning module EditorLiveStreaming (446)
[2018.01.04-12.26.40:590][609]LogModuleManager: Shutting down and abandoning module IOSPlatformEditor (444)
[2018.01.04-12.26.40:590][609]LogModuleManager: Shutting down and abandoning module HTML5PlatformEditor (442)
[2018.01.04-12.26.40:590][609]LogModuleManager: Shutting down and abandoning module AndroidPlatformEditor (440)
[2018.01.04-12.26.40:590][609]LogModuleManager: Shutting down and abandoning module AndroidDeviceDetection (439)
[2018.01.04-12.26.41:390][609]LogModuleManager: Shutting down and abandoning module IOSRuntimeSettings (436)
[2018.01.04-12.26.41:390][609]LogModuleManager: Shutting down and abandoning module AndroidRuntimeSettings (434)
[2018.01.04-12.26.41:390][609]LogModuleManager: Shutting down and abandoning module InputBindingEditor (432)
[2018.01.04-12.26.41:390][609]LogModuleManager: Shutting down and abandoning module MergeActors (430)
[2018.01.04-12.26.41:390][609]LogModuleManager: Shutting down and abandoning module SizeMap (428)
[2018.01.04-12.26.41:390][609]LogModuleManager: Shutting down and abandoning module TreeMap (426)
[2018.01.04-12.26.41:390][609]LogModuleManager: Shutting down and abandoning module ReferenceViewer (424)
[2018.01.04-12.26.41:390][609]LogModuleManager: Shutting down and abandoning module LocalizationDashboard (422)
[2018.01.04-12.26.41:390][609]LogModuleManager: Shutting down and abandoning module LocalizationService (421)
[2018.01.04-12.26.41:390][609]LogModuleManager: Shutting down and abandoning module HardwareTargeting (418)
[2018.01.04-12.26.41:390][609]LogModuleManager: Shutting down and abandoning module DeviceProfileEditor (416)
[2018.01.04-12.26.41:390][609]LogModuleManager: Shutting down and abandoning module UndoHistory (414)
[2018.01.04-12.26.41:390][609]LogModuleManager: Shutting down and abandoning module UserFeedback (412)
[2018.01.04-12.26.41:390][609]LogModuleManager: Shutting down and abandoning module XmlParser (410)
[2018.01.04-12.26.41:390][609]LogModuleManager: Shutting down and abandoning module Blutility (408)
[2018.01.04-12.26.41:390][609]LogModuleManager: Shutting down and abandoning module ProjectSettingsViewer (406)
[2018.01.04-12.26.41:390][609]LogModuleManager: Shutting down and abandoning module ProjectTargetPlatformEditor (405)
[2018.01.04-12.26.41:390][609]LogModuleManager: Shutting down and abandoning module EditorSettingsViewer (402)
[2018.01.04-12.26.41:390][609]LogModuleManager: Shutting down and abandoning module SettingsEditor (400)
[2018.01.04-12.26.41:390][609]LogModuleManager: Shutting down and abandoning module ProjectLauncher (398)
[2018.01.04-12.26.41:390][609]LogModuleManager: Shutting down and abandoning module SessionFrontend (396)
[2018.01.04-12.26.41:390][609]LogModuleManager: Shutting down and abandoning module ProfilerClient (394)
[2018.01.04-12.26.41:390][609]LogModuleManager: Shutting down and abandoning module DeviceManager (392)
[2018.01.04-12.26.41:390][609]LogModuleManager: Shutting down and abandoning module TargetDeviceServices (391)
[2018.01.04-12.26.41:441][609]LogModuleManager: Shutting down and abandoning module AutomationController (388)
[2018.01.04-12.26.41:441][609]LogModuleManager: Shutting down and abandoning module AutomationWindow (386)
[2018.01.04-12.26.41:441][609]LogModuleManager: Shutting down and abandoning module Layers (384)
[2018.01.04-12.26.41:441][609]LogModuleManager: Shutting down and abandoning module ComponentVisualizers (382)
[2018.01.04-12.26.41:441][609]LogModuleManager: Shutting down and abandoning module DetailCustomizations (380)
[2018.01.04-12.26.41:441][609]LogModuleManager: Shutting down and abandoning module PackagesDialog (378)
[2018.01.04-12.26.41:441][609]LogModuleManager: Shutting down and abandoning module Persona (376)
[2018.01.04-12.26.41:441][609]LogModuleManager: Shutting down and abandoning module AdvancedPreviewScene (375)
[2018.01.04-12.26.41:441][609]LogModuleManager: Shutting down and abandoning module AnimGraph (373)
[2018.01.04-12.26.41:441][609]LogModuleManager: Shutting down and abandoning module Kismet (370)
[2018.01.04-12.26.41:445][609]LogModuleManager: Shutting down and abandoning module ClassViewer (368)
[2018.01.04-12.26.41:446][609]LogModuleManager: Shutting down and abandoning module Toolbox (366)
[2018.01.04-12.26.41:446][609]LogModuleManager: Shutting down and abandoning module ModuleUI (364)
[2018.01.04-12.26.41:446][609]LogModuleManager: Shutting down and abandoning module MovieSceneTools (362)
[2018.01.04-12.26.41:446][609]LogModuleManager: Shutting down and abandoning module OutputLog (360)
[2018.01.04-12.26.41:446][609]LogModuleManager: Shutting down and abandoning module GammaUI (358)
[2018.01.04-12.26.41:446][609]LogModuleManager: Shutting down and abandoning module Documentation (356)
[2018.01.04-12.26.41:446][609]LogModuleManager: Shutting down and abandoning module MovieSceneTracks (354)
[2018.01.04-12.26.41:446][609]LogModuleManager: Shutting down and abandoning module MovieScene (352)
[2018.01.04-12.26.41:446][609]LogModuleManager: Shutting down and abandoning module Niagara (350)
[2018.01.04-12.26.41:446][609]LogModuleManager: Shutting down and abandoning module NiagaraEditor (349)
[2018.01.04-12.26.41:446][609]LogModuleManager: Shutting down and abandoning module StreamingPauseRendering (346)
[2018.01.04-12.26.41:446][609]LogModuleManager: Shutting down and abandoning module AnalyticsET (344)
[2018.01.04-12.26.41:446][609]LogModuleManager: Shutting down and abandoning module PortalServices (342)
[2018.01.04-12.26.41:446][609]LogModuleManager: Shutting down and abandoning module PortalRpc (340)
[2018.01.04-12.26.41:446][609]LogModuleManager: Shutting down and abandoning module MessagingRpc (338)
[2018.01.04-12.26.41:446][609]LogModuleManager: Shutting down and abandoning module AIModule (336)
[2018.01.04-12.26.41:447][609]LogModuleManager: Shutting down and abandoning module GameplayDebugger (335)
[2018.01.04-12.26.41:447][609]LogModuleManager: Shutting down and abandoning module AITestSuite (333)
[2018.01.04-12.26.41:447][609]LogModuleManager: Shutting down and abandoning module ProfilerService (330)
[2018.01.04-12.26.41:686][609]LogModuleManager: Shutting down and abandoning module TaskGraph (328)
[2018.01.04-12.26.41:686][609]LogModuleManager: Shutting down and abandoning module WebSocket (326)
[2018.01.04-12.26.41:686][609]LogModuleManager: Shutting down and abandoning module SteamVRController (324)
[2018.01.04-12.26.41:686][609]LogModuleManager: Shutting down and abandoning module SteamVR (322)
[2018.01.04-12.26.41:686][609]LogModuleManager: Shutting down and abandoning module ProceduralMeshComponentEditor (320)
[2018.01.04-12.26.41:686][609]LogModuleManager: Shutting down and abandoning module ProceduralMeshComponent (318)
[2018.01.04-12.26.41:686][609]LogModuleManager: Shutting down and abandoning module OculusLibrary (316)
[2018.01.04-12.26.41:686][609]LogModuleManager: Shutting down and abandoning module OculusInput (314)
[2018.01.04-12.26.41:686][609]LogModuleManager: Shutting down and abandoning module MobilePatchingUtils (312)
[2018.01.04-12.26.41:686][609]LogModuleManager: Shutting down and abandoning module CustomMeshComponent (310)
[2018.01.04-12.26.41:686][609]LogModuleManager: Shutting down and abandoning module CableComponent (308)
[2018.01.04-12.26.41:686][609]LogModuleManager: Shutting down and abandoning module ArchVisCharacter (306)
[2018.01.04-12.26.41:686][609]LogModuleManager: Shutting down and abandoning module AndroidPermission (304)
[2018.01.04-12.26.41:686][609]LogModuleManager: Shutting down and abandoning module MediaPlayerEditor (300)
[2018.01.04-12.26.41:686][609]LogModuleManager: Shutting down and abandoning module HTML5Networking (298)
[2018.01.04-12.26.41:686][609]LogModuleManager: Shutting down and abandoning module AlembicImporter (296)
[2018.01.04-12.26.41:686][609]LogModuleManager: Shutting down and abandoning module AlembicLibrary (295)
[2018.01.04-12.26.41:686][609]LogModuleManager: Shutting down and abandoning module GeometryCache (294)
[2018.01.04-12.26.41:686][609]LogModuleManager: Shutting down and abandoning module GeometryCacheEd (293)
[2018.01.04-12.26.41:686][609]LogModuleManager: Shutting down and abandoning module SuperSearchEditor (288)
[2018.01.04-12.26.41:686][609]LogModuleManager: Shutting down and abandoning module SuperSearch (287)
[2018.01.04-12.26.41:686][609]LogModuleManager: Shutting down and abandoning module SpeedTreeImporter (284)
[2018.01.04-12.26.41:686][609]LogModuleManager: Shutting down and abandoning module PluginBrowser (282)
[2018.01.04-12.26.41:686][609]LogModuleManager: Shutting down and abandoning module MobileLauncherProfileWizard (280)
[2018.01.04-12.26.41:686][609]LogModuleManager: Shutting down and abandoning module VisualStudioSourceCodeAccess (278)
[2018.01.04-12.26.41:686][609]LogModuleManager: Shutting down and abandoning module DesktopPlatform (277)
[2018.01.04-12.26.41:686][609]LogModuleManager: Shutting down and abandoning module UObjectPlugin (274)
[2018.01.04-12.26.41:686][609]LogModuleManager: Shutting down and abandoning module SubversionSourceControl (272)
[2018.01.04-12.26.41:686][609]LogModuleManager: Shutting down and abandoning module PerforceSourceControl (270)
[2018.01.04-12.26.41:686][609]LogModuleManager: Shutting down and abandoning module GitSourceControl (268)
[2018.01.04-12.26.41:686][609]LogModuleManager: Shutting down and abandoning module SourceControl (267)
[2018.01.04-12.26.41:686][609]LogModuleManager: Shutting down and abandoning module LightPropagationVolumeEditor (264)
[2018.01.04-12.26.41:686][609]LogModuleManager: Shutting down and abandoning module PaperTiledImporter (262)
[2018.01.04-12.26.41:686][609]LogModuleManager: Shutting down and abandoning module PaperSpriteSheetImporter (260)
[2018.01.04-12.26.41:686][609]LogModuleManager: Shutting down and abandoning module Paper2DEditor (258)
[2018.01.04-12.26.41:686][609]LogModuleManager: Shutting down and abandoning module MeshPaint (257)
[2018.01.04-12.26.41:686][609]LogModuleManager: Shutting down and abandoning module LevelEditor (255)
[2018.01.04-12.26.41:687][609]LogModuleManager: Shutting down and abandoning module PixelInspectorModule (254)
[2018.01.04-12.26.41:687][609]LogModuleManager: Shutting down and abandoning module MainFrame (252)
[2018.01.04-12.26.41:687][609]LogModuleManager: Shutting down and abandoning module HotReload (251)
[2018.01.04-12.26.41:687][609]LogDirectoryWatcher: A directory notification for 'C:/Users/Bendick/Documents/GitHub/SR_Prototype_V3/SR_Prototype_V3/Plugins/WebSocket/Binaries/Win64' was aborted.
[2018.01.04-12.26.41:687][609]LogModuleManager: Shutting down and abandoning module PhysXVehiclesEditor (246)
[2018.01.04-12.26.41:687][609]LogModuleManager: Shutting down and abandoning module PhysXVehicles (244)
[2018.01.04-12.26.41:687][609]LogModuleManager: Shutting down and abandoning module LocationServicesBPLibrary (242)
[2018.01.04-12.26.41:687][609]LogModuleManager: Shutting down and abandoning module ImmediatePhysicsEditor (240)
[2018.01.04-12.26.41:687][609]LogModuleManager: Shutting down and abandoning module ImmediatePhysics (238)
[2018.01.04-12.26.41:687][609]LogModuleManager: Shutting down and abandoning module UdpMessaging (236)
[2018.01.04-12.26.41:788][609]LogModuleManager: Shutting down and abandoning module TcpMessaging (234)
[2018.01.04-12.26.41:888][609]LogModuleManager: Shutting down and abandoning module GameplayTagsEditor (232)
[2018.01.04-12.26.41:888][609]LogModuleManager: Shutting down and abandoning module FacialAnimationEditor (230)
[2018.01.04-12.26.41:888][609]LogModuleManager: Shutting down and abandoning module FacialAnimation (228)
[2018.01.04-12.26.41:888][609]LogModuleManager: Shutting down and abandoning module AssetManagerEditor (226)
[2018.01.04-12.26.41:888][609]LogModuleManager: Shutting down and abandoning module GraphEditor (225)
[2018.01.04-12.26.41:888][609]LogModuleManager: Shutting down and abandoning module ContentBrowser (223)
[2018.01.04-12.26.41:888][609]LogModuleManager: Shutting down and abandoning module LightPropagationVolumeRuntime (220)
[2018.01.04-12.26.41:888][609]LogModuleManager: Shutting down and abandoning module Paper2D (218)
[2018.01.04-12.26.41:888][609]LogModuleManager: Shutting down and abandoning module WindowsMoviePlayer (216)
[2018.01.04-12.26.41:888][609]LogModuleManager: Shutting down and abandoning module WmfMedia (214)
[2018.01.04-12.26.41:890][609]LogModuleManager: Shutting down and abandoning module ClothingSystemEditor (212)
[2018.01.04-12.26.41:890][609]LogModuleManager: Shutting down and abandoning module ClothingSystemRuntime (210)
[2018.01.04-12.26.41:890][609]LogModuleManager: Shutting down and abandoning module MediaAssets (208)
[2018.01.04-12.26.41:890][609]LogModuleManager: Shutting down and abandoning module GameLiveStreaming (206)
[2018.01.04-12.26.41:890][609]LogModuleManager: Shutting down and abandoning module VREditor (204)
[2018.01.04-12.26.41:890][609]LogModuleManager: Shutting down and abandoning module StringTableEditor (202)
[2018.01.04-12.26.41:890][609]LogModuleManager: Shutting down and abandoning module GameplayTasksEditor (200)
[2018.01.04-12.26.41:890][609]LogModuleManager: Shutting down and abandoning module BehaviorTreeEditor (198)
[2018.01.04-12.26.41:890][609]LogModuleManager: Shutting down and abandoning module FunctionalTesting (196)
[2018.01.04-12.26.41:890][609]LogModuleManager: Shutting down and abandoning module CollisionAnalyzer (194)
[2018.01.04-12.26.41:890][609]LogModuleManager: Shutting down and abandoning module UMG (192)
[2018.01.04-12.26.41:890][609]LogModuleManager: Shutting down and abandoning module UMGEditor (191)
[2018.01.04-12.26.41:890][609]LogModuleManager: Shutting down and abandoning module Sequencer (190)
[2018.01.04-12.26.41:890][609]LogModuleManager: Shutting down and abandoning module AssetTools (188)
[2018.01.04-12.26.41:890][609]LogModuleManager: Shutting down and abandoning module MessageLog (187)
[2018.01.04-12.26.41:890][609]LogModuleManager: Shutting down and abandoning module WorkspaceMenuStructure (186)
[2018.01.04-12.26.41:890][609]LogModuleManager: Shutting down and abandoning module SlateReflector (180)
[2018.01.04-12.26.41:890][609]LogModuleManager: Shutting down and abandoning module Slate (178)
[2018.01.04-12.26.41:890][609]LogModuleManager: Shutting down and abandoning module EditorStyle (176)
[2018.01.04-12.26.41:891][609]LogModuleManager: Shutting down and abandoning module SourceCodeAccess (174)
[2018.01.04-12.26.41:891][609]LogModuleManager: Shutting down and abandoning module HeadMountedDisplay (172)
[2018.01.04-12.26.41:891][609]LogModuleManager: Shutting down and abandoning module XAudio2 (170)
[2018.01.04-12.26.41:891][609]LogModuleManager: Shutting down and abandoning module Networking (168)
[2018.01.04-12.26.41:891][609]LogModuleManager: Shutting down and abandoning module Core (164)
[2018.01.04-12.26.41:891][609]LogModuleManager: Shutting down and abandoning module AssetRegistry (162)
[2018.01.04-12.26.42:099][609]LogDirectoryWatcher: A directory notification for '../../../Engine/Content/' was aborted.
[2018.01.04-12.26.42:099][609]LogDirectoryWatcher: A directory notification for '../../../../../../Users/Bendick/Documents/GitHub/SR_Prototype_V3/SR_Prototype_V3/Content/' was aborted.
[2018.01.04-12.26.42:099][609]LogDirectoryWatcher: A directory notification for '../../../Engine/Plugins/2D/Paper2D/Content/' was aborted.
[2018.01.04-12.26.42:099][609]LogDirectoryWatcher: A directory notification for '../../../Engine/Plugins/Runtime/GearVR/Content/' was aborted.
[2018.01.04-12.26.42:101][609]LogModuleManager: Shutting down and abandoning module DirectoryWatcher (161)
[2018.01.04-12.26.42:102][609]LogModuleManager: Shutting down and abandoning module KismetCompiler (158)
[2018.01.04-12.26.42:102][609]LogModuleManager: Shutting down and abandoning module LevelSequence (156)
[2018.01.04-12.26.42:102][609]LogModuleManager: Shutting down and abandoning module PhysXFormats (154)
[2018.01.04-12.26.42:102][609]LogModuleManager: Shutting down and abandoning module MeshUtilities (152)
[2018.01.04-12.26.42:102][609]LogModuleManager: Shutting down and abandoning module SimplygonSwarm (151)
[2018.01.04-12.26.42:102][609]LogModuleManager: Shutting down and abandoning module SimplygonMeshReduction (149)
[2018.01.04-12.26.42:102][609]LogModuleManager: Shutting down and abandoning module QuadricMeshReduction (147)
[2018.01.04-12.26.42:102][609]LogModuleManager: Shutting down and abandoning module DerivedDataCache (144)
[2018.01.04-12.26.42:159][609]LogDerivedDataCache: Shutdown
[2018.01.04-12.26.42:159][609]LogModuleManager: Shutting down and abandoning module TargetPlatform (142)
[2018.01.04-12.26.42:159][609]LogModuleManager: Shutting down and abandoning module VulkanShaderFormat (141)
[2018.01.04-12.26.42:159][609]LogModuleManager: Shutting down and abandoning module ShaderFormatVectorVM (139)
[2018.01.04-12.26.42:159][609]LogModuleManager: Shutting down and abandoning module ShaderFormatOpenGL (137)
[2018.01.04-12.26.42:159][609]LogModuleManager: Shutting down and abandoning module ShaderFormatD3D (135)
[2018.01.04-12.26.42:159][609]LogModuleManager: Shutting down and abandoning module MetalShaderFormat (133)
[2018.01.04-12.26.42:159][609]LogModuleManager: Shutting down and abandoning module TextureFormatUncompressed (131)
[2018.01.04-12.26.42:159][609]LogModuleManager: Shutting down and abandoning module TextureFormatPVR (129)
[2018.01.04-12.26.42:159][609]LogModuleManager: Shutting down and abandoning module TextureFormatDXT (127)
[2018.01.04-12.26.42:159][609]LogModuleManager: Shutting down and abandoning module TextureFormatIntelISPCTexComp (125)
[2018.01.04-12.26.42:160][609]LogModuleManager: Shutting down and abandoning module TextureFormatASTC (123)
[2018.01.04-12.26.42:160][609]LogModuleManager: Shutting down and abandoning module ImageWrapper (122)
[2018.01.04-12.26.42:160][609]LogModuleManager: Shutting down and abandoning module TextureFormatAndroid (119)
[2018.01.04-12.26.42:160][609]LogModuleManager: Shutting down and abandoning module AudioFormatOpus (117)
[2018.01.04-12.26.42:160][609]LogModuleManager: Shutting down and abandoning module AudioFormatOgg (115)
[2018.01.04-12.26.42:160][609]LogModuleManager: Shutting down and abandoning module AudioFormatADPCM (113)
[2018.01.04-12.26.42:160][609]LogModuleManager: Shutting down and abandoning module LinuxTargetPlatform (111)
[2018.01.04-12.26.42:160][609]LogModuleManager: Shutting down and abandoning module LinuxServerTargetPlatform (109)
[2018.01.04-12.26.42:160][609]LogModuleManager: Shutting down and abandoning module LinuxNoEditorTargetPlatform (107)
[2018.01.04-12.26.42:160][609]LogModuleManager: Shutting down and abandoning module LinuxClientTargetPlatform (105)
[2018.01.04-12.26.42:160][609]LogModuleManager: Shutting down and abandoning module TVOSTargetPlatform (103)
[2018.01.04-12.26.42:160][609]LogModuleManager: Shutting down and abandoning module Messaging (101)
[2018.01.04-12.26.42:160][609]LogModuleManager: Shutting down and abandoning module IOSTargetPlatform (99)
[2018.01.04-12.26.42:160][609]LogModuleManager: Shutting down and abandoning module HTML5TargetPlatform (97)
[2018.01.04-12.26.42:160][609]LogModuleManager: Shutting down and abandoning module Android_PVRTCTargetPlatform (95)
[2018.01.04-12.26.42:160][609]LogModuleManager: Shutting down and abandoning module Android_MultiTargetPlatform (93)
[2018.01.04-12.26.42:160][609]LogModuleManager: Shutting down and abandoning module Android_ETC2TargetPlatform (91)
[2018.01.04-12.26.42:160][609]LogModuleManager: Shutting down and abandoning module Android_ETC1TargetPlatform (89)
[2018.01.04-12.26.42:160][609]LogModuleManager: Shutting down and abandoning module Android_DXTTargetPlatform (87)
[2018.01.04-12.26.42:160][609]LogModuleManager: Shutting down and abandoning module Android_ATCTargetPlatform (85)
[2018.01.04-12.26.42:160][609]LogModuleManager: Shutting down and abandoning module Android_ASTCTargetPlatform (83)
[2018.01.04-12.26.42:160][609]LogModuleManager: Shutting down and abandoning module AndroidTargetPlatform (81)
[2018.01.04-12.26.42:160][609]LogModuleManager: Shutting down and abandoning module WindowsTargetPlatform (79)
[2018.01.04-12.26.42:160][609]LogModuleManager: Shutting down and abandoning module WindowsServerTargetPlatform (77)
[2018.01.04-12.26.42:160][609]LogModuleManager: Shutting down and abandoning module WindowsNoEditorTargetPlatform (75)
[2018.01.04-12.26.42:160][609]LogModuleManager: Shutting down and abandoning module WindowsClientTargetPlatform (73)
[2018.01.04-12.26.42:160][609]LogModuleManager: Shutting down and abandoning module MacTargetPlatform (71)
[2018.01.04-12.26.42:160][609]LogModuleManager: Shutting down and abandoning module MacServerTargetPlatform (69)
[2018.01.04-12.26.42:160][609]LogModuleManager: Shutting down and abandoning module MacNoEditorTargetPlatform (67)
[2018.01.04-12.26.42:160][609]LogModuleManager: Shutting down and abandoning module MacClientTargetPlatform (65)
[2018.01.04-12.26.42:160][609]LogModuleManager: Shutting down and abandoning module AllDesktopTargetPlatform (63)
[2018.01.04-12.26.42:160][609]LogModuleManager: Shutting down and abandoning module InputCore (60)
[2018.01.04-12.26.42:160][609]LogModuleManager: Shutting down and abandoning module Settings (58)
[2018.01.04-12.26.42:160][609]LogModuleManager: Shutting down and abandoning module OculusRift (56)
[2018.01.04-12.26.42:160][609]LogModuleManager: Shutting down and abandoning module GearVRController (54)
[2018.01.04-12.26.42:160][609]LogModuleManager: Shutting down and abandoning module GearVR (52)
[2018.01.04-12.26.42:160][609]LogModuleManager: Shutting down and abandoning module ExampleDeviceProfileSelector (50)
[2018.01.04-12.26.42:160][609]LogModuleManager: Shutting down and abandoning module OnlineBlueprintSupport (48)
[2018.01.04-12.26.42:160][609]LogModuleManager: Shutting down and abandoning module OnlineSubsystem (44)
[2018.01.04-12.26.42:160][609]LogOnline:Display: Unloading online subsystem: NULL
[2018.01.04-12.26.42:160][609]LogModuleManager: Shutting down and abandoning module XMPP (43)
[2018.01.04-12.26.42:160][609]LogModuleManager: Shutting down and abandoning module HTTP (41)
[2018.01.04-12.26.42:160][609]LogHttp:Display: Http module shutting down, but needs to wait on 1 outstanding Http requests:
[2018.01.04-12.26.42:160][609]LogHttp:Display: 	verb=[POST] url=[https://datarouter.ol.epicgames.com/datarouter/api/v1/public/data?SessionID=%7B324D5E9C-49B9-3BEC-9560-3BA4F1D4BD42%7D&AppID=UEEditor.Rocket.Release&AppVersion=4.16.3-3561208%2B%2B%2BUE4%2BRelease-4.16&UserID=0c75b627499df609a8813c9ced46962c%7Cfebaf0232e0e4e628b45a2bec753bbbc%7C408adb04-e8c0-4c29-a1fb-4d7ed05dedd7&AppEnvironment=datacollector-binary&UploadType=eteventstream] status=Processing
[2018.01.04-12.26.42:171][609]LogModuleManager: Shutting down and abandoning module SSL (40)
[2018.01.04-12.26.42:172][609]LogModuleManager: Shutting down and abandoning module HTTPChunkInstaller (36)
[2018.01.04-12.26.42:172][609]LogModuleManager: Shutting down and abandoning module AnimationModifiers (34)
[2018.01.04-12.26.42:172][609]LogModuleManager: Shutting down and abandoning module PropertyEditor (33)
[2018.01.04-12.26.42:172][609]LogModuleManager: Shutting down and abandoning module AudioEditor (30)
[2018.01.04-12.26.42:172][609]LogModuleManager: Shutting down and abandoning module TextureCompressor (28)
[2018.01.04-12.26.42:172][609]LogModuleManager: Shutting down and abandoning module ShaderCore (26)
[2018.01.04-12.26.42:172][609]LogModuleManager: Shutting down and abandoning module Landscape (24)
[2018.01.04-12.26.42:172][609]LogModuleManager: Shutting down and abandoning module SlateRHIRenderer (22)
[2018.01.04-12.26.42:173][609]LogModuleManager: Shutting down and abandoning module OpenGLDrv (20)
[2018.01.04-12.26.42:173][609]LogModuleManager: Shutting down and abandoning module D3D11RHI (18)
[2018.01.04-12.26.42:173][609]LogModuleManager: Shutting down and abandoning module AnimGraphRuntime (16)
[2018.01.04-12.26.42:173][609]LogModuleManager: Shutting down and abandoning module Renderer (14)
[2018.01.04-12.26.42:173][609]LogModuleManager: Shutting down and abandoning module Engine (12)
[2018.01.04-12.26.42:173][609]LogModuleManager: Shutting down and abandoning module CoreUObject (10)
[2018.01.04-12.26.42:173][609]LogModuleManager: Shutting down and abandoning module NetworkFile (8)
[2018.01.04-12.26.42:173][609]LogModuleManager: Shutting down and abandoning module StreamingFile (6)
[2018.01.04-12.26.42:173][609]LogModuleManager: Shutting down and abandoning module SandboxFile (4)
[2018.01.04-12.26.42:173][609]LogModuleManager: Shutting down and abandoning module PakFile (2)
[2018.01.04-12.26.42:174][609]LogExit: Exiting.
[2018.01.04-12.26.42:185][609]Log file closed, 01/04/18 13:26:42
