Log file open, 10/13/17 14:03:39
LogInit:Display: Running engine for game: SR_Prototype_V3
LogPlatformFile: Not using cached read wrapper
LogInit:Display: RandInit(-1556050774) SRandInit(-1556050774).
LogTaskGraph: Started task graph with 5 named threads and 8 total threads with 1 sets of task threads.
LogStats: Stats thread started at 0.073927
LogInit: Using libcurl 7.47.1
LogInit:  - built for x86_64-pc-win32
LogInit:  - supports SSL with OpenSSL/1.0.2g
LogInit:  - supports HTTP deflate (compression) using libz 1.2.8
LogInit:  - other features:
LogInit:      CURL_VERSION_SSL
LogInit:      CURL_VERSION_LIBZ
LogInit:      CURL_VERSION_IPV6
LogInit:      CURL_VERSION_ASYNCHDNS
LogInit:      CURL_VERSION_LARGEFILE
LogInit:      CURL_VERSION_IDN
LogInit:  CurlRequestOptions (configurable via config and command line):
LogInit:  - bVerifyPeer = false  - Libcurl will NOT verify peer certificate
LogInit:  - bUseHttpProxy = false  - Libcurl will NOT use HTTP proxy
LogInit:  - bDontReuseConnections = false  - Libcurl will reuse connections
LogInit:  - CertBundlePath = nullptr  - Libcurl will use whatever was configured at build time.
LogInit: Build: ++UE4+Release-4.16-CL-3561208
LogInit: Engine Version: 4.16.3-3561208+++UE4+Release-4.16
LogInit: Compatible Engine Version: 4.16.0-3452394+++UE4+Release-4.16
LogInit: Net CL: 3452394
LogDevObjectVersion: Number of dev versions registered: 16
LogDevObjectVersion:   Dev-Blueprints (B0D832E4-1F89-4F0D-ACCF-7EB736FD4AA2): 9
LogDevObjectVersion:   Dev-Build (E1C64328-A22C-4D53-A36C-8E866417BD8C): 0
LogDevObjectVersion:   Dev-Core (375EC13C-06E4-48FB-B500-84F0262A717E): 2
LogDevObjectVersion:   Dev-Editor (E4B068ED-F494-42E9-A231-DA0B2E46BB41): 17
LogDevObjectVersion:   Dev-Framework (CFFC743F-43B0-4480-9391-14DF171D2073): 23
LogDevObjectVersion:   Dev-Mobile (B02B49B5-BB20-44E9-A304-32B752E40360): 0
LogDevObjectVersion:   Dev-Networking (A4E4105C-59A1-49B5-A7C5-40C4547EDFEE): 0
LogDevObjectVersion:   Dev-Online (39C831C9-5AE6-47DC-9A44-9C173E1C8E7C): 0
LogDevObjectVersion:   Dev-Physics (78F01B33-EBEA-4F98-B9B4-84EACCB95AA2): 0
LogDevObjectVersion:   Dev-Platform (6631380F-2D4D-43E0-8009-CF276956A95A): 0
LogDevObjectVersion:   Dev-Rendering (12F88B9F-8875-4AFC-A67C-D90C383ABD29): 15
LogDevObjectVersion:   Dev-Sequencer (7B5AE74C-D270-4C10-A958-57980B212A5A): 4
LogDevObjectVersion:   Dev-VR (D7296918-1DD6-4BDD-9DE2-64A83CC13884): 0
LogDevObjectVersion:   Dev-LoadTimes (C2A15278-BFE7-4AFE-6C17-90FF531DF755): 1
LogDevObjectVersion:   Private-Geometry (6EACA3D4-40EC-4CC1-B786-8BED09428FC5): 1
LogDevObjectVersion:   Dev-AnimPhys (29E575DD-E0A3-4627-9D10-D276232CDCEA): 3
LogInit: Compiled (64-bit): Jul 28 2017 11:49:47
LogInit: Compiled with Visual C++: 19.00.24215.01
LogInit: Build Configuration: Development
LogInit: Branch Name: ++UE4+Release-4.16
LogInit: Command line:  
LogInit: Base directory: C:/Program Files/Epic Games/UE_4.16/Engine/Binaries/Win64/
LogInit: Installed Engine Build: 1
LogInit: Presizing for max 8388607 objects, including 0 objects not considered by GC, pre-allocating 0 bytes for permanent pool.
LogInit: Object subsystem initialized
[2017.10.13-12.03.39:409][  0]LogInit: Selected Device Profile: [Windows]
[2017.10.13-12.03.39:409][  0]LogInit: Applying CVar settings loaded from the selected device profile: [Windows]
[2017.10.13-12.03.39:416][  0]LogInit: Computer: WINDOWS-EUOFFC3
[2017.10.13-12.03.39:416][  0]LogInit: User: Bendick
[2017.10.13-12.03.39:416][  0]LogInit: CPU Page size=4096, Cores=4
[2017.10.13-12.03.39:416][  0]LogInit: High frequency timer resolution =3.914067 MHz
[2017.10.13-12.03.39:416][  0]LogMemory: Memory total: Physical=15.9GB (16GB approx)
[2017.10.13-12.03.39:416][  0]LogMemory: Platform Memory Stats for Windows
[2017.10.13-12.03.39:416][  0]LogMemory: Process Physical Memory: 273.95 MB used, 273.95 MB peak
[2017.10.13-12.03.39:416][  0]LogMemory: Process Virtual Memory: 264.95 MB used, 264.95 MB peak
[2017.10.13-12.03.39:416][  0]LogMemory: Physical Memory: 6696.03 MB used,  9626.95 MB free, 16322.98 MB total
[2017.10.13-12.03.39:417][  0]LogMemory: Virtual Memory: 642.61 MB used,  9626.95 MB free, 134217728.00 MB total
[2017.10.13-12.03.39:461][  0]LogInit: Using OS detected language (en-US).
[2017.10.13-12.03.39:461][  0]LogInit: Using OS detected locale (en-GB).
[2017.10.13-12.03.39:462][  0]LogTextLocalizationManager: No specific localization for 'en-US' exists, so the 'en' localization will be used.
[2017.10.13-12.03.40:076][  0]LogD3D11RHI: D3D11 adapters:
[2017.10.13-12.03.40:524][  0]LogD3D11RHI:    0. 'NVIDIA GeForce GTX 1070' (Feature Level 11_0)
[2017.10.13-12.03.40:524][  0]LogD3D11RHI:       8119/0/8161 MB DedicatedVideo/DedicatedSystem/SharedSystem, Outputs:2, VendorId:0x10de
[2017.10.13-12.03.40:525][  0]LogD3D11RHI:    1. 'Microsoft Basic Render Driver' (Feature Level 11_0)
[2017.10.13-12.03.40:525][  0]LogD3D11RHI:       0/0/8161 MB DedicatedVideo/DedicatedSystem/SharedSystem, Outputs:0, VendorId:0x1414
[2017.10.13-12.03.40:525][  0]LogD3D11RHI: Chosen D3D11 Adapter: 0
[2017.10.13-12.03.40:529][  0]LogD3D11RHI: Creating new Direct3DDevice
[2017.10.13-12.03.40:529][  0]LogD3D11RHI:     GPU DeviceId: 0x1b81 (for the marketing name, search the web for "GPU Device Id")
[2017.10.13-12.03.40:529][  0]LogWindows: EnumDisplayDevices:
[2017.10.13-12.03.40:529][  0]LogWindows:    0. 'NVIDIA GeForce GTX 1070' (P:1 D:1)
[2017.10.13-12.03.40:529][  0]LogWindows:    1. 'NVIDIA GeForce GTX 1070' (P:0 D:1)
[2017.10.13-12.03.40:529][  0]LogWindows:    2. 'NVIDIA GeForce GTX 1070' (P:0 D:0)
[2017.10.13-12.03.40:529][  0]LogWindows:    3. 'NVIDIA GeForce GTX 1070' (P:0 D:0)
[2017.10.13-12.03.40:529][  0]LogWindows: DebugString: FoundDriverCount:4 
[2017.10.13-12.03.40:529][  0]LogD3D11RHI:     Adapter Name: NVIDIA GeForce GTX 1070
[2017.10.13-12.03.40:529][  0]LogD3D11RHI:   Driver Version: 382.05 (internal:22.21.13.8205, unified:382.05)
[2017.10.13-12.03.40:529][  0]LogD3D11RHI:      Driver Date: 5-1-2017
[2017.10.13-12.03.40:529][  0]LogRHI: Texture pool is 1361 MB (70% of 1945 MB)
[2017.10.13-12.03.40:930][  0]LogD3D11RHI: Async texture creation enabled
[2017.10.13-12.03.41:011][  0]LogD3D11RHI: GPU Timing Frequency: 1000.000000 (Debug: 2 1)
[2017.10.13-12.03.41:100][  0]LogShaderCompilers: Guid format shader working directory is -33 characters bigger than the processId version (../../../../../../Users/Bendick/Documents/GitHub/SR_Prototype_V3/SR_Prototype_V3/Intermediate/Shaders/WorkingDirectory/11104/).
[2017.10.13-12.03.41:101][  0]LogShaderCompilers: Cleaned the shader compiler working directory 'C:/Users/Bendick/AppData/Local/Temp/UnrealShaderWorkingDir/316D2DF24AD3D1D60DFD869F82D41435/'.
[2017.10.13-12.03.41:101][  0]LogShaderCompilers:Display: Using Local Shader Compiler.
[2017.10.13-12.03.41:775][  0]LogTemp:Display: Loaded TP AllDesktopTargetPlatform
[2017.10.13-12.03.41:806][  0]LogTemp:Display: Loaded TP MacClientTargetPlatform
[2017.10.13-12.03.41:837][  0]LogTemp:Display: Loaded TP MacNoEditorTargetPlatform
[2017.10.13-12.03.41:869][  0]LogTemp:Display: Loaded TP MacServerTargetPlatform
[2017.10.13-12.03.41:900][  0]LogTemp:Display: Loaded TP MacTargetPlatform
[2017.10.13-12.03.41:931][  0]LogTemp:Display: Loaded TP WindowsClientTargetPlatform
[2017.10.13-12.03.41:962][  0]LogTemp:Display: Loaded TP WindowsNoEditorTargetPlatform
[2017.10.13-12.03.41:994][  0]LogTemp:Display: Loaded TP WindowsServerTargetPlatform
[2017.10.13-12.03.42:023][  0]LogTemp:Display: Loaded TP WindowsTargetPlatform
[2017.10.13-12.03.42:056][  0]LogTemp:Display: Loaded TP AndroidTargetPlatform
[2017.10.13-12.03.42:088][  0]LogTemp:Display: Loaded TP Android_ASTCTargetPlatform
[2017.10.13-12.03.42:119][  0]LogTemp:Display: Loaded TP Android_ATCTargetPlatform
[2017.10.13-12.03.42:149][  0]LogTemp:Display: Loaded TP Android_DXTTargetPlatform
[2017.10.13-12.03.42:180][  0]LogTemp:Display: Loaded TP Android_ETC1TargetPlatform
[2017.10.13-12.03.42:210][  0]LogTemp:Display: Loaded TP Android_ETC2TargetPlatform
[2017.10.13-12.03.42:274][  0]LogTemp:Display: Loaded TP Android_MultiTargetPlatform
[2017.10.13-12.03.42:274][  0]LogTemp:Display: Loaded TP Android_PVRTCTargetPlatform
[2017.10.13-12.03.42:297][  0]LogTemp:Display: Loaded TP HTML5TargetPlatform
[2017.10.13-12.03.42:363][  0]LogTemp:Display: Loaded TP IOSTargetPlatform
[2017.10.13-12.03.42:384][  0]LogTemp:Display: Loaded TP TVOSTargetPlatform
[2017.10.13-12.03.42:415][  0]LogTemp:Display: Loaded TP LinuxClientTargetPlatform
[2017.10.13-12.03.42:446][  0]LogTemp:Display: Loaded TP LinuxNoEditorTargetPlatform
[2017.10.13-12.03.42:477][  0]LogTemp:Display: Loaded TP LinuxServerTargetPlatform
[2017.10.13-12.03.42:516][  0]LogTemp:Display: Loaded TP LinuxTargetPlatform
[2017.10.13-12.03.42:516][  0]LogTargetPlatformManager:Display: Building Assets For Windows
[2017.10.13-12.03.42:848][  0]LogDerivedDataCache:Display: Max Cache Size: 512 MB
[2017.10.13-12.03.42:926][  0]LogDerivedDataCache: Loaded boot cache 0.08s 111MB C:/Users/Bendick/AppData/Local/UnrealEngine/4.16/DerivedDataCache/Boot.ddc.
[2017.10.13-12.03.42:926][  0]LogDerivedDataCache:Display: Loaded Boot cache: C:/Users/Bendick/AppData/Local/UnrealEngine/4.16/DerivedDataCache/Boot.ddc
[2017.10.13-12.03.42:926][  0]LogDerivedDataCache: FDerivedDataBackendGraph:  Pak pak cache file ../../../../../../Users/Bendick/Documents/GitHub/SR_Prototype_V3/SR_Prototype_V3/DerivedDataCache/DDC.ddp not found, will not use a pak cache.
[2017.10.13-12.03.42:926][  0]LogDerivedDataCache: Unable to find inner node Pak for hierarchical cache Hierarchy.
[2017.10.13-12.03.42:926][  0]LogDerivedDataCache: FDerivedDataBackendGraph:  CompressedPak pak cache file ../../../../../../Users/Bendick/Documents/GitHub/SR_Prototype_V3/SR_Prototype_V3/DerivedDataCache/Compressed.ddp not found, will not use a pak cache.
[2017.10.13-12.03.42:926][  0]LogDerivedDataCache: Unable to find inner node CompressedPak for hierarchical cache Hierarchy.
[2017.10.13-12.03.42:936][  0]LogDerivedDataCache:Display: Pak cache opened for reading ../../../Engine/DerivedDataCache/Compressed.ddp.
[2017.10.13-12.03.42:948][  0]LogDerivedDataCache: Using Local data cache path C:/Users/Bendick/AppData/Local/UnrealEngine/Common/DerivedDataCache: Writable
[2017.10.13-12.03.42:954][  0]LogMaterial: Verifying Global Shaders for PCD3D_SM5
[2017.10.13-12.03.42:955][  0]LogSlate: Using Freetype 2.6.0
[2017.10.13-12.03.42:955][  0]LogSlate: SlateFontCache - WITH_FREETYPE: 1, WITH_HARFBUZZ: 1
[2017.10.13-12.03.42:955][  0]LogSlate: SlateFontCache - WITH_FREETYPE: 1, WITH_HARFBUZZ: 1
[2017.10.13-12.03.43:168][  0]LogInit: Selected Device Profile: [Windows]
[2017.10.13-12.03.43:321][  0]LogMeshUtilities: Using QuadricMeshReduction for automatic static mesh reduction
[2017.10.13-12.03.43:349][  0]LogSimplygon: Simplygon DLL not present - disabling.
[2017.10.13-12.03.43:379][  0]LogMeshUtilities: Using SimplygonSwarm for distributed automatic mesh merging
[2017.10.13-12.03.43:379][  0]LogMeshUtilities: No automatic skeletal mesh reduction module available
[2017.10.13-12.03.43:379][  0]LogMeshUtilities: No automatic mesh merging module available
[2017.10.13-12.03.43:741][  0]LogNetVersion: SR_Prototype_V3 , NetCL: 3452394, EngineNetVer: 2, GameNetVer: 0 (Checksum: 2708348065)
[2017.10.13-12.03.43:789][  0]LogAssetRegistry: FAssetRegistry took 0.0238 seconds to start up
[2017.10.13-12.03.43:831][  0]LogPackageLocalizationCache: Processed 4 localized package path(s) for 2 prioritized culture(s) in 0.024157 seconds
[2017.10.13-12.03.43:834][  0]LogUObjectArray: 34194 objects as part of root set at end of initial load.
[2017.10.13-12.03.43:834][  0]LogUObjectAllocator: 7260424 out of 0 bytes used by permanent object pool.
[2017.10.13-12.03.43:834][  0]LogUObjectArray: CloseDisregardForGC: 0/0 objects in disregard for GC pool
[2017.10.13-12.03.43:884][  0]LogInit: WinSock: version 1.1 (2.2), MaxSocks=32767, MaxUdp=65467
[2017.10.13-12.03.45:543][  0]LogTcpMessaging: Initializing TcpMessaging bridge
[2017.10.13-12.03.45:572][  0]LogUdpMessaging: Initializing bridge on interface 0.0.0.0:0 to multicast group 230.0.0.1:6666.
[2017.10.13-12.03.45:918][  0]LogMaterial: Uniform references updated for custom material expression Custom.
[2017.10.13-12.03.46:167][  0]SourceControl: Info Source control is disabled
[2017.10.13-12.03.46:189][  0]SourceControl: Info Source control is disabled
[2017.10.13-12.03.46:220][  0]SourceControl: Info Source control is disabled
[2017.10.13-12.03.46:248][  0]SourceControl: Info Source control is disabled
[2017.10.13-12.03.46:662][  0]LogAndroidPermission: UAndroidPermissionCallbackProxy::GetInstance
[2017.10.13-12.03.47:027][  0]LogEngine: Initializing Engine...
[2017.10.13-12.03.47:027][  0]LogHMD: Failed to initialize OpenVR with code 110
[2017.10.13-12.03.47:160][  0]LogStats: UGameplayTagsManager::ConstructGameplayTagTree: Construct from data asset -  0.000 s
[2017.10.13-12.03.47:160][  0]LogStats: UGameplayTagsManager::ConstructGameplayTagTree: GameplayTagTreeChangedEvent.Broadcast -  0.000 s
[2017.10.13-12.03.47:240][  0]LogAIModule: Creating AISystem for world Untitled
[2017.10.13-12.03.47:245][  0]LogInit: XAudio2 using 'Speakers (2- Logitech G933 Gaming Headset)' : 6 channels at 48 kHz using 16 bits per sample (channel mask 0x3f)
[2017.10.13-12.03.47:259][  0]LogInit: FAudioDevice initialized.
[2017.10.13-12.03.47:294][  0]LogDerivedDataCache: Saved boot cache 0.04s 111MB C:/Users/Bendick/AppData/Local/UnrealEngine/4.16/DerivedDataCache/Boot.ddc.
[2017.10.13-12.03.47:305][  0]LogInit: Texture streaming: Disabled
[2017.10.13-12.03.47:366][  0]LogEngineSessionManager: EngineSessionManager initialized
[2017.10.13-12.03.47:500][  0]LogInit: Transaction tracking system initialized
[2017.10.13-12.03.47:700][  0]BlueprintLog: New page: Editor Load
[2017.10.13-12.03.48:289][  0]LocalizationService: Info Localization service is disabled
[2017.10.13-12.03.48:715][  0]LogConsoleResponse:Display: 
[2017.10.13-12.03.48:819][  0]LogCook:Display: Max memory allowance for cook 16384mb min free memory 0mb
[2017.10.13-12.03.48:819][  0]LogCook:Display: Mobile HDR setting 1
[2017.10.13-12.03.48:835][  0]LogFileCache: Scanning file cache for directory 'C:/Users/Bendick/Documents/GitHub/SR_Prototype_V3/SR_Prototype_V3/Content/' took 0.01s
[2017.10.13-12.03.49:445][  0]SourceControl: Info Source control is disabled
[2017.10.13-12.03.49:445][  0]Cmd: MAP LOAD FILE="../../../../../../Users/Bendick/Documents/GitHub/SR_Prototype_V3/SR_Prototype_V3/Content/ScanReach.umap" TEMPLATE=0 SHOWPROGRESS=1 FEATURELEVEL=3
[2017.10.13-12.03.49:446][  0]LightingResults: New page: Lighting Build
[2017.10.13-12.03.49:471][  0]MapCheck: New page: Map Check
[2017.10.13-12.03.49:471][  0]LightingResults: New page: Lighting Build
[2017.10.13-12.03.49:832][  0]LogTexture:Display: Building textures: BelowMainDeck_256 (AutoDXT, 256X256)
[2017.10.13-12.03.49:869][  0]LogAIModule: Creating AISystem for world ScanReach
[2017.10.13-12.03.49:875][  0]LogEditorServer: Finished looking for orphan Actors (0.000 secs)
[2017.10.13-12.03.49:885][  0]Cmd: MAP CHECKDEP NOCLEARLOG
[2017.10.13-12.03.49:915][  0]MapCheck: Info Map check complete: 0 Error(s), 0 Warning(s), took 30.317ms to complete.
[2017.10.13-12.03.49:916][  0]LogFileHelpers: Loading map 'ScanReach' took 0.470
[2017.10.13-12.03.50:023][  0]LogCollectionManager: Loaded 0 collections in 0.001032 seconds
[2017.10.13-12.03.50:088][  0]LogFileCache: Scanning file cache for directory 'C:/Users/Bendick/Documents/GitHub/SR_Prototype_V3/SR_Prototype_V3/Saved/Collections/' took 0.01s
[2017.10.13-12.03.50:088][  0]LogFileCache: Scanning file cache for directory 'C:/Users/Bendick/Documents/GitHub/SR_Prototype_V3/SR_Prototype_V3/Content/Developers/Bendick/Collections/' took 0.01s
[2017.10.13-12.03.50:088][  0]LogFileCache: Scanning file cache for directory 'C:/Users/Bendick/Documents/GitHub/SR_Prototype_V3/SR_Prototype_V3/Content/Collections/' took 0.01s
[2017.10.13-12.03.50:088][  0]LogCollectionManager: Rebuilt the GUID cache for 0 collections in 0.000001 seconds
[2017.10.13-12.03.50:094][  0]LogContentBrowser: Native class hierarchy populated in 0.0059 seconds. Added 2329 classes and 491 folders.
[2017.10.13-12.03.50:134][  0]LogContentBrowser: Native class hierarchy updated for 'WidgetCarousel' in 0.0004 seconds. Added 0 classes and 0 folders.
[2017.10.13-12.03.50:156][  0]LogContentBrowser: Native class hierarchy updated for 'AddContentDialog' in 0.0003 seconds. Added 0 classes and 0 folders.
[2017.10.13-12.03.50:183][  0]LogContentBrowser: Native class hierarchy updated for 'SceneOutliner' in 0.0003 seconds. Added 1 classes and 2 folders.
[2017.10.13-12.03.50:238][  0]LogCrashTracker: Crashtracker disabled due to settings.
[2017.10.13-12.03.50:291][  0]LogSlate: Took 0.000098 seconds to synchronously load lazily loaded font '../../../Engine/Content/Slate/Fonts/Roboto-Regular.ttf' (155K)
[2017.10.13-12.03.50:293][  0]LogSlate: Took 0.000098 seconds to synchronously load lazily loaded font '../../../Engine/Content/Slate/Fonts/Roboto-Bold.ttf' (160K)
[2017.10.13-12.03.50:295][  0]LogSlate: Took 0.000088 seconds to synchronously load lazily loaded font '../../../Engine/Content/Editor/Slate/Fonts/FontAwesome.ttf' (139K)
[2017.10.13-12.03.50:361][  0]LogRenderer: Reallocating scene render targets to support 1276x604 NumSamples 1 (Frame:1).
[2017.10.13-12.03.50:399][  0]LogSlate: Took 0.000100 seconds to synchronously load lazily loaded font '../../../Engine/Content/Slate/Fonts/Roboto-Light.ttf' (159K)
[2017.10.13-12.03.50:434][  0]LogUObjectGlobals:Warning: Failed to find object 'Class None.'
[2017.10.13-12.03.50:482][  0]LogContentBrowser: Native class hierarchy updated for 'HierarchicalLODOutliner' in 0.0004 seconds. Added 1 classes and 2 folders.
[2017.10.13-12.03.50:482][  0]LogLoad: (Engine Initialization) Total time: 12.10 seconds
[2017.10.13-12.03.50:482][  0]LogLoad: (Engine Initialization) Total Blueprint compile time: 0.13 seconds
[2017.10.13-12.03.50:482][  0]LogExternalProfiler: Found external profiler: VSPerf
[2017.10.13-12.03.50:482][  0]LogExternalProfiler: Using external profiler: VSPerf
[2017.10.13-12.03.50:821][  0]LogOcInput: OculusInput pre-init called
[2017.10.13-12.03.50:821][  0]LogHMD: Starting GearVRController plugin
[2017.10.13-12.03.50:833][  0]LogAssetRegistry: Asset discovery search completed in 7.0650 seconds
[2017.10.13-12.03.50:834][  0]LogCollectionManager: Rebuilt the object cache for 0 collections in 0.000000 seconds (found 0 objects)
[2017.10.13-12.03.50:834][  0]LogCollectionManager: Fixed up redirectors for 0 collections in 0.000019 seconds (updated 0 objects)
[2017.10.13-12.03.50:874][  0]LogRenderer: Reallocating scene render targets to support 1276x624 NumSamples 1 (Frame:2).
[2017.10.13-12.04.06:162][ 46]LogTemp: Repeting last play command: New Editor Window (PIE)
[2017.10.13-12.04.06:204][ 46]LogBlueprintUserMessages: Early PlayInEditor Detection: Level '/Game/ScanReach.ScanReach:PersistentLevel' has LevelScriptBlueprint '/Game/ScanReach.ScanReach:PersistentLevel.ScanReach' with GeneratedClass '/Game/ScanReach.ScanReach_C' with ClassGeneratedBy '/Game/ScanReach.ScanReach:PersistentLevel.ScanReach'
[2017.10.13-12.04.06:204][ 46]LogPlayLevel: PlayLevel: No blueprints needed recompiling
[2017.10.13-12.04.06:204][ 46]PIE: New page: PIE session: ScanReach (13 Oct 2017 16:04:06)
[2017.10.13-12.04.06:204][ 46]LogPlayLevel: Creating play world package: /Game/UEDPIE_0_ScanReach
[2017.10.13-12.04.06:207][ 46]LogPlayLevel: PIE: StaticDuplicateObject took: (0.002304s)
[2017.10.13-12.04.06:207][ 46]LogAIModule: Creating AISystem for world ScanReach
[2017.10.13-12.04.06:207][ 46]LogPlayLevel: PIE: World Init took: (0.000406s)
[2017.10.13-12.04.06:207][ 46]LogPlayLevel: PIE: Created PIE world by copying editor world from /Game/ScanReach.ScanReach to /Game/UEDPIE_0_ScanReach.ScanReach (0.002827s)
[2017.10.13-12.04.06:216][ 46]LogInit: XAudio2 using 'Speakers (2- Logitech G933 Gaming Headset)' : 6 channels at 48 kHz using 16 bits per sample (channel mask 0x3f)
[2017.10.13-12.04.06:225][ 46]LogInit: FAudioDevice initialized.
[2017.10.13-12.04.06:297][ 46]LogLoad: Game class is 'ScanReach_GM_C'
[2017.10.13-12.04.06:299][ 46]LogWorld: Bringing World /Game/UEDPIE_0_ScanReach.ScanReach up for play (max tick rate 0) at 2017.10.13-14.04.06
[2017.10.13-12.04.06:300][ 46]LogWorld: Bringing up level for play took: 0.001252
[2017.10.13-12.04.06:326][ 46]LogContentBrowser: Native class hierarchy updated for 'MovieSceneCapture' in 0.0004 seconds. Added 11 classes and 0 folders.
[2017.10.13-12.04.06:331][ 46]PIE: Info Play in editor start time for /Game/UEDPIE_0_ScanReach 0.304
[2017.10.13-12.04.06:331][ 46]LogBlueprintUserMessages: Late PlayInEditor Detection: Level '/Game/ScanReach.ScanReach:PersistentLevel' has LevelScriptBlueprint '/Game/ScanReach.ScanReach:PersistentLevel.ScanReach' with GeneratedClass '/Game/ScanReach.ScanReach_C' with ClassGeneratedBy '/Game/ScanReach.ScanReach:PersistentLevel.ScanReach'
[2017.10.13-12.04.06:353][ 46]LogRenderer: Reallocating scene render targets to support 1280x624 NumSamples 1 (Frame:1).
[2017.10.13-12.04.06:362][ 46]LogRenderer: Reallocating scene render targets to support 1292x756 NumSamples 1 (Frame:1).
[2017.10.13-12.04.12:658][790]LogBlueprintUserMessages: Early EndPlayMap Detection: Level '/Game/ScanReach.ScanReach:PersistentLevel' has LevelScriptBlueprint '/Game/ScanReach.ScanReach:PersistentLevel.ScanReach' with GeneratedClass '/Game/ScanReach.ScanReach_C' with ClassGeneratedBy '/Game/ScanReach.ScanReach:PersistentLevel.ScanReach'
[2017.10.13-12.04.12:683][790]LogBlueprintUserMessages: Late EndPlayMap Detection: Level '/Game/ScanReach.ScanReach:PersistentLevel' has LevelScriptBlueprint '/Game/ScanReach.ScanReach:PersistentLevel.ScanReach' with GeneratedClass '/Game/ScanReach.ScanReach_C' with ClassGeneratedBy '/Game/ScanReach.ScanReach:PersistentLevel.ScanReach'
[2017.10.13-12.04.17:106][316]LogSlate: Took 0.000092 seconds to synchronously load lazily loaded font '../../../Engine/Content/Slate/Fonts/Roboto-Light.ttf' (159K)
[2017.10.13-12.04.17:334][316]LogContentBrowser: Native class hierarchy updated for 'BlueprintGraph' in 0.0006 seconds. Added 112 classes and 0 folders.
[2017.10.13-12.04.17:738][316]LogSlate: Took 0.000094 seconds to synchronously load lazily loaded font '../../../Engine/Content/Slate/Fonts/Roboto-Light.ttf' (159K)
[2017.10.13-12.04.17:738][316]LogSlate: Took 0.000082 seconds to synchronously load lazily loaded font '../../../Engine/Content/Editor/Slate/Fonts/Roboto-BoldCondensed.ttf' (158K)
[2017.10.13-12.04.39:959][942]LogTemp: Repeting last play command: New Editor Window (PIE)
[2017.10.13-12.04.39:977][942]LogBlueprintUserMessages: Early PlayInEditor Detection: Level '/Game/ScanReach.ScanReach:PersistentLevel' has LevelScriptBlueprint '/Game/ScanReach.ScanReach:PersistentLevel.ScanReach' with GeneratedClass '/Game/ScanReach.ScanReach_C' with ClassGeneratedBy '/Game/ScanReach.ScanReach:PersistentLevel.ScanReach'
[2017.10.13-12.04.39:977][942]LogPlayLevel: PlayLevel: No blueprints needed recompiling
[2017.10.13-12.04.39:977][942]PIE: New page: PIE session: ScanReach (13 Oct 2017 16:04:39)
[2017.10.13-12.04.39:977][942]LogPlayLevel: Creating play world package: /Game/UEDPIE_0_ScanReach
[2017.10.13-12.04.39:979][942]LogPlayLevel: PIE: StaticDuplicateObject took: (0.002618s)
[2017.10.13-12.04.39:980][942]LogAIModule: Creating AISystem for world ScanReach
[2017.10.13-12.04.39:980][942]LogPlayLevel: PIE: World Init took: (0.000541s)
[2017.10.13-12.04.39:980][942]LogPlayLevel: PIE: Created PIE world by copying editor world from /Game/ScanReach.ScanReach to /Game/UEDPIE_0_ScanReach.ScanReach (0.003309s)
[2017.10.13-12.04.39:994][942]LogInit: XAudio2 using 'Speakers (2- Logitech G933 Gaming Headset)' : 6 channels at 48 kHz using 16 bits per sample (channel mask 0x3f)
[2017.10.13-12.04.40:003][942]LogInit: FAudioDevice initialized.
[2017.10.13-12.04.40:054][942]LogLoad: Game class is 'ScanReach_GM_C'
[2017.10.13-12.04.40:056][942]LogWorld: Bringing World /Game/UEDPIE_0_ScanReach.ScanReach up for play (max tick rate 0) at 2017.10.13-14.04.40
[2017.10.13-12.04.40:056][942]LogWorld: Bringing up level for play took: 0.001186
[2017.10.13-12.04.40:060][942]PIE: Info Play in editor start time for /Game/UEDPIE_0_ScanReach 0.032
[2017.10.13-12.04.40:060][942]LogBlueprintUserMessages: Late PlayInEditor Detection: Level '/Game/ScanReach.ScanReach:PersistentLevel' has LevelScriptBlueprint '/Game/ScanReach.ScanReach:PersistentLevel.ScanReach' with GeneratedClass '/Game/ScanReach.ScanReach_C' with ClassGeneratedBy '/Game/ScanReach.ScanReach:PersistentLevel.ScanReach'
[2017.10.13-12.04.54:533][665]LogBlueprintUserMessages: Early EndPlayMap Detection: Level '/Game/ScanReach.ScanReach:PersistentLevel' has LevelScriptBlueprint '/Game/ScanReach.ScanReach:PersistentLevel.ScanReach' with GeneratedClass '/Game/ScanReach.ScanReach_C' with ClassGeneratedBy '/Game/ScanReach.ScanReach:PersistentLevel.ScanReach'
[2017.10.13-12.04.54:577][665]LogBlueprintUserMessages: Late EndPlayMap Detection: Level '/Game/ScanReach.ScanReach:PersistentLevel' has LevelScriptBlueprint '/Game/ScanReach.ScanReach:PersistentLevel.ScanReach' with GeneratedClass '/Game/ScanReach.ScanReach_C' with ClassGeneratedBy '/Game/ScanReach.ScanReach:PersistentLevel.ScanReach'
[2017.10.13-12.05.48:443][401]LogTexture:Display: Building textures: T_DeckButtonHoverd (BGRA8, 238X107)
[2017.10.13-12.06.17:185][839]LogTexture:Display: Building textures: T_DeckButtonPressed (BGRA8, 238X107)
[2017.10.13-12.06.18:991][ 55]BlueprintLog: New page: Compile w_DeckButton
[2017.10.13-12.06.19:090][ 55]BlueprintEditorCompileResults: Info Fast Template Successfully Created.
[2017.10.13-12.06.19:670][116]LogSavePackage: Save=32.20ms
[2017.10.13-12.06.19:670][116]LogSavePackage: Moving '../../../../../../Users/Bendick/Documents/GitHub/SR_Prototype_V3/SR_Prototype_V3/Saved/w_DeckButtonBD30A6F74BB216F963029E933487D9AD.tmp' to '../../../../../../Users/Bendick/Documents/GitHub/SR_Prototype_V3/SR_Prototype_V3/Content/Blueprints/Widgets/w_DeckButton.uasset'
[2017.10.13-12.06.19:671][116]LogSavePackage:Display: Finished SavePackage ../../../../../../Users/Bendick/Documents/GitHub/SR_Prototype_V3/SR_Prototype_V3/Content/Blueprints/Widgets/w_DeckButton.uasset
[2017.10.13-12.06.19:964][151]LogTemp: Repeting last play command: New Editor Window (PIE)
[2017.10.13-12.06.19:978][151]LogBlueprintUserMessages: Early PlayInEditor Detection: Level '/Game/ScanReach.ScanReach:PersistentLevel' has LevelScriptBlueprint '/Game/ScanReach.ScanReach:PersistentLevel.ScanReach' with GeneratedClass '/Game/ScanReach.ScanReach_C' with ClassGeneratedBy '/Game/ScanReach.ScanReach:PersistentLevel.ScanReach'
[2017.10.13-12.06.19:978][151]LogPlayLevel: PlayLevel: No blueprints needed recompiling
[2017.10.13-12.06.19:978][151]PIE: New page: PIE session: ScanReach (13 Oct 2017 16:06:19)
[2017.10.13-12.06.19:978][151]LogPlayLevel: Creating play world package: /Game/UEDPIE_0_ScanReach
[2017.10.13-12.06.19:980][151]LogPlayLevel: PIE: StaticDuplicateObject took: (0.002237s)
[2017.10.13-12.06.19:980][151]LogAIModule: Creating AISystem for world ScanReach
[2017.10.13-12.06.19:980][151]LogPlayLevel: PIE: World Init took: (0.000394s)
[2017.10.13-12.06.19:981][151]LogPlayLevel: PIE: Created PIE world by copying editor world from /Game/ScanReach.ScanReach to /Game/UEDPIE_0_ScanReach.ScanReach (0.002751s)
[2017.10.13-12.06.19:991][151]LogInit: XAudio2 using 'Speakers (2- Logitech G933 Gaming Headset)' : 6 channels at 48 kHz using 16 bits per sample (channel mask 0x3f)
[2017.10.13-12.06.20:001][151]LogInit: FAudioDevice initialized.
[2017.10.13-12.06.20:052][151]LogLoad: Game class is 'ScanReach_GM_C'
[2017.10.13-12.06.20:054][151]LogWorld: Bringing World /Game/UEDPIE_0_ScanReach.ScanReach up for play (max tick rate 0) at 2017.10.13-14.06.20
[2017.10.13-12.06.20:054][151]LogWorld: Bringing up level for play took: 0.001104
[2017.10.13-12.06.20:057][151]PIE: Info Play in editor start time for /Game/UEDPIE_0_ScanReach 0.03
[2017.10.13-12.06.20:057][151]LogBlueprintUserMessages: Late PlayInEditor Detection: Level '/Game/ScanReach.ScanReach:PersistentLevel' has LevelScriptBlueprint '/Game/ScanReach.ScanReach:PersistentLevel.ScanReach' with GeneratedClass '/Game/ScanReach.ScanReach_C' with ClassGeneratedBy '/Game/ScanReach.ScanReach:PersistentLevel.ScanReach'
[2017.10.13-12.06.36:464][111]LogRenderer: Reallocating scene render targets to support 1920x1028 NumSamples 1 (Frame:1962).
[2017.10.13-12.06.42:841][872]LogBlueprintUserMessages: Early EndPlayMap Detection: Level '/Game/ScanReach.ScanReach:PersistentLevel' has LevelScriptBlueprint '/Game/ScanReach.ScanReach:PersistentLevel.ScanReach' with GeneratedClass '/Game/ScanReach.ScanReach_C' with ClassGeneratedBy '/Game/ScanReach.ScanReach:PersistentLevel.ScanReach'
[2017.10.13-12.06.42:883][872]LogBlueprintUserMessages: Late EndPlayMap Detection: Level '/Game/ScanReach.ScanReach:PersistentLevel' has LevelScriptBlueprint '/Game/ScanReach.ScanReach:PersistentLevel.ScanReach' with GeneratedClass '/Game/ScanReach.ScanReach_C' with ClassGeneratedBy '/Game/ScanReach.ScanReach:PersistentLevel.ScanReach'
[2017.10.13-12.07.10:481][164]LogEditorViewport: Clicking on Actor (LMB): bp_Ship_C (bp_Ship)
[2017.10.13-12.07.14:877][660]LogSlate: Took 0.003722 seconds to synchronously load lazily loaded font '../../../Engine/Content/Slate/Fonts/DroidSansFallback.ttf' (3848K)
[2017.10.13-12.07.25:445][813]LogTexture:Display: Building textures: T_StatusBarGreen (BGRA8, 770X59)
[2017.10.13-12.07.27:630][ 59]BlueprintLog: New page: Compile w_Status
[2017.10.13-12.07.27:718][ 59]BlueprintEditorCompileResults: Info Fast Template Successfully Created.
[2017.10.13-12.07.28:069][ 90]LogSavePackage: Save=9.59ms
[2017.10.13-12.07.28:069][ 90]LogSavePackage: Moving '../../../../../../Users/Bendick/Documents/GitHub/SR_Prototype_V3/SR_Prototype_V3/Saved/w_Status0CD20D4A47DC659981F1A4962063F144.tmp' to '../../../../../../Users/Bendick/Documents/GitHub/SR_Prototype_V3/SR_Prototype_V3/Content/Blueprints/Widgets/w_Status.uasset'
[2017.10.13-12.07.28:073][ 90]LogSavePackage:Display: Finished SavePackage ../../../../../../Users/Bendick/Documents/GitHub/SR_Prototype_V3/SR_Prototype_V3/Content/Blueprints/Widgets/w_Status.uasset
[2017.10.13-12.07.28:611][149]LogTemp: Repeting last play command: New Editor Window (PIE)
[2017.10.13-12.07.28:628][149]LogBlueprintUserMessages: Early PlayInEditor Detection: Level '/Game/ScanReach.ScanReach:PersistentLevel' has LevelScriptBlueprint '/Game/ScanReach.ScanReach:PersistentLevel.ScanReach' with GeneratedClass '/Game/ScanReach.ScanReach_C' with ClassGeneratedBy '/Game/ScanReach.ScanReach:PersistentLevel.ScanReach'
[2017.10.13-12.07.28:628][149]LogPlayLevel: PlayLevel: No blueprints needed recompiling
[2017.10.13-12.07.28:628][149]PIE: New page: PIE session: ScanReach (13 Oct 2017 16:07:28)
[2017.10.13-12.07.28:628][149]LogPlayLevel: Creating play world package: /Game/UEDPIE_0_ScanReach
[2017.10.13-12.07.28:630][149]LogPlayLevel: PIE: StaticDuplicateObject took: (0.002321s)
[2017.10.13-12.07.28:631][149]LogAIModule: Creating AISystem for world ScanReach
[2017.10.13-12.07.28:631][149]LogPlayLevel: PIE: World Init took: (0.000639s)
[2017.10.13-12.07.28:631][149]LogPlayLevel: PIE: Created PIE world by copying editor world from /Game/ScanReach.ScanReach to /Game/UEDPIE_0_ScanReach.ScanReach (0.003117s)
[2017.10.13-12.07.28:645][149]LogInit: XAudio2 using 'Speakers (2- Logitech G933 Gaming Headset)' : 6 channels at 48 kHz using 16 bits per sample (channel mask 0x3f)
[2017.10.13-12.07.28:654][149]LogInit: FAudioDevice initialized.
[2017.10.13-12.07.28:705][149]LogLoad: Game class is 'ScanReach_GM_C'
[2017.10.13-12.07.28:707][149]LogWorld: Bringing World /Game/UEDPIE_0_ScanReach.ScanReach up for play (max tick rate 0) at 2017.10.13-14.07.28
[2017.10.13-12.07.28:707][149]LogWorld: Bringing up level for play took: 0.001254
[2017.10.13-12.07.28:712][149]PIE: Info Play in editor start time for /Game/UEDPIE_0_ScanReach 0.685
[2017.10.13-12.07.28:712][149]LogBlueprintUserMessages: Late PlayInEditor Detection: Level '/Game/ScanReach.ScanReach:PersistentLevel' has LevelScriptBlueprint '/Game/ScanReach.ScanReach:PersistentLevel.ScanReach' with GeneratedClass '/Game/ScanReach.ScanReach_C' with ClassGeneratedBy '/Game/ScanReach.ScanReach:PersistentLevel.ScanReach'
[2017.10.13-12.07.30:639][324]LogBlueprintUserMessages: Early EndPlayMap Detection: Level '/Game/ScanReach.ScanReach:PersistentLevel' has LevelScriptBlueprint '/Game/ScanReach.ScanReach:PersistentLevel.ScanReach' with GeneratedClass '/Game/ScanReach.ScanReach_C' with ClassGeneratedBy '/Game/ScanReach.ScanReach:PersistentLevel.ScanReach'
[2017.10.13-12.07.30:705][324]LogBlueprintUserMessages: Late EndPlayMap Detection: Level '/Game/ScanReach.ScanReach:PersistentLevel' has LevelScriptBlueprint '/Game/ScanReach.ScanReach:PersistentLevel.ScanReach' with GeneratedClass '/Game/ScanReach.ScanReach_C' with ClassGeneratedBy '/Game/ScanReach.ScanReach:PersistentLevel.ScanReach'
[2017.10.13-12.07.51:336][530]LogTexture:Display: Building textures: T_SideInfoBackground (BGRA8, 777X1086)
[2017.10.13-12.07.51:434][530]LogContentBrowser: Native class hierarchy updated for 'TextureEditor' in 0.0004 seconds. Added 1 classes and 2 folders.
[2017.10.13-12.08.16:263][647]BlueprintLog: New page: Compile w_shipInfo
[2017.10.13-12.08.16:383][647]BlueprintEditorCompileResults: Info Fast Template Successfully Created.
[2017.10.13-12.08.17:134][701]LogSavePackage: Save=18.70ms
[2017.10.13-12.08.17:134][701]LogSavePackage: Moving '../../../../../../Users/Bendick/Documents/GitHub/SR_Prototype_V3/SR_Prototype_V3/Saved/w_shipInfo6E8CB99648E6692CFA4183A9A0024D4D.tmp' to '../../../../../../Users/Bendick/Documents/GitHub/SR_Prototype_V3/SR_Prototype_V3/Content/Blueprints/Widgets/w_shipInfo.uasset'
[2017.10.13-12.08.17:136][701]LogSavePackage:Display: Finished SavePackage ../../../../../../Users/Bendick/Documents/GitHub/SR_Prototype_V3/SR_Prototype_V3/Content/Blueprints/Widgets/w_shipInfo.uasset
[2017.10.13-12.08.17:508][730]LogTemp: Repeting last play command: New Editor Window (PIE)
[2017.10.13-12.08.17:530][730]LogBlueprintUserMessages: Early PlayInEditor Detection: Level '/Game/ScanReach.ScanReach:PersistentLevel' has LevelScriptBlueprint '/Game/ScanReach.ScanReach:PersistentLevel.ScanReach' with GeneratedClass '/Game/ScanReach.ScanReach_C' with ClassGeneratedBy '/Game/ScanReach.ScanReach:PersistentLevel.ScanReach'
[2017.10.13-12.08.17:530][730]LogPlayLevel: PlayLevel: No blueprints needed recompiling
[2017.10.13-12.08.17:530][730]PIE: New page: PIE session: ScanReach (13 Oct 2017 16:08:17)
[2017.10.13-12.08.17:530][730]LogPlayLevel: Creating play world package: /Game/UEDPIE_0_ScanReach
[2017.10.13-12.08.17:532][730]LogPlayLevel: PIE: StaticDuplicateObject took: (0.002181s)
[2017.10.13-12.08.17:533][730]LogAIModule: Creating AISystem for world ScanReach
[2017.10.13-12.08.17:533][730]LogPlayLevel: PIE: World Init took: (0.000408s)
[2017.10.13-12.08.17:533][730]LogPlayLevel: PIE: Created PIE world by copying editor world from /Game/ScanReach.ScanReach to /Game/UEDPIE_0_ScanReach.ScanReach (0.002703s)
[2017.10.13-12.08.17:547][730]LogInit: XAudio2 using 'Speakers (2- Logitech G933 Gaming Headset)' : 6 channels at 48 kHz using 16 bits per sample (channel mask 0x3f)
[2017.10.13-12.08.17:556][730]LogInit: FAudioDevice initialized.
[2017.10.13-12.08.17:609][730]LogLoad: Game class is 'ScanReach_GM_C'
[2017.10.13-12.08.17:611][730]LogWorld: Bringing World /Game/UEDPIE_0_ScanReach.ScanReach up for play (max tick rate 0) at 2017.10.13-14.08.17
[2017.10.13-12.08.17:611][730]LogWorld: Bringing up level for play took: 0.001106
[2017.10.13-12.08.17:618][730]PIE: Info Play in editor start time for /Game/UEDPIE_0_ScanReach -0.409
[2017.10.13-12.08.17:618][730]LogBlueprintUserMessages: Late PlayInEditor Detection: Level '/Game/ScanReach.ScanReach:PersistentLevel' has LevelScriptBlueprint '/Game/ScanReach.ScanReach:PersistentLevel.ScanReach' with GeneratedClass '/Game/ScanReach.ScanReach_C' with ClassGeneratedBy '/Game/ScanReach.ScanReach:PersistentLevel.ScanReach'
[2017.10.13-12.08.25:448][317]LogBlueprintUserMessages: Early EndPlayMap Detection: Level '/Game/ScanReach.ScanReach:PersistentLevel' has LevelScriptBlueprint '/Game/ScanReach.ScanReach:PersistentLevel.ScanReach' with GeneratedClass '/Game/ScanReach.ScanReach_C' with ClassGeneratedBy '/Game/ScanReach.ScanReach:PersistentLevel.ScanReach'
[2017.10.13-12.08.25:516][317]LogBlueprintUserMessages: Late EndPlayMap Detection: Level '/Game/ScanReach.ScanReach:PersistentLevel' has LevelScriptBlueprint '/Game/ScanReach.ScanReach:PersistentLevel.ScanReach' with GeneratedClass '/Game/ScanReach.ScanReach_C' with ClassGeneratedBy '/Game/ScanReach.ScanReach:PersistentLevel.ScanReach'
[2017.10.13-12.08.43:039][730]BlueprintLog: New page: Compile w_DeckOverview
[2017.10.13-12.08.43:182][730]BlueprintEditorCompileResults: Info Fast Template Successfully Created.
[2017.10.13-12.08.43:538][752]LogTemp: Repeting last play command: New Editor Window (PIE)
[2017.10.13-12.08.43:556][752]LogBlueprintUserMessages: Early PlayInEditor Detection: Level '/Game/ScanReach.ScanReach:PersistentLevel' has LevelScriptBlueprint '/Game/ScanReach.ScanReach:PersistentLevel.ScanReach' with GeneratedClass '/Game/ScanReach.ScanReach_C' with ClassGeneratedBy '/Game/ScanReach.ScanReach:PersistentLevel.ScanReach'
[2017.10.13-12.08.43:557][752]LogPlayLevel: PlayLevel: No blueprints needed recompiling
[2017.10.13-12.08.43:557][752]PIE: New page: PIE session: ScanReach (13 Oct 2017 16:08:43)
[2017.10.13-12.08.43:557][752]LogPlayLevel: Creating play world package: /Game/UEDPIE_0_ScanReach
[2017.10.13-12.08.43:559][752]LogPlayLevel: PIE: StaticDuplicateObject took: (0.002378s)
[2017.10.13-12.08.43:559][752]LogAIModule: Creating AISystem for world ScanReach
[2017.10.13-12.08.43:560][752]LogPlayLevel: PIE: World Init took: (0.000436s)
[2017.10.13-12.08.43:560][752]LogPlayLevel: PIE: Created PIE world by copying editor world from /Game/ScanReach.ScanReach to /Game/UEDPIE_0_ScanReach.ScanReach (0.002945s)
[2017.10.13-12.08.43:574][752]LogInit: XAudio2 using 'Speakers (2- Logitech G933 Gaming Headset)' : 6 channels at 48 kHz using 16 bits per sample (channel mask 0x3f)
[2017.10.13-12.08.43:583][752]LogInit: FAudioDevice initialized.
[2017.10.13-12.08.43:634][752]LogLoad: Game class is 'ScanReach_GM_C'
[2017.10.13-12.08.43:635][752]LogWorld: Bringing World /Game/UEDPIE_0_ScanReach.ScanReach up for play (max tick rate 0) at 2017.10.13-14.08.43
[2017.10.13-12.08.43:636][752]LogWorld: Bringing up level for play took: 0.001256
[2017.10.13-12.08.43:642][752]PIE: Info Play in editor start time for /Game/UEDPIE_0_ScanReach -0.386
[2017.10.13-12.08.43:642][752]LogBlueprintUserMessages: Late PlayInEditor Detection: Level '/Game/ScanReach.ScanReach:PersistentLevel' has LevelScriptBlueprint '/Game/ScanReach.ScanReach:PersistentLevel.ScanReach' with GeneratedClass '/Game/ScanReach.ScanReach_C' with ClassGeneratedBy '/Game/ScanReach.ScanReach:PersistentLevel.ScanReach'
[2017.10.13-12.08.44:972][848]LogBlueprintUserMessages: Early EndPlayMap Detection: Level '/Game/ScanReach.ScanReach:PersistentLevel' has LevelScriptBlueprint '/Game/ScanReach.ScanReach:PersistentLevel.ScanReach' with GeneratedClass '/Game/ScanReach.ScanReach_C' with ClassGeneratedBy '/Game/ScanReach.ScanReach:PersistentLevel.ScanReach'
[2017.10.13-12.08.45:040][848]LogBlueprintUserMessages: Late EndPlayMap Detection: Level '/Game/ScanReach.ScanReach:PersistentLevel' has LevelScriptBlueprint '/Game/ScanReach.ScanReach:PersistentLevel.ScanReach' with GeneratedClass '/Game/ScanReach.ScanReach_C' with ClassGeneratedBy '/Game/ScanReach.ScanReach:PersistentLevel.ScanReach'
[2017.10.13-12.08.48:483][115]BlueprintLog: New page: Compile w_DeckOverview
[2017.10.13-12.08.48:619][115]BlueprintEditorCompileResults: Info Fast Template Successfully Created.
[2017.10.13-12.08.49:074][145]LogTemp: Repeting last play command: New Editor Window (PIE)
[2017.10.13-12.08.49:094][145]LogBlueprintUserMessages: Early PlayInEditor Detection: Level '/Game/ScanReach.ScanReach:PersistentLevel' has LevelScriptBlueprint '/Game/ScanReach.ScanReach:PersistentLevel.ScanReach' with GeneratedClass '/Game/ScanReach.ScanReach_C' with ClassGeneratedBy '/Game/ScanReach.ScanReach:PersistentLevel.ScanReach'
[2017.10.13-12.08.49:094][145]LogPlayLevel: PlayLevel: No blueprints needed recompiling
[2017.10.13-12.08.49:094][145]PIE: New page: PIE session: ScanReach (13 Oct 2017 16:08:49)
[2017.10.13-12.08.49:094][145]LogPlayLevel: Creating play world package: /Game/UEDPIE_0_ScanReach
[2017.10.13-12.08.49:096][145]LogPlayLevel: PIE: StaticDuplicateObject took: (0.002181s)
[2017.10.13-12.08.49:096][145]LogAIModule: Creating AISystem for world ScanReach
[2017.10.13-12.08.49:096][145]LogPlayLevel: PIE: World Init took: (0.000423s)
[2017.10.13-12.08.49:096][145]LogPlayLevel: PIE: Created PIE world by copying editor world from /Game/ScanReach.ScanReach to /Game/UEDPIE_0_ScanReach.ScanReach (0.002724s)
[2017.10.13-12.08.49:111][145]LogInit: XAudio2 using 'Speakers (2- Logitech G933 Gaming Headset)' : 6 channels at 48 kHz using 16 bits per sample (channel mask 0x3f)
[2017.10.13-12.08.49:120][145]LogInit: FAudioDevice initialized.
[2017.10.13-12.08.49:173][145]LogLoad: Game class is 'ScanReach_GM_C'
[2017.10.13-12.08.49:175][145]LogWorld: Bringing World /Game/UEDPIE_0_ScanReach.ScanReach up for play (max tick rate 0) at 2017.10.13-14.08.49
[2017.10.13-12.08.49:175][145]LogWorld: Bringing up level for play took: 0.001105
[2017.10.13-12.08.49:181][145]PIE: Info Play in editor start time for /Game/UEDPIE_0_ScanReach -0.847
[2017.10.13-12.08.49:181][145]LogBlueprintUserMessages: Late PlayInEditor Detection: Level '/Game/ScanReach.ScanReach:PersistentLevel' has LevelScriptBlueprint '/Game/ScanReach.ScanReach:PersistentLevel.ScanReach' with GeneratedClass '/Game/ScanReach.ScanReach_C' with ClassGeneratedBy '/Game/ScanReach.ScanReach:PersistentLevel.ScanReach'
[2017.10.13-12.08.50:284][223]LogBlueprintUserMessages: Early EndPlayMap Detection: Level '/Game/ScanReach.ScanReach:PersistentLevel' has LevelScriptBlueprint '/Game/ScanReach.ScanReach:PersistentLevel.ScanReach' with GeneratedClass '/Game/ScanReach.ScanReach_C' with ClassGeneratedBy '/Game/ScanReach.ScanReach:PersistentLevel.ScanReach'
[2017.10.13-12.08.50:352][223]LogBlueprintUserMessages: Late EndPlayMap Detection: Level '/Game/ScanReach.ScanReach:PersistentLevel' has LevelScriptBlueprint '/Game/ScanReach.ScanReach:PersistentLevel.ScanReach' with GeneratedClass '/Game/ScanReach.ScanReach_C' with ClassGeneratedBy '/Game/ScanReach.ScanReach:PersistentLevel.ScanReach'
[2017.10.13-12.08.53:859][500]BlueprintLog: New page: Compile w_DeckOverview
[2017.10.13-12.08.53:995][500]BlueprintEditorCompileResults: Info Fast Template Successfully Created.
[2017.10.13-12.08.54:356][523]LogTemp: Repeting last play command: New Editor Window (PIE)
[2017.10.13-12.08.54:375][523]LogBlueprintUserMessages: Early PlayInEditor Detection: Level '/Game/ScanReach.ScanReach:PersistentLevel' has LevelScriptBlueprint '/Game/ScanReach.ScanReach:PersistentLevel.ScanReach' with GeneratedClass '/Game/ScanReach.ScanReach_C' with ClassGeneratedBy '/Game/ScanReach.ScanReach:PersistentLevel.ScanReach'
[2017.10.13-12.08.54:375][523]LogPlayLevel: PlayLevel: No blueprints needed recompiling
[2017.10.13-12.08.54:375][523]PIE: New page: PIE session: ScanReach (13 Oct 2017 16:08:54)
[2017.10.13-12.08.54:375][523]LogPlayLevel: Creating play world package: /Game/UEDPIE_0_ScanReach
[2017.10.13-12.08.54:378][523]LogPlayLevel: PIE: StaticDuplicateObject took: (0.002244s)
[2017.10.13-12.08.54:378][523]LogAIModule: Creating AISystem for world ScanReach
[2017.10.13-12.08.54:378][523]LogPlayLevel: PIE: World Init took: (0.000663s)
[2017.10.13-12.08.54:378][523]LogPlayLevel: PIE: Created PIE world by copying editor world from /Game/ScanReach.ScanReach to /Game/UEDPIE_0_ScanReach.ScanReach (0.003088s)
[2017.10.13-12.08.54:393][523]LogInit: XAudio2 using 'Speakers (2- Logitech G933 Gaming Headset)' : 6 channels at 48 kHz using 16 bits per sample (channel mask 0x3f)
[2017.10.13-12.08.54:402][523]LogInit: FAudioDevice initialized.
[2017.10.13-12.08.54:457][523]LogLoad: Game class is 'ScanReach_GM_C'
[2017.10.13-12.08.54:459][523]LogWorld: Bringing World /Game/UEDPIE_0_ScanReach.ScanReach up for play (max tick rate 0) at 2017.10.13-14.08.54
[2017.10.13-12.08.54:459][523]LogWorld: Bringing up level for play took: 0.001298
[2017.10.13-12.08.54:465][523]PIE: Info Play in editor start time for /Game/UEDPIE_0_ScanReach 0.437
[2017.10.13-12.08.54:465][523]LogBlueprintUserMessages: Late PlayInEditor Detection: Level '/Game/ScanReach.ScanReach:PersistentLevel' has LevelScriptBlueprint '/Game/ScanReach.ScanReach:PersistentLevel.ScanReach' with GeneratedClass '/Game/ScanReach.ScanReach_C' with ClassGeneratedBy '/Game/ScanReach.ScanReach:PersistentLevel.ScanReach'
[2017.10.13-12.08.56:255][647]LogBlueprintUserMessages: Early EndPlayMap Detection: Level '/Game/ScanReach.ScanReach:PersistentLevel' has LevelScriptBlueprint '/Game/ScanReach.ScanReach:PersistentLevel.ScanReach' with GeneratedClass '/Game/ScanReach.ScanReach_C' with ClassGeneratedBy '/Game/ScanReach.ScanReach:PersistentLevel.ScanReach'
[2017.10.13-12.08.56:322][647]LogBlueprintUserMessages: Late EndPlayMap Detection: Level '/Game/ScanReach.ScanReach:PersistentLevel' has LevelScriptBlueprint '/Game/ScanReach.ScanReach:PersistentLevel.ScanReach' with GeneratedClass '/Game/ScanReach.ScanReach_C' with ClassGeneratedBy '/Game/ScanReach.ScanReach:PersistentLevel.ScanReach'
[2017.10.13-12.09.00:405][973]BlueprintLog: New page: Compile w_DeckOverview
[2017.10.13-12.09.00:538][973]BlueprintEditorCompileResults: Info Fast Template Successfully Created.
[2017.10.13-12.09.01:300][ 23]LogSavePackage: Save=49.78ms
[2017.10.13-12.09.01:300][ 23]LogSavePackage: Moving '../../../../../../Users/Bendick/Documents/GitHub/SR_Prototype_V3/SR_Prototype_V3/Saved/w_DeckOverviewE88A35E7461CE69559180E95DC0AA824.tmp' to '../../../../../../Users/Bendick/Documents/GitHub/SR_Prototype_V3/SR_Prototype_V3/Content/Blueprints/Widgets/w_DeckOverview.uasset'
[2017.10.13-12.09.01:301][ 23]LogSavePackage:Display: Finished SavePackage ../../../../../../Users/Bendick/Documents/GitHub/SR_Prototype_V3/SR_Prototype_V3/Content/Blueprints/Widgets/w_DeckOverview.uasset
[2017.10.13-12.09.02:056][ 84]LogTemp: Repeting last play command: New Editor Window (PIE)
[2017.10.13-12.09.02:076][ 84]LogBlueprintUserMessages: Early PlayInEditor Detection: Level '/Game/ScanReach.ScanReach:PersistentLevel' has LevelScriptBlueprint '/Game/ScanReach.ScanReach:PersistentLevel.ScanReach' with GeneratedClass '/Game/ScanReach.ScanReach_C' with ClassGeneratedBy '/Game/ScanReach.ScanReach:PersistentLevel.ScanReach'
[2017.10.13-12.09.02:076][ 84]LogPlayLevel: PlayLevel: No blueprints needed recompiling
[2017.10.13-12.09.02:076][ 84]PIE: New page: PIE session: ScanReach (13 Oct 2017 16:09:02)
[2017.10.13-12.09.02:076][ 84]LogPlayLevel: Creating play world package: /Game/UEDPIE_0_ScanReach
[2017.10.13-12.09.02:078][ 84]LogPlayLevel: PIE: StaticDuplicateObject took: (0.002284s)
[2017.10.13-12.09.02:079][ 84]LogAIModule: Creating AISystem for world ScanReach
[2017.10.13-12.09.02:079][ 84]LogPlayLevel: PIE: World Init took: (0.000685s)
[2017.10.13-12.09.02:079][ 84]LogPlayLevel: PIE: Created PIE world by copying editor world from /Game/ScanReach.ScanReach to /Game/UEDPIE_0_ScanReach.ScanReach (0.003127s)
[2017.10.13-12.09.02:094][ 84]LogInit: XAudio2 using 'Speakers (2- Logitech G933 Gaming Headset)' : 6 channels at 48 kHz using 16 bits per sample (channel mask 0x3f)
[2017.10.13-12.09.02:103][ 84]LogInit: FAudioDevice initialized.
[2017.10.13-12.09.02:157][ 84]LogLoad: Game class is 'ScanReach_GM_C'
[2017.10.13-12.09.02:159][ 84]LogWorld: Bringing World /Game/UEDPIE_0_ScanReach.ScanReach up for play (max tick rate 0) at 2017.10.13-14.09.02
[2017.10.13-12.09.02:159][ 84]LogWorld: Bringing up level for play took: 0.001171
[2017.10.13-12.09.02:165][ 84]PIE: Info Play in editor start time for /Game/UEDPIE_0_ScanReach 0.138
[2017.10.13-12.09.02:165][ 84]LogBlueprintUserMessages: Late PlayInEditor Detection: Level '/Game/ScanReach.ScanReach:PersistentLevel' has LevelScriptBlueprint '/Game/ScanReach.ScanReach:PersistentLevel.ScanReach' with GeneratedClass '/Game/ScanReach.ScanReach_C' with ClassGeneratedBy '/Game/ScanReach.ScanReach:PersistentLevel.ScanReach'
[2017.10.13-12.09.10:464][718]LogBlueprintUserMessages: Early EndPlayMap Detection: Level '/Game/ScanReach.ScanReach:PersistentLevel' has LevelScriptBlueprint '/Game/ScanReach.ScanReach:PersistentLevel.ScanReach' with GeneratedClass '/Game/ScanReach.ScanReach_C' with ClassGeneratedBy '/Game/ScanReach.ScanReach:PersistentLevel.ScanReach'
[2017.10.13-12.09.10:531][718]LogBlueprintUserMessages: Late EndPlayMap Detection: Level '/Game/ScanReach.ScanReach:PersistentLevel' has LevelScriptBlueprint '/Game/ScanReach.ScanReach:PersistentLevel.ScanReach' with GeneratedClass '/Game/ScanReach.ScanReach_C' with ClassGeneratedBy '/Game/ScanReach.ScanReach:PersistentLevel.ScanReach'
[2017.10.13-12.09.36:243][609]LogUObjectHash:Warning: Ambiguous search, could be VerticalBox /Game/Blueprints/Widgets/w_shipInfo.w_shipInfo:WidgetTree.VerticalBox_7 or VerticalBox /Engine/Transient.World_5:w_Main_C_32.WidgetTree_370.w_shipInfo.WidgetTree_371.VerticalBox_7
[2017.10.13-12.09.36:243][609]LogUObjectHash:Warning: Ambiguous search, could be VerticalBox /Game/Blueprints/Widgets/w_shipInfo.w_shipInfo:WidgetTree.VerticalBox_7 or VerticalBox /Engine/Transient.World_11:w_shipInfo_C_14.WidgetTree_376.VerticalBox_7
[2017.10.13-12.09.36:243][609]LogUObjectHash:Warning: Ambiguous search, could be VerticalBox /Game/Blueprints/Widgets/w_shipInfo.w_shipInfo:WidgetTree.VerticalBox_7 or VerticalBox /Engine/Transient.World_11:w_shipInfo_C_1.WidgetTree_121.VerticalBox_7
[2017.10.13-12.09.36:243][609]LogUObjectHash:Warning: Ambiguous search, could be VerticalBox /Game/Blueprints/Widgets/w_shipInfo.w_shipInfo:WidgetTree.VerticalBox_7 or VerticalBox /Engine/Transient.REINST_w_shipInfo_C_20:WidgetTree.VerticalBox_7
[2017.10.13-12.09.36:243][609]LogUObjectHash:Warning: Ambiguous search, could be VerticalBox /Game/Blueprints/Widgets/w_shipInfo.w_shipInfo:WidgetTree.VerticalBox_7 or VerticalBox /Game/Blueprints/Widgets/w_shipInfo.w_shipInfo_C:WidgetTree.VerticalBox_7
[2017.10.13-12.09.36:243][609]LogProperty:Warning: Illegal TEXT reference to a private object in external package (VerticalBoxSlot /Game/Blueprints/Widgets/w_shipInfo.w_shipInfo:WidgetTree.VerticalBox_7.VerticalBoxSlot_20) from referencer (SizeBox /Engine/UMG/Editor/Transient.SizeBox_19).  Import failed...
[2017.10.13-12.09.36:243][609]LogProperty:Warning: ObjectProperty /Script/UMG.Widget:Slot: unresolved reference to 'VerticalBoxSlot'VerticalBox_7.VerticalBoxSlot_20''
[2017.10.13-12.10.21:051][597]BlueprintLog: New page: Compile w_shipInfo
[2017.10.13-12.10.21:246][597]BlueprintEditorCompileResults: Info Fast Template Successfully Created.
[2017.10.13-12.10.21:728][638]LogTemp: Repeting last play command: New Editor Window (PIE)
[2017.10.13-12.10.21:748][638]LogBlueprintUserMessages: Early PlayInEditor Detection: Level '/Game/ScanReach.ScanReach:PersistentLevel' has LevelScriptBlueprint '/Game/ScanReach.ScanReach:PersistentLevel.ScanReach' with GeneratedClass '/Game/ScanReach.ScanReach_C' with ClassGeneratedBy '/Game/ScanReach.ScanReach:PersistentLevel.ScanReach'
[2017.10.13-12.10.21:748][638]LogPlayLevel: PlayLevel: No blueprints needed recompiling
[2017.10.13-12.10.21:748][638]PIE: New page: PIE session: ScanReach (13 Oct 2017 16:10:21)
[2017.10.13-12.10.21:748][638]LogPlayLevel: Creating play world package: /Game/UEDPIE_0_ScanReach
[2017.10.13-12.10.21:751][638]LogPlayLevel: PIE: StaticDuplicateObject took: (0.002237s)
[2017.10.13-12.10.21:751][638]LogAIModule: Creating AISystem for world ScanReach
[2017.10.13-12.10.21:751][638]LogPlayLevel: PIE: World Init took: (0.000451s)
[2017.10.13-12.10.21:751][638]LogPlayLevel: PIE: Created PIE world by copying editor world from /Game/ScanReach.ScanReach to /Game/UEDPIE_0_ScanReach.ScanReach (0.002806s)
[2017.10.13-12.10.21:765][638]LogInit: XAudio2 using 'Speakers (2- Logitech G933 Gaming Headset)' : 6 channels at 48 kHz using 16 bits per sample (channel mask 0x3f)
[2017.10.13-12.10.21:775][638]LogInit: FAudioDevice initialized.
[2017.10.13-12.10.21:823][638]LogLoad: Game class is 'ScanReach_GM_C'
[2017.10.13-12.10.21:825][638]LogWorld: Bringing World /Game/UEDPIE_0_ScanReach.ScanReach up for play (max tick rate 0) at 2017.10.13-14.10.21
[2017.10.13-12.10.21:825][638]LogWorld: Bringing up level for play took: 0.001189
[2017.10.13-12.10.21:832][638]PIE: Info Play in editor start time for /Game/UEDPIE_0_ScanReach -0.195
[2017.10.13-12.10.21:832][638]LogBlueprintUserMessages: Late PlayInEditor Detection: Level '/Game/ScanReach.ScanReach:PersistentLevel' has LevelScriptBlueprint '/Game/ScanReach.ScanReach:PersistentLevel.ScanReach' with GeneratedClass '/Game/ScanReach.ScanReach_C' with ClassGeneratedBy '/Game/ScanReach.ScanReach:PersistentLevel.ScanReach'
[2017.10.13-12.10.26:716][104]LogBlueprintUserMessages: Early EndPlayMap Detection: Level '/Game/ScanReach.ScanReach:PersistentLevel' has LevelScriptBlueprint '/Game/ScanReach.ScanReach:PersistentLevel.ScanReach' with GeneratedClass '/Game/ScanReach.ScanReach_C' with ClassGeneratedBy '/Game/ScanReach.ScanReach:PersistentLevel.ScanReach'
[2017.10.13-12.10.26:777][104]LogBlueprintUserMessages: Late EndPlayMap Detection: Level '/Game/ScanReach.ScanReach:PersistentLevel' has LevelScriptBlueprint '/Game/ScanReach.ScanReach:PersistentLevel.ScanReach' with GeneratedClass '/Game/ScanReach.ScanReach_C' with ClassGeneratedBy '/Game/ScanReach.ScanReach:PersistentLevel.ScanReach'
[2017.10.13-12.10.32:906][712]LogTexture:Display: Building textures: T_DeckNamePlate_Normal (BGRA8, 212X49)
[2017.10.13-12.10.37:068][164]LogEditorViewport: Clicking on Actor (LMB): bp_Ship_C (bp_Ship)
[2017.10.13-12.10.37:149][171]LogEditorViewport: Clicking on Component (LMB): ChildActorComponent (NODE_AddChildActorComponent-0_0)
[2017.10.13-12.10.37:711][234]LogEditorViewport: Clicking on Component (LMB): ChildActorComponent (NODE_AddChildActorComponent-0_0)
[2017.10.13-12.10.37:789][241]LogEditorViewport: Clicking on Actor (double click): bp_Ship_C (bp_Ship)
[2017.10.13-12.10.38:348][300]LogTemp: Repeting last play command: New Editor Window (PIE)
[2017.10.13-12.10.38:367][300]LogBlueprintUserMessages: Early PlayInEditor Detection: Level '/Game/ScanReach.ScanReach:PersistentLevel' has LevelScriptBlueprint '/Game/ScanReach.ScanReach:PersistentLevel.ScanReach' with GeneratedClass '/Game/ScanReach.ScanReach_C' with ClassGeneratedBy '/Game/ScanReach.ScanReach:PersistentLevel.ScanReach'
[2017.10.13-12.10.38:367][300]LogPlayLevel: PlayLevel: No blueprints needed recompiling
[2017.10.13-12.10.38:368][300]PIE: New page: PIE session: ScanReach (13 Oct 2017 16:10:38)
[2017.10.13-12.10.38:368][300]LogPlayLevel: Creating play world package: /Game/UEDPIE_0_ScanReach
[2017.10.13-12.10.38:370][300]LogPlayLevel: PIE: StaticDuplicateObject took: (0.002275s)
[2017.10.13-12.10.38:370][300]LogAIModule: Creating AISystem for world ScanReach
[2017.10.13-12.10.38:370][300]LogPlayLevel: PIE: World Init took: (0.000417s)
[2017.10.13-12.10.38:370][300]LogPlayLevel: PIE: Created PIE world by copying editor world from /Game/ScanReach.ScanReach to /Game/UEDPIE_0_ScanReach.ScanReach (0.002815s)
[2017.10.13-12.10.38:384][300]LogInit: XAudio2 using 'Speakers (2- Logitech G933 Gaming Headset)' : 6 channels at 48 kHz using 16 bits per sample (channel mask 0x3f)
[2017.10.13-12.10.38:394][300]LogInit: FAudioDevice initialized.
[2017.10.13-12.10.38:447][300]LogLoad: Game class is 'ScanReach_GM_C'
[2017.10.13-12.10.38:449][300]LogWorld: Bringing World /Game/UEDPIE_0_ScanReach.ScanReach up for play (max tick rate 0) at 2017.10.13-14.10.38
[2017.10.13-12.10.38:449][300]LogWorld: Bringing up level for play took: 0.001119
[2017.10.13-12.10.38:455][300]PIE: Info Play in editor start time for /Game/UEDPIE_0_ScanReach 0.428
[2017.10.13-12.10.38:455][300]LogBlueprintUserMessages: Late PlayInEditor Detection: Level '/Game/ScanReach.ScanReach:PersistentLevel' has LevelScriptBlueprint '/Game/ScanReach.ScanReach:PersistentLevel.ScanReach' with GeneratedClass '/Game/ScanReach.ScanReach_C' with ClassGeneratedBy '/Game/ScanReach.ScanReach:PersistentLevel.ScanReach'
[2017.10.13-12.11.02:807][752]LogBlueprintUserMessages: Early EndPlayMap Detection: Level '/Game/ScanReach.ScanReach:PersistentLevel' has LevelScriptBlueprint '/Game/ScanReach.ScanReach:PersistentLevel.ScanReach' with GeneratedClass '/Game/ScanReach.ScanReach_C' with ClassGeneratedBy '/Game/ScanReach.ScanReach:PersistentLevel.ScanReach'
[2017.10.13-12.11.02:871][752]LogBlueprintUserMessages: Late EndPlayMap Detection: Level '/Game/ScanReach.ScanReach:PersistentLevel' has LevelScriptBlueprint '/Game/ScanReach.ScanReach:PersistentLevel.ScanReach' with GeneratedClass '/Game/ScanReach.ScanReach_C' with ClassGeneratedBy '/Game/ScanReach.ScanReach:PersistentLevel.ScanReach'
[2017.10.13-12.11.03:221][778]LogSlate: Took 0.002343 seconds to synchronously load lazily loaded font '../../../Engine/Content/Editor/Slate/Fonts/Roboto-Italic.ttf' (157K)
[2017.10.13-12.11.30:239][348]LogSavePackage: Save=14.13ms
[2017.10.13-12.11.30:239][348]LogSavePackage: Moving '../../../../../../Users/Bendick/Documents/GitHub/SR_Prototype_V3/SR_Prototype_V3/Saved/w_Deckview2D1539DD45557CF859C6D19DB81677E7.tmp' to '../../../../../../Users/Bendick/Documents/GitHub/SR_Prototype_V3/SR_Prototype_V3/Content/Blueprints/Widgets/w_Deckview.uasset'
[2017.10.13-12.11.30:240][348]LogSavePackage:Display: Finished SavePackage ../../../../../../Users/Bendick/Documents/GitHub/SR_Prototype_V3/SR_Prototype_V3/Content/Blueprints/Widgets/w_Deckview.uasset
[2017.10.13-12.11.35:699][921]LogTemp: Repeting last play command: New Editor Window (PIE)
[2017.10.13-12.11.35:716][921]LogBlueprintUserMessages: Early PlayInEditor Detection: Level '/Game/ScanReach.ScanReach:PersistentLevel' has LevelScriptBlueprint '/Game/ScanReach.ScanReach:PersistentLevel.ScanReach' with GeneratedClass '/Game/ScanReach.ScanReach_C' with ClassGeneratedBy '/Game/ScanReach.ScanReach:PersistentLevel.ScanReach'
[2017.10.13-12.11.35:716][921]LogPlayLevel: PlayLevel: No blueprints needed recompiling
[2017.10.13-12.11.35:716][921]PIE: New page: PIE session: ScanReach (13 Oct 2017 16:11:35)
[2017.10.13-12.11.35:716][921]LogPlayLevel: Creating play world package: /Game/UEDPIE_0_ScanReach
[2017.10.13-12.11.35:719][921]LogPlayLevel: PIE: StaticDuplicateObject took: (0.002583s)
[2017.10.13-12.11.35:719][921]LogAIModule: Creating AISystem for world ScanReach
[2017.10.13-12.11.35:720][921]LogPlayLevel: PIE: World Init took: (0.000459s)
[2017.10.13-12.11.35:720][921]LogPlayLevel: PIE: Created PIE world by copying editor world from /Game/ScanReach.ScanReach to /Game/UEDPIE_0_ScanReach.ScanReach (0.003200s)
[2017.10.13-12.11.35:739][921]LogInit: XAudio2 using 'Speakers (2- Logitech G933 Gaming Headset)' : 6 channels at 48 kHz using 16 bits per sample (channel mask 0x3f)
[2017.10.13-12.11.35:748][921]LogInit: FAudioDevice initialized.
[2017.10.13-12.11.35:798][921]LogLoad: Game class is 'ScanReach_GM_C'
[2017.10.13-12.11.35:800][921]LogWorld: Bringing World /Game/UEDPIE_0_ScanReach.ScanReach up for play (max tick rate 0) at 2017.10.13-14.11.35
[2017.10.13-12.11.35:800][921]LogWorld: Bringing up level for play took: 0.001150
[2017.10.13-12.11.35:806][921]PIE: Info Play in editor start time for /Game/UEDPIE_0_ScanReach -0.222
[2017.10.13-12.11.35:806][921]LogBlueprintUserMessages: Late PlayInEditor Detection: Level '/Game/ScanReach.ScanReach:PersistentLevel' has LevelScriptBlueprint '/Game/ScanReach.ScanReach:PersistentLevel.ScanReach' with GeneratedClass '/Game/ScanReach.ScanReach_C' with ClassGeneratedBy '/Game/ScanReach.ScanReach:PersistentLevel.ScanReach'
[2017.10.13-12.11.44:855][  2]LogBlueprintUserMessages: Early EndPlayMap Detection: Level '/Game/ScanReach.ScanReach:PersistentLevel' has LevelScriptBlueprint '/Game/ScanReach.ScanReach:PersistentLevel.ScanReach' with GeneratedClass '/Game/ScanReach.ScanReach_C' with ClassGeneratedBy '/Game/ScanReach.ScanReach:PersistentLevel.ScanReach'
[2017.10.13-12.11.44:918][  2]LogBlueprintUserMessages: Late EndPlayMap Detection: Level '/Game/ScanReach.ScanReach:PersistentLevel' has LevelScriptBlueprint '/Game/ScanReach.ScanReach:PersistentLevel.ScanReach' with GeneratedClass '/Game/ScanReach.ScanReach_C' with ClassGeneratedBy '/Game/ScanReach.ScanReach:PersistentLevel.ScanReach'
[2017.10.13-12.11.45:625][ 80]Cmd: OBJ SAVEPACKAGE PACKAGE="/Game/ScanReach" FILE="../../../../../../Users/Bendick/Documents/GitHub/SR_Prototype_V3/SR_Prototype_V3/Content/ScanReach.umap" SILENT=true AUTOSAVING=false KEEPDIRTY=false
[2017.10.13-12.11.45:751][ 80]LogSavePackage: Save=101.76ms
[2017.10.13-12.11.45:751][ 80]LogSavePackage: Moving '../../../../../../Users/Bendick/Documents/GitHub/SR_Prototype_V3/SR_Prototype_V3/Saved/ScanReach2B997A0B4C61501F4145C7A03B2BB363.tmp' to '../../../../../../Users/Bendick/Documents/GitHub/SR_Prototype_V3/SR_Prototype_V3/Content/ScanReach.umap'
[2017.10.13-12.11.45:751][ 80]LogSavePackage:Display: Finished SavePackage ../../../../../../Users/Bendick/Documents/GitHub/SR_Prototype_V3/SR_Prototype_V3/Content/ScanReach.umap
[2017.10.13-12.11.45:779][ 80]Cmd: OBJ SAVEPACKAGE PACKAGE="/Game/ScanReach_BuiltData" FILE="../../../../../../Users/Bendick/Documents/GitHub/SR_Prototype_V3/SR_Prototype_V3/Content/ScanReach_BuiltData.uasset" SILENT=true
[2017.10.13-12.11.45:824][ 80]LogSavePackage: Save=34.22ms
[2017.10.13-12.11.45:824][ 80]LogSavePackage: Moving '../../../../../../Users/Bendick/Documents/GitHub/SR_Prototype_V3/SR_Prototype_V3/Saved/ScanReach_BuiltData70F37CDB4D9FA7E5685883A7952FA557.tmp' to '../../../../../../Users/Bendick/Documents/GitHub/SR_Prototype_V3/SR_Prototype_V3/Content/ScanReach_BuiltData.uasset'
[2017.10.13-12.11.45:825][ 80]LogSavePackage:Display: Finished SavePackage ../../../../../../Users/Bendick/Documents/GitHub/SR_Prototype_V3/SR_Prototype_V3/Content/ScanReach_BuiltData.uasset
[2017.10.13-12.11.48:421][286]LogSavePackage: Save=20.91ms
[2017.10.13-12.11.48:421][286]LogSavePackage: Moving '../../../../../../Users/Bendick/Documents/GitHub/SR_Prototype_V3/SR_Prototype_V3/Saved/w_shipInfo8B3553F94A020ED5E5E512A32232CE42.tmp' to '../../../../../../Users/Bendick/Documents/GitHub/SR_Prototype_V3/SR_Prototype_V3/Content/Blueprints/Widgets/w_shipInfo.uasset'
[2017.10.13-12.11.48:422][286]LogSavePackage:Display: Finished SavePackage ../../../../../../Users/Bendick/Documents/GitHub/SR_Prototype_V3/SR_Prototype_V3/Content/Blueprints/Widgets/w_shipInfo.uasset
[2017.10.13-12.11.48:485][286]LogWindowsTextInputMethodSystem:Display: IME system now deactivated.
[2017.10.13-12.11.48:485][286]LogWindowsTextInputMethodSystem:Display: IME system now deactivated.
[2017.10.13-12.11.48:638][287]Cmd: QUIT_EDITOR
[2017.10.13-12.11.49:405][287]LogExit: Preparing to exit.
[2017.10.13-12.11.49:780][287]LogDirectoryWatcher: A directory notification for 'C:/Users/Bendick/Documents/GitHub/SR_Prototype_V3/SR_Prototype_V3/Content/' was aborted.
[2017.10.13-12.11.49:802][287]LogExit: Editor shut down
[2017.10.13-12.11.49:805][287]LogExit: Transaction tracking system shut down
[2017.10.13-12.11.49:866][287]LogObj: Freed 0b from 0 cluster array pools.
[2017.10.13-12.11.49:866][287]LogExit: Object subsystem successfully closed.
[2017.10.13-12.11.49:882][287]LogD3D11RHI: Shutdown
[2017.10.13-12.11.49:882][287]LogD3D11RHI: CleanupD3DDevice
[2017.10.13-12.11.49:935][287]LogD3D11RHI: ~FD3D11DynamicRHI
[2017.10.13-12.11.49:944][287]LogModuleManager: Shutting down and abandoning module TextureEditor (534)
[2017.10.13-12.11.49:944][287]LogModuleManager: Shutting down and abandoning module SequencerWidgets (532)
[2017.10.13-12.11.49:944][287]LogModuleManager: Shutting down and abandoning module BlueprintGraph (530)
[2017.10.13-12.11.49:944][287]LogModuleManager: Shutting down and abandoning module BlueprintProfiler (528)
[2017.10.13-12.11.49:944][287]LogModuleManager: Shutting down and abandoning module MovieSceneCapture (526)
[2017.10.13-12.11.49:944][287]LogModuleManager: Shutting down and abandoning module HierarchicalLODOutliner (524)
[2017.10.13-12.11.49:944][287]LogModuleManager: Shutting down and abandoning module CrashTracker (522)
[2017.10.13-12.11.49:944][287]LogModuleManager: Shutting down and abandoning module SceneOutliner (520)
[2017.10.13-12.11.49:944][287]LogModuleManager: Shutting down and abandoning module AddContentDialog (518)
[2017.10.13-12.11.49:945][287]LogDirectoryWatcher: A directory notification for 'C:/Program Files/Epic Games/UE_4.16/FeaturePacks/' was aborted.
[2017.10.13-12.11.49:946][287]LogModuleManager: Shutting down and abandoning module WidgetCarousel (517)
[2017.10.13-12.11.49:946][287]LogModuleManager: Shutting down and abandoning module EditorWidgets (514)
[2017.10.13-12.11.49:946][287]LogModuleManager: Shutting down and abandoning module CollectionManager (512)
[2017.10.13-12.11.49:946][287]LogDirectoryWatcher: A directory notification for 'C:/Users/Bendick/Documents/GitHub/SR_Prototype_V3/SR_Prototype_V3/Content/Collections/' was aborted.
[2017.10.13-12.11.49:946][287]LogDirectoryWatcher: A directory notification for 'C:/Users/Bendick/Documents/GitHub/SR_Prototype_V3/SR_Prototype_V3/Content/Developers/Bendick/Collections/' was aborted.
[2017.10.13-12.11.49:946][287]LogDirectoryWatcher: A directory notification for 'C:/Users/Bendick/Documents/GitHub/SR_Prototype_V3/SR_Prototype_V3/Saved/Collections/' was aborted.
[2017.10.13-12.11.49:946][287]LogModuleManager: Shutting down and abandoning module StatsViewer (510)
[2017.10.13-12.11.49:946][287]LogModuleManager: Shutting down and abandoning module FoliageEdit (508)
[2017.10.13-12.11.49:946][287]LogModuleManager: Shutting down and abandoning module LandscapeEditor (506)
[2017.10.13-12.11.49:946][287]LogModuleManager: Shutting down and abandoning module MeshPaintMode (504)
[2017.10.13-12.11.49:946][287]LogModuleManager: Shutting down and abandoning module SceneDepthPickerMode (502)
[2017.10.13-12.11.49:946][287]LogModuleManager: Shutting down and abandoning module ActorPickerMode (500)
[2017.10.13-12.11.49:946][287]LogModuleManager: Shutting down and abandoning module GeometryMode (498)
[2017.10.13-12.11.49:946][287]LogModuleManager: Shutting down and abandoning module TextureAlignMode (496)
[2017.10.13-12.11.49:946][287]LogModuleManager: Shutting down and abandoning module BspMode (494)
[2017.10.13-12.11.49:946][287]LogModuleManager: Shutting down and abandoning module HardwareSurvey (492)
[2017.10.13-12.11.49:946][287]LogModuleManager: Shutting down and abandoning module SequenceRecorderSections (490)
[2017.10.13-12.11.49:946][287]LogModuleManager: Shutting down and abandoning module AutomationWorker (488)
[2017.10.13-12.11.49:946][287]LogModuleManager: Shutting down and abandoning module MatineeToLevelSequence (486)
[2017.10.13-12.11.49:946][287]LogModuleManager: Shutting down and abandoning module LevelSequenceEditor (484)
[2017.10.13-12.11.49:946][287]LogModuleManager: Shutting down and abandoning module PlacementMode (483)
[2017.10.13-12.11.49:946][287]LogModuleManager: Shutting down and abandoning module WmfMediaFactory (480)
[2017.10.13-12.11.49:946][287]LogModuleManager: Shutting down and abandoning module WmfMediaEditor (478)
[2017.10.13-12.11.49:946][287]LogModuleManager: Shutting down and abandoning module AvfMediaFactory (476)
[2017.10.13-12.11.49:946][287]LogModuleManager: Shutting down and abandoning module AvfMediaEditor (474)
[2017.10.13-12.11.49:946][287]LogModuleManager: Shutting down and abandoning module AndroidMediaFactory (472)
[2017.10.13-12.11.49:946][287]LogModuleManager: Shutting down and abandoning module Media (471)
[2017.10.13-12.11.49:946][287]LogModuleManager: Shutting down and abandoning module AndroidMediaEditor (468)
[2017.10.13-12.11.49:946][287]LogModuleManager: Shutting down and abandoning module CharacterAI (466)
[2017.10.13-12.11.49:946][287]LogModuleManager: Shutting down and abandoning module AudioCapture (464)
[2017.10.13-12.11.49:946][287]LogModuleManager: Shutting down and abandoning module SequenceRecorder (463)
[2017.10.13-12.11.49:946][287]LogModuleManager: Shutting down and abandoning module SmartSnapping (460)
[2017.10.13-12.11.49:946][287]LogModuleManager: Shutting down and abandoning module SessionServices (458)
[2017.10.13-12.11.49:946][287]LogModuleManager: Shutting down and abandoning module ViewportSnapping (456)
[2017.10.13-12.11.49:946][287]LogModuleManager: Shutting down and abandoning module ViewportInteraction (454)
[2017.10.13-12.11.49:946][287]LogModuleManager: Shutting down and abandoning module ClothPainter (452)
[2017.10.13-12.11.49:946][287]LogModuleManager: Shutting down and abandoning module LogVisualizer (450)
[2017.10.13-12.11.49:946][287]LogModuleManager: Shutting down and abandoning module IntroTutorials (448)
[2017.10.13-12.11.49:946][287]LogModuleManager: Shutting down and abandoning module GameProjectGeneration (447)
[2017.10.13-12.11.49:946][287]LogModuleManager: Shutting down and abandoning module EditorLiveStreaming (444)
[2017.10.13-12.11.49:946][287]LogModuleManager: Shutting down and abandoning module IOSPlatformEditor (442)
[2017.10.13-12.11.49:946][287]LogModuleManager: Shutting down and abandoning module HTML5PlatformEditor (440)
[2017.10.13-12.11.49:946][287]LogModuleManager: Shutting down and abandoning module AndroidPlatformEditor (438)
[2017.10.13-12.11.49:946][287]LogModuleManager: Shutting down and abandoning module AndroidDeviceDetection (437)
[2017.10.13-12.11.50:584][287]LogModuleManager: Shutting down and abandoning module IOSRuntimeSettings (434)
[2017.10.13-12.11.50:584][287]LogModuleManager: Shutting down and abandoning module AndroidRuntimeSettings (432)
[2017.10.13-12.11.50:584][287]LogModuleManager: Shutting down and abandoning module InputBindingEditor (430)
[2017.10.13-12.11.50:584][287]LogModuleManager: Shutting down and abandoning module MergeActors (428)
[2017.10.13-12.11.50:584][287]LogModuleManager: Shutting down and abandoning module SizeMap (426)
[2017.10.13-12.11.50:584][287]LogModuleManager: Shutting down and abandoning module TreeMap (424)
[2017.10.13-12.11.50:584][287]LogModuleManager: Shutting down and abandoning module ReferenceViewer (422)
[2017.10.13-12.11.50:584][287]LogModuleManager: Shutting down and abandoning module LocalizationDashboard (420)
[2017.10.13-12.11.50:584][287]LogModuleManager: Shutting down and abandoning module LocalizationService (419)
[2017.10.13-12.11.50:584][287]LogModuleManager: Shutting down and abandoning module HardwareTargeting (416)
[2017.10.13-12.11.50:584][287]LogModuleManager: Shutting down and abandoning module DeviceProfileEditor (414)
[2017.10.13-12.11.50:584][287]LogModuleManager: Shutting down and abandoning module UndoHistory (412)
[2017.10.13-12.11.50:584][287]LogModuleManager: Shutting down and abandoning module UserFeedback (410)
[2017.10.13-12.11.50:584][287]LogModuleManager: Shutting down and abandoning module XmlParser (408)
[2017.10.13-12.11.50:584][287]LogModuleManager: Shutting down and abandoning module Blutility (406)
[2017.10.13-12.11.50:584][287]LogModuleManager: Shutting down and abandoning module ProjectSettingsViewer (404)
[2017.10.13-12.11.50:584][287]LogModuleManager: Shutting down and abandoning module ProjectTargetPlatformEditor (403)
[2017.10.13-12.11.50:584][287]LogModuleManager: Shutting down and abandoning module EditorSettingsViewer (400)
[2017.10.13-12.11.50:584][287]LogModuleManager: Shutting down and abandoning module SettingsEditor (398)
[2017.10.13-12.11.50:584][287]LogModuleManager: Shutting down and abandoning module ProjectLauncher (396)
[2017.10.13-12.11.50:584][287]LogModuleManager: Shutting down and abandoning module SessionFrontend (394)
[2017.10.13-12.11.50:584][287]LogModuleManager: Shutting down and abandoning module ProfilerClient (392)
[2017.10.13-12.11.50:584][287]LogModuleManager: Shutting down and abandoning module DeviceManager (390)
[2017.10.13-12.11.50:584][287]LogModuleManager: Shutting down and abandoning module TargetDeviceServices (389)
[2017.10.13-12.11.50:636][287]LogModuleManager: Shutting down and abandoning module AutomationController (386)
[2017.10.13-12.11.50:636][287]LogModuleManager: Shutting down and abandoning module AutomationWindow (384)
[2017.10.13-12.11.50:636][287]LogModuleManager: Shutting down and abandoning module Layers (382)
[2017.10.13-12.11.50:636][287]LogModuleManager: Shutting down and abandoning module ComponentVisualizers (380)
[2017.10.13-12.11.50:636][287]LogModuleManager: Shutting down and abandoning module DetailCustomizations (378)
[2017.10.13-12.11.50:636][287]LogModuleManager: Shutting down and abandoning module PackagesDialog (376)
[2017.10.13-12.11.50:636][287]LogModuleManager: Shutting down and abandoning module Persona (374)
[2017.10.13-12.11.50:636][287]LogModuleManager: Shutting down and abandoning module AdvancedPreviewScene (373)
[2017.10.13-12.11.50:636][287]LogModuleManager: Shutting down and abandoning module AnimGraph (371)
[2017.10.13-12.11.50:636][287]LogModuleManager: Shutting down and abandoning module Kismet (368)
[2017.10.13-12.11.50:640][287]LogModuleManager: Shutting down and abandoning module ClassViewer (366)
[2017.10.13-12.11.50:640][287]LogModuleManager: Shutting down and abandoning module Toolbox (364)
[2017.10.13-12.11.50:640][287]LogModuleManager: Shutting down and abandoning module ModuleUI (362)
[2017.10.13-12.11.50:640][287]LogModuleManager: Shutting down and abandoning module MovieSceneTools (360)
[2017.10.13-12.11.50:640][287]LogModuleManager: Shutting down and abandoning module OutputLog (358)
[2017.10.13-12.11.50:640][287]LogModuleManager: Shutting down and abandoning module GammaUI (356)
[2017.10.13-12.11.50:640][287]LogModuleManager: Shutting down and abandoning module Documentation (354)
[2017.10.13-12.11.50:640][287]LogModuleManager: Shutting down and abandoning module MovieSceneTracks (352)
[2017.10.13-12.11.50:640][287]LogModuleManager: Shutting down and abandoning module MovieScene (350)
[2017.10.13-12.11.50:640][287]LogModuleManager: Shutting down and abandoning module Niagara (348)
[2017.10.13-12.11.50:640][287]LogModuleManager: Shutting down and abandoning module NiagaraEditor (347)
[2017.10.13-12.11.50:640][287]LogModuleManager: Shutting down and abandoning module StreamingPauseRendering (344)
[2017.10.13-12.11.50:640][287]LogModuleManager: Shutting down and abandoning module AnalyticsET (342)
[2017.10.13-12.11.50:640][287]LogModuleManager: Shutting down and abandoning module PortalServices (340)
[2017.10.13-12.11.50:640][287]LogModuleManager: Shutting down and abandoning module PortalRpc (338)
[2017.10.13-12.11.50:640][287]LogModuleManager: Shutting down and abandoning module MessagingRpc (336)
[2017.10.13-12.11.50:640][287]LogModuleManager: Shutting down and abandoning module AIModule (334)
[2017.10.13-12.11.50:640][287]LogModuleManager: Shutting down and abandoning module GameplayDebugger (333)
[2017.10.13-12.11.50:640][287]LogModuleManager: Shutting down and abandoning module AITestSuite (331)
[2017.10.13-12.11.50:640][287]LogModuleManager: Shutting down and abandoning module ProfilerService (328)
[2017.10.13-12.11.50:833][287]LogModuleManager: Shutting down and abandoning module TaskGraph (326)
[2017.10.13-12.11.50:833][287]LogModuleManager: Shutting down and abandoning module SteamVRController (324)
[2017.10.13-12.11.50:833][287]LogModuleManager: Shutting down and abandoning module SteamVR (322)
[2017.10.13-12.11.50:833][287]LogModuleManager: Shutting down and abandoning module ProceduralMeshComponentEditor (320)
[2017.10.13-12.11.50:833][287]LogModuleManager: Shutting down and abandoning module ProceduralMeshComponent (318)
[2017.10.13-12.11.50:833][287]LogModuleManager: Shutting down and abandoning module OculusLibrary (316)
[2017.10.13-12.11.50:833][287]LogModuleManager: Shutting down and abandoning module OculusInput (314)
[2017.10.13-12.11.50:833][287]LogModuleManager: Shutting down and abandoning module MobilePatchingUtils (312)
[2017.10.13-12.11.50:833][287]LogModuleManager: Shutting down and abandoning module CustomMeshComponent (310)
[2017.10.13-12.11.50:833][287]LogModuleManager: Shutting down and abandoning module CableComponent (308)
[2017.10.13-12.11.50:833][287]LogModuleManager: Shutting down and abandoning module ArchVisCharacter (306)
[2017.10.13-12.11.50:833][287]LogModuleManager: Shutting down and abandoning module AndroidPermission (304)
[2017.10.13-12.11.50:833][287]LogModuleManager: Shutting down and abandoning module MediaPlayerEditor (300)
[2017.10.13-12.11.50:833][287]LogModuleManager: Shutting down and abandoning module HTML5Networking (298)
[2017.10.13-12.11.50:833][287]LogModuleManager: Shutting down and abandoning module AlembicImporter (296)
[2017.10.13-12.11.50:833][287]LogModuleManager: Shutting down and abandoning module AlembicLibrary (295)
[2017.10.13-12.11.50:833][287]LogModuleManager: Shutting down and abandoning module GeometryCache (294)
[2017.10.13-12.11.50:833][287]LogModuleManager: Shutting down and abandoning module GeometryCacheEd (293)
[2017.10.13-12.11.50:833][287]LogModuleManager: Shutting down and abandoning module SuperSearchEditor (288)
[2017.10.13-12.11.50:833][287]LogModuleManager: Shutting down and abandoning module SuperSearch (287)
[2017.10.13-12.11.50:833][287]LogModuleManager: Shutting down and abandoning module SpeedTreeImporter (284)
[2017.10.13-12.11.50:833][287]LogModuleManager: Shutting down and abandoning module PluginBrowser (282)
[2017.10.13-12.11.50:833][287]LogModuleManager: Shutting down and abandoning module MobileLauncherProfileWizard (280)
[2017.10.13-12.11.50:833][287]LogModuleManager: Shutting down and abandoning module VisualStudioSourceCodeAccess (278)
[2017.10.13-12.11.50:833][287]LogModuleManager: Shutting down and abandoning module DesktopPlatform (277)
[2017.10.13-12.11.50:833][287]LogModuleManager: Shutting down and abandoning module UObjectPlugin (274)
[2017.10.13-12.11.50:833][287]LogModuleManager: Shutting down and abandoning module SubversionSourceControl (272)
[2017.10.13-12.11.50:833][287]LogModuleManager: Shutting down and abandoning module PerforceSourceControl (270)
[2017.10.13-12.11.50:833][287]LogModuleManager: Shutting down and abandoning module GitSourceControl (268)
[2017.10.13-12.11.50:833][287]LogModuleManager: Shutting down and abandoning module SourceControl (267)
[2017.10.13-12.11.50:833][287]LogModuleManager: Shutting down and abandoning module LightPropagationVolumeEditor (264)
[2017.10.13-12.11.50:833][287]LogModuleManager: Shutting down and abandoning module PaperTiledImporter (262)
[2017.10.13-12.11.50:833][287]LogModuleManager: Shutting down and abandoning module PaperSpriteSheetImporter (260)
[2017.10.13-12.11.50:833][287]LogModuleManager: Shutting down and abandoning module Paper2DEditor (258)
[2017.10.13-12.11.50:833][287]LogModuleManager: Shutting down and abandoning module MeshPaint (257)
[2017.10.13-12.11.50:833][287]LogModuleManager: Shutting down and abandoning module LevelEditor (255)
[2017.10.13-12.11.50:834][287]LogModuleManager: Shutting down and abandoning module PixelInspectorModule (254)
[2017.10.13-12.11.50:834][287]LogModuleManager: Shutting down and abandoning module MainFrame (252)
[2017.10.13-12.11.50:834][287]LogModuleManager: Shutting down and abandoning module HotReload (251)
[2017.10.13-12.11.50:834][287]LogModuleManager: Shutting down and abandoning module PhysXVehiclesEditor (246)
[2017.10.13-12.11.50:834][287]LogModuleManager: Shutting down and abandoning module PhysXVehicles (244)
[2017.10.13-12.11.50:834][287]LogModuleManager: Shutting down and abandoning module LocationServicesBPLibrary (242)
[2017.10.13-12.11.50:834][287]LogModuleManager: Shutting down and abandoning module ImmediatePhysicsEditor (240)
[2017.10.13-12.11.50:834][287]LogModuleManager: Shutting down and abandoning module ImmediatePhysics (238)
[2017.10.13-12.11.50:834][287]LogModuleManager: Shutting down and abandoning module UdpMessaging (236)
[2017.10.13-12.11.50:935][287]LogModuleManager: Shutting down and abandoning module TcpMessaging (234)
[2017.10.13-12.11.51:035][287]LogModuleManager: Shutting down and abandoning module GameplayTagsEditor (232)
[2017.10.13-12.11.51:035][287]LogModuleManager: Shutting down and abandoning module FacialAnimationEditor (230)
[2017.10.13-12.11.51:035][287]LogModuleManager: Shutting down and abandoning module FacialAnimation (228)
[2017.10.13-12.11.51:035][287]LogModuleManager: Shutting down and abandoning module AssetManagerEditor (226)
[2017.10.13-12.11.51:035][287]LogModuleManager: Shutting down and abandoning module GraphEditor (225)
[2017.10.13-12.11.51:035][287]LogModuleManager: Shutting down and abandoning module ContentBrowser (223)
[2017.10.13-12.11.51:035][287]LogModuleManager: Shutting down and abandoning module LightPropagationVolumeRuntime (220)
[2017.10.13-12.11.51:035][287]LogModuleManager: Shutting down and abandoning module Paper2D (218)
[2017.10.13-12.11.51:035][287]LogModuleManager: Shutting down and abandoning module WindowsMoviePlayer (216)
[2017.10.13-12.11.51:035][287]LogModuleManager: Shutting down and abandoning module WmfMedia (214)
[2017.10.13-12.11.51:035][287]LogModuleManager: Shutting down and abandoning module ClothingSystemEditor (212)
[2017.10.13-12.11.51:035][287]LogModuleManager: Shutting down and abandoning module ClothingSystemRuntime (210)
[2017.10.13-12.11.51:035][287]LogModuleManager: Shutting down and abandoning module MediaAssets (208)
[2017.10.13-12.11.51:035][287]LogModuleManager: Shutting down and abandoning module GameLiveStreaming (206)
[2017.10.13-12.11.51:035][287]LogModuleManager: Shutting down and abandoning module VREditor (204)
[2017.10.13-12.11.51:035][287]LogModuleManager: Shutting down and abandoning module StringTableEditor (202)
[2017.10.13-12.11.51:035][287]LogModuleManager: Shutting down and abandoning module GameplayTasksEditor (200)
[2017.10.13-12.11.51:035][287]LogModuleManager: Shutting down and abandoning module BehaviorTreeEditor (198)
[2017.10.13-12.11.51:035][287]LogModuleManager: Shutting down and abandoning module FunctionalTesting (196)
[2017.10.13-12.11.51:035][287]LogModuleManager: Shutting down and abandoning module CollisionAnalyzer (194)
[2017.10.13-12.11.51:035][287]LogModuleManager: Shutting down and abandoning module UMG (192)
[2017.10.13-12.11.51:035][287]LogModuleManager: Shutting down and abandoning module UMGEditor (191)
[2017.10.13-12.11.51:035][287]LogModuleManager: Shutting down and abandoning module Sequencer (190)
[2017.10.13-12.11.51:035][287]LogModuleManager: Shutting down and abandoning module AssetTools (188)
[2017.10.13-12.11.51:035][287]LogModuleManager: Shutting down and abandoning module MessageLog (187)
[2017.10.13-12.11.51:036][287]LogModuleManager: Shutting down and abandoning module WorkspaceMenuStructure (186)
[2017.10.13-12.11.51:036][287]LogModuleManager: Shutting down and abandoning module SlateReflector (180)
[2017.10.13-12.11.51:036][287]LogModuleManager: Shutting down and abandoning module Slate (178)
[2017.10.13-12.11.51:036][287]LogModuleManager: Shutting down and abandoning module EditorStyle (176)
[2017.10.13-12.11.51:037][287]LogModuleManager: Shutting down and abandoning module SourceCodeAccess (174)
[2017.10.13-12.11.51:037][287]LogModuleManager: Shutting down and abandoning module HeadMountedDisplay (172)
[2017.10.13-12.11.51:037][287]LogModuleManager: Shutting down and abandoning module XAudio2 (170)
[2017.10.13-12.11.51:037][287]LogModuleManager: Shutting down and abandoning module Networking (168)
[2017.10.13-12.11.51:037][287]LogModuleManager: Shutting down and abandoning module Core (164)
[2017.10.13-12.11.51:037][287]LogModuleManager: Shutting down and abandoning module AssetRegistry (162)
[2017.10.13-12.11.51:127][287]LogDirectoryWatcher: A directory notification for '../../../Engine/Content/' was aborted.
[2017.10.13-12.11.51:127][287]LogDirectoryWatcher: A directory notification for '../../../../../../Users/Bendick/Documents/GitHub/SR_Prototype_V3/SR_Prototype_V3/Content/' was aborted.
[2017.10.13-12.11.51:127][287]LogDirectoryWatcher: A directory notification for '../../../Engine/Plugins/2D/Paper2D/Content/' was aborted.
[2017.10.13-12.11.51:127][287]LogDirectoryWatcher: A directory notification for '../../../Engine/Plugins/Runtime/GearVR/Content/' was aborted.
[2017.10.13-12.11.51:128][287]LogModuleManager: Shutting down and abandoning module DirectoryWatcher (161)
[2017.10.13-12.11.51:129][287]LogModuleManager: Shutting down and abandoning module KismetCompiler (158)
[2017.10.13-12.11.51:129][287]LogModuleManager: Shutting down and abandoning module LevelSequence (156)
[2017.10.13-12.11.51:129][287]LogModuleManager: Shutting down and abandoning module PhysXFormats (154)
[2017.10.13-12.11.51:129][287]LogModuleManager: Shutting down and abandoning module MeshUtilities (152)
[2017.10.13-12.11.51:129][287]LogModuleManager: Shutting down and abandoning module SimplygonSwarm (151)
[2017.10.13-12.11.51:129][287]LogModuleManager: Shutting down and abandoning module SimplygonMeshReduction (149)
[2017.10.13-12.11.51:129][287]LogModuleManager: Shutting down and abandoning module QuadricMeshReduction (147)
[2017.10.13-12.11.51:129][287]LogModuleManager: Shutting down and abandoning module DerivedDataCache (144)
[2017.10.13-12.11.51:171][287]LogDerivedDataCache: Shutdown
[2017.10.13-12.11.51:171][287]LogModuleManager: Shutting down and abandoning module TargetPlatform (142)
[2017.10.13-12.11.51:171][287]LogModuleManager: Shutting down and abandoning module VulkanShaderFormat (141)
[2017.10.13-12.11.51:171][287]LogModuleManager: Shutting down and abandoning module ShaderFormatVectorVM (139)
[2017.10.13-12.11.51:171][287]LogModuleManager: Shutting down and abandoning module ShaderFormatOpenGL (137)
[2017.10.13-12.11.51:171][287]LogModuleManager: Shutting down and abandoning module ShaderFormatD3D (135)
[2017.10.13-12.11.51:171][287]LogModuleManager: Shutting down and abandoning module MetalShaderFormat (133)
[2017.10.13-12.11.51:171][287]LogModuleManager: Shutting down and abandoning module TextureFormatUncompressed (131)
[2017.10.13-12.11.51:171][287]LogModuleManager: Shutting down and abandoning module TextureFormatPVR (129)
[2017.10.13-12.11.51:171][287]LogModuleManager: Shutting down and abandoning module TextureFormatDXT (127)
[2017.10.13-12.11.51:171][287]LogModuleManager: Shutting down and abandoning module TextureFormatIntelISPCTexComp (125)
[2017.10.13-12.11.51:171][287]LogModuleManager: Shutting down and abandoning module TextureFormatASTC (123)
[2017.10.13-12.11.51:171][287]LogModuleManager: Shutting down and abandoning module ImageWrapper (122)
[2017.10.13-12.11.51:172][287]LogModuleManager: Shutting down and abandoning module TextureFormatAndroid (119)
[2017.10.13-12.11.51:172][287]LogModuleManager: Shutting down and abandoning module AudioFormatOpus (117)
[2017.10.13-12.11.51:172][287]LogModuleManager: Shutting down and abandoning module AudioFormatOgg (115)
[2017.10.13-12.11.51:172][287]LogModuleManager: Shutting down and abandoning module AudioFormatADPCM (113)
[2017.10.13-12.11.51:172][287]LogModuleManager: Shutting down and abandoning module LinuxTargetPlatform (111)
[2017.10.13-12.11.51:172][287]LogModuleManager: Shutting down and abandoning module LinuxServerTargetPlatform (109)
[2017.10.13-12.11.51:172][287]LogModuleManager: Shutting down and abandoning module LinuxNoEditorTargetPlatform (107)
[2017.10.13-12.11.51:172][287]LogModuleManager: Shutting down and abandoning module LinuxClientTargetPlatform (105)
[2017.10.13-12.11.51:172][287]LogModuleManager: Shutting down and abandoning module TVOSTargetPlatform (103)
[2017.10.13-12.11.51:172][287]LogModuleManager: Shutting down and abandoning module Messaging (101)
[2017.10.13-12.11.51:172][287]LogModuleManager: Shutting down and abandoning module IOSTargetPlatform (99)
[2017.10.13-12.11.51:172][287]LogModuleManager: Shutting down and abandoning module HTML5TargetPlatform (97)
[2017.10.13-12.11.51:172][287]LogModuleManager: Shutting down and abandoning module Android_PVRTCTargetPlatform (95)
[2017.10.13-12.11.51:172][287]LogModuleManager: Shutting down and abandoning module Android_MultiTargetPlatform (93)
[2017.10.13-12.11.51:172][287]LogModuleManager: Shutting down and abandoning module Android_ETC2TargetPlatform (91)
[2017.10.13-12.11.51:172][287]LogModuleManager: Shutting down and abandoning module Android_ETC1TargetPlatform (89)
[2017.10.13-12.11.51:172][287]LogModuleManager: Shutting down and abandoning module Android_DXTTargetPlatform (87)
[2017.10.13-12.11.51:172][287]LogModuleManager: Shutting down and abandoning module Android_ATCTargetPlatform (85)
[2017.10.13-12.11.51:172][287]LogModuleManager: Shutting down and abandoning module Android_ASTCTargetPlatform (83)
[2017.10.13-12.11.51:172][287]LogModuleManager: Shutting down and abandoning module AndroidTargetPlatform (81)
[2017.10.13-12.11.51:172][287]LogModuleManager: Shutting down and abandoning module WindowsTargetPlatform (79)
[2017.10.13-12.11.51:172][287]LogModuleManager: Shutting down and abandoning module WindowsServerTargetPlatform (77)
[2017.10.13-12.11.51:172][287]LogModuleManager: Shutting down and abandoning module WindowsNoEditorTargetPlatform (75)
[2017.10.13-12.11.51:172][287]LogModuleManager: Shutting down and abandoning module WindowsClientTargetPlatform (73)
[2017.10.13-12.11.51:172][287]LogModuleManager: Shutting down and abandoning module MacTargetPlatform (71)
[2017.10.13-12.11.51:172][287]LogModuleManager: Shutting down and abandoning module MacServerTargetPlatform (69)
[2017.10.13-12.11.51:172][287]LogModuleManager: Shutting down and abandoning module MacNoEditorTargetPlatform (67)
[2017.10.13-12.11.51:172][287]LogModuleManager: Shutting down and abandoning module MacClientTargetPlatform (65)
[2017.10.13-12.11.51:172][287]LogModuleManager: Shutting down and abandoning module AllDesktopTargetPlatform (63)
[2017.10.13-12.11.51:172][287]LogModuleManager: Shutting down and abandoning module InputCore (60)
[2017.10.13-12.11.51:172][287]LogModuleManager: Shutting down and abandoning module Settings (58)
[2017.10.13-12.11.51:172][287]LogModuleManager: Shutting down and abandoning module OculusRift (56)
[2017.10.13-12.11.51:172][287]LogModuleManager: Shutting down and abandoning module GearVRController (54)
[2017.10.13-12.11.51:172][287]LogModuleManager: Shutting down and abandoning module GearVR (52)
[2017.10.13-12.11.51:172][287]LogModuleManager: Shutting down and abandoning module ExampleDeviceProfileSelector (50)
[2017.10.13-12.11.51:172][287]LogModuleManager: Shutting down and abandoning module OnlineBlueprintSupport (48)
[2017.10.13-12.11.51:172][287]LogModuleManager: Shutting down and abandoning module OnlineSubsystem (44)
[2017.10.13-12.11.51:172][287]LogOnline:Display: Unloading online subsystem: NULL
[2017.10.13-12.11.51:172][287]LogModuleManager: Shutting down and abandoning module XMPP (43)
[2017.10.13-12.11.51:172][287]LogModuleManager: Shutting down and abandoning module HTTP (41)
[2017.10.13-12.11.51:172][287]LogHttp:Display: Http module shutting down, but needs to wait on 1 outstanding Http requests:
[2017.10.13-12.11.51:172][287]LogHttp:Display: 	verb=[POST] url=[https://datarouter.ol.epicgames.com/datarouter/api/v1/public/data?SessionID=%7B73F08B33-4077-AFC1-0547-99874378EB65%7D&AppID=UEEditor.Rocket.Release&AppVersion=4.16.3-3561208%2B%2B%2BUE4%2BRelease-4.16&UserID=0c75b627499df609a8813c9ced46962c%7Cfebaf0232e0e4e628b45a2bec753bbbc%7C408adb04-e8c0-4c29-a1fb-4d7ed05dedd7&AppEnvironment=datacollector-binary&UploadType=eteventstream] status=Processing
[2017.10.13-12.11.51:203][287]LogModuleManager: Shutting down and abandoning module SSL (40)
[2017.10.13-12.11.51:204][287]LogModuleManager: Shutting down and abandoning module HTTPChunkInstaller (36)
[2017.10.13-12.11.51:204][287]LogModuleManager: Shutting down and abandoning module AnimationModifiers (34)
[2017.10.13-12.11.51:204][287]LogModuleManager: Shutting down and abandoning module PropertyEditor (33)
[2017.10.13-12.11.51:204][287]LogModuleManager: Shutting down and abandoning module AudioEditor (30)
[2017.10.13-12.11.51:204][287]LogModuleManager: Shutting down and abandoning module TextureCompressor (28)
[2017.10.13-12.11.51:204][287]LogModuleManager: Shutting down and abandoning module ShaderCore (26)
[2017.10.13-12.11.51:204][287]LogModuleManager: Shutting down and abandoning module Landscape (24)
[2017.10.13-12.11.51:204][287]LogModuleManager: Shutting down and abandoning module SlateRHIRenderer (22)
[2017.10.13-12.11.51:205][287]LogModuleManager: Shutting down and abandoning module OpenGLDrv (20)
[2017.10.13-12.11.51:205][287]LogModuleManager: Shutting down and abandoning module D3D11RHI (18)
[2017.10.13-12.11.51:205][287]LogModuleManager: Shutting down and abandoning module AnimGraphRuntime (16)
[2017.10.13-12.11.51:205][287]LogModuleManager: Shutting down and abandoning module Renderer (14)
[2017.10.13-12.11.51:205][287]LogModuleManager: Shutting down and abandoning module Engine (12)
[2017.10.13-12.11.51:205][287]LogModuleManager: Shutting down and abandoning module CoreUObject (10)
[2017.10.13-12.11.51:205][287]LogModuleManager: Shutting down and abandoning module NetworkFile (8)
[2017.10.13-12.11.51:205][287]LogModuleManager: Shutting down and abandoning module StreamingFile (6)
[2017.10.13-12.11.51:205][287]LogModuleManager: Shutting down and abandoning module SandboxFile (4)
[2017.10.13-12.11.51:205][287]LogModuleManager: Shutting down and abandoning module PakFile (2)
[2017.10.13-12.11.51:206][287]LogExit: Exiting.
[2017.10.13-12.11.51:217][287]Log file closed, 10/13/17 14:11:51
