Log file open, 09/28/17 11:14:10
LogInit:Display: Running engine for game: SR_Prototype_V3
LogPlatformFile: Not using cached read wrapper
LogInit:Display: RandInit(-1558764810) SRandInit(-1558764810).
LogTaskGraph: Started task graph with 5 named threads and 8 total threads with 1 sets of task threads.
LogStats: Stats thread started at 0.074599
LogInit: Using libcurl 7.47.1
LogInit:  - built for x86_64-pc-win32
LogInit:  - supports SSL with OpenSSL/1.0.2g
LogInit:  - supports HTTP deflate (compression) using libz 1.2.8
LogInit:  - other features:
LogInit:      CURL_VERSION_SSL
LogInit:      CURL_VERSION_LIBZ
LogInit:      CURL_VERSION_IPV6
LogInit:      CURL_VERSION_ASYNCHDNS
LogInit:      CURL_VERSION_LARGEFILE
LogInit:      CURL_VERSION_IDN
LogInit:  CurlRequestOptions (configurable via config and command line):
LogInit:  - bVerifyPeer = false  - Libcurl will NOT verify peer certificate
LogInit:  - bUseHttpProxy = false  - Libcurl will NOT use HTTP proxy
LogInit:  - bDontReuseConnections = false  - Libcurl will reuse connections
LogInit:  - CertBundlePath = nullptr  - Libcurl will use whatever was configured at build time.
LogInit: Build: ++UE4+Release-4.16-CL-3561208
LogInit: Engine Version: 4.16.3-3561208+++UE4+Release-4.16
LogInit: Compatible Engine Version: 4.16.0-3452394+++UE4+Release-4.16
LogInit: Net CL: 3452394
LogDevObjectVersion: Number of dev versions registered: 16
LogDevObjectVersion:   Dev-Blueprints (B0D832E4-1F89-4F0D-ACCF-7EB736FD4AA2): 9
LogDevObjectVersion:   Dev-Build (E1C64328-A22C-4D53-A36C-8E866417BD8C): 0
LogDevObjectVersion:   Dev-Core (375EC13C-06E4-48FB-B500-84F0262A717E): 2
LogDevObjectVersion:   Dev-Editor (E4B068ED-F494-42E9-A231-DA0B2E46BB41): 17
LogDevObjectVersion:   Dev-Framework (CFFC743F-43B0-4480-9391-14DF171D2073): 23
LogDevObjectVersion:   Dev-Mobile (B02B49B5-BB20-44E9-A304-32B752E40360): 0
LogDevObjectVersion:   Dev-Networking (A4E4105C-59A1-49B5-A7C5-40C4547EDFEE): 0
LogDevObjectVersion:   Dev-Online (39C831C9-5AE6-47DC-9A44-9C173E1C8E7C): 0
LogDevObjectVersion:   Dev-Physics (78F01B33-EBEA-4F98-B9B4-84EACCB95AA2): 0
LogDevObjectVersion:   Dev-Platform (6631380F-2D4D-43E0-8009-CF276956A95A): 0
LogDevObjectVersion:   Dev-Rendering (12F88B9F-8875-4AFC-A67C-D90C383ABD29): 15
LogDevObjectVersion:   Dev-Sequencer (7B5AE74C-D270-4C10-A958-57980B212A5A): 4
LogDevObjectVersion:   Dev-VR (D7296918-1DD6-4BDD-9DE2-64A83CC13884): 0
LogDevObjectVersion:   Dev-LoadTimes (C2A15278-BFE7-4AFE-6C17-90FF531DF755): 1
LogDevObjectVersion:   Private-Geometry (6EACA3D4-40EC-4CC1-B786-8BED09428FC5): 1
LogDevObjectVersion:   Dev-AnimPhys (29E575DD-E0A3-4627-9D10-D276232CDCEA): 3
LogInit: Compiled (64-bit): Jul 28 2017 11:49:47
LogInit: Compiled with Visual C++: 19.00.24215.01
LogInit: Build Configuration: Development
LogInit: Branch Name: ++UE4+Release-4.16
LogInit: Command line:  /Temp/Autosaves/Game/UEDPCScanReach -game -PIEVIACONSOLE -ResX=1280 -ResY=720  -Multiprocess -messaging -SessionName="Play in Standalone Game" -windowed 
LogInit: Base directory: C:/Program Files/Epic Games/UE_4.16/Engine/Binaries/Win64/
LogInit: Installed Engine Build: 1
LogInit: Presizing for max 8388607 objects, including 0 objects not considered by GC, pre-allocating 0 bytes for permanent pool.
LogInit: Object subsystem initialized
[2017.09.28-09.14.11:282][  0]LogInit: Selected Device Profile: [Windows]
[2017.09.28-09.14.11:282][  0]LogInit: Applying CVar settings loaded from the selected device profile: [Windows]
[2017.09.28-09.14.11:285][  0]LogInit: Computer: WINDOWS-EUOFFC3
[2017.09.28-09.14.11:285][  0]LogInit: User: Bendick
[2017.09.28-09.14.11:285][  0]LogInit: CPU Page size=4096, Cores=4
[2017.09.28-09.14.11:285][  0]LogInit: High frequency timer resolution =3.914065 MHz
[2017.09.28-09.14.11:285][  0]LogMemory: Memory total: Physical=15.9GB (16GB approx)
[2017.09.28-09.14.11:285][  0]LogMemory: Platform Memory Stats for Windows
[2017.09.28-09.14.11:285][  0]LogMemory: Process Physical Memory: 273.16 MB used, 273.16 MB peak
[2017.09.28-09.14.11:285][  0]LogMemory: Process Virtual Memory: 260.78 MB used, 260.78 MB peak
[2017.09.28-09.14.11:285][  0]LogMemory: Physical Memory: 8834.50 MB used,  7488.47 MB free, 16322.98 MB total
[2017.09.28-09.14.11:285][  0]LogMemory: Virtual Memory: 638.48 MB used,  7488.47 MB free, 134217728.00 MB total
[2017.09.28-09.14.11:333][  0]LogInit: Using OS detected language (en-US).
[2017.09.28-09.14.11:333][  0]LogInit: Using OS detected locale (en-GB).
[2017.09.28-09.14.11:334][  0]LogTextLocalizationManager: No specific localization for 'en-US' exists, so the 'en' localization will be used.
[2017.09.28-09.14.11:868][  0]LogD3D11RHI: D3D11 adapters:
[2017.09.28-09.14.12:295][  0]LogD3D11RHI:    0. 'NVIDIA GeForce GTX 1070' (Feature Level 11_0)
[2017.09.28-09.14.12:295][  0]LogD3D11RHI:       8119/0/8161 MB DedicatedVideo/DedicatedSystem/SharedSystem, Outputs:2, VendorId:0x10de
[2017.09.28-09.14.12:295][  0]LogD3D11RHI:    1. 'Microsoft Basic Render Driver' (Feature Level 11_0)
[2017.09.28-09.14.12:296][  0]LogD3D11RHI:       0/0/8161 MB DedicatedVideo/DedicatedSystem/SharedSystem, Outputs:0, VendorId:0x1414
[2017.09.28-09.14.12:296][  0]LogD3D11RHI: Chosen D3D11 Adapter: 0
[2017.09.28-09.14.12:300][  0]LogD3D11RHI: Creating new Direct3DDevice
[2017.09.28-09.14.12:300][  0]LogD3D11RHI:     GPU DeviceId: 0x1b81 (for the marketing name, search the web for "GPU Device Id")
[2017.09.28-09.14.12:300][  0]LogWindows: EnumDisplayDevices:
[2017.09.28-09.14.12:300][  0]LogWindows:    0. 'NVIDIA GeForce GTX 1070' (P:1 D:1)
[2017.09.28-09.14.12:300][  0]LogWindows:    1. 'NVIDIA GeForce GTX 1070' (P:0 D:1)
[2017.09.28-09.14.12:300][  0]LogWindows:    2. 'NVIDIA GeForce GTX 1070' (P:0 D:0)
[2017.09.28-09.14.12:300][  0]LogWindows:    3. 'NVIDIA GeForce GTX 1070' (P:0 D:0)
[2017.09.28-09.14.12:300][  0]LogWindows: DebugString: FoundDriverCount:4 
[2017.09.28-09.14.12:300][  0]LogD3D11RHI:     Adapter Name: NVIDIA GeForce GTX 1070
[2017.09.28-09.14.12:300][  0]LogD3D11RHI:   Driver Version: 382.05 (internal:22.21.13.8205, unified:382.05)
[2017.09.28-09.14.12:300][  0]LogD3D11RHI:      Driver Date: 5-1-2017
[2017.09.28-09.14.12:300][  0]LogRHI: Texture pool is 1361 MB (70% of 1945 MB)
[2017.09.28-09.14.12:698][  0]LogD3D11RHI: Async texture creation enabled
[2017.09.28-09.14.12:790][  0]LogD3D11RHI: GPU Timing Frequency: 1000.000000 (Debug: 2 1)
[2017.09.28-09.14.12:880][  0]LogShaderCompilers: Guid format shader working directory is -32 characters bigger than the processId version (../../../../../../Users/Bendick/Documents/GitHub/SR_Prototype_V3/SR_Prototype_V3/Intermediate/Shaders/WorkingDirectory/1828/).
[2017.09.28-09.14.12:880][  0]LogShaderCompilers: Cleaned the shader compiler working directory 'C:/Users/Bendick/AppData/Local/Temp/UnrealShaderWorkingDir/14B920B4477EBC6FF7A586B36857AE5E/'.
[2017.09.28-09.14.12:880][  0]LogShaderCompilers:Display: Using Local Shader Compiler.
[2017.09.28-09.14.13:556][  0]LogTemp:Display: Loaded TP WindowsClientTargetPlatform
[2017.09.28-09.14.13:589][  0]LogTemp:Display: Loaded TP WindowsNoEditorTargetPlatform
[2017.09.28-09.14.13:620][  0]LogTemp:Display: Loaded TP WindowsServerTargetPlatform
[2017.09.28-09.14.13:652][  0]LogTemp:Display: Loaded TP WindowsTargetPlatform
[2017.09.28-09.14.13:652][  0]LogTargetPlatformManager:Display: Building Assets For Windows
[2017.09.28-09.14.13:961][  0]LogDerivedDataCache:Display: Max Cache Size: 512 MB
[2017.09.28-09.14.14:037][  0]LogDerivedDataCache: Loaded boot cache 0.08s 111MB C:/Users/Bendick/AppData/Local/UnrealEngine/4.16/DerivedDataCache/Boot.ddc.
[2017.09.28-09.14.14:037][  0]LogDerivedDataCache:Display: Loaded Boot cache: C:/Users/Bendick/AppData/Local/UnrealEngine/4.16/DerivedDataCache/Boot.ddc
[2017.09.28-09.14.14:037][  0]LogDerivedDataCache: FDerivedDataBackendGraph:  Pak pak cache file ../../../../../../Users/Bendick/Documents/GitHub/SR_Prototype_V3/SR_Prototype_V3/DerivedDataCache/DDC.ddp not found, will not use a pak cache.
[2017.09.28-09.14.14:037][  0]LogDerivedDataCache: Unable to find inner node Pak for hierarchical cache Hierarchy.
[2017.09.28-09.14.14:037][  0]LogDerivedDataCache: FDerivedDataBackendGraph:  CompressedPak pak cache file ../../../../../../Users/Bendick/Documents/GitHub/SR_Prototype_V3/SR_Prototype_V3/DerivedDataCache/Compressed.ddp not found, will not use a pak cache.
[2017.09.28-09.14.14:037][  0]LogDerivedDataCache: Unable to find inner node CompressedPak for hierarchical cache Hierarchy.
[2017.09.28-09.14.14:047][  0]LogDerivedDataCache:Display: Pak cache opened for reading ../../../Engine/DerivedDataCache/Compressed.ddp.
[2017.09.28-09.14.14:059][  0]LogDerivedDataCache: Using Local data cache path C:/Users/Bendick/AppData/Local/UnrealEngine/Common/DerivedDataCache: Writable
[2017.09.28-09.14.14:065][  0]LogMaterial: Verifying Global Shaders for PCD3D_SM5
[2017.09.28-09.14.14:066][  0]LogSlate: Using Freetype 2.6.0
[2017.09.28-09.14.14:066][  0]LogSlate: SlateFontCache - WITH_FREETYPE: 1, WITH_HARFBUZZ: 1
[2017.09.28-09.14.14:066][  0]LogSlate: SlateFontCache - WITH_FREETYPE: 1, WITH_HARFBUZZ: 1
[2017.09.28-09.14.14:228][  0]LogAssetRegistry: FAssetRegistry took 0.0026 seconds to start up
[2017.09.28-09.14.14:233][  0]LogPackageLocalizationCache: Processed 4 localized package path(s) for 2 prioritized culture(s) in 0.004740 seconds
[2017.09.28-09.14.14:287][  0]LogInit: Selected Device Profile: [Windows]
[2017.09.28-09.14.14:449][  0]LogMeshUtilities: Using QuadricMeshReduction for automatic static mesh reduction
[2017.09.28-09.14.14:477][  0]LogSimplygon: Simplygon DLL not present - disabling.
[2017.09.28-09.14.14:506][  0]LogMeshUtilities: Using SimplygonSwarm for distributed automatic mesh merging
[2017.09.28-09.14.14:506][  0]LogMeshUtilities: No automatic skeletal mesh reduction module available
[2017.09.28-09.14.14:506][  0]LogMeshUtilities: No automatic mesh merging module available
[2017.09.28-09.14.14:865][  0]LogNetVersion: SR_Prototype_V3 , NetCL: 3452394, EngineNetVer: 2, GameNetVer: 0 (Checksum: 2708348065)
[2017.09.28-09.14.14:921][  0]LogInit: WinSock: version 1.1 (2.2), MaxSocks=32767, MaxUdp=65467
[2017.09.28-09.14.15:614][  0]LogMoviePlayer: Initializing movie player
[2017.09.28-09.14.15:675][  0]LogWindowsTextInputMethodSystem:Display: IME system now deactivated.
[2017.09.28-09.14.15:675][  0]LogWindowsTextInputMethodSystem:Display: IME system now deactivated.
[2017.09.28-09.14.15:837][  0]LogCollectionManager: Loaded 0 collections in 0.000872 seconds
[2017.09.28-09.14.15:883][  0]LogFileCache: Scanning file cache for directory 'C:/Users/Bendick/Documents/GitHub/SR_Prototype_V3/SR_Prototype_V3/Saved/Collections/' took 0.01s
[2017.09.28-09.14.15:883][  0]LogFileCache: Scanning file cache for directory 'C:/Users/Bendick/Documents/GitHub/SR_Prototype_V3/SR_Prototype_V3/Content/Developers/Bendick/Collections/' took 0.01s
[2017.09.28-09.14.15:883][  0]LogFileCache: Scanning file cache for directory 'C:/Users/Bendick/Documents/GitHub/SR_Prototype_V3/SR_Prototype_V3/Content/Collections/' took 0.01s
[2017.09.28-09.14.15:883][  0]LogCollectionManager: Rebuilt the object cache for 0 collections in 0.000001 seconds (found 0 objects)
[2017.09.28-09.14.15:883][  0]LogCollectionManager: Fixed up redirectors for 0 collections in 0.000032 seconds (updated 0 objects)
[2017.09.28-09.14.15:984][  0]LogTcpMessaging: Initializing TcpMessaging bridge
[2017.09.28-09.14.16:013][  0]LogUdpMessaging: Initializing bridge on interface 0.0.0.0:0 to multicast group 230.0.0.1:6666.
[2017.09.28-09.14.16:281][  0]SourceControl: Info Source control is disabled
[2017.09.28-09.14.16:281][  0]SourceControl: Info Source control is disabled
[2017.09.28-09.14.16:310][  0]SourceControl: Info Source control is disabled
[2017.09.28-09.14.16:469][  0]LogAndroidPermission: UAndroidPermissionCallbackProxy::GetInstance
[2017.09.28-09.14.16:735][  0]LogUObjectArray: 37220 objects as part of root set at end of initial load.
[2017.09.28-09.14.16:735][  0]LogUObjectAllocator: 8398840 out of 0 bytes used by permanent object pool.
[2017.09.28-09.14.16:735][  0]LogUObjectArray: CloseDisregardForGC: 0/0 objects in disregard for GC pool
[2017.09.28-09.14.16:807][  0]LogEngine: Initializing Engine...
[2017.09.28-09.14.16:807][  0]LogHMD: Failed to initialize OpenVR with code 110
[2017.09.28-09.14.16:929][  0]LogStats: UGameplayTagsManager::ConstructGameplayTagTree: Construct from data asset -  0.000 s
[2017.09.28-09.14.16:929][  0]LogStats: UGameplayTagsManager::ConstructGameplayTagTree: GameplayTagTreeChangedEvent.Broadcast -  0.000 s
[2017.09.28-09.14.16:936][  0]LogInit: XAudio2 using 'Speakers (2- Logitech G933 Gaming Headset)' : 6 channels at 48 kHz using 16 bits per sample (channel mask 0x3f)
[2017.09.28-09.14.16:949][  0]LogInit: FAudioDevice initialized.
[2017.09.28-09.14.16:975][  0]LogInit: Texture streaming: Disabled
[2017.09.28-09.14.16:984][  0]LogMaterial: Uniform references updated for custom material expression Custom.
[2017.09.28-09.14.17:154][  0]LogSlateStyle:Warning: Unable to find Slate Widget Style 'NormalText'. Using FTextBlockStyle defaults instead.
[2017.09.28-09.14.17:154][  0]LogSlateStyle:Warning: Unable to find Slate Widget Style 'SpinBox'. Using FSpinBoxStyle defaults instead.
[2017.09.28-09.14.17:297][  0]LogInit:Display: Game Engine Initialized.
[2017.09.28-09.14.17:392][  0]LogInit:Display: Starting Game.
[2017.09.28-09.14.17:393][  0]LogNet: Browse: /Temp/Autosaves/Game/UEDPCScanReach?Name=Player
[2017.09.28-09.14.17:394][  0]LogLoad: LoadMap: /Temp/Autosaves/Game/UEDPCScanReach?Name=Player
[2017.09.28-09.14.17:409][  0]LogMemory: Platform Memory Stats for Windows
[2017.09.28-09.14.17:409][  0]LogMemory: Process Physical Memory: 844.97 MB used, 934.11 MB peak
[2017.09.28-09.14.17:409][  0]LogMemory: Process Virtual Memory: 982.41 MB used, 1029.54 MB peak
[2017.09.28-09.14.17:409][  0]LogMemory: Physical Memory: 9272.48 MB used,  7050.50 MB free, 16322.98 MB total
[2017.09.28-09.14.17:409][  0]LogMemory: Virtual Memory: 1660.40 MB used,  7050.50 MB free, 134217728.00 MB total
[2017.09.28-09.14.17:409][  0]LogMemory: 
[2017.09.28-09.14.17:409][  0]Allocator Stats for TBB: (not implemented)
[2017.09.28-09.14.17:695][  0]LogAIModule: Creating AISystem for world ScanReach
[2017.09.28-09.14.17:696][  0]LogLoad: Game class is 'ScanReach_GM_C'
[2017.09.28-09.14.17:699][  0]LogWorld: Bringing World /Temp/Autosaves/Game/UEDPCScanReach.ScanReach up for play (max tick rate 0) at 2017.09.28-11.14.17
[2017.09.28-09.14.17:700][  0]LogWorld: Bringing up level for play took: 0.002916
[2017.09.28-09.14.17:704][  0]LogLoad: Took 0.310127 seconds to LoadMap(/Temp/Autosaves/Game/UEDPCScanReach)
[2017.09.28-09.14.17:872][  0]LogRenderer: Reallocating scene render targets to support 1280x340 NumSamples 1 (Frame:1).
[2017.09.28-09.14.17:872][  0]LogRenderer: Reallocating scene render targets to support 1280x720 NumSamples 1 (Frame:1).
[2017.09.28-09.14.17:872][  0]LogLoad: (Engine Initialization) Total time: 7.60 seconds
[2017.09.28-09.14.17:872][  0]LogLoad: (Engine Initialization) Total Blueprint compile time: 0.09 seconds
[2017.09.28-09.14.17:872][  0]LogExternalProfiler: Found external profiler: VSPerf
[2017.09.28-09.14.17:872][  0]LogExternalProfiler: Using external profiler: VSPerf
[2017.09.28-09.14.17:888][  0]LogOcInput: OculusInput pre-init called
[2017.09.28-09.14.17:888][  0]LogHMD: Starting GearVRController plugin
[2017.09.28-09.14.17:917][  2]LogRenderer: Reallocating scene render targets to support 1280x340 NumSamples 1 (Frame:3).
[2017.09.28-09.14.17:922][  3]LogRenderer: Reallocating scene render targets to support 1280x720 NumSamples 1 (Frame:3).
[2017.09.28-09.14.26:112][503]LogRenderer: Reallocating scene render targets to support 1920x1028 NumSamples 1 (Frame:506).
[2017.09.28-09.14.26:136][506]LogRenderer: Reallocating scene render targets to support 1280x340 NumSamples 1 (Frame:507).
[2017.09.28-09.14.26:136][506]LogRenderer: Reallocating scene render targets to support 1920x1028 NumSamples 1 (Frame:507).
[2017.09.28-09.14.30:655][780]LogWindowsTextInputMethodSystem:Display: IME system now deactivated.
[2017.09.28-09.14.30:655][780]LogWindowsTextInputMethodSystem:Display: IME system now deactivated.
[2017.09.28-09.14.30:658][780]LogEngine: All Windows Closed
[2017.09.28-09.14.30:658][780]LogWindows: FPlatformMisc::RequestExit(0)
[2017.09.28-09.14.30:813][781]LogExit: Preparing to exit.
[2017.09.28-09.14.30:813][781]LogMoviePlayer: Shutting down movie player
[2017.09.28-09.14.31:152][781]LogExit: Game engine shut down
[2017.09.28-09.14.31:242][781]LogObj: Freed 0b from 0 cluster array pools.
[2017.09.28-09.14.31:242][781]LogExit: Object subsystem successfully closed.
[2017.09.28-09.14.31:269][781]LogD3D11RHI: Shutdown
[2017.09.28-09.14.31:269][781]LogD3D11RHI: CleanupD3DDevice
[2017.09.28-09.14.31:304][781]LogD3D11RHI: ~FD3D11DynamicRHI
[2017.09.28-09.14.31:324][781]LogModuleManager: Shutting down and abandoning module SequenceRecorderSections (296)
[2017.09.28-09.14.31:324][781]LogModuleManager: Shutting down and abandoning module SequenceRecorder (294)
[2017.09.28-09.14.31:325][781]LogModuleManager: Shutting down and abandoning module AutomationController (292)
[2017.09.28-09.14.31:326][781]LogModuleManager: Shutting down and abandoning module AutomationWorker (290)
[2017.09.28-09.14.31:326][781]LogModuleManager: Shutting down and abandoning module AIModule (288)
[2017.09.28-09.14.31:326][781]LogModuleManager: Shutting down and abandoning module GameplayDebugger (287)
[2017.09.28-09.14.31:326][781]LogModuleManager: Shutting down and abandoning module AITestSuite (285)
[2017.09.28-09.14.31:326][781]LogModuleManager: Shutting down and abandoning module WmfMediaFactory (282)
[2017.09.28-09.14.31:326][781]LogModuleManager: Shutting down and abandoning module AvfMediaFactory (280)
[2017.09.28-09.14.31:326][781]LogModuleManager: Shutting down and abandoning module AndroidMediaFactory (278)
[2017.09.28-09.14.31:326][781]LogModuleManager: Shutting down and abandoning module Media (277)
[2017.09.28-09.14.31:326][781]LogModuleManager: Shutting down and abandoning module CharacterAI (274)
[2017.09.28-09.14.31:326][781]LogModuleManager: Shutting down and abandoning module SessionServices (272)
[2017.09.28-09.14.31:326][781]LogModuleManager: Shutting down and abandoning module MovieSceneCapture (270)
[2017.09.28-09.14.31:326][781]LogModuleManager: Shutting down and abandoning module MovieSceneTracks (268)
[2017.09.28-09.14.31:326][781]LogModuleManager: Shutting down and abandoning module MovieScene (266)
[2017.09.28-09.14.31:326][781]LogModuleManager: Shutting down and abandoning module GeometryCache (264)
[2017.09.28-09.14.31:326][781]LogModuleManager: Shutting down and abandoning module GeometryCacheEd (263)
[2017.09.28-09.14.31:326][781]LogModuleManager: Shutting down and abandoning module Niagara (260)
[2017.09.28-09.14.31:326][781]LogModuleManager: Shutting down and abandoning module NiagaraEditor (259)
[2017.09.28-09.14.31:329][781]LogModuleManager: Shutting down and abandoning module StreamingPauseRendering (256)
[2017.09.28-09.14.31:329][781]LogModuleManager: Shutting down and abandoning module PortalServices (254)
[2017.09.28-09.14.31:329][781]LogModuleManager: Shutting down and abandoning module PortalRpc (252)
[2017.09.28-09.14.31:329][781]LogModuleManager: Shutting down and abandoning module MessagingRpc (250)
[2017.09.28-09.14.31:329][781]LogModuleManager: Shutting down and abandoning module ProfilerService (248)
[2017.09.28-09.14.31:536][781]LogModuleManager: Shutting down and abandoning module TaskGraph (246)
[2017.09.28-09.14.31:538][781]LogModuleManager: Shutting down and abandoning module SteamVRController (244)
[2017.09.28-09.14.31:538][781]LogModuleManager: Shutting down and abandoning module SteamVR (242)
[2017.09.28-09.14.31:538][781]LogModuleManager: Shutting down and abandoning module ProceduralMeshComponent (240)
[2017.09.28-09.14.31:538][781]LogModuleManager: Shutting down and abandoning module OculusLibrary (238)
[2017.09.28-09.14.31:538][781]LogModuleManager: Shutting down and abandoning module OculusInput (236)
[2017.09.28-09.14.31:538][781]LogModuleManager: Shutting down and abandoning module MobilePatchingUtils (234)
[2017.09.28-09.14.31:538][781]LogModuleManager: Shutting down and abandoning module CustomMeshComponent (232)
[2017.09.28-09.14.31:538][781]LogModuleManager: Shutting down and abandoning module CableComponent (230)
[2017.09.28-09.14.31:538][781]LogModuleManager: Shutting down and abandoning module ArchVisCharacter (228)
[2017.09.28-09.14.31:538][781]LogModuleManager: Shutting down and abandoning module AndroidPermission (226)
[2017.09.28-09.14.31:538][781]LogModuleManager: Shutting down and abandoning module HTML5Networking (222)
[2017.09.28-09.14.31:538][781]LogModuleManager: Shutting down and abandoning module VisualStudioSourceCodeAccess (220)
[2017.09.28-09.14.31:538][781]LogModuleManager: Shutting down and abandoning module DesktopPlatform (219)
[2017.09.28-09.14.31:538][781]LogModuleManager: Shutting down and abandoning module HotReload (217)
[2017.09.28-09.14.31:539][781]LogModuleManager: Shutting down and abandoning module UObjectPlugin (214)
[2017.09.28-09.14.31:539][781]LogModuleManager: Shutting down and abandoning module SubversionSourceControl (212)
[2017.09.28-09.14.31:539][781]LogModuleManager: Shutting down and abandoning module PerforceSourceControl (210)
[2017.09.28-09.14.31:540][781]LogModuleManager: Shutting down and abandoning module SourceControl (209)
[2017.09.28-09.14.31:540][781]LogModuleManager: Shutting down and abandoning module PhysXVehiclesEditor (206)
[2017.09.28-09.14.31:540][781]LogModuleManager: Shutting down and abandoning module PhysXVehicles (204)
[2017.09.28-09.14.31:540][781]LogModuleManager: Shutting down and abandoning module LocationServicesBPLibrary (202)
[2017.09.28-09.14.31:540][781]LogModuleManager: Shutting down and abandoning module ImmediatePhysicsEditor (200)
[2017.09.28-09.14.31:541][781]LogModuleManager: Shutting down and abandoning module ImmediatePhysics (198)
[2017.09.28-09.14.31:541][781]LogModuleManager: Shutting down and abandoning module UdpMessaging (196)
[2017.09.28-09.14.31:642][781]LogModuleManager: Shutting down and abandoning module TcpMessaging (194)
[2017.09.28-09.14.31:987][781]LogModuleManager: Shutting down and abandoning module GameplayTagsEditor (192)
[2017.09.28-09.14.31:999][781]LogModuleManager: Shutting down and abandoning module FacialAnimation (190)
[2017.09.28-09.14.31:999][781]LogModuleManager: Shutting down and abandoning module AssetManagerEditor (188)
[2017.09.28-09.14.32:000][781]LogModuleManager: Shutting down and abandoning module GraphEditor (187)
[2017.09.28-09.14.32:001][781]LogModuleManager: Shutting down and abandoning module ContentBrowser (185)
[2017.09.28-09.14.32:002][781]LogModuleManager: Shutting down and abandoning module CollectionManager (184)
[2017.09.28-09.14.32:002][781]LogDirectoryWatcher: A directory notification for 'C:/Users/Bendick/Documents/GitHub/SR_Prototype_V3/SR_Prototype_V3/Content/Collections/' was aborted.
[2017.09.28-09.14.32:002][781]LogDirectoryWatcher: A directory notification for 'C:/Users/Bendick/Documents/GitHub/SR_Prototype_V3/SR_Prototype_V3/Content/Developers/Bendick/Collections/' was aborted.
[2017.09.28-09.14.32:002][781]LogDirectoryWatcher: A directory notification for 'C:/Users/Bendick/Documents/GitHub/SR_Prototype_V3/SR_Prototype_V3/Saved/Collections/' was aborted.
[2017.09.28-09.14.32:002][781]LogModuleManager: Shutting down and abandoning module DirectoryWatcher (183)
[2017.09.28-09.14.32:002][781]LogModuleManager: Shutting down and abandoning module LightPropagationVolumeRuntime (178)
[2017.09.28-09.14.32:002][781]LogModuleManager: Shutting down and abandoning module Paper2D (176)
[2017.09.28-09.14.32:003][781]LogModuleManager: Shutting down and abandoning module WindowsMoviePlayer (174)
[2017.09.28-09.14.32:003][781]LogModuleManager: Shutting down and abandoning module WmfMedia (172)
[2017.09.28-09.14.32:003][781]LogModuleManager: Shutting down and abandoning module ClothingSystemEditor (170)
[2017.09.28-09.14.32:003][781]LogModuleManager: Shutting down and abandoning module ClothingSystemRuntime (168)
[2017.09.28-09.14.32:004][781]LogModuleManager: Shutting down and abandoning module MediaAssets (166)
[2017.09.28-09.14.32:004][781]LogModuleManager: Shutting down and abandoning module GameLiveStreaming (164)
[2017.09.28-09.14.32:004][781]LogModuleManager: Shutting down and abandoning module VREditor (162)
[2017.09.28-09.14.32:004][781]LogModuleManager: Shutting down and abandoning module StringTableEditor (160)
[2017.09.28-09.14.32:005][781]LogModuleManager: Shutting down and abandoning module GameplayTasksEditor (158)
[2017.09.28-09.14.32:005][781]LogModuleManager: Shutting down and abandoning module BehaviorTreeEditor (156)
[2017.09.28-09.14.32:007][781]LogModuleManager: Shutting down and abandoning module FunctionalTesting (154)
[2017.09.28-09.14.32:007][781]LogModuleManager: Shutting down and abandoning module CollisionAnalyzer (152)
[2017.09.28-09.14.32:009][781]LogModuleManager: Shutting down and abandoning module UMG (150)
[2017.09.28-09.14.32:009][781]LogModuleManager: Shutting down and abandoning module UMGEditor (149)
[2017.09.28-09.14.32:010][781]LogModuleManager: Shutting down and abandoning module Sequencer (148)
[2017.09.28-09.14.32:010][781]LogModuleManager: Shutting down and abandoning module AssetTools (146)
[2017.09.28-09.14.32:014][781]LogModuleManager: Shutting down and abandoning module MessageLog (145)
[2017.09.28-09.14.32:014][781]LogModuleManager: Shutting down and abandoning module WorkspaceMenuStructure (144)
[2017.09.28-09.14.32:014][781]LogModuleManager: Shutting down and abandoning module SlateReflector (138)
[2017.09.28-09.14.32:017][781]LogModuleManager: Shutting down and abandoning module Slate (136)
[2017.09.28-09.14.32:017][781]LogModuleManager: Shutting down and abandoning module EditorStyle (134)
[2017.09.28-09.14.32:018][781]LogModuleManager: Shutting down and abandoning module Messaging (132)
[2017.09.28-09.14.32:018][781]LogModuleManager: Shutting down and abandoning module SourceCodeAccess (130)
[2017.09.28-09.14.32:018][781]LogModuleManager: Shutting down and abandoning module HeadMountedDisplay (128)
[2017.09.28-09.14.32:018][781]LogModuleManager: Shutting down and abandoning module XAudio2 (126)
[2017.09.28-09.14.32:018][781]LogModuleManager: Shutting down and abandoning module Networking (124)
[2017.09.28-09.14.32:018][781]LogModuleManager: Shutting down and abandoning module Core (120)
[2017.09.28-09.14.32:018][781]LogModuleManager: Shutting down and abandoning module KismetCompiler (118)
[2017.09.28-09.14.32:018][781]LogModuleManager: Shutting down and abandoning module LevelSequence (116)
[2017.09.28-09.14.32:018][781]LogModuleManager: Shutting down and abandoning module PhysXFormats (114)
[2017.09.28-09.14.32:018][781]LogModuleManager: Shutting down and abandoning module MeshUtilities (112)
[2017.09.28-09.14.32:020][781]LogModuleManager: Shutting down and abandoning module SimplygonSwarm (111)
[2017.09.28-09.14.32:021][781]LogModuleManager: Shutting down and abandoning module SimplygonMeshReduction (109)
[2017.09.28-09.14.32:021][781]LogModuleManager: Shutting down and abandoning module QuadricMeshReduction (107)
[2017.09.28-09.14.32:021][781]LogModuleManager: Shutting down and abandoning module AssetRegistry (104)
[2017.09.28-09.14.32:021][781]LogModuleManager: Shutting down and abandoning module DerivedDataCache (102)
[2017.09.28-09.14.32:061][781]LogDerivedDataCache: Shutdown
[2017.09.28-09.14.32:061][781]LogModuleManager: Shutting down and abandoning module TargetPlatform (100)
[2017.09.28-09.14.32:061][781]LogModuleManager: Shutting down and abandoning module VulkanShaderFormat (99)
[2017.09.28-09.14.32:062][781]LogModuleManager: Shutting down and abandoning module ShaderFormatVectorVM (97)
[2017.09.28-09.14.32:063][781]LogModuleManager: Shutting down and abandoning module ShaderFormatOpenGL (95)
[2017.09.28-09.14.32:063][781]LogModuleManager: Shutting down and abandoning module ShaderFormatD3D (93)
[2017.09.28-09.14.32:063][781]LogModuleManager: Shutting down and abandoning module MetalShaderFormat (91)
[2017.09.28-09.14.32:064][781]LogModuleManager: Shutting down and abandoning module TextureFormatUncompressed (89)
[2017.09.28-09.14.32:064][781]LogModuleManager: Shutting down and abandoning module TextureFormatPVR (87)
[2017.09.28-09.14.32:064][781]LogModuleManager: Shutting down and abandoning module TextureFormatDXT (85)
[2017.09.28-09.14.32:064][781]LogModuleManager: Shutting down and abandoning module TextureFormatIntelISPCTexComp (83)
[2017.09.28-09.14.32:064][781]LogModuleManager: Shutting down and abandoning module TextureFormatASTC (81)
[2017.09.28-09.14.32:064][781]LogModuleManager: Shutting down and abandoning module ImageWrapper (80)
[2017.09.28-09.14.32:064][781]LogModuleManager: Shutting down and abandoning module TextureFormatAndroid (77)
[2017.09.28-09.14.32:064][781]LogModuleManager: Shutting down and abandoning module AudioFormatOpus (75)
[2017.09.28-09.14.32:064][781]LogModuleManager: Shutting down and abandoning module AudioFormatOgg (73)
[2017.09.28-09.14.32:064][781]LogModuleManager: Shutting down and abandoning module AudioFormatADPCM (71)
[2017.09.28-09.14.32:064][781]LogModuleManager: Shutting down and abandoning module WindowsTargetPlatform (69)
[2017.09.28-09.14.32:064][781]LogModuleManager: Shutting down and abandoning module WindowsServerTargetPlatform (67)
[2017.09.28-09.14.32:064][781]LogModuleManager: Shutting down and abandoning module WindowsNoEditorTargetPlatform (65)
[2017.09.28-09.14.32:064][781]LogModuleManager: Shutting down and abandoning module WindowsClientTargetPlatform (63)
[2017.09.28-09.14.32:064][781]LogModuleManager: Shutting down and abandoning module InputCore (60)
[2017.09.28-09.14.32:064][781]LogModuleManager: Shutting down and abandoning module Settings (58)
[2017.09.28-09.14.32:064][781]LogModuleManager: Shutting down and abandoning module OculusRift (56)
[2017.09.28-09.14.32:065][781]LogModuleManager: Shutting down and abandoning module GearVRController (54)
[2017.09.28-09.14.32:065][781]LogModuleManager: Shutting down and abandoning module GearVR (52)
[2017.09.28-09.14.32:065][781]LogModuleManager: Shutting down and abandoning module ExampleDeviceProfileSelector (50)
[2017.09.28-09.14.32:065][781]LogModuleManager: Shutting down and abandoning module OnlineBlueprintSupport (48)
[2017.09.28-09.14.32:065][781]LogModuleManager: Shutting down and abandoning module OnlineSubsystem (44)
[2017.09.28-09.14.32:065][781]LogOnline:Display: Unloading online subsystem: NULL
[2017.09.28-09.14.32:067][781]LogModuleManager: Shutting down and abandoning module XMPP (43)
[2017.09.28-09.14.32:069][781]LogModuleManager: Shutting down and abandoning module HTTP (41)
[2017.09.28-09.14.32:083][781]LogModuleManager: Shutting down and abandoning module SSL (40)
[2017.09.28-09.14.32:085][781]LogModuleManager: Shutting down and abandoning module HTTPChunkInstaller (36)
[2017.09.28-09.14.32:086][781]LogModuleManager: Shutting down and abandoning module AnimationModifiers (34)
[2017.09.28-09.14.32:087][781]LogModuleManager: Shutting down and abandoning module PropertyEditor (33)
[2017.09.28-09.14.32:087][781]LogModuleManager: Shutting down and abandoning module AudioEditor (30)
[2017.09.28-09.14.32:088][781]LogModuleManager: Shutting down and abandoning module TextureCompressor (28)
[2017.09.28-09.14.32:088][781]LogModuleManager: Shutting down and abandoning module ShaderCore (26)
[2017.09.28-09.14.32:088][781]LogModuleManager: Shutting down and abandoning module Landscape (24)
[2017.09.28-09.14.32:088][781]LogModuleManager: Shutting down and abandoning module SlateRHIRenderer (22)
[2017.09.28-09.14.32:089][781]LogModuleManager: Shutting down and abandoning module OpenGLDrv (20)
[2017.09.28-09.14.32:090][781]LogModuleManager: Shutting down and abandoning module D3D11RHI (18)
[2017.09.28-09.14.32:090][781]LogModuleManager: Shutting down and abandoning module AnimGraphRuntime (16)
[2017.09.28-09.14.32:091][781]LogModuleManager: Shutting down and abandoning module Renderer (14)
[2017.09.28-09.14.32:091][781]LogModuleManager: Shutting down and abandoning module Engine (12)
[2017.09.28-09.14.32:091][781]LogModuleManager: Shutting down and abandoning module CoreUObject (10)
[2017.09.28-09.14.32:091][781]LogModuleManager: Shutting down and abandoning module NetworkFile (8)
[2017.09.28-09.14.32:091][781]LogModuleManager: Shutting down and abandoning module StreamingFile (6)
[2017.09.28-09.14.32:091][781]LogModuleManager: Shutting down and abandoning module SandboxFile (4)
[2017.09.28-09.14.32:091][781]LogModuleManager: Shutting down and abandoning module PakFile (2)
[2017.09.28-09.14.32:092][781]LogExit: Exiting.
[2017.09.28-09.14.32:093][781]Log file closed, 09/28/17 11:14:32
