Log file open, 10/26/17 18:21:28
LogInit:Display: Running engine for game: SR_Prototype_V3
LogPlatformFile: Not using cached read wrapper
LogInit:Display: RandInit(-956886633) SRandInit(-956886633).
LogTaskGraph: Started task graph with 5 named threads and 8 total threads with 1 sets of task threads.
LogStats: Stats thread started at 0.073925
LogInit: Using libcurl 7.47.1
LogInit:  - built for x86_64-pc-win32
LogInit:  - supports SSL with OpenSSL/1.0.2g
LogInit:  - supports HTTP deflate (compression) using libz 1.2.8
LogInit:  - other features:
LogInit:      CURL_VERSION_SSL
LogInit:      CURL_VERSION_LIBZ
LogInit:      CURL_VERSION_IPV6
LogInit:      CURL_VERSION_ASYNCHDNS
LogInit:      CURL_VERSION_LARGEFILE
LogInit:      CURL_VERSION_IDN
LogInit:  CurlRequestOptions (configurable via config and command line):
LogInit:  - bVerifyPeer = false  - Libcurl will NOT verify peer certificate
LogInit:  - bUseHttpProxy = false  - Libcurl will NOT use HTTP proxy
LogInit:  - bDontReuseConnections = false  - Libcurl will reuse connections
LogInit:  - CertBundlePath = nullptr  - Libcurl will use whatever was configured at build time.
LogInit: Build: ++UE4+Release-4.16-CL-3561208
LogInit: Engine Version: 4.16.3-3561208+++UE4+Release-4.16
LogInit: Compatible Engine Version: 4.16.0-3452394+++UE4+Release-4.16
LogInit: Net CL: 3452394
LogDevObjectVersion: Number of dev versions registered: 16
LogDevObjectVersion:   Dev-Blueprints (B0D832E4-1F89-4F0D-ACCF-7EB736FD4AA2): 9
LogDevObjectVersion:   Dev-Build (E1C64328-A22C-4D53-A36C-8E866417BD8C): 0
LogDevObjectVersion:   Dev-Core (375EC13C-06E4-48FB-B500-84F0262A717E): 2
LogDevObjectVersion:   Dev-Editor (E4B068ED-F494-42E9-A231-DA0B2E46BB41): 17
LogDevObjectVersion:   Dev-Framework (CFFC743F-43B0-4480-9391-14DF171D2073): 23
LogDevObjectVersion:   Dev-Mobile (B02B49B5-BB20-44E9-A304-32B752E40360): 0
LogDevObjectVersion:   Dev-Networking (A4E4105C-59A1-49B5-A7C5-40C4547EDFEE): 0
LogDevObjectVersion:   Dev-Online (39C831C9-5AE6-47DC-9A44-9C173E1C8E7C): 0
LogDevObjectVersion:   Dev-Physics (78F01B33-EBEA-4F98-B9B4-84EACCB95AA2): 0
LogDevObjectVersion:   Dev-Platform (6631380F-2D4D-43E0-8009-CF276956A95A): 0
LogDevObjectVersion:   Dev-Rendering (12F88B9F-8875-4AFC-A67C-D90C383ABD29): 15
LogDevObjectVersion:   Dev-Sequencer (7B5AE74C-D270-4C10-A958-57980B212A5A): 4
LogDevObjectVersion:   Dev-VR (D7296918-1DD6-4BDD-9DE2-64A83CC13884): 0
LogDevObjectVersion:   Dev-LoadTimes (C2A15278-BFE7-4AFE-6C17-90FF531DF755): 1
LogDevObjectVersion:   Private-Geometry (6EACA3D4-40EC-4CC1-B786-8BED09428FC5): 1
LogDevObjectVersion:   Dev-AnimPhys (29E575DD-E0A3-4627-9D10-D276232CDCEA): 3
LogInit: Compiled (64-bit): Jul 28 2017 11:49:47
LogInit: Compiled with Visual C++: 19.00.24215.01
LogInit: Build Configuration: Development
LogInit: Branch Name: ++UE4+Release-4.16
LogInit: Command line:  
LogInit: Base directory: C:/Program Files/Epic Games/UE_4.16/Engine/Binaries/Win64/
LogInit: Installed Engine Build: 1
LogInit: Presizing for max 8388607 objects, including 0 objects not considered by GC, pre-allocating 0 bytes for permanent pool.
LogInit: Object subsystem initialized
[2017.10.26-16.21.29:169][  0]LogInit: Selected Device Profile: [Windows]
[2017.10.26-16.21.29:169][  0]LogInit: Applying CVar settings loaded from the selected device profile: [Windows]
[2017.10.26-16.21.29:177][  0]LogInit: Computer: WINDOWS-EUOFFC3
[2017.10.26-16.21.29:177][  0]LogInit: User: Bendick
[2017.10.26-16.21.29:177][  0]LogInit: CPU Page size=4096, Cores=4
[2017.10.26-16.21.29:177][  0]LogInit: High frequency timer resolution =3.914057 MHz
[2017.10.26-16.21.29:177][  0]LogMemory: Memory total: Physical=15.9GB (16GB approx)
[2017.10.26-16.21.29:177][  0]LogMemory: Platform Memory Stats for Windows
[2017.10.26-16.21.29:177][  0]LogMemory: Process Physical Memory: 280.39 MB used, 280.39 MB peak
[2017.10.26-16.21.29:177][  0]LogMemory: Process Virtual Memory: 266.10 MB used, 266.10 MB peak
[2017.10.26-16.21.29:177][  0]LogMemory: Physical Memory: 6176.13 MB used,  10146.85 MB free, 16322.98 MB total
[2017.10.26-16.21.29:177][  0]LogMemory: Virtual Memory: 712.30 MB used,  10146.85 MB free, 134217728.00 MB total
[2017.10.26-16.21.29:223][  0]LogInit: Using OS detected language (en-US).
[2017.10.26-16.21.29:223][  0]LogInit: Using OS detected locale (en-GB).
[2017.10.26-16.21.29:225][  0]LogTextLocalizationManager: No specific localization for 'en-US' exists, so the 'en' localization will be used.
[2017.10.26-16.21.29:851][  0]LogD3D11RHI: D3D11 adapters:
[2017.10.26-16.21.30:272][  0]LogD3D11RHI:    0. 'NVIDIA GeForce GTX 1070' (Feature Level 11_0)
[2017.10.26-16.21.30:272][  0]LogD3D11RHI:       8119/0/8161 MB DedicatedVideo/DedicatedSystem/SharedSystem, Outputs:2, VendorId:0x10de
[2017.10.26-16.21.30:272][  0]LogD3D11RHI:    1. 'Microsoft Basic Render Driver' (Feature Level 11_0)
[2017.10.26-16.21.30:272][  0]LogD3D11RHI:       0/0/8161 MB DedicatedVideo/DedicatedSystem/SharedSystem, Outputs:0, VendorId:0x1414
[2017.10.26-16.21.30:272][  0]LogD3D11RHI: Chosen D3D11 Adapter: 0
[2017.10.26-16.21.30:276][  0]LogD3D11RHI: Creating new Direct3DDevice
[2017.10.26-16.21.30:276][  0]LogD3D11RHI:     GPU DeviceId: 0x1b81 (for the marketing name, search the web for "GPU Device Id")
[2017.10.26-16.21.30:276][  0]LogWindows: EnumDisplayDevices:
[2017.10.26-16.21.30:277][  0]LogWindows:    0. 'NVIDIA GeForce GTX 1070' (P:1 D:1)
[2017.10.26-16.21.30:277][  0]LogWindows:    1. 'NVIDIA GeForce GTX 1070' (P:0 D:1)
[2017.10.26-16.21.30:277][  0]LogWindows:    2. 'NVIDIA GeForce GTX 1070' (P:0 D:0)
[2017.10.26-16.21.30:277][  0]LogWindows:    3. 'NVIDIA GeForce GTX 1070' (P:0 D:0)
[2017.10.26-16.21.30:277][  0]LogWindows: DebugString: FoundDriverCount:4 
[2017.10.26-16.21.30:277][  0]LogD3D11RHI:     Adapter Name: NVIDIA GeForce GTX 1070
[2017.10.26-16.21.30:277][  0]LogD3D11RHI:   Driver Version: 382.05 (internal:22.21.13.8205, unified:382.05)
[2017.10.26-16.21.30:277][  0]LogD3D11RHI:      Driver Date: 5-1-2017
[2017.10.26-16.21.30:277][  0]LogRHI: Texture pool is 1361 MB (70% of 1945 MB)
[2017.10.26-16.21.30:683][  0]LogD3D11RHI: Async texture creation enabled
[2017.10.26-16.21.30:762][  0]LogD3D11RHI: GPU Timing Frequency: 1000.000000 (Debug: 2 1)
[2017.10.26-16.21.30:852][  0]LogShaderCompilers: Guid format shader working directory is -33 characters bigger than the processId version (../../../../../../Users/Bendick/Documents/GitHub/SR_Prototype_V3/SR_Prototype_V3/Intermediate/Shaders/WorkingDirectory/16084/).
[2017.10.26-16.21.30:852][  0]LogShaderCompilers: Cleaned the shader compiler working directory 'C:/Users/Bendick/AppData/Local/Temp/UnrealShaderWorkingDir/EF011642474D90DF98410EA2FE9B1E2D/'.
[2017.10.26-16.21.30:852][  0]LogShaderCompilers:Display: Using Local Shader Compiler.
[2017.10.26-16.21.31:534][  0]LogTemp:Display: Loaded TP AllDesktopTargetPlatform
[2017.10.26-16.21.31:566][  0]LogTemp:Display: Loaded TP MacClientTargetPlatform
[2017.10.26-16.21.31:599][  0]LogTemp:Display: Loaded TP MacNoEditorTargetPlatform
[2017.10.26-16.21.31:632][  0]LogTemp:Display: Loaded TP MacServerTargetPlatform
[2017.10.26-16.21.31:666][  0]LogTemp:Display: Loaded TP MacTargetPlatform
[2017.10.26-16.21.31:700][  0]LogTemp:Display: Loaded TP WindowsClientTargetPlatform
[2017.10.26-16.21.31:734][  0]LogTemp:Display: Loaded TP WindowsNoEditorTargetPlatform
[2017.10.26-16.21.31:768][  0]LogTemp:Display: Loaded TP WindowsServerTargetPlatform
[2017.10.26-16.21.31:798][  0]LogTemp:Display: Loaded TP WindowsTargetPlatform
[2017.10.26-16.21.31:831][  0]LogTemp:Display: Loaded TP AndroidTargetPlatform
[2017.10.26-16.21.31:864][  0]LogTemp:Display: Loaded TP Android_ASTCTargetPlatform
[2017.10.26-16.21.31:896][  0]LogTemp:Display: Loaded TP Android_ATCTargetPlatform
[2017.10.26-16.21.31:929][  0]LogTemp:Display: Loaded TP Android_DXTTargetPlatform
[2017.10.26-16.21.31:962][  0]LogTemp:Display: Loaded TP Android_ETC1TargetPlatform
[2017.10.26-16.21.31:994][  0]LogTemp:Display: Loaded TP Android_ETC2TargetPlatform
[2017.10.26-16.21.32:060][  0]LogTemp:Display: Loaded TP Android_MultiTargetPlatform
[2017.10.26-16.21.32:060][  0]LogTemp:Display: Loaded TP Android_PVRTCTargetPlatform
[2017.10.26-16.21.32:087][  0]LogTemp:Display: Loaded TP HTML5TargetPlatform
[2017.10.26-16.21.32:155][  0]LogTemp:Display: Loaded TP IOSTargetPlatform
[2017.10.26-16.21.32:175][  0]LogTemp:Display: Loaded TP TVOSTargetPlatform
[2017.10.26-16.21.32:208][  0]LogTemp:Display: Loaded TP LinuxClientTargetPlatform
[2017.10.26-16.21.32:242][  0]LogTemp:Display: Loaded TP LinuxNoEditorTargetPlatform
[2017.10.26-16.21.32:274][  0]LogTemp:Display: Loaded TP LinuxServerTargetPlatform
[2017.10.26-16.21.32:308][  0]LogTemp:Display: Loaded TP LinuxTargetPlatform
[2017.10.26-16.21.32:308][  0]LogTargetPlatformManager:Display: Building Assets For Windows
[2017.10.26-16.21.32:638][  0]LogDerivedDataCache:Display: Max Cache Size: 512 MB
[2017.10.26-16.21.32:716][  0]LogDerivedDataCache: Loaded boot cache 0.08s 111MB C:/Users/Bendick/AppData/Local/UnrealEngine/4.16/DerivedDataCache/Boot.ddc.
[2017.10.26-16.21.32:716][  0]LogDerivedDataCache:Display: Loaded Boot cache: C:/Users/Bendick/AppData/Local/UnrealEngine/4.16/DerivedDataCache/Boot.ddc
[2017.10.26-16.21.32:716][  0]LogDerivedDataCache: FDerivedDataBackendGraph:  Pak pak cache file ../../../../../../Users/Bendick/Documents/GitHub/SR_Prototype_V3/SR_Prototype_V3/DerivedDataCache/DDC.ddp not found, will not use a pak cache.
[2017.10.26-16.21.32:716][  0]LogDerivedDataCache: Unable to find inner node Pak for hierarchical cache Hierarchy.
[2017.10.26-16.21.32:716][  0]LogDerivedDataCache: FDerivedDataBackendGraph:  CompressedPak pak cache file ../../../../../../Users/Bendick/Documents/GitHub/SR_Prototype_V3/SR_Prototype_V3/DerivedDataCache/Compressed.ddp not found, will not use a pak cache.
[2017.10.26-16.21.32:716][  0]LogDerivedDataCache: Unable to find inner node CompressedPak for hierarchical cache Hierarchy.
[2017.10.26-16.21.32:727][  0]LogDerivedDataCache:Display: Pak cache opened for reading ../../../Engine/DerivedDataCache/Compressed.ddp.
[2017.10.26-16.21.32:738][  0]LogDerivedDataCache: Using Local data cache path C:/Users/Bendick/AppData/Local/UnrealEngine/Common/DerivedDataCache: Writable
[2017.10.26-16.21.32:745][  0]LogMaterial: Verifying Global Shaders for PCD3D_SM5
[2017.10.26-16.21.32:745][  0]LogSlate: Using Freetype 2.6.0
[2017.10.26-16.21.32:745][  0]LogSlate: SlateFontCache - WITH_FREETYPE: 1, WITH_HARFBUZZ: 1
[2017.10.26-16.21.32:745][  0]LogSlate: SlateFontCache - WITH_FREETYPE: 1, WITH_HARFBUZZ: 1
[2017.10.26-16.21.32:955][  0]LogInit: Selected Device Profile: [Windows]
[2017.10.26-16.21.33:108][  0]LogMeshUtilities: Using QuadricMeshReduction for automatic static mesh reduction
[2017.10.26-16.21.33:138][  0]LogSimplygon: Simplygon DLL not present - disabling.
[2017.10.26-16.21.33:169][  0]LogMeshUtilities: Using SimplygonSwarm for distributed automatic mesh merging
[2017.10.26-16.21.33:169][  0]LogMeshUtilities: No automatic skeletal mesh reduction module available
[2017.10.26-16.21.33:169][  0]LogMeshUtilities: No automatic mesh merging module available
[2017.10.26-16.21.33:537][  0]LogNetVersion: SR_Prototype_V3 , NetCL: 3452394, EngineNetVer: 2, GameNetVer: 0 (Checksum: 2708348065)
[2017.10.26-16.21.33:586][  0]LogAssetRegistry: FAssetRegistry took 0.0247 seconds to start up
[2017.10.26-16.21.33:631][  0]LogPackageLocalizationCache: Processed 5 localized package path(s) for 2 prioritized culture(s) in 0.028432 seconds
[2017.10.26-16.21.33:635][  0]LogUObjectArray: 34194 objects as part of root set at end of initial load.
[2017.10.26-16.21.33:635][  0]LogUObjectAllocator: 7260424 out of 0 bytes used by permanent object pool.
[2017.10.26-16.21.33:635][  0]LogUObjectArray: CloseDisregardForGC: 0/0 objects in disregard for GC pool
[2017.10.26-16.21.33:678][  0]LogInit: WinSock: version 1.1 (2.2), MaxSocks=32767, MaxUdp=65467
[2017.10.26-16.21.35:336][  0]LogTcpMessaging: Initializing TcpMessaging bridge
[2017.10.26-16.21.35:365][  0]LogUdpMessaging: Initializing bridge on interface 0.0.0.0:0 to multicast group 230.0.0.1:6666.
[2017.10.26-16.21.35:718][  0]LogMaterial: Uniform references updated for custom material expression Custom.
[2017.10.26-16.21.35:974][  0]SourceControl: Info Source control is disabled
[2017.10.26-16.21.35:997][  0]SourceControl: Info Source control is disabled
[2017.10.26-16.21.36:032][  0]SourceControl: Info Source control is disabled
[2017.10.26-16.21.36:061][  0]SourceControl: Info Source control is disabled
[2017.10.26-16.21.36:495][  0]LogAndroidPermission: UAndroidPermissionCallbackProxy::GetInstance
[2017.10.26-16.21.36:806][  0]LogModuleManager:Warning: No filename provided for module WebSocket
[2017.10.26-16.21.36:806][  0]LogModuleManager:Warning: ModuleManager: Unable to load module 'WebSocket' because the file 'C:/Program Files/Epic Games/UE_4.16/Engine/Binaries/Win64/' was not found.
[2017.10.26-16.21.36:810][  0]LogWindowsTextInputMethodSystem:Display: IME system now deactivated.
[2017.10.26-16.21.36:810][  0]LogWindowsTextInputMethodSystem:Display: IME system now deactivated.
[2017.10.26-16.21.46:860][  0]LogWindowsTextInputMethodSystem:Display: IME system now deactivated.
[2017.10.26-16.21.46:860][  0]LogWindowsTextInputMethodSystem:Display: IME system now deactivated.
[2017.10.26-16.21.46:862][  0]LogWindowsTextInputMethodSystem:Display: IME system now deactivated.
[2017.10.26-16.21.46:862][  0]LogWindowsTextInputMethodSystem:Display: IME system now deactivated.
[2017.10.26-16.21.46:869][  0]LogExit: Preparing to exit.
[2017.10.26-16.21.47:490][  0]LogObj: Freed 0b from 0 cluster array pools.
[2017.10.26-16.21.47:490][  0]LogExit: Object subsystem successfully closed.
[2017.10.26-16.21.47:500][  0]LogD3D11RHI: Shutdown
[2017.10.26-16.21.47:500][  0]LogD3D11RHI: CleanupD3DDevice
[2017.10.26-16.21.47:579][  0]LogD3D11RHI: ~FD3D11DynamicRHI
[2017.10.26-16.21.47:585][  0]LogModuleManager: Shutting down and abandoning module SteamVRController (324)
[2017.10.26-16.21.47:585][  0]LogModuleManager: Shutting down and abandoning module SteamVR (322)
[2017.10.26-16.21.47:585][  0]LogModuleManager: Shutting down and abandoning module ProceduralMeshComponentEditor (320)
[2017.10.26-16.21.47:585][  0]LogModuleManager: Shutting down and abandoning module ProceduralMeshComponent (318)
[2017.10.26-16.21.47:585][  0]LogModuleManager: Shutting down and abandoning module OculusLibrary (316)
[2017.10.26-16.21.47:585][  0]LogModuleManager: Shutting down and abandoning module OculusInput (314)
[2017.10.26-16.21.47:585][  0]LogModuleManager: Shutting down and abandoning module MobilePatchingUtils (312)
[2017.10.26-16.21.47:585][  0]LogModuleManager: Shutting down and abandoning module CustomMeshComponent (310)
[2017.10.26-16.21.47:585][  0]LogModuleManager: Shutting down and abandoning module CableComponent (308)
[2017.10.26-16.21.47:585][  0]LogModuleManager: Shutting down and abandoning module ArchVisCharacter (306)
[2017.10.26-16.21.47:585][  0]LogModuleManager: Shutting down and abandoning module AndroidPermission (304)
[2017.10.26-16.21.47:585][  0]LogModuleManager: Shutting down and abandoning module MediaPlayerEditor (300)
[2017.10.26-16.21.47:585][  0]LogModuleManager: Shutting down and abandoning module HTML5Networking (298)
[2017.10.26-16.21.47:585][  0]LogModuleManager: Shutting down and abandoning module AlembicImporter (296)
[2017.10.26-16.21.47:585][  0]LogModuleManager: Shutting down and abandoning module AlembicLibrary (295)
[2017.10.26-16.21.47:585][  0]LogModuleManager: Shutting down and abandoning module GeometryCache (294)
[2017.10.26-16.21.47:585][  0]LogModuleManager: Shutting down and abandoning module GeometryCacheEd (293)
[2017.10.26-16.21.47:585][  0]LogModuleManager: Shutting down and abandoning module SuperSearchEditor (288)
[2017.10.26-16.21.47:585][  0]LogModuleManager: Shutting down and abandoning module SuperSearch (287)
[2017.10.26-16.21.47:585][  0]LogModuleManager: Shutting down and abandoning module SpeedTreeImporter (284)
[2017.10.26-16.21.47:585][  0]LogModuleManager: Shutting down and abandoning module PluginBrowser (282)
[2017.10.26-16.21.47:585][  0]LogModuleManager: Shutting down and abandoning module MobileLauncherProfileWizard (280)
[2017.10.26-16.21.47:585][  0]LogModuleManager: Shutting down and abandoning module VisualStudioSourceCodeAccess (278)
[2017.10.26-16.21.47:585][  0]LogModuleManager: Shutting down and abandoning module DesktopPlatform (277)
[2017.10.26-16.21.47:585][  0]LogModuleManager: Shutting down and abandoning module UObjectPlugin (274)
[2017.10.26-16.21.47:585][  0]LogModuleManager: Shutting down and abandoning module SubversionSourceControl (272)
[2017.10.26-16.21.47:585][  0]LogModuleManager: Shutting down and abandoning module PerforceSourceControl (270)
[2017.10.26-16.21.47:585][  0]LogModuleManager: Shutting down and abandoning module GitSourceControl (268)
[2017.10.26-16.21.47:585][  0]LogModuleManager: Shutting down and abandoning module SourceControl (267)
[2017.10.26-16.21.47:585][  0]LogModuleManager: Shutting down and abandoning module LightPropagationVolumeEditor (264)
[2017.10.26-16.21.47:585][  0]LogModuleManager: Shutting down and abandoning module PaperTiledImporter (262)
[2017.10.26-16.21.47:585][  0]LogModuleManager: Shutting down and abandoning module PaperSpriteSheetImporter (260)
[2017.10.26-16.21.47:585][  0]LogModuleManager: Shutting down and abandoning module Paper2DEditor (258)
[2017.10.26-16.21.47:585][  0]LogModuleManager: Shutting down and abandoning module MeshPaint (257)
[2017.10.26-16.21.47:585][  0]LogModuleManager: Shutting down and abandoning module LevelEditor (255)
[2017.10.26-16.21.47:585][  0]LogModuleManager: Shutting down and abandoning module PixelInspectorModule (254)
[2017.10.26-16.21.47:585][  0]LogModuleManager: Shutting down and abandoning module MainFrame (252)
[2017.10.26-16.21.47:585][  0]LogModuleManager: Shutting down and abandoning module HotReload (251)
[2017.10.26-16.21.47:585][  0]LogModuleManager: Shutting down and abandoning module PhysXVehiclesEditor (246)
[2017.10.26-16.21.47:585][  0]LogModuleManager: Shutting down and abandoning module PhysXVehicles (244)
[2017.10.26-16.21.47:585][  0]LogModuleManager: Shutting down and abandoning module LocationServicesBPLibrary (242)
[2017.10.26-16.21.47:585][  0]LogModuleManager: Shutting down and abandoning module ImmediatePhysicsEditor (240)
[2017.10.26-16.21.47:585][  0]LogModuleManager: Shutting down and abandoning module ImmediatePhysics (238)
[2017.10.26-16.21.47:585][  0]LogModuleManager: Shutting down and abandoning module UdpMessaging (236)
[2017.10.26-16.21.47:686][  0]LogModuleManager: Shutting down and abandoning module TcpMessaging (234)
[2017.10.26-16.21.48:339][  0]LogModuleManager: Shutting down and abandoning module GameplayTagsEditor (232)
[2017.10.26-16.21.48:339][  0]LogModuleManager: Shutting down and abandoning module FacialAnimationEditor (230)
[2017.10.26-16.21.48:339][  0]LogModuleManager: Shutting down and abandoning module FacialAnimation (228)
[2017.10.26-16.21.48:339][  0]LogModuleManager: Shutting down and abandoning module AssetManagerEditor (226)
[2017.10.26-16.21.48:339][  0]LogModuleManager: Shutting down and abandoning module GraphEditor (225)
[2017.10.26-16.21.48:339][  0]LogModuleManager: Shutting down and abandoning module ContentBrowser (223)
[2017.10.26-16.21.48:339][  0]LogModuleManager: Shutting down and abandoning module LightPropagationVolumeRuntime (220)
[2017.10.26-16.21.48:339][  0]LogModuleManager: Shutting down and abandoning module Paper2D (218)
[2017.10.26-16.21.48:339][  0]LogModuleManager: Shutting down and abandoning module WindowsMoviePlayer (216)
[2017.10.26-16.21.48:339][  0]LogModuleManager: Shutting down and abandoning module WmfMedia (214)
[2017.10.26-16.21.48:339][  0]LogModuleManager: Shutting down and abandoning module ClothingSystemEditor (212)
[2017.10.26-16.21.48:339][  0]LogModuleManager: Shutting down and abandoning module ClothingSystemRuntime (210)
[2017.10.26-16.21.48:339][  0]LogModuleManager: Shutting down and abandoning module MediaAssets (208)
[2017.10.26-16.21.48:339][  0]LogModuleManager: Shutting down and abandoning module GameLiveStreaming (206)
[2017.10.26-16.21.48:339][  0]LogModuleManager: Shutting down and abandoning module VREditor (204)
[2017.10.26-16.21.48:339][  0]LogModuleManager: Shutting down and abandoning module StringTableEditor (202)
[2017.10.26-16.21.48:339][  0]LogModuleManager: Shutting down and abandoning module GameplayTasksEditor (200)
[2017.10.26-16.21.48:339][  0]LogModuleManager: Shutting down and abandoning module BehaviorTreeEditor (198)
[2017.10.26-16.21.48:339][  0]LogModuleManager: Shutting down and abandoning module FunctionalTesting (196)
[2017.10.26-16.21.48:339][  0]LogModuleManager: Shutting down and abandoning module CollisionAnalyzer (194)
[2017.10.26-16.21.48:339][  0]LogModuleManager: Shutting down and abandoning module UMG (192)
[2017.10.26-16.21.48:339][  0]LogModuleManager: Shutting down and abandoning module UMGEditor (191)
[2017.10.26-16.21.48:339][  0]LogModuleManager: Shutting down and abandoning module Sequencer (190)
[2017.10.26-16.21.48:339][  0]LogModuleManager: Shutting down and abandoning module AssetTools (188)
[2017.10.26-16.21.48:339][  0]LogModuleManager: Shutting down and abandoning module MessageLog (187)
[2017.10.26-16.21.48:339][  0]LogModuleManager: Shutting down and abandoning module WorkspaceMenuStructure (186)
[2017.10.26-16.21.48:339][  0]LogModuleManager: Shutting down and abandoning module SlateReflector (180)
[2017.10.26-16.21.48:339][  0]LogModuleManager: Shutting down and abandoning module Slate (178)
[2017.10.26-16.21.48:339][  0]LogModuleManager: Shutting down and abandoning module EditorStyle (176)
[2017.10.26-16.21.48:341][  0]LogModuleManager: Shutting down and abandoning module SourceCodeAccess (174)
[2017.10.26-16.21.48:341][  0]LogModuleManager: Shutting down and abandoning module HeadMountedDisplay (172)
[2017.10.26-16.21.48:341][  0]LogModuleManager: Shutting down and abandoning module XAudio2 (170)
[2017.10.26-16.21.48:341][  0]LogModuleManager: Shutting down and abandoning module Networking (168)
[2017.10.26-16.21.48:341][  0]LogModuleManager: Shutting down and abandoning module Core (164)
[2017.10.26-16.21.48:341][  0]LogModuleManager: Shutting down and abandoning module AssetRegistry (162)
[2017.10.26-16.21.48:465][  0]LogDirectoryWatcher: A directory notification for '../../../Engine/Content/' was aborted.
[2017.10.26-16.21.48:465][  0]LogDirectoryWatcher: A directory notification for '../../../../../../Users/Bendick/Documents/GitHub/SR_Prototype_V3/SR_Prototype_V3/Content/' was aborted.
[2017.10.26-16.21.48:465][  0]LogDirectoryWatcher: A directory notification for '../../../Engine/Plugins/2D/Paper2D/Content/' was aborted.
[2017.10.26-16.21.48:465][  0]LogDirectoryWatcher: A directory notification for '../../../Engine/Plugins/Runtime/GearVR/Content/' was aborted.
[2017.10.26-16.21.48:465][  0]LogModuleManager: Shutting down and abandoning module DirectoryWatcher (161)
[2017.10.26-16.21.48:465][  0]LogModuleManager: Shutting down and abandoning module KismetCompiler (158)
[2017.10.26-16.21.48:465][  0]LogModuleManager: Shutting down and abandoning module LevelSequence (156)
[2017.10.26-16.21.48:465][  0]LogModuleManager: Shutting down and abandoning module PhysXFormats (154)
[2017.10.26-16.21.48:465][  0]LogModuleManager: Shutting down and abandoning module MeshUtilities (152)
[2017.10.26-16.21.48:465][  0]LogModuleManager: Shutting down and abandoning module SimplygonSwarm (151)
[2017.10.26-16.21.48:465][  0]LogModuleManager: Shutting down and abandoning module SimplygonMeshReduction (149)
[2017.10.26-16.21.48:465][  0]LogModuleManager: Shutting down and abandoning module QuadricMeshReduction (147)
[2017.10.26-16.21.48:465][  0]LogModuleManager: Shutting down and abandoning module DerivedDataCache (144)
[2017.10.26-16.21.48:748][  0]LogDerivedDataCache: Shutdown
[2017.10.26-16.21.48:748][  0]LogModuleManager: Shutting down and abandoning module TargetPlatform (142)
[2017.10.26-16.21.48:748][  0]LogModuleManager: Shutting down and abandoning module VulkanShaderFormat (141)
[2017.10.26-16.21.48:748][  0]LogModuleManager: Shutting down and abandoning module ShaderFormatVectorVM (139)
[2017.10.26-16.21.48:748][  0]LogModuleManager: Shutting down and abandoning module ShaderFormatOpenGL (137)
[2017.10.26-16.21.48:748][  0]LogModuleManager: Shutting down and abandoning module ShaderFormatD3D (135)
[2017.10.26-16.21.48:748][  0]LogModuleManager: Shutting down and abandoning module MetalShaderFormat (133)
[2017.10.26-16.21.48:748][  0]LogModuleManager: Shutting down and abandoning module TextureFormatUncompressed (131)
[2017.10.26-16.21.48:748][  0]LogModuleManager: Shutting down and abandoning module TextureFormatPVR (129)
[2017.10.26-16.21.48:748][  0]LogModuleManager: Shutting down and abandoning module TextureFormatDXT (127)
[2017.10.26-16.21.48:748][  0]LogModuleManager: Shutting down and abandoning module TextureFormatIntelISPCTexComp (125)
[2017.10.26-16.21.48:748][  0]LogModuleManager: Shutting down and abandoning module TextureFormatASTC (123)
[2017.10.26-16.21.48:748][  0]LogModuleManager: Shutting down and abandoning module ImageWrapper (122)
[2017.10.26-16.21.48:748][  0]LogModuleManager: Shutting down and abandoning module TextureFormatAndroid (119)
[2017.10.26-16.21.48:748][  0]LogModuleManager: Shutting down and abandoning module AudioFormatOpus (117)
[2017.10.26-16.21.48:748][  0]LogModuleManager: Shutting down and abandoning module AudioFormatOgg (115)
[2017.10.26-16.21.48:748][  0]LogModuleManager: Shutting down and abandoning module AudioFormatADPCM (113)
[2017.10.26-16.21.48:748][  0]LogModuleManager: Shutting down and abandoning module LinuxTargetPlatform (111)
[2017.10.26-16.21.48:748][  0]LogModuleManager: Shutting down and abandoning module LinuxServerTargetPlatform (109)
[2017.10.26-16.21.48:748][  0]LogModuleManager: Shutting down and abandoning module LinuxNoEditorTargetPlatform (107)
[2017.10.26-16.21.48:748][  0]LogModuleManager: Shutting down and abandoning module LinuxClientTargetPlatform (105)
[2017.10.26-16.21.48:748][  0]LogModuleManager: Shutting down and abandoning module TVOSTargetPlatform (103)
[2017.10.26-16.21.48:748][  0]LogModuleManager: Shutting down and abandoning module Messaging (101)
[2017.10.26-16.21.48:748][  0]LogModuleManager: Shutting down and abandoning module IOSTargetPlatform (99)
[2017.10.26-16.21.48:748][  0]LogModuleManager: Shutting down and abandoning module HTML5TargetPlatform (97)
[2017.10.26-16.21.48:748][  0]LogModuleManager: Shutting down and abandoning module Android_PVRTCTargetPlatform (95)
[2017.10.26-16.21.48:748][  0]LogModuleManager: Shutting down and abandoning module Android_MultiTargetPlatform (93)
[2017.10.26-16.21.48:748][  0]LogModuleManager: Shutting down and abandoning module Android_ETC2TargetPlatform (91)
[2017.10.26-16.21.48:748][  0]LogModuleManager: Shutting down and abandoning module Android_ETC1TargetPlatform (89)
[2017.10.26-16.21.48:748][  0]LogModuleManager: Shutting down and abandoning module Android_DXTTargetPlatform (87)
[2017.10.26-16.21.48:748][  0]LogModuleManager: Shutting down and abandoning module Android_ATCTargetPlatform (85)
[2017.10.26-16.21.48:748][  0]LogModuleManager: Shutting down and abandoning module Android_ASTCTargetPlatform (83)
[2017.10.26-16.21.48:748][  0]LogModuleManager: Shutting down and abandoning module AndroidTargetPlatform (81)
[2017.10.26-16.21.48:748][  0]LogModuleManager: Shutting down and abandoning module WindowsTargetPlatform (79)
[2017.10.26-16.21.48:748][  0]LogModuleManager: Shutting down and abandoning module WindowsServerTargetPlatform (77)
[2017.10.26-16.21.48:748][  0]LogModuleManager: Shutting down and abandoning module WindowsNoEditorTargetPlatform (75)
[2017.10.26-16.21.48:748][  0]LogModuleManager: Shutting down and abandoning module WindowsClientTargetPlatform (73)
[2017.10.26-16.21.48:748][  0]LogModuleManager: Shutting down and abandoning module MacTargetPlatform (71)
[2017.10.26-16.21.48:748][  0]LogModuleManager: Shutting down and abandoning module MacServerTargetPlatform (69)
[2017.10.26-16.21.48:748][  0]LogModuleManager: Shutting down and abandoning module MacNoEditorTargetPlatform (67)
[2017.10.26-16.21.48:748][  0]LogModuleManager: Shutting down and abandoning module MacClientTargetPlatform (65)
[2017.10.26-16.21.48:748][  0]LogModuleManager: Shutting down and abandoning module AllDesktopTargetPlatform (63)
[2017.10.26-16.21.48:748][  0]LogModuleManager: Shutting down and abandoning module InputCore (60)
[2017.10.26-16.21.48:748][  0]LogModuleManager: Shutting down and abandoning module Settings (58)
[2017.10.26-16.21.48:748][  0]LogModuleManager: Shutting down and abandoning module OculusRift (56)
[2017.10.26-16.21.48:748][  0]LogModuleManager: Shutting down and abandoning module GearVRController (54)
[2017.10.26-16.21.48:748][  0]LogModuleManager: Shutting down and abandoning module GearVR (52)
[2017.10.26-16.21.48:748][  0]LogModuleManager: Shutting down and abandoning module ExampleDeviceProfileSelector (50)
[2017.10.26-16.21.48:748][  0]LogModuleManager: Shutting down and abandoning module OnlineBlueprintSupport (48)
[2017.10.26-16.21.48:748][  0]LogModuleManager: Shutting down and abandoning module OnlineSubsystem (44)
[2017.10.26-16.21.48:748][  0]LogOnline:Display: Unloading online subsystem: NULL
[2017.10.26-16.21.48:748][  0]LogModuleManager: Shutting down and abandoning module XMPP (43)
[2017.10.26-16.21.48:748][  0]LogModuleManager: Shutting down and abandoning module HTTP (41)
[2017.10.26-16.21.48:771][  0]LogModuleManager: Shutting down and abandoning module SSL (40)
[2017.10.26-16.21.48:772][  0]LogModuleManager: Shutting down and abandoning module HTTPChunkInstaller (36)
[2017.10.26-16.21.48:772][  0]LogModuleManager: Shutting down and abandoning module AnimationModifiers (34)
[2017.10.26-16.21.48:772][  0]LogModuleManager: Shutting down and abandoning module PropertyEditor (33)
[2017.10.26-16.21.48:772][  0]LogModuleManager: Shutting down and abandoning module AudioEditor (30)
[2017.10.26-16.21.48:772][  0]LogModuleManager: Shutting down and abandoning module TextureCompressor (28)
[2017.10.26-16.21.48:772][  0]LogModuleManager: Shutting down and abandoning module ShaderCore (26)
[2017.10.26-16.21.48:772][  0]LogModuleManager: Shutting down and abandoning module Landscape (24)
[2017.10.26-16.21.48:772][  0]LogModuleManager: Shutting down and abandoning module SlateRHIRenderer (22)
[2017.10.26-16.21.48:772][  0]LogModuleManager: Shutting down and abandoning module OpenGLDrv (20)
[2017.10.26-16.21.48:772][  0]LogModuleManager: Shutting down and abandoning module D3D11RHI (18)
[2017.10.26-16.21.48:772][  0]LogModuleManager: Shutting down and abandoning module AnimGraphRuntime (16)
[2017.10.26-16.21.48:772][  0]LogModuleManager: Shutting down and abandoning module Renderer (14)
[2017.10.26-16.21.48:772][  0]LogModuleManager: Shutting down and abandoning module Engine (12)
[2017.10.26-16.21.48:772][  0]LogModuleManager: Shutting down and abandoning module CoreUObject (10)
[2017.10.26-16.21.48:772][  0]LogModuleManager: Shutting down and abandoning module NetworkFile (8)
[2017.10.26-16.21.48:772][  0]LogModuleManager: Shutting down and abandoning module StreamingFile (6)
[2017.10.26-16.21.48:772][  0]LogModuleManager: Shutting down and abandoning module SandboxFile (4)
[2017.10.26-16.21.48:772][  0]LogModuleManager: Shutting down and abandoning module PakFile (2)
[2017.10.26-16.21.48:773][  0]LogExit: Exiting.
[2017.10.26-16.21.48:786][  0]Log file closed, 10/26/17 18:21:48
