Log file open, 10/13/17 13:46:08
LogInit:Display: Running engine for game: SR_Prototype_V3
LogPlatformFile: Not using cached read wrapper
LogInit:Display: RandInit(-328062477) SRandInit(-328062477).
LogTaskGraph: Started task graph with 5 named threads and 8 total threads with 1 sets of task threads.
LogStats: Stats thread started at 0.916689
LogInit: Using libcurl 7.47.1
LogInit:  - built for x86_64-pc-win32
LogInit:  - supports SSL with OpenSSL/1.0.2g
LogInit:  - supports HTTP deflate (compression) using libz 1.2.8
LogInit:  - other features:
LogInit:      CURL_VERSION_SSL
LogInit:      CURL_VERSION_LIBZ
LogInit:      CURL_VERSION_IPV6
LogInit:      CURL_VERSION_ASYNCHDNS
LogInit:      CURL_VERSION_LARGEFILE
LogInit:      CURL_VERSION_IDN
LogInit:  CurlRequestOptions (configurable via config and command line):
LogInit:  - bVerifyPeer = false  - Libcurl will NOT verify peer certificate
LogInit:  - bUseHttpProxy = false  - Libcurl will NOT use HTTP proxy
LogInit:  - bDontReuseConnections = false  - Libcurl will reuse connections
LogInit:  - CertBundlePath = nullptr  - Libcurl will use whatever was configured at build time.
LogInit: Build: ++UE4+Release-4.16-CL-3561208
LogInit: Engine Version: 4.16.3-3561208+++UE4+Release-4.16
LogInit: Compatible Engine Version: 4.16.0-3452394+++UE4+Release-4.16
LogInit: Net CL: 3452394
LogDevObjectVersion: Number of dev versions registered: 16
LogDevObjectVersion:   Dev-Blueprints (B0D832E4-1F89-4F0D-ACCF-7EB736FD4AA2): 9
LogDevObjectVersion:   Dev-Build (E1C64328-A22C-4D53-A36C-8E866417BD8C): 0
LogDevObjectVersion:   Dev-Core (375EC13C-06E4-48FB-B500-84F0262A717E): 2
LogDevObjectVersion:   Dev-Editor (E4B068ED-F494-42E9-A231-DA0B2E46BB41): 17
LogDevObjectVersion:   Dev-Framework (CFFC743F-43B0-4480-9391-14DF171D2073): 23
LogDevObjectVersion:   Dev-Mobile (B02B49B5-BB20-44E9-A304-32B752E40360): 0
LogDevObjectVersion:   Dev-Networking (A4E4105C-59A1-49B5-A7C5-40C4547EDFEE): 0
LogDevObjectVersion:   Dev-Online (39C831C9-5AE6-47DC-9A44-9C173E1C8E7C): 0
LogDevObjectVersion:   Dev-Physics (78F01B33-EBEA-4F98-B9B4-84EACCB95AA2): 0
LogDevObjectVersion:   Dev-Platform (6631380F-2D4D-43E0-8009-CF276956A95A): 0
LogDevObjectVersion:   Dev-Rendering (12F88B9F-8875-4AFC-A67C-D90C383ABD29): 15
LogDevObjectVersion:   Dev-Sequencer (7B5AE74C-D270-4C10-A958-57980B212A5A): 4
LogDevObjectVersion:   Dev-VR (D7296918-1DD6-4BDD-9DE2-64A83CC13884): 0
LogDevObjectVersion:   Dev-LoadTimes (C2A15278-BFE7-4AFE-6C17-90FF531DF755): 1
LogDevObjectVersion:   Private-Geometry (6EACA3D4-40EC-4CC1-B786-8BED09428FC5): 1
LogDevObjectVersion:   Dev-AnimPhys (29E575DD-E0A3-4627-9D10-D276232CDCEA): 3
LogInit: Compiled (64-bit): Jul 28 2017 11:49:47
LogInit: Compiled with Visual C++: 19.00.24215.01
LogInit: Build Configuration: Development
LogInit: Branch Name: ++UE4+Release-4.16
LogInit: Command line:  
LogInit: Base directory: D:/UE_4.16/Engine/Binaries/Win64/
LogInit: Installed Engine Build: 1
LogInit: Presizing for max 8388607 objects, including 0 objects not considered by GC, pre-allocating 0 bytes for permanent pool.
LogInit: Object subsystem initialized
[2017.10.13-11.46.09:739][  0]LogInit: Selected Device Profile: [Windows]
[2017.10.13-11.46.09:739][  0]LogInit: Applying CVar settings loaded from the selected device profile: [Windows]
[2017.10.13-11.46.09:808][  0]LogInit: Computer: MAGNUS-PC
[2017.10.13-11.46.09:808][  0]LogInit: User: Magnus
[2017.10.13-11.46.09:808][  0]LogInit: CPU Page size=4096, Cores=4
[2017.10.13-11.46.09:808][  0]LogInit: High frequency timer resolution =3.117186 MHz
[2017.10.13-11.46.09:827][  0]LogMemory: Memory total: Physical=16.0GB (16GB approx)
[2017.10.13-11.46.09:827][  0]LogMemory: Platform Memory Stats for Windows
[2017.10.13-11.46.09:827][  0]LogMemory: Process Physical Memory: 273.70 MB used, 273.70 MB peak
[2017.10.13-11.46.09:827][  0]LogMemory: Process Virtual Memory: 266.45 MB used, 266.45 MB peak
[2017.10.13-11.46.09:827][  0]LogMemory: Physical Memory: 8163.02 MB used,  8173.82 MB free, 16336.84 MB total
[2017.10.13-11.46.09:827][  0]LogMemory: Virtual Memory: 643.55 MB used,  8173.82 MB free, 134217728.00 MB total
[2017.10.13-11.46.10:440][  0]LogInit: Using OS detected language (nb-NO).
[2017.10.13-11.46.10:440][  0]LogInit: Using OS detected locale (nb-NO).
[2017.10.13-11.46.10:573][  0]LogTextLocalizationManager: No localization for 'nb-NO' exists, so 'en' will be used for the language.
[2017.10.13-11.46.10:574][  0]LogTextLocalizationManager: No localization for 'nb-NO' exists, so 'en' will be used for the locale.
[2017.10.13-11.46.14:248][  0]LogD3D11RHI: D3D11 adapters:
[2017.10.13-11.46.14:886][  0]LogD3D11RHI:    0. 'NVIDIA GeForce GTX 1070' (Feature Level 11_0)
[2017.10.13-11.46.14:886][  0]LogD3D11RHI:       8119/0/8168 MB DedicatedVideo/DedicatedSystem/SharedSystem, Outputs:3, VendorId:0x10de
[2017.10.13-11.46.14:888][  0]LogD3D11RHI:    1. 'Microsoft Basic Render Driver' (Feature Level 11_0)
[2017.10.13-11.46.14:888][  0]LogD3D11RHI:       0/0/8168 MB DedicatedVideo/DedicatedSystem/SharedSystem, Outputs:0, VendorId:0x1414
[2017.10.13-11.46.14:888][  0]LogD3D11RHI: Chosen D3D11 Adapter: 0
[2017.10.13-11.46.14:910][  0]LogD3D11RHI: Creating new Direct3DDevice
[2017.10.13-11.46.14:910][  0]LogD3D11RHI:     GPU DeviceId: 0x1b81 (for the marketing name, search the web for "GPU Device Id")
[2017.10.13-11.46.14:911][  0]LogWindows: EnumDisplayDevices:
[2017.10.13-11.46.14:911][  0]LogWindows:    0. 'NVIDIA GeForce GTX 1070' (P:1 D:1)
[2017.10.13-11.46.14:911][  0]LogWindows:    1. 'NVIDIA GeForce GTX 1070' (P:0 D:1)
[2017.10.13-11.46.14:911][  0]LogWindows:    2. 'NVIDIA GeForce GTX 1070' (P:0 D:1)
[2017.10.13-11.46.14:911][  0]LogWindows:    3. 'NVIDIA GeForce GTX 1070' (P:0 D:0)
[2017.10.13-11.46.14:911][  0]LogWindows: DebugString: FoundDriverCount:4 
[2017.10.13-11.46.14:911][  0]LogD3D11RHI:     Adapter Name: NVIDIA GeForce GTX 1070
[2017.10.13-11.46.14:911][  0]LogD3D11RHI:   Driver Version: 382.05 (internal:22.21.13.8205, unified:382.05)
[2017.10.13-11.46.14:911][  0]LogD3D11RHI:      Driver Date: 5-1-2017
[2017.10.13-11.46.14:911][  0]LogRHI: Texture pool is 1361 MB (70% of 1945 MB)
[2017.10.13-11.46.15:593][  0]LogD3D11RHI: Async texture creation enabled
[2017.10.13-11.46.16:248][  0]LogD3D11RHI: GPU Timing Frequency: 1000.000000 (Debug: 2 1)
[2017.10.13-11.46.16:326][  0]LogShaderCompilers: Guid format shader working directory is -17 characters bigger than the processId version (C:/Users/Magnus/Documents/GitHub/SR_Prototype_V3/SR_Prototype_V3/Intermediate/Shaders/WorkingDirectory/4312/).
[2017.10.13-11.46.16:326][  0]LogShaderCompilers: Cleaned the shader compiler working directory 'C:/Users/Magnus/AppData/Local/Temp/UnrealShaderWorkingDir/9E00AC37433D7DD8BBCE9FA0D4C43D81/'.
[2017.10.13-11.46.16:332][  0]LogShaderCompilers:Display: Using Local Shader Compiler.
[2017.10.13-11.46.19:824][  0]LogTemp:Display: Loaded TP AllDesktopTargetPlatform
[2017.10.13-11.46.19:860][  0]LogTemp:Display: Loaded TP MacClientTargetPlatform
[2017.10.13-11.46.19:896][  0]LogTemp:Display: Loaded TP MacNoEditorTargetPlatform
[2017.10.13-11.46.19:935][  0]LogTemp:Display: Loaded TP MacServerTargetPlatform
[2017.10.13-11.46.19:991][  0]LogTemp:Display: Loaded TP MacTargetPlatform
[2017.10.13-11.46.20:031][  0]LogTemp:Display: Loaded TP WindowsClientTargetPlatform
[2017.10.13-11.46.20:070][  0]LogTemp:Display: Loaded TP WindowsNoEditorTargetPlatform
[2017.10.13-11.46.20:107][  0]LogTemp:Display: Loaded TP WindowsServerTargetPlatform
[2017.10.13-11.46.20:147][  0]LogTemp:Display: Loaded TP WindowsTargetPlatform
[2017.10.13-11.46.20:189][  0]LogTemp:Display: Loaded TP AndroidTargetPlatform
[2017.10.13-11.46.20:225][  0]LogTemp:Display: Loaded TP Android_ASTCTargetPlatform
[2017.10.13-11.46.20:263][  0]LogTemp:Display: Loaded TP Android_ATCTargetPlatform
[2017.10.13-11.46.20:300][  0]LogTemp:Display: Loaded TP Android_DXTTargetPlatform
[2017.10.13-11.46.20:336][  0]LogTemp:Display: Loaded TP Android_ETC1TargetPlatform
[2017.10.13-11.46.20:371][  0]LogTemp:Display: Loaded TP Android_ETC2TargetPlatform
[2017.10.13-11.46.20:463][  0]LogTemp:Display: Loaded TP Android_MultiTargetPlatform
[2017.10.13-11.46.20:463][  0]LogTemp:Display: Loaded TP Android_PVRTCTargetPlatform
[2017.10.13-11.46.20:490][  0]LogTemp:Display: Loaded TP HTML5TargetPlatform
[2017.10.13-11.46.20:618][  0]LogTemp:Display: Loaded TP IOSTargetPlatform
[2017.10.13-11.46.20:642][  0]LogTemp:Display: Loaded TP TVOSTargetPlatform
[2017.10.13-11.46.20:681][  0]LogTemp:Display: Loaded TP LinuxClientTargetPlatform
[2017.10.13-11.46.20:721][  0]LogTemp:Display: Loaded TP LinuxNoEditorTargetPlatform
[2017.10.13-11.46.20:758][  0]LogTemp:Display: Loaded TP LinuxServerTargetPlatform
[2017.10.13-11.46.20:800][  0]LogTemp:Display: Loaded TP LinuxTargetPlatform
[2017.10.13-11.46.20:800][  0]LogTargetPlatformManager:Display: Building Assets For Windows
[2017.10.13-11.46.21:892][  0]LogDerivedDataCache:Display: Max Cache Size: 512 MB
[2017.10.13-11.46.22:331][  0]LogDerivedDataCache: Loaded boot cache 0.44s 111MB C:/Users/Magnus/AppData/Local/UnrealEngine/4.16/DerivedDataCache/Boot.ddc.
[2017.10.13-11.46.22:332][  0]LogDerivedDataCache:Display: Loaded Boot cache: C:/Users/Magnus/AppData/Local/UnrealEngine/4.16/DerivedDataCache/Boot.ddc
[2017.10.13-11.46.22:332][  0]LogDerivedDataCache: FDerivedDataBackendGraph:  Pak pak cache file C:/Users/Magnus/Documents/GitHub/SR_Prototype_V3/SR_Prototype_V3/DerivedDataCache/DDC.ddp not found, will not use a pak cache.
[2017.10.13-11.46.22:332][  0]LogDerivedDataCache: Unable to find inner node Pak for hierarchical cache Hierarchy.
[2017.10.13-11.46.22:332][  0]LogDerivedDataCache: FDerivedDataBackendGraph:  CompressedPak pak cache file C:/Users/Magnus/Documents/GitHub/SR_Prototype_V3/SR_Prototype_V3/DerivedDataCache/Compressed.ddp not found, will not use a pak cache.
[2017.10.13-11.46.22:332][  0]LogDerivedDataCache: Unable to find inner node CompressedPak for hierarchical cache Hierarchy.
[2017.10.13-11.46.22:397][  0]LogDerivedDataCache:Display: Pak cache opened for reading ../../../Engine/DerivedDataCache/Compressed.ddp.
[2017.10.13-11.46.22:409][  0]LogDerivedDataCache: Using Local data cache path C:/Users/Magnus/AppData/Local/UnrealEngine/Common/DerivedDataCache: Writable
[2017.10.13-11.46.22:452][  0]LogMaterial: Verifying Global Shaders for PCD3D_SM5
[2017.10.13-11.46.22:499][  0]LogSlate: Using Freetype 2.6.0
[2017.10.13-11.46.22:566][  0]LogSlate: SlateFontCache - WITH_FREETYPE: 1, WITH_HARFBUZZ: 1
[2017.10.13-11.46.22:566][  0]LogSlate: SlateFontCache - WITH_FREETYPE: 1, WITH_HARFBUZZ: 1
[2017.10.13-11.46.29:718][  0]LogInit: Selected Device Profile: [Windows]
[2017.10.13-11.46.30:533][  0]LogMeshUtilities: Using QuadricMeshReduction for automatic static mesh reduction
[2017.10.13-11.46.30:610][  0]LogSimplygon: Simplygon DLL not present - disabling.
[2017.10.13-11.46.30:647][  0]LogMeshUtilities: Using SimplygonSwarm for distributed automatic mesh merging
[2017.10.13-11.46.30:647][  0]LogMeshUtilities: No automatic skeletal mesh reduction module available
[2017.10.13-11.46.30:647][  0]LogMeshUtilities: No automatic mesh merging module available
[2017.10.13-11.46.32:608][  0]LogNetVersion: SR_Prototype_V3 , NetCL: 3452394, EngineNetVer: 2, GameNetVer: 0 (Checksum: 2708348065)
[2017.10.13-11.46.32:750][  0]LogAssetRegistry: FAssetRegistry took 0.0304 seconds to start up
[2017.10.13-11.46.32:797][  0]LogPackageLocalizationCache: Processed 4 localized package path(s) for 1 prioritized culture(s) in 0.027348 seconds
[2017.10.13-11.46.32:803][  0]LogUObjectArray: 34194 objects as part of root set at end of initial load.
[2017.10.13-11.46.32:803][  0]LogUObjectAllocator: 7260416 out of 0 bytes used by permanent object pool.
[2017.10.13-11.46.32:803][  0]LogUObjectArray: CloseDisregardForGC: 0/0 objects in disregard for GC pool
[2017.10.13-11.46.32:850][  0]LogInit: WinSock: version 1.1 (2.2), MaxSocks=32767, MaxUdp=65467
[2017.10.13-11.46.38:888][  0]LogTcpMessaging: Initializing TcpMessaging bridge
[2017.10.13-11.46.38:928][  0]LogUdpMessaging: Initializing bridge on interface 0.0.0.0:0 to multicast group 230.0.0.1:6666.
[2017.10.13-11.46.39:634][  0]LogMaterial: Uniform references updated for custom material expression Custom.
[2017.10.13-11.46.40:072][  0]SourceControl: Info Source control is disabled
[2017.10.13-11.46.40:129][  0]SourceControl: Info Source control is disabled
[2017.10.13-11.46.40:194][  0]SourceControl: Info Source control is disabled
[2017.10.13-11.46.40:232][  0]SourceControl: Info Source control is disabled
[2017.10.13-11.46.40:992][  0]LogAndroidPermission: UAndroidPermissionCallbackProxy::GetInstance
[2017.10.13-11.46.41:859][  0]LogEngine: Initializing Engine...
[2017.10.13-11.46.41:863][  0]LogHMD: Failed to initialize OpenVR with code 110
[2017.10.13-11.46.42:302][  0]LogStats: UGameplayTagsManager::ConstructGameplayTagTree: Construct from data asset -  0.000 s
[2017.10.13-11.46.42:304][  0]LogStats: UGameplayTagsManager::ConstructGameplayTagTree: GameplayTagTreeChangedEvent.Broadcast -  0.000 s
[2017.10.13-11.46.42:573][  0]LogAIModule: Creating AISystem for world Untitled
[2017.10.13-11.46.42:625][  0]LogInit: XAudio2 using 'Høyttalere (Yeti Stereo Microphone)' : 2 channels at 48 kHz using 16 bits per sample (channel mask 0x3)
[2017.10.13-11.46.42:642][  0]LogInit: FAudioDevice initialized.
[2017.10.13-11.46.42:698][  0]LogDerivedDataCache: Saved boot cache 0.05s 111MB C:/Users/Magnus/AppData/Local/UnrealEngine/4.16/DerivedDataCache/Boot.ddc.
[2017.10.13-11.46.42:712][  0]LogInit: Texture streaming: Disabled
[2017.10.13-11.46.42:797][  0]LogEngineSessionManager: EngineSessionManager initialized
[2017.10.13-11.46.43:058][  0]LogInit: Transaction tracking system initialized
[2017.10.13-11.46.43:364][  0]BlueprintLog: New page: Editor Load
[2017.10.13-11.46.44:394][  0]LocalizationService: Info Localization service is disabled
[2017.10.13-11.46.45:066][  0]LogConsoleResponse:Display: 
[2017.10.13-11.46.45:361][  0]LogFileCache: Scanning file cache for directory 'C:/Users/Magnus/Documents/GitHub/SR_Prototype_V3/SR_Prototype_V3/Content/' took 0.02s
[2017.10.13-11.46.45:361][  0]LogCook:Display: Max memory allowance for cook 16384mb min free memory 0mb
[2017.10.13-11.46.45:362][  0]LogCook:Display: Mobile HDR setting 1
[2017.10.13-11.46.46:365][  0]SourceControl: Info Source control is disabled
[2017.10.13-11.46.46:369][  0]Cmd: MAP LOAD FILE="C:/Users/Magnus/Documents/GitHub/SR_Prototype_V3/SR_Prototype_V3/Content/ScanReach.umap" TEMPLATE=0 SHOWPROGRESS=1 FEATURELEVEL=3
[2017.10.13-11.46.46:373][  0]LightingResults: New page: Lighting Build
[2017.10.13-11.46.46:455][  0]MapCheck: New page: Map Check
[2017.10.13-11.46.46:455][  0]LightingResults: New page: Lighting Build
[2017.10.13-11.46.47:767][  0]LogAIModule: Creating AISystem for world ScanReach
[2017.10.13-11.46.47:886][  0]LogEditorServer: Finished looking for orphan Actors (0.000 secs)
[2017.10.13-11.46.47:914][  0]Cmd: MAP CHECKDEP NOCLEARLOG
[2017.10.13-11.46.47:989][  0]MapCheck: Info Map check complete: 0 Error(s), 0 Warning(s), took 36.796ms to complete.
[2017.10.13-11.46.47:991][  0]LogFileHelpers: Loading map 'ScanReach' took 1.623
[2017.10.13-11.46.48:473][  0]LogCollectionManager: Loaded 0 collections in 0.000795 seconds
[2017.10.13-11.46.48:615][  0]LogFileCache: Scanning file cache for directory 'C:/Users/Magnus/Documents/GitHub/SR_Prototype_V3/SR_Prototype_V3/Saved/Collections/' took 0.01s
[2017.10.13-11.46.48:615][  0]LogFileCache: Scanning file cache for directory 'C:/Users/Magnus/Documents/GitHub/SR_Prototype_V3/SR_Prototype_V3/Content/Developers/Magnus/Collections/' took 0.01s
[2017.10.13-11.46.48:615][  0]LogFileCache: Scanning file cache for directory 'C:/Users/Magnus/Documents/GitHub/SR_Prototype_V3/SR_Prototype_V3/Content/Collections/' took 0.01s
[2017.10.13-11.46.48:615][  0]LogCollectionManager: Rebuilt the GUID cache for 0 collections in 0.000002 seconds
[2017.10.13-11.46.48:628][  0]LogContentBrowser: Native class hierarchy populated in 0.0103 seconds. Added 2329 classes and 491 folders.
[2017.10.13-11.46.48:682][  0]LogContentBrowser: Native class hierarchy updated for 'WidgetCarousel' in 0.0005 seconds. Added 0 classes and 0 folders.
[2017.10.13-11.46.49:102][  0]LogContentBrowser: Native class hierarchy updated for 'AddContentDialog' in 0.0006 seconds. Added 0 classes and 0 folders.
[2017.10.13-11.46.49:186][  0]LogContentBrowser: Native class hierarchy updated for 'SceneOutliner' in 0.0005 seconds. Added 1 classes and 2 folders.
[2017.10.13-11.46.49:566][  0]LogCrashTracker: Crashtracker disabled due to settings.
[2017.10.13-11.46.49:631][  0]LogSlate: Took 0.012631 seconds to synchronously load lazily loaded font '../../../Engine/Content/Slate/Fonts/Roboto-Regular.ttf' (155K)
[2017.10.13-11.46.49:640][  0]LogSlate: Took 0.006583 seconds to synchronously load lazily loaded font '../../../Engine/Content/Slate/Fonts/Roboto-Bold.ttf' (160K)
[2017.10.13-11.46.49:658][  0]LogSlate: Took 0.008042 seconds to synchronously load lazily loaded font '../../../Engine/Content/Editor/Slate/Fonts/FontAwesome.ttf' (139K)
[2017.10.13-11.46.49:886][  0]LogRenderer: Reallocating scene render targets to support 1072x596 NumSamples 1 (Frame:1).
[2017.10.13-11.46.50:110][  0]LogSlate: Took 0.008436 seconds to synchronously load lazily loaded font '../../../Engine/Content/Slate/Fonts/Roboto-Light.ttf' (159K)
[2017.10.13-11.46.50:196][  0]LogUObjectGlobals:Warning: Failed to find object 'Class None.'
[2017.10.13-11.46.50:280][  0]LogContentBrowser: Native class hierarchy updated for 'HierarchicalLODOutliner' in 0.0005 seconds. Added 1 classes and 2 folders.
[2017.10.13-11.46.50:280][  0]LogLoad: (Engine Initialization) Total time: 46.61 seconds
[2017.10.13-11.46.50:280][  0]LogLoad: (Engine Initialization) Total Blueprint compile time: 0.47 seconds
[2017.10.13-11.46.50:280][  0]LogExternalProfiler: Found external profiler: VSPerf
[2017.10.13-11.46.50:280][  0]LogExternalProfiler: Using external profiler: VSPerf
[2017.10.13-11.46.50:636][  0]LogOcInput: OculusInput pre-init called
[2017.10.13-11.46.50:636][  0]LogHMD: Starting GearVRController plugin
[2017.10.13-11.46.50:972][  1]LogAssetRegistry: Asset discovery search completed in 18.2438 seconds
[2017.10.13-11.46.50:973][  1]LogCollectionManager: Rebuilt the object cache for 0 collections in 0.000000 seconds (found 0 objects)
[2017.10.13-11.46.50:973][  1]LogCollectionManager: Fixed up redirectors for 0 collections in 0.000027 seconds (updated 0 objects)
[2017.10.13-11.46.51:634][  3]LogSlate: Took 0.000373 seconds to synchronously load lazily loaded font '../../../Engine/Content/Slate/Fonts/Roboto-Light.ttf' (159K)
[2017.10.13-11.48.01:952][904]LogSlate: Took 0.000133 seconds to synchronously load lazily loaded font '../../../Engine/Content/Slate/Fonts/Roboto-Light.ttf' (159K)
[2017.10.13-11.48.02:202][904]LogSavePackage: Save=27.92ms
[2017.10.13-11.48.02:202][904]LogSavePackage: Moving 'C:/Users/Magnus/Documents/GitHub/SR_Prototype_V3/SR_Prototype_V3/Saved/BelowMain_DeckED090D984D10C907D83769A43836D6F1.tmp' to 'C:/Users/Magnus/Documents/GitHub/SR_Prototype_V3/SR_Prototype_V3/Content/Textures/Ships/Atlantic_Star/2048/BelowMain_Deck.uasset'
[2017.10.13-11.48.02:210][904]LogSavePackage:Display: Finished SavePackage C:/Users/Magnus/Documents/GitHub/SR_Prototype_V3/SR_Prototype_V3/Content/Textures/Ships/Atlantic_Star/2048/BelowMain_Deck.uasset
[2017.10.13-11.48.02:240][904]LogSavePackage: Save=4.31ms
[2017.10.13-11.48.02:240][904]LogSavePackage: Moving 'C:/Users/Magnus/Documents/GitHub/SR_Prototype_V3/SR_Prototype_V3/Saved/BelowMain_Deck129A3F4D4E382A29F0686A948E43BE54.tmp' to 'C:/Users/Magnus/Documents/GitHub/SR_Prototype_V3/SR_Prototype_V3/Content/Textures/Ships/Atlantic_Star/BelowMain_Deck.uasset'
[2017.10.13-11.48.02:242][904]LogSavePackage:Display: Finished SavePackage C:/Users/Magnus/Documents/GitHub/SR_Prototype_V3/SR_Prototype_V3/Content/Textures/Ships/Atlantic_Star/BelowMain_Deck.uasset
[2017.10.13-11.48.02:266][904]LogSavePackage: Save=11.61ms
[2017.10.13-11.48.02:266][904]LogSavePackage: Moving 'C:/Users/Magnus/Documents/GitHub/SR_Prototype_V3/SR_Prototype_V3/Saved/Boat_Deck7EB823E2497FE3935D50459C49ED1C61.tmp' to 'C:/Users/Magnus/Documents/GitHub/SR_Prototype_V3/SR_Prototype_V3/Content/Textures/Ships/Atlantic_Star/2048/Boat_Deck.uasset'
[2017.10.13-11.48.02:269][904]LogSavePackage:Display: Finished SavePackage C:/Users/Magnus/Documents/GitHub/SR_Prototype_V3/SR_Prototype_V3/Content/Textures/Ships/Atlantic_Star/2048/Boat_Deck.uasset
[2017.10.13-11.48.02:290][904]LogSavePackage: Save=11.94ms
[2017.10.13-11.48.02:291][904]LogSavePackage: Moving 'C:/Users/Magnus/Documents/GitHub/SR_Prototype_V3/SR_Prototype_V3/Saved/Bridge_DeckFC0AE0F5423782B1AFED6AADFC76FE57.tmp' to 'C:/Users/Magnus/Documents/GitHub/SR_Prototype_V3/SR_Prototype_V3/Content/Textures/Ships/Atlantic_Star/2048/Bridge_Deck.uasset'
[2017.10.13-11.48.02:292][904]LogSavePackage:Display: Finished SavePackage C:/Users/Magnus/Documents/GitHub/SR_Prototype_V3/SR_Prototype_V3/Content/Textures/Ships/Atlantic_Star/2048/Bridge_Deck.uasset
[2017.10.13-11.48.02:316][904]LogSavePackage: Save=4.94ms
[2017.10.13-11.48.02:316][904]LogSavePackage: Moving 'C:/Users/Magnus/Documents/GitHub/SR_Prototype_V3/SR_Prototype_V3/Saved/Bridge_DeckB1C02B624296359EC9B418B75F5DA7E7.tmp' to 'C:/Users/Magnus/Documents/GitHub/SR_Prototype_V3/SR_Prototype_V3/Content/Textures/Ships/Atlantic_Star/Bridge_Deck.uasset'
[2017.10.13-11.48.02:318][904]LogSavePackage:Display: Finished SavePackage C:/Users/Magnus/Documents/GitHub/SR_Prototype_V3/SR_Prototype_V3/Content/Textures/Ships/Atlantic_Star/Bridge_Deck.uasset
[2017.10.13-11.48.02:341][904]LogSavePackage: Save=12.06ms
[2017.10.13-11.48.02:341][904]LogSavePackage: Moving 'C:/Users/Magnus/Documents/GitHub/SR_Prototype_V3/SR_Prototype_V3/Saved/Forcastle_Deck49C655284E2A1FBE50136BB0ED7B2C11.tmp' to 'C:/Users/Magnus/Documents/GitHub/SR_Prototype_V3/SR_Prototype_V3/Content/Textures/Ships/Atlantic_Star/2048/Forcastle_Deck.uasset'
[2017.10.13-11.48.02:343][904]LogSavePackage:Display: Finished SavePackage C:/Users/Magnus/Documents/GitHub/SR_Prototype_V3/SR_Prototype_V3/Content/Textures/Ships/Atlantic_Star/2048/Forcastle_Deck.uasset
[2017.10.13-11.48.02:365][904]LogSavePackage: Save=11.94ms
[2017.10.13-11.48.02:365][904]LogSavePackage: Moving 'C:/Users/Magnus/Documents/GitHub/SR_Prototype_V3/SR_Prototype_V3/Saved/Main_Deck4B26117B46F195F9A6212A818AE14D83.tmp' to 'C:/Users/Magnus/Documents/GitHub/SR_Prototype_V3/SR_Prototype_V3/Content/Textures/Ships/Atlantic_Star/2048/Main_Deck.uasset'
[2017.10.13-11.48.02:368][904]LogSavePackage:Display: Finished SavePackage C:/Users/Magnus/Documents/GitHub/SR_Prototype_V3/SR_Prototype_V3/Content/Textures/Ships/Atlantic_Star/2048/Main_Deck.uasset
[2017.10.13-11.48.02:388][904]LogSavePackage: Save=12.65ms
[2017.10.13-11.48.02:388][904]LogSavePackage: Moving 'C:/Users/Magnus/Documents/GitHub/SR_Prototype_V3/SR_Prototype_V3/Saved/Shelter_Deck8D2107F443F9C11AFA6EE4913DC991B2.tmp' to 'C:/Users/Magnus/Documents/GitHub/SR_Prototype_V3/SR_Prototype_V3/Content/Textures/Ships/Atlantic_Star/2048/Shelter_Deck.uasset'
[2017.10.13-11.48.02:391][904]LogSavePackage:Display: Finished SavePackage C:/Users/Magnus/Documents/GitHub/SR_Prototype_V3/SR_Prototype_V3/Content/Textures/Ships/Atlantic_Star/2048/Shelter_Deck.uasset
[2017.10.13-11.48.02:658][904]Cmd: OBJ SAVEPACKAGE PACKAGE="/Game/Blueprints/Widgets/w_DeckButton" FILE="C:/Users/Magnus/Documents/GitHub/SR_Prototype_V3/SR_Prototype_V3/Content/Blueprints/Widgets/w_DeckButton.uasset" SILENT=true
[2017.10.13-11.48.02:726][904]LogSavePackage: Save=58.02ms
[2017.10.13-11.48.02:726][904]LogSavePackage: Moving 'C:/Users/Magnus/Documents/GitHub/SR_Prototype_V3/SR_Prototype_V3/Saved/w_DeckButton3B42AF6B4EC55E76881A2EB48D3385D9.tmp' to 'C:/Users/Magnus/Documents/GitHub/SR_Prototype_V3/SR_Prototype_V3/Content/Blueprints/Widgets/w_DeckButton.uasset'
[2017.10.13-11.48.02:728][904]LogSavePackage:Display: Finished SavePackage C:/Users/Magnus/Documents/GitHub/SR_Prototype_V3/SR_Prototype_V3/Content/Blueprints/Widgets/w_DeckButton.uasset
[2017.10.13-11.48.02:772][904]Cmd: OBJ SAVEPACKAGE PACKAGE="/Game/Materials/m_Deck" FILE="C:/Users/Magnus/Documents/GitHub/SR_Prototype_V3/SR_Prototype_V3/Content/Materials/m_Deck.uasset" SILENT=true
[2017.10.13-11.48.02:815][904]LogSavePackage: Save=27.63ms
[2017.10.13-11.48.02:815][904]LogSavePackage: Moving 'C:/Users/Magnus/Documents/GitHub/SR_Prototype_V3/SR_Prototype_V3/Saved/m_DeckB4F7C4864D7F6B678FD2819EFF53EC31.tmp' to 'C:/Users/Magnus/Documents/GitHub/SR_Prototype_V3/SR_Prototype_V3/Content/Materials/m_Deck.uasset'
[2017.10.13-11.48.02:816][904]LogSavePackage:Display: Finished SavePackage C:/Users/Magnus/Documents/GitHub/SR_Prototype_V3/SR_Prototype_V3/Content/Materials/m_Deck.uasset
[2017.10.13-11.48.12:171][266]LogFactory: FactoryCreateFile: Texture with ReimportTextureFactory (0 0 C:/Users/Magnus/Desktop/Scan_Reach/FiskeBåt/PNG_256/BelowMainDeck_256.png)
[2017.10.13-11.48.12:181][266]LogTexture:Display: Building textures: BelowMainDeck_256 (AutoDXT, 256X256)
[2017.10.13-11.48.13:863][452]LogSavePackage: Save=12.56ms
[2017.10.13-11.48.13:863][452]LogSavePackage: Moving 'C:/Users/Magnus/Documents/GitHub/SR_Prototype_V3/SR_Prototype_V3/Saved/BelowMainDeck_256D63E86C346D1A87DF5FCE49F991368F4.tmp' to 'C:/Users/Magnus/Documents/GitHub/SR_Prototype_V3/SR_Prototype_V3/Content/Textures/Ships/Atlantic_Star/256/BelowMainDeck_256.uasset'
[2017.10.13-11.48.13:866][452]LogSavePackage:Display: Finished SavePackage C:/Users/Magnus/Documents/GitHub/SR_Prototype_V3/SR_Prototype_V3/Content/Textures/Ships/Atlantic_Star/256/BelowMainDeck_256.uasset
[2017.10.13-11.48.16:955][675]Cmd: OBJ SAVEPACKAGE PACKAGE="/Game/ScanReach" FILE="C:/Users/Magnus/Documents/GitHub/SR_Prototype_V3/SR_Prototype_V3/Content/ScanReach.umap" SILENT=true AUTOSAVING=false KEEPDIRTY=false
[2017.10.13-11.48.17:126][675]LogSavePackage: Save=141.28ms
[2017.10.13-11.48.17:126][675]LogSavePackage: Moving 'C:/Users/Magnus/Documents/GitHub/SR_Prototype_V3/SR_Prototype_V3/Saved/ScanReach992520574FACE2459220CBA4C198C952.tmp' to 'C:/Users/Magnus/Documents/GitHub/SR_Prototype_V3/SR_Prototype_V3/Content/ScanReach.umap'
[2017.10.13-11.48.17:129][675]LogSavePackage:Display: Finished SavePackage C:/Users/Magnus/Documents/GitHub/SR_Prototype_V3/SR_Prototype_V3/Content/ScanReach.umap
[2017.10.13-11.48.17:158][675]LogFileHelpers: Saving map 'ScanReach' took 0.240
[2017.10.13-11.48.17:240][675]LogWindowsTextInputMethodSystem:Display: IME system now deactivated.
[2017.10.13-11.48.17:454][676]Cmd: QUIT_EDITOR
[2017.10.13-11.48.17:526][676]LogExit: Preparing to exit.
[2017.10.13-11.48.18:149][676]LogExit: Editor shut down
[2017.10.13-11.48.18:151][676]LogExit: Transaction tracking system shut down
[2017.10.13-11.48.18:326][676]LogObj: Freed 0b from 0 cluster array pools.
[2017.10.13-11.48.18:326][676]LogExit: Object subsystem successfully closed.
[2017.10.13-11.48.18:403][676]LogD3D11RHI: Shutdown
[2017.10.13-11.48.18:403][676]LogD3D11RHI: CleanupD3DDevice
[2017.10.13-11.48.18:500][676]LogD3D11RHI: ~FD3D11DynamicRHI
[2017.10.13-11.48.18:617][676]LogModuleManager: Shutting down and abandoning module HierarchicalLODOutliner (524)
[2017.10.13-11.48.18:618][676]LogModuleManager: Shutting down and abandoning module CrashTracker (522)
[2017.10.13-11.48.18:618][676]LogModuleManager: Shutting down and abandoning module SceneOutliner (520)
[2017.10.13-11.48.18:618][676]LogModuleManager: Shutting down and abandoning module AddContentDialog (518)
[2017.10.13-11.48.18:619][676]LogDirectoryWatcher: A directory notification for 'D:/UE_4.16/FeaturePacks/' was aborted.
[2017.10.13-11.48.18:620][676]LogModuleManager: Shutting down and abandoning module WidgetCarousel (517)
[2017.10.13-11.48.18:620][676]LogModuleManager: Shutting down and abandoning module EditorWidgets (514)
[2017.10.13-11.48.18:620][676]LogModuleManager: Shutting down and abandoning module CollectionManager (512)
[2017.10.13-11.48.18:620][676]LogDirectoryWatcher: A directory notification for 'C:/Users/Magnus/Documents/GitHub/SR_Prototype_V3/SR_Prototype_V3/Content/Collections/' was aborted.
[2017.10.13-11.48.18:620][676]LogDirectoryWatcher: A directory notification for 'C:/Users/Magnus/Documents/GitHub/SR_Prototype_V3/SR_Prototype_V3/Content/Developers/Magnus/Collections/' was aborted.
[2017.10.13-11.48.18:620][676]LogDirectoryWatcher: A directory notification for 'C:/Users/Magnus/Documents/GitHub/SR_Prototype_V3/SR_Prototype_V3/Saved/Collections/' was aborted.
[2017.10.13-11.48.18:620][676]LogModuleManager: Shutting down and abandoning module StatsViewer (510)
[2017.10.13-11.48.18:621][676]LogModuleManager: Shutting down and abandoning module FoliageEdit (508)
[2017.10.13-11.48.18:621][676]LogModuleManager: Shutting down and abandoning module LandscapeEditor (506)
[2017.10.13-11.48.18:623][676]LogModuleManager: Shutting down and abandoning module MeshPaintMode (504)
[2017.10.13-11.48.18:623][676]LogModuleManager: Shutting down and abandoning module SceneDepthPickerMode (502)
[2017.10.13-11.48.18:623][676]LogModuleManager: Shutting down and abandoning module ActorPickerMode (500)
[2017.10.13-11.48.18:623][676]LogModuleManager: Shutting down and abandoning module GeometryMode (498)
[2017.10.13-11.48.18:623][676]LogModuleManager: Shutting down and abandoning module TextureAlignMode (496)
[2017.10.13-11.48.18:623][676]LogModuleManager: Shutting down and abandoning module BspMode (494)
[2017.10.13-11.48.18:624][676]LogModuleManager: Shutting down and abandoning module HardwareSurvey (492)
[2017.10.13-11.48.18:624][676]LogModuleManager: Shutting down and abandoning module SequenceRecorderSections (490)
[2017.10.13-11.48.18:624][676]LogModuleManager: Shutting down and abandoning module AutomationWorker (488)
[2017.10.13-11.48.18:624][676]LogModuleManager: Shutting down and abandoning module MatineeToLevelSequence (486)
[2017.10.13-11.48.18:624][676]LogModuleManager: Shutting down and abandoning module LevelSequenceEditor (484)
[2017.10.13-11.48.18:629][676]LogModuleManager: Shutting down and abandoning module PlacementMode (483)
[2017.10.13-11.48.18:629][676]LogModuleManager: Shutting down and abandoning module WmfMediaFactory (480)
[2017.10.13-11.48.18:629][676]LogModuleManager: Shutting down and abandoning module WmfMediaEditor (478)
[2017.10.13-11.48.18:629][676]LogModuleManager: Shutting down and abandoning module AvfMediaFactory (476)
[2017.10.13-11.48.18:629][676]LogModuleManager: Shutting down and abandoning module AvfMediaEditor (474)
[2017.10.13-11.48.18:629][676]LogModuleManager: Shutting down and abandoning module AndroidMediaFactory (472)
[2017.10.13-11.48.18:629][676]LogModuleManager: Shutting down and abandoning module Media (471)
[2017.10.13-11.48.18:629][676]LogModuleManager: Shutting down and abandoning module AndroidMediaEditor (468)
[2017.10.13-11.48.18:629][676]LogModuleManager: Shutting down and abandoning module CharacterAI (466)
[2017.10.13-11.48.18:629][676]LogModuleManager: Shutting down and abandoning module AudioCapture (464)
[2017.10.13-11.48.18:630][676]LogModuleManager: Shutting down and abandoning module SequenceRecorder (463)
[2017.10.13-11.48.18:631][676]LogModuleManager: Shutting down and abandoning module SmartSnapping (460)
[2017.10.13-11.48.18:632][676]LogModuleManager: Shutting down and abandoning module SessionServices (458)
[2017.10.13-11.48.18:632][676]LogModuleManager: Shutting down and abandoning module ViewportSnapping (456)
[2017.10.13-11.48.18:632][676]LogModuleManager: Shutting down and abandoning module ViewportInteraction (454)
[2017.10.13-11.48.18:632][676]LogModuleManager: Shutting down and abandoning module ClothPainter (452)
[2017.10.13-11.48.18:635][676]LogModuleManager: Shutting down and abandoning module LogVisualizer (450)
[2017.10.13-11.48.18:636][676]LogModuleManager: Shutting down and abandoning module IntroTutorials (448)
[2017.10.13-11.48.18:639][676]LogModuleManager: Shutting down and abandoning module GameProjectGeneration (447)
[2017.10.13-11.48.18:641][676]LogModuleManager: Shutting down and abandoning module EditorLiveStreaming (444)
[2017.10.13-11.48.18:641][676]LogModuleManager: Shutting down and abandoning module IOSPlatformEditor (442)
[2017.10.13-11.48.18:641][676]LogModuleManager: Shutting down and abandoning module HTML5PlatformEditor (440)
[2017.10.13-11.48.18:641][676]LogModuleManager: Shutting down and abandoning module AndroidPlatformEditor (438)
[2017.10.13-11.48.18:642][676]LogModuleManager: Shutting down and abandoning module AndroidDeviceDetection (437)
[2017.10.13-11.48.18:751][676]LogModuleManager: Shutting down and abandoning module IOSRuntimeSettings (434)
[2017.10.13-11.48.18:751][676]LogModuleManager: Shutting down and abandoning module AndroidRuntimeSettings (432)
[2017.10.13-11.48.18:751][676]LogModuleManager: Shutting down and abandoning module InputBindingEditor (430)
[2017.10.13-11.48.18:751][676]LogModuleManager: Shutting down and abandoning module MergeActors (428)
[2017.10.13-11.48.18:752][676]LogModuleManager: Shutting down and abandoning module SizeMap (426)
[2017.10.13-11.48.18:752][676]LogModuleManager: Shutting down and abandoning module TreeMap (424)
[2017.10.13-11.48.18:752][676]LogModuleManager: Shutting down and abandoning module ReferenceViewer (422)
[2017.10.13-11.48.18:753][676]LogModuleManager: Shutting down and abandoning module LocalizationDashboard (420)
[2017.10.13-11.48.18:754][676]LogModuleManager: Shutting down and abandoning module LocalizationService (419)
[2017.10.13-11.48.18:755][676]LogModuleManager: Shutting down and abandoning module HardwareTargeting (416)
[2017.10.13-11.48.18:755][676]LogModuleManager: Shutting down and abandoning module DeviceProfileEditor (414)
[2017.10.13-11.48.18:755][676]LogModuleManager: Shutting down and abandoning module UndoHistory (412)
[2017.10.13-11.48.18:756][676]LogModuleManager: Shutting down and abandoning module UserFeedback (410)
[2017.10.13-11.48.18:756][676]LogModuleManager: Shutting down and abandoning module XmlParser (408)
[2017.10.13-11.48.18:756][676]LogModuleManager: Shutting down and abandoning module Blutility (406)
[2017.10.13-11.48.18:756][676]LogModuleManager: Shutting down and abandoning module ProjectSettingsViewer (404)
[2017.10.13-11.48.18:756][676]LogModuleManager: Shutting down and abandoning module ProjectTargetPlatformEditor (403)
[2017.10.13-11.48.18:756][676]LogModuleManager: Shutting down and abandoning module EditorSettingsViewer (400)
[2017.10.13-11.48.18:757][676]LogModuleManager: Shutting down and abandoning module SettingsEditor (398)
[2017.10.13-11.48.18:757][676]LogModuleManager: Shutting down and abandoning module ProjectLauncher (396)
[2017.10.13-11.48.18:758][676]LogModuleManager: Shutting down and abandoning module SessionFrontend (394)
[2017.10.13-11.48.18:759][676]LogModuleManager: Shutting down and abandoning module ProfilerClient (392)
[2017.10.13-11.48.18:760][676]LogModuleManager: Shutting down and abandoning module DeviceManager (390)
[2017.10.13-11.48.18:761][676]LogModuleManager: Shutting down and abandoning module TargetDeviceServices (389)
[2017.10.13-11.48.18:814][676]LogModuleManager: Shutting down and abandoning module AutomationController (386)
[2017.10.13-11.48.18:815][676]LogModuleManager: Shutting down and abandoning module AutomationWindow (384)
[2017.10.13-11.48.18:816][676]LogModuleManager: Shutting down and abandoning module Layers (382)
[2017.10.13-11.48.18:819][676]LogModuleManager: Shutting down and abandoning module ComponentVisualizers (380)
[2017.10.13-11.48.18:819][676]LogModuleManager: Shutting down and abandoning module DetailCustomizations (378)
[2017.10.13-11.48.18:820][676]LogModuleManager: Shutting down and abandoning module PackagesDialog (376)
[2017.10.13-11.48.18:821][676]LogModuleManager: Shutting down and abandoning module Persona (374)
[2017.10.13-11.48.18:822][676]LogModuleManager: Shutting down and abandoning module AdvancedPreviewScene (373)
[2017.10.13-11.48.18:822][676]LogModuleManager: Shutting down and abandoning module AnimGraph (371)
[2017.10.13-11.48.18:822][676]LogModuleManager: Shutting down and abandoning module Kismet (368)
[2017.10.13-11.48.18:823][676]LogModuleManager: Shutting down and abandoning module ClassViewer (366)
[2017.10.13-11.48.18:824][676]LogModuleManager: Shutting down and abandoning module Toolbox (364)
[2017.10.13-11.48.18:824][676]LogModuleManager: Shutting down and abandoning module ModuleUI (362)
[2017.10.13-11.48.18:824][676]LogModuleManager: Shutting down and abandoning module MovieSceneTools (360)
[2017.10.13-11.48.18:826][676]LogModuleManager: Shutting down and abandoning module OutputLog (358)
[2017.10.13-11.48.18:827][676]LogModuleManager: Shutting down and abandoning module GammaUI (356)
[2017.10.13-11.48.18:827][676]LogModuleManager: Shutting down and abandoning module Documentation (354)
[2017.10.13-11.48.18:827][676]LogModuleManager: Shutting down and abandoning module MovieSceneTracks (352)
[2017.10.13-11.48.18:827][676]LogModuleManager: Shutting down and abandoning module MovieScene (350)
[2017.10.13-11.48.18:827][676]LogModuleManager: Shutting down and abandoning module Niagara (348)
[2017.10.13-11.48.18:827][676]LogModuleManager: Shutting down and abandoning module NiagaraEditor (347)
[2017.10.13-11.48.18:831][676]LogModuleManager: Shutting down and abandoning module StreamingPauseRendering (344)
[2017.10.13-11.48.18:831][676]LogModuleManager: Shutting down and abandoning module AnalyticsET (342)
[2017.10.13-11.48.18:831][676]LogModuleManager: Shutting down and abandoning module PortalServices (340)
[2017.10.13-11.48.18:831][676]LogModuleManager: Shutting down and abandoning module PortalRpc (338)
[2017.10.13-11.48.18:831][676]LogModuleManager: Shutting down and abandoning module MessagingRpc (336)
[2017.10.13-11.48.18:831][676]LogModuleManager: Shutting down and abandoning module AIModule (334)
[2017.10.13-11.48.18:831][676]LogModuleManager: Shutting down and abandoning module GameplayDebugger (333)
[2017.10.13-11.48.18:832][676]LogModuleManager: Shutting down and abandoning module AITestSuite (331)
[2017.10.13-11.48.18:832][676]LogModuleManager: Shutting down and abandoning module ProfilerService (328)
[2017.10.13-11.48.18:891][676]LogModuleManager: Shutting down and abandoning module TaskGraph (326)
[2017.10.13-11.48.18:902][676]LogModuleManager: Shutting down and abandoning module SteamVRController (324)
[2017.10.13-11.48.18:902][676]LogModuleManager: Shutting down and abandoning module SteamVR (322)
[2017.10.13-11.48.18:902][676]LogModuleManager: Shutting down and abandoning module ProceduralMeshComponentEditor (320)
[2017.10.13-11.48.18:902][676]LogModuleManager: Shutting down and abandoning module ProceduralMeshComponent (318)
[2017.10.13-11.48.18:903][676]LogModuleManager: Shutting down and abandoning module OculusLibrary (316)
[2017.10.13-11.48.18:903][676]LogModuleManager: Shutting down and abandoning module OculusInput (314)
[2017.10.13-11.48.18:903][676]LogModuleManager: Shutting down and abandoning module MobilePatchingUtils (312)
[2017.10.13-11.48.18:903][676]LogModuleManager: Shutting down and abandoning module CustomMeshComponent (310)
[2017.10.13-11.48.18:903][676]LogModuleManager: Shutting down and abandoning module CableComponent (308)
[2017.10.13-11.48.18:903][676]LogModuleManager: Shutting down and abandoning module ArchVisCharacter (306)
[2017.10.13-11.48.18:903][676]LogModuleManager: Shutting down and abandoning module AndroidPermission (304)
[2017.10.13-11.48.18:903][676]LogModuleManager: Shutting down and abandoning module MediaPlayerEditor (300)
[2017.10.13-11.48.18:906][676]LogModuleManager: Shutting down and abandoning module HTML5Networking (298)
[2017.10.13-11.48.18:906][676]LogModuleManager: Shutting down and abandoning module AlembicImporter (296)
[2017.10.13-11.48.18:906][676]LogModuleManager: Shutting down and abandoning module AlembicLibrary (295)
[2017.10.13-11.48.18:906][676]LogModuleManager: Shutting down and abandoning module GeometryCache (294)
[2017.10.13-11.48.18:906][676]LogModuleManager: Shutting down and abandoning module GeometryCacheEd (293)
[2017.10.13-11.48.18:906][676]LogModuleManager: Shutting down and abandoning module SuperSearchEditor (288)
[2017.10.13-11.48.18:906][676]LogModuleManager: Shutting down and abandoning module SuperSearch (287)
[2017.10.13-11.48.18:906][676]LogModuleManager: Shutting down and abandoning module SpeedTreeImporter (284)
[2017.10.13-11.48.18:906][676]LogModuleManager: Shutting down and abandoning module PluginBrowser (282)
[2017.10.13-11.48.18:908][676]LogModuleManager: Shutting down and abandoning module MobileLauncherProfileWizard (280)
[2017.10.13-11.48.18:910][676]LogModuleManager: Shutting down and abandoning module VisualStudioSourceCodeAccess (278)
[2017.10.13-11.48.18:910][676]LogModuleManager: Shutting down and abandoning module DesktopPlatform (277)
[2017.10.13-11.48.18:910][676]LogModuleManager: Shutting down and abandoning module UObjectPlugin (274)
[2017.10.13-11.48.18:910][676]LogModuleManager: Shutting down and abandoning module SubversionSourceControl (272)
[2017.10.13-11.48.18:911][676]LogModuleManager: Shutting down and abandoning module PerforceSourceControl (270)
[2017.10.13-11.48.18:912][676]LogModuleManager: Shutting down and abandoning module GitSourceControl (268)
[2017.10.13-11.48.18:913][676]LogModuleManager: Shutting down and abandoning module SourceControl (267)
[2017.10.13-11.48.18:914][676]LogModuleManager: Shutting down and abandoning module LightPropagationVolumeEditor (264)
[2017.10.13-11.48.18:914][676]LogModuleManager: Shutting down and abandoning module PaperTiledImporter (262)
[2017.10.13-11.48.18:914][676]LogModuleManager: Shutting down and abandoning module PaperSpriteSheetImporter (260)
[2017.10.13-11.48.18:914][676]LogModuleManager: Shutting down and abandoning module Paper2DEditor (258)
[2017.10.13-11.48.18:915][676]LogModuleManager: Shutting down and abandoning module MeshPaint (257)
[2017.10.13-11.48.18:915][676]LogModuleManager: Shutting down and abandoning module LevelEditor (255)
[2017.10.13-11.48.18:916][676]LogModuleManager: Shutting down and abandoning module PixelInspectorModule (254)
[2017.10.13-11.48.18:917][676]LogModuleManager: Shutting down and abandoning module MainFrame (252)
[2017.10.13-11.48.18:917][676]LogModuleManager: Shutting down and abandoning module HotReload (251)
[2017.10.13-11.48.18:918][676]LogModuleManager: Shutting down and abandoning module PhysXVehiclesEditor (246)
[2017.10.13-11.48.18:918][676]LogModuleManager: Shutting down and abandoning module PhysXVehicles (244)
[2017.10.13-11.48.18:918][676]LogModuleManager: Shutting down and abandoning module LocationServicesBPLibrary (242)
[2017.10.13-11.48.18:918][676]LogModuleManager: Shutting down and abandoning module ImmediatePhysicsEditor (240)
[2017.10.13-11.48.18:918][676]LogModuleManager: Shutting down and abandoning module ImmediatePhysics (238)
[2017.10.13-11.48.18:919][676]LogModuleManager: Shutting down and abandoning module UdpMessaging (236)
[2017.10.13-11.48.19:020][676]LogModuleManager: Shutting down and abandoning module TcpMessaging (234)
[2017.10.13-11.48.19:135][676]LogModuleManager: Shutting down and abandoning module GameplayTagsEditor (232)
[2017.10.13-11.48.19:150][676]LogModuleManager: Shutting down and abandoning module FacialAnimationEditor (230)
[2017.10.13-11.48.19:150][676]LogModuleManager: Shutting down and abandoning module FacialAnimation (228)
[2017.10.13-11.48.19:150][676]LogModuleManager: Shutting down and abandoning module AssetManagerEditor (226)
[2017.10.13-11.48.19:152][676]LogModuleManager: Shutting down and abandoning module GraphEditor (225)
[2017.10.13-11.48.19:155][676]LogModuleManager: Shutting down and abandoning module ContentBrowser (223)
[2017.10.13-11.48.19:156][676]LogModuleManager: Shutting down and abandoning module LightPropagationVolumeRuntime (220)
[2017.10.13-11.48.19:156][676]LogModuleManager: Shutting down and abandoning module Paper2D (218)
[2017.10.13-11.48.19:156][676]LogModuleManager: Shutting down and abandoning module WindowsMoviePlayer (216)
[2017.10.13-11.48.19:156][676]LogModuleManager: Shutting down and abandoning module WmfMedia (214)
[2017.10.13-11.48.19:156][676]LogModuleManager: Shutting down and abandoning module ClothingSystemEditor (212)
[2017.10.13-11.48.19:156][676]LogModuleManager: Shutting down and abandoning module ClothingSystemRuntime (210)
[2017.10.13-11.48.19:157][676]LogModuleManager: Shutting down and abandoning module MediaAssets (208)
[2017.10.13-11.48.19:157][676]LogModuleManager: Shutting down and abandoning module GameLiveStreaming (206)
[2017.10.13-11.48.19:158][676]LogModuleManager: Shutting down and abandoning module VREditor (204)
[2017.10.13-11.48.19:159][676]LogModuleManager: Shutting down and abandoning module StringTableEditor (202)
[2017.10.13-11.48.19:160][676]LogModuleManager: Shutting down and abandoning module GameplayTasksEditor (200)
[2017.10.13-11.48.19:160][676]LogModuleManager: Shutting down and abandoning module BehaviorTreeEditor (198)
[2017.10.13-11.48.19:166][676]LogModuleManager: Shutting down and abandoning module FunctionalTesting (196)
[2017.10.13-11.48.19:166][676]LogModuleManager: Shutting down and abandoning module CollisionAnalyzer (194)
[2017.10.13-11.48.19:168][676]LogModuleManager: Shutting down and abandoning module UMG (192)
[2017.10.13-11.48.19:169][676]LogModuleManager: Shutting down and abandoning module UMGEditor (191)
[2017.10.13-11.48.19:172][676]LogModuleManager: Shutting down and abandoning module Sequencer (190)
[2017.10.13-11.48.19:174][676]LogModuleManager: Shutting down and abandoning module AssetTools (188)
[2017.10.13-11.48.19:178][676]LogModuleManager: Shutting down and abandoning module MessageLog (187)
[2017.10.13-11.48.19:178][676]LogModuleManager: Shutting down and abandoning module WorkspaceMenuStructure (186)
[2017.10.13-11.48.19:178][676]LogModuleManager: Shutting down and abandoning module SlateReflector (180)
[2017.10.13-11.48.19:182][676]LogModuleManager: Shutting down and abandoning module Slate (178)
[2017.10.13-11.48.19:182][676]LogModuleManager: Shutting down and abandoning module EditorStyle (176)
[2017.10.13-11.48.19:183][676]LogModuleManager: Shutting down and abandoning module SourceCodeAccess (174)
[2017.10.13-11.48.19:184][676]LogModuleManager: Shutting down and abandoning module HeadMountedDisplay (172)
[2017.10.13-11.48.19:184][676]LogModuleManager: Shutting down and abandoning module XAudio2 (170)
[2017.10.13-11.48.19:184][676]LogModuleManager: Shutting down and abandoning module Networking (168)
[2017.10.13-11.48.19:184][676]LogModuleManager: Shutting down and abandoning module Core (164)
[2017.10.13-11.48.19:184][676]LogModuleManager: Shutting down and abandoning module AssetRegistry (162)
[2017.10.13-11.48.19:322][676]LogDirectoryWatcher: A directory notification for '../../../Engine/Content/' was aborted.
[2017.10.13-11.48.19:322][676]LogDirectoryWatcher: A directory notification for 'C:/Users/Magnus/Documents/GitHub/SR_Prototype_V3/SR_Prototype_V3/Content/' was aborted.
[2017.10.13-11.48.19:322][676]LogDirectoryWatcher: A directory notification for '../../../Engine/Plugins/2D/Paper2D/Content/' was aborted.
[2017.10.13-11.48.19:322][676]LogDirectoryWatcher: A directory notification for '../../../Engine/Plugins/Runtime/GearVR/Content/' was aborted.
[2017.10.13-11.48.19:325][676]LogModuleManager: Shutting down and abandoning module DirectoryWatcher (161)
[2017.10.13-11.48.19:325][676]LogModuleManager: Shutting down and abandoning module KismetCompiler (158)
[2017.10.13-11.48.19:325][676]LogModuleManager: Shutting down and abandoning module LevelSequence (156)
[2017.10.13-11.48.19:325][676]LogModuleManager: Shutting down and abandoning module PhysXFormats (154)
[2017.10.13-11.48.19:325][676]LogModuleManager: Shutting down and abandoning module MeshUtilities (152)
[2017.10.13-11.48.19:327][676]LogModuleManager: Shutting down and abandoning module SimplygonSwarm (151)
[2017.10.13-11.48.19:329][676]LogModuleManager: Shutting down and abandoning module SimplygonMeshReduction (149)
[2017.10.13-11.48.19:329][676]LogModuleManager: Shutting down and abandoning module QuadricMeshReduction (147)
[2017.10.13-11.48.19:329][676]LogModuleManager: Shutting down and abandoning module DerivedDataCache (144)
[2017.10.13-11.48.19:499][676]LogDerivedDataCache: Shutdown
[2017.10.13-11.48.19:499][676]LogModuleManager: Shutting down and abandoning module TargetPlatform (142)
[2017.10.13-11.48.19:499][676]LogModuleManager: Shutting down and abandoning module VulkanShaderFormat (141)
[2017.10.13-11.48.19:501][676]LogModuleManager: Shutting down and abandoning module ShaderFormatVectorVM (139)
[2017.10.13-11.48.19:501][676]LogModuleManager: Shutting down and abandoning module ShaderFormatOpenGL (137)
[2017.10.13-11.48.19:502][676]LogModuleManager: Shutting down and abandoning module ShaderFormatD3D (135)
[2017.10.13-11.48.19:502][676]LogModuleManager: Shutting down and abandoning module MetalShaderFormat (133)
[2017.10.13-11.48.19:503][676]LogModuleManager: Shutting down and abandoning module TextureFormatUncompressed (131)
[2017.10.13-11.48.19:503][676]LogModuleManager: Shutting down and abandoning module TextureFormatPVR (129)
[2017.10.13-11.48.19:503][676]LogModuleManager: Shutting down and abandoning module TextureFormatDXT (127)
[2017.10.13-11.48.19:503][676]LogModuleManager: Shutting down and abandoning module TextureFormatIntelISPCTexComp (125)
[2017.10.13-11.48.19:503][676]LogModuleManager: Shutting down and abandoning module TextureFormatASTC (123)
[2017.10.13-11.48.19:503][676]LogModuleManager: Shutting down and abandoning module ImageWrapper (122)
[2017.10.13-11.48.19:503][676]LogModuleManager: Shutting down and abandoning module TextureFormatAndroid (119)
[2017.10.13-11.48.19:503][676]LogModuleManager: Shutting down and abandoning module AudioFormatOpus (117)
[2017.10.13-11.48.19:503][676]LogModuleManager: Shutting down and abandoning module AudioFormatOgg (115)
[2017.10.13-11.48.19:503][676]LogModuleManager: Shutting down and abandoning module AudioFormatADPCM (113)
[2017.10.13-11.48.19:503][676]LogModuleManager: Shutting down and abandoning module LinuxTargetPlatform (111)
[2017.10.13-11.48.19:503][676]LogModuleManager: Shutting down and abandoning module LinuxServerTargetPlatform (109)
[2017.10.13-11.48.19:503][676]LogModuleManager: Shutting down and abandoning module LinuxNoEditorTargetPlatform (107)
[2017.10.13-11.48.19:503][676]LogModuleManager: Shutting down and abandoning module LinuxClientTargetPlatform (105)
[2017.10.13-11.48.19:503][676]LogModuleManager: Shutting down and abandoning module TVOSTargetPlatform (103)
[2017.10.13-11.48.19:503][676]LogModuleManager: Shutting down and abandoning module Messaging (101)
[2017.10.13-11.48.19:503][676]LogModuleManager: Shutting down and abandoning module IOSTargetPlatform (99)
[2017.10.13-11.48.19:503][676]LogModuleManager: Shutting down and abandoning module HTML5TargetPlatform (97)
[2017.10.13-11.48.19:503][676]LogModuleManager: Shutting down and abandoning module Android_PVRTCTargetPlatform (95)
[2017.10.13-11.48.19:503][676]LogModuleManager: Shutting down and abandoning module Android_MultiTargetPlatform (93)
[2017.10.13-11.48.19:503][676]LogModuleManager: Shutting down and abandoning module Android_ETC2TargetPlatform (91)
[2017.10.13-11.48.19:503][676]LogModuleManager: Shutting down and abandoning module Android_ETC1TargetPlatform (89)
[2017.10.13-11.48.19:503][676]LogModuleManager: Shutting down and abandoning module Android_DXTTargetPlatform (87)
[2017.10.13-11.48.19:503][676]LogModuleManager: Shutting down and abandoning module Android_ATCTargetPlatform (85)
[2017.10.13-11.48.19:503][676]LogModuleManager: Shutting down and abandoning module Android_ASTCTargetPlatform (83)
[2017.10.13-11.48.19:503][676]LogModuleManager: Shutting down and abandoning module AndroidTargetPlatform (81)
[2017.10.13-11.48.19:503][676]LogModuleManager: Shutting down and abandoning module WindowsTargetPlatform (79)
[2017.10.13-11.48.19:503][676]LogModuleManager: Shutting down and abandoning module WindowsServerTargetPlatform (77)
[2017.10.13-11.48.19:503][676]LogModuleManager: Shutting down and abandoning module WindowsNoEditorTargetPlatform (75)
[2017.10.13-11.48.19:503][676]LogModuleManager: Shutting down and abandoning module WindowsClientTargetPlatform (73)
[2017.10.13-11.48.19:503][676]LogModuleManager: Shutting down and abandoning module MacTargetPlatform (71)
[2017.10.13-11.48.19:503][676]LogModuleManager: Shutting down and abandoning module MacServerTargetPlatform (69)
[2017.10.13-11.48.19:503][676]LogModuleManager: Shutting down and abandoning module MacNoEditorTargetPlatform (67)
[2017.10.13-11.48.19:504][676]LogModuleManager: Shutting down and abandoning module MacClientTargetPlatform (65)
[2017.10.13-11.48.19:504][676]LogModuleManager: Shutting down and abandoning module AllDesktopTargetPlatform (63)
[2017.10.13-11.48.19:504][676]LogModuleManager: Shutting down and abandoning module InputCore (60)
[2017.10.13-11.48.19:504][676]LogModuleManager: Shutting down and abandoning module Settings (58)
[2017.10.13-11.48.19:504][676]LogModuleManager: Shutting down and abandoning module OculusRift (56)
[2017.10.13-11.48.19:504][676]LogModuleManager: Shutting down and abandoning module GearVRController (54)
[2017.10.13-11.48.19:504][676]LogModuleManager: Shutting down and abandoning module GearVR (52)
[2017.10.13-11.48.19:505][676]LogModuleManager: Shutting down and abandoning module ExampleDeviceProfileSelector (50)
[2017.10.13-11.48.19:505][676]LogModuleManager: Shutting down and abandoning module OnlineBlueprintSupport (48)
[2017.10.13-11.48.19:505][676]LogModuleManager: Shutting down and abandoning module OnlineSubsystem (44)
[2017.10.13-11.48.19:505][676]LogOnline:Display: Unloading online subsystem: NULL
[2017.10.13-11.48.19:508][676]LogModuleManager: Shutting down and abandoning module XMPP (43)
[2017.10.13-11.48.19:510][676]LogModuleManager: Shutting down and abandoning module HTTP (41)
[2017.10.13-11.48.19:510][676]LogHttp:Display: Http module shutting down, but needs to wait on 1 outstanding Http requests:
[2017.10.13-11.48.19:511][676]LogHttp:Display: 	verb=[POST] url=[https://datarouter.ol.epicgames.com/datarouter/api/v1/public/data?SessionID=%7B96583408-4455-D9E0-7646-B7AB7A100490%7D&AppID=UEEditor.Rocket.Release&AppVersion=4.16.3-3561208%2B%2B%2BUE4%2BRelease-4.16&UserID=a1328f8b4b27980f4eb39a8ed1208b4f%7C07c812ce51884e509e41d7ec8613d7db%7C6aef0a9f-b728-4fc9-a3bf-f0a7ec88ec16&AppEnvironment=datacollector-binary&UploadType=eteventstream] status=Processing
[2017.10.13-11.48.19:522][676]LogModuleManager: Shutting down and abandoning module SSL (40)
[2017.10.13-11.48.19:524][676]LogModuleManager: Shutting down and abandoning module HTTPChunkInstaller (36)
[2017.10.13-11.48.19:526][676]LogModuleManager: Shutting down and abandoning module AnimationModifiers (34)
[2017.10.13-11.48.19:527][676]LogModuleManager: Shutting down and abandoning module PropertyEditor (33)
[2017.10.13-11.48.19:527][676]LogModuleManager: Shutting down and abandoning module AudioEditor (30)
[2017.10.13-11.48.19:532][676]LogModuleManager: Shutting down and abandoning module TextureCompressor (28)
[2017.10.13-11.48.19:532][676]LogModuleManager: Shutting down and abandoning module ShaderCore (26)
[2017.10.13-11.48.19:532][676]LogModuleManager: Shutting down and abandoning module Landscape (24)
[2017.10.13-11.48.19:532][676]LogModuleManager: Shutting down and abandoning module SlateRHIRenderer (22)
[2017.10.13-11.48.19:533][676]LogModuleManager: Shutting down and abandoning module OpenGLDrv (20)
[2017.10.13-11.48.19:535][676]LogModuleManager: Shutting down and abandoning module D3D11RHI (18)
[2017.10.13-11.48.19:535][676]LogModuleManager: Shutting down and abandoning module AnimGraphRuntime (16)
[2017.10.13-11.48.19:536][676]LogModuleManager: Shutting down and abandoning module Renderer (14)
[2017.10.13-11.48.19:536][676]LogModuleManager: Shutting down and abandoning module Engine (12)
[2017.10.13-11.48.19:536][676]LogModuleManager: Shutting down and abandoning module CoreUObject (10)
[2017.10.13-11.48.19:536][676]LogModuleManager: Shutting down and abandoning module NetworkFile (8)
[2017.10.13-11.48.19:536][676]LogModuleManager: Shutting down and abandoning module StreamingFile (6)
[2017.10.13-11.48.19:536][676]LogModuleManager: Shutting down and abandoning module SandboxFile (4)
[2017.10.13-11.48.19:536][676]LogModuleManager: Shutting down and abandoning module PakFile (2)
[2017.10.13-11.48.19:540][676]LogExit: Exiting.
[2017.10.13-11.48.19:556][676]Log file closed, 10/13/17 13:48:19
