Log file open, 01/04/18 16:10:10
LogInit:Display: Running engine for game: SR_Prototype_V3
LogPlatformFile: Not using cached read wrapper
LogInit:Display: RandInit(532656680) SRandInit(532656680).
LogTaskGraph: Started task graph with 5 named threads and 8 total threads with 1 sets of task threads.
LogStats: Stats thread started at 0.073616
LogInit: Using libcurl 7.47.1
LogInit:  - built for x86_64-pc-win32
LogInit:  - supports SSL with OpenSSL/1.0.2g
LogInit:  - supports HTTP deflate (compression) using libz 1.2.8
LogInit:  - other features:
LogInit:      CURL_VERSION_SSL
LogInit:      CURL_VERSION_LIBZ
LogInit:      CURL_VERSION_IPV6
LogInit:      CURL_VERSION_ASYNCHDNS
LogInit:      CURL_VERSION_LARGEFILE
LogInit:      CURL_VERSION_IDN
LogInit:  CurlRequestOptions (configurable via config and command line):
LogInit:  - bVerifyPeer = false  - Libcurl will NOT verify peer certificate
LogInit:  - bUseHttpProxy = false  - Libcurl will NOT use HTTP proxy
LogInit:  - bDontReuseConnections = false  - Libcurl will reuse connections
LogInit:  - CertBundlePath = nullptr  - Libcurl will use whatever was configured at build time.
LogInit: Build: ++UE4+Release-4.16-CL-3561208
LogInit: Engine Version: 4.16.3-3561208+++UE4+Release-4.16
LogInit: Compatible Engine Version: 4.16.0-3452394+++UE4+Release-4.16
LogInit: Net CL: 3452394
LogDevObjectVersion: Number of dev versions registered: 16
LogDevObjectVersion:   Dev-Blueprints (B0D832E4-1F89-4F0D-ACCF-7EB736FD4AA2): 9
LogDevObjectVersion:   Dev-Build (E1C64328-A22C-4D53-A36C-8E866417BD8C): 0
LogDevObjectVersion:   Dev-Core (375EC13C-06E4-48FB-B500-84F0262A717E): 2
LogDevObjectVersion:   Dev-Editor (E4B068ED-F494-42E9-A231-DA0B2E46BB41): 17
LogDevObjectVersion:   Dev-Framework (CFFC743F-43B0-4480-9391-14DF171D2073): 23
LogDevObjectVersion:   Dev-Mobile (B02B49B5-BB20-44E9-A304-32B752E40360): 0
LogDevObjectVersion:   Dev-Networking (A4E4105C-59A1-49B5-A7C5-40C4547EDFEE): 0
LogDevObjectVersion:   Dev-Online (39C831C9-5AE6-47DC-9A44-9C173E1C8E7C): 0
LogDevObjectVersion:   Dev-Physics (78F01B33-EBEA-4F98-B9B4-84EACCB95AA2): 0
LogDevObjectVersion:   Dev-Platform (6631380F-2D4D-43E0-8009-CF276956A95A): 0
LogDevObjectVersion:   Dev-Rendering (12F88B9F-8875-4AFC-A67C-D90C383ABD29): 15
LogDevObjectVersion:   Dev-Sequencer (7B5AE74C-D270-4C10-A958-57980B212A5A): 4
LogDevObjectVersion:   Dev-VR (D7296918-1DD6-4BDD-9DE2-64A83CC13884): 0
LogDevObjectVersion:   Dev-LoadTimes (C2A15278-BFE7-4AFE-6C17-90FF531DF755): 1
LogDevObjectVersion:   Private-Geometry (6EACA3D4-40EC-4CC1-B786-8BED09428FC5): 1
LogDevObjectVersion:   Dev-AnimPhys (29E575DD-E0A3-4627-9D10-D276232CDCEA): 3
LogInit: Compiled (64-bit): Jul 28 2017 11:49:47
LogInit: Compiled with Visual C++: 19.00.24215.01
LogInit: Build Configuration: Development
LogInit: Branch Name: ++UE4+Release-4.16
LogInit: Command line:  
LogInit: Base directory: C:/Program Files/Epic Games/UE_4.16/Engine/Binaries/Win64/
LogInit: Installed Engine Build: 1
LogInit: Presizing for max 8388607 objects, including 0 objects not considered by GC, pre-allocating 0 bytes for permanent pool.
LogInit: Object subsystem initialized
[2018.01.04-15.10.10:833][  0]LogInit: Selected Device Profile: [Windows]
[2018.01.04-15.10.10:833][  0]LogInit: Applying CVar settings loaded from the selected device profile: [Windows]
[2018.01.04-15.10.10:841][  0]LogInit: Computer: WINDOWS-EUOFFC3
[2018.01.04-15.10.10:841][  0]LogInit: User: Bendick
[2018.01.04-15.10.10:841][  0]LogInit: CPU Page size=4096, Cores=4
[2018.01.04-15.10.10:841][  0]LogInit: High frequency timer resolution =3.914066 MHz
[2018.01.04-15.10.10:841][  0]LogMemory: Memory total: Physical=15.9GB (16GB approx)
[2018.01.04-15.10.10:841][  0]LogMemory: Platform Memory Stats for Windows
[2018.01.04-15.10.10:841][  0]LogMemory: Process Physical Memory: 274.55 MB used, 274.55 MB peak
[2018.01.04-15.10.10:841][  0]LogMemory: Process Virtual Memory: 265.20 MB used, 265.20 MB peak
[2018.01.04-15.10.10:841][  0]LogMemory: Physical Memory: 6812.42 MB used,  9510.56 MB free, 16322.98 MB total
[2018.01.04-15.10.10:841][  0]LogMemory: Virtual Memory: 675.99 MB used,  9510.56 MB free, 134217728.00 MB total
[2018.01.04-15.10.10:889][  0]LogInit: Using OS detected language (en-US).
[2018.01.04-15.10.10:889][  0]LogInit: Using OS detected locale (en-GB).
[2018.01.04-15.10.10:891][  0]LogTextLocalizationManager: No specific localization for 'en-US' exists, so the 'en' localization will be used.
[2018.01.04-15.10.11:549][  0]LogD3D11RHI: D3D11 adapters:
[2018.01.04-15.10.11:588][  0]LogD3D11RHI:    0. 'NVIDIA GeForce GTX 1070' (Feature Level 11_0)
[2018.01.04-15.10.11:588][  0]LogD3D11RHI:       8096/0/8161 MB DedicatedVideo/DedicatedSystem/SharedSystem, Outputs:2, VendorId:0x10de
[2018.01.04-15.10.11:589][  0]LogD3D11RHI:    1. 'Microsoft Basic Render Driver' (Feature Level 11_0)
[2018.01.04-15.10.11:589][  0]LogD3D11RHI:       0/0/8161 MB DedicatedVideo/DedicatedSystem/SharedSystem, Outputs:0, VendorId:0x1414
[2018.01.04-15.10.11:589][  0]LogD3D11RHI: Chosen D3D11 Adapter: 0
[2018.01.04-15.10.11:594][  0]LogD3D11RHI: Creating new Direct3DDevice
[2018.01.04-15.10.11:594][  0]LogD3D11RHI:     GPU DeviceId: 0x1b81 (for the marketing name, search the web for "GPU Device Id")
[2018.01.04-15.10.11:594][  0]LogWindows: EnumDisplayDevices:
[2018.01.04-15.10.11:594][  0]LogWindows:    0. 'NVIDIA GeForce GTX 1070' (P:1 D:1)
[2018.01.04-15.10.11:594][  0]LogWindows:    1. 'NVIDIA GeForce GTX 1070' (P:0 D:1)
[2018.01.04-15.10.11:594][  0]LogWindows:    2. 'NVIDIA GeForce GTX 1070' (P:0 D:0)
[2018.01.04-15.10.11:594][  0]LogWindows:    3. 'NVIDIA GeForce GTX 1070' (P:0 D:0)
[2018.01.04-15.10.11:594][  0]LogWindows: DebugString: GetVideoDriverDetailsInvalid PrimaryIsNotTheChoosenAdapter GetVideoDriverDetailsInvalid PrimaryIsNotTheChoosenAdapter GetVideoDriverDetailsInvalid PrimaryIsNotTheChoosenAdapter GetVideoDriverDetailsInvalid PrimaryIsNotTheChoosenAdapter FoundDriverCount:0 
[2018.01.04-15.10.11:594][  0]LogD3D11RHI:     Adapter Name: NVIDIA GeForce GTX 1070
[2018.01.04-15.10.11:594][  0]LogD3D11RHI:   Driver Version: Unknown (internal:Unknown, unified:Unknown)
[2018.01.04-15.10.11:594][  0]LogD3D11RHI:      Driver Date: Unknown
[2018.01.04-15.10.11:594][  0]LogRHI: Texture pool is 1361 MB (70% of 1945 MB)
[2018.01.04-15.10.11:611][  0]LogD3D11RHI: Async texture creation enabled
[2018.01.04-15.10.11:620][  0]LogD3D11RHI: GPU Timing Frequency: 1000.000000 (Debug: 2 1)
[2018.01.04-15.10.11:709][  0]LogShaderCompilers: Guid format shader working directory is -33 characters bigger than the processId version (../../../../../../Users/Bendick/Documents/GitHub/SR_Prototype_V3/SR_Prototype_V3/Intermediate/Shaders/WorkingDirectory/15692/).
[2018.01.04-15.10.11:709][  0]LogShaderCompilers: Cleaned the shader compiler working directory 'C:/Users/Bendick/AppData/Local/Temp/UnrealShaderWorkingDir/AB9A1ED0428253F68C3846BFE0D00B16/'.
[2018.01.04-15.10.11:709][  0]LogShaderCompilers:Display: Using Local Shader Compiler.
[2018.01.04-15.10.12:367][  0]LogTemp:Display: Loaded TP AllDesktopTargetPlatform
[2018.01.04-15.10.12:401][  0]LogTemp:Display: Loaded TP MacClientTargetPlatform
[2018.01.04-15.10.12:434][  0]LogTemp:Display: Loaded TP MacNoEditorTargetPlatform
[2018.01.04-15.10.12:467][  0]LogTemp:Display: Loaded TP MacServerTargetPlatform
[2018.01.04-15.10.12:500][  0]LogTemp:Display: Loaded TP MacTargetPlatform
[2018.01.04-15.10.12:534][  0]LogTemp:Display: Loaded TP WindowsClientTargetPlatform
[2018.01.04-15.10.12:568][  0]LogTemp:Display: Loaded TP WindowsNoEditorTargetPlatform
[2018.01.04-15.10.12:601][  0]LogTemp:Display: Loaded TP WindowsServerTargetPlatform
[2018.01.04-15.10.12:631][  0]LogTemp:Display: Loaded TP WindowsTargetPlatform
[2018.01.04-15.10.12:663][  0]LogTemp:Display: Loaded TP AndroidTargetPlatform
[2018.01.04-15.10.12:696][  0]LogTemp:Display: Loaded TP Android_ASTCTargetPlatform
[2018.01.04-15.10.12:730][  0]LogTemp:Display: Loaded TP Android_ATCTargetPlatform
[2018.01.04-15.10.12:763][  0]LogTemp:Display: Loaded TP Android_DXTTargetPlatform
[2018.01.04-15.10.12:796][  0]LogTemp:Display: Loaded TP Android_ETC1TargetPlatform
[2018.01.04-15.10.12:829][  0]LogTemp:Display: Loaded TP Android_ETC2TargetPlatform
[2018.01.04-15.10.12:894][  0]LogTemp:Display: Loaded TP Android_MultiTargetPlatform
[2018.01.04-15.10.12:894][  0]LogTemp:Display: Loaded TP Android_PVRTCTargetPlatform
[2018.01.04-15.10.12:920][  0]LogTemp:Display: Loaded TP HTML5TargetPlatform
[2018.01.04-15.10.12:988][  0]LogTemp:Display: Loaded TP IOSTargetPlatform
[2018.01.04-15.10.13:008][  0]LogTemp:Display: Loaded TP TVOSTargetPlatform
[2018.01.04-15.10.13:041][  0]LogTemp:Display: Loaded TP LinuxClientTargetPlatform
[2018.01.04-15.10.13:073][  0]LogTemp:Display: Loaded TP LinuxNoEditorTargetPlatform
[2018.01.04-15.10.13:106][  0]LogTemp:Display: Loaded TP LinuxServerTargetPlatform
[2018.01.04-15.10.13:138][  0]LogTemp:Display: Loaded TP LinuxTargetPlatform
[2018.01.04-15.10.13:138][  0]LogTargetPlatformManager:Display: Building Assets For Windows
[2018.01.04-15.10.13:470][  0]LogDerivedDataCache:Display: Max Cache Size: 512 MB
[2018.01.04-15.10.13:530][  0]LogDerivedDataCache: Loaded boot cache 0.06s 111MB C:/Users/Bendick/AppData/Local/UnrealEngine/4.16/DerivedDataCache/Boot.ddc.
[2018.01.04-15.10.13:530][  0]LogDerivedDataCache:Display: Loaded Boot cache: C:/Users/Bendick/AppData/Local/UnrealEngine/4.16/DerivedDataCache/Boot.ddc
[2018.01.04-15.10.13:530][  0]LogDerivedDataCache: FDerivedDataBackendGraph:  Pak pak cache file ../../../../../../Users/Bendick/Documents/GitHub/SR_Prototype_V3/SR_Prototype_V3/DerivedDataCache/DDC.ddp not found, will not use a pak cache.
[2018.01.04-15.10.13:530][  0]LogDerivedDataCache: Unable to find inner node Pak for hierarchical cache Hierarchy.
[2018.01.04-15.10.13:530][  0]LogDerivedDataCache: FDerivedDataBackendGraph:  CompressedPak pak cache file ../../../../../../Users/Bendick/Documents/GitHub/SR_Prototype_V3/SR_Prototype_V3/DerivedDataCache/Compressed.ddp not found, will not use a pak cache.
[2018.01.04-15.10.13:530][  0]LogDerivedDataCache: Unable to find inner node CompressedPak for hierarchical cache Hierarchy.
[2018.01.04-15.10.13:541][  0]LogDerivedDataCache:Display: Pak cache opened for reading ../../../Engine/DerivedDataCache/Compressed.ddp.
[2018.01.04-15.10.13:552][  0]LogDerivedDataCache: Using Local data cache path C:/Users/Bendick/AppData/Local/UnrealEngine/Common/DerivedDataCache: Writable
[2018.01.04-15.10.13:558][  0]LogMaterial: Verifying Global Shaders for PCD3D_SM5
[2018.01.04-15.10.13:559][  0]LogSlate: Using Freetype 2.6.0
[2018.01.04-15.10.13:559][  0]LogSlate: SlateFontCache - WITH_FREETYPE: 1, WITH_HARFBUZZ: 1
[2018.01.04-15.10.13:559][  0]LogSlate: SlateFontCache - WITH_FREETYPE: 1, WITH_HARFBUZZ: 1
[2018.01.04-15.10.13:762][  0]LogInit: Selected Device Profile: [Windows]
[2018.01.04-15.10.13:907][  0]LogMeshUtilities: Using QuadricMeshReduction for automatic static mesh reduction
[2018.01.04-15.10.13:937][  0]LogSimplygon: Simplygon DLL not present - disabling.
[2018.01.04-15.10.13:968][  0]LogMeshUtilities: Using SimplygonSwarm for distributed automatic mesh merging
[2018.01.04-15.10.13:968][  0]LogMeshUtilities: No automatic skeletal mesh reduction module available
[2018.01.04-15.10.13:968][  0]LogMeshUtilities: No automatic mesh merging module available
[2018.01.04-15.10.14:319][  0]LogNetVersion: SR_Prototype_V3 , NetCL: 3452394, EngineNetVer: 2, GameNetVer: 0 (Checksum: 2708348065)
[2018.01.04-15.10.14:367][  0]LogAssetRegistry: FAssetRegistry took 0.0237 seconds to start up
[2018.01.04-15.10.14:418][  0]LogPackageLocalizationCache: Processed 5 localized package path(s) for 2 prioritized culture(s) in 0.033957 seconds
[2018.01.04-15.10.14:421][  0]LogUObjectArray: 34194 objects as part of root set at end of initial load.
[2018.01.04-15.10.14:421][  0]LogUObjectAllocator: 7260416 out of 0 bytes used by permanent object pool.
[2018.01.04-15.10.14:421][  0]LogUObjectArray: CloseDisregardForGC: 0/0 objects in disregard for GC pool
[2018.01.04-15.10.14:471][  0]LogInit: WinSock: version 1.1 (2.2), MaxSocks=32767, MaxUdp=65467
[2018.01.04-15.10.16:113][  0]LogTcpMessaging: Initializing TcpMessaging bridge
[2018.01.04-15.10.16:143][  0]LogUdpMessaging: Initializing bridge on interface 0.0.0.0:0 to multicast group 230.0.0.1:6666.
[2018.01.04-15.10.16:498][  0]LogMaterial: Uniform references updated for custom material expression Custom.
[2018.01.04-15.10.16:754][  0]SourceControl: Info Source control is disabled
[2018.01.04-15.10.16:777][  0]SourceControl: Info Source control is disabled
[2018.01.04-15.10.16:809][  0]SourceControl: Info Source control is disabled
[2018.01.04-15.10.16:839][  0]SourceControl: Info Source control is disabled
[2018.01.04-15.10.17:276][  0]LogAndroidPermission: UAndroidPermissionCallbackProxy::GetInstance
[2018.01.04-15.10.17:692][  0]LogEngine: Initializing Engine...
[2018.01.04-15.10.17:692][  0]LogHMD: Failed to initialize OpenVR with code 110
[2018.01.04-15.10.17:812][  0]LogStats: UGameplayTagsManager::ConstructGameplayTagTree: Construct from data asset -  0.000 s
[2018.01.04-15.10.17:812][  0]LogStats: UGameplayTagsManager::ConstructGameplayTagTree: GameplayTagTreeChangedEvent.Broadcast -  0.000 s
[2018.01.04-15.10.17:895][  0]LogAIModule: Creating AISystem for world Untitled
[2018.01.04-15.10.17:900][  0]LogInit: XAudio2 using 'Speakers (Logitech G933 Gaming Headset)' : 6 channels at 48 kHz using 16 bits per sample (channel mask 0x3f)
[2018.01.04-15.10.17:913][  0]LogInit: FAudioDevice initialized.
[2018.01.04-15.10.17:948][  0]LogDerivedDataCache: Saved boot cache 0.04s 111MB C:/Users/Bendick/AppData/Local/UnrealEngine/4.16/DerivedDataCache/Boot.ddc.
[2018.01.04-15.10.17:958][  0]LogInit: Texture streaming: Disabled
[2018.01.04-15.10.18:025][  0]LogEngineSessionManager: EngineSessionManager initialized
[2018.01.04-15.10.18:170][  0]LogInit: Transaction tracking system initialized
[2018.01.04-15.10.18:375][  0]BlueprintLog: New page: Editor Load
[2018.01.04-15.10.18:998][  0]LocalizationService: Info Localization service is disabled
[2018.01.04-15.10.19:450][  0]LogConsoleResponse:Display: 
[2018.01.04-15.10.19:549][  0]LogCook:Display: Max memory allowance for cook 16384mb min free memory 0mb
[2018.01.04-15.10.19:549][  0]LogCook:Display: Mobile HDR setting 1
[2018.01.04-15.10.20:203][  0]LogFileCache: Scanning file cache for directory 'C:/Users/Bendick/Documents/GitHub/SR_Prototype_V3/SR_Prototype_V3/Content/' took 0.01s
[2018.01.04-15.10.20:203][  0]SourceControl: Info Source control is disabled
[2018.01.04-15.10.20:203][  0]Cmd: MAP LOAD FILE="../../../../../../Users/Bendick/Documents/GitHub/SR_Prototype_V3/SR_Prototype_V3/Content/ScanReach.umap" TEMPLATE=0 SHOWPROGRESS=1 FEATURELEVEL=3
[2018.01.04-15.10.20:204][  0]LightingResults: New page: Lighting Build
[2018.01.04-15.10.20:231][  0]MapCheck: New page: Map Check
[2018.01.04-15.10.20:231][  0]LightingResults: New page: Lighting Build
[2018.01.04-15.10.20:754][  0]LogAIModule: Creating AISystem for world ScanReach
[2018.01.04-15.10.20:770][  0]LogEditorServer: Finished looking for orphan Actors (0.000 secs)
[2018.01.04-15.10.20:782][  0]Cmd: MAP CHECKDEP NOCLEARLOG
[2018.01.04-15.10.20:816][  0]MapCheck: Info Map check complete: 0 Error(s), 0 Warning(s), took 33.922ms to complete.
[2018.01.04-15.10.20:816][  0]LogFileHelpers: Loading map 'ScanReach' took 0.612
[2018.01.04-15.10.20:934][  0]LogCollectionManager: Loaded 0 collections in 0.000986 seconds
[2018.01.04-15.10.21:002][  0]LogFileCache: Scanning file cache for directory 'C:/Users/Bendick/Documents/GitHub/SR_Prototype_V3/SR_Prototype_V3/Saved/Collections/' took 0.01s
[2018.01.04-15.10.21:002][  0]LogFileCache: Scanning file cache for directory 'C:/Users/Bendick/Documents/GitHub/SR_Prototype_V3/SR_Prototype_V3/Content/Developers/Bendick/Collections/' took 0.01s
[2018.01.04-15.10.21:002][  0]LogFileCache: Scanning file cache for directory 'C:/Users/Bendick/Documents/GitHub/SR_Prototype_V3/SR_Prototype_V3/Content/Collections/' took 0.01s
[2018.01.04-15.10.21:002][  0]LogCollectionManager: Rebuilt the GUID cache for 0 collections in 0.000001 seconds
[2018.01.04-15.10.21:008][  0]LogContentBrowser: Native class hierarchy populated in 0.0060 seconds. Added 2334 classes and 495 folders.
[2018.01.04-15.10.21:050][  0]LogContentBrowser: Native class hierarchy updated for 'WidgetCarousel' in 0.0004 seconds. Added 0 classes and 0 folders.
[2018.01.04-15.10.21:072][  0]LogContentBrowser: Native class hierarchy updated for 'AddContentDialog' in 0.0004 seconds. Added 0 classes and 0 folders.
[2018.01.04-15.10.21:100][  0]LogContentBrowser: Native class hierarchy updated for 'SceneOutliner' in 0.0004 seconds. Added 1 classes and 2 folders.
[2018.01.04-15.10.21:154][  0]LogCrashTracker: Crashtracker disabled due to settings.
[2018.01.04-15.10.21:158][  0]LogSlate: Took 0.000132 seconds to synchronously load lazily loaded font '../../../Engine/Content/Slate/Fonts/Roboto-Regular.ttf' (155K)
[2018.01.04-15.10.21:159][  0]LogSlate: Took 0.000109 seconds to synchronously load lazily loaded font '../../../Engine/Content/Slate/Fonts/Roboto-Bold.ttf' (160K)
[2018.01.04-15.10.21:162][  0]LogSlate: Took 0.000119 seconds to synchronously load lazily loaded font '../../../Engine/Content/Editor/Slate/Fonts/FontAwesome.ttf' (139K)
[2018.01.04-15.10.21:213][  0]LogRenderer: Reallocating scene render targets to support 1276x628 NumSamples 1 (Frame:1).
[2018.01.04-15.10.21:240][  0]LogSlate: Took 0.000086 seconds to synchronously load lazily loaded font '../../../Engine/Content/Slate/Fonts/Roboto-Light.ttf' (159K)
[2018.01.04-15.10.21:269][  0]LogUObjectGlobals:Warning: Failed to find object 'Class None.'
[2018.01.04-15.10.21:318][  0]LogContentBrowser: Native class hierarchy updated for 'HierarchicalLODOutliner' in 0.0004 seconds. Added 1 classes and 2 folders.
[2018.01.04-15.10.21:318][  0]LogLoad: (Engine Initialization) Total time: 11.54 seconds
[2018.01.04-15.10.21:318][  0]LogLoad: (Engine Initialization) Total Blueprint compile time: 0.17 seconds
[2018.01.04-15.10.21:318][  0]LogExternalProfiler: Found external profiler: VSPerf
[2018.01.04-15.10.21:318][  0]LogExternalProfiler: Using external profiler: VSPerf
[2018.01.04-15.10.21:658][  0]LogOcInput: OculusInput pre-init called
[2018.01.04-15.10.21:658][  0]LogHMD: Starting GearVRController plugin
[2018.01.04-15.10.21:669][  0]LogAssetRegistry: Asset discovery search completed in 7.3228 seconds
[2018.01.04-15.10.21:670][  0]LogCollectionManager: Rebuilt the object cache for 0 collections in 0.000000 seconds (found 0 objects)
[2018.01.04-15.10.21:670][  0]LogCollectionManager: Fixed up redirectors for 0 collections in 0.000016 seconds (updated 0 objects)
[2018.01.04-15.10.21:732][  1]LogRenderer: Reallocating scene render targets to support 1276x644 NumSamples 1 (Frame:2).
[2018.01.04-15.10.34:680][974]LogEditorViewport: Clicking on Actor (context menu): bp_Ship_C (bp_Ship)
[2018.01.04-15.10.35:785][ 98]LogSlate: Took 0.000110 seconds to synchronously load lazily loaded font '../../../Engine/Content/Slate/Fonts/Roboto-Light.ttf' (159K)
[2018.01.04-15.10.36:034][ 98]LogContentBrowser: Native class hierarchy updated for 'BlueprintGraph' in 0.0006 seconds. Added 112 classes and 0 folders.
[2018.01.04-15.10.36:456][ 98]LogSlate: Took 0.000138 seconds to synchronously load lazily loaded font '../../../Engine/Content/Editor/Slate/Fonts/Roboto-BoldCondensed.ttf' (158K)
[2018.01.04-15.10.36:498][ 99]LogSlate: Took 0.000137 seconds to synchronously load lazily loaded font '../../../Engine/Content/Editor/Slate/Fonts/Roboto-Italic.ttf' (157K)
[2018.01.04-15.10.40:779][545]Cmd: OBJ SAVEPACKAGE PACKAGE="/Game/Blueprints/Ship/bp_Ship" FILE="../../../../../../Users/Bendick/Documents/GitHub/SR_Prototype_V3/SR_Prototype_V3/Content/Blueprints/Ship/bp_Ship.uasset" SILENT=true
[2018.01.04-15.10.40:964][545]LogSavePackage: Save=162.57ms
[2018.01.04-15.10.40:964][545]LogSavePackage: Moving '../../../../../../Users/Bendick/Documents/GitHub/SR_Prototype_V3/SR_Prototype_V3/Saved/bp_ShipC107956D4B88D1C2F3A5B3AEF8922757.tmp' to '../../../../../../Users/Bendick/Documents/GitHub/SR_Prototype_V3/SR_Prototype_V3/Content/Blueprints/Ship/bp_Ship.uasset'
[2018.01.04-15.10.40:969][545]LogSavePackage:Display: Finished SavePackage ../../../../../../Users/Bendick/Documents/GitHub/SR_Prototype_V3/SR_Prototype_V3/Content/Blueprints/Ship/bp_Ship.uasset
[2018.01.04-15.10.42:071][670]BlueprintLog: New page: Compile bp_Ship
[2018.01.04-15.10.43:008][754]Cmd: OBJ SAVEPACKAGE PACKAGE="/Game/Blueprints/Ship/bp_Ship" FILE="../../../../../../Users/Bendick/Documents/GitHub/SR_Prototype_V3/SR_Prototype_V3/Content/Blueprints/Ship/bp_Ship.uasset" SILENT=true
[2018.01.04-15.10.43:191][754]LogSavePackage: Save=164.08ms
[2018.01.04-15.10.43:191][754]LogSavePackage: Moving '../../../../../../Users/Bendick/Documents/GitHub/SR_Prototype_V3/SR_Prototype_V3/Saved/bp_Ship644566334B87B305CFAB96BAB5F0BD6F.tmp' to '../../../../../../Users/Bendick/Documents/GitHub/SR_Prototype_V3/SR_Prototype_V3/Content/Blueprints/Ship/bp_Ship.uasset'
[2018.01.04-15.10.43:192][754]LogSavePackage:Display: Finished SavePackage ../../../../../../Users/Bendick/Documents/GitHub/SR_Prototype_V3/SR_Prototype_V3/Content/Blueprints/Ship/bp_Ship.uasset
[2018.01.04-15.10.46:265][113]LogTemp: Repeting last play command: Standalone Game
[2018.01.04-15.10.46:517][113]LogSavePackage: Save=145.98ms
[2018.01.04-15.10.46:517][113]LogSavePackage: Moving '../../../../../../Users/Bendick/Documents/GitHub/SR_Prototype_V3/SR_Prototype_V3/Saved/UEDPCScanReach0F998087495E2D1E6B1A4DB38ED0356B.tmp' to '../../../../../../Users/Bendick/Documents/GitHub/SR_Prototype_V3/SR_Prototype_V3/Saved/Autosaves/Game/UEDPCScanReach.umap'
[2018.01.04-15.10.46:518][113]LogSavePackage:Display: Finished SavePackage ../../../../../../Users/Bendick/Documents/GitHub/SR_Prototype_V3/SR_Prototype_V3/Saved/Autosaves/Game/UEDPCScanReach.umap
[2018.01.04-15.10.46:520][113]Cmd: OBJ SAVEPACKAGE PACKAGE="/Game/ScanReach_BuiltData" FILE="../../../../../../Users/Bendick/Documents/GitHub/SR_Prototype_V3/SR_Prototype_V3/Content/ScanReach_BuiltData.uasset" SILENT=true
[2018.01.04-15.10.46:559][113]LogSavePackage: Save=15.37ms
[2018.01.04-15.10.46:559][113]LogSavePackage: Moving '../../../../../../Users/Bendick/Documents/GitHub/SR_Prototype_V3/SR_Prototype_V3/Saved/ScanReach_BuiltData981DFC3F4B7962A6205310874BBFA62E.tmp' to '../../../../../../Users/Bendick/Documents/GitHub/SR_Prototype_V3/SR_Prototype_V3/Content/ScanReach_BuiltData.uasset'
[2018.01.04-15.10.46:559][113]LogSavePackage:Display: Finished SavePackage ../../../../../../Users/Bendick/Documents/GitHub/SR_Prototype_V3/SR_Prototype_V3/Content/ScanReach_BuiltData.uasset
[2018.01.04-15.10.46:562][113]LogEditorTransaction: Undo Spawn Play From Here Start
[2018.01.04-15.11.41:235][ 54]BlueprintLog: New page: Compile bp_Ship
[2018.01.04-15.11.42:260][156]Cmd: OBJ SAVEPACKAGE PACKAGE="/Game/Blueprints/Ship/bp_Ship" FILE="../../../../../../Users/Bendick/Documents/GitHub/SR_Prototype_V3/SR_Prototype_V3/Content/Blueprints/Ship/bp_Ship.uasset" SILENT=true
[2018.01.04-15.11.42:441][156]LogSavePackage: Save=162.17ms
[2018.01.04-15.11.42:441][156]LogSavePackage: Moving '../../../../../../Users/Bendick/Documents/GitHub/SR_Prototype_V3/SR_Prototype_V3/Saved/bp_Ship78CE4C2F4A8CF275158A17871C343049.tmp' to '../../../../../../Users/Bendick/Documents/GitHub/SR_Prototype_V3/SR_Prototype_V3/Content/Blueprints/Ship/bp_Ship.uasset'
[2018.01.04-15.11.42:443][156]LogSavePackage:Display: Finished SavePackage ../../../../../../Users/Bendick/Documents/GitHub/SR_Prototype_V3/SR_Prototype_V3/Content/Blueprints/Ship/bp_Ship.uasset
[2018.01.04-15.11.48:240][850]BlueprintLog: New page: Compile bp_Ship
[2018.01.04-15.11.48:743][890]Cmd: OBJ SAVEPACKAGE PACKAGE="/Game/Blueprints/Ship/bp_Ship" FILE="../../../../../../Users/Bendick/Documents/GitHub/SR_Prototype_V3/SR_Prototype_V3/Content/Blueprints/Ship/bp_Ship.uasset" SILENT=true
[2018.01.04-15.11.48:923][890]LogSavePackage: Save=160.42ms
[2018.01.04-15.11.48:923][890]LogSavePackage: Moving '../../../../../../Users/Bendick/Documents/GitHub/SR_Prototype_V3/SR_Prototype_V3/Saved/bp_ShipA432E6F9410765BF3A3A5083292867A4.tmp' to '../../../../../../Users/Bendick/Documents/GitHub/SR_Prototype_V3/SR_Prototype_V3/Content/Blueprints/Ship/bp_Ship.uasset'
[2018.01.04-15.11.48:925][890]LogSavePackage:Display: Finished SavePackage ../../../../../../Users/Bendick/Documents/GitHub/SR_Prototype_V3/SR_Prototype_V3/Content/Blueprints/Ship/bp_Ship.uasset
[2018.01.04-15.11.49:333][939]LogTemp: Repeting last play command: Standalone Game
[2018.01.04-15.11.49:575][939]LogSavePackage: Save=143.87ms
[2018.01.04-15.11.49:575][939]LogSavePackage: Moving '../../../../../../Users/Bendick/Documents/GitHub/SR_Prototype_V3/SR_Prototype_V3/Saved/UEDPCScanReach9E00FB4F47BB02097B6BD9990B5022A4.tmp' to '../../../../../../Users/Bendick/Documents/GitHub/SR_Prototype_V3/SR_Prototype_V3/Saved/Autosaves/Game/UEDPCScanReach.umap'
[2018.01.04-15.11.49:576][939]LogSavePackage:Display: Finished SavePackage ../../../../../../Users/Bendick/Documents/GitHub/SR_Prototype_V3/SR_Prototype_V3/Saved/Autosaves/Game/UEDPCScanReach.umap
[2018.01.04-15.11.49:579][939]Cmd: OBJ SAVEPACKAGE PACKAGE="/Game/ScanReach_BuiltData" FILE="../../../../../../Users/Bendick/Documents/GitHub/SR_Prototype_V3/SR_Prototype_V3/Content/ScanReach_BuiltData.uasset" SILENT=true
[2018.01.04-15.11.49:612][939]LogSavePackage: Save=14.17ms
[2018.01.04-15.11.49:612][939]LogSavePackage: Moving '../../../../../../Users/Bendick/Documents/GitHub/SR_Prototype_V3/SR_Prototype_V3/Saved/ScanReach_BuiltDataB93F523E47CC90BFC140B7BF2221F4E3.tmp' to '../../../../../../Users/Bendick/Documents/GitHub/SR_Prototype_V3/SR_Prototype_V3/Content/ScanReach_BuiltData.uasset'
[2018.01.04-15.11.49:613][939]LogSavePackage:Display: Finished SavePackage ../../../../../../Users/Bendick/Documents/GitHub/SR_Prototype_V3/SR_Prototype_V3/Content/ScanReach_BuiltData.uasset
[2018.01.04-15.11.49:617][939]LogEditorTransaction: Undo Spawn Play From Here Start
[2018.01.04-15.12.07:485][166]Cmd: OBJ SAVEPACKAGE PACKAGE="/Game/Blueprints/Ship/bp_Ship" FILE="../../../../../../Users/Bendick/Documents/GitHub/SR_Prototype_V3/SR_Prototype_V3/Content/Blueprints/Ship/bp_Ship.uasset" SILENT=true
[2018.01.04-15.12.07:678][166]LogSavePackage: Save=172.84ms
[2018.01.04-15.12.07:678][166]LogSavePackage: Moving '../../../../../../Users/Bendick/Documents/GitHub/SR_Prototype_V3/SR_Prototype_V3/Saved/bp_Ship922114D543B4384B3D4BEB89D5A393B3.tmp' to '../../../../../../Users/Bendick/Documents/GitHub/SR_Prototype_V3/SR_Prototype_V3/Content/Blueprints/Ship/bp_Ship.uasset'
[2018.01.04-15.12.07:679][166]LogSavePackage:Display: Finished SavePackage ../../../../../../Users/Bendick/Documents/GitHub/SR_Prototype_V3/SR_Prototype_V3/Content/Blueprints/Ship/bp_Ship.uasset
[2018.01.04-15.12.09:951][414]LogSlate: Took 0.000095 seconds to synchronously load lazily loaded font '../../../Engine/Content/Slate/Fonts/Roboto-Light.ttf' (159K)
[2018.01.04-15.12.15:970][128]LogSavePackage: Save=14.09ms
[2018.01.04-15.12.15:970][128]LogSavePackage: Moving '../../../../../../Users/Bendick/Documents/GitHub/SR_Prototype_V3/SR_Prototype_V3/Saved/w_Deckview6757C8CA42836A81A97FE1B4920D7C56.tmp' to '../../../../../../Users/Bendick/Documents/GitHub/SR_Prototype_V3/SR_Prototype_V3/Content/Blueprints/Widgets/w_Deckview.uasset'
[2018.01.04-15.12.15:972][128]LogSavePackage:Display: Finished SavePackage ../../../../../../Users/Bendick/Documents/GitHub/SR_Prototype_V3/SR_Prototype_V3/Content/Blueprints/Widgets/w_Deckview.uasset
[2018.01.04-15.12.16:365][175]BlueprintLog: New page: Compile w_Deckview
[2018.01.04-15.12.16:431][175]BlueprintEditorCompileResults: Info Fast Template Successfully Created.
[2018.01.04-15.12.16:804][214]LogSavePackage: Save=14.08ms
[2018.01.04-15.12.16:804][214]LogSavePackage: Moving '../../../../../../Users/Bendick/Documents/GitHub/SR_Prototype_V3/SR_Prototype_V3/Saved/w_Deckview7850E31C4977F70A2086C6B7B9F8FEA0.tmp' to '../../../../../../Users/Bendick/Documents/GitHub/SR_Prototype_V3/SR_Prototype_V3/Content/Blueprints/Widgets/w_Deckview.uasset'
[2018.01.04-15.12.16:805][214]LogSavePackage:Display: Finished SavePackage ../../../../../../Users/Bendick/Documents/GitHub/SR_Prototype_V3/SR_Prototype_V3/Content/Blueprints/Widgets/w_Deckview.uasset
[2018.01.04-15.12.17:970][354]LogTemp: Repeting last play command: Standalone Game
[2018.01.04-15.12.18:212][354]LogSavePackage: Save=144.15ms
[2018.01.04-15.12.18:212][354]LogSavePackage: Moving '../../../../../../Users/Bendick/Documents/GitHub/SR_Prototype_V3/SR_Prototype_V3/Saved/UEDPCScanReachB409C577475369E65E41CC9CB3F896E6.tmp' to '../../../../../../Users/Bendick/Documents/GitHub/SR_Prototype_V3/SR_Prototype_V3/Saved/Autosaves/Game/UEDPCScanReach.umap'
[2018.01.04-15.12.18:213][354]LogSavePackage:Display: Finished SavePackage ../../../../../../Users/Bendick/Documents/GitHub/SR_Prototype_V3/SR_Prototype_V3/Saved/Autosaves/Game/UEDPCScanReach.umap
[2018.01.04-15.12.18:216][354]Cmd: OBJ SAVEPACKAGE PACKAGE="/Game/ScanReach_BuiltData" FILE="../../../../../../Users/Bendick/Documents/GitHub/SR_Prototype_V3/SR_Prototype_V3/Content/ScanReach_BuiltData.uasset" SILENT=true
[2018.01.04-15.12.18:249][354]LogSavePackage: Save=14.13ms
[2018.01.04-15.12.18:249][354]LogSavePackage: Moving '../../../../../../Users/Bendick/Documents/GitHub/SR_Prototype_V3/SR_Prototype_V3/Saved/ScanReach_BuiltDataC8D87D1C425BDD1C2FBB03A59953B06C.tmp' to '../../../../../../Users/Bendick/Documents/GitHub/SR_Prototype_V3/SR_Prototype_V3/Content/ScanReach_BuiltData.uasset'
[2018.01.04-15.12.18:250][354]LogSavePackage:Display: Finished SavePackage ../../../../../../Users/Bendick/Documents/GitHub/SR_Prototype_V3/SR_Prototype_V3/Content/ScanReach_BuiltData.uasset
[2018.01.04-15.12.18:253][354]LogEditorTransaction: Undo Spawn Play From Here Start
[2018.01.04-15.13.06:244][  1]Cmd: OBJ SAVEPACKAGE PACKAGE="/Game/ScanReach" FILE="../../../../../../Users/Bendick/Documents/GitHub/SR_Prototype_V3/SR_Prototype_V3/Content/ScanReach.umap" SILENT=true AUTOSAVING=false KEEPDIRTY=false
[2018.01.04-15.13.06:420][  1]LogSavePackage: Save=145.32ms
[2018.01.04-15.13.06:420][  1]LogSavePackage: Moving '../../../../../../Users/Bendick/Documents/GitHub/SR_Prototype_V3/SR_Prototype_V3/Saved/ScanReach85618B3C48ED723F749296A488260D9A.tmp' to '../../../../../../Users/Bendick/Documents/GitHub/SR_Prototype_V3/SR_Prototype_V3/Content/ScanReach.umap'
[2018.01.04-15.13.06:422][  1]LogSavePackage:Display: Finished SavePackage ../../../../../../Users/Bendick/Documents/GitHub/SR_Prototype_V3/SR_Prototype_V3/Content/ScanReach.umap
[2018.01.04-15.13.06:448][  1]Cmd: OBJ SAVEPACKAGE PACKAGE="/Game/ScanReach_BuiltData" FILE="../../../../../../Users/Bendick/Documents/GitHub/SR_Prototype_V3/SR_Prototype_V3/Content/ScanReach_BuiltData.uasset" SILENT=true
[2018.01.04-15.13.06:483][  1]LogSavePackage: Save=14.04ms
[2018.01.04-15.13.06:483][  1]LogSavePackage: Moving '../../../../../../Users/Bendick/Documents/GitHub/SR_Prototype_V3/SR_Prototype_V3/Saved/ScanReach_BuiltData689903A74FA38E8094BFC6B0B5CB67A5.tmp' to '../../../../../../Users/Bendick/Documents/GitHub/SR_Prototype_V3/SR_Prototype_V3/Content/ScanReach_BuiltData.uasset'
[2018.01.04-15.13.06:484][  1]LogSavePackage:Display: Finished SavePackage ../../../../../../Users/Bendick/Documents/GitHub/SR_Prototype_V3/SR_Prototype_V3/Content/ScanReach_BuiltData.uasset
[2018.01.04-15.13.45:055][844]LogEditorViewport: Clicking Background
[2018.01.04-15.13.45:746][926]LogEditorViewport: Clicking on Actor (LMB): bp_Ship_C (bp_Ship)
[2018.01.04-15.14.04:784][182]BlueprintLog: New page: Compile w_DeckButton
[2018.01.04-15.14.04:902][182]BlueprintEditorCompileResults: Info Fast Template Successfully Created.
[2018.01.04-15.14.05:394][231]LogSavePackage: Save=34.90ms
[2018.01.04-15.14.05:394][231]LogSavePackage: Moving '../../../../../../Users/Bendick/Documents/GitHub/SR_Prototype_V3/SR_Prototype_V3/Saved/w_DeckButton73F4D53C4EEC53D9ED50F9A87FA5672C.tmp' to '../../../../../../Users/Bendick/Documents/GitHub/SR_Prototype_V3/SR_Prototype_V3/Content/Blueprints/Widgets/w_DeckButton.uasset'
[2018.01.04-15.14.05:396][231]LogSavePackage:Display: Finished SavePackage ../../../../../../Users/Bendick/Documents/GitHub/SR_Prototype_V3/SR_Prototype_V3/Content/Blueprints/Widgets/w_DeckButton.uasset
[2018.01.04-15.14.06:703][380]LogSavePackage: Save=33.67ms
[2018.01.04-15.14.06:703][380]LogSavePackage: Moving '../../../../../../Users/Bendick/Documents/GitHub/SR_Prototype_V3/SR_Prototype_V3/Saved/w_DeckButtonB7FDBD3F4C9252EC827D84B380E6BBA3.tmp' to '../../../../../../Users/Bendick/Documents/GitHub/SR_Prototype_V3/SR_Prototype_V3/Content/Blueprints/Widgets/w_DeckButton.uasset'
[2018.01.04-15.14.06:704][380]LogSavePackage:Display: Finished SavePackage ../../../../../../Users/Bendick/Documents/GitHub/SR_Prototype_V3/SR_Prototype_V3/Content/Blueprints/Widgets/w_DeckButton.uasset
[2018.01.04-15.14.07:265][447]LogTemp: Repeting last play command: Standalone Game
[2018.01.04-15.14.07:511][447]LogSavePackage: Save=145.35ms
[2018.01.04-15.14.07:511][447]LogSavePackage: Moving '../../../../../../Users/Bendick/Documents/GitHub/SR_Prototype_V3/SR_Prototype_V3/Saved/UEDPCScanReach863493B9427CDCC68B72ECA5FA00EA11.tmp' to '../../../../../../Users/Bendick/Documents/GitHub/SR_Prototype_V3/SR_Prototype_V3/Saved/Autosaves/Game/UEDPCScanReach.umap'
[2018.01.04-15.14.07:512][447]LogSavePackage:Display: Finished SavePackage ../../../../../../Users/Bendick/Documents/GitHub/SR_Prototype_V3/SR_Prototype_V3/Saved/Autosaves/Game/UEDPCScanReach.umap
[2018.01.04-15.14.07:514][447]Cmd: OBJ SAVEPACKAGE PACKAGE="/Game/ScanReach_BuiltData" FILE="../../../../../../Users/Bendick/Documents/GitHub/SR_Prototype_V3/SR_Prototype_V3/Content/ScanReach_BuiltData.uasset" SILENT=true
[2018.01.04-15.14.07:548][447]LogSavePackage: Save=14.21ms
[2018.01.04-15.14.07:548][447]LogSavePackage: Moving '../../../../../../Users/Bendick/Documents/GitHub/SR_Prototype_V3/SR_Prototype_V3/Saved/ScanReach_BuiltData22AE832242F7E277A0E6D3ABD5025618.tmp' to '../../../../../../Users/Bendick/Documents/GitHub/SR_Prototype_V3/SR_Prototype_V3/Content/ScanReach_BuiltData.uasset'
[2018.01.04-15.14.07:548][447]LogSavePackage:Display: Finished SavePackage ../../../../../../Users/Bendick/Documents/GitHub/SR_Prototype_V3/SR_Prototype_V3/Content/ScanReach_BuiltData.uasset
[2018.01.04-15.14.07:551][447]LogEditorTransaction: Undo Spawn Play From Here Start
[2018.01.04-15.14.29:488][ 11]BlueprintLog: New page: Compile w_DeckButton
[2018.01.04-15.14.29:586][ 11]BlueprintEditorCompileResults: Info Fast Template Successfully Created.
[2018.01.04-15.14.30:075][ 60]LogSavePackage: Save=35.24ms
[2018.01.04-15.14.30:075][ 60]LogSavePackage: Moving '../../../../../../Users/Bendick/Documents/GitHub/SR_Prototype_V3/SR_Prototype_V3/Saved/w_DeckButtonA8758C4F4C552DD8E0619AAD5FDD67E8.tmp' to '../../../../../../Users/Bendick/Documents/GitHub/SR_Prototype_V3/SR_Prototype_V3/Content/Blueprints/Widgets/w_DeckButton.uasset'
[2018.01.04-15.14.30:077][ 60]LogSavePackage:Display: Finished SavePackage ../../../../../../Users/Bendick/Documents/GitHub/SR_Prototype_V3/SR_Prototype_V3/Content/Blueprints/Widgets/w_DeckButton.uasset
[2018.01.04-15.14.30:761][142]LogTemp: Repeting last play command: Standalone Game
[2018.01.04-15.14.31:008][142]LogSavePackage: Save=146.33ms
[2018.01.04-15.14.31:008][142]LogSavePackage: Moving '../../../../../../Users/Bendick/Documents/GitHub/SR_Prototype_V3/SR_Prototype_V3/Saved/UEDPCScanReach103E39824B287BA186355B928D5070C2.tmp' to '../../../../../../Users/Bendick/Documents/GitHub/SR_Prototype_V3/SR_Prototype_V3/Saved/Autosaves/Game/UEDPCScanReach.umap'
[2018.01.04-15.14.31:009][142]LogSavePackage:Display: Finished SavePackage ../../../../../../Users/Bendick/Documents/GitHub/SR_Prototype_V3/SR_Prototype_V3/Saved/Autosaves/Game/UEDPCScanReach.umap
[2018.01.04-15.14.31:011][142]Cmd: OBJ SAVEPACKAGE PACKAGE="/Game/ScanReach_BuiltData" FILE="../../../../../../Users/Bendick/Documents/GitHub/SR_Prototype_V3/SR_Prototype_V3/Content/ScanReach_BuiltData.uasset" SILENT=true
[2018.01.04-15.14.31:044][142]LogSavePackage: Save=13.49ms
[2018.01.04-15.14.31:044][142]LogSavePackage: Moving '../../../../../../Users/Bendick/Documents/GitHub/SR_Prototype_V3/SR_Prototype_V3/Saved/ScanReach_BuiltDataE477FAAC4ADCF090A65E0D94C862AFB7.tmp' to '../../../../../../Users/Bendick/Documents/GitHub/SR_Prototype_V3/SR_Prototype_V3/Content/ScanReach_BuiltData.uasset'
[2018.01.04-15.14.31:045][142]LogSavePackage:Display: Finished SavePackage ../../../../../../Users/Bendick/Documents/GitHub/SR_Prototype_V3/SR_Prototype_V3/Content/ScanReach_BuiltData.uasset
[2018.01.04-15.14.31:048][142]LogEditorTransaction: Undo Spawn Play From Here Start
[2018.01.04-15.15.12:100][847]LogSavePackage: Save=34.33ms
[2018.01.04-15.15.12:100][847]LogSavePackage: Moving '../../../../../../Users/Bendick/Documents/GitHub/SR_Prototype_V3/SR_Prototype_V3/Saved/w_DeckButtonBC5EB4D145F1892B55CDE5AF000BDD86.tmp' to '../../../../../../Users/Bendick/Documents/GitHub/SR_Prototype_V3/SR_Prototype_V3/Content/Blueprints/Widgets/w_DeckButton.uasset'
[2018.01.04-15.15.12:103][847]LogSavePackage:Display: Finished SavePackage ../../../../../../Users/Bendick/Documents/GitHub/SR_Prototype_V3/SR_Prototype_V3/Content/Blueprints/Widgets/w_DeckButton.uasset
[2018.01.04-15.15.12:596][906]BlueprintLog: New page: Compile w_DeckButton
[2018.01.04-15.15.12:694][906]BlueprintEditorCompileResults: Info Fast Template Successfully Created.
[2018.01.04-15.15.13:238][961]LogSavePackage: Save=39.08ms
[2018.01.04-15.15.13:238][961]LogSavePackage: Moving '../../../../../../Users/Bendick/Documents/GitHub/SR_Prototype_V3/SR_Prototype_V3/Saved/w_DeckButtonD21BB8CF493DD5A520D54986FCCFD9CE.tmp' to '../../../../../../Users/Bendick/Documents/GitHub/SR_Prototype_V3/SR_Prototype_V3/Content/Blueprints/Widgets/w_DeckButton.uasset'
[2018.01.04-15.15.13:239][961]LogSavePackage:Display: Finished SavePackage ../../../../../../Users/Bendick/Documents/GitHub/SR_Prototype_V3/SR_Prototype_V3/Content/Blueprints/Widgets/w_DeckButton.uasset
[2018.01.04-15.15.14:102][ 64]LogTemp: Repeting last play command: Standalone Game
[2018.01.04-15.15.14:349][ 64]LogSavePackage: Save=146.55ms
[2018.01.04-15.15.14:349][ 64]LogSavePackage: Moving '../../../../../../Users/Bendick/Documents/GitHub/SR_Prototype_V3/SR_Prototype_V3/Saved/UEDPCScanReach07E468E94AB760CD450D10BD6C9C044B.tmp' to '../../../../../../Users/Bendick/Documents/GitHub/SR_Prototype_V3/SR_Prototype_V3/Saved/Autosaves/Game/UEDPCScanReach.umap'
[2018.01.04-15.15.14:350][ 64]LogSavePackage:Display: Finished SavePackage ../../../../../../Users/Bendick/Documents/GitHub/SR_Prototype_V3/SR_Prototype_V3/Saved/Autosaves/Game/UEDPCScanReach.umap
[2018.01.04-15.15.14:353][ 64]Cmd: OBJ SAVEPACKAGE PACKAGE="/Game/ScanReach_BuiltData" FILE="../../../../../../Users/Bendick/Documents/GitHub/SR_Prototype_V3/SR_Prototype_V3/Content/ScanReach_BuiltData.uasset" SILENT=true
[2018.01.04-15.15.14:386][ 64]LogSavePackage: Save=14.07ms
[2018.01.04-15.15.14:386][ 64]LogSavePackage: Moving '../../../../../../Users/Bendick/Documents/GitHub/SR_Prototype_V3/SR_Prototype_V3/Saved/ScanReach_BuiltData98BDB6BD414AA8CCB30A9E84419EE88A.tmp' to '../../../../../../Users/Bendick/Documents/GitHub/SR_Prototype_V3/SR_Prototype_V3/Content/ScanReach_BuiltData.uasset'
[2018.01.04-15.15.14:387][ 64]LogSavePackage:Display: Finished SavePackage ../../../../../../Users/Bendick/Documents/GitHub/SR_Prototype_V3/SR_Prototype_V3/Content/ScanReach_BuiltData.uasset
[2018.01.04-15.15.14:389][ 64]LogEditorTransaction: Undo Spawn Play From Here Start
[2018.01.04-15.15.41:058][339]LogSavePackage: Save=34.27ms
[2018.01.04-15.15.41:058][339]LogSavePackage: Moving '../../../../../../Users/Bendick/Documents/GitHub/SR_Prototype_V3/SR_Prototype_V3/Saved/w_DeckButton90EC91444EF089F3C0EFDD80DD061BD9.tmp' to '../../../../../../Users/Bendick/Documents/GitHub/SR_Prototype_V3/SR_Prototype_V3/Content/Blueprints/Widgets/w_DeckButton.uasset'
[2018.01.04-15.15.41:060][339]LogSavePackage:Display: Finished SavePackage ../../../../../../Users/Bendick/Documents/GitHub/SR_Prototype_V3/SR_Prototype_V3/Content/Blueprints/Widgets/w_DeckButton.uasset
[2018.01.04-15.15.41:387][378]BlueprintLog: New page: Compile w_DeckButton
[2018.01.04-15.15.41:491][378]BlueprintEditorCompileResults: Info Fast Template Successfully Created.
[2018.01.04-15.15.42:752][519]LogSavePackage: Save=40.45ms
[2018.01.04-15.15.42:752][519]LogSavePackage: Moving '../../../../../../Users/Bendick/Documents/GitHub/SR_Prototype_V3/SR_Prototype_V3/Saved/w_DeckButton516EA7EC4466DB6C552F038992D79438.tmp' to '../../../../../../Users/Bendick/Documents/GitHub/SR_Prototype_V3/SR_Prototype_V3/Content/Blueprints/Widgets/w_DeckButton.uasset'
[2018.01.04-15.15.42:753][519]LogSavePackage:Display: Finished SavePackage ../../../../../../Users/Bendick/Documents/GitHub/SR_Prototype_V3/SR_Prototype_V3/Content/Blueprints/Widgets/w_DeckButton.uasset
[2018.01.04-15.15.43:429][600]LogTemp: Repeting last play command: Standalone Game
[2018.01.04-15.15.43:674][600]LogSavePackage: Save=145.56ms
[2018.01.04-15.15.43:674][600]LogSavePackage: Moving '../../../../../../Users/Bendick/Documents/GitHub/SR_Prototype_V3/SR_Prototype_V3/Saved/UEDPCScanReachF873A1194D9191BE0DA3B38CDE0928E3.tmp' to '../../../../../../Users/Bendick/Documents/GitHub/SR_Prototype_V3/SR_Prototype_V3/Saved/Autosaves/Game/UEDPCScanReach.umap'
[2018.01.04-15.15.43:675][600]LogSavePackage:Display: Finished SavePackage ../../../../../../Users/Bendick/Documents/GitHub/SR_Prototype_V3/SR_Prototype_V3/Saved/Autosaves/Game/UEDPCScanReach.umap
[2018.01.04-15.15.43:678][600]Cmd: OBJ SAVEPACKAGE PACKAGE="/Game/ScanReach_BuiltData" FILE="../../../../../../Users/Bendick/Documents/GitHub/SR_Prototype_V3/SR_Prototype_V3/Content/ScanReach_BuiltData.uasset" SILENT=true
[2018.01.04-15.15.43:712][600]LogSavePackage: Save=13.85ms
[2018.01.04-15.15.43:712][600]LogSavePackage: Moving '../../../../../../Users/Bendick/Documents/GitHub/SR_Prototype_V3/SR_Prototype_V3/Saved/ScanReach_BuiltData182227E5439A411DE7619D9B463EF87F.tmp' to '../../../../../../Users/Bendick/Documents/GitHub/SR_Prototype_V3/SR_Prototype_V3/Content/ScanReach_BuiltData.uasset'
[2018.01.04-15.15.43:713][600]LogSavePackage:Display: Finished SavePackage ../../../../../../Users/Bendick/Documents/GitHub/SR_Prototype_V3/SR_Prototype_V3/Content/ScanReach_BuiltData.uasset
[2018.01.04-15.15.43:715][600]LogEditorTransaction: Undo Spawn Play From Here Start
[2018.01.04-15.16.32:948][534]LogEditorViewport: Clicking on Actor (LMB): bp_Ship_C (bp_Ship)
[2018.01.04-15.16.33:337][579]LogEditorViewport: Clicking on Actor (LMB): bp_Ship_C (bp_Ship)
[2018.01.04-15.16.33:749][627]LogEditorViewport: Clicking on Actor (LMB): bp_Sensor_C (bp_Sensor6)
[2018.01.04-15.16.35:856][876]LogTemp: Repeting last play command: Standalone Game
[2018.01.04-15.16.36:107][876]LogSavePackage: Save=146.55ms
[2018.01.04-15.16.36:107][876]LogSavePackage: Moving '../../../../../../Users/Bendick/Documents/GitHub/SR_Prototype_V3/SR_Prototype_V3/Saved/UEDPCScanReach5DC255A94BD8EB22CB9FF7B160F40C04.tmp' to '../../../../../../Users/Bendick/Documents/GitHub/SR_Prototype_V3/SR_Prototype_V3/Saved/Autosaves/Game/UEDPCScanReach.umap'
[2018.01.04-15.16.36:108][876]LogSavePackage:Display: Finished SavePackage ../../../../../../Users/Bendick/Documents/GitHub/SR_Prototype_V3/SR_Prototype_V3/Saved/Autosaves/Game/UEDPCScanReach.umap
[2018.01.04-15.16.36:110][876]Cmd: OBJ SAVEPACKAGE PACKAGE="/Game/ScanReach_BuiltData" FILE="../../../../../../Users/Bendick/Documents/GitHub/SR_Prototype_V3/SR_Prototype_V3/Content/ScanReach_BuiltData.uasset" SILENT=true
[2018.01.04-15.16.36:155][876]LogSavePackage: Save=22.31ms
[2018.01.04-15.16.36:155][876]LogSavePackage: Moving '../../../../../../Users/Bendick/Documents/GitHub/SR_Prototype_V3/SR_Prototype_V3/Saved/ScanReach_BuiltData3F350D9F46B546E0FD487CAF1F1097C8.tmp' to '../../../../../../Users/Bendick/Documents/GitHub/SR_Prototype_V3/SR_Prototype_V3/Content/ScanReach_BuiltData.uasset'
[2018.01.04-15.16.36:156][876]LogSavePackage:Display: Finished SavePackage ../../../../../../Users/Bendick/Documents/GitHub/SR_Prototype_V3/SR_Prototype_V3/Content/ScanReach_BuiltData.uasset
[2018.01.04-15.16.36:159][876]LogEditorTransaction: Undo Spawn Play From Here Start
[2018.01.04-15.17.12:082][751]LogFactory: FactoryCreateFile: Texture with ReimportTextureFactory (0 0 E:\Media\Pictures\Textures\ScanReach\DarkMode\T_SensorIcon.png)
[2018.01.04-15.17.12:085][751]LogTexture:Display: Building textures: T_SensorIcon (AutoDXT, 32X32)
[2018.01.04-15.17.18:364][109]LogContentBrowser: Native class hierarchy updated for 'TextureEditor' in 0.0004 seconds. Added 1 classes and 2 folders.
[2018.01.04-15.17.30:659][548]Cmd: OBJ SAVEPACKAGE PACKAGE="/Game/ScanReach" FILE="../../../../../../Users/Bendick/Documents/GitHub/SR_Prototype_V3/SR_Prototype_V3/Content/ScanReach.umap" SILENT=true AUTOSAVING=false KEEPDIRTY=false
[2018.01.04-15.17.30:837][548]LogSavePackage: Save=147.43ms
[2018.01.04-15.17.30:837][548]LogSavePackage: Moving '../../../../../../Users/Bendick/Documents/GitHub/SR_Prototype_V3/SR_Prototype_V3/Saved/ScanReach1ED06ADF47CD19CD7C6A819384AA3B2C.tmp' to '../../../../../../Users/Bendick/Documents/GitHub/SR_Prototype_V3/SR_Prototype_V3/Content/ScanReach.umap'
[2018.01.04-15.17.30:839][548]LogSavePackage:Display: Finished SavePackage ../../../../../../Users/Bendick/Documents/GitHub/SR_Prototype_V3/SR_Prototype_V3/Content/ScanReach.umap
[2018.01.04-15.17.30:863][548]Cmd: OBJ SAVEPACKAGE PACKAGE="/Game/ScanReach_BuiltData" FILE="../../../../../../Users/Bendick/Documents/GitHub/SR_Prototype_V3/SR_Prototype_V3/Content/ScanReach_BuiltData.uasset" SILENT=true
[2018.01.04-15.17.30:899][548]LogSavePackage: Save=14.41ms
[2018.01.04-15.17.30:899][548]LogSavePackage: Moving '../../../../../../Users/Bendick/Documents/GitHub/SR_Prototype_V3/SR_Prototype_V3/Saved/ScanReach_BuiltData6B4DCE8F4053BDA2A6E82C9DB59C2394.tmp' to '../../../../../../Users/Bendick/Documents/GitHub/SR_Prototype_V3/SR_Prototype_V3/Content/ScanReach_BuiltData.uasset'
[2018.01.04-15.17.30:900][548]LogSavePackage:Display: Finished SavePackage ../../../../../../Users/Bendick/Documents/GitHub/SR_Prototype_V3/SR_Prototype_V3/Content/ScanReach_BuiltData.uasset
[2018.01.04-15.17.56:755][611]BlueprintLog: New page: Compile bp_Sensor
[2018.01.04-15.17.57:334][664]LogRenderer: Reallocating scene render targets to support 1276x704 NumSamples 1 (Frame:1).
[2018.01.04-15.18.12:587][486]LogEditorTransaction: Undo Modify Component(s)
[2018.01.04-15.18.14:459][707]LogEditorTransaction: Undo Edit Sprite
[2018.01.04-15.18.30:331][585]LogTexture:Display: Building textures: T_SensorIcon (BGRA8, 32X32)
[2018.01.04-15.18.42:903][ 92]Cmd: OBJ SAVEPACKAGE PACKAGE="/Game/Textures/UI/T_SensorIcon" FILE="../../../../../../Users/Bendick/Documents/GitHub/SR_Prototype_V3/SR_Prototype_V3/Content/Textures/UI/T_SensorIcon.uasset" SILENT=true
[2018.01.04-15.18.42:909][ 92]LogSavePackage: Save=4.07ms
[2018.01.04-15.18.42:909][ 92]LogSavePackage: Moving '../../../../../../Users/Bendick/Documents/GitHub/SR_Prototype_V3/SR_Prototype_V3/Saved/T_SensorIcon798C0D1C407A2E9299A13FA0937BD80D.tmp' to '../../../../../../Users/Bendick/Documents/GitHub/SR_Prototype_V3/SR_Prototype_V3/Content/Textures/UI/T_SensorIcon.uasset'
[2018.01.04-15.18.42:912][ 92]LogSavePackage:Display: Finished SavePackage ../../../../../../Users/Bendick/Documents/GitHub/SR_Prototype_V3/SR_Prototype_V3/Content/Textures/UI/T_SensorIcon.uasset
[2018.01.04-15.20.02:492][360]Cmd: OBJ SAVEPACKAGE PACKAGE="/Game/Blueprints/Ship/bp_Sensor" FILE="../../../../../../Users/Bendick/Documents/GitHub/SR_Prototype_V3/SR_Prototype_V3/Content/Blueprints/Ship/bp_Sensor.uasset" SILENT=true
[2018.01.04-15.20.02:550][360]LogSavePackage: Save=35.12ms
[2018.01.04-15.20.02:550][360]LogSavePackage: Moving '../../../../../../Users/Bendick/Documents/GitHub/SR_Prototype_V3/SR_Prototype_V3/Saved/bp_Sensor325733A3435EAD1744DEAA912BCBC21B.tmp' to '../../../../../../Users/Bendick/Documents/GitHub/SR_Prototype_V3/SR_Prototype_V3/Content/Blueprints/Ship/bp_Sensor.uasset'
[2018.01.04-15.20.02:552][360]LogSavePackage:Display: Finished SavePackage ../../../../../../Users/Bendick/Documents/GitHub/SR_Prototype_V3/SR_Prototype_V3/Content/Blueprints/Ship/bp_Sensor.uasset
[2018.01.04-15.20.05:847][740]LogTemp: Repeting last play command: Standalone Game
[2018.01.04-15.20.07:553][740]LogSavePackage: Save=6.82ms
[2018.01.04-15.20.07:553][740]LogSavePackage: Moving '../../../../../../Users/Bendick/Documents/GitHub/SR_Prototype_V3/SR_Prototype_V3/Saved/T_SensorIcon_Sprite88F05E1B494863E721D8C99F0F907CC9.tmp' to '../../../../../../Users/Bendick/Documents/GitHub/SR_Prototype_V3/SR_Prototype_V3/Content/Textures/UI/T_SensorIcon_Sprite.uasset'
[2018.01.04-15.20.07:555][740]LogSavePackage:Display: Finished SavePackage ../../../../../../Users/Bendick/Documents/GitHub/SR_Prototype_V3/SR_Prototype_V3/Content/Textures/UI/T_SensorIcon_Sprite.uasset
[2018.01.04-15.20.07:764][740]LogSavePackage: Save=149.94ms
[2018.01.04-15.20.07:764][740]LogSavePackage: Moving '../../../../../../Users/Bendick/Documents/GitHub/SR_Prototype_V3/SR_Prototype_V3/Saved/UEDPCScanReach62E2904C4BB1284AD9E404A5497888AB.tmp' to '../../../../../../Users/Bendick/Documents/GitHub/SR_Prototype_V3/SR_Prototype_V3/Saved/Autosaves/Game/UEDPCScanReach.umap'
[2018.01.04-15.20.07:765][740]LogSavePackage:Display: Finished SavePackage ../../../../../../Users/Bendick/Documents/GitHub/SR_Prototype_V3/SR_Prototype_V3/Saved/Autosaves/Game/UEDPCScanReach.umap
[2018.01.04-15.20.07:767][740]Cmd: OBJ SAVEPACKAGE PACKAGE="/Game/ScanReach_BuiltData" FILE="../../../../../../Users/Bendick/Documents/GitHub/SR_Prototype_V3/SR_Prototype_V3/Content/ScanReach_BuiltData.uasset" SILENT=true
[2018.01.04-15.20.07:801][740]LogSavePackage: Save=14.55ms
[2018.01.04-15.20.07:801][740]LogSavePackage: Moving '../../../../../../Users/Bendick/Documents/GitHub/SR_Prototype_V3/SR_Prototype_V3/Saved/ScanReach_BuiltData4CAFD754476182CF47CA669047915DE3.tmp' to '../../../../../../Users/Bendick/Documents/GitHub/SR_Prototype_V3/SR_Prototype_V3/Content/ScanReach_BuiltData.uasset'
[2018.01.04-15.20.07:802][740]LogSavePackage:Display: Finished SavePackage ../../../../../../Users/Bendick/Documents/GitHub/SR_Prototype_V3/SR_Prototype_V3/Content/ScanReach_BuiltData.uasset
[2018.01.04-15.20.07:805][740]LogEditorTransaction: Undo Spawn Play From Here Start
[2018.01.04-15.20.36:726][ 57]BlueprintLog: New page: Compile bp_Sensor
[2018.01.04-15.21.18:771][825]BlueprintLog: New page: Compile bp_Sensor
[2018.01.04-15.21.19:774][931]Cmd: OBJ SAVEPACKAGE PACKAGE="/Game/Blueprints/Ship/bp_Sensor" FILE="../../../../../../Users/Bendick/Documents/GitHub/SR_Prototype_V3/SR_Prototype_V3/Content/Blueprints/Ship/bp_Sensor.uasset" SILENT=true
[2018.01.04-15.21.19:829][931]LogSavePackage: Save=34.73ms
[2018.01.04-15.21.19:829][931]LogSavePackage: Moving '../../../../../../Users/Bendick/Documents/GitHub/SR_Prototype_V3/SR_Prototype_V3/Saved/bp_Sensor47C0F5A74856CA725F49D6A36943C2A6.tmp' to '../../../../../../Users/Bendick/Documents/GitHub/SR_Prototype_V3/SR_Prototype_V3/Content/Blueprints/Ship/bp_Sensor.uasset'
[2018.01.04-15.21.19:831][931]LogSavePackage:Display: Finished SavePackage ../../../../../../Users/Bendick/Documents/GitHub/SR_Prototype_V3/SR_Prototype_V3/Content/Blueprints/Ship/bp_Sensor.uasset
[2018.01.04-15.21.20:705][ 36]LogTemp: Repeting last play command: Standalone Game
[2018.01.04-15.21.20:963][ 36]LogSavePackage: Save=147.27ms
[2018.01.04-15.21.20:963][ 36]LogSavePackage: Moving '../../../../../../Users/Bendick/Documents/GitHub/SR_Prototype_V3/SR_Prototype_V3/Saved/UEDPCScanReach4F14FBD441FBFB9EF5B98ABA5F4C5011.tmp' to '../../../../../../Users/Bendick/Documents/GitHub/SR_Prototype_V3/SR_Prototype_V3/Saved/Autosaves/Game/UEDPCScanReach.umap'
[2018.01.04-15.21.20:964][ 36]LogSavePackage:Display: Finished SavePackage ../../../../../../Users/Bendick/Documents/GitHub/SR_Prototype_V3/SR_Prototype_V3/Saved/Autosaves/Game/UEDPCScanReach.umap
[2018.01.04-15.21.20:967][ 36]Cmd: OBJ SAVEPACKAGE PACKAGE="/Game/ScanReach_BuiltData" FILE="../../../../../../Users/Bendick/Documents/GitHub/SR_Prototype_V3/SR_Prototype_V3/Content/ScanReach_BuiltData.uasset" SILENT=true
[2018.01.04-15.21.21:000][ 36]LogSavePackage: Save=14.10ms
[2018.01.04-15.21.21:000][ 36]LogSavePackage: Moving '../../../../../../Users/Bendick/Documents/GitHub/SR_Prototype_V3/SR_Prototype_V3/Saved/ScanReach_BuiltDataBDF3E9504173B4805345DF899988C8B1.tmp' to '../../../../../../Users/Bendick/Documents/GitHub/SR_Prototype_V3/SR_Prototype_V3/Content/ScanReach_BuiltData.uasset'
[2018.01.04-15.21.21:001][ 36]LogSavePackage:Display: Finished SavePackage ../../../../../../Users/Bendick/Documents/GitHub/SR_Prototype_V3/SR_Prototype_V3/Content/ScanReach_BuiltData.uasset
[2018.01.04-15.21.21:004][ 36]LogEditorTransaction: Undo Spawn Play From Here Start
[2018.01.04-15.21.40:945][177]BlueprintLog: New page: Compile bp_Sensor
[2018.01.04-15.21.41:633][245]Cmd: OBJ SAVEPACKAGE PACKAGE="/Game/Blueprints/Ship/bp_Sensor" FILE="../../../../../../Users/Bendick/Documents/GitHub/SR_Prototype_V3/SR_Prototype_V3/Content/Blueprints/Ship/bp_Sensor.uasset" SILENT=true
[2018.01.04-15.21.41:688][245]LogSavePackage: Save=34.88ms
[2018.01.04-15.21.41:688][245]LogSavePackage: Moving '../../../../../../Users/Bendick/Documents/GitHub/SR_Prototype_V3/SR_Prototype_V3/Saved/bp_Sensor926ED123475A50009BA14DB34C512E8E.tmp' to '../../../../../../Users/Bendick/Documents/GitHub/SR_Prototype_V3/SR_Prototype_V3/Content/Blueprints/Ship/bp_Sensor.uasset'
[2018.01.04-15.21.41:690][245]LogSavePackage:Display: Finished SavePackage ../../../../../../Users/Bendick/Documents/GitHub/SR_Prototype_V3/SR_Prototype_V3/Content/Blueprints/Ship/bp_Sensor.uasset
[2018.01.04-15.21.42:298][318]LogTemp: Repeting last play command: Standalone Game
[2018.01.04-15.21.42:551][318]LogSavePackage: Save=147.14ms
[2018.01.04-15.21.42:551][318]LogSavePackage: Moving '../../../../../../Users/Bendick/Documents/GitHub/SR_Prototype_V3/SR_Prototype_V3/Saved/UEDPCScanReach7D4ACE0A40CAC56FBCCA9E8640D3317D.tmp' to '../../../../../../Users/Bendick/Documents/GitHub/SR_Prototype_V3/SR_Prototype_V3/Saved/Autosaves/Game/UEDPCScanReach.umap'
[2018.01.04-15.21.42:552][318]LogSavePackage:Display: Finished SavePackage ../../../../../../Users/Bendick/Documents/GitHub/SR_Prototype_V3/SR_Prototype_V3/Saved/Autosaves/Game/UEDPCScanReach.umap
[2018.01.04-15.21.42:555][318]Cmd: OBJ SAVEPACKAGE PACKAGE="/Game/ScanReach_BuiltData" FILE="../../../../../../Users/Bendick/Documents/GitHub/SR_Prototype_V3/SR_Prototype_V3/Content/ScanReach_BuiltData.uasset" SILENT=true
[2018.01.04-15.21.42:592][318]LogSavePackage: Save=14.19ms
[2018.01.04-15.21.42:592][318]LogSavePackage: Moving '../../../../../../Users/Bendick/Documents/GitHub/SR_Prototype_V3/SR_Prototype_V3/Saved/ScanReach_BuiltData0CDE98394B2A34BE730CFF94BC3D77C3.tmp' to '../../../../../../Users/Bendick/Documents/GitHub/SR_Prototype_V3/SR_Prototype_V3/Content/ScanReach_BuiltData.uasset'
[2018.01.04-15.21.42:593][318]LogSavePackage:Display: Finished SavePackage ../../../../../../Users/Bendick/Documents/GitHub/SR_Prototype_V3/SR_Prototype_V3/Content/ScanReach_BuiltData.uasset
[2018.01.04-15.21.42:595][318]LogEditorTransaction: Undo Spawn Play From Here Start
[2018.01.04-15.22.05:974][742]Cmd: OBJ SAVEPACKAGE PACKAGE="/Game/Blueprints/Ship/bp_Sensor" FILE="../../../../../../Users/Bendick/Documents/GitHub/SR_Prototype_V3/SR_Prototype_V3/Content/Blueprints/Ship/bp_Sensor.uasset" SILENT=true
[2018.01.04-15.22.06:030][742]LogSavePackage: Save=35.50ms
[2018.01.04-15.22.06:030][742]LogSavePackage: Moving '../../../../../../Users/Bendick/Documents/GitHub/SR_Prototype_V3/SR_Prototype_V3/Saved/bp_Sensor48F9A43F4E7B8CD045F233AEC4BE7E2B.tmp' to '../../../../../../Users/Bendick/Documents/GitHub/SR_Prototype_V3/SR_Prototype_V3/Content/Blueprints/Ship/bp_Sensor.uasset'
[2018.01.04-15.22.06:030][742]LogFileManager:Warning: DeleteFile was unable to delete '../../../../../../Users/Bendick/Documents/GitHub/SR_Prototype_V3/SR_Prototype_V3/Content/Blueprints/Ship/bp_Sensor.uasset', retrying in .5s...
[2018.01.04-15.22.06:531][742]LogFileManager:Error: Error deleting file '../../../../../../Users/Bendick/Documents/GitHub/SR_Prototype_V3/SR_Prototype_V3/Content/Blueprints/Ship/bp_Sensor.uasset'.
[2018.01.04-15.22.06:531][742]LogSavePackage:Error: Error saving '../../../../../../Users/Bendick/Documents/GitHub/SR_Prototype_V3/SR_Prototype_V3/Content/Blueprints/Ship/bp_Sensor.uasset'
[2018.01.04-15.22.06:531][742]LogSavePackage:Display: Finished SavePackage ../../../../../../Users/Bendick/Documents/GitHub/SR_Prototype_V3/SR_Prototype_V3/Content/Blueprints/Ship/bp_Sensor.uasset
[2018.01.04-15.22.13:240][742]EditorErrors: New page: Save Output
[2018.01.04-15.22.13:240][742]EditorErrors:Warning: Warning Error saving '../../../../../../Users/Bendick/Documents/GitHub/SR_Prototype_V3/SR_Prototype_V3/Content/Blueprints/Ship/bp_Sensor.uasset'
[2018.01.04-15.22.17:340][ 42]Cmd: OBJ SAVEPACKAGE PACKAGE="/Game/Blueprints/Ship/bp_Sensor" FILE="../../../../../../Users/Bendick/Documents/GitHub/SR_Prototype_V3/SR_Prototype_V3/Content/Blueprints/Ship/bp_Sensor.uasset" SILENT=true
[2018.01.04-15.22.17:395][ 42]LogSavePackage: Save=35.05ms
[2018.01.04-15.22.17:395][ 42]LogSavePackage: Moving '../../../../../../Users/Bendick/Documents/GitHub/SR_Prototype_V3/SR_Prototype_V3/Saved/bp_Sensor0A11AC144932738A9E614BB18B6AF924.tmp' to '../../../../../../Users/Bendick/Documents/GitHub/SR_Prototype_V3/SR_Prototype_V3/Content/Blueprints/Ship/bp_Sensor.uasset'
[2018.01.04-15.22.17:396][ 42]LogSavePackage:Display: Finished SavePackage ../../../../../../Users/Bendick/Documents/GitHub/SR_Prototype_V3/SR_Prototype_V3/Content/Blueprints/Ship/bp_Sensor.uasset
[2018.01.04-15.22.20:654][429]Cmd: OBJ SAVEPACKAGE PACKAGE="/Game/ScanReach" FILE="../../../../../../Users/Bendick/Documents/GitHub/SR_Prototype_V3/SR_Prototype_V3/Content/ScanReach.umap" SILENT=true AUTOSAVING=false KEEPDIRTY=false
[2018.01.04-15.22.20:833][429]LogSavePackage: Save=147.23ms
[2018.01.04-15.22.20:833][429]LogSavePackage: Moving '../../../../../../Users/Bendick/Documents/GitHub/SR_Prototype_V3/SR_Prototype_V3/Saved/ScanReach6FC3C5E345C54FE38D56E584334C7120.tmp' to '../../../../../../Users/Bendick/Documents/GitHub/SR_Prototype_V3/SR_Prototype_V3/Content/ScanReach.umap'
[2018.01.04-15.22.20:834][429]LogSavePackage:Display: Finished SavePackage ../../../../../../Users/Bendick/Documents/GitHub/SR_Prototype_V3/SR_Prototype_V3/Content/ScanReach.umap
[2018.01.04-15.22.20:861][429]Cmd: OBJ SAVEPACKAGE PACKAGE="/Game/ScanReach_BuiltData" FILE="../../../../../../Users/Bendick/Documents/GitHub/SR_Prototype_V3/SR_Prototype_V3/Content/ScanReach_BuiltData.uasset" SILENT=true
[2018.01.04-15.22.20:897][429]LogSavePackage: Save=16.67ms
[2018.01.04-15.22.20:897][429]LogSavePackage: Moving '../../../../../../Users/Bendick/Documents/GitHub/SR_Prototype_V3/SR_Prototype_V3/Saved/ScanReach_BuiltDataFAD8ADB045A45F976D15A8BA7CD4DA4A.tmp' to '../../../../../../Users/Bendick/Documents/GitHub/SR_Prototype_V3/SR_Prototype_V3/Content/ScanReach_BuiltData.uasset'
[2018.01.04-15.22.20:899][429]LogSavePackage:Display: Finished SavePackage ../../../../../../Users/Bendick/Documents/GitHub/SR_Prototype_V3/SR_Prototype_V3/Content/ScanReach_BuiltData.uasset
[2018.01.04-15.22.22:866][643]LogActorComponent: UnregisterComponent: (/Engine/Transient.EditorFloorComp) Not registered. Aborting.
[2018.01.04-15.22.23:095][644]Cmd: QUIT_EDITOR
[2018.01.04-15.22.23:107][644]LogWindowsTextInputMethodSystem:Display: IME system now deactivated.
[2018.01.04-15.22.23:107][644]LogWindowsTextInputMethodSystem:Display: IME system now deactivated.
[2018.01.04-15.22.23:115][644]LogExit: Preparing to exit.
[2018.01.04-15.22.23:376][644]LogDirectoryWatcher: A directory notification for 'C:/Users/Bendick/Documents/GitHub/SR_Prototype_V3/SR_Prototype_V3/Content/' was aborted.
[2018.01.04-15.22.23:398][644]LogExit: Editor shut down
[2018.01.04-15.22.23:401][644]LogExit: Transaction tracking system shut down
[2018.01.04-15.22.23:461][644]LogObj: Freed 0b from 0 cluster array pools.
[2018.01.04-15.22.23:461][644]LogExit: Object subsystem successfully closed.
[2018.01.04-15.22.23:473][644]LogD3D11RHI: Shutdown
[2018.01.04-15.22.23:473][644]LogD3D11RHI: CleanupD3DDevice
[2018.01.04-15.22.23:523][644]LogD3D11RHI: ~FD3D11DynamicRHI
[2018.01.04-15.22.23:534][644]LogModuleManager: Shutting down and abandoning module TextureEditor (534)
[2018.01.04-15.22.23:534][644]LogModuleManager: Shutting down and abandoning module SequencerWidgets (532)
[2018.01.04-15.22.23:534][644]LogModuleManager: Shutting down and abandoning module BlueprintGraph (530)
[2018.01.04-15.22.23:534][644]LogModuleManager: Shutting down and abandoning module BlueprintProfiler (528)
[2018.01.04-15.22.23:534][644]LogModuleManager: Shutting down and abandoning module HierarchicalLODOutliner (526)
[2018.01.04-15.22.23:534][644]LogModuleManager: Shutting down and abandoning module CrashTracker (524)
[2018.01.04-15.22.23:534][644]LogModuleManager: Shutting down and abandoning module SceneOutliner (522)
[2018.01.04-15.22.23:534][644]LogModuleManager: Shutting down and abandoning module AddContentDialog (520)
[2018.01.04-15.22.23:534][644]LogDirectoryWatcher: A directory notification for 'C:/Program Files/Epic Games/UE_4.16/FeaturePacks/' was aborted.
[2018.01.04-15.22.23:534][644]LogModuleManager: Shutting down and abandoning module WidgetCarousel (519)
[2018.01.04-15.22.23:534][644]LogModuleManager: Shutting down and abandoning module EditorWidgets (516)
[2018.01.04-15.22.23:534][644]LogModuleManager: Shutting down and abandoning module CollectionManager (514)
[2018.01.04-15.22.23:534][644]LogDirectoryWatcher: A directory notification for 'C:/Users/Bendick/Documents/GitHub/SR_Prototype_V3/SR_Prototype_V3/Content/Collections/' was aborted.
[2018.01.04-15.22.23:534][644]LogDirectoryWatcher: A directory notification for 'C:/Users/Bendick/Documents/GitHub/SR_Prototype_V3/SR_Prototype_V3/Content/Developers/Bendick/Collections/' was aborted.
[2018.01.04-15.22.23:534][644]LogDirectoryWatcher: A directory notification for 'C:/Users/Bendick/Documents/GitHub/SR_Prototype_V3/SR_Prototype_V3/Saved/Collections/' was aborted.
[2018.01.04-15.22.23:535][644]LogModuleManager: Shutting down and abandoning module StatsViewer (512)
[2018.01.04-15.22.23:535][644]LogModuleManager: Shutting down and abandoning module FoliageEdit (510)
[2018.01.04-15.22.23:535][644]LogModuleManager: Shutting down and abandoning module LandscapeEditor (508)
[2018.01.04-15.22.23:535][644]LogModuleManager: Shutting down and abandoning module MeshPaintMode (506)
[2018.01.04-15.22.23:535][644]LogModuleManager: Shutting down and abandoning module SceneDepthPickerMode (504)
[2018.01.04-15.22.23:535][644]LogModuleManager: Shutting down and abandoning module ActorPickerMode (502)
[2018.01.04-15.22.23:535][644]LogModuleManager: Shutting down and abandoning module GeometryMode (500)
[2018.01.04-15.22.23:535][644]LogModuleManager: Shutting down and abandoning module TextureAlignMode (498)
[2018.01.04-15.22.23:535][644]LogModuleManager: Shutting down and abandoning module BspMode (496)
[2018.01.04-15.22.23:535][644]LogModuleManager: Shutting down and abandoning module HardwareSurvey (494)
[2018.01.04-15.22.23:535][644]LogModuleManager: Shutting down and abandoning module SequenceRecorderSections (492)
[2018.01.04-15.22.23:535][644]LogModuleManager: Shutting down and abandoning module AutomationWorker (490)
[2018.01.04-15.22.23:535][644]LogModuleManager: Shutting down and abandoning module MatineeToLevelSequence (488)
[2018.01.04-15.22.23:535][644]LogModuleManager: Shutting down and abandoning module LevelSequenceEditor (486)
[2018.01.04-15.22.23:535][644]LogModuleManager: Shutting down and abandoning module PlacementMode (485)
[2018.01.04-15.22.23:535][644]LogModuleManager: Shutting down and abandoning module WmfMediaFactory (482)
[2018.01.04-15.22.23:535][644]LogModuleManager: Shutting down and abandoning module WmfMediaEditor (480)
[2018.01.04-15.22.23:535][644]LogModuleManager: Shutting down and abandoning module AvfMediaFactory (478)
[2018.01.04-15.22.23:535][644]LogModuleManager: Shutting down and abandoning module AvfMediaEditor (476)
[2018.01.04-15.22.23:535][644]LogModuleManager: Shutting down and abandoning module AndroidMediaFactory (474)
[2018.01.04-15.22.23:535][644]LogModuleManager: Shutting down and abandoning module Media (473)
[2018.01.04-15.22.23:535][644]LogModuleManager: Shutting down and abandoning module AndroidMediaEditor (470)
[2018.01.04-15.22.23:535][644]LogModuleManager: Shutting down and abandoning module CharacterAI (468)
[2018.01.04-15.22.23:535][644]LogModuleManager: Shutting down and abandoning module AudioCapture (466)
[2018.01.04-15.22.23:535][644]LogModuleManager: Shutting down and abandoning module SequenceRecorder (465)
[2018.01.04-15.22.23:535][644]LogModuleManager: Shutting down and abandoning module SmartSnapping (462)
[2018.01.04-15.22.23:535][644]LogModuleManager: Shutting down and abandoning module SessionServices (460)
[2018.01.04-15.22.23:535][644]LogModuleManager: Shutting down and abandoning module ViewportSnapping (458)
[2018.01.04-15.22.23:535][644]LogModuleManager: Shutting down and abandoning module ViewportInteraction (456)
[2018.01.04-15.22.23:535][644]LogModuleManager: Shutting down and abandoning module ClothPainter (454)
[2018.01.04-15.22.23:535][644]LogModuleManager: Shutting down and abandoning module LogVisualizer (452)
[2018.01.04-15.22.23:535][644]LogModuleManager: Shutting down and abandoning module IntroTutorials (450)
[2018.01.04-15.22.23:535][644]LogModuleManager: Shutting down and abandoning module GameProjectGeneration (449)
[2018.01.04-15.22.23:535][644]LogModuleManager: Shutting down and abandoning module EditorLiveStreaming (446)
[2018.01.04-15.22.23:535][644]LogModuleManager: Shutting down and abandoning module IOSPlatformEditor (444)
[2018.01.04-15.22.23:535][644]LogModuleManager: Shutting down and abandoning module HTML5PlatformEditor (442)
[2018.01.04-15.22.23:535][644]LogModuleManager: Shutting down and abandoning module AndroidPlatformEditor (440)
[2018.01.04-15.22.23:535][644]LogModuleManager: Shutting down and abandoning module AndroidDeviceDetection (439)
[2018.01.04-15.22.24:331][644]LogModuleManager: Shutting down and abandoning module IOSRuntimeSettings (436)
[2018.01.04-15.22.24:331][644]LogModuleManager: Shutting down and abandoning module AndroidRuntimeSettings (434)
[2018.01.04-15.22.24:331][644]LogModuleManager: Shutting down and abandoning module InputBindingEditor (432)
[2018.01.04-15.22.24:331][644]LogModuleManager: Shutting down and abandoning module MergeActors (430)
[2018.01.04-15.22.24:331][644]LogModuleManager: Shutting down and abandoning module SizeMap (428)
[2018.01.04-15.22.24:331][644]LogModuleManager: Shutting down and abandoning module TreeMap (426)
[2018.01.04-15.22.24:331][644]LogModuleManager: Shutting down and abandoning module ReferenceViewer (424)
[2018.01.04-15.22.24:331][644]LogModuleManager: Shutting down and abandoning module LocalizationDashboard (422)
[2018.01.04-15.22.24:331][644]LogModuleManager: Shutting down and abandoning module LocalizationService (421)
[2018.01.04-15.22.24:331][644]LogModuleManager: Shutting down and abandoning module HardwareTargeting (418)
[2018.01.04-15.22.24:332][644]LogModuleManager: Shutting down and abandoning module DeviceProfileEditor (416)
[2018.01.04-15.22.24:332][644]LogModuleManager: Shutting down and abandoning module UndoHistory (414)
[2018.01.04-15.22.24:332][644]LogModuleManager: Shutting down and abandoning module UserFeedback (412)
[2018.01.04-15.22.24:332][644]LogModuleManager: Shutting down and abandoning module XmlParser (410)
[2018.01.04-15.22.24:332][644]LogModuleManager: Shutting down and abandoning module Blutility (408)
[2018.01.04-15.22.24:332][644]LogModuleManager: Shutting down and abandoning module ProjectSettingsViewer (406)
[2018.01.04-15.22.24:332][644]LogModuleManager: Shutting down and abandoning module ProjectTargetPlatformEditor (405)
[2018.01.04-15.22.24:332][644]LogModuleManager: Shutting down and abandoning module EditorSettingsViewer (402)
[2018.01.04-15.22.24:332][644]LogModuleManager: Shutting down and abandoning module SettingsEditor (400)
[2018.01.04-15.22.24:332][644]LogModuleManager: Shutting down and abandoning module ProjectLauncher (398)
[2018.01.04-15.22.24:332][644]LogModuleManager: Shutting down and abandoning module SessionFrontend (396)
[2018.01.04-15.22.24:332][644]LogModuleManager: Shutting down and abandoning module ProfilerClient (394)
[2018.01.04-15.22.24:332][644]LogModuleManager: Shutting down and abandoning module DeviceManager (392)
[2018.01.04-15.22.24:332][644]LogModuleManager: Shutting down and abandoning module TargetDeviceServices (391)
[2018.01.04-15.22.24:383][644]LogModuleManager: Shutting down and abandoning module AutomationController (388)
[2018.01.04-15.22.24:383][644]LogModuleManager: Shutting down and abandoning module AutomationWindow (386)
[2018.01.04-15.22.24:383][644]LogModuleManager: Shutting down and abandoning module Layers (384)
[2018.01.04-15.22.24:383][644]LogModuleManager: Shutting down and abandoning module ComponentVisualizers (382)
[2018.01.04-15.22.24:383][644]LogModuleManager: Shutting down and abandoning module DetailCustomizations (380)
[2018.01.04-15.22.24:383][644]LogModuleManager: Shutting down and abandoning module PackagesDialog (378)
[2018.01.04-15.22.24:383][644]LogModuleManager: Shutting down and abandoning module Persona (376)
[2018.01.04-15.22.24:383][644]LogModuleManager: Shutting down and abandoning module AdvancedPreviewScene (375)
[2018.01.04-15.22.24:383][644]LogModuleManager: Shutting down and abandoning module AnimGraph (373)
[2018.01.04-15.22.24:383][644]LogModuleManager: Shutting down and abandoning module Kismet (370)
[2018.01.04-15.22.24:387][644]LogModuleManager: Shutting down and abandoning module ClassViewer (368)
[2018.01.04-15.22.24:387][644]LogModuleManager: Shutting down and abandoning module Toolbox (366)
[2018.01.04-15.22.24:387][644]LogModuleManager: Shutting down and abandoning module ModuleUI (364)
[2018.01.04-15.22.24:387][644]LogModuleManager: Shutting down and abandoning module MovieSceneTools (362)
[2018.01.04-15.22.24:387][644]LogModuleManager: Shutting down and abandoning module OutputLog (360)
[2018.01.04-15.22.24:387][644]LogModuleManager: Shutting down and abandoning module GammaUI (358)
[2018.01.04-15.22.24:387][644]LogModuleManager: Shutting down and abandoning module Documentation (356)
[2018.01.04-15.22.24:387][644]LogModuleManager: Shutting down and abandoning module MovieSceneTracks (354)
[2018.01.04-15.22.24:387][644]LogModuleManager: Shutting down and abandoning module MovieScene (352)
[2018.01.04-15.22.24:387][644]LogModuleManager: Shutting down and abandoning module Niagara (350)
[2018.01.04-15.22.24:387][644]LogModuleManager: Shutting down and abandoning module NiagaraEditor (349)
[2018.01.04-15.22.24:387][644]LogModuleManager: Shutting down and abandoning module StreamingPauseRendering (346)
[2018.01.04-15.22.24:387][644]LogModuleManager: Shutting down and abandoning module AnalyticsET (344)
[2018.01.04-15.22.24:387][644]LogModuleManager: Shutting down and abandoning module PortalServices (342)
[2018.01.04-15.22.24:387][644]LogModuleManager: Shutting down and abandoning module PortalRpc (340)
[2018.01.04-15.22.24:387][644]LogModuleManager: Shutting down and abandoning module MessagingRpc (338)
[2018.01.04-15.22.24:387][644]LogModuleManager: Shutting down and abandoning module AIModule (336)
[2018.01.04-15.22.24:387][644]LogModuleManager: Shutting down and abandoning module GameplayDebugger (335)
[2018.01.04-15.22.24:387][644]LogModuleManager: Shutting down and abandoning module AITestSuite (333)
[2018.01.04-15.22.24:387][644]LogModuleManager: Shutting down and abandoning module ProfilerService (330)
[2018.01.04-15.22.24:390][644]LogModuleManager: Shutting down and abandoning module TaskGraph (328)
[2018.01.04-15.22.24:390][644]LogModuleManager: Shutting down and abandoning module WebSocket (326)
[2018.01.04-15.22.24:390][644]LogModuleManager: Shutting down and abandoning module SteamVRController (324)
[2018.01.04-15.22.24:390][644]LogModuleManager: Shutting down and abandoning module SteamVR (322)
[2018.01.04-15.22.24:390][644]LogModuleManager: Shutting down and abandoning module ProceduralMeshComponentEditor (320)
[2018.01.04-15.22.24:390][644]LogModuleManager: Shutting down and abandoning module ProceduralMeshComponent (318)
[2018.01.04-15.22.24:390][644]LogModuleManager: Shutting down and abandoning module OculusLibrary (316)
[2018.01.04-15.22.24:390][644]LogModuleManager: Shutting down and abandoning module OculusInput (314)
[2018.01.04-15.22.24:390][644]LogModuleManager: Shutting down and abandoning module MobilePatchingUtils (312)
[2018.01.04-15.22.24:390][644]LogModuleManager: Shutting down and abandoning module CustomMeshComponent (310)
[2018.01.04-15.22.24:390][644]LogModuleManager: Shutting down and abandoning module CableComponent (308)
[2018.01.04-15.22.24:390][644]LogModuleManager: Shutting down and abandoning module ArchVisCharacter (306)
[2018.01.04-15.22.24:390][644]LogModuleManager: Shutting down and abandoning module AndroidPermission (304)
[2018.01.04-15.22.24:391][644]LogModuleManager: Shutting down and abandoning module MediaPlayerEditor (300)
[2018.01.04-15.22.24:391][644]LogModuleManager: Shutting down and abandoning module HTML5Networking (298)
[2018.01.04-15.22.24:391][644]LogModuleManager: Shutting down and abandoning module AlembicImporter (296)
[2018.01.04-15.22.24:391][644]LogModuleManager: Shutting down and abandoning module AlembicLibrary (295)
[2018.01.04-15.22.24:391][644]LogModuleManager: Shutting down and abandoning module GeometryCache (294)
[2018.01.04-15.22.24:391][644]LogModuleManager: Shutting down and abandoning module GeometryCacheEd (293)
[2018.01.04-15.22.24:391][644]LogModuleManager: Shutting down and abandoning module SuperSearchEditor (288)
[2018.01.04-15.22.24:391][644]LogModuleManager: Shutting down and abandoning module SuperSearch (287)
[2018.01.04-15.22.24:391][644]LogModuleManager: Shutting down and abandoning module SpeedTreeImporter (284)
[2018.01.04-15.22.24:391][644]LogModuleManager: Shutting down and abandoning module PluginBrowser (282)
[2018.01.04-15.22.24:391][644]LogModuleManager: Shutting down and abandoning module MobileLauncherProfileWizard (280)
[2018.01.04-15.22.24:391][644]LogModuleManager: Shutting down and abandoning module VisualStudioSourceCodeAccess (278)
[2018.01.04-15.22.24:391][644]LogModuleManager: Shutting down and abandoning module DesktopPlatform (277)
[2018.01.04-15.22.24:391][644]LogModuleManager: Shutting down and abandoning module UObjectPlugin (274)
[2018.01.04-15.22.24:391][644]LogModuleManager: Shutting down and abandoning module SubversionSourceControl (272)
[2018.01.04-15.22.24:391][644]LogModuleManager: Shutting down and abandoning module PerforceSourceControl (270)
[2018.01.04-15.22.24:391][644]LogModuleManager: Shutting down and abandoning module GitSourceControl (268)
[2018.01.04-15.22.24:391][644]LogModuleManager: Shutting down and abandoning module SourceControl (267)
[2018.01.04-15.22.24:391][644]LogModuleManager: Shutting down and abandoning module LightPropagationVolumeEditor (264)
[2018.01.04-15.22.24:391][644]LogModuleManager: Shutting down and abandoning module PaperTiledImporter (262)
[2018.01.04-15.22.24:391][644]LogModuleManager: Shutting down and abandoning module PaperSpriteSheetImporter (260)
[2018.01.04-15.22.24:391][644]LogModuleManager: Shutting down and abandoning module Paper2DEditor (258)
[2018.01.04-15.22.24:391][644]LogModuleManager: Shutting down and abandoning module MeshPaint (257)
[2018.01.04-15.22.24:391][644]LogModuleManager: Shutting down and abandoning module LevelEditor (255)
[2018.01.04-15.22.24:391][644]LogModuleManager: Shutting down and abandoning module PixelInspectorModule (254)
[2018.01.04-15.22.24:391][644]LogModuleManager: Shutting down and abandoning module MainFrame (252)
[2018.01.04-15.22.24:391][644]LogModuleManager: Shutting down and abandoning module HotReload (251)
[2018.01.04-15.22.24:391][644]LogDirectoryWatcher: A directory notification for 'C:/Users/Bendick/Documents/GitHub/SR_Prototype_V3/SR_Prototype_V3/Plugins/WebSocket/Binaries/Win64' was aborted.
[2018.01.04-15.22.24:392][644]LogModuleManager: Shutting down and abandoning module PhysXVehiclesEditor (246)
[2018.01.04-15.22.24:392][644]LogModuleManager: Shutting down and abandoning module PhysXVehicles (244)
[2018.01.04-15.22.24:392][644]LogModuleManager: Shutting down and abandoning module LocationServicesBPLibrary (242)
[2018.01.04-15.22.24:392][644]LogModuleManager: Shutting down and abandoning module ImmediatePhysicsEditor (240)
[2018.01.04-15.22.24:392][644]LogModuleManager: Shutting down and abandoning module ImmediatePhysics (238)
[2018.01.04-15.22.24:392][644]LogModuleManager: Shutting down and abandoning module UdpMessaging (236)
[2018.01.04-15.22.24:492][644]LogModuleManager: Shutting down and abandoning module TcpMessaging (234)
[2018.01.04-15.22.24:592][644]LogModuleManager: Shutting down and abandoning module GameplayTagsEditor (232)
[2018.01.04-15.22.24:592][644]LogModuleManager: Shutting down and abandoning module FacialAnimationEditor (230)
[2018.01.04-15.22.24:592][644]LogModuleManager: Shutting down and abandoning module FacialAnimation (228)
[2018.01.04-15.22.24:592][644]LogModuleManager: Shutting down and abandoning module AssetManagerEditor (226)
[2018.01.04-15.22.24:592][644]LogModuleManager: Shutting down and abandoning module GraphEditor (225)
[2018.01.04-15.22.24:592][644]LogModuleManager: Shutting down and abandoning module ContentBrowser (223)
[2018.01.04-15.22.24:593][644]LogModuleManager: Shutting down and abandoning module LightPropagationVolumeRuntime (220)
[2018.01.04-15.22.24:593][644]LogModuleManager: Shutting down and abandoning module Paper2D (218)
[2018.01.04-15.22.24:593][644]LogModuleManager: Shutting down and abandoning module WindowsMoviePlayer (216)
[2018.01.04-15.22.24:593][644]LogModuleManager: Shutting down and abandoning module WmfMedia (214)
[2018.01.04-15.22.24:594][644]LogModuleManager: Shutting down and abandoning module ClothingSystemEditor (212)
[2018.01.04-15.22.24:594][644]LogModuleManager: Shutting down and abandoning module ClothingSystemRuntime (210)
[2018.01.04-15.22.24:594][644]LogModuleManager: Shutting down and abandoning module MediaAssets (208)
[2018.01.04-15.22.24:594][644]LogModuleManager: Shutting down and abandoning module GameLiveStreaming (206)
[2018.01.04-15.22.24:594][644]LogModuleManager: Shutting down and abandoning module VREditor (204)
[2018.01.04-15.22.24:594][644]LogModuleManager: Shutting down and abandoning module StringTableEditor (202)
[2018.01.04-15.22.24:594][644]LogModuleManager: Shutting down and abandoning module GameplayTasksEditor (200)
[2018.01.04-15.22.24:594][644]LogModuleManager: Shutting down and abandoning module BehaviorTreeEditor (198)
[2018.01.04-15.22.24:594][644]LogModuleManager: Shutting down and abandoning module FunctionalTesting (196)
[2018.01.04-15.22.24:594][644]LogModuleManager: Shutting down and abandoning module CollisionAnalyzer (194)
[2018.01.04-15.22.24:594][644]LogModuleManager: Shutting down and abandoning module UMG (192)
[2018.01.04-15.22.24:594][644]LogModuleManager: Shutting down and abandoning module UMGEditor (191)
[2018.01.04-15.22.24:594][644]LogModuleManager: Shutting down and abandoning module Sequencer (190)
[2018.01.04-15.22.24:594][644]LogModuleManager: Shutting down and abandoning module AssetTools (188)
[2018.01.04-15.22.24:594][644]LogModuleManager: Shutting down and abandoning module MessageLog (187)
[2018.01.04-15.22.24:594][644]LogModuleManager: Shutting down and abandoning module WorkspaceMenuStructure (186)
[2018.01.04-15.22.24:594][644]LogModuleManager: Shutting down and abandoning module SlateReflector (180)
[2018.01.04-15.22.24:594][644]LogModuleManager: Shutting down and abandoning module Slate (178)
[2018.01.04-15.22.24:594][644]LogModuleManager: Shutting down and abandoning module EditorStyle (176)
[2018.01.04-15.22.24:596][644]LogModuleManager: Shutting down and abandoning module SourceCodeAccess (174)
[2018.01.04-15.22.24:596][644]LogModuleManager: Shutting down and abandoning module HeadMountedDisplay (172)
[2018.01.04-15.22.24:596][644]LogModuleManager: Shutting down and abandoning module XAudio2 (170)
[2018.01.04-15.22.24:596][644]LogModuleManager: Shutting down and abandoning module Networking (168)
[2018.01.04-15.22.24:596][644]LogModuleManager: Shutting down and abandoning module Core (164)
[2018.01.04-15.22.24:596][644]LogModuleManager: Shutting down and abandoning module AssetRegistry (162)
[2018.01.04-15.22.24:647][644]LogDirectoryWatcher: A directory notification for '../../../Engine/Content/' was aborted.
[2018.01.04-15.22.24:647][644]LogDirectoryWatcher: A directory notification for '../../../../../../Users/Bendick/Documents/GitHub/SR_Prototype_V3/SR_Prototype_V3/Content/' was aborted.
[2018.01.04-15.22.24:647][644]LogDirectoryWatcher: A directory notification for '../../../Engine/Plugins/2D/Paper2D/Content/' was aborted.
[2018.01.04-15.22.24:647][644]LogDirectoryWatcher: A directory notification for '../../../Engine/Plugins/Runtime/GearVR/Content/' was aborted.
[2018.01.04-15.22.24:648][644]LogModuleManager: Shutting down and abandoning module DirectoryWatcher (161)
[2018.01.04-15.22.24:648][644]LogModuleManager: Shutting down and abandoning module KismetCompiler (158)
[2018.01.04-15.22.24:648][644]LogModuleManager: Shutting down and abandoning module LevelSequence (156)
[2018.01.04-15.22.24:649][644]LogModuleManager: Shutting down and abandoning module PhysXFormats (154)
[2018.01.04-15.22.24:649][644]LogModuleManager: Shutting down and abandoning module MeshUtilities (152)
[2018.01.04-15.22.24:649][644]LogModuleManager: Shutting down and abandoning module SimplygonSwarm (151)
[2018.01.04-15.22.24:649][644]LogModuleManager: Shutting down and abandoning module SimplygonMeshReduction (149)
[2018.01.04-15.22.24:649][644]LogModuleManager: Shutting down and abandoning module QuadricMeshReduction (147)
[2018.01.04-15.22.24:649][644]LogModuleManager: Shutting down and abandoning module DerivedDataCache (144)
[2018.01.04-15.22.24:712][644]LogDerivedDataCache: Shutdown
[2018.01.04-15.22.24:712][644]LogModuleManager: Shutting down and abandoning module TargetPlatform (142)
[2018.01.04-15.22.24:712][644]LogModuleManager: Shutting down and abandoning module VulkanShaderFormat (141)
[2018.01.04-15.22.24:712][644]LogModuleManager: Shutting down and abandoning module ShaderFormatVectorVM (139)
[2018.01.04-15.22.24:712][644]LogModuleManager: Shutting down and abandoning module ShaderFormatOpenGL (137)
[2018.01.04-15.22.24:712][644]LogModuleManager: Shutting down and abandoning module ShaderFormatD3D (135)
[2018.01.04-15.22.24:712][644]LogModuleManager: Shutting down and abandoning module MetalShaderFormat (133)
[2018.01.04-15.22.24:712][644]LogModuleManager: Shutting down and abandoning module TextureFormatUncompressed (131)
[2018.01.04-15.22.24:712][644]LogModuleManager: Shutting down and abandoning module TextureFormatPVR (129)
[2018.01.04-15.22.24:713][644]LogModuleManager: Shutting down and abandoning module TextureFormatDXT (127)
[2018.01.04-15.22.24:713][644]LogModuleManager: Shutting down and abandoning module TextureFormatIntelISPCTexComp (125)
[2018.01.04-15.22.24:713][644]LogModuleManager: Shutting down and abandoning module TextureFormatASTC (123)
[2018.01.04-15.22.24:713][644]LogModuleManager: Shutting down and abandoning module ImageWrapper (122)
[2018.01.04-15.22.24:713][644]LogModuleManager: Shutting down and abandoning module TextureFormatAndroid (119)
[2018.01.04-15.22.24:713][644]LogModuleManager: Shutting down and abandoning module AudioFormatOpus (117)
[2018.01.04-15.22.24:713][644]LogModuleManager: Shutting down and abandoning module AudioFormatOgg (115)
[2018.01.04-15.22.24:713][644]LogModuleManager: Shutting down and abandoning module AudioFormatADPCM (113)
[2018.01.04-15.22.24:713][644]LogModuleManager: Shutting down and abandoning module LinuxTargetPlatform (111)
[2018.01.04-15.22.24:713][644]LogModuleManager: Shutting down and abandoning module LinuxServerTargetPlatform (109)
[2018.01.04-15.22.24:713][644]LogModuleManager: Shutting down and abandoning module LinuxNoEditorTargetPlatform (107)
[2018.01.04-15.22.24:713][644]LogModuleManager: Shutting down and abandoning module LinuxClientTargetPlatform (105)
[2018.01.04-15.22.24:713][644]LogModuleManager: Shutting down and abandoning module TVOSTargetPlatform (103)
[2018.01.04-15.22.24:713][644]LogModuleManager: Shutting down and abandoning module Messaging (101)
[2018.01.04-15.22.24:713][644]LogModuleManager: Shutting down and abandoning module IOSTargetPlatform (99)
[2018.01.04-15.22.24:713][644]LogModuleManager: Shutting down and abandoning module HTML5TargetPlatform (97)
[2018.01.04-15.22.24:713][644]LogModuleManager: Shutting down and abandoning module Android_PVRTCTargetPlatform (95)
[2018.01.04-15.22.24:713][644]LogModuleManager: Shutting down and abandoning module Android_MultiTargetPlatform (93)
[2018.01.04-15.22.24:713][644]LogModuleManager: Shutting down and abandoning module Android_ETC2TargetPlatform (91)
[2018.01.04-15.22.24:713][644]LogModuleManager: Shutting down and abandoning module Android_ETC1TargetPlatform (89)
[2018.01.04-15.22.24:713][644]LogModuleManager: Shutting down and abandoning module Android_DXTTargetPlatform (87)
[2018.01.04-15.22.24:713][644]LogModuleManager: Shutting down and abandoning module Android_ATCTargetPlatform (85)
[2018.01.04-15.22.24:713][644]LogModuleManager: Shutting down and abandoning module Android_ASTCTargetPlatform (83)
[2018.01.04-15.22.24:713][644]LogModuleManager: Shutting down and abandoning module AndroidTargetPlatform (81)
[2018.01.04-15.22.24:713][644]LogModuleManager: Shutting down and abandoning module WindowsTargetPlatform (79)
[2018.01.04-15.22.24:713][644]LogModuleManager: Shutting down and abandoning module WindowsServerTargetPlatform (77)
[2018.01.04-15.22.24:713][644]LogModuleManager: Shutting down and abandoning module WindowsNoEditorTargetPlatform (75)
[2018.01.04-15.22.24:713][644]LogModuleManager: Shutting down and abandoning module WindowsClientTargetPlatform (73)
[2018.01.04-15.22.24:713][644]LogModuleManager: Shutting down and abandoning module MacTargetPlatform (71)
[2018.01.04-15.22.24:713][644]LogModuleManager: Shutting down and abandoning module MacServerTargetPlatform (69)
[2018.01.04-15.22.24:713][644]LogModuleManager: Shutting down and abandoning module MacNoEditorTargetPlatform (67)
[2018.01.04-15.22.24:713][644]LogModuleManager: Shutting down and abandoning module MacClientTargetPlatform (65)
[2018.01.04-15.22.24:713][644]LogModuleManager: Shutting down and abandoning module AllDesktopTargetPlatform (63)
[2018.01.04-15.22.24:713][644]LogModuleManager: Shutting down and abandoning module InputCore (60)
[2018.01.04-15.22.24:713][644]LogModuleManager: Shutting down and abandoning module Settings (58)
[2018.01.04-15.22.24:713][644]LogModuleManager: Shutting down and abandoning module OculusRift (56)
[2018.01.04-15.22.24:713][644]LogModuleManager: Shutting down and abandoning module GearVRController (54)
[2018.01.04-15.22.24:713][644]LogModuleManager: Shutting down and abandoning module GearVR (52)
[2018.01.04-15.22.24:713][644]LogModuleManager: Shutting down and abandoning module ExampleDeviceProfileSelector (50)
[2018.01.04-15.22.24:713][644]LogModuleManager: Shutting down and abandoning module OnlineBlueprintSupport (48)
[2018.01.04-15.22.24:713][644]LogModuleManager: Shutting down and abandoning module OnlineSubsystem (44)
[2018.01.04-15.22.24:713][644]LogOnline:Display: Unloading online subsystem: NULL
[2018.01.04-15.22.24:713][644]LogModuleManager: Shutting down and abandoning module XMPP (43)
[2018.01.04-15.22.24:713][644]LogModuleManager: Shutting down and abandoning module HTTP (41)
[2018.01.04-15.22.24:713][644]LogHttp:Display: Http module shutting down, but needs to wait on 1 outstanding Http requests:
[2018.01.04-15.22.24:713][644]LogHttp:Display: 	verb=[POST] url=[https://datarouter.ol.epicgames.com/datarouter/api/v1/public/data?SessionID=%7B89FD6F4D-43B0-E1C9-EDAF-CC91962338EB%7D&AppID=UEEditor.Rocket.Release&AppVersion=4.16.3-3561208%2B%2B%2BUE4%2BRelease-4.16&UserID=0c75b627499df609a8813c9ced46962c%7Cfebaf0232e0e4e628b45a2bec753bbbc%7C408adb04-e8c0-4c29-a1fb-4d7ed05dedd7&AppEnvironment=datacollector-binary&UploadType=eteventstream] status=Processing
[2018.01.04-15.22.24:719][644]LogModuleManager: Shutting down and abandoning module SSL (40)
[2018.01.04-15.22.24:720][644]LogModuleManager: Shutting down and abandoning module HTTPChunkInstaller (36)
[2018.01.04-15.22.24:720][644]LogModuleManager: Shutting down and abandoning module AnimationModifiers (34)
[2018.01.04-15.22.24:720][644]LogModuleManager: Shutting down and abandoning module PropertyEditor (33)
[2018.01.04-15.22.24:720][644]LogModuleManager: Shutting down and abandoning module AudioEditor (30)
[2018.01.04-15.22.24:720][644]LogModuleManager: Shutting down and abandoning module TextureCompressor (28)
[2018.01.04-15.22.24:720][644]LogModuleManager: Shutting down and abandoning module ShaderCore (26)
[2018.01.04-15.22.24:720][644]LogModuleManager: Shutting down and abandoning module Landscape (24)
[2018.01.04-15.22.24:720][644]LogModuleManager: Shutting down and abandoning module SlateRHIRenderer (22)
[2018.01.04-15.22.24:721][644]LogModuleManager: Shutting down and abandoning module OpenGLDrv (20)
[2018.01.04-15.22.24:721][644]LogModuleManager: Shutting down and abandoning module D3D11RHI (18)
[2018.01.04-15.22.24:721][644]LogModuleManager: Shutting down and abandoning module AnimGraphRuntime (16)
[2018.01.04-15.22.24:721][644]LogModuleManager: Shutting down and abandoning module Renderer (14)
[2018.01.04-15.22.24:721][644]LogModuleManager: Shutting down and abandoning module Engine (12)
[2018.01.04-15.22.24:721][644]LogModuleManager: Shutting down and abandoning module CoreUObject (10)
[2018.01.04-15.22.24:721][644]LogModuleManager: Shutting down and abandoning module NetworkFile (8)
[2018.01.04-15.22.24:721][644]LogModuleManager: Shutting down and abandoning module StreamingFile (6)
[2018.01.04-15.22.24:721][644]LogModuleManager: Shutting down and abandoning module SandboxFile (4)
[2018.01.04-15.22.24:721][644]LogModuleManager: Shutting down and abandoning module PakFile (2)
[2018.01.04-15.22.24:722][644]LogExit: Exiting.
[2018.01.04-15.22.24:732][644]Log file closed, 01/04/18 16:22:24
