Log file open, 11/13/17 13:15:31
LogInit:Display: Running engine for game: SR_Prototype_V3
LogPlatformFile: Not using cached read wrapper
LogInit:Display: RandInit(-325231023) SRandInit(-325231023).
LogTaskGraph: Started task graph with 5 named threads and 8 total threads with 1 sets of task threads.
LogStats: Stats thread started at 0.092662
LogInit: Using libcurl 7.47.1
LogInit:  - built for x86_64-pc-win32
LogInit:  - supports SSL with OpenSSL/1.0.2g
LogInit:  - supports HTTP deflate (compression) using libz 1.2.8
LogInit:  - other features:
LogInit:      CURL_VERSION_SSL
LogInit:      CURL_VERSION_LIBZ
LogInit:      CURL_VERSION_IPV6
LogInit:      CURL_VERSION_ASYNCHDNS
LogInit:      CURL_VERSION_LARGEFILE
LogInit:      CURL_VERSION_IDN
LogInit:  CurlRequestOptions (configurable via config and command line):
LogInit:  - bVerifyPeer = false  - Libcurl will NOT verify peer certificate
LogInit:  - bUseHttpProxy = false  - Libcurl will NOT use HTTP proxy
LogInit:  - bDontReuseConnections = false  - Libcurl will reuse connections
LogInit:  - CertBundlePath = nullptr  - Libcurl will use whatever was configured at build time.
LogInit: Build: ++UE4+Release-4.16-CL-3561208
LogInit: Engine Version: 4.16.3-3561208+++UE4+Release-4.16
LogInit: Compatible Engine Version: 4.16.0-3452394+++UE4+Release-4.16
LogInit: Net CL: 3452394
LogDevObjectVersion: Number of dev versions registered: 16
LogDevObjectVersion:   Dev-Blueprints (B0D832E4-1F89-4F0D-ACCF-7EB736FD4AA2): 9
LogDevObjectVersion:   Dev-Build (E1C64328-A22C-4D53-A36C-8E866417BD8C): 0
LogDevObjectVersion:   Dev-Core (375EC13C-06E4-48FB-B500-84F0262A717E): 2
LogDevObjectVersion:   Dev-Editor (E4B068ED-F494-42E9-A231-DA0B2E46BB41): 17
LogDevObjectVersion:   Dev-Framework (CFFC743F-43B0-4480-9391-14DF171D2073): 23
LogDevObjectVersion:   Dev-Mobile (B02B49B5-BB20-44E9-A304-32B752E40360): 0
LogDevObjectVersion:   Dev-Networking (A4E4105C-59A1-49B5-A7C5-40C4547EDFEE): 0
LogDevObjectVersion:   Dev-Online (39C831C9-5AE6-47DC-9A44-9C173E1C8E7C): 0
LogDevObjectVersion:   Dev-Physics (78F01B33-EBEA-4F98-B9B4-84EACCB95AA2): 0
LogDevObjectVersion:   Dev-Platform (6631380F-2D4D-43E0-8009-CF276956A95A): 0
LogDevObjectVersion:   Dev-Rendering (12F88B9F-8875-4AFC-A67C-D90C383ABD29): 15
LogDevObjectVersion:   Dev-Sequencer (7B5AE74C-D270-4C10-A958-57980B212A5A): 4
LogDevObjectVersion:   Dev-VR (D7296918-1DD6-4BDD-9DE2-64A83CC13884): 0
LogDevObjectVersion:   Dev-LoadTimes (C2A15278-BFE7-4AFE-6C17-90FF531DF755): 1
LogDevObjectVersion:   Private-Geometry (6EACA3D4-40EC-4CC1-B786-8BED09428FC5): 1
LogDevObjectVersion:   Dev-AnimPhys (29E575DD-E0A3-4627-9D10-D276232CDCEA): 3
LogInit: Compiled (64-bit): Jul 28 2017 11:49:47
LogInit: Compiled with Visual C++: 19.00.24215.01
LogInit: Build Configuration: Development
LogInit: Branch Name: ++UE4+Release-4.16
LogInit: Command line:  /Temp/Autosaves/Game/UEDPCScanReach -game -PIEVIACONSOLE -ResX=1280 -ResY=720  -Multiprocess -messaging -SessionName="Play in Standalone Game" -windowed 
LogInit: Base directory: D:/UE_4.16/Engine/Binaries/Win64/
LogInit: Installed Engine Build: 1
LogInit: Presizing for max 8388607 objects, including 0 objects not considered by GC, pre-allocating 0 bytes for permanent pool.
LogInit: Object subsystem initialized
[2017.11.13-12.15.32:021][  0]LogInit: Selected Device Profile: [Windows]
[2017.11.13-12.15.32:021][  0]LogInit: Applying CVar settings loaded from the selected device profile: [Windows]
[2017.11.13-12.15.32:025][  0]LogInit: Computer: MAGNUS-PC
[2017.11.13-12.15.32:025][  0]LogInit: User: Magnus
[2017.11.13-12.15.32:025][  0]LogInit: CPU Page size=4096, Cores=4
[2017.11.13-12.15.32:025][  0]LogInit: High frequency timer resolution =3.117192 MHz
[2017.11.13-12.15.32:026][  0]LogMemory: Memory total: Physical=16.0GB (16GB approx)
[2017.11.13-12.15.32:026][  0]LogMemory: Platform Memory Stats for Windows
[2017.11.13-12.15.32:026][  0]LogMemory: Process Physical Memory: 273.45 MB used, 273.45 MB peak
[2017.11.13-12.15.32:026][  0]LogMemory: Process Virtual Memory: 266.76 MB used, 266.76 MB peak
[2017.11.13-12.15.32:026][  0]LogMemory: Physical Memory: 8299.66 MB used,  8037.18 MB free, 16336.84 MB total
[2017.11.13-12.15.32:026][  0]LogMemory: Virtual Memory: 643.55 MB used,  8037.18 MB free, 134217728.00 MB total
[2017.11.13-12.15.32:087][  0]LogInit: Using OS detected language (nb-NO).
[2017.11.13-12.15.32:087][  0]LogInit: Using OS detected locale (nb-NO).
[2017.11.13-12.15.32:092][  0]LogTextLocalizationManager: No localization for 'nb-NO' exists, so 'en' will be used for the language.
[2017.11.13-12.15.32:092][  0]LogTextLocalizationManager: No localization for 'nb-NO' exists, so 'en' will be used for the locale.
[2017.11.13-12.15.33:069][  0]LogD3D11RHI: D3D11 adapters:
[2017.11.13-12.15.33:692][  0]LogD3D11RHI:    0. 'NVIDIA GeForce GTX 1070' (Feature Level 11_0)
[2017.11.13-12.15.33:692][  0]LogD3D11RHI:       8119/0/8168 MB DedicatedVideo/DedicatedSystem/SharedSystem, Outputs:3, VendorId:0x10de
[2017.11.13-12.15.33:693][  0]LogD3D11RHI:    1. 'Microsoft Basic Render Driver' (Feature Level 11_0)
[2017.11.13-12.15.33:693][  0]LogD3D11RHI:       0/0/8168 MB DedicatedVideo/DedicatedSystem/SharedSystem, Outputs:0, VendorId:0x1414
[2017.11.13-12.15.33:693][  0]LogD3D11RHI: Chosen D3D11 Adapter: 0
[2017.11.13-12.15.33:699][  0]LogD3D11RHI: Creating new Direct3DDevice
[2017.11.13-12.15.33:699][  0]LogD3D11RHI:     GPU DeviceId: 0x1b81 (for the marketing name, search the web for "GPU Device Id")
[2017.11.13-12.15.33:699][  0]LogWindows: EnumDisplayDevices:
[2017.11.13-12.15.33:699][  0]LogWindows:    0. 'NVIDIA GeForce GTX 1070' (P:1 D:1)
[2017.11.13-12.15.33:699][  0]LogWindows:    1. 'NVIDIA GeForce GTX 1070' (P:0 D:1)
[2017.11.13-12.15.33:699][  0]LogWindows:    2. 'NVIDIA GeForce GTX 1070' (P:0 D:1)
[2017.11.13-12.15.33:699][  0]LogWindows:    3. 'NVIDIA GeForce GTX 1070' (P:0 D:0)
[2017.11.13-12.15.33:699][  0]LogWindows: DebugString: FoundDriverCount:4 
[2017.11.13-12.15.33:699][  0]LogD3D11RHI:     Adapter Name: NVIDIA GeForce GTX 1070
[2017.11.13-12.15.33:699][  0]LogD3D11RHI:   Driver Version: 382.05 (internal:22.21.13.8205, unified:382.05)
[2017.11.13-12.15.33:699][  0]LogD3D11RHI:      Driver Date: 5-1-2017
[2017.11.13-12.15.33:699][  0]LogRHI: Texture pool is 1361 MB (70% of 1945 MB)
[2017.11.13-12.15.34:315][  0]LogD3D11RHI: Async texture creation enabled
[2017.11.13-12.15.34:429][  0]LogD3D11RHI: GPU Timing Frequency: 1000.000000 (Debug: 2 1)
[2017.11.13-12.15.34:474][  0]LogShaderCompilers: Guid format shader working directory is -17 characters bigger than the processId version (C:/Users/Magnus/Documents/GitHub/SR_Prototype_V3/SR_Prototype_V3/Intermediate/Shaders/WorkingDirectory/2244/).
[2017.11.13-12.15.34:474][  0]LogShaderCompilers: Cleaned the shader compiler working directory 'C:/Users/Magnus/AppData/Local/Temp/UnrealShaderWorkingDir/7D0A11C444DE4983A54DA18C9E0734F7/'.
[2017.11.13-12.15.34:474][  0]LogShaderCompilers:Display: Using Local Shader Compiler.
[2017.11.13-12.15.35:401][  0]LogTemp:Display: Loaded TP WindowsClientTargetPlatform
[2017.11.13-12.15.35:438][  0]LogTemp:Display: Loaded TP WindowsNoEditorTargetPlatform
[2017.11.13-12.15.35:475][  0]LogTemp:Display: Loaded TP WindowsServerTargetPlatform
[2017.11.13-12.15.35:505][  0]LogTemp:Display: Loaded TP WindowsTargetPlatform
[2017.11.13-12.15.35:505][  0]LogTargetPlatformManager:Display: Building Assets For Windows
[2017.11.13-12.15.35:841][  0]LogDerivedDataCache:Display: Max Cache Size: 512 MB
[2017.11.13-12.15.35:953][  0]LogDerivedDataCache: Loaded boot cache 0.11s 111MB C:/Users/Magnus/AppData/Local/UnrealEngine/4.16/DerivedDataCache/Boot.ddc.
[2017.11.13-12.15.35:954][  0]LogDerivedDataCache:Display: Loaded Boot cache: C:/Users/Magnus/AppData/Local/UnrealEngine/4.16/DerivedDataCache/Boot.ddc
[2017.11.13-12.15.35:954][  0]LogDerivedDataCache: FDerivedDataBackendGraph:  Pak pak cache file C:/Users/Magnus/Documents/GitHub/SR_Prototype_V3/SR_Prototype_V3/DerivedDataCache/DDC.ddp not found, will not use a pak cache.
[2017.11.13-12.15.35:954][  0]LogDerivedDataCache: Unable to find inner node Pak for hierarchical cache Hierarchy.
[2017.11.13-12.15.35:954][  0]LogDerivedDataCache: FDerivedDataBackendGraph:  CompressedPak pak cache file C:/Users/Magnus/Documents/GitHub/SR_Prototype_V3/SR_Prototype_V3/DerivedDataCache/Compressed.ddp not found, will not use a pak cache.
[2017.11.13-12.15.35:954][  0]LogDerivedDataCache: Unable to find inner node CompressedPak for hierarchical cache Hierarchy.
[2017.11.13-12.15.35:976][  0]LogDerivedDataCache:Display: Pak cache opened for reading ../../../Engine/DerivedDataCache/Compressed.ddp.
[2017.11.13-12.15.35:987][  0]LogDerivedDataCache: Using Local data cache path C:/Users/Magnus/AppData/Local/UnrealEngine/Common/DerivedDataCache: Writable
[2017.11.13-12.15.35:997][  0]LogMaterial: Verifying Global Shaders for PCD3D_SM5
[2017.11.13-12.15.35:997][  0]LogSlate: Using Freetype 2.6.0
[2017.11.13-12.15.35:998][  0]LogSlate: SlateFontCache - WITH_FREETYPE: 1, WITH_HARFBUZZ: 1
[2017.11.13-12.15.35:998][  0]LogSlate: SlateFontCache - WITH_FREETYPE: 1, WITH_HARFBUZZ: 1
[2017.11.13-12.15.36:223][  0]LogAssetRegistry: FAssetRegistry took 0.0041 seconds to start up
[2017.11.13-12.15.36:231][  0]LogPackageLocalizationCache: Processed 5 localized package path(s) for 1 prioritized culture(s) in 0.007885 seconds
[2017.11.13-12.15.36:310][  0]LogInit: Selected Device Profile: [Windows]
[2017.11.13-12.15.36:507][  0]LogMeshUtilities: Using QuadricMeshReduction for automatic static mesh reduction
[2017.11.13-12.15.36:539][  0]LogSimplygon: Simplygon DLL not present - disabling.
[2017.11.13-12.15.36:570][  0]LogMeshUtilities: Using SimplygonSwarm for distributed automatic mesh merging
[2017.11.13-12.15.36:570][  0]LogMeshUtilities: No automatic skeletal mesh reduction module available
[2017.11.13-12.15.36:570][  0]LogMeshUtilities: No automatic mesh merging module available
[2017.11.13-12.15.37:034][  0]LogNetVersion: SR_Prototype_V3 , NetCL: 3452394, EngineNetVer: 2, GameNetVer: 0 (Checksum: 2708348065)
[2017.11.13-12.15.37:088][  0]LogInit: WinSock: version 1.1 (2.2), MaxSocks=32767, MaxUdp=65467
[2017.11.13-12.15.37:846][  0]LogMoviePlayer: Initializing movie player
[2017.11.13-12.15.38:113][  0]LogCollectionManager: Loaded 0 collections in 0.000800 seconds
[2017.11.13-12.15.38:159][  0]LogFileCache: Scanning file cache for directory 'C:/Users/Magnus/Documents/GitHub/SR_Prototype_V3/SR_Prototype_V3/Saved/Collections/' took 0.01s
[2017.11.13-12.15.38:159][  0]LogFileCache: Scanning file cache for directory 'C:/Users/Magnus/Documents/GitHub/SR_Prototype_V3/SR_Prototype_V3/Content/Developers/Magnus/Collections/' took 0.01s
[2017.11.13-12.15.38:159][  0]LogFileCache: Scanning file cache for directory 'C:/Users/Magnus/Documents/GitHub/SR_Prototype_V3/SR_Prototype_V3/Content/Collections/' took 0.01s
[2017.11.13-12.15.38:159][  0]LogCollectionManager: Rebuilt the object cache for 0 collections in 0.000001 seconds (found 0 objects)
[2017.11.13-12.15.38:159][  0]LogCollectionManager: Fixed up redirectors for 0 collections in 0.000029 seconds (updated 0 objects)
[2017.11.13-12.15.38:270][  0]LogTcpMessaging: Initializing TcpMessaging bridge
[2017.11.13-12.15.38:300][  0]LogUdpMessaging: Initializing bridge on interface 0.0.0.0:0 to multicast group 230.0.0.1:6666.
[2017.11.13-12.15.38:600][  0]SourceControl: Info Source control is disabled
[2017.11.13-12.15.38:600][  0]SourceControl: Info Source control is disabled
[2017.11.13-12.15.38:629][  0]SourceControl: Info Source control is disabled
[2017.11.13-12.15.38:804][  0]LogAndroidPermission: UAndroidPermissionCallbackProxy::GetInstance
[2017.11.13-12.15.39:129][  0]LogUObjectArray: 37275 objects as part of root set at end of initial load.
[2017.11.13-12.15.39:129][  0]LogUObjectAllocator: 8410064 out of 0 bytes used by permanent object pool.
[2017.11.13-12.15.39:129][  0]LogUObjectArray: CloseDisregardForGC: 0/0 objects in disregard for GC pool
[2017.11.13-12.15.39:214][  0]LogEngine: Initializing Engine...
[2017.11.13-12.15.39:215][  0]LogHMD: Failed to initialize OpenVR with code 110
[2017.11.13-12.15.39:397][  0]LogStats: UGameplayTagsManager::ConstructGameplayTagTree: Construct from data asset -  0.000 s
[2017.11.13-12.15.39:398][  0]LogStats: UGameplayTagsManager::ConstructGameplayTagTree: GameplayTagTreeChangedEvent.Broadcast -  0.000 s
[2017.11.13-12.15.39:409][  0]LogInit: XAudio2 using 'Øretelefon (HyperX 7.1 Audio)' : 2 channels at 44.1 kHz using 16 bits per sample (channel mask 0x3)
[2017.11.13-12.15.39:421][  0]LogInit: FAudioDevice initialized.
[2017.11.13-12.15.39:443][  0]LogInit: Texture streaming: Disabled
[2017.11.13-12.15.39:459][  0]LogMaterial: Uniform references updated for custom material expression Custom.
[2017.11.13-12.15.39:644][  0]LogSlateStyle:Warning: Unable to find Slate Widget Style 'NormalText'. Using FTextBlockStyle defaults instead.
[2017.11.13-12.15.39:644][  0]LogSlateStyle:Warning: Unable to find Slate Widget Style 'SpinBox'. Using FSpinBoxStyle defaults instead.
[2017.11.13-12.15.39:786][  0]LogInit:Display: Game Engine Initialized.
[2017.11.13-12.15.39:885][  0]LogInit:Display: Starting Game.
[2017.11.13-12.15.39:885][  0]LogNet: Browse: /Temp/Autosaves/Game/UEDPCScanReach?Name=Player
[2017.11.13-12.15.39:885][  0]LogLoad: LoadMap: /Temp/Autosaves/Game/UEDPCScanReach?Name=Player
[2017.11.13-12.15.39:903][  0]LogMemory: Platform Memory Stats for Windows
[2017.11.13-12.15.39:903][  0]LogMemory: Process Physical Memory: 838.30 MB used, 941.56 MB peak
[2017.11.13-12.15.39:903][  0]LogMemory: Process Virtual Memory: 967.12 MB used, 1023.65 MB peak
[2017.11.13-12.15.39:903][  0]LogMemory: Physical Memory: 8725.66 MB used,  7611.19 MB free, 16336.84 MB total
[2017.11.13-12.15.39:903][  0]LogMemory: Virtual Memory: 1630.90 MB used,  7611.19 MB free, 134217728.00 MB total
[2017.11.13-12.15.39:903][  0]LogMemory: 
[2017.11.13-12.15.39:903][  0]Allocator Stats for TBB: (not implemented)
[2017.11.13-12.15.40:645][  0]LogAIModule: Creating AISystem for world ScanReach
[2017.11.13-12.15.40:645][  0]LogLoad: Game class is 'ScanReach_GM_C'
[2017.11.13-12.15.40:665][  0]LogWorld: Bringing World /Temp/Autosaves/Game/UEDPCScanReach.ScanReach up for play (max tick rate 0) at 2017.11.13-13.15.40
[2017.11.13-12.15.40:666][  0]LogWorld: Bringing up level for play took: 0.019236
[2017.11.13-12.15.40:670][  0]LogLoad: Took 0.784856 seconds to LoadMap(/Temp/Autosaves/Game/UEDPCScanReach)
[2017.11.13-12.15.40:909][  0]LogRenderer: Reallocating scene render targets to support 1280x720 NumSamples 1 (Frame:1).
[2017.11.13-12.15.40:909][  0]LogLoad: (Engine Initialization) Total time: 10.43 seconds
[2017.11.13-12.15.40:909][  0]LogLoad: (Engine Initialization) Total Blueprint compile time: 0.33 seconds
[2017.11.13-12.15.40:909][  0]LogExternalProfiler: Found external profiler: VSPerf
[2017.11.13-12.15.40:909][  0]LogExternalProfiler: Using external profiler: VSPerf
[2017.11.13-12.15.40:926][  0]LogWindowsTextInputMethodSystem:Display: IME system now deactivated.
[2017.11.13-12.15.40:926][  0]LogOcInput: OculusInput pre-init called
[2017.11.13-12.15.40:926][  0]LogHMD: Starting GearVRController plugin
[2017.11.13-12.15.41:221][ 19]LogRenderer: Reallocating scene render targets to support 1280x340 NumSamples 1 (Frame:20).
[2017.11.13-12.15.41:245][ 20]LogRenderer: Reallocating scene render targets to support 1280x720 NumSamples 1 (Frame:20).
[2017.11.13-12.16.08:775][714]LogRenderer: Reallocating scene render targets to support 1920x1020 NumSamples 1 (Frame:1717).
[2017.11.13-12.16.08:778][716]LogRenderer: Reallocating scene render targets to support 1280x340 NumSamples 1 (Frame:1718).
[2017.11.13-12.16.08:795][717]LogRenderer: Reallocating scene render targets to support 1920x1020 NumSamples 1 (Frame:1718).
[2017.11.13-12.16.13:566][  4]LogWindowsTextInputMethodSystem:Display: IME system now deactivated.
[2017.11.13-12.16.13:575][  4]LogEngine: All Windows Closed
[2017.11.13-12.16.13:575][  4]LogWindows: FPlatformMisc::RequestExit(0)
[2017.11.13-12.16.14:232][  5]LogExit: Preparing to exit.
[2017.11.13-12.16.14:232][  5]LogMoviePlayer: Shutting down movie player
[2017.11.13-12.16.14:442][  5]LogExit: Game engine shut down
[2017.11.13-12.16.14:496][  5]LogObj: Freed 0b from 0 cluster array pools.
[2017.11.13-12.16.14:496][  5]LogExit: Object subsystem successfully closed.
[2017.11.13-12.16.14:512][  5]LogD3D11RHI: Shutdown
[2017.11.13-12.16.14:512][  5]LogD3D11RHI: CleanupD3DDevice
[2017.11.13-12.16.14:566][  5]LogD3D11RHI: ~FD3D11DynamicRHI
[2017.11.13-12.16.14:570][  5]LogModuleManager: Shutting down and abandoning module SequenceRecorderSections (300)
[2017.11.13-12.16.14:570][  5]LogModuleManager: Shutting down and abandoning module SequenceRecorder (298)
[2017.11.13-12.16.14:571][  5]LogModuleManager: Shutting down and abandoning module AutomationController (296)
[2017.11.13-12.16.14:571][  5]LogModuleManager: Shutting down and abandoning module AutomationWorker (294)
[2017.11.13-12.16.14:571][  5]LogModuleManager: Shutting down and abandoning module AIModule (292)
[2017.11.13-12.16.14:571][  5]LogModuleManager: Shutting down and abandoning module GameplayDebugger (291)
[2017.11.13-12.16.14:571][  5]LogModuleManager: Shutting down and abandoning module AITestSuite (289)
[2017.11.13-12.16.14:571][  5]LogModuleManager: Shutting down and abandoning module WmfMediaFactory (286)
[2017.11.13-12.16.14:571][  5]LogModuleManager: Shutting down and abandoning module AvfMediaFactory (284)
[2017.11.13-12.16.14:571][  5]LogModuleManager: Shutting down and abandoning module AndroidMediaFactory (282)
[2017.11.13-12.16.14:571][  5]LogModuleManager: Shutting down and abandoning module Media (281)
[2017.11.13-12.16.14:571][  5]LogModuleManager: Shutting down and abandoning module CharacterAI (278)
[2017.11.13-12.16.14:571][  5]LogModuleManager: Shutting down and abandoning module SessionServices (276)
[2017.11.13-12.16.14:571][  5]LogModuleManager: Shutting down and abandoning module MovieSceneCapture (274)
[2017.11.13-12.16.14:571][  5]LogModuleManager: Shutting down and abandoning module MovieSceneTracks (272)
[2017.11.13-12.16.14:571][  5]LogModuleManager: Shutting down and abandoning module MovieScene (270)
[2017.11.13-12.16.14:571][  5]LogModuleManager: Shutting down and abandoning module GeometryCache (268)
[2017.11.13-12.16.14:571][  5]LogModuleManager: Shutting down and abandoning module GeometryCacheEd (267)
[2017.11.13-12.16.14:571][  5]LogModuleManager: Shutting down and abandoning module Niagara (264)
[2017.11.13-12.16.14:571][  5]LogModuleManager: Shutting down and abandoning module NiagaraEditor (263)
[2017.11.13-12.16.14:571][  5]LogModuleManager: Shutting down and abandoning module StreamingPauseRendering (260)
[2017.11.13-12.16.14:571][  5]LogModuleManager: Shutting down and abandoning module PortalServices (258)
[2017.11.13-12.16.14:571][  5]LogModuleManager: Shutting down and abandoning module PortalRpc (256)
[2017.11.13-12.16.14:571][  5]LogModuleManager: Shutting down and abandoning module MessagingRpc (254)
[2017.11.13-12.16.14:571][  5]LogModuleManager: Shutting down and abandoning module ProfilerService (252)
